Certificate request self-signature ok
subject=CN=localhost
Certificate request self-signature ok
subject=CN=user
Running /opt/oqssa/bin/perftestHandshakeMutualECDSA.sh with SIG_ALG=secp384r1 and KEM_ALG=P-384
verify depth is 1
Using default temp DH parameters
ACCEPT
CONNECTED(00000003)
Connecting to ::1
SSL_connect:before SSL initialization
SSL_connect:SSLv3/TLS write client hello
SSL_connect:SSLv3/TLS write client hello
SSL_connect:SSLv3/TLS read server hello
SSL_connect:TLSv1.3 read encrypted extensions
SSL_connect:SSLv3/TLS read server certificate request
depth=1 CN=oqstest CA
verify return:1
depth=0 CN=localhost
verify return:1
SSL_connect:SSLv3/TLS read server certificate
SSL_connect:TLSv1.3 read server certificate verify
SSL_connect:SSLv3/TLS read finished
SSL_connect:SSLv3/TLS write change cipher spec
SSL_connect:SSLv3/TLS write client certificate
SSL_connect:SSLv3/TLS write certificate verify
SSL_connect:SSLv3/TLS write finished
---
Certificate chain
 0 s:CN=localhost
   i:CN=oqstest CA
   a:PKEY: id-ecPublicKey, 384 (bit); sigalg: ecdsa-with-SHA256
   v:NotBefore: Jan 24 09:16:11 2025 GMT; NotAfter: Jan 24 09:16:11 2026 GMT
-----BEGIN CERTIFICATE-----
MIIBqjCCATCgAwIBAgIUXGySTkhICGmCb56c9iB3EKIqDF4wCgYIKoZIzj0EAwIw
FTETMBEGA1UEAwwKb3FzdGVzdCBDQTAeFw0yNTAxMjQwOTE2MTFaFw0yNjAxMjQw
OTE2MTFaMBQxEjAQBgNVBAMMCWxvY2FsaG9zdDB2MBAGByqGSM49AgEGBSuBBAAi
A2IABKQmVGm1/sLc3evLTSrviUMdJotPQz8V0WwJe/MkAsWfJEtcy4V9Y0XwEOm9
aFH27yx51cYNf+4SaT+8/9VmWUsYoGVXYeCzoPy1Cjd/BmrwOQgcptyT3H5vaqjO
zWlb/aNCMEAwHQYDVR0OBBYEFBnRXmk1cEQVLS8KjbVxPtiHrabbMB8GA1UdIwQY
MBaAFEk2s9D8ENuinEQc4AQakHhI+iqfMAoGCCqGSM49BAMCA2gAMGUCMB4bYNWz
jtBWVpvMtIwnVHpZ335x3gyZQdm3y8NEpcU0F5Tq9sBXTFkh24pLDGGregIxAKnT
9RQbuajGcKQWgn+4Tlc4t9UpqR2xqMRU3PhsVXxIPfDVcUdkmvbYz1E5IH0X0A==
-----END CERTIFICATE-----
---
Server certificate
subject=CN=localhost
issuer=CN=oqstest CA
---
No client certificate CA names sent
Requested Signature Algorithms: ECDSA+SHA256:ECDSA+SHA384:ECDSA+SHA512:Ed25519:Ed448:ECDSA+SHA256:ECDSA+SHA384:ECDSA+SHA512:RSA-PSS+SHA256:RSA-PSS+SHA384:RSA-PSS+SHA512:RSA-PSS+SHA256:RSA-PSS+SHA384:RSA-PSS+SHA512:RSA+SHA256:RSA+SHA384:RSA+SHA512:ECDSA+SHA224:RSA+SHA224:dilithium2:p256_dilithium2:rsa3072_dilithium2:dilithium3:p384_dilithium3:dilithium5:p521_dilithium5:mldsa44:p256_mldsa44:rsa3072_mldsa44:mldsa44_pss2048:mldsa44_rsa2048:mldsa44_ed25519:mldsa44_p256:mldsa44_bp256:mldsa65:p384_mldsa65:mldsa65_pss3072:mldsa65_rsa3072:mldsa65_p256:mldsa65_bp256:mldsa65_ed25519:mldsa87:p521_mldsa87:mldsa87_p384:mldsa87_bp384:mldsa87_ed448:falcon512:p256_falcon512:rsa3072_falcon512:falconpadded512:p256_falconpadded512:rsa3072_falconpadded512:falcon1024:p521_falcon1024:falconpadded1024:p521_falconpadded1024:sphincssha2128fsimple:p256_sphincssha2128fsimple:rsa3072_sphincssha2128fsimple:sphincssha2128ssimple:p256_sphincssha2128ssimple:rsa3072_sphincssha2128ssimple:sphincssha2192fsimple:p384_sphincssha2192fsimple:sphincssha2192ssimple:p384_sphincssha2192ssimple:sphincssha2256fsimple:p521_sphincssha2256fsimple:sphincssha2256ssimple:p521_sphincssha2256ssimple:sphincsshake128fsimple:p256_sphincsshake128fsimple:rsa3072_sphincsshake128fsimple:sphincsshake128ssimple:p256_sphincsshake128ssimple:rsa3072_sphincsshake128ssimple:sphincsshake192fsimple:p384_sphincsshake192fsimple:sphincsshake192ssimple:p384_sphincsshake192ssimple:sphincsshake256fsimple:p521_sphincsshake256fsimple:sphincsshake256ssimple:p521_sphincsshake256ssimple:mayo1:p256_mayo1:mayo2:p256_mayo2:mayo3:p384_mayo3:mayo5:p521_mayo5:CROSSrsdp128balanced:CROSSrsdp128fast:CROSSrsdp128small:CROSSrsdp192balanced:CROSSrsdp192fast:CROSSrsdp192small:CROSSrsdp256small:CROSSrsdpg128balanced:CROSSrsdpg128fast:CROSSrsdpg128small:CROSSrsdpg192balanced:CROSSrsdpg192fast:CROSSrsdpg192small:CROSSrsdpg256balanced:CROSSrsdpg256fast:CROSSrsdpg256small
Shared Requested Signature Algorithms: ECDSA+SHA256:ECDSA+SHA384:ECDSA+SHA512:Ed25519:Ed448:ECDSA+SHA256:ECDSA+SHA384:ECDSA+SHA512:RSA-PSS+SHA256:RSA-PSS+SHA384:RSA-PSS+SHA512:RSA-PSS+SHA256:RSA-PSS+SHA384:RSA-PSS+SHA512:RSA+SHA256:RSA+SHA384:RSA+SHA512:dilithium2:p256_dilithium2:rsa3072_dilithium2:dilithium3:p384_dilithium3:dilithium5:p521_dilithium5:mldsa44:p256_mldsa44:rsa3072_mldsa44:mldsa44_pss2048:mldsa44_rsa2048:mldsa44_ed25519:mldsa44_p256:mldsa44_bp256:mldsa65:p384_mldsa65:mldsa65_pss3072:mldsa65_rsa3072:mldsa65_p256:mldsa65_bp256:mldsa65_ed25519:mldsa87:p521_mldsa87:mldsa87_p384:mldsa87_bp384:mldsa87_ed448:falcon512:p256_falcon512:rsa3072_falcon512:falconpadded512:p256_falconpadded512:rsa3072_falconpadded512:falcon1024:p521_falcon1024:falconpadded1024:p521_falconpadded1024:sphincssha2128fsimple:p256_sphincssha2128fsimple:rsa3072_sphincssha2128fsimple:sphincssha2128ssimple:p256_sphincssha2128ssimple:rsa3072_sphincssha2128ssimple:sphincssha2192fsimple:p384_sphincssha2192fsimple:sphincssha2192ssimple:p384_sphincssha2192ssimple:sphincssha2256fsimple:p521_sphincssha2256fsimple:sphincssha2256ssimple:p521_sphincssha2256ssimple:sphincsshake128fsimple:p256_sphincsshake128fsimple:rsa3072_sphincsshake128fsimple:sphincsshake128ssimple:p256_sphincsshake128ssimple:rsa3072_sphincsshake128ssimple:sphincsshake192fsimple:p384_sphincsshake192fsimple:sphincsshake192ssimple:p384_sphincsshake192ssimple:sphincsshake256fsimple:p521_sphincsshake256fsimple:sphincsshake256ssimple:p521_sphincsshake256ssimple:mayo1:p256_mayo1:mayo2:p256_mayo2:mayo3:p384_mayo3:mayo5:p521_mayo5:CROSSrsdp128balanced:CROSSrsdp128fast:CROSSrsdp128small:CROSSrsdp192balanced:CROSSrsdp192fast:CROSSrsdp192small:CROSSrsdp256small:CROSSrsdpg128balanced:CROSSrsdpg128fast:CROSSrsdpg128small:CROSSrsdpg192balanced:CROSSrsdpg192fast:CROSSrsdpg192small:CROSSrsdpg256balanced:CROSSrsdpg256fast:CROSSrsdpg256small
Peer signing digest: SHA384
Peer signature type: ECDSA
Server Temp Key: ECDH, secp384r1, 384 bits
---
SSL handshake has read 1149 bytes and written 1668 bytes
Verification: OK
---
New, TLSv1.3, Cipher is TLS_AES_256_GCM_SHA384
Server public key is 384 bit
This TLS version forbids renegotiation.
Compression: NONE
Expansion: NONE
No ALPN negotiated
Early data was not sent
Verify return code: 0 (ok)
---
DONE
SSL3 alert write:warning:close notify
depth=1 CN=oqstest CA
verify return:1
depth=0 CN=user
verify return:1
Certificate request self-signature ok
subject=CN=localhost
Certificate request self-signature ok
subject=CN=user
Running /opt/oqssa/bin/perftestHandshakeMutualECDSA.sh with SIG_ALG=secp384r1 and KEM_ALG=x448
verify depth is 1
Using default temp DH parameters
ACCEPT
CONNECTED(00000003)
Connecting to ::1
SSL_connect:before SSL initialization
SSL_connect:SSLv3/TLS write client hello
SSL_connect:SSLv3/TLS write client hello
SSL_connect:SSLv3/TLS read server hello
SSL_connect:TLSv1.3 read encrypted extensions
SSL_connect:SSLv3/TLS read server certificate request
depth=1 CN=oqstest CA
verify return:1
depth=0 CN=localhost
verify return:1
SSL_connect:SSLv3/TLS read server certificate
SSL_connect:TLSv1.3 read server certificate verify
SSL_connect:SSLv3/TLS read finished
SSL_connect:SSLv3/TLS write change cipher spec
SSL_connect:SSLv3/TLS write client certificate
SSL_connect:SSLv3/TLS write certificate verify
SSL_connect:SSLv3/TLS write finished
---
Certificate chain
 0 s:CN=localhost
   i:CN=oqstest CA
   a:PKEY: id-ecPublicKey, 384 (bit); sigalg: ecdsa-with-SHA256
   v:NotBefore: Jan 24 09:16:13 2025 GMT; NotAfter: Jan 24 09:16:13 2026 GMT
-----BEGIN CERTIFICATE-----
MIIBqjCCATCgAwIBAgIUEOX7r+ccMuNVcfWdM5Gi6EGaCocwCgYIKoZIzj0EAwIw
FTETMBEGA1UEAwwKb3FzdGVzdCBDQTAeFw0yNTAxMjQwOTE2MTNaFw0yNjAxMjQw
OTE2MTNaMBQxEjAQBgNVBAMMCWxvY2FsaG9zdDB2MBAGByqGSM49AgEGBSuBBAAi
A2IABL8o4qGE2oqEgp5QMZCLztfh/50hYgW9VPzjH6JhtxeWBkD2N8zeWShxkJtj
XgpB5EATg9QWXqSYeJZkcHVxMFnNLZ6uJi37tDFP0BMzCi/bKdgcRI7SZM5vWgFW
A9jxhqNCMEAwHQYDVR0OBBYEFNptQMNdCRLbFyqeD0DmZlLi8DkNMB8GA1UdIwQY
MBaAFBFW3blVlxgTYR8Umg0hRnizg0OEMAoGCCqGSM49BAMCA2gAMGUCMDFB3Jpz
vIXfBGaCQi36JI+UfSpaNH9Hw7iPPOZ/tv+LtXRl8B5zG9DFXrGJ9DmNKAIxAIOc
+AEozXQPDBVDBcOIdyY+n/dUdYqjZGN+GGbeQWK8HRZw+EEh+6VQB4Qf5OLKnw==
-----END CERTIFICATE-----
---
Server certificate
subject=CN=localhost
issuer=CN=oqstest CA
---
No client certificate CA names sent
Requested Signature Algorithms: ECDSA+SHA256:ECDSA+SHA384:ECDSA+SHA512:Ed25519:Ed448:ECDSA+SHA256:ECDSA+SHA384:ECDSA+SHA512:RSA-PSS+SHA256:RSA-PSS+SHA384:RSA-PSS+SHA512:RSA-PSS+SHA256:RSA-PSS+SHA384:RSA-PSS+SHA512:RSA+SHA256:RSA+SHA384:RSA+SHA512:ECDSA+SHA224:RSA+SHA224:dilithium2:p256_dilithium2:rsa3072_dilithium2:dilithium3:p384_dilithium3:dilithium5:p521_dilithium5:mldsa44:p256_mldsa44:rsa3072_mldsa44:mldsa44_pss2048:mldsa44_rsa2048:mldsa44_ed25519:mldsa44_p256:mldsa44_bp256:mldsa65:p384_mldsa65:mldsa65_pss3072:mldsa65_rsa3072:mldsa65_p256:mldsa65_bp256:mldsa65_ed25519:mldsa87:p521_mldsa87:mldsa87_p384:mldsa87_bp384:mldsa87_ed448:falcon512:p256_falcon512:rsa3072_falcon512:falconpadded512:p256_falconpadded512:rsa3072_falconpadded512:falcon1024:p521_falcon1024:falconpadded1024:p521_falconpadded1024:sphincssha2128fsimple:p256_sphincssha2128fsimple:rsa3072_sphincssha2128fsimple:sphincssha2128ssimple:p256_sphincssha2128ssimple:rsa3072_sphincssha2128ssimple:sphincssha2192fsimple:p384_sphincssha2192fsimple:sphincssha2192ssimple:p384_sphincssha2192ssimple:sphincssha2256fsimple:p521_sphincssha2256fsimple:sphincssha2256ssimple:p521_sphincssha2256ssimple:sphincsshake128fsimple:p256_sphincsshake128fsimple:rsa3072_sphincsshake128fsimple:sphincsshake128ssimple:p256_sphincsshake128ssimple:rsa3072_sphincsshake128ssimple:sphincsshake192fsimple:p384_sphincsshake192fsimple:sphincsshake192ssimple:p384_sphincsshake192ssimple:sphincsshake256fsimple:p521_sphincsshake256fsimple:sphincsshake256ssimple:p521_sphincsshake256ssimple:mayo1:p256_mayo1:mayo2:p256_mayo2:mayo3:p384_mayo3:mayo5:p521_mayo5:CROSSrsdp128balanced:CROSSrsdp128fast:CROSSrsdp128small:CROSSrsdp192balanced:CROSSrsdp192fast:CROSSrsdp192small:CROSSrsdp256small:CROSSrsdpg128balanced:CROSSrsdpg128fast:CROSSrsdpg128small:CROSSrsdpg192balanced:CROSSrsdpg192fast:CROSSrsdpg192small:CROSSrsdpg256balanced:CROSSrsdpg256fast:CROSSrsdpg256small
Shared Requested Signature Algorithms: ECDSA+SHA256:ECDSA+SHA384:ECDSA+SHA512:Ed25519:Ed448:ECDSA+SHA256:ECDSA+SHA384:ECDSA+SHA512:RSA-PSS+SHA256:RSA-PSS+SHA384:RSA-PSS+SHA512:RSA-PSS+SHA256:RSA-PSS+SHA384:RSA-PSS+SHA512:RSA+SHA256:DONE
SSL3 alert write:warning:close notify
depth=1 CN=oqstest CA
verify return:1
depth=0 CN=user
verify return:1
RSA+SHA384:RSA+SHA512:dilithium2:p256_dilithium2:rsa3072_dilithium2:dilithium3:p384_dilithium3:dilithium5:p521_dilithium5:mldsa44:p256_mldsa44:rsa3072_mldsa44:mldsa44_pss2048:mldsa44_rsa2048:mldsa44_ed25519:mldsa44_p256:mldsa44_bp256:mldsa65:p384_mldsa65:mldsa65_pss3072:mldsa65_rsa3072:mldsa65_p256:mldsa65_bp256:mldsa65_ed25519:mldsa87:p521_mldsa87:mldsa87_p384:mldsa87_bp384:mldsa87_ed448:falcon512:p256_falcon512:rsa3072_falcon512:falconpadded512:p256_falconpadded512:rsa3072_falconpadded512:falcon1024:p521_falcon1024:falconpadded1024:p521_falconpadded1024:sphincssha2128fsimple:p256_sphincssha2128fsimple:rsa3072_sphincssha2128fsimple:sphincssha2128ssimple:p256_sphincssha2128ssimple:rsa3072_sphincssha2128ssimple:sphincssha2192fsimple:p384_sphincssha2192fsimple:sphincssha2192ssimple:p384_sphincssha2192ssimple:sphincssha2256fsimple:p521_sphincssha2256fsimple:sphincssha2256ssimple:p521_sphincssha2256ssimple:sphincsshake128fsimple:p256_sphincsshake128fsimple:rsa3072_sphincsshake128fsimple:sphincsshake128ssimple:p256_sphincsshake128ssimple:rsa3072_sphincsshake128ssimple:sphincsshake192fsimple:p384_sphincsshake192fsimple:sphincsshake192ssimple:p384_sphincsshake192ssimple:sphincsshake256fsimple:p521_sphincsshake256fsimple:sphincsshake256ssimple:p521_sphincsshake256ssimple:mayo1:p256_mayo1:mayo2:p256_mayo2:mayo3:p384_mayo3:mayo5:p521_mayo5:CROSSrsdp128balanced:CROSSrsdp128fast:CROSSrsdp128small:CROSSrsdp192balanced:CROSSrsdp192fast:CROSSrsdp192small:CROSSrsdp256small:CROSSrsdpg128balanced:CROSSrsdpg128fast:CROSSrsdpg128small:CROSSrsdpg192balanced:CROSSrsdpg192fast:CROSSrsdpg192small:CROSSrsdpg256balanced:CROSSrsdpg256fast:CROSSrsdpg256small
Peer signing digest: SHA384
Peer signature type: ECDSA
Server Temp Key: X448, 448 bits
---
SSL handshake has read 1109 bytes and written 1625 bytes
Verification: OK
---
New, TLSv1.3, Cipher is TLS_AES_256_GCM_SHA384
Server public key is 384 bit
This TLS version forbids renegotiation.
Compression: NONE
Expansion: NONE
No ALPN negotiated
Early data was not sent
Verify return code: 0 (ok)
---
Certificate request self-signature ok
subject=CN=localhost
Certificate request self-signature ok
subject=CN=user
Running /opt/oqssa/bin/perftestHandshakeMutualECDSA.sh with SIG_ALG=secp384r1 and KEM_ALG=p384_mlkem768
verify depth is 1
Using default temp DH parameters
ACCEPT
CONNECTED(00000003)
Connecting to ::1
SSL_connect:before SSL initialization
SSL_connect:SSLv3/TLS write client hello
SSL_connect:SSLv3/TLS write client hello
SSL_connect:SSLv3/TLS read server hello
SSL_connect:TLSv1.3 read encrypted extensions
SSL_connect:SSLv3/TLS read server certificate request
depth=1 CN=oqstest CA
verify return:1
depth=0 CN=localhost
verify return:1
SSL_connect:SSLv3/TLS read server certificate
SSL_connect:TLSv1.3 read server certificate verify
SSL_connect:SSLv3/TLS read finished
SSL_connect:SSLv3/TLS write change cipher spec
SSL_connect:SSLv3/TLS write client certificate
SSL_connect:SSLv3/TLS write certificate verify
SSL_connect:SSLv3/TLS write finished
---
Certificate chain
 0 s:CN=localhost
   i:CN=oqstest CA
   a:PKEY: id-ecPublicKey, 384 (bit); sigalg: ecdsa-with-SHA256
   v:NotBefore: Jan 24 09:16:15 2025 GMT; NotAfter: Jan 24 09:16:15 2026 GMT
-----BEGIN CERTIFICATE-----
MIIBqjCCATCgAwIBAgIUJ7qaVjt+j14NqPluBYB2sB9FC/cwCgYIKoZIzj0EAwIw
FTETMBEGA1UEAwwKb3FzdGVzdCBDQTAeFw0yNTAxMjQwOTE2MTVaFw0yNjAxMjQw
OTE2MTVaMBQxEjAQBgNVBAMMCWxvY2FsaG9zdDB2MBAGByqGSM49AgEGBSuBBAAi
A2IABLZq+yVD3lXiGJqJJX0ZOj+9j4R/t+XBklJi9Zm7y2wi54mwNhgHH/paufk3
RFmCrfLS5FoVvt3yNG7XUyxuFb1dBqvhYhlOc9i6ADC6K11tPMSwUJ8ed2UzNaXL
B6IZ1KNCMEAwHQYDVR0OBBYEFLmGOi1cqM5X4ME4qkKaAquV+gQdMB8GA1UdIwQY
MBaAFDRtqpNsDpPWRpHy/ti2COfxne7oMAoGCCqGSM49BAMCA2gAMGUCMQCzzCcR
me8sdAM7QlZfEkbPfwsWX7Bt7BFzFYavDdWLE1RDgLV6N8VvfvYKavyigfQCMH8+
4mjXq11aVR1YasJGsculpe2R/kePDwlKLEsNBtP5uNiO92rzqKlXhQCXZQCLyg==
-----END CERTIFICATE-----
---
Server certificate
subject=CN=localhost
issuer=CN=oqstest CA
---
No client certificate CA names sent
Requested Signature Algorithms: ECDSA+SHA256:ECDSA+SHA384:ECDSA+SHA512:Ed25519:Ed448:ECDSA+SHA256:ECDSA+SHA384:ECDSA+SHA512:RSA-PSS+SHA256:RSA-PSS+SHA384:RSA-PSS+SHA512:RSA-PSS+SHA256:RSA-PSS+SHA384:RSA-PSS+SHA512:RSA+SHA256:RSA+SHA384:RSA+SHA512:ECDSA+SHA224:RSA+SHA224:dilithium2:p256_dilithium2:rsa3072_dilithium2:dilithium3:p384_dilithium3:dilithium5:p521_dilithium5:mldsa44:p256_mldsa44:rsa3072_mldsa44:mldsa44_pss2048:mldsa44_rsa2048:mldsa44_ed25519:mldsa44_p256:mldsa44_bp256:mldsa65:p384_mldsa65:mldsa65_pss3072:mldsa65_rsa3072:mldsa65_p256:mldsa65_bp256:mldsa65_ed25519:mldsa87:p521_mldsa87:mldsa87_p384:mldsa87_bp384:mldsa87_ed448:falcon512:p256_falcon512:rsa3072_falcon512:falconpadded512:p256_falconpadded512:rsa3072_falconpadded512:falcon1024:p521_falcon1024:falconpadded1024:p521_falconpadded1024:sphincssha2128fsimple:p256_sphincssha2128fsimple:rsa3072_sphincssha2128fsimple:sphincssha2128ssimple:p256_sphincssha2128ssimple:rsa3072_sphincssha2128ssimple:sphincssha2192fsimple:p384_sphincssha2192fsimple:sphincssha2192ssimple:p384_sphincssha2192ssimple:sphincssha2256fsimple:p521_sphincssha2256fsimple:sphincssha2256ssimple:p521_sphincssha2256ssimple:sphincsshake128fsimple:p256_sphincsshake128fsimple:rsa3072_sphincsshake128fsimple:sphincsshake128ssimple:p256_sphincsshake128ssimple:rsa3072_sphincsshake128ssimple:sphincsshake192fsimple:p384_sphincsshake192fsimple:sphincsshake192ssimple:p384_sphincsshake192ssimple:sphincsshake256fsimple:p521_sphincsshake256fsimple:sphincsshake256ssimple:p521_sphincsshake256ssimple:mayo1:p256_mayo1:mayo2:p256_mayo2:mayo3:p384_mayo3:mayo5:p521_mayo5:CROSSrsdp128balanced:CROSSrsdp128fast:CROSSrsdp128small:CROSSrsdp192balanced:CROSSrsdp192fast:CROSSrsdp192small:CROSSrsdp256small:CROSSrsdpg128balanced:CROSSrsdpg128fast:CROSSrsdpg128small:CROSSrsdpg192balanced:CROSSrsdpg192fast:CROSSrsdpg192small:CROSSrsdpg256balanced:CROSSrsdpg256fast:CROSSrsdpg256small
Shared Requested Signature Algorithms: ECDSA+SHA256:ECDSA+SHA384:ECDSA+SHA512:Ed25519:Ed448:ECDSA+SHA256:ECDSA+SHA384:ECDSA+SHA512:RSA-PSS+SHA256:RSA-PSS+SHA384:RSA-PSS+SHA512:RSA-PSS+SHA256:RSA-PSS+SHA384:RSA-PSS+SHA512:RSA+SHA256:RSA+SHA384:RSA+SHA512:dilithium2:p256_dilithium2:rsa3072_dilithium2:dilithium3:p384_dilithium3:dilithium5:p521_dilithium5:mldsa44:p256_mldsa44:rsa3072_mldsa44:mldsa44_pss2048:mldsa44_rsa2048:mldsa44_ed25519:mldsa44_p256:mldsa44_bp256:mldsa65:p384_mldsa65:mldsa65_pss3072:mldsa65_rsa3072:mldsa65_p256:mldsa65_bp256:mldsa65_ed25519:mldsa87:p521_mldsa87:mldsa87_p384:mldsa87_bp384:mldsa87_ed448:falcon512:p256_falcon512:rsa3072_falcon512:falconpadded512:p256_falconpadded512:rsa3072_falconpadded512:falcon1024:p521_falcon1024:falconpadded1024:p521_falconpadded1024:sphincssha2128fsimple:p256_sphincssha2128fsimple:rsa3072_sphincssha2128fsimple:sphincssha2128ssimple:p256_sphincssha2128ssimple:rsa3072_sphincssha2128ssimple:sphincssha2192fsimple:p384_sphincssha2192fsimple:sphincssha2192ssimple:p384_sphincssha2192ssimple:sphincssha2256fsimple:p521_sphincssha2256fsimple:sphincssha2256ssimple:p521_sphincssha2256ssimple:sphincsshake128fsimple:p256_sphincsshake128fsimple:rsa3072_sphincsshake128fsimple:sphincsshake128ssimple:p256_sphincsshake128ssimple:rsa3072_sphincsshake128ssimple:sphincsshake192fsimple:p384_sphincsshake192fsimple:sphincsshake192ssimple:p384_sphincsshake192ssimple:sphincsshake256fsimple:p521_sphincsshake256fsimple:sphincsshake256ssimple:p521_sphincsshake256ssimple:mayo1:p256_mayo1:mayo2:p256_mayo2:mayo3:p384_mayo3:mayo5:p521_mayo5:CROSSrsdp128balanced:CROSSrsdp128fast:CROSSrsdp128small:CROSSrsdp192balanced:CROSSrsdp192fast:CROSSrsdp192small:CROSSrsdp256small:CROSSrsdpg128balanced:CROSSrsdpg128fast:CROSSrsdpg128small:CROSSrsdpg192balanced:CROSSrsdpg192fast:CROSSrsdpg192small:CROSSrsdpg256balanced:CROSSrsdpg256fast:CROSSrsdpg256small
Peer signing digest: SHA384
Peer signature type: ECDSA
---
SSL handshake has read 2238 bytes and written 2844 bytes
Verification: OK
---
New, TLSv1.3, Cipher is TLS_AES_256_GCM_SHA384
Server public key is 384 bit
This TLS version forbids renegotiation.
Compression: NONE
Expansion: NONE
No ALPN negotiated
Early data was not sent
Verify return code: 0 (ok)
---
DONE
SSL3 alert write:warning:close notify
depth=1 CN=oqstest CA
verify return:1
depth=0 CN=user
verify return:1
Certificate request self-signature ok
subject=CN=localhost
Certificate request self-signature ok
subject=CN=user
Running /opt/oqssa/bin/perftestHandshakeMutualECDSA.sh with SIG_ALG=secp384r1 and KEM_ALG=x448_mlkem768
verify depth is 1
Using default temp DH parameters
ACCEPT
CONNECTED(00000003)
Connecting to ::1
SSL_connect:before SSL initialization
SSL_connect:SSLv3/TLS write client hello
SSL_connect:SSLv3/TLS write client hello
SSL_connect:SSLv3/TLS read server hello
SSL_connect:TLSv1.3 read encrypted extensions
SSL_connect:SSLv3/TLS read server certificate request
depth=1 CN=oqstest CA
verify return:1
depth=0 CN=localhost
verify return:1
SSL_connect:SSLv3/TLS read server certificate
SSL_connect:TLSv1.3 read server certificate verify
SSL_connect:SSLv3/TLS read finished
SSL_connect:SSLv3/TLS write change cipher spec
SSL_connect:SSLv3/TLS write client certificate
SSL_connect:SSLv3/TLS write certificate verify
SSL_connect:SSLv3/TLS write finished
DONE
SSL3 alert write:warning:close notify
depth=1 ---
Certificate chain
 0 s:CN=localhost
   i:CN=oqstest CA
   a:PKEY: id-ecPublicKey, 384 (bit); sigalg: ecdsa-with-SHA256
   v:NotBefore: Jan 24 09:16:17 2025 GMT; NotAfter: Jan 24 09:16:17 2026 GMT
-----BEGIN CERTIFICATE-----
MIIBqjCCATCgAwIBAgIUUb13+sriLRmirFYNIwN9I/PxSHowCgYIKoZIzj0EAwIw
FTETMBEGA1UEAwwKb3FzdGVzdCBDQTAeFw0yNTAxMjQwOTE2MTdaFw0yNjAxMjQw
OTE2MTdaMBQxEjAQBgNVBAMMCWxvY2FsaG9zdDB2MBAGByqGSM49AgEGBSuBBAAi
A2IABNc9JGJ9h0Bx6Gjiy9VAUYEUjPqjyp8Bfe8o43RC2qkpjkUoVJqDq5sKSz2H
ARrUVRdHYvlO/CLjTSRKEGMvExbuEGQCrAQ7BNOAMruUQDbtRzuP7NTlyrd1sPrP
3nOQh6NCMEAwHQYDVR0OBBYEFLx/sAcxFZc5sBQI8JvpOQpVhddpMB8GA1UdIwQY
MBaAFC+xj7ars262QM7zNEsviaMMuDGRMAoGCCqGSM49BAMCA2gAMGUCMQDXhUEX
nBU75PIuh/dhSTNbMXhQntczBUTHBRdsUFNVYfrZcRIrGOaJeIkv14iwalYCMHkR
vzH0j7BQ3l4NS52/76l7+BSKe6ENUqbOF54cGpCjMhehYsPmEOXmu5mfmJVD7A==
-----END CERTIFICATE-----
---
Server certificate
subject=CN=localhost
issuer=CN=oqstest CA
---
No client certificate CA names sent
Requested Signature Algorithms: ECDSA+SHA256:ECDSA+SHA384:ECDSA+SHA512:Ed25519:Ed448:ECDSA+SHA256:ECDSA+SHA384:ECDSA+SHA512:RSA-PSS+SHA256:RSA-PSS+SHA384:RSA-PSS+SHA512:RSA-PSS+SHA256:RSA-PSS+SHA384:RSA-PSS+SHA512:RSA+SHA256:RSA+SHA384:RSA+SHA512:ECDSA+SHA224:RSA+SHA224:dilithium2:p256_dilithium2:rsa3072_dilithium2:dilithium3:p384_dilithium3:dilithium5:p521_dilithium5:mldsa44:p256_mldsa44:rsa3072_mldsa44:mldsa44_pss2048:mldsa44_rsa2048:mldsa44_ed25519:mldsa44_p256:mldsa44_bp256:mldsa65:p384_mldsa65:mldsa65_pss3072:mldsa65_rsa3072:mldsa65_p256:mldsa65_bp256:mldsa65_ed25519:mldsa87:p521_mldsa87:mldsa87_p384:mldsa87_bp384:mldsa87_ed448:falcon512:p256_falcon512:rsa3072_falcon512:falconpadded512:p256_falconpadded512:rsa3072_falconpadded512:falcon1024:p521_falcon1024:falconpadded1024:p521_falconpadded1024:sphincssha2128fsimple:p256_sphincssha2128fsimple:rsa3072_sphincssha2128fsimple:sphincssha2128ssimple:p256_sphincssha2128ssimple:rsa3072_sphincssha2128ssimple:sphincssha2192fsimple:p384_sphincssha2192fsimple:sphincssha2192ssimple:p384_sphincssha2192ssimple:sphincssha2256fsimple:p521_sphincssha2256fsimple:sphincssha2256ssimple:p521_sphincssha2256ssimple:sphincsshake128fsimple:p256_sphincsshake128fsimple:rsa3072_sphincsshake128fsimple:sphincsshake128ssimple:p256_sphincsshake128ssimple:rsa3072_sphincsshake128ssimple:sphincsshake192fsimple:p384_sphincsshake192fsimple:sphincsshake192ssimple:p384_sphincsshake192ssimple:sphincsshake256fsimple:p521_sphincsshake256fsimple:sphincsshake256ssimple:p521_sphincsshake256ssimple:mayo1:p256_mayo1:mayo2:p256_mayo2:mayo3:p384_mayo3:mayo5:p521_mayo5:CROSSrsdp128balanced:CROSSrsdp128fast:CROSSrsdp128small:CROSSrsdp192balanced:CROSSrsdp192fast:CROSSrsdp192small:CROSSrsdp256small:CROSSrsdpg128balanced:CROSSrsdpg128fast:CROSSrsdpg128small:CROSSrsdpg192balanced:CROSSrsdpg192fast:CROSSrsdpg192small:CROSSrsdpg256balanced:CROSSrsdpg256fast:CROSSrsdpg256small
Shared Requested Signature Algorithms: ECDSA+SHA256:ECDSA+SHA384:ECDSA+SHA512:Ed25519:Ed448:ECDSA+SHA256:ECDSA+SHA384:ECDSA+SHA512:RSA-PSS+SHA256:RSA-PSS+SHA384:RSA-PSS+SHA512:RSA-PSS+SHA256:RSA-PSS+SHA384:RSA-PSS+SHA512:RSA+SHA256:RSA+SHA384:RSA+SHA512:dilithium2:p256_dilithium2:rsa3072_dilithium2:dilithium3:p384_dilithium3:dilithium5:p521_dilithium5:mldsa44:p256_mldsa44:rsa3072_mldsa44:mldsa44_pss2048:mldsa44_rsa2048:mldsa44_ed25519:mldsa44_p256:mldsa44_bp256:mldsa65:p384_mldsa65:mldsa65_pss3072:mldsa65_rsa3072:mldsa65_p256:mldsa65_bp256:mldsa65_ed25519:mldsa87:p521_mldsa87:mldsa87_p384:mldsa87_bp384:mldsa87_ed448:falcon512:p256_falcon512:rsa3072_falcon512:falconpadded512:p256_falconpadded512:rsa3072_falconpadded512:falcon1024:p521_falcon1024:falconpadded1024:p521_falconpadded1024:sphincssha2128fsimple:p256_sphincssha2128fsimple:rsa3072_sphincssha2128fsimple:sphincssha2128ssimple:p256_sphincssha2128ssimple:rsa3072_sphincssha2128ssimple:sphincssha2192fsimple:p384_sphincssha2192fsimple:sphincssha2192ssimple:p384_sphincssha2192ssimple:sphincssha2256fsimple:p521_sphincssha2256fsimple:sphincssha2256ssimple:p521_sphincssha2256ssimple:sphincsshake128fsimple:p256_sphincsshake128fsimple:rsa3072_sphincsshake128fsimple:sphincsshake128ssimple:p256_sphincsshake128ssimple:rsa3072_sphincsshake128ssimple:sphincsshake192fsimple:p384_sphincsshake192fsimple:sphincsshake192ssimple:p384_sphincsshake192ssimple:sphincsshake256fsimple:p521_sphincsshake256fsimple:sphincsshake256ssimple:p521_sphincsshake256ssimple:mayo1:p256_mayo1:mayo2:p256_mayo2:mayo3:p384_mayo3:mayo5:p521_mayo5:CROSSrsdp128balanced:CROSSrsdp128fast:CROSSrsdp128small:CROSSrsdp192balanced:CROSSrsdp192fast:CROSSrsdp192small:CROSSrsdp256small:CROSSrsdpg128balanced:CROSSrsdpg128fast:CROSSrsdpg128small:CROSSrsdpg192balanced:CROSSrsdpg192fast:CROSSrsdpg192small:CROSSrsdpg256balanced:CROSSrsdpg256fast:CROSSrsdpg256small
Peer signing digest: SHA384
Peer signature type: ECDSA
---
SSL handshake has read 2195 bytes and written 2803 bytes
Verification: OK
---
New, TLSv1.3, Cipher is TLS_AES_256_GCM_SHA384
Server public key is 384 bit
This TLS version forbids renegotiation.
Compression: NONE
Expansion: NONE
No ALPN negotiated
Early data was not sent
Verify return code: 0 (ok)
---
CN=oqstest CA
verify return:1
depth=0 CN=user
verify return:1
Certificate request self-signature ok
subject=CN=localhost
Certificate request self-signature ok
subject=CN=user
Running /opt/oqssa/bin/perftestHandshakeMutualECDSA.sh with SIG_ALG=secp384r1 and KEM_ALG=mlkem768
verify depth is 1
Using default temp DH parameters
ACCEPT
Connecting to ::1
SSL_connect:before SSL initialization
CONNECTED(00000003)
SSL_connect:SSLv3/TLS write client hello
SSL_connect:SSLv3/TLS write client hello
SSL_connect:SSLv3/TLS read server hello
SSL_connect:TLSv1.3 read encrypted extensions
SSL_connect:SSLv3/TLS read server certificate request
depth=1 CN=oqstest CA
verify return:1
depth=0 CN=localhost
verify return:1
SSL_connect:SSLv3/TLS read server certificate
SSL_connect:TLSv1.3 read server certificate verify
SSL_connect:SSLv3/TLS read finished
SSL_connect:SSLv3/TLS write change cipher spec
SSL_connect:SSLv3/TLS write client certificate
SSL_connect:SSLv3/TLS write certificate verify
SSL_connect:SSLv3/TLS write finished
---
Certificate chain
 0 s:CN=localhost
   i:CN=oqstest CA
   a:PKEY: id-ecPublicKey, 384 (bit); sigalg: ecdsa-with-SHA256
   v:NotBefore: Jan 24 09:16:19 2025 GMT; NotAfter: Jan 24 09:16:19 2026 GMT
-----BEGIN CERTIFICATE-----
MIIBqzCCATCgAwIBAgIUFlpOAXC5A4kU8/EAWwq/sLfPdeAwCgYIKoZIzj0EAwIw
FTETMBEGA1UEAwwKb3FzdGVzdCBDQTAeFw0yNTAxMjQwOTE2MTlaFw0yNjAxMjQw
OTE2MTlaMBQxEjAQBgNVBAMMCWxvY2FsaG9zdDB2MBAGByqGSM49AgEGBSuBBAAi
A2IABLSXe6n6YqvYNPMbYbbCjUsVmvCigpd18SvDqCqriluvY9m7KBQ0kFbntcYf
kg23VHTSV9yBFUCEeippDT0KkwWxjrgWmWcDgzGya95m0Er8q1Ugx6OUuVymxAI7
580aAKNCMEAwHQYDVR0OBBYEFL3Hb3pVaEGSBLczPcMO3wdPwyRVMB8GA1UdIwQY
MBaAFEq+emHwyhUWXt4Subnt9mFBtz3BMAoGCCqGSM49BAMCA2kAMGYCMQCrFY1a
62tKcpnOu7ATtaGKh5mDWU2EWIjq1SHNFD7edHfTzfJSFEd3zP+VNfLuxbICMQDh
MbxtM7cFuTUQ7KpSGL85kS7yFEwz0lDm5zGOjepFNNz4KZL+iNRpaQyYk3AM8M0=
-----END CERTIFICATE-----
---
Server certificate
subject=CN=localhost
issuer=CN=oqstest CA
---
No client certificate CA names sent
Requested Signature Algorithms: ECDSA+SHA256:ECDSA+SHA384:ECDSA+SHA512:Ed25519:Ed448:ECDSA+SHA256:ECDSA+SHA384:ECDSA+SHA512:RSA-PSS+SHA256:RSA-PSS+SHA384:RSA-PSS+SHA512:RSA-PSS+SHA256:RSA-PSS+SHA384:RSA-PSS+SHA512:RSA+SHA256:RSA+SHA384:RSA+SHA512:ECDSA+SHA224:RSA+SHA224:dilithium2:p256_dilithium2:rsa3072_dilithium2:dilithium3:p384_dilithium3:dilithium5:p521_dilithium5:mldsa44:p256_mldsa44:rsa3072_mldsa44:mldsa44_pss2048:mldsa44_rsa2048:mldsa44_ed25519:mldsa44_p256:mldsa44_bp256:mldsa65:p384_mldsa65:mldsa65_pss3072:mldsa65_rsa3072:mldsa65_p256:mldsa65_bp256:mldsa65_ed25519:mldsa87:p521_mldsa87:mldsa87_p384:mldsa87_bp384:mldsa87_ed448:falcon512:p256_falcon512:rsa3072_falcon512:falconpadded512:p256_falconpadded512:rsa3072_falconpadded512:falcon1024:p521_falcon1024:falconpadded1024:p521_falconpadded1024:sphincssha2128fsimple:p256_sphincssha2128fsimple:rsa3072_sphincssha2128fsimple:sphincssha2128ssimple:p256_sphincssha2128ssimple:rsa3072_sphincssha2128ssimple:sphincssha2192fsimple:p384_sphincssha2192fsimple:sphincssha2192ssimple:p384_sphincssha2192ssimple:sphincssha2256fsimple:p521_sphincssha2256fsimple:sphincssha2256ssimple:p521_sphincssha2256ssimple:sphincsshake128fsimple:p256_sphincsshake128fsimple:rsa3072_sphincsshake128fsimple:sphincsshake128ssimple:p256_sphincsshake128ssimple:rsa3072_sphincsshake128ssimple:sphincsshake192fsimple:p384_sphincsshake192fsimple:sphincsshake192ssimple:p384_sphincsshake192ssimple:sphincsshake256fsimple:p521_sphincsshake256fsimple:sphincsshake256ssimple:p521_sphincsshake256ssimple:mayo1:p256_mayo1:mayo2:p256_mayo2:mayo3:p384_mayo3:mayo5:p521_mayo5:CROSSrsdp128balanced:CROSSrsdp128fast:CROSSrsdp128small:CROSSrsdp192balanced:CROSSrsdp192fast:CROSSrsdp192small:CROSSrsdp256small:CROSSrsdpg128balanced:CROSSrsdpg128fast:CROSSrsdpg128small:CROSSrsdpg192balanced:CROSSrsdpg192fast:CROSSrsdpg192small:CROSSrsdpg256balanced:CROSSrsdpg256fast:CROSSrsdpg256small
Shared Requested Signature Algorithms: ECDSA+SHA256:ECDSA+SHA384:ECDSA+SHA512:Ed25519:Ed448:ECDSA+SHA256:ECDSA+SHA384:ECDSA+SHA512:RSA-PSS+SHA256:RSA-PSS+SHA384:RSA-PSS+SHA512:RSA-PSS+SHA256:RSA-PSS+SHA384:RSA-PSS+SHA512:RSA+SHA256:DONE
RSA+SHA384:RSA+SHA512:dilithium2:p256_dilithium2:rsa3072_dilithium2:dilithium3:p384_dilithium3:dilithium5:p521_dilithium5:mldsa44:p256_mldsa44:rsa3072_mldsa44:mldsa44_pss2048:mldsa44_rsa2048:mldsa44_ed25519:mldsa44_p256:mldsa44_bp256:mldsa65:p384_mldsa65:mldsa65_pss3072:mldsa65_rsa3072:mldsa65_p256:mldsa65_bp256:mldsa65_ed25519:mldsa87:p521_mldsa87:mldsa87_p384:mldsa87_bp384:mldsa87_ed448:falcon512:p256_falcon512:rsa3072_falcon512:falconpadded512:p256_falconpadded512:rsa3072_falconpadded512:falcon1024:p521_falcon1024:falconpadded1024:p521_falconpadded1024:sphincssha2128fsimple:p256_sphincssha2128fsimple:rsa3072_sphincssha2128fsimple:sphincssha2128ssimple:p256_sphincssha2128ssimple:rsa3072_sphincssha2128ssimple:sphincssha2192fsimple:p384_sphincssha2192fsimple:sphincssha2192ssimple:p384_sphincssha2192ssimple:sphincssha2256fsimple:p521_sphincssha2256fsimple:sphincssha2256ssimple:p521_sphincssha2256ssimple:sphincsshake128fsimple:p256_sphincsshake128fsimple:rsa3072_sphincsshake128fsimple:sphincsshake128ssimple:p256_sphincsshake128ssimple:rsa3072_sphincsshake128ssimple:sphincsshake192fsimple:p384_sphincsshake192fsimple:sphincsshake192ssimple:p384_sphincsshake192ssimple:sphincsshake256fsimple:p521_sphincsshake256fsimple:sphincsshake256ssimple:p521_sphincsshake256ssimple:mayo1:p256_mayo1:mayo2:p256_mayo2:mayo3:p384_mayo3:mayo5:p521_mayo5:CROSSrsdp128balanced:CROSSrsdp128fast:CROSSrsdp128small:CROSSrsdp192balanced:CROSSrsdp192fast:CROSSrsdp192small:CROSSrsdp256small:CROSSrsdpg128balanced:CROSSrsdpg128fast:CROSSrsdpg128small:CROSSrsdpg192balanced:CROSSrsdpg192fast:CROSSrsdpg192small:CROSSrsdpg256balanced:CROSSrsdpg256fast:CROSSrsdpg256small
Peer signing digest: SHA384
Peer signature type: ECDSA
---
SSL handshake has read 2142 bytes and written 2746 bytes
Verification: OK
---
New, TLSv1.3, Cipher is TLS_AES_256_GCM_SHA384
Server public key is 384 bit
This TLS version forbids renegotiation.
Compression: NONE
Expansion: NONE
No ALPN negotiated
Early data was not sent
Verify return code: 0 (ok)
---
SSL3 alert write:warning:close notify
depth=1 CN=oqstest CA
verify return:1
depth=0 CN=user
verify return:1
