secp521r1
tc
Mostrando el estado de qdisc para la interfaz: lo
qdisc netem 818a: root refcnt 2 limit 1000 delay 1.0ms
 Sent 0 bytes 0 pkt (dropped 0, overlimits 0 requeues 0) 
 backlog 0b 0p requeues 0
Certificate request self-signature ok
subject=CN=localhost
Running /opt/oqssa/bin/perftestServerECDSA.sh with SIG_ALG=secp521r1 and KEM_ALG=P-521

Using default temp DH parameters
ACCEPT
Execution 1
s_time: verify depth is 1
241 connections in 3.64s; 66.21 connections/user sec, bytes read 0
241 connections in 11 real seconds, 0 bytes read per connection
Execution 2
s_time: verify depth is 1
388 connections in 5.39s; 71.99 connections/user sec, bytes read 0
388 connections in 11 real seconds, 0 bytes read per connection
Execution 3
s_time: verify depth is 1
392 connections in 5.55s; 70.63 connections/user sec, bytes read 0
392 connections in 11 real seconds, 0 bytes read per connection
Execution 4
s_time: verify depth is 1
320 connections in 4.44s; 72.07 connections/user sec, bytes read 0
320 connections in 12 real seconds, 0 bytes read per connection
Execution 5
s_time: verify depth is 1
393 connections in 5.41s; 72.64 connections/user sec, bytes read 0
393 connections in 11 real seconds, 0 bytes read per connection
Execution 6
s_time: verify depth is 1
396 connections in 5.53s; 71.61 connections/user sec, bytes read 0
396 connections in 11 real seconds, 0 bytes read per connection
Execution 7
s_time: verify depth is 1
389 connections in 5.42s; 71.77 connections/user sec, bytes read 0
389 connections in 14 real seconds, 0 bytes read per connection
Execution 8
s_time: verify depth is 1
379 connections in 5.39s; 70.32 connections/user sec, bytes read 0
379 connections in 11 real seconds, 0 bytes read per connection
Execution 9
s_time: verify depth is 1
404 connections in 5.55s; 72.79 connections/user sec, bytes read 0
404 connections in 11 real seconds, 0 bytes read per connection
Execution 10
s_time: verify depth is 1
365 connections in 5.29s; 69.00 connections/user sec, bytes read 0
365 connections in 14 real seconds, 0 bytes read per connection
Execution 11
s_time: verify depth is 1
401 connections in 5.50s; 72.91 connections/user sec, bytes read 0
401 connections in 11 real seconds, 0 bytes read per connection
Execution 12
s_time: verify depth is 1
402 connections in 5.55s; 72.43 connections/user sec, bytes read 0
402 connections in 11 real seconds, 0 bytes read per connection
Execution 13
s_time: verify depth is 1
354 connections in 5.22s; 67.82 connections/user sec, bytes read 0
354 connections in 13 real seconds, 0 bytes read per connection
Execution 14
s_time: verify depth is 1
358 connections in 5.21s; 68.71 connections/user sec, bytes read 0
358 connections in 11 real seconds, 0 bytes read per connection
Execution 15
s_time: verify depth is 1
363 connections in 5.57s; 65.17 connections/user sec, bytes read 0
363 connections in 11 real seconds, 0 bytes read per connection
Execution 16
s_time: verify depth is 1
394 connections in 5.63s; 69.98 connections/user sec, bytes read 0
394 connections in 11 real seconds, 0 bytes read per connection
Execution 17
s_time: verify depth is 1
265 connections in 3.69s; 71.82 connections/user sec, bytes read 0
265 connections in 11 real seconds, 0 bytes read per connection
Execution 18
s_time: verify depth is 1
387 connections in 5.62s; 68.86 connections/user sec, bytes read 0
387 connections in 11 real seconds, 0 bytes read per connection
Execution 19
s_time: verify depth is 1
387 connections in 5.57s; 69.48 connections/user sec, bytes read 0
387 connections in 11 real seconds, 0 bytes read per connection
Execution 20
s_time: verify depth is 1
258 connections in 3.76s; 68.62 connections/user sec, bytes read 0
258 connections in 11 real seconds, 0 bytes read per connection
Execution 21
s_time: verify depth is 1
378 connections in 5.60s; 67.50 connections/user sec, bytes read 0
378 connections in 11 real seconds, 0 bytes read per connection
Execution 22
s_time: verify depth is 1
401 connections in 5.51s; 72.78 connections/user sec, bytes read 0
401 connections in 11 real seconds, 0 bytes read per connection
Execution 23
s_time: verify depth is 1
274 connections in 3.71s; 73.85 connections/user sec, bytes read 0
274 connections in 11 real seconds, 0 bytes read per connection
Execution 24
s_time: verify depth is 1
364 connections in 5.65s; 64.42 connections/user sec, bytes read 0
364 connections in 11 real seconds, 0 bytes read per connection
Execution 25
s_time: verify depth is 1
400 connections in 5.49s; 72.86 connections/user sec, bytes read 0
400 connections in 11 real seconds, 0 bytes read per connection
Execution 26
s_time: verify depth is 1
310 connections in 4.34s; 71.43 connections/user sec, bytes read 0
310 connections in 12 real seconds, 0 bytes read per connection
Execution 27
s_time: verify depth is 1
373 connections in 5.48s; 68.07 connections/user sec, bytes read 0
373 connections in 11 real seconds, 0 bytes read per connection
Execution 28
s_time: verify depth is 1
395 connections in 5.57s; 70.92 connections/user sec, bytes read 0
395 connections in 11 real seconds, 0 bytes read per connection
Execution 29
s_time: verify depth is 1
377 connections in 5.22s; 72.22 connections/user sec, bytes read 0
377 connections in 14 real seconds, 0 bytes read per connection
Execution 30
s_time: verify depth is 1
401 connections in 5.46s; 73.44 connections/user sec, bytes read 0
401 connections in 11 real seconds, 0 bytes read per connection
Execution 31
s_time: verify depth is 1
403 connections in 5.53s; 72.88 connections/user sec, bytes read 0
403 connections in 11 real seconds, 0 bytes read per connection
Execution 32
s_time: verify depth is 1
367 connections in 5.13s; 71.54 connections/user sec, bytes read 0
367 connections in 13 real seconds, 0 bytes read per connection
Execution 33
s_time: verify depth is 1
362 connections in 5.19s; 69.75 connections/user sec, bytes read 0
362 connections in 11 real seconds, 0 bytes read per connection
Execution 34
s_time: verify depth is 1
395 connections in 5.58s; 70.79 connections/user sec, bytes read 0
395 connections in 11 real seconds, 0 bytes read per connection
Execution 35
s_time: verify depth is 1
406 connections in 5.60s; 72.50 connections/user sec, bytes read 0
406 connections in 11 real seconds, 0 bytes read per connection
Execution 36
s_time: verify depth is 1
265 connections in 3.73s; 71.05 connections/user sec, bytes read 0
265 connections in 11 real seconds, 0 bytes read per connection
Execution 37
s_time: verify depth is 1
397 connections in 5.41s; 73.38 connections/user sec, bytes read 0
397 connections in 11 real seconds, 0 bytes read per connection
Execution 38
s_time: verify depth is 1
373 connections in 5.68s; 65.67 connections/user sec, bytes read 0
373 connections in 11 real seconds, 0 bytes read per connection
Execution 39
s_time: verify depth is 1
262 connections in 3.74s; 70.05 connections/user sec, bytes read 0
262 connections in 11 real seconds, 0 bytes read per connection
Execution 40
s_time: verify depth is 1
382 connections in 5.57s; 68.58 connections/user sec, bytes read 0
382 connections in 11 real seconds, 0 bytes read per connection
Execution 41
s_time: verify depth is 1
382 connections in 5.57s; 68.58 connections/user sec, bytes read 0
382 connections in 11 real seconds, 0 bytes read per connection
Execution 42
s_time: verify depth is 1
254 connections in 3.83s; 66.32 connections/user sec, bytes read 0
254 connections in 11 real seconds, 0 bytes read per connection
Execution 43
s_time: verify depth is 1
399 connections in 5.49s; 72.68 connections/user sec, bytes read 0
399 connections in 11 real seconds, 0 bytes read per connection
Execution 44
s_time: verify depth is 1
387 connections in 5.67s; 68.25 connections/user sec, bytes read 0
387 connections in 11 real seconds, 0 bytes read per connection
Execution 45
s_time: verify depth is 1
306 connections in 4.28s; 71.50 connections/user sec, bytes read 0
306 connections in 12 real seconds, 0 bytes read per connection
Execution 46
s_time: verify depth is 1
392 connections in 5.52s; 71.01 connections/user sec, bytes read 0
392 connections in 11 real seconds, 0 bytes read per connection
Execution 47
s_time: verify depth is 1
387 connections in 5.63s; 68.74 connections/user sec, bytes read 0
387 connections in 11 real seconds, 0 bytes read per connection
Execution 48
s_time: verify depth is 1
373 connections in 5.24s; 71.18 connections/user sec, bytes read 0
373 connections in 14 real seconds, 0 bytes read per connection
Execution 49
s_time: verify depth is 1
394 connections in 5.51s; 71.51 connections/user sec, bytes read 0
394 connections in 11 real seconds, 0 bytes read per connection
Execution 50
s_time: verify depth is 1
394 connections in 5.56s; 70.86 connections/user sec, bytes read 0
394 connections in 11 real seconds, 0 bytes read per connection
tc
Mostrando el estado de qdisc para la interfaz: lo
qdisc netem 818b: root refcnt 2 limit 1000 delay 1.0ms
 Sent 0 bytes 0 pkt (dropped 0, overlimits 0 requeues 0) 
 backlog 0b 0p requeues 0
Certificate request self-signature ok
subject=CN=localhost
Running /opt/oqssa/bin/perftestServerECDSA.sh with SIG_ALG=secp521r1 and KEM_ALG=mlkem1024

Using default temp DH parameters
ACCEPT
Execution 1
s_time: verify depth is 1
620 connections in 3.99s; 155.39 connections/user sec, bytes read 0
620 connections in 12 real seconds, 0 bytes read per connection
Execution 2
s_time: verify depth is 1
759 connections in 4.67s; 162.53 connections/user sec, bytes read 0
759 connections in 11 real seconds, 0 bytes read per connection
Execution 3
s_time: verify depth is 1
816 connections in 5.02s; 162.55 connections/user sec, bytes read 0
816 connections in 11 real seconds, 0 bytes read per connection
Execution 4
s_time: verify depth is 1
822 connections in 4.95s; 166.06 connections/user sec, bytes read 0
822 connections in 11 real seconds, 0 bytes read per connection
Execution 5
s_time: verify depth is 1
567 connections in 3.34s; 169.76 connections/user sec, bytes read 0
567 connections in 11 real seconds, 0 bytes read per connection
Execution 6
s_time: verify depth is 1
805 connections in 5.03s; 160.04 connections/user sec, bytes read 0
805 connections in 11 real seconds, 0 bytes read per connection
Execution 7
s_time: verify depth is 1
843 connections in 4.97s; 169.62 connections/user sec, bytes read 0
843 connections in 11 real seconds, 0 bytes read per connection
Execution 8
s_time: verify depth is 1
567 connections in 3.30s; 171.82 connections/user sec, bytes read 0
567 connections in 11 real seconds, 0 bytes read per connection
Execution 9
s_time: verify depth is 1
788 connections in 5.11s; 154.21 connections/user sec, bytes read 0
788 connections in 11 real seconds, 0 bytes read per connection
Execution 10
s_time: verify depth is 1
817 connections in 4.99s; 163.73 connections/user sec, bytes read 0
817 connections in 11 real seconds, 0 bytes read per connection
Execution 11
s_time: verify depth is 1
562 connections in 3.38s; 166.27 connections/user sec, bytes read 0
562 connections in 11 real seconds, 0 bytes read per connection
Execution 12
s_time: verify depth is 1
830 connections in 5.00s; 166.00 connections/user sec, bytes read 0
830 connections in 11 real seconds, 0 bytes read per connection
Execution 13
s_time: verify depth is 1
796 connections in 5.14s; 154.86 connections/user sec, bytes read 0
796 connections in 11 real seconds, 0 bytes read per connection
Execution 14
s_time: verify depth is 1
634 connections in 3.85s; 164.68 connections/user sec, bytes read 0
634 connections in 12 real seconds, 0 bytes read per connection
Execution 15
s_time: verify depth is 1
778 connections in 4.99s; 155.91 connections/user sec, bytes read 0
778 connections in 11 real seconds, 0 bytes read per connection
Execution 16
s_time: verify depth is 1
816 connections in 4.96s; 164.52 connections/user sec, bytes read 0
816 connections in 11 real seconds, 0 bytes read per connection
Execution 17
s_time: verify depth is 1
764 connections in 4.72s; 161.86 connections/user sec, bytes read 0
764 connections in 14 real seconds, 0 bytes read per connection
Execution 18
s_time: verify depth is 1
820 connections in 4.93s; 166.33 connections/user sec, bytes read 0
820 connections in 11 real seconds, 0 bytes read per connection
Execution 19
s_time: verify depth is 1
785 connections in 5.09s; 154.22 connections/user sec, bytes read 0
785 connections in 11 real seconds, 0 bytes read per connection
Execution 20
s_time: verify depth is 1
777 connections in 4.63s; 167.82 connections/user sec, bytes read 0
777 connections in 13 real seconds, 0 bytes read per connection
Execution 21
s_time: verify depth is 1
758 connections in 4.67s; 162.31 connections/user sec, bytes read 0
758 connections in 11 real seconds, 0 bytes read per connection
Execution 22
s_time: verify depth is 1
799 connections in 5.05s; 158.22 connections/user sec, bytes read 0
799 connections in 11 real seconds, 0 bytes read per connection
Execution 23
s_time: verify depth is 1
795 connections in 5.09s; 156.19 connections/user sec, bytes read 0
795 connections in 11 real seconds, 0 bytes read per connection
Execution 24
s_time: verify depth is 1
560 connections in 3.35s; 167.16 connections/user sec, bytes read 0
560 connections in 11 real seconds, 0 bytes read per connection
Execution 25
s_time: verify depth is 1
814 connections in 5.03s; 161.83 connections/user sec, bytes read 0
814 connections in 11 real seconds, 0 bytes read per connection
Execution 26
s_time: verify depth is 1
816 connections in 5.01s; 162.87 connections/user sec, bytes read 0
816 connections in 11 real seconds, 0 bytes read per connection
Execution 27
s_time: verify depth is 1
568 connections in 3.34s; 170.06 connections/user sec, bytes read 0
568 connections in 11 real seconds, 0 bytes read per connection
Execution 28
s_time: verify depth is 1
795 connections in 4.97s; 159.96 connections/user sec, bytes read 0
795 connections in 11 real seconds, 0 bytes read per connection
Execution 29
s_time: verify depth is 1
801 connections in 5.03s; 159.24 connections/user sec, bytes read 0
801 connections in 11 real seconds, 0 bytes read per connection
Execution 30
s_time: verify depth is 1
548 connections in 3.38s; 162.13 connections/user sec, bytes read 0
548 connections in 11 real seconds, 0 bytes read per connection
Execution 31
s_time: verify depth is 1
808 connections in 5.01s; 161.28 connections/user sec, bytes read 0
808 connections in 11 real seconds, 0 bytes read per connection
Execution 32
s_time: verify depth is 1
823 connections in 5.01s; 164.27 connections/user sec, bytes read 0
823 connections in 11 real seconds, 0 bytes read per connection
Execution 33
s_time: verify depth is 1
641 connections in 3.93s; 163.10 connections/user sec, bytes read 0
641 connections in 12 real seconds, 0 bytes read per connection
Execution 34
s_time: verify depth is 1
780 connections in 4.90s; 159.18 connections/user sec, bytes read 0
780 connections in 11 real seconds, 0 bytes read per connection
Execution 35
s_time: verify depth is 1
801 connections in 4.93s; 162.47 connections/user sec, bytes read 0
801 connections in 11 real seconds, 0 bytes read per connection
Execution 36
s_time: verify depth is 1
763 connections in 4.74s; 160.97 connections/user sec, bytes read 0
763 connections in 14 real seconds, 0 bytes read per connection
Execution 37
s_time: verify depth is 1
797 connections in 4.87s; 163.66 connections/user sec, bytes read 0
797 connections in 11 real seconds, 0 bytes read per connection
Execution 38
s_time: verify depth is 1
810 connections in 4.97s; 162.98 connections/user sec, bytes read 0
810 connections in 11 real seconds, 0 bytes read per connection
Execution 39
s_time: verify depth is 1
862 connections in 4.90s; 175.92 connections/user sec, bytes read 0
862 connections in 11 real seconds, 0 bytes read per connection
Execution 40
s_time: verify depth is 1
848 connections in 4.96s; 170.97 connections/user sec, bytes read 0
848 connections in 11 real seconds, 0 bytes read per connection
Execution 41
s_time: verify depth is 1
874 connections in 4.91s; 178.00 connections/user sec, bytes read 0
874 connections in 11 real seconds, 0 bytes read per connection
Execution 42
s_time: verify depth is 1
879 connections in 4.92s; 178.66 connections/user sec, bytes read 0
879 connections in 11 real seconds, 0 bytes read per connection
Execution 43
s_time: verify depth is 1
852 connections in 4.94s; 172.47 connections/user sec, bytes read 0
852 connections in 11 real seconds, 0 bytes read per connection
Execution 44
s_time: verify depth is 1
833 connections in 5.05s; 164.95 connections/user sec, bytes read 0
833 connections in 11 real seconds, 0 bytes read per connection
Execution 45
s_time: verify depth is 1
872 connections in 4.98s; 175.10 connections/user sec, bytes read 0
872 connections in 11 real seconds, 0 bytes read per connection
Execution 46
s_time: verify depth is 1
849 connections in 4.91s; 172.91 connections/user sec, bytes read 0
849 connections in 11 real seconds, 0 bytes read per connection
Execution 47
s_time: verify depth is 1
858 connections in 4.97s; 172.64 connections/user sec, bytes read 0
858 connections in 11 real seconds, 0 bytes read per connection
Execution 48
s_time: verify depth is 1
856 connections in 4.94s; 173.28 connections/user sec, bytes read 0
856 connections in 11 real seconds, 0 bytes read per connection
Execution 49
s_time: verify depth is 1
842 connections in 4.99s; 168.74 connections/user sec, bytes read 0
842 connections in 11 real seconds, 0 bytes read per connection
Execution 50
s_time: verify depth is 1
863 connections in 4.90s; 176.12 connections/user sec, bytes read 0
863 connections in 11 real seconds, 0 bytes read per connection

-----
-----
Certificate request self-signature ok
subject=CN=localhost
Running /opt/oqssa/bin/perftestServer.sh with SIG_ALG=mldsa87 and KEM_ALG=P-521

Using default temp DH parameters
ACCEPT
Execution 1
s_time: verify depth is 1
525 connections in 4.61s; 113.88 connections/user sec, bytes read 0
525 connections in 11 real seconds, 0 bytes read per connection
Execution 2
s_time: verify depth is 1
419 connections in 3.72s; 112.63 connections/user sec, bytes read 0
419 connections in 11 real seconds, 0 bytes read per connection
Execution 3
s_time: verify depth is 1
499 connections in 4.49s; 111.14 connections/user sec, bytes read 0
499 connections in 11 real seconds, 0 bytes read per connection
Execution 4
s_time: verify depth is 1
550 connections in 5.09s; 108.06 connections/user sec, bytes read 0
550 connections in 11 real seconds, 0 bytes read per connection
Execution 5
s_time: verify depth is 1
565 connections in 4.90s; 115.31 connections/user sec, bytes read 0
565 connections in 11 real seconds, 0 bytes read per connection
Execution 6
s_time: verify depth is 1
382 connections in 3.33s; 114.71 connections/user sec, bytes read 0
382 connections in 11 real seconds, 0 bytes read per connection
Execution 7
s_time: verify depth is 1
565 connections in 4.84s; 116.74 connections/user sec, bytes read 0
565 connections in 11 real seconds, 0 bytes read per connection
Execution 8
s_time: verify depth is 1
543 connections in 4.94s; 109.92 connections/user sec, bytes read 0
543 connections in 11 real seconds, 0 bytes read per connection
Execution 9
s_time: verify depth is 1
375 connections in 3.29s; 113.98 connections/user sec, bytes read 0
375 connections in 11 real seconds, 0 bytes read per connection
Execution 10
s_time: verify depth is 1
568 connections in 4.86s; 116.87 connections/user sec, bytes read 0
568 connections in 11 real seconds, 0 bytes read per connection
Execution 11
s_time: verify depth is 1
557 connections in 4.91s; 113.44 connections/user sec, bytes read 0
557 connections in 11 real seconds, 0 bytes read per connection
Execution 12
s_time: verify depth is 1
389 connections in 3.32s; 117.17 connections/user sec, bytes read 0
389 connections in 11 real seconds, 0 bytes read per connection
Execution 13
s_time: verify depth is 1
574 connections in 4.85s; 118.35 connections/user sec, bytes read 0
574 connections in 11 real seconds, 0 bytes read per connection
Execution 14
s_time: verify depth is 1
553 connections in 5.02s; 110.16 connections/user sec, bytes read 0
553 connections in 11 real seconds, 0 bytes read per connection
Execution 15
s_time: verify depth is 1
437 connections in 3.85s; 113.51 connections/user sec, bytes read 0
437 connections in 12 real seconds, 0 bytes read per connection
Execution 16
s_time: verify depth is 1
561 connections in 4.80s; 116.88 connections/user sec, bytes read 0
561 connections in 11 real seconds, 0 bytes read per connection
Execution 17
s_time: verify depth is 1
577 connections in 4.93s; 117.04 connections/user sec, bytes read 0
577 connections in 11 real seconds, 0 bytes read per connection
Execution 18
s_time: verify depth is 1
532 connections in 4.74s; 112.24 connections/user sec, bytes read 0
532 connections in 14 real seconds, 0 bytes read per connection
Execution 19
s_time: verify depth is 1
555 connections in 4.91s; 113.03 connections/user sec, bytes read 0
555 connections in 11 real seconds, 0 bytes read per connection
Execution 20
s_time: verify depth is 1
559 connections in 4.84s; 115.50 connections/user sec, bytes read 0
559 connections in 11 real seconds, 0 bytes read per connection
Execution 21
s_time: verify depth is 1
521 connections in 4.58s; 113.76 connections/user sec, bytes read 0
521 connections in 13 real seconds, 0 bytes read per connection
Execution 22
s_time: verify depth is 1
518 connections in 4.48s; 115.62 connections/user sec, bytes read 0
518 connections in 11 real seconds, 0 bytes read per connection
Execution 23
s_time: verify depth is 1
562 connections in 5.02s; 111.95 connections/user sec, bytes read 0
562 connections in 11 real seconds, 0 bytes read per connection
Execution 24
s_time: verify depth is 1
546 connections in 4.98s; 109.64 connections/user sec, bytes read 0
546 connections in 11 real seconds, 0 bytes read per connection
Execution 25
s_time: verify depth is 1
378 connections in 3.41s; 110.85 connections/user sec, bytes read 0
378 connections in 11 real seconds, 0 bytes read per connection
Execution 26
s_time: verify depth is 1
566 connections in 4.92s; 115.04 connections/user sec, bytes read 0
566 connections in 11 real seconds, 0 bytes read per connection
Execution 27
s_time: verify depth is 1
559 connections in 4.90s; 114.08 connections/user sec, bytes read 0
559 connections in 11 real seconds, 0 bytes read per connection
Execution 28
s_time: verify depth is 1
380 connections in 3.28s; 115.85 connections/user sec, bytes read 0
380 connections in 11 real seconds, 0 bytes read per connection
Execution 29
s_time: verify depth is 1
564 connections in 4.92s; 114.63 connections/user sec, bytes read 0
564 connections in 11 real seconds, 0 bytes read per connection
Execution 30
s_time: verify depth is 1
542 connections in 4.93s; 109.94 connections/user sec, bytes read 0
542 connections in 11 real seconds, 0 bytes read per connection
Execution 31
s_time: verify depth is 1
377 connections in 3.35s; 112.54 connections/user sec, bytes read 0
377 connections in 11 real seconds, 0 bytes read per connection
Execution 32
s_time: verify depth is 1
576 connections in 4.88s; 118.03 connections/user sec, bytes read 0
576 connections in 11 real seconds, 0 bytes read per connection
Execution 33
s_time: verify depth is 1
560 connections in 4.93s; 113.59 connections/user sec, bytes read 0
560 connections in 11 real seconds, 0 bytes read per connection
Execution 34
s_time: verify depth is 1
444 connections in 3.82s; 116.23 connections/user sec, bytes read 0
444 connections in 12 real seconds, 0 bytes read per connection
Execution 35
s_time: verify depth is 1
545 connections in 4.85s; 112.37 connections/user sec, bytes read 0
545 connections in 11 real seconds, 0 bytes read per connection
Execution 36
s_time: verify depth is 1
556 connections in 4.96s; 112.10 connections/user sec, bytes read 0
556 connections in 11 real seconds, 0 bytes read per connection
Execution 37
s_time: verify depth is 1
543 connections in 4.69s; 115.78 connections/user sec, bytes read 0
543 connections in 14 real seconds, 0 bytes read per connection
Execution 38
s_time: verify depth is 1
559 connections in 4.88s; 114.55 connections/user sec, bytes read 0
559 connections in 11 real seconds, 0 bytes read per connection
Execution 39
s_time: verify depth is 1
562 connections in 4.88s; 115.16 connections/user sec, bytes read 0
562 connections in 11 real seconds, 0 bytes read per connection
Execution 40
s_time: verify depth is 1
531 connections in 4.73s; 112.26 connections/user sec, bytes read 0
531 connections in 13 real seconds, 0 bytes read per connection
Execution 41
s_time: verify depth is 1
503 connections in 4.53s; 111.04 connections/user sec, bytes read 0
503 connections in 11 real seconds, 0 bytes read per connection
Execution 42
s_time: verify depth is 1
552 connections in 4.91s; 112.42 connections/user sec, bytes read 0
552 connections in 11 real seconds, 0 bytes read per connection
Execution 43
s_time: verify depth is 1
563 connections in 4.88s; 115.37 connections/user sec, bytes read 0
563 connections in 11 real seconds, 0 bytes read per connection
Execution 44
s_time: verify depth is 1
380 connections in 3.30s; 115.15 connections/user sec, bytes read 0
380 connections in 11 real seconds, 0 bytes read per connection
Execution 45
s_time: verify depth is 1
557 connections in 4.86s; 114.61 connections/user sec, bytes read 0
557 connections in 11 real seconds, 0 bytes read per connection
Execution 46
s_time: verify depth is 1
567 connections in 5.00s; 113.40 connections/user sec, bytes read 0
567 connections in 11 real seconds, 0 bytes read per connection
Execution 47
s_time: verify depth is 1
382 connections in 3.29s; 116.11 connections/user sec, bytes read 0
382 connections in 11 real seconds, 0 bytes read per connection
Execution 48
s_time: verify depth is 1
562 connections in 4.99s; 112.63 connections/user sec, bytes read 0
562 connections in 11 real seconds, 0 bytes read per connection
Execution 49
s_time: verify depth is 1
577 connections in 4.89s; 118.00 connections/user sec, bytes read 0
577 connections in 11 real seconds, 0 bytes read per connection
Execution 50
s_time: verify depth is 1
382 connections in 3.40s; 112.35 connections/user sec, bytes read 0
382 connections in 11 real seconds, 0 bytes read per connection
tc
Mostrando el estado de qdisc para la interfaz: lo
qdisc netem 80ff: root refcnt 2 limit 1000 delay 1.0ms
 Sent 0 bytes 0 pkt (dropped 0, overlimits 0 requeues 0) 
 backlog 0b 0p requeues 0
-----
-----
Certificate request self-signature ok
subject=CN=localhost
Running /opt/oqssa/bin/perftestServer.sh with SIG_ALG=mldsa87 and KEM_ALG=mlkem1024

Using default temp DH parameters
ACCEPT
Execution 1
s_time: verify depth is 1
1801 connections in 2.09s; 861.72 connections/user sec, bytes read 0
1801 connections in 11 real seconds, 0 bytes read per connection
Execution 2
s_time: verify depth is 1
1934 connections in 2.13s; 907.98 connections/user sec, bytes read 0
1934 connections in 11 real seconds, 0 bytes read per connection
Execution 3
s_time: verify depth is 1
1368 connections in 1.42s; 963.38 connections/user sec, bytes read 0
1368 connections in 11 real seconds, 0 bytes read per connection
Execution 4
s_time: verify depth is 1
1871 connections in 2.09s; 895.22 connections/user sec, bytes read 0
1871 connections in 11 real seconds, 0 bytes read per connection
Execution 5
s_time: verify depth is 1
1973 connections in 2.06s; 957.77 connections/user sec, bytes read 0
1973 connections in 11 real seconds, 0 bytes read per connection
Execution 6
s_time: verify depth is 1
1891 connections in 1.93s; 979.79 connections/user sec, bytes read 0
1891 connections in 14 real seconds, 0 bytes read per connection
Execution 7
s_time: verify depth is 1
1917 connections in 2.00s; 958.50 connections/user sec, bytes read 0
1917 connections in 11 real seconds, 0 bytes read per connection
Execution 8
s_time: verify depth is 1
1933 connections in 2.11s; 916.11 connections/user sec, bytes read 0
1933 connections in 11 real seconds, 0 bytes read per connection
Execution 9
s_time: verify depth is 1
1859 connections in 1.91s; 973.30 connections/user sec, bytes read 0
1859 connections in 13 real seconds, 0 bytes read per connection
Execution 10
s_time: verify depth is 1
1752 connections in 1.98s; 884.85 connections/user sec, bytes read 0
1752 connections in 11 real seconds, 0 bytes read per connection
Execution 11
s_time: verify depth is 1
1973 connections in 2.03s; 971.92 connections/user sec, bytes read 0
1973 connections in 11 real seconds, 0 bytes read per connection
Execution 12
s_time: verify depth is 1
1947 connections in 2.05s; 949.76 connections/user sec, bytes read 0
1947 connections in 11 real seconds, 0 bytes read per connection
Execution 13
s_time: verify depth is 1
1317 connections in 1.41s; 934.04 connections/user sec, bytes read 0
1317 connections in 11 real seconds, 0 bytes read per connection
Execution 14
s_time: verify depth is 1
1952 connections in 2.11s; 925.12 connections/user sec, bytes read 0
1952 connections in 11 real seconds, 0 bytes read per connection
Execution 15
s_time: verify depth is 1
1959 connections in 2.02s; 969.80 connections/user sec, bytes read 0
1959 connections in 11 real seconds, 0 bytes read per connection
Execution 16
s_time: verify depth is 1
1330 connections in 1.43s; 930.07 connections/user sec, bytes read 0
1330 connections in 11 real seconds, 0 bytes read per connection
Execution 17
s_time: verify depth is 1
1913 connections in 2.15s; 889.77 connections/user sec, bytes read 0
1913 connections in 11 real seconds, 0 bytes read per connection
Execution 18
s_time: verify depth is 1
1943 connections in 2.15s; 903.72 connections/user sec, bytes read 0
1943 connections in 11 real seconds, 0 bytes read per connection
Execution 19
s_time: verify depth is 1
1300 connections in 1.50s; 866.67 connections/user sec, bytes read 0
1300 connections in 11 real seconds, 0 bytes read per connection
Execution 20
s_time: verify depth is 1
1982 connections in 2.00s; 991.00 connections/user sec, bytes read 0
1982 connections in 11 real seconds, 0 bytes read per connection
Execution 21
s_time: verify depth is 1
1974 connections in 2.02s; 977.23 connections/user sec, bytes read 0
1974 connections in 11 real seconds, 0 bytes read per connection
Execution 22
s_time: verify depth is 1
1581 connections in 1.56s; 1013.46 connections/user sec, bytes read 0
1581 connections in 12 real seconds, 0 bytes read per connection
Execution 23
s_time: verify depth is 1
1882 connections in 2.09s; 900.48 connections/user sec, bytes read 0
1882 connections in 11 real seconds, 0 bytes read per connection
Execution 24
s_time: verify depth is 1
1944 connections in 2.21s; 879.64 connections/user sec, bytes read 0
1944 connections in 11 real seconds, 0 bytes read per connection
Execution 25
s_time: verify depth is 1
1879 connections in 1.94s; 968.56 connections/user sec, bytes read 0
1879 connections in 14 real seconds, 0 bytes read per connection
Execution 26
s_time: verify depth is 1
1947 connections in 1.95s; 998.46 connections/user sec, bytes read 0
1947 connections in 11 real seconds, 0 bytes read per connection
Execution 27
s_time: verify depth is 1
1986 connections in 2.01s; 988.06 connections/user sec, bytes read 0
1986 connections in 11 real seconds, 0 bytes read per connection
Execution 28
s_time: verify depth is 1
1855 connections in 1.96s; 946.43 connections/user sec, bytes read 0
1855 connections in 13 real seconds, 0 bytes read per connection
Execution 29
s_time: verify depth is 1
1790 connections in 1.82s; 983.52 connections/user sec, bytes read 0
1790 connections in 11 real seconds, 0 bytes read per connection
Execution 30
s_time: verify depth is 1
1953 connections in 2.13s; 916.90 connections/user sec, bytes read 0
1953 connections in 11 real seconds, 0 bytes read per connection
Execution 31
s_time: verify depth is 1
1943 connections in 2.09s; 929.67 connections/user sec, bytes read 0
1943 connections in 11 real seconds, 0 bytes read per connection
Execution 32
s_time: verify depth is 1
1322 connections in 1.38s; 957.97 connections/user sec, bytes read 0
1322 connections in 11 real seconds, 0 bytes read per connection
Execution 33
s_time: verify depth is 1
1970 connections in 2.04s; 965.69 connections/user sec, bytes read 0
1970 connections in 11 real seconds, 0 bytes read per connection
Execution 34
s_time: verify depth is 1
1980 connections in 1.98s; 1000.00 connections/user sec, bytes read 0
1980 connections in 11 real seconds, 0 bytes read per connection
Execution 35
s_time: verify depth is 1
1322 connections in 1.43s; 924.48 connections/user sec, bytes read 0
1322 connections in 11 real seconds, 0 bytes read per connection
Execution 36
s_time: verify depth is 1
1957 connections in 2.07s; 945.41 connections/user sec, bytes read 0
1957 connections in 11 real seconds, 0 bytes read per connection
Execution 37
s_time: verify depth is 1
1969 connections in 2.06s; 955.83 connections/user sec, bytes read 0
1969 connections in 11 real seconds, 0 bytes read per connection
Execution 38
s_time: verify depth is 1
1295 connections in 1.43s; 905.59 connections/user sec, bytes read 0
1295 connections in 11 real seconds, 0 bytes read per connection
Execution 39
s_time: verify depth is 1
1974 connections in 2.03s; 972.41 connections/user sec, bytes read 0
1974 connections in 11 real seconds, 0 bytes read per connection
Execution 40
s_time: verify depth is 1
1980 connections in 1.99s; 994.97 connections/user sec, bytes read 0
1980 connections in 11 real seconds, 0 bytes read per connection
Execution 41
s_time: verify depth is 1
1520 connections in 1.68s; 904.76 connections/user sec, bytes read 0
1520 connections in 12 real seconds, 0 bytes read per connection
Execution 42
s_time: verify depth is 1
1865 connections in 2.16s; 863.43 connections/user sec, bytes read 0
1865 connections in 11 real seconds, 0 bytes read per connection
Execution 43
s_time: verify depth is 1
1969 connections in 2.03s; 969.95 connections/user sec, bytes read 0
1969 connections in 11 real seconds, 0 bytes read per connection
Execution 44
s_time: verify depth is 1
1890 connections in 1.95s; 969.23 connections/user sec, bytes read 0
1890 connections in 14 real seconds, 0 bytes read per connection
Execution 45
s_time: verify depth is 1
1969 connections in 1.98s; 994.44 connections/user sec, bytes read 0
1969 connections in 11 real seconds, 0 bytes read per connection
Execution 46
s_time: verify depth is 1
1982 connections in 2.05s; 966.83 connections/user sec, bytes read 0
1982 connections in 11 real seconds, 0 bytes read per connection
Execution 47
s_time: verify depth is 1
1818 connections in 2.05s; 886.83 connections/user sec, bytes read 0
1818 connections in 13 real seconds, 0 bytes read per connection
Execution 48
s_time: verify depth is 1
1790 connections in 1.79s; 1000.00 connections/user sec, bytes read 0
1790 connections in 11 real seconds, 0 bytes read per connection
Execution 49
s_time: verify depth is 1
1961 connections in 1.95s; 1005.64 connections/user sec, bytes read 0
1961 connections in 11 real seconds, 0 bytes read per connection
Execution 50
s_time: verify depth is 1
1939 connections in 2.10s; 923.33 connections/user sec, bytes read 0
1939 connections in 11 real seconds, 0 bytes read per connection
falcon1024
tc
Mostrando el estado de qdisc para la interfaz: lo
qdisc netem 8100: root refcnt 2 limit 1000 delay 1.0ms
 Sent 0 bytes 0 pkt (dropped 0, overlimits 0 requeues 0) 
 backlog 0b 0p requeues 0
-----
-----
Certificate request self-signature ok
subject=CN=localhost
Running /opt/oqssa/bin/perftestServer.sh with SIG_ALG=falcon1024 and KEM_ALG=P-521

Using default temp DH parameters
ACCEPT
Execution 1
s_time: verify depth is 1
533 connections in 4.55s; 117.14 connections/user sec, bytes read 0
533 connections in 11 real seconds, 0 bytes read per connection
Execution 2
s_time: verify depth is 1
541 connections in 4.65s; 116.34 connections/user sec, bytes read 0
541 connections in 11 real seconds, 0 bytes read per connection
Execution 3
s_time: verify depth is 1
451 connections in 3.90s; 115.64 connections/user sec, bytes read 0
451 connections in 12 real seconds, 0 bytes read per connection
Execution 4
s_time: verify depth is 1
506 connections in 4.38s; 115.53 connections/user sec, bytes read 0
506 connections in 11 real seconds, 0 bytes read per connection
Execution 5
s_time: verify depth is 1
526 connections in 4.73s; 111.21 connections/user sec, bytes read 0
526 connections in 11 real seconds, 0 bytes read per connection
Execution 6
s_time: verify depth is 1
529 connections in 4.69s; 112.79 connections/user sec, bytes read 0
529 connections in 14 real seconds, 0 bytes read per connection
Execution 7
s_time: verify depth is 1
518 connections in 4.47s; 115.88 connections/user sec, bytes read 0
518 connections in 11 real seconds, 0 bytes read per connection
Execution 8
s_time: verify depth is 1
531 connections in 4.74s; 112.03 connections/user sec, bytes read 0
531 connections in 11 real seconds, 0 bytes read per connection
Execution 9
s_time: verify depth is 1
525 connections in 4.57s; 114.88 connections/user sec, bytes read 0
525 connections in 14 real seconds, 0 bytes read per connection
Execution 10
s_time: verify depth is 1
528 connections in 4.54s; 116.30 connections/user sec, bytes read 0
528 connections in 11 real seconds, 0 bytes read per connection
Execution 11
s_time: verify depth is 1
525 connections in 4.60s; 114.13 connections/user sec, bytes read 0
525 connections in 11 real seconds, 0 bytes read per connection
Execution 12
s_time: verify depth is 1
520 connections in 4.51s; 115.30 connections/user sec, bytes read 0
520 connections in 14 real seconds, 0 bytes read per connection
Execution 13
s_time: verify depth is 1
533 connections in 4.70s; 113.40 connections/user sec, bytes read 0
533 connections in 11 real seconds, 0 bytes read per connection
Execution 14
s_time: verify depth is 1
536 connections in 4.69s; 114.29 connections/user sec, bytes read 0
536 connections in 11 real seconds, 0 bytes read per connection
Execution 15
s_time: verify depth is 1
515 connections in 4.55s; 113.19 connections/user sec, bytes read 0
515 connections in 13 real seconds, 0 bytes read per connection
Execution 16
s_time: verify depth is 1
541 connections in 4.74s; 114.14 connections/user sec, bytes read 0
541 connections in 11 real seconds, 0 bytes read per connection
Execution 17
s_time: verify depth is 1
539 connections in 4.72s; 114.19 connections/user sec, bytes read 0
539 connections in 11 real seconds, 0 bytes read per connection
Execution 18
s_time: verify depth is 1
497 connections in 4.35s; 114.25 connections/user sec, bytes read 0
497 connections in 13 real seconds, 0 bytes read per connection
Execution 19
s_time: verify depth is 1
493 connections in 4.38s; 112.56 connections/user sec, bytes read 0
493 connections in 11 real seconds, 0 bytes read per connection
Execution 20
s_time: verify depth is 1
537 connections in 4.72s; 113.77 connections/user sec, bytes read 0
537 connections in 11 real seconds, 0 bytes read per connection
Execution 21
s_time: verify depth is 1
550 connections in 4.73s; 116.28 connections/user sec, bytes read 0
550 connections in 11 real seconds, 0 bytes read per connection
Execution 22
s_time: verify depth is 1
369 connections in 3.15s; 117.14 connections/user sec, bytes read 0
369 connections in 11 real seconds, 0 bytes read per connection
Execution 23
s_time: verify depth is 1
537 connections in 4.70s; 114.26 connections/user sec, bytes read 0
537 connections in 11 real seconds, 0 bytes read per connection
Execution 24
s_time: verify depth is 1
529 connections in 4.76s; 111.13 connections/user sec, bytes read 0
529 connections in 11 real seconds, 0 bytes read per connection
Execution 25
s_time: verify depth is 1
361 connections in 3.18s; 113.52 connections/user sec, bytes read 0
361 connections in 11 real seconds, 0 bytes read per connection
Execution 26
s_time: verify depth is 1
531 connections in 4.76s; 111.55 connections/user sec, bytes read 0
531 connections in 11 real seconds, 0 bytes read per connection
Execution 27
s_time: verify depth is 1
536 connections in 4.78s; 112.13 connections/user sec, bytes read 0
536 connections in 11 real seconds, 0 bytes read per connection
Execution 28
s_time: verify depth is 1
357 connections in 3.18s; 112.26 connections/user sec, bytes read 0
357 connections in 11 real seconds, 0 bytes read per connection
Execution 29
s_time: verify depth is 1
535 connections in 4.72s; 113.35 connections/user sec, bytes read 0
535 connections in 11 real seconds, 0 bytes read per connection
Execution 30
s_time: verify depth is 1
543 connections in 4.66s; 116.52 connections/user sec, bytes read 0
543 connections in 11 real seconds, 0 bytes read per connection
Execution 31
s_time: verify depth is 1
409 connections in 3.83s; 106.79 connections/user sec, bytes read 0
409 connections in 12 real seconds, 0 bytes read per connection
Execution 32
s_time: verify depth is 1
523 connections in 4.68s; 111.75 connections/user sec, bytes read 0
523 connections in 11 real seconds, 0 bytes read per connection
Execution 33
s_time: verify depth is 1
540 connections in 4.68s; 115.38 connections/user sec, bytes read 0
540 connections in 11 real seconds, 0 bytes read per connection
Execution 34
s_time: verify depth is 1
515 connections in 4.48s; 114.96 connections/user sec, bytes read 0
515 connections in 13 real seconds, 0 bytes read per connection
Execution 35
s_time: verify depth is 1
539 connections in 4.74s; 113.71 connections/user sec, bytes read 0
539 connections in 11 real seconds, 0 bytes read per connection
Execution 36
s_time: verify depth is 1
547 connections in 4.70s; 116.38 connections/user sec, bytes read 0
547 connections in 11 real seconds, 0 bytes read per connection
Execution 37
s_time: verify depth is 1
508 connections in 4.33s; 117.32 connections/user sec, bytes read 0
508 connections in 13 real seconds, 0 bytes read per connection
Execution 38
s_time: verify depth is 1
486 connections in 4.38s; 110.96 connections/user sec, bytes read 0
486 connections in 11 real seconds, 0 bytes read per connection
Execution 39
s_time: verify depth is 1
540 connections in 4.72s; 114.41 connections/user sec, bytes read 0
540 connections in 11 real seconds, 0 bytes read per connection
Execution 40
s_time: verify depth is 1
544 connections in 4.63s; 117.49 connections/user sec, bytes read 0
544 connections in 11 real seconds, 0 bytes read per connection
Execution 41
s_time: verify depth is 1
364 connections in 3.16s; 115.19 connections/user sec, bytes read 0
364 connections in 11 real seconds, 0 bytes read per connection
Execution 42
s_time: verify depth is 1
537 connections in 4.65s; 115.48 connections/user sec, bytes read 0
537 connections in 11 real seconds, 0 bytes read per connection
Execution 43
s_time: verify depth is 1
528 connections in 4.60s; 114.78 connections/user sec, bytes read 0
528 connections in 11 real seconds, 0 bytes read per connection
Execution 44
s_time: verify depth is 1
359 connections in 3.24s; 110.80 connections/user sec, bytes read 0
359 connections in 11 real seconds, 0 bytes read per connection
Execution 45
s_time: verify depth is 1
528 connections in 4.72s; 111.86 connections/user sec, bytes read 0
528 connections in 11 real seconds, 0 bytes read per connection
Execution 46
s_time: verify depth is 1
528 connections in 4.73s; 111.63 connections/user sec, bytes read 0
528 connections in 11 real seconds, 0 bytes read per connection
Execution 47
s_time: verify depth is 1
362 connections in 3.12s; 116.03 connections/user sec, bytes read 0
362 connections in 11 real seconds, 0 bytes read per connection
Execution 48
s_time: verify depth is 1
525 connections in 4.75s; 110.53 connections/user sec, bytes read 0
525 connections in 11 real seconds, 0 bytes read per connection
Execution 49
s_time: verify depth is 1
540 connections in 4.74s; 113.92 connections/user sec, bytes read 0
540 connections in 11 real seconds, 0 bytes read per connection
Execution 50
s_time: verify depth is 1
412 connections in 3.67s; 112.26 connections/user sec, bytes read 0
412 connections in 12 real seconds, 0 bytes read per connection
tc
Mostrando el estado de qdisc para la interfaz: lo
qdisc netem 8101: root refcnt 2 limit 1000 delay 1.0ms
 Sent 0 bytes 0 pkt (dropped 0, overlimits 0 requeues 0) 
 backlog 0b 0p requeues 0
-----
-----
Certificate request self-signature ok
subject=CN=localhost
Running /opt/oqssa/bin/perftestServer.sh with SIG_ALG=falcon1024 and KEM_ALG=mlkem1024

Using default temp DH parameters
ACCEPT
Execution 1
s_time: verify depth is 1
1564 connections in 1.74s; 898.85 connections/user sec, bytes read 0
1564 connections in 11 real seconds, 0 bytes read per connection
Execution 2
s_time: verify depth is 1
1709 connections in 1.92s; 890.10 connections/user sec, bytes read 0
1709 connections in 11 real seconds, 0 bytes read per connection
Execution 3
s_time: verify depth is 1
1453 connections in 1.70s; 854.71 connections/user sec, bytes read 0
1453 connections in 12 real seconds, 0 bytes read per connection
Execution 4
s_time: verify depth is 1
1657 connections in 1.87s; 886.10 connections/user sec, bytes read 0
1657 connections in 11 real seconds, 0 bytes read per connection
Execution 5
s_time: verify depth is 1
1705 connections in 1.82s; 936.81 connections/user sec, bytes read 0
1705 connections in 11 real seconds, 0 bytes read per connection
Execution 6
s_time: verify depth is 1
1589 connections in 1.73s; 918.50 connections/user sec, bytes read 0
1589 connections in 13 real seconds, 0 bytes read per connection
Execution 7
s_time: verify depth is 1
1569 connections in 1.83s; 857.38 connections/user sec, bytes read 0
1569 connections in 11 real seconds, 0 bytes read per connection
Execution 8
s_time: verify depth is 1
1707 connections in 1.86s; 917.74 connections/user sec, bytes read 0
1707 connections in 11 real seconds, 0 bytes read per connection
Execution 9
s_time: verify depth is 1
1691 connections in 1.87s; 904.28 connections/user sec, bytes read 0
1691 connections in 11 real seconds, 0 bytes read per connection
Execution 10
s_time: verify depth is 1
1141 connections in 1.29s; 884.50 connections/user sec, bytes read 0
1141 connections in 11 real seconds, 0 bytes read per connection
Execution 11
s_time: verify depth is 1
1706 connections in 1.96s; 870.41 connections/user sec, bytes read 0
1706 connections in 11 real seconds, 0 bytes read per connection
Execution 12
s_time: verify depth is 1
1729 connections in 1.94s; 891.24 connections/user sec, bytes read 0
1729 connections in 11 real seconds, 0 bytes read per connection
Execution 13
s_time: verify depth is 1
1139 connections in 1.29s; 882.95 connections/user sec, bytes read 0
1139 connections in 11 real seconds, 0 bytes read per connection
Execution 14
s_time: verify depth is 1
1692 connections in 1.95s; 867.69 connections/user sec, bytes read 0
1692 connections in 11 real seconds, 0 bytes read per connection
Execution 15
s_time: verify depth is 1
1716 connections in 1.93s; 889.12 connections/user sec, bytes read 0
1716 connections in 11 real seconds, 0 bytes read per connection
Execution 16
s_time: verify depth is 1
1139 connections in 1.22s; 933.61 connections/user sec, bytes read 0
1139 connections in 11 real seconds, 0 bytes read per connection
Execution 17
s_time: verify depth is 1
1739 connections in 1.78s; 976.97 connections/user sec, bytes read 0
1739 connections in 11 real seconds, 0 bytes read per connection
Execution 18
s_time: verify depth is 1
1712 connections in 1.92s; 891.67 connections/user sec, bytes read 0
1712 connections in 11 real seconds, 0 bytes read per connection
Execution 19
s_time: verify depth is 1
1322 connections in 1.44s; 918.06 connections/user sec, bytes read 0
1322 connections in 12 real seconds, 0 bytes read per connection
Execution 20
s_time: verify depth is 1
1676 connections in 1.99s; 842.21 connections/user sec, bytes read 0
1676 connections in 11 real seconds, 0 bytes read per connection
Execution 21
s_time: verify depth is 1
1698 connections in 2.03s; 836.45 connections/user sec, bytes read 0
1698 connections in 11 real seconds, 0 bytes read per connection
Execution 22
s_time: verify depth is 1
1600 connections in 1.75s; 914.29 connections/user sec, bytes read 0
1600 connections in 13 real seconds, 0 bytes read per connection
Execution 23
s_time: verify depth is 1
1724 connections in 1.90s; 907.37 connections/user sec, bytes read 0
1724 connections in 11 real seconds, 0 bytes read per connection
Execution 24
s_time: verify depth is 1
1724 connections in 1.84s; 936.96 connections/user sec, bytes read 0
1724 connections in 11 real seconds, 0 bytes read per connection
Execution 25
s_time: verify depth is 1
1578 connections in 1.75s; 901.71 connections/user sec, bytes read 0
1578 connections in 13 real seconds, 0 bytes read per connection
Execution 26
s_time: verify depth is 1
1606 connections in 1.64s; 979.27 connections/user sec, bytes read 0
1606 connections in 11 real seconds, 0 bytes read per connection
Execution 27
s_time: verify depth is 1
1703 connections in 1.91s; 891.62 connections/user sec, bytes read 0
1703 connections in 11 real seconds, 0 bytes read per connection
Execution 28
s_time: verify depth is 1
1704 connections in 1.93s; 882.90 connections/user sec, bytes read 0
1704 connections in 11 real seconds, 0 bytes read per connection
Execution 29
s_time: verify depth is 1
1133 connections in 1.29s; 878.29 connections/user sec, bytes read 0
1133 connections in 11 real seconds, 0 bytes read per connection
Execution 30
s_time: verify depth is 1
1707 connections in 1.80s; 948.33 connections/user sec, bytes read 0
1707 connections in 11 real seconds, 0 bytes read per connection
Execution 31
s_time: verify depth is 1
1683 connections in 2.02s; 833.17 connections/user sec, bytes read 0
1683 connections in 11 real seconds, 0 bytes read per connection
Execution 32
s_time: verify depth is 1
1142 connections in 1.28s; 892.19 connections/user sec, bytes read 0
1142 connections in 11 real seconds, 0 bytes read per connection
Execution 33
s_time: verify depth is 1
1721 connections in 1.84s; 935.33 connections/user sec, bytes read 0
1721 connections in 11 real seconds, 0 bytes read per connection
Execution 34
s_time: verify depth is 1
1689 connections in 1.87s; 903.21 connections/user sec, bytes read 0
1689 connections in 11 real seconds, 0 bytes read per connection
Execution 35
s_time: verify depth is 1
1150 connections in 1.35s; 851.85 connections/user sec, bytes read 0
1150 connections in 11 real seconds, 0 bytes read per connection
Execution 36
s_time: verify depth is 1
1694 connections in 1.94s; 873.20 connections/user sec, bytes read 0
1694 connections in 11 real seconds, 0 bytes read per connection
Execution 37
s_time: verify depth is 1
1689 connections in 1.90s; 888.95 connections/user sec, bytes read 0
1689 connections in 11 real seconds, 0 bytes read per connection
Execution 38
s_time: verify depth is 1
1327 connections in 1.41s; 941.13 connections/user sec, bytes read 0
1327 connections in 12 real seconds, 0 bytes read per connection
Execution 39
s_time: verify depth is 1
1685 connections in 1.83s; 920.77 connections/user sec, bytes read 0
1685 connections in 11 real seconds, 0 bytes read per connection
Execution 40
s_time: verify depth is 1
1713 connections in 1.93s; 887.56 connections/user sec, bytes read 0
1713 connections in 11 real seconds, 0 bytes read per connection
Execution 41
s_time: verify depth is 1
1626 connections in 1.72s; 945.35 connections/user sec, bytes read 0
1626 connections in 14 real seconds, 0 bytes read per connection
Execution 42
s_time: verify depth is 1
1705 connections in 1.92s; 888.02 connections/user sec, bytes read 0
1705 connections in 11 real seconds, 0 bytes read per connection
Execution 43
s_time: verify depth is 1
1678 connections in 1.98s; 847.47 connections/user sec, bytes read 0
1678 connections in 11 real seconds, 0 bytes read per connection
Execution 44
s_time: verify depth is 1
1591 connections in 1.70s; 935.88 connections/user sec, bytes read 0
1591 connections in 13 real seconds, 0 bytes read per connection
Execution 45
s_time: verify depth is 1
1573 connections in 1.77s; 888.70 connections/user sec, bytes read 0
1573 connections in 11 real seconds, 0 bytes read per connection
Execution 46
s_time: verify depth is 1
1700 connections in 1.96s; 867.35 connections/user sec, bytes read 0
1700 connections in 11 real seconds, 0 bytes read per connection
Execution 47
s_time: verify depth is 1
1700 connections in 1.96s; 867.35 connections/user sec, bytes read 0
1700 connections in 11 real seconds, 0 bytes read per connection
Execution 48
s_time: verify depth is 1
1144 connections in 1.28s; 893.75 connections/user sec, bytes read 0
1144 connections in 11 real seconds, 0 bytes read per connection
Execution 49
s_time: verify depth is 1
1685 connections in 1.95s; 864.10 connections/user sec, bytes read 0
1685 connections in 11 real seconds, 0 bytes read per connection
Execution 50
s_time: verify depth is 1
1699 connections in 1.89s; 898.94 connections/user sec, bytes read 0
1699 connections in 11 real seconds, 0 bytes read per connection
sphincssha2256fsimple
tc
Mostrando el estado de qdisc para la interfaz: lo
qdisc netem 8102: root refcnt 2 limit 1000 delay 1.0ms
 Sent 0 bytes 0 pkt (dropped 0, overlimits 0 requeues 0) 
 backlog 0b 0p requeues 0
-----
-----
Certificate request self-signature ok
subject=CN=localhost
Running /opt/oqssa/bin/perftestServer.sh with SIG_ALG=sphincssha2256fsimple and KEM_ALG=P-521

Using default temp DH parameters
ACCEPT
Execution 1
s_time: verify depth is 1
120 connections in 1.49s; 80.54 connections/user sec, bytes read 0
120 connections in 11 real seconds, 0 bytes read per connection
Execution 2
s_time: verify depth is 1
198 connections in 2.51s; 78.88 connections/user sec, bytes read 0
198 connections in 11 real seconds, 0 bytes read per connection
Execution 3
s_time: verify depth is 1
199 connections in 2.46s; 80.89 connections/user sec, bytes read 0
199 connections in 11 real seconds, 0 bytes read per connection
Execution 4
s_time: verify depth is 1
134 connections in 1.71s; 78.36 connections/user sec, bytes read 0
134 connections in 11 real seconds, 0 bytes read per connection
Execution 5
s_time: verify depth is 1
201 connections in 2.47s; 81.38 connections/user sec, bytes read 0
201 connections in 11 real seconds, 0 bytes read per connection
Execution 6
s_time: verify depth is 1
196 connections in 2.56s; 76.56 connections/user sec, bytes read 0
196 connections in 11 real seconds, 0 bytes read per connection
Execution 7
s_time: verify depth is 1
138 connections in 1.71s; 80.70 connections/user sec, bytes read 0
138 connections in 11 real seconds, 0 bytes read per connection
Execution 8
s_time: verify depth is 1
192 connections in 2.38s; 80.67 connections/user sec, bytes read 0
192 connections in 11 real seconds, 0 bytes read per connection
Execution 9
s_time: verify depth is 1
197 connections in 2.50s; 78.80 connections/user sec, bytes read 0
197 connections in 11 real seconds, 0 bytes read per connection
Execution 10
s_time: verify depth is 1
189 connections in 2.35s; 80.43 connections/user sec, bytes read 0
189 connections in 14 real seconds, 0 bytes read per connection
Execution 11
s_time: verify depth is 1
200 connections in 2.52s; 79.37 connections/user sec, bytes read 0
200 connections in 11 real seconds, 0 bytes read per connection
Execution 12
s_time: verify depth is 1
196 connections in 2.48s; 79.03 connections/user sec, bytes read 0
196 connections in 11 real seconds, 0 bytes read per connection
Execution 13
s_time: verify depth is 1
181 connections in 2.27s; 79.74 connections/user sec, bytes read 0
181 connections in 13 real seconds, 0 bytes read per connection
Execution 14
s_time: verify depth is 1
185 connections in 2.27s; 81.50 connections/user sec, bytes read 0
185 connections in 11 real seconds, 0 bytes read per connection
Execution 15
s_time: verify depth is 1
196 connections in 2.55s; 76.86 connections/user sec, bytes read 0
196 connections in 11 real seconds, 0 bytes read per connection
Execution 16
s_time: verify depth is 1
201 connections in 2.40s; 83.75 connections/user sec, bytes read 0
201 connections in 11 real seconds, 0 bytes read per connection
Execution 17
s_time: verify depth is 1
136 connections in 1.65s; 82.42 connections/user sec, bytes read 0
136 connections in 11 real seconds, 0 bytes read per connection
Execution 18
s_time: verify depth is 1
197 connections in 2.52s; 78.17 connections/user sec, bytes read 0
197 connections in 11 real seconds, 0 bytes read per connection
Execution 19
s_time: verify depth is 1
202 connections in 2.53s; 79.84 connections/user sec, bytes read 0
202 connections in 11 real seconds, 0 bytes read per connection
Execution 20
s_time: verify depth is 1
128 connections in 1.68s; 76.19 connections/user sec, bytes read 0
128 connections in 11 real seconds, 0 bytes read per connection
Execution 21
s_time: verify depth is 1
201 connections in 2.45s; 82.04 connections/user sec, bytes read 0
201 connections in 11 real seconds, 0 bytes read per connection
Execution 22
s_time: verify depth is 1
196 connections in 2.47s; 79.35 connections/user sec, bytes read 0
196 connections in 11 real seconds, 0 bytes read per connection
Execution 23
s_time: verify depth is 1
137 connections in 1.62s; 84.57 connections/user sec, bytes read 0
137 connections in 11 real seconds, 0 bytes read per connection
Execution 24
s_time: verify depth is 1
200 connections in 2.52s; 79.37 connections/user sec, bytes read 0
200 connections in 11 real seconds, 0 bytes read per connection
Execution 25
s_time: verify depth is 1
201 connections in 2.45s; 82.04 connections/user sec, bytes read 0
201 connections in 11 real seconds, 0 bytes read per connection
Execution 26
s_time: verify depth is 1
157 connections in 1.95s; 80.51 connections/user sec, bytes read 0
157 connections in 12 real seconds, 0 bytes read per connection
Execution 27
s_time: verify depth is 1
192 connections in 2.49s; 77.11 connections/user sec, bytes read 0
192 connections in 11 real seconds, 0 bytes read per connection
Execution 28
s_time: verify depth is 1
200 connections in 2.48s; 80.65 connections/user sec, bytes read 0
200 connections in 11 real seconds, 0 bytes read per connection
Execution 29
s_time: verify depth is 1
187 connections in 2.39s; 78.24 connections/user sec, bytes read 0
187 connections in 14 real seconds, 0 bytes read per connection
Execution 30
s_time: verify depth is 1
197 connections in 2.56s; 76.95 connections/user sec, bytes read 0
197 connections in 11 real seconds, 0 bytes read per connection
Execution 31
s_time: verify depth is 1
199 connections in 2.53s; 78.66 connections/user sec, bytes read 0
199 connections in 11 real seconds, 0 bytes read per connection
Execution 32
s_time: verify depth is 1
187 connections in 2.32s; 80.60 connections/user sec, bytes read 0
187 connections in 13 real seconds, 0 bytes read per connection
Execution 33
s_time: verify depth is 1
182 connections in 2.26s; 80.53 connections/user sec, bytes read 0
182 connections in 11 real seconds, 0 bytes read per connection
Execution 34
s_time: verify depth is 1
198 connections in 2.47s; 80.16 connections/user sec, bytes read 0
198 connections in 11 real seconds, 0 bytes read per connection
Execution 35
s_time: verify depth is 1
199 connections in 2.41s; 82.57 connections/user sec, bytes read 0
199 connections in 11 real seconds, 0 bytes read per connection
Execution 36
s_time: verify depth is 1
134 connections in 1.74s; 77.01 connections/user sec, bytes read 0
134 connections in 11 real seconds, 0 bytes read per connection
Execution 37
s_time: verify depth is 1
202 connections in 2.47s; 81.78 connections/user sec, bytes read 0
202 connections in 11 real seconds, 0 bytes read per connection
Execution 38
s_time: verify depth is 1
198 connections in 2.53s; 78.26 connections/user sec, bytes read 0
198 connections in 11 real seconds, 0 bytes read per connection
Execution 39
s_time: verify depth is 1
133 connections in 1.72s; 77.33 connections/user sec, bytes read 0
133 connections in 11 real seconds, 0 bytes read per connection
Execution 40
s_time: verify depth is 1
200 connections in 2.44s; 81.97 connections/user sec, bytes read 0
200 connections in 11 real seconds, 0 bytes read per connection
Execution 41
s_time: verify depth is 1
195 connections in 2.46s; 79.27 connections/user sec, bytes read 0
195 connections in 11 real seconds, 0 bytes read per connection
Execution 42
s_time: verify depth is 1
131 connections in 1.69s; 77.51 connections/user sec, bytes read 0
131 connections in 11 real seconds, 0 bytes read per connection
Execution 43
s_time: verify depth is 1
199 connections in 2.44s; 81.56 connections/user sec, bytes read 0
199 connections in 11 real seconds, 0 bytes read per connection
Execution 44
s_time: verify depth is 1
196 connections in 2.49s; 78.71 connections/user sec, bytes read 0
196 connections in 11 real seconds, 0 bytes read per connection
Execution 45
s_time: verify depth is 1
156 connections in 1.98s; 78.79 connections/user sec, bytes read 0
156 connections in 12 real seconds, 0 bytes read per connection
Execution 46
s_time: verify depth is 1
195 connections in 2.42s; 80.58 connections/user sec, bytes read 0
195 connections in 11 real seconds, 0 bytes read per connection
Execution 47
s_time: verify depth is 1
197 connections in 2.50s; 78.80 connections/user sec, bytes read 0
197 connections in 11 real seconds, 0 bytes read per connection
Execution 48
s_time: verify depth is 1
188 connections in 2.43s; 77.37 connections/user sec, bytes read 0
188 connections in 14 real seconds, 0 bytes read per connection
Execution 49
s_time: verify depth is 1
199 connections in 2.48s; 80.24 connections/user sec, bytes read 0
199 connections in 11 real seconds, 0 bytes read per connection
Execution 50
s_time: verify depth is 1
198 connections in 2.49s; 79.52 connections/user sec, bytes read 0
198 connections in 11 real seconds, 0 bytes read per connection
tc
Mostrando el estado de qdisc para la interfaz: lo
qdisc netem 8103: root refcnt 2 limit 1000 delay 1.0ms
 Sent 0 bytes 0 pkt (dropped 0, overlimits 0 requeues 0) 
 backlog 0b 0p requeues 0
-----
-----
Certificate request self-signature ok
subject=CN=localhost
Running /opt/oqssa/bin/perftestServer.sh with SIG_ALG=sphincssha2256fsimple and KEM_ALG=mlkem1024

Using default temp DH parameters
ACCEPT
Execution 1
s_time: verify depth is 1
189 connections in 0.93s; 203.23 connections/user sec, bytes read 0
189 connections in 12 real seconds, 0 bytes read per connection
Execution 2
s_time: verify depth is 1
221 connections in 1.07s; 206.54 connections/user sec, bytes read 0
221 connections in 11 real seconds, 0 bytes read per connection
Execution 3
s_time: verify depth is 1
242 connections in 1.20s; 201.67 connections/user sec, bytes read 0
242 connections in 11 real seconds, 0 bytes read per connection
Execution 4
s_time: verify depth is 1
237 connections in 1.23s; 192.68 connections/user sec, bytes read 0
237 connections in 11 real seconds, 0 bytes read per connection
Execution 5
s_time: verify depth is 1
163 connections in 0.79s; 206.33 connections/user sec, bytes read 0
163 connections in 11 real seconds, 0 bytes read per connection
Execution 6
s_time: verify depth is 1
239 connections in 1.20s; 199.17 connections/user sec, bytes read 0
239 connections in 11 real seconds, 0 bytes read per connection
Execution 7
s_time: verify depth is 1
240 connections in 1.19s; 201.68 connections/user sec, bytes read 0
240 connections in 11 real seconds, 0 bytes read per connection
Execution 8
s_time: verify depth is 1
161 connections in 0.78s; 206.41 connections/user sec, bytes read 0
161 connections in 11 real seconds, 0 bytes read per connection
Execution 9
s_time: verify depth is 1
238 connections in 1.24s; 191.94 connections/user sec, bytes read 0
238 connections in 11 real seconds, 0 bytes read per connection
Execution 10
s_time: verify depth is 1
239 connections in 1.23s; 194.31 connections/user sec, bytes read 0
239 connections in 11 real seconds, 0 bytes read per connection
Execution 11
s_time: verify depth is 1
160 connections in 0.81s; 197.53 connections/user sec, bytes read 0
160 connections in 11 real seconds, 0 bytes read per connection
Execution 12
s_time: verify depth is 1
238 connections in 1.17s; 203.42 connections/user sec, bytes read 0
238 connections in 11 real seconds, 0 bytes read per connection
Execution 13
s_time: verify depth is 1
235 connections in 1.17s; 200.85 connections/user sec, bytes read 0
235 connections in 11 real seconds, 0 bytes read per connection
Execution 14
s_time: verify depth is 1
184 connections in 0.95s; 193.68 connections/user sec, bytes read 0
184 connections in 12 real seconds, 0 bytes read per connection
Execution 15
s_time: verify depth is 1
233 connections in 1.18s; 197.46 connections/user sec, bytes read 0
233 connections in 11 real seconds, 0 bytes read per connection
Execution 16
s_time: verify depth is 1
240 connections in 1.20s; 200.00 connections/user sec, bytes read 0
240 connections in 11 real seconds, 0 bytes read per connection
Execution 17
s_time: verify depth is 1
227 connections in 1.13s; 200.88 connections/user sec, bytes read 0
227 connections in 14 real seconds, 0 bytes read per connection
Execution 18
s_time: verify depth is 1
238 connections in 1.17s; 203.42 connections/user sec, bytes read 0
238 connections in 11 real seconds, 0 bytes read per connection
Execution 19
s_time: verify depth is 1
239 connections in 1.17s; 204.27 connections/user sec, bytes read 0
239 connections in 11 real seconds, 0 bytes read per connection
Execution 20
s_time: verify depth is 1
217 connections in 1.09s; 199.08 connections/user sec, bytes read 0
217 connections in 13 real seconds, 0 bytes read per connection
Execution 21
s_time: verify depth is 1
224 connections in 1.08s; 207.41 connections/user sec, bytes read 0
224 connections in 11 real seconds, 0 bytes read per connection
Execution 22
s_time: verify depth is 1
241 connections in 1.16s; 207.76 connections/user sec, bytes read 0
241 connections in 11 real seconds, 0 bytes read per connection
Execution 23
s_time: verify depth is 1
233 connections in 1.20s; 194.17 connections/user sec, bytes read 0
233 connections in 11 real seconds, 0 bytes read per connection
Execution 24
s_time: verify depth is 1
160 connections in 0.79s; 202.53 connections/user sec, bytes read 0
160 connections in 11 real seconds, 0 bytes read per connection
Execution 25
s_time: verify depth is 1
239 connections in 1.21s; 197.52 connections/user sec, bytes read 0
239 connections in 11 real seconds, 0 bytes read per connection
Execution 26
s_time: verify depth is 1
234 connections in 1.17s; 200.00 connections/user sec, bytes read 0
234 connections in 11 real seconds, 0 bytes read per connection
Execution 27
s_time: verify depth is 1
163 connections in 0.75s; 217.33 connections/user sec, bytes read 0
163 connections in 11 real seconds, 0 bytes read per connection
Execution 28
s_time: verify depth is 1
241 connections in 1.24s; 194.35 connections/user sec, bytes read 0
241 connections in 11 real seconds, 0 bytes read per connection
Execution 29
s_time: verify depth is 1
240 connections in 1.21s; 198.35 connections/user sec, bytes read 0
240 connections in 11 real seconds, 0 bytes read per connection
Execution 30
s_time: verify depth is 1
163 connections in 0.78s; 208.97 connections/user sec, bytes read 0
163 connections in 11 real seconds, 0 bytes read per connection
Execution 31
s_time: verify depth is 1
240 connections in 1.22s; 196.72 connections/user sec, bytes read 0
240 connections in 11 real seconds, 0 bytes read per connection
Execution 32
s_time: verify depth is 1
237 connections in 1.18s; 200.85 connections/user sec, bytes read 0
237 connections in 11 real seconds, 0 bytes read per connection
Execution 33
s_time: verify depth is 1
186 connections in 0.92s; 202.17 connections/user sec, bytes read 0
186 connections in 12 real seconds, 0 bytes read per connection
Execution 34
s_time: verify depth is 1
232 connections in 1.14s; 203.51 connections/user sec, bytes read 0
232 connections in 11 real seconds, 0 bytes read per connection
Execution 35
s_time: verify depth is 1
238 connections in 1.22s; 195.08 connections/user sec, bytes read 0
238 connections in 11 real seconds, 0 bytes read per connection
Execution 36
s_time: verify depth is 1
229 connections in 1.13s; 202.65 connections/user sec, bytes read 0
229 connections in 14 real seconds, 0 bytes read per connection
Execution 37
s_time: verify depth is 1
237 connections in 1.13s; 209.73 connections/user sec, bytes read 0
237 connections in 11 real seconds, 0 bytes read per connection
Execution 38
s_time: verify depth is 1
237 connections in 1.24s; 191.13 connections/user sec, bytes read 0
237 connections in 11 real seconds, 0 bytes read per connection
Execution 39
s_time: verify depth is 1
221 connections in 1.12s; 197.32 connections/user sec, bytes read 0
221 connections in 13 real seconds, 0 bytes read per connection
Execution 40
s_time: verify depth is 1
222 connections in 1.08s; 205.56 connections/user sec, bytes read 0
222 connections in 11 real seconds, 0 bytes read per connection
Execution 41
s_time: verify depth is 1
237 connections in 1.22s; 194.26 connections/user sec, bytes read 0
237 connections in 11 real seconds, 0 bytes read per connection
Execution 42
s_time: verify depth is 1
235 connections in 1.14s; 206.14 connections/user sec, bytes read 0
235 connections in 11 real seconds, 0 bytes read per connection
Execution 43
s_time: verify depth is 1
161 connections in 0.79s; 203.80 connections/user sec, bytes read 0
161 connections in 11 real seconds, 0 bytes read per connection
Execution 44
s_time: verify depth is 1
233 connections in 1.22s; 190.98 connections/user sec, bytes read 0
233 connections in 11 real seconds, 0 bytes read per connection
Execution 45
s_time: verify depth is 1
236 connections in 1.15s; 205.22 connections/user sec, bytes read 0
236 connections in 11 real seconds, 0 bytes read per connection
Execution 46
s_time: verify depth is 1
154 connections in 0.74s; 208.11 connections/user sec, bytes read 0
154 connections in 11 real seconds, 0 bytes read per connection
Execution 47
s_time: verify depth is 1
233 connections in 1.17s; 199.15 connections/user sec, bytes read 0
233 connections in 11 real seconds, 0 bytes read per connection
Execution 48
s_time: verify depth is 1
233 connections in 1.15s; 202.61 connections/user sec, bytes read 0
233 connections in 11 real seconds, 0 bytes read per connection
Execution 49
s_time: verify depth is 1
159 connections in 0.74s; 214.86 connections/user sec, bytes read 0
159 connections in 11 real seconds, 0 bytes read per connection
Execution 50
s_time: verify depth is 1
231 connections in 1.14s; 202.63 connections/user sec, bytes read 0
231 connections in 11 real seconds, 0 bytes read per connection
sphincssha2256ssimple
tc
Mostrando el estado de qdisc para la interfaz: lo
qdisc netem 8104: root refcnt 2 limit 1000 delay 1.0ms
 Sent 0 bytes 0 pkt (dropped 0, overlimits 0 requeues 0) 
 backlog 0b 0p requeues 0
-----
-----
Certificate request self-signature ok
subject=CN=localhost
Running /opt/oqssa/bin/perftestServer.sh with SIG_ALG=sphincssha2256ssimple and KEM_ALG=P-521

Using default temp DH parameters
ACCEPT
Execution 1
s_time: verify depth is 1
28 connections in 0.29s; 96.55 connections/user sec, bytes read 0
28 connections in 11 real seconds, 0 bytes read per connection
Execution 2
s_time: verify depth is 1
19 connections in 0.22s; 86.36 connections/user sec, bytes read 0
19 connections in 11 real seconds, 0 bytes read per connection
Execution 3
s_time: verify depth is 1
30 connections in 0.34s; 88.24 connections/user sec, bytes read 0
30 connections in 11 real seconds, 0 bytes read per connection
Execution 4
s_time: verify depth is 1
29 connections in 0.33s; 87.88 connections/user sec, bytes read 0
29 connections in 11 real seconds, 0 bytes read per connection
Execution 5
s_time: verify depth is 1
24 connections in 0.26s; 92.31 connections/user sec, bytes read 0
24 connections in 13 real seconds, 0 bytes read per connection
Execution 6
s_time: verify depth is 1
29 connections in 0.33s; 87.88 connections/user sec, bytes read 0
29 connections in 11 real seconds, 0 bytes read per connection
Execution 7
s_time: verify depth is 1
29 connections in 0.34s; 85.29 connections/user sec, bytes read 0
29 connections in 11 real seconds, 0 bytes read per connection
Execution 8
s_time: verify depth is 1
28 connections in 0.31s; 90.32 connections/user sec, bytes read 0
28 connections in 14 real seconds, 0 bytes read per connection
Execution 9
s_time: verify depth is 1
29 connections in 0.35s; 82.86 connections/user sec, bytes read 0
29 connections in 11 real seconds, 0 bytes read per connection
Execution 10
s_time: verify depth is 1
29 connections in 0.32s; 90.62 connections/user sec, bytes read 0
29 connections in 11 real seconds, 0 bytes read per connection
Execution 11
s_time: verify depth is 1
27 connections in 0.31s; 87.10 connections/user sec, bytes read 0
27 connections in 13 real seconds, 0 bytes read per connection
Execution 12
s_time: verify depth is 1
27 connections in 0.31s; 87.10 connections/user sec, bytes read 0
27 connections in 11 real seconds, 0 bytes read per connection
Execution 13
s_time: verify depth is 1
29 connections in 0.33s; 87.88 connections/user sec, bytes read 0
29 connections in 11 real seconds, 0 bytes read per connection
Execution 14
s_time: verify depth is 1
29 connections in 0.31s; 93.55 connections/user sec, bytes read 0
29 connections in 14 real seconds, 0 bytes read per connection
Execution 15
s_time: verify depth is 1
27 connections in 0.31s; 87.10 connections/user sec, bytes read 0
27 connections in 11 real seconds, 0 bytes read per connection
Execution 16
s_time: verify depth is 1
29 connections in 0.33s; 87.88 connections/user sec, bytes read 0
29 connections in 11 real seconds, 0 bytes read per connection
Execution 17
s_time: verify depth is 1
29 connections in 0.32s; 90.62 connections/user sec, bytes read 0
29 connections in 14 real seconds, 0 bytes read per connection
Execution 18
s_time: verify depth is 1
28 connections in 0.32s; 87.50 connections/user sec, bytes read 0
28 connections in 11 real seconds, 0 bytes read per connection
Execution 19
s_time: verify depth is 1
29 connections in 0.30s; 96.67 connections/user sec, bytes read 0
29 connections in 11 real seconds, 0 bytes read per connection
Execution 20
s_time: verify depth is 1
28 connections in 0.31s; 90.32 connections/user sec, bytes read 0
28 connections in 14 real seconds, 0 bytes read per connection
Execution 21
s_time: verify depth is 1
29 connections in 0.35s; 82.86 connections/user sec, bytes read 0
29 connections in 11 real seconds, 0 bytes read per connection
Execution 22
s_time: verify depth is 1
29 connections in 0.33s; 87.88 connections/user sec, bytes read 0
29 connections in 11 real seconds, 0 bytes read per connection
Execution 23
s_time: verify depth is 1
28 connections in 0.31s; 90.32 connections/user sec, bytes read 0
28 connections in 14 real seconds, 0 bytes read per connection
Execution 24
s_time: verify depth is 1
29 connections in 0.31s; 93.55 connections/user sec, bytes read 0
29 connections in 11 real seconds, 0 bytes read per connection
Execution 25
s_time: verify depth is 1
29 connections in 0.34s; 85.29 connections/user sec, bytes read 0
29 connections in 11 real seconds, 0 bytes read per connection
Execution 26
s_time: verify depth is 1
28 connections in 0.30s; 93.33 connections/user sec, bytes read 0
28 connections in 14 real seconds, 0 bytes read per connection
Execution 27
s_time: verify depth is 1
29 connections in 0.32s; 90.62 connections/user sec, bytes read 0
29 connections in 11 real seconds, 0 bytes read per connection
Execution 28
s_time: verify depth is 1
29 connections in 0.36s; 80.56 connections/user sec, bytes read 0
29 connections in 11 real seconds, 0 bytes read per connection
Execution 29
s_time: verify depth is 1
27 connections in 0.31s; 87.10 connections/user sec, bytes read 0
27 connections in 13 real seconds, 0 bytes read per connection
Execution 30
s_time: verify depth is 1
27 connections in 0.32s; 84.38 connections/user sec, bytes read 0
27 connections in 11 real seconds, 0 bytes read per connection
Execution 31
s_time: verify depth is 1
29 connections in 0.30s; 96.67 connections/user sec, bytes read 0
29 connections in 11 real seconds, 0 bytes read per connection
Execution 32
s_time: verify depth is 1
29 connections in 0.35s; 82.86 connections/user sec, bytes read 0
29 connections in 14 real seconds, 0 bytes read per connection
Execution 33
s_time: verify depth is 1
28 connections in 0.32s; 87.50 connections/user sec, bytes read 0
28 connections in 11 real seconds, 0 bytes read per connection
Execution 34
s_time: verify depth is 1
29 connections in 0.30s; 96.67 connections/user sec, bytes read 0
29 connections in 11 real seconds, 0 bytes read per connection
Execution 35
s_time: verify depth is 1
28 connections in 0.31s; 90.32 connections/user sec, bytes read 0
28 connections in 14 real seconds, 0 bytes read per connection
Execution 36
s_time: verify depth is 1
29 connections in 0.32s; 90.62 connections/user sec, bytes read 0
29 connections in 11 real seconds, 0 bytes read per connection
Execution 37
s_time: verify depth is 1
29 connections in 0.32s; 90.62 connections/user sec, bytes read 0
29 connections in 11 real seconds, 0 bytes read per connection
Execution 38
s_time: verify depth is 1
28 connections in 0.32s; 87.50 connections/user sec, bytes read 0
28 connections in 14 real seconds, 0 bytes read per connection
Execution 39
s_time: verify depth is 1
29 connections in 0.32s; 90.62 connections/user sec, bytes read 0
29 connections in 11 real seconds, 0 bytes read per connection
Execution 40
s_time: verify depth is 1
29 connections in 0.32s; 90.62 connections/user sec, bytes read 0
29 connections in 11 real seconds, 0 bytes read per connection
Execution 41
s_time: verify depth is 1
27 connections in 0.30s; 90.00 connections/user sec, bytes read 0
27 connections in 14 real seconds, 0 bytes read per connection
Execution 42
s_time: verify depth is 1
29 connections in 0.31s; 93.55 connections/user sec, bytes read 0
29 connections in 11 real seconds, 0 bytes read per connection
Execution 43
s_time: verify depth is 1
29 connections in 0.31s; 93.55 connections/user sec, bytes read 0
29 connections in 11 real seconds, 0 bytes read per connection
Execution 44
s_time: verify depth is 1
28 connections in 0.30s; 93.33 connections/user sec, bytes read 0
28 connections in 14 real seconds, 0 bytes read per connection
Execution 45
s_time: verify depth is 1
29 connections in 0.32s; 90.62 connections/user sec, bytes read 0
29 connections in 11 real seconds, 0 bytes read per connection
Execution 46
s_time: verify depth is 1
30 connections in 0.32s; 93.75 connections/user sec, bytes read 0
30 connections in 11 real seconds, 0 bytes read per connection
Execution 47
s_time: verify depth is 1
26 connections in 0.31s; 83.87 connections/user sec, bytes read 0
26 connections in 13 real seconds, 0 bytes read per connection
Execution 48
s_time: verify depth is 1
28 connections in 0.32s; 87.50 connections/user sec, bytes read 0
28 connections in 11 real seconds, 0 bytes read per connection
Execution 49
s_time: verify depth is 1
29 connections in 0.32s; 90.62 connections/user sec, bytes read 0
29 connections in 11 real seconds, 0 bytes read per connection
Execution 50
s_time: verify depth is 1
29 connections in 0.34s; 85.29 connections/user sec, bytes read 0
29 connections in 14 real seconds, 0 bytes read per connection
tc
Mostrando el estado de qdisc para la interfaz: lo
qdisc netem 8105: root refcnt 2 limit 1000 delay 1.0ms
 Sent 0 bytes 0 pkt (dropped 0, overlimits 0 requeues 0) 
 backlog 0b 0p requeues 0
-----
-----
Certificate request self-signature ok
subject=CN=localhost
Running /opt/oqssa/bin/perftestServer.sh with SIG_ALG=sphincssha2256ssimple and KEM_ALG=mlkem1024

Using default temp DH parameters
ACCEPT
Execution 1
s_time: verify depth is 1
28 connections in 0.10s; 280.00 connections/user sec, bytes read 0
28 connections in 11 real seconds, 0 bytes read per connection
Execution 2
s_time: verify depth is 1
29 connections in 0.11s; 263.64 connections/user sec, bytes read 0
29 connections in 11 real seconds, 0 bytes read per connection
Execution 3
s_time: verify depth is 1
20 connections in 0.06s; 333.33 connections/user sec, bytes read 0
20 connections in 11 real seconds, 0 bytes read per connection
Execution 4
s_time: verify depth is 1
29 connections in 0.11s; 263.64 connections/user sec, bytes read 0
29 connections in 11 real seconds, 0 bytes read per connection
Execution 5
s_time: verify depth is 1
30 connections in 0.10s; 300.00 connections/user sec, bytes read 0
30 connections in 11 real seconds, 0 bytes read per connection
Execution 6
s_time: verify depth is 1
29 connections in 0.10s; 290.00 connections/user sec, bytes read 0
29 connections in 14 real seconds, 0 bytes read per connection
Execution 7
s_time: verify depth is 1
29 connections in 0.10s; 290.00 connections/user sec, bytes read 0
29 connections in 11 real seconds, 0 bytes read per connection
Execution 8
s_time: verify depth is 1
29 connections in 0.10s; 290.00 connections/user sec, bytes read 0
29 connections in 11 real seconds, 0 bytes read per connection
Execution 9
s_time: verify depth is 1
28 connections in 0.08s; 350.00 connections/user sec, bytes read 0
28 connections in 14 real seconds, 0 bytes read per connection
Execution 10
s_time: verify depth is 1
30 connections in 0.10s; 300.00 connections/user sec, bytes read 0
30 connections in 11 real seconds, 0 bytes read per connection
Execution 11
s_time: verify depth is 1
29 connections in 0.11s; 263.64 connections/user sec, bytes read 0
29 connections in 11 real seconds, 0 bytes read per connection
Execution 12
s_time: verify depth is 1
28 connections in 0.09s; 311.11 connections/user sec, bytes read 0
28 connections in 13 real seconds, 0 bytes read per connection
Execution 13
s_time: verify depth is 1
30 connections in 0.10s; 300.00 connections/user sec, bytes read 0
30 connections in 11 real seconds, 0 bytes read per connection
Execution 14
s_time: verify depth is 1
30 connections in 0.11s; 272.73 connections/user sec, bytes read 0
30 connections in 11 real seconds, 0 bytes read per connection
Execution 15
s_time: verify depth is 1
27 connections in 0.08s; 337.50 connections/user sec, bytes read 0
27 connections in 13 real seconds, 0 bytes read per connection
Execution 16
s_time: verify depth is 1
28 connections in 0.09s; 311.11 connections/user sec, bytes read 0
28 connections in 11 real seconds, 0 bytes read per connection
Execution 17
s_time: verify depth is 1
31 connections in 0.11s; 281.82 connections/user sec, bytes read 0
31 connections in 11 real seconds, 0 bytes read per connection
Execution 18
s_time: verify depth is 1
29 connections in 0.10s; 290.00 connections/user sec, bytes read 0
29 connections in 14 real seconds, 0 bytes read per connection
Execution 19
s_time: verify depth is 1
29 connections in 0.09s; 322.22 connections/user sec, bytes read 0
29 connections in 11 real seconds, 0 bytes read per connection
Execution 20
s_time: verify depth is 1
30 connections in 0.11s; 272.73 connections/user sec, bytes read 0
30 connections in 11 real seconds, 0 bytes read per connection
Execution 21
s_time: verify depth is 1
29 connections in 0.12s; 241.67 connections/user sec, bytes read 0
29 connections in 14 real seconds, 0 bytes read per connection
Execution 22
s_time: verify depth is 1
29 connections in 0.09s; 322.22 connections/user sec, bytes read 0
29 connections in 11 real seconds, 0 bytes read per connection
Execution 23
s_time: verify depth is 1
29 connections in 0.10s; 290.00 connections/user sec, bytes read 0
29 connections in 11 real seconds, 0 bytes read per connection
Execution 24
s_time: verify depth is 1
28 connections in 0.08s; 350.00 connections/user sec, bytes read 0
28 connections in 14 real seconds, 0 bytes read per connection
Execution 25
s_time: verify depth is 1
30 connections in 0.13s; 230.77 connections/user sec, bytes read 0
30 connections in 11 real seconds, 0 bytes read per connection
Execution 26
s_time: verify depth is 1
29 connections in 0.10s; 290.00 connections/user sec, bytes read 0
29 connections in 11 real seconds, 0 bytes read per connection
Execution 27
s_time: verify depth is 1
29 connections in 0.10s; 290.00 connections/user sec, bytes read 0
29 connections in 14 real seconds, 0 bytes read per connection
Execution 28
s_time: verify depth is 1
29 connections in 0.10s; 290.00 connections/user sec, bytes read 0
29 connections in 11 real seconds, 0 bytes read per connection
Execution 29
s_time: verify depth is 1
30 connections in 0.11s; 272.73 connections/user sec, bytes read 0
30 connections in 11 real seconds, 0 bytes read per connection
Execution 30
s_time: verify depth is 1
28 connections in 0.09s; 311.11 connections/user sec, bytes read 0
28 connections in 13 real seconds, 0 bytes read per connection
Execution 31
s_time: verify depth is 1
30 connections in 0.11s; 272.73 connections/user sec, bytes read 0
30 connections in 11 real seconds, 0 bytes read per connection
Execution 32
s_time: verify depth is 1
30 connections in 0.11s; 272.73 connections/user sec, bytes read 0
30 connections in 11 real seconds, 0 bytes read per connection
Execution 33
s_time: verify depth is 1
27 connections in 0.10s; 270.00 connections/user sec, bytes read 0
27 connections in 13 real seconds, 0 bytes read per connection
Execution 34
s_time: verify depth is 1
28 connections in 0.10s; 280.00 connections/user sec, bytes read 0
28 connections in 11 real seconds, 0 bytes read per connection
Execution 35
s_time: verify depth is 1
29 connections in 0.11s; 263.64 connections/user sec, bytes read 0
29 connections in 11 real seconds, 0 bytes read per connection
Execution 36
s_time: verify depth is 1
29 connections in 0.10s; 290.00 connections/user sec, bytes read 0
29 connections in 14 real seconds, 0 bytes read per connection
Execution 37
s_time: verify depth is 1
28 connections in 0.10s; 280.00 connections/user sec, bytes read 0
28 connections in 11 real seconds, 0 bytes read per connection
Execution 38
s_time: verify depth is 1
29 connections in 0.11s; 263.64 connections/user sec, bytes read 0
29 connections in 11 real seconds, 0 bytes read per connection
Execution 39
s_time: verify depth is 1
28 connections in 0.10s; 280.00 connections/user sec, bytes read 0
28 connections in 14 real seconds, 0 bytes read per connection
Execution 40
s_time: verify depth is 1
28 connections in 0.10s; 280.00 connections/user sec, bytes read 0
28 connections in 11 real seconds, 0 bytes read per connection
Execution 41
s_time: verify depth is 1
30 connections in 0.09s; 333.33 connections/user sec, bytes read 0
30 connections in 11 real seconds, 0 bytes read per connection
Execution 42
s_time: verify depth is 1
28 connections in 0.09s; 311.11 connections/user sec, bytes read 0
28 connections in 14 real seconds, 0 bytes read per connection
Execution 43
s_time: verify depth is 1
29 connections in 0.10s; 290.00 connections/user sec, bytes read 0
29 connections in 11 real seconds, 0 bytes read per connection
Execution 44
s_time: verify depth is 1
29 connections in 0.11s; 263.64 connections/user sec, bytes read 0
29 connections in 11 real seconds, 0 bytes read per connection
Execution 45
s_time: verify depth is 1
28 connections in 0.09s; 311.11 connections/user sec, bytes read 0
28 connections in 14 real seconds, 0 bytes read per connection
Execution 46
s_time: verify depth is 1
29 connections in 0.11s; 263.64 connections/user sec, bytes read 0
29 connections in 11 real seconds, 0 bytes read per connection
Execution 47
s_time: verify depth is 1
30 connections in 0.13s; 230.77 connections/user sec, bytes read 0
30 connections in 11 real seconds, 0 bytes read per connection
Execution 48
s_time: verify depth is 1
26 connections in 0.10s; 260.00 connections/user sec, bytes read 0
26 connections in 14 real seconds, 0 bytes read per connection
Execution 49
s_time: verify depth is 1
29 connections in 0.09s; 322.22 connections/user sec, bytes read 0
29 connections in 11 real seconds, 0 bytes read per connection
Execution 50
s_time: verify depth is 1
29 connections in 0.10s; 290.00 connections/user sec, bytes read 0
29 connections in 11 real seconds, 0 bytes read per connection
