tc
Showing qdisc status for the interface: lo
qdisc netem 82d1: root refcnt 2 limit 1000 loss 1%
 Sent 0 bytes 0 pkt (dropped 0, overlimits 0 requeues 0) 
 backlog 0b 0p requeues 0
Certificate request self-signature ok
subject=CN=localhost
Running /opt/oqssa/bin/perftestServerECDSA.sh with SIG_ALG=secp521r1 and KEM_ALG=P-521

Using default temp DH parameters
ACCEPT
Execution 1
s_time: verify depth is 1
121 connections in 2.55s; 47.45 connections/user sec, bytes read 0
121 connections in 11 real seconds, 0 bytes read per connection
Execution 2
s_time: verify depth is 1
213 connections in 3.32s; 64.16 connections/user sec, bytes read 0
213 connections in 11 real seconds, 0 bytes read per connection
Execution 3
s_time: verify depth is 1
148 connections in 3.17s; 46.69 connections/user sec, bytes read 0
148 connections in 11 real seconds, 0 bytes read per connection
Execution 4
s_time: verify depth is 1
135 connections in 2.79s; 48.39 connections/user sec, bytes read 0
135 connections in 11 real seconds, 0 bytes read per connection
Execution 5
s_time: verify depth is 1
80 connections in 1.61s; 49.69 connections/user sec, bytes read 0
80 connections in 11 real seconds, 0 bytes read per connection
Execution 6
s_time: verify depth is 1
219 connections in 4.40s; 49.77 connections/user sec, bytes read 0
219 connections in 11 real seconds, 0 bytes read per connection
Execution 7
s_time: verify depth is 1
162 connections in 3.29s; 49.24 connections/user sec, bytes read 0
162 connections in 13 real seconds, 0 bytes read per connection
Execution 8
s_time: verify depth is 1
183 connections in 3.83s; 47.78 connections/user sec, bytes read 0
183 connections in 11 real seconds, 0 bytes read per connection
Execution 9
s_time: verify depth is 1
225 connections in 4.15s; 54.22 connections/user sec, bytes read 0
225 connections in 11 real seconds, 0 bytes read per connection
Execution 10
s_time: verify depth is 1
239 connections in 3.99s; 59.90 connections/user sec, bytes read 0
239 connections in 15 real seconds, 0 bytes read per connection
Execution 11
s_time: verify depth is 1
223 connections in 3.90s; 57.18 connections/user sec, bytes read 0
223 connections in 11 real seconds, 0 bytes read per connection
Execution 12
s_time: verify depth is 1
205 connections in 4.13s; 49.64 connections/user sec, bytes read 0
205 connections in 11 real seconds, 0 bytes read per connection
Execution 13
s_time: verify depth is 1
141 connections in 2.89s; 48.79 connections/user sec, bytes read 0
141 connections in 13 real seconds, 0 bytes read per connection
Execution 14
s_time: verify depth is 1
137 connections in 2.84s; 48.24 connections/user sec, bytes read 0
137 connections in 11 real seconds, 0 bytes read per connection
Execution 15
s_time: verify depth is 1
175 connections in 2.73s; 64.10 connections/user sec, bytes read 0
175 connections in 11 real seconds, 0 bytes read per connection
Execution 16
s_time: verify depth is 1
183 connections in 3.24s; 56.48 connections/user sec, bytes read 0
183 connections in 15 real seconds, 0 bytes read per connection
Execution 17
s_time: verify depth is 1
230 connections in 4.84s; 47.52 connections/user sec, bytes read 0
230 connections in 11 real seconds, 0 bytes read per connection
Execution 18
s_time: verify depth is 1
242 connections in 4.80s; 50.42 connections/user sec, bytes read 0
242 connections in 11 real seconds, 0 bytes read per connection
Execution 19
s_time: verify depth is 1
133 connections in 2.86s; 46.50 connections/user sec, bytes read 0
133 connections in 13 real seconds, 0 bytes read per connection
Execution 20
s_time: verify depth is 1
202 connections in 3.85s; 52.47 connections/user sec, bytes read 0
202 connections in 11 real seconds, 0 bytes read per connection
Execution 21
s_time: verify depth is 1
204 connections in 3.93s; 51.91 connections/user sec, bytes read 0
204 connections in 11 real seconds, 0 bytes read per connection
Execution 22
s_time: verify depth is 1
195 connections in 3.59s; 54.32 connections/user sec, bytes read 0
195 connections in 14 real seconds, 0 bytes read per connection
Execution 23
s_time: verify depth is 1
236 connections in 4.11s; 57.42 connections/user sec, bytes read 0
236 connections in 11 real seconds, 0 bytes read per connection
Execution 24
s_time: verify depth is 1
160 connections in 3.17s; 50.47 connections/user sec, bytes read 0
160 connections in 11 real seconds, 0 bytes read per connection
Execution 25
s_time: verify depth is 1
125 connections in 2.47s; 50.61 connections/user sec, bytes read 0
125 connections in 13 real seconds, 0 bytes read per connection
Execution 26
s_time: verify depth is 1
223 connections in 4.04s; 55.20 connections/user sec, bytes read 0
223 connections in 11 real seconds, 0 bytes read per connection
Execution 27
s_time: verify depth is 1
256 connections in 4.28s; 59.81 connections/user sec, bytes read 0
256 connections in 11 real seconds, 0 bytes read per connection
Execution 28
s_time: verify depth is 1
75 connections in 1.48s; 50.68 connections/user sec, bytes read 0
75 connections in 11 real seconds, 0 bytes read per connection
Execution 29
s_time: verify depth is 1
184 connections in 3.58s; 51.40 connections/user sec, bytes read 0
184 connections in 11 real seconds, 0 bytes read per connection
Execution 30
s_time: verify depth is 1
173 connections in 2.53s; 68.38 connections/user sec, bytes read 0
173 connections in 11 real seconds, 0 bytes read per connection
Execution 31
s_time: verify depth is 1
150 connections in 2.06s; 72.82 connections/user sec, bytes read 0
150 connections in 13 real seconds, 0 bytes read per connection
Execution 32
s_time: verify depth is 1
192 connections in 4.01s; 47.88 connections/user sec, bytes read 0
192 connections in 11 real seconds, 0 bytes read per connection
Execution 33
s_time: verify depth is 1
158 connections in 3.12s; 50.64 connections/user sec, bytes read 0
158 connections in 11 real seconds, 0 bytes read per connection
Execution 34
s_time: verify depth is 1
136 connections in 2.60s; 52.31 connections/user sec, bytes read 0
136 connections in 11 real seconds, 0 bytes read per connection
Execution 35
s_time: verify depth is 1
186 connections in 4.04s; 46.04 connections/user sec, bytes read 0
186 connections in 11 real seconds, 0 bytes read per connection
Execution 36
s_time: verify depth is 1
230 connections in 4.36s; 52.75 connections/user sec, bytes read 0
230 connections in 11 real seconds, 0 bytes read per connection
Execution 37
s_time: verify depth is 1
99 connections in 2.02s; 49.01 connections/user sec, bytes read 0
99 connections in 11 real seconds, 0 bytes read per connection
Execution 38
s_time: verify depth is 1
169 connections in 3.46s; 48.84 connections/user sec, bytes read 0
169 connections in 11 real seconds, 0 bytes read per connection
Execution 39
s_time: verify depth is 1
231 connections in 3.32s; 69.58 connections/user sec, bytes read 0
231 connections in 11 real seconds, 0 bytes read per connection
Execution 40
s_time: verify depth is 1
143 connections in 3.16s; 45.25 connections/user sec, bytes read 0
143 connections in 15 real seconds, 0 bytes read per connection
Execution 41
s_time: verify depth is 1
154 connections in 3.31s; 46.53 connections/user sec, bytes read 0
154 connections in 11 real seconds, 0 bytes read per connection
Execution 42
s_time: verify depth is 1
103 connections in 2.19s; 47.03 connections/user sec, bytes read 0
103 connections in 11 real seconds, 0 bytes read per connection
Execution 43
s_time: verify depth is 1
166 connections in 3.31s; 50.15 connections/user sec, bytes read 0
166 connections in 13 real seconds, 0 bytes read per connection
Execution 44
s_time: verify depth is 1
191 connections in 3.94s; 48.48 connections/user sec, bytes read 0
191 connections in 11 real seconds, 0 bytes read per connection
Execution 45
s_time: verify depth is 1
235 connections in 4.77s; 49.27 connections/user sec, bytes read 0
235 connections in 11 real seconds, 0 bytes read per connection
Execution 46
s_time: verify depth is 1
177 connections in 3.69s; 47.97 connections/user sec, bytes read 0
177 connections in 14 real seconds, 0 bytes read per connection
Execution 47
s_time: verify depth is 1
162 connections in 2.29s; 70.74 connections/user sec, bytes read 0
162 connections in 11 real seconds, 0 bytes read per connection
Execution 48
s_time: verify depth is 1
156 connections in 2.48s; 62.90 connections/user sec, bytes read 0
156 connections in 11 real seconds, 0 bytes read per connection
Execution 49
s_time: verify depth is 1
133 connections in 1.83s; 72.68 connections/user sec, bytes read 0
133 connections in 11 real seconds, 0 bytes read per connection
Execution 50
s_time: verify depth is 1
336 connections in 4.80s; 70.00 connections/user sec, bytes read 0
336 connections in 11 real seconds, 0 bytes read per connection
tc
Showing qdisc status for the interface: lo
qdisc netem 82d2: root refcnt 2 limit 1000 loss 1%
 Sent 0 bytes 0 pkt (dropped 0, overlimits 0 requeues 0) 
 backlog 0b 0p requeues 0
Certificate request self-signature ok
subject=CN=localhost
Running /opt/oqssa/bin/perftestServerECDSA.sh with SIG_ALG=secp521r1 and KEM_ALG=p521_mlkem1024

Using default temp DH parameters
ACCEPT
Execution 1
s_time: verify depth is 1
210 connections in 3.41s; 61.58 connections/user sec, bytes read 0
210 connections in 11 real seconds, 0 bytes read per connection
Execution 2
s_time: verify depth is 1
265 connections in 4.15s; 63.86 connections/user sec, bytes read 0
265 connections in 11 real seconds, 0 bytes read per connection
Execution 3
s_time: verify depth is 1
124 connections in 2.04s; 60.78 connections/user sec, bytes read 0
124 connections in 11 real seconds, 0 bytes read per connection
Execution 4
s_time: verify depth is 1
179 connections in 2.78s; 64.39 connections/user sec, bytes read 0
179 connections in 11 real seconds, 0 bytes read per connection
Execution 5
s_time: verify depth is 1
163 connections in 3.97s; 41.06 connections/user sec, bytes read 0
163 connections in 11 real seconds, 0 bytes read per connection
Execution 6
s_time: verify depth is 1
182 connections in 2.80s; 65.00 connections/user sec, bytes read 0
182 connections in 11 real seconds, 0 bytes read per connection
Execution 7
s_time: verify depth is 1
144 connections in 2.40s; 60.00 connections/user sec, bytes read 0
144 connections in 11 real seconds, 0 bytes read per connection
Execution 8
s_time: verify depth is 1
190 connections in 3.03s; 62.71 connections/user sec, bytes read 0
190 connections in 12 real seconds, 0 bytes read per connection
Execution 9
s_time: verify depth is 1
132 connections in 3.17s; 41.64 connections/user sec, bytes read 0
132 connections in 13 real seconds, 0 bytes read per connection
Execution 10
s_time: verify depth is 1
191 connections in 3.05s; 62.62 connections/user sec, bytes read 0
191 connections in 11 real seconds, 0 bytes read per connection
Execution 11
s_time: verify depth is 1
256 connections in 4.02s; 63.68 connections/user sec, bytes read 0
256 connections in 11 real seconds, 0 bytes read per connection
Execution 12
s_time: verify depth is 1
193 connections in 3.05s; 63.28 connections/user sec, bytes read 0
193 connections in 11 real seconds, 0 bytes read per connection
Execution 13
s_time: verify depth is 1
194 connections in 3.22s; 60.25 connections/user sec, bytes read 0
194 connections in 11 real seconds, 0 bytes read per connection
Execution 14
s_time: verify depth is 1
186 connections in 2.91s; 63.92 connections/user sec, bytes read 0
186 connections in 11 real seconds, 0 bytes read per connection
Execution 15
s_time: verify depth is 1
156 connections in 2.86s; 54.55 connections/user sec, bytes read 0
156 connections in 11 real seconds, 0 bytes read per connection
Execution 16
s_time: verify depth is 1
210 connections in 3.25s; 64.62 connections/user sec, bytes read 0
210 connections in 11 real seconds, 0 bytes read per connection
Execution 17
s_time: verify depth is 1
130 connections in 3.16s; 41.14 connections/user sec, bytes read 0
130 connections in 11 real seconds, 0 bytes read per connection
Execution 18
s_time: verify depth is 1
133 connections in 2.17s; 61.29 connections/user sec, bytes read 0
133 connections in 13 real seconds, 0 bytes read per connection
Execution 19
s_time: verify depth is 1
190 connections in 3.43s; 55.39 connections/user sec, bytes read 0
190 connections in 11 real seconds, 0 bytes read per connection
Execution 20
s_time: verify depth is 1
153 connections in 2.43s; 62.96 connections/user sec, bytes read 0
153 connections in 11 real seconds, 0 bytes read per connection
Execution 21
s_time: verify depth is 1
122 connections in 2.85s; 42.81 connections/user sec, bytes read 0
122 connections in 11 real seconds, 0 bytes read per connection
Execution 22
s_time: verify depth is 1
94 connections in 2.23s; 42.15 connections/user sec, bytes read 0
94 connections in 11 real seconds, 0 bytes read per connection
Execution 23
s_time: verify depth is 1
186 connections in 3.93s; 47.33 connections/user sec, bytes read 0
186 connections in 11 real seconds, 0 bytes read per connection
Execution 24
s_time: verify depth is 1
183 connections in 4.23s; 43.26 connections/user sec, bytes read 0
183 connections in 11 real seconds, 0 bytes read per connection
Execution 25
s_time: verify depth is 1
153 connections in 2.42s; 63.22 connections/user sec, bytes read 0
153 connections in 11 real seconds, 0 bytes read per connection
Execution 26
s_time: verify depth is 1
149 connections in 2.45s; 60.82 connections/user sec, bytes read 0
149 connections in 11 real seconds, 0 bytes read per connection
Execution 27
s_time: verify depth is 1
168 connections in 2.89s; 58.13 connections/user sec, bytes read 0
168 connections in 11 real seconds, 0 bytes read per connection
Execution 28
s_time: verify depth is 1
118 connections in 2.98s; 39.60 connections/user sec, bytes read 0
118 connections in 11 real seconds, 0 bytes read per connection
Execution 29
s_time: verify depth is 1
173 connections in 3.25s; 53.23 connections/user sec, bytes read 0
173 connections in 11 real seconds, 0 bytes read per connection
Execution 30
s_time: verify depth is 1
253 connections in 4.02s; 62.94 connections/user sec, bytes read 0
253 connections in 11 real seconds, 0 bytes read per connection
Execution 31
s_time: verify depth is 1
141 connections in 2.80s; 50.36 connections/user sec, bytes read 0
141 connections in 11 real seconds, 0 bytes read per connection
Execution 32
s_time: verify depth is 1
162 connections in 4.04s; 40.10 connections/user sec, bytes read 0
162 connections in 11 real seconds, 0 bytes read per connection
Execution 33
s_time: verify depth is 1
195 connections in 3.07s; 63.52 connections/user sec, bytes read 0
195 connections in 11 real seconds, 0 bytes read per connection
Execution 34
s_time: verify depth is 1
202 connections in 3.25s; 62.15 connections/user sec, bytes read 0
202 connections in 13 real seconds, 0 bytes read per connection
Execution 35
s_time: verify depth is 1
159 connections in 3.73s; 42.63 connections/user sec, bytes read 0
159 connections in 11 real seconds, 0 bytes read per connection
Execution 36
s_time: verify depth is 1
204 connections in 4.21s; 48.46 connections/user sec, bytes read 0
204 connections in 11 real seconds, 0 bytes read per connection
Execution 37
s_time: verify depth is 1
127 connections in 2.06s; 61.65 connections/user sec, bytes read 0
127 connections in 11 real seconds, 0 bytes read per connection
Execution 38
s_time: verify depth is 1
140 connections in 3.43s; 40.82 connections/user sec, bytes read 0
140 connections in 13 real seconds, 0 bytes read per connection
Execution 39
s_time: verify depth is 1
165 connections in 4.08s; 40.44 connections/user sec, bytes read 0
165 connections in 11 real seconds, 0 bytes read per connection
Execution 40
s_time: verify depth is 1
143 connections in 3.31s; 43.20 connections/user sec, bytes read 0
143 connections in 11 real seconds, 0 bytes read per connection
Execution 41
s_time: verify depth is 1
162 connections in 3.74s; 43.32 connections/user sec, bytes read 0
162 connections in 14 real seconds, 0 bytes read per connection
Execution 42
s_time: verify depth is 1
113 connections in 2.61s; 43.30 connections/user sec, bytes read 0
113 connections in 11 real seconds, 0 bytes read per connection
Execution 43
s_time: verify depth is 1
216 connections in 5.10s; 42.35 connections/user sec, bytes read 0
216 connections in 11 real seconds, 0 bytes read per connection
Execution 44
s_time: verify depth is 1
142 connections in 3.46s; 41.04 connections/user sec, bytes read 0
142 connections in 13 real seconds, 0 bytes read per connection
Execution 45
s_time: verify depth is 1
148 connections in 3.58s; 41.34 connections/user sec, bytes read 0
148 connections in 11 real seconds, 0 bytes read per connection
Execution 46
s_time: verify depth is 1
175 connections in 3.04s; 57.57 connections/user sec, bytes read 0
175 connections in 11 real seconds, 0 bytes read per connection
Execution 47
s_time: verify depth is 1
185 connections in 3.03s; 61.06 connections/user sec, bytes read 0
185 connections in 12 real seconds, 0 bytes read per connection
Execution 48
s_time: verify depth is 1
166 connections in 3.71s; 44.74 connections/user sec, bytes read 0
166 connections in 11 real seconds, 0 bytes read per connection
Execution 49
s_time: verify depth is 1
221 connections in 3.77s; 58.62 connections/user sec, bytes read 0
221 connections in 11 real seconds, 0 bytes read per connection
Execution 50
s_time: verify depth is 1
112 connections in 2.58s; 43.41 connections/user sec, bytes read 0
112 connections in 13 real seconds, 0 bytes read per connection
tc
Showing qdisc status for the interface: lo
qdisc netem 82d3: root refcnt 2 limit 1000 loss 1%
 Sent 0 bytes 0 pkt (dropped 0, overlimits 0 requeues 0) 
 backlog 0b 0p requeues 0
Certificate request self-signature ok
subject=CN=localhost
Running /opt/oqssa/bin/perftestServerECDSA.sh with SIG_ALG=secp521r1 and KEM_ALG=mlkem1024

Using default temp DH parameters
ACCEPT
Execution 1
s_time: verify depth is 1
393 connections in 2.34s; 167.95 connections/user sec, bytes read 0
393 connections in 11 real seconds, 0 bytes read per connection
Execution 2
s_time: verify depth is 1
438 connections in 2.57s; 170.43 connections/user sec, bytes read 0
438 connections in 11 real seconds, 0 bytes read per connection
Execution 3
s_time: verify depth is 1
210 connections in 1.85s; 113.51 connections/user sec, bytes read 0
210 connections in 11 real seconds, 0 bytes read per connection
Execution 4
s_time: verify depth is 1
107 connections in 0.81s; 132.10 connections/user sec, bytes read 0
107 connections in 11 real seconds, 0 bytes read per connection
Execution 5
s_time: verify depth is 1
206 connections in 1.84s; 111.96 connections/user sec, bytes read 0
206 connections in 11 real seconds, 0 bytes read per connection
Execution 6
s_time: verify depth is 1
164 connections in 1.47s; 111.56 connections/user sec, bytes read 0
164 connections in 11 real seconds, 0 bytes read per connection
Execution 7
s_time: verify depth is 1
232 connections in 1.89s; 122.75 connections/user sec, bytes read 0
232 connections in 11 real seconds, 0 bytes read per connection
Execution 8
s_time: verify depth is 1
313 connections in 2.82s; 110.99 connections/user sec, bytes read 0
313 connections in 11 real seconds, 0 bytes read per connection
Execution 9
s_time: verify depth is 1
248 connections in 2.21s; 112.22 connections/user sec, bytes read 0
248 connections in 14 real seconds, 0 bytes read per connection
Execution 10
s_time: verify depth is 1
308 connections in 2.74s; 112.41 connections/user sec, bytes read 0
308 connections in 11 real seconds, 0 bytes read per connection
Execution 11
s_time: verify depth is 1
359 connections in 3.07s; 116.94 connections/user sec, bytes read 0
359 connections in 14 real seconds, 0 bytes read per connection
Execution 12
s_time: verify depth is 1
145 connections in 1.35s; 107.41 connections/user sec, bytes read 0
145 connections in 11 real seconds, 0 bytes read per connection
Execution 13
s_time: verify depth is 1
297 connections in 2.64s; 112.50 connections/user sec, bytes read 0
297 connections in 11 real seconds, 0 bytes read per connection
Execution 14
s_time: verify depth is 1
286 connections in 2.45s; 116.73 connections/user sec, bytes read 0
286 connections in 11 real seconds, 0 bytes read per connection
Execution 15
s_time: verify depth is 1
255 connections in 2.10s; 121.43 connections/user sec, bytes read 0
255 connections in 14 real seconds, 0 bytes read per connection
Execution 16
s_time: verify depth is 1
314 connections in 2.86s; 109.79 connections/user sec, bytes read 0
314 connections in 11 real seconds, 0 bytes read per connection
Execution 17
s_time: verify depth is 1
444 connections in 3.80s; 116.84 connections/user sec, bytes read 0
444 connections in 11 real seconds, 0 bytes read per connection
Execution 18
s_time: verify depth is 1
166 connections in 1.40s; 118.57 connections/user sec, bytes read 0
166 connections in 14 real seconds, 0 bytes read per connection
Execution 19
s_time: verify depth is 1
325 connections in 3.01s; 107.97 connections/user sec, bytes read 0
325 connections in 11 real seconds, 0 bytes read per connection
Execution 20
s_time: verify depth is 1
378 connections in 3.08s; 122.73 connections/user sec, bytes read 0
378 connections in 11 real seconds, 0 bytes read per connection
Execution 21
s_time: verify depth is 1
286 connections in 2.26s; 126.55 connections/user sec, bytes read 0
286 connections in 13 real seconds, 0 bytes read per connection
Execution 22
s_time: verify depth is 1
308 connections in 2.84s; 108.45 connections/user sec, bytes read 0
308 connections in 11 real seconds, 0 bytes read per connection
Execution 23
s_time: verify depth is 1
227 connections in 2.03s; 111.82 connections/user sec, bytes read 0
227 connections in 11 real seconds, 0 bytes read per connection
Execution 24
s_time: verify depth is 1
244 connections in 2.24s; 108.93 connections/user sec, bytes read 0
244 connections in 14 real seconds, 0 bytes read per connection
Execution 25
s_time: verify depth is 1
311 connections in 2.85s; 109.12 connections/user sec, bytes read 0
311 connections in 11 real seconds, 0 bytes read per connection
Execution 26
s_time: verify depth is 1
149 connections in 0.89s; 167.42 connections/user sec, bytes read 0
149 connections in 11 real seconds, 0 bytes read per connection
Execution 27
s_time: verify depth is 1
342 connections in 3.01s; 113.62 connections/user sec, bytes read 0
342 connections in 11 real seconds, 0 bytes read per connection
Execution 28
s_time: verify depth is 1
199 connections in 1.82s; 109.34 connections/user sec, bytes read 0
199 connections in 11 real seconds, 0 bytes read per connection
Execution 29
s_time: verify depth is 1
208 connections in 1.91s; 108.90 connections/user sec, bytes read 0
208 connections in 11 real seconds, 0 bytes read per connection
Execution 30
s_time: verify depth is 1
408 connections in 3.41s; 119.65 connections/user sec, bytes read 0
408 connections in 11 real seconds, 0 bytes read per connection
Execution 31
s_time: verify depth is 1
259 connections in 2.38s; 108.82 connections/user sec, bytes read 0
259 connections in 11 real seconds, 0 bytes read per connection
Execution 31
s_time: verify depth is 1
196 connections in 1.77s; 110.73 connections/user sec, bytes read 0
196 connections in 11 real seconds, 0 bytes read per connection
Execution 33
s_time: verify depth is 1
251 connections in 2.25s; 111.56 connections/user sec, bytes read 0
251 connections in 12 real seconds, 0 bytes read per connection
Execution 34
s_time: verify depth is 1
140 connections in 1.33s; 105.26 connections/user sec, bytes read 0
140 connections in 11 real seconds, 0 bytes read per connection
Execution 35
s_time: verify depth is 1
396 connections in 3.41s; 116.13 connections/user sec, bytes read 0
396 connections in 11 real seconds, 0 bytes read per connection
Execution 36
s_time: verify depth is 1
273 connections in 2.45s; 111.43 connections/user sec, bytes read 0
273 connections in 11 real seconds, 0 bytes read per connection
Execution 37
s_time: verify depth is 1
168 connections in 1.51s; 111.26 connections/user sec, bytes read 0
168 connections in 11 real seconds, 0 bytes read per connection
Execution 38
s_time: verify depth is 1
168 connections in 1.55s; 108.39 connections/user sec, bytes read 0
168 connections in 11 real seconds, 0 bytes read per connection
Execution 39
s_time: verify depth is 1
207 connections in 1.98s; 104.55 connections/user sec, bytes read 0
207 connections in 11 real seconds, 0 bytes read per connection
Execution 40
s_time: verify depth is 1
262 connections in 1.54s; 170.13 connections/user sec, bytes read 0
262 connections in 14 real seconds, 0 bytes read per connection
Execution 41
s_time: verify depth is 1
351 connections in 2.57s; 136.58 connections/user sec, bytes read 0
351 connections in 11 real seconds, 0 bytes read per connection
Execution 42
s_time: verify depth is 1
319 connections in 2.83s; 112.72 connections/user sec, bytes read 0
319 connections in 11 real seconds, 0 bytes read per connection
Execution 43
s_time: verify depth is 1
332 connections in 2.91s; 114.09 connections/user sec, bytes read 0
332 connections in 13 real seconds, 0 bytes read per connection
Execution 44
s_time: verify depth is 1
159 connections in 1.47s; 108.16 connections/user sec, bytes read 0
159 connections in 11 real seconds, 0 bytes read per connection
Execution 45
s_time: verify depth is 1
302 connections in 2.94s; 102.72 connections/user sec, bytes read 0
302 connections in 11 real seconds, 0 bytes read per connection
Execution 46
s_time: verify depth is 1
356 connections in 3.30s; 107.88 connections/user sec, bytes read 0
356 connections in 14 real seconds, 0 bytes read per connection
Execution 47
s_time: verify depth is 1
219 connections in 1.98s; 110.61 connections/user sec, bytes read 0
219 connections in 11 real seconds, 0 bytes read per connection
Execution 48
s_time: verify depth is 1
480 connections in 3.24s; 148.15 connections/user sec, bytes read 0
480 connections in 11 real seconds, 0 bytes read per connection
Execution 49
s_time: verify depth is 1
175 connections in 1.52s; 115.13 connections/user sec, bytes read 0
175 connections in 11 real seconds, 0 bytes read per connection
Execution 50
s_time: verify depth is 1
436 connections in 2.63s; 165.78 connections/user sec, bytes read 0
436 connections in 11 real seconds, 0 bytes read per connection