tc
Mostrando el estado de qdisc para la interfaz: lo
qdisc netem 80c1: root refcnt 2 limit 1000 delay 20.0ms
 Sent 0 bytes 0 pkt (dropped 0, overlimits 0 requeues 0) 
 backlog 0b 0p requeues 0
Error allocating keygen context
48AD5C7E99780000:error:0308010C:digital envelope routines:inner_evp_generic_fetch:unsupported:crypto/evp/evp_fetch.c:355:Global default library context, Algorithm (secp521r1 : 0), Properties (<null>)
tc
Mostrando el estado de qdisc para la interfaz: lo
qdisc netem 80c2: root refcnt 2 limit 1000 delay 20.0ms
 Sent 0 bytes 0 pkt (dropped 0, overlimits 0 requeues 0) 
 backlog 0b 0p requeues 0
Error allocating keygen context
480DF1826A720000:error:0308010C:digital envelope routines:inner_evp_generic_fetch:unsupported:crypto/evp/evp_fetch.c:355:Global default library context, Algorithm (secp521r1 : 0), Properties (<null>)
tc
Mostrando el estado de qdisc para la interfaz: lo
qdisc netem 80c3: root refcnt 2 limit 1000 delay 20.0ms
 Sent 0 bytes 0 pkt (dropped 0, overlimits 0 requeues 0) 
 backlog 0b 0p requeues 0
-----
-----
Certificate request self-signature ok
subject=CN=localhost
Running /opt/oqssa/bin/perftestServer.sh with SIG_ALG=mldsa87 and KEM_ALG=P-521

Using default temp DH parameters
ACCEPT
Execution 1
s_time: verify depth is 1
105 connections in 1.04s; 100.96 connections/user sec, bytes read 0
105 connections in 11 real seconds, 0 bytes read per connection
Execution 2
s_time: verify depth is 1
81 connections in 0.77s; 105.19 connections/user sec, bytes read 0
81 connections in 11 real seconds, 0 bytes read per connection
Execution 3
s_time: verify depth is 1
109 connections in 1.04s; 104.81 connections/user sec, bytes read 0
109 connections in 11 real seconds, 0 bytes read per connection
Execution 4
s_time: verify depth is 1
110 connections in 1.14s; 96.49 connections/user sec, bytes read 0
110 connections in 11 real seconds, 0 bytes read per connection
Execution 5
s_time: verify depth is 1
109 connections in 1.06s; 102.83 connections/user sec, bytes read 0
109 connections in 14 real seconds, 0 bytes read per connection
Execution 6
s_time: verify depth is 1
109 connections in 1.14s; 95.61 connections/user sec, bytes read 0
109 connections in 11 real seconds, 0 bytes read per connection
Execution 7
s_time: verify depth is 1
111 connections in 1.16s; 95.69 connections/user sec, bytes read 0
111 connections in 11 real seconds, 0 bytes read per connection
Execution 8
s_time: verify depth is 1
107 connections in 1.08s; 99.07 connections/user sec, bytes read 0
107 connections in 14 real seconds, 0 bytes read per connection
Execution 9
s_time: verify depth is 1
112 connections in 1.09s; 102.75 connections/user sec, bytes read 0
112 connections in 11 real seconds, 0 bytes read per connection
Execution 10
s_time: verify depth is 1
112 connections in 1.09s; 102.75 connections/user sec, bytes read 0
112 connections in 11 real seconds, 0 bytes read per connection
Execution 11
s_time: verify depth is 1
104 connections in 1.12s; 92.86 connections/user sec, bytes read 0
104 connections in 13 real seconds, 0 bytes read per connection
Execution 12
s_time: verify depth is 1
101 connections in 1.09s; 92.66 connections/user sec, bytes read 0
101 connections in 11 real seconds, 0 bytes read per connection
Execution 13
s_time: verify depth is 1
113 connections in 1.07s; 105.61 connections/user sec, bytes read 0
113 connections in 11 real seconds, 0 bytes read per connection
Execution 14
s_time: verify depth is 1
112 connections in 1.15s; 97.39 connections/user sec, bytes read 0
112 connections in 11 real seconds, 0 bytes read per connection
Execution 15
s_time: verify depth is 1
75 connections in 0.77s; 97.40 connections/user sec, bytes read 0
75 connections in 11 real seconds, 0 bytes read per connection
Execution 16
s_time: verify depth is 1
113 connections in 1.09s; 103.67 connections/user sec, bytes read 0
113 connections in 11 real seconds, 0 bytes read per connection
Execution 17
s_time: verify depth is 1
111 connections in 1.11s; 100.00 connections/user sec, bytes read 0
111 connections in 11 real seconds, 0 bytes read per connection
Execution 18
s_time: verify depth is 1
75 connections in 0.76s; 98.68 connections/user sec, bytes read 0
75 connections in 11 real seconds, 0 bytes read per connection
Execution 19
s_time: verify depth is 1
112 connections in 1.09s; 102.75 connections/user sec, bytes read 0
112 connections in 11 real seconds, 0 bytes read per connection
Execution 20
s_time: verify depth is 1
112 connections in 1.13s; 99.12 connections/user sec, bytes read 0
112 connections in 11 real seconds, 0 bytes read per connection
Execution 21
s_time: verify depth is 1
75 connections in 0.81s; 92.59 connections/user sec, bytes read 0
75 connections in 11 real seconds, 0 bytes read per connection
Execution 22
s_time: verify depth is 1
113 connections in 1.08s; 104.63 connections/user sec, bytes read 0
113 connections in 11 real seconds, 0 bytes read per connection
Execution 23
s_time: verify depth is 1
112 connections in 1.07s; 104.67 connections/user sec, bytes read 0
112 connections in 11 real seconds, 0 bytes read per connection
Execution 24
s_time: verify depth is 1
88 connections in 0.87s; 101.15 connections/user sec, bytes read 0
88 connections in 12 real seconds, 0 bytes read per connection
Execution 25
s_time: verify depth is 1
110 connections in 1.05s; 104.76 connections/user sec, bytes read 0
110 connections in 11 real seconds, 0 bytes read per connection
Execution 26
s_time: verify depth is 1
113 connections in 1.08s; 104.63 connections/user sec, bytes read 0
113 connections in 11 real seconds, 0 bytes read per connection
Execution 27
s_time: verify depth is 1
107 connections in 1.04s; 102.88 connections/user sec, bytes read 0
107 connections in 14 real seconds, 0 bytes read per connection
Execution 28
s_time: verify depth is 1
111 connections in 1.16s; 95.69 connections/user sec, bytes read 0
111 connections in 11 real seconds, 0 bytes read per connection
Execution 29
s_time: verify depth is 1
111 connections in 1.11s; 100.00 connections/user sec, bytes read 0
111 connections in 11 real seconds, 0 bytes read per connection
Execution 30
s_time: verify depth is 1
104 connections in 1.15s; 90.43 connections/user sec, bytes read 0
104 connections in 13 real seconds, 0 bytes read per connection
Execution 31
s_time: verify depth is 1
104 connections in 0.97s; 107.22 connections/user sec, bytes read 0
104 connections in 11 real seconds, 0 bytes read per connection
Execution 32
s_time: verify depth is 1
110 connections in 1.23s; 89.43 connections/user sec, bytes read 0
110 connections in 11 real seconds, 0 bytes read per connection
Execution 33
s_time: verify depth is 1
112 connections in 1.14s; 98.25 connections/user sec, bytes read 0
112 connections in 11 real seconds, 0 bytes read per connection
Execution 34
s_time: verify depth is 1
75 connections in 0.82s; 91.46 connections/user sec, bytes read 0
75 connections in 11 real seconds, 0 bytes read per connection
Execution 35
s_time: verify depth is 1
110 connections in 1.25s; 88.00 connections/user sec, bytes read 0
110 connections in 11 real seconds, 0 bytes read per connection
Execution 36
s_time: verify depth is 1
111 connections in 1.20s; 92.50 connections/user sec, bytes read 0
111 connections in 11 real seconds, 0 bytes read per connection
Execution 37
s_time: verify depth is 1
75 connections in 0.78s; 96.15 connections/user sec, bytes read 0
75 connections in 11 real seconds, 0 bytes read per connection
Execution 38
s_time: verify depth is 1
113 connections in 1.08s; 104.63 connections/user sec, bytes read 0
113 connections in 11 real seconds, 0 bytes read per connection
Execution 39
s_time: verify depth is 1
113 connections in 1.14s; 99.12 connections/user sec, bytes read 0
113 connections in 11 real seconds, 0 bytes read per connection
Execution 40
s_time: verify depth is 1
76 connections in 0.77s; 98.70 connections/user sec, bytes read 0
76 connections in 11 real seconds, 0 bytes read per connection
Execution 41
s_time: verify depth is 1
111 connections in 1.13s; 98.23 connections/user sec, bytes read 0
111 connections in 11 real seconds, 0 bytes read per connection
Execution 42
s_time: verify depth is 1
112 connections in 1.09s; 102.75 connections/user sec, bytes read 0
112 connections in 11 real seconds, 0 bytes read per connection
Execution 43
s_time: verify depth is 1
88 connections in 0.90s; 97.78 connections/user sec, bytes read 0
88 connections in 12 real seconds, 0 bytes read per connection
Execution 44
s_time: verify depth is 1
110 connections in 1.14s; 96.49 connections/user sec, bytes read 0
110 connections in 11 real seconds, 0 bytes read per connection
Execution 45
s_time: verify depth is 1
113 connections in 1.07s; 105.61 connections/user sec, bytes read 0
113 connections in 11 real seconds, 0 bytes read per connection
Execution 46
s_time: verify depth is 1
108 connections in 1.01s; 106.93 connections/user sec, bytes read 0
108 connections in 14 real seconds, 0 bytes read per connection
Execution 47
s_time: verify depth is 1
113 connections in 1.07s; 105.61 connections/user sec, bytes read 0
113 connections in 11 real seconds, 0 bytes read per connection
Execution 48
s_time: verify depth is 1
112 connections in 1.08s; 103.70 connections/user sec, bytes read 0
112 connections in 11 real seconds, 0 bytes read per connection
Execution 49
s_time: verify depth is 1
106 connections in 1.04s; 101.92 connections/user sec, bytes read 0
106 connections in 13 real seconds, 0 bytes read per connection
Execution 50
s_time: verify depth is 1
103 connections in 1.00s; 103.00 connections/user sec, bytes read 0
103 connections in 11 real seconds, 0 bytes read per connection
tc
Mostrando el estado de qdisc para la interfaz: lo
qdisc netem 80c4: root refcnt 2 limit 1000 delay 20.0ms
 Sent 0 bytes 0 pkt (dropped 0, overlimits 0 requeues 0) 
 backlog 0b 0p requeues 0
-----
-----
Certificate request self-signature ok
subject=CN=localhost
Running /opt/oqssa/bin/perftestServer.sh with SIG_ALG=mldsa87 and KEM_ALG=mlkem1024

Using default temp DH parameters
ACCEPT
Execution 1
s_time: verify depth is 1
129 connections in 0.21s; 614.29 connections/user sec, bytes read 0
129 connections in 11 real seconds, 0 bytes read per connection
Execution 2
s_time: verify depth is 1
111 connections in 0.17s; 652.94 connections/user sec, bytes read 0
111 connections in 12 real seconds, 0 bytes read per connection
Execution 3
s_time: verify depth is 1
124 connections in 0.17s; 729.41 connections/user sec, bytes read 0
124 connections in 11 real seconds, 0 bytes read per connection
Execution 4
s_time: verify depth is 1
133 connections in 0.18s; 738.89 connections/user sec, bytes read 0
133 connections in 11 real seconds, 0 bytes read per connection
Execution 5
s_time: verify depth is 1
133 connections in 0.18s; 738.89 connections/user sec, bytes read 0
133 connections in 14 real seconds, 0 bytes read per connection
Execution 6
s_time: verify depth is 1
126 connections in 0.19s; 663.16 connections/user sec, bytes read 0
126 connections in 11 real seconds, 0 bytes read per connection
Execution 7
s_time: verify depth is 1
133 connections in 0.22s; 604.55 connections/user sec, bytes read 0
133 connections in 11 real seconds, 0 bytes read per connection
Execution 8
s_time: verify depth is 1
131 connections in 0.22s; 595.45 connections/user sec, bytes read 0
131 connections in 14 real seconds, 0 bytes read per connection
Execution 9
s_time: verify depth is 1
128 connections in 0.20s; 640.00 connections/user sec, bytes read 0
128 connections in 11 real seconds, 0 bytes read per connection
Execution 10
s_time: verify depth is 1
132 connections in 0.21s; 628.57 connections/user sec, bytes read 0
132 connections in 11 real seconds, 0 bytes read per connection
Execution 11
s_time: verify depth is 1
129 connections in 0.20s; 645.00 connections/user sec, bytes read 0
129 connections in 14 real seconds, 0 bytes read per connection
Execution 12
s_time: verify depth is 1
130 connections in 0.21s; 619.05 connections/user sec, bytes read 0
130 connections in 11 real seconds, 0 bytes read per connection
Execution 13
s_time: verify depth is 1
132 connections in 0.20s; 660.00 connections/user sec, bytes read 0
132 connections in 11 real seconds, 0 bytes read per connection
Execution 14
s_time: verify depth is 1
127 connections in 0.17s; 747.06 connections/user sec, bytes read 0
127 connections in 14 real seconds, 0 bytes read per connection
Execution 15
s_time: verify depth is 1
132 connections in 0.19s; 694.74 connections/user sec, bytes read 0
132 connections in 11 real seconds, 0 bytes read per connection
Execution 16
s_time: verify depth is 1
133 connections in 0.21s; 633.33 connections/user sec, bytes read 0
133 connections in 11 real seconds, 0 bytes read per connection
Execution 17
s_time: verify depth is 1
125 connections in 0.18s; 694.44 connections/user sec, bytes read 0
125 connections in 13 real seconds, 0 bytes read per connection
Execution 18
s_time: verify depth is 1
122 connections in 0.18s; 677.78 connections/user sec, bytes read 0
122 connections in 11 real seconds, 0 bytes read per connection
Execution 19
s_time: verify depth is 1
133 connections in 0.19s; 700.00 connections/user sec, bytes read 0
133 connections in 11 real seconds, 0 bytes read per connection
Execution 20
s_time: verify depth is 1
133 connections in 0.21s; 633.33 connections/user sec, bytes read 0
133 connections in 11 real seconds, 0 bytes read per connection
Execution 21
s_time: verify depth is 1
89 connections in 0.14s; 635.71 connections/user sec, bytes read 0
89 connections in 11 real seconds, 0 bytes read per connection
Execution 22
s_time: verify depth is 1
133 connections in 0.21s; 633.33 connections/user sec, bytes read 0
133 connections in 11 real seconds, 0 bytes read per connection
Execution 23
s_time: verify depth is 1
133 connections in 0.22s; 604.55 connections/user sec, bytes read 0
133 connections in 11 real seconds, 0 bytes read per connection
Execution 24
s_time: verify depth is 1
89 connections in 0.14s; 635.71 connections/user sec, bytes read 0
89 connections in 11 real seconds, 0 bytes read per connection
Execution 25
s_time: verify depth is 1
133 connections in 0.19s; 700.00 connections/user sec, bytes read 0
133 connections in 11 real seconds, 0 bytes read per connection
Execution 26
s_time: verify depth is 1
133 connections in 0.18s; 738.89 connections/user sec, bytes read 0
133 connections in 11 real seconds, 0 bytes read per connection
Execution 27
s_time: verify depth is 1
90 connections in 0.12s; 750.00 connections/user sec, bytes read 0
90 connections in 11 real seconds, 0 bytes read per connection
Execution 28
s_time: verify depth is 1
133 connections in 0.23s; 578.26 connections/user sec, bytes read 0
133 connections in 11 real seconds, 0 bytes read per connection
Execution 29
s_time: verify depth is 1
133 connections in 0.18s; 738.89 connections/user sec, bytes read 0
133 connections in 11 real seconds, 0 bytes read per connection
Execution 30
s_time: verify depth is 1
105 connections in 0.17s; 617.65 connections/user sec, bytes read 0
105 connections in 12 real seconds, 0 bytes read per connection
Execution 31
s_time: verify depth is 1
130 connections in 0.20s; 650.00 connections/user sec, bytes read 0
130 connections in 11 real seconds, 0 bytes read per connection
Execution 32
s_time: verify depth is 1
133 connections in 0.20s; 665.00 connections/user sec, bytes read 0
133 connections in 11 real seconds, 0 bytes read per connection
Execution 33
s_time: verify depth is 1
127 connections in 0.18s; 705.56 connections/user sec, bytes read 0
127 connections in 14 real seconds, 0 bytes read per connection
Execution 34
s_time: verify depth is 1
132 connections in 0.20s; 660.00 connections/user sec, bytes read 0
132 connections in 11 real seconds, 0 bytes read per connection
Execution 35
s_time: verify depth is 1
133 connections in 0.21s; 633.33 connections/user sec, bytes read 0
133 connections in 11 real seconds, 0 bytes read per connection
Execution 36
s_time: verify depth is 1
125 connections in 0.21s; 595.24 connections/user sec, bytes read 0
125 connections in 13 real seconds, 0 bytes read per connection
Execution 37
s_time: verify depth is 1
121 connections in 0.20s; 605.00 connections/user sec, bytes read 0
121 connections in 11 real seconds, 0 bytes read per connection
Execution 38
s_time: verify depth is 1
133 connections in 0.20s; 665.00 connections/user sec, bytes read 0
133 connections in 11 real seconds, 0 bytes read per connection
Execution 39
s_time: verify depth is 1
133 connections in 0.20s; 665.00 connections/user sec, bytes read 0
133 connections in 11 real seconds, 0 bytes read per connection
Execution 40
s_time: verify depth is 1
89 connections in 0.14s; 635.71 connections/user sec, bytes read 0
89 connections in 11 real seconds, 0 bytes read per connection
Execution 41
s_time: verify depth is 1
133 connections in 0.21s; 633.33 connections/user sec, bytes read 0
133 connections in 11 real seconds, 0 bytes read per connection
Execution 42
s_time: verify depth is 1
133 connections in 0.19s; 700.00 connections/user sec, bytes read 0
133 connections in 11 real seconds, 0 bytes read per connection
Execution 43
s_time: verify depth is 1
89 connections in 0.14s; 635.71 connections/user sec, bytes read 0
89 connections in 11 real seconds, 0 bytes read per connection
Execution 44
s_time: verify depth is 1
133 connections in 0.18s; 738.89 connections/user sec, bytes read 0
133 connections in 11 real seconds, 0 bytes read per connection
Execution 45
s_time: verify depth is 1
133 connections in 0.22s; 604.55 connections/user sec, bytes read 0
133 connections in 11 real seconds, 0 bytes read per connection
Execution 46
s_time: verify depth is 1
89 connections in 0.13s; 684.62 connections/user sec, bytes read 0
89 connections in 11 real seconds, 0 bytes read per connection
Execution 47
s_time: verify depth is 1
133 connections in 0.20s; 665.00 connections/user sec, bytes read 0
133 connections in 11 real seconds, 0 bytes read per connection
Execution 48
s_time: verify depth is 1
133 connections in 0.21s; 633.33 connections/user sec, bytes read 0
133 connections in 11 real seconds, 0 bytes read per connection
Execution 49
s_time: verify depth is 1
105 connections in 0.17s; 617.65 connections/user sec, bytes read 0
105 connections in 12 real seconds, 0 bytes read per connection
Execution 50
s_time: verify depth is 1
129 connections in 0.20s; 645.00 connections/user sec, bytes read 0
129 connections in 11 real seconds, 0 bytes read per connection
tc
Mostrando el estado de qdisc para la interfaz: lo
qdisc netem 80c5: root refcnt 2 limit 1000 delay 20.0ms
 Sent 0 bytes 0 pkt (dropped 0, overlimits 0 requeues 0) 
 backlog 0b 0p requeues 0
-----
-----
Certificate request self-signature ok
subject=CN=localhost
Running /opt/oqssa/bin/perftestServer.sh with SIG_ALG=falcon1024 and KEM_ALG=P-521

Using default temp DH parameters
ACCEPT
Execution 1
s_time: verify depth is 1
110 connections in 1.10s; 100.00 connections/user sec, bytes read 0
110 connections in 11 real seconds, 0 bytes read per connection
Execution 2
s_time: verify depth is 1
86 connections in 0.84s; 102.38 connections/user sec, bytes read 0
86 connections in 12 real seconds, 0 bytes read per connection
Execution 3
s_time: verify depth is 1
110 connections in 1.15s; 95.65 connections/user sec, bytes read 0
110 connections in 11 real seconds, 0 bytes read per connection
Execution 4
s_time: verify depth is 1
112 connections in 1.09s; 102.75 connections/user sec, bytes read 0
112 connections in 11 real seconds, 0 bytes read per connection
Execution 5
s_time: verify depth is 1
105 connections in 1.06s; 99.06 connections/user sec, bytes read 0
105 connections in 14 real seconds, 0 bytes read per connection
Execution 6
s_time: verify depth is 1
112 connections in 1.11s; 100.90 connections/user sec, bytes read 0
112 connections in 11 real seconds, 0 bytes read per connection
Execution 7
s_time: verify depth is 1
111 connections in 1.15s; 96.52 connections/user sec, bytes read 0
111 connections in 11 real seconds, 0 bytes read per connection
Execution 8
s_time: verify depth is 1
103 connections in 1.00s; 103.00 connections/user sec, bytes read 0
103 connections in 13 real seconds, 0 bytes read per connection
Execution 9
s_time: verify depth is 1
105 connections in 1.01s; 103.96 connections/user sec, bytes read 0
105 connections in 11 real seconds, 0 bytes read per connection
Execution 10
s_time: verify depth is 1
111 connections in 1.10s; 100.91 connections/user sec, bytes read 0
111 connections in 11 real seconds, 0 bytes read per connection
Execution 11
s_time: verify depth is 1
112 connections in 1.06s; 105.66 connections/user sec, bytes read 0
112 connections in 14 real seconds, 0 bytes read per connection
Execution 12
s_time: verify depth is 1
107 connections in 0.99s; 108.08 connections/user sec, bytes read 0
107 connections in 11 real seconds, 0 bytes read per connection
Execution 13
s_time: verify depth is 1
111 connections in 1.14s; 97.37 connections/user sec, bytes read 0
111 connections in 11 real seconds, 0 bytes read per connection
Execution 14
s_time: verify depth is 1
111 connections in 1.03s; 107.77 connections/user sec, bytes read 0
111 connections in 14 real seconds, 0 bytes read per connection
Execution 15
s_time: verify depth is 1
106 connections in 1.11s; 95.50 connections/user sec, bytes read 0
106 connections in 11 real seconds, 0 bytes read per connection
Execution 16
s_time: verify depth is 1
112 connections in 1.06s; 105.66 connections/user sec, bytes read 0
112 connections in 11 real seconds, 0 bytes read per connection
Execution 17
s_time: verify depth is 1
109 connections in 1.02s; 106.86 connections/user sec, bytes read 0
109 connections in 14 real seconds, 0 bytes read per connection
Execution 18
s_time: verify depth is 1
109 connections in 1.11s; 98.20 connections/user sec, bytes read 0
109 connections in 11 real seconds, 0 bytes read per connection
Execution 19
s_time: verify depth is 1
110 connections in 1.16s; 94.83 connections/user sec, bytes read 0
110 connections in 11 real seconds, 0 bytes read per connection
Execution 20
s_time: verify depth is 1
105 connections in 1.11s; 94.59 connections/user sec, bytes read 0
105 connections in 14 real seconds, 0 bytes read per connection
Execution 21
s_time: verify depth is 1
110 connections in 1.12s; 98.21 connections/user sec, bytes read 0
110 connections in 11 real seconds, 0 bytes read per connection
Execution 22
s_time: verify depth is 1
112 connections in 1.11s; 100.90 connections/user sec, bytes read 0
112 connections in 11 real seconds, 0 bytes read per connection
Execution 23
s_time: verify depth is 1
103 connections in 1.11s; 92.79 connections/user sec, bytes read 0
103 connections in 13 real seconds, 0 bytes read per connection
Execution 24
s_time: verify depth is 1
102 connections in 1.01s; 100.99 connections/user sec, bytes read 0
102 connections in 11 real seconds, 0 bytes read per connection
Execution 25
s_time: verify depth is 1
111 connections in 1.13s; 98.23 connections/user sec, bytes read 0
111 connections in 11 real seconds, 0 bytes read per connection
Execution 26
s_time: verify depth is 1
112 connections in 1.10s; 101.82 connections/user sec, bytes read 0
112 connections in 11 real seconds, 0 bytes read per connection
Execution 27
s_time: verify depth is 1
75 connections in 0.73s; 102.74 connections/user sec, bytes read 0
75 connections in 11 real seconds, 0 bytes read per connection
Execution 28
s_time: verify depth is 1
112 connections in 1.04s; 107.69 connections/user sec, bytes read 0
112 connections in 11 real seconds, 0 bytes read per connection
Execution 29
s_time: verify depth is 1
112 connections in 1.05s; 106.67 connections/user sec, bytes read 0
112 connections in 11 real seconds, 0 bytes read per connection
Execution 30
s_time: verify depth is 1
75 connections in 0.73s; 102.74 connections/user sec, bytes read 0
75 connections in 11 real seconds, 0 bytes read per connection
Execution 31
s_time: verify depth is 1
111 connections in 1.08s; 102.78 connections/user sec, bytes read 0
111 connections in 11 real seconds, 0 bytes read per connection
Execution 32
s_time: verify depth is 1
111 connections in 1.11s; 100.00 connections/user sec, bytes read 0
111 connections in 11 real seconds, 0 bytes read per connection
Execution 33
s_time: verify depth is 1
74 connections in 0.76s; 97.37 connections/user sec, bytes read 0
74 connections in 11 real seconds, 0 bytes read per connection
Execution 34
s_time: verify depth is 1
112 connections in 1.11s; 100.90 connections/user sec, bytes read 0
112 connections in 11 real seconds, 0 bytes read per connection
Execution 35
s_time: verify depth is 1
112 connections in 1.09s; 102.75 connections/user sec, bytes read 0
112 connections in 11 real seconds, 0 bytes read per connection
Execution 36
s_time: verify depth is 1
88 connections in 0.87s; 101.15 connections/user sec, bytes read 0
88 connections in 12 real seconds, 0 bytes read per connection
Execution 37
s_time: verify depth is 1
109 connections in 1.08s; 100.93 connections/user sec, bytes read 0
109 connections in 11 real seconds, 0 bytes read per connection
Execution 38
s_time: verify depth is 1
111 connections in 1.07s; 103.74 connections/user sec, bytes read 0
111 connections in 11 real seconds, 0 bytes read per connection
Execution 39
s_time: verify depth is 1
106 connections in 1.05s; 100.95 connections/user sec, bytes read 0
106 connections in 14 real seconds, 0 bytes read per connection
Execution 40
s_time: verify depth is 1
111 connections in 1.08s; 102.78 connections/user sec, bytes read 0
111 connections in 11 real seconds, 0 bytes read per connection
Execution 41
s_time: verify depth is 1
111 connections in 1.11s; 100.00 connections/user sec, bytes read 0
111 connections in 11 real seconds, 0 bytes read per connection
Execution 42
s_time: verify depth is 1
104 connections in 1.06s; 98.11 connections/user sec, bytes read 0
104 connections in 13 real seconds, 0 bytes read per connection
Execution 43
s_time: verify depth is 1
101 connections in 1.03s; 98.06 connections/user sec, bytes read 0
101 connections in 11 real seconds, 0 bytes read per connection
Execution 44
s_time: verify depth is 1
112 connections in 1.14s; 98.25 connections/user sec, bytes read 0
112 connections in 11 real seconds, 0 bytes read per connection
Execution 45
s_time: verify depth is 1
110 connections in 1.12s; 98.21 connections/user sec, bytes read 0
110 connections in 11 real seconds, 0 bytes read per connection
Execution 46
s_time: verify depth is 1
75 connections in 0.73s; 102.74 connections/user sec, bytes read 0
75 connections in 11 real seconds, 0 bytes read per connection
Execution 47
s_time: verify depth is 1
112 connections in 1.16s; 96.55 connections/user sec, bytes read 0
112 connections in 11 real seconds, 0 bytes read per connection
Execution 48
s_time: verify depth is 1
111 connections in 1.05s; 105.71 connections/user sec, bytes read 0
111 connections in 11 real seconds, 0 bytes read per connection
Execution 49
s_time: verify depth is 1
75 connections in 0.76s; 98.68 connections/user sec, bytes read 0
75 connections in 11 real seconds, 0 bytes read per connection
Execution 50
s_time: verify depth is 1
112 connections in 1.02s; 109.80 connections/user sec, bytes read 0
112 connections in 11 real seconds, 0 bytes read per connection
tc
Mostrando el estado de qdisc para la interfaz: lo
qdisc netem 80c6: root refcnt 2 limit 1000 delay 20.0ms
 Sent 0 bytes 0 pkt (dropped 0, overlimits 0 requeues 0) 
 backlog 0b 0p requeues 0
-----
-----
Certificate request self-signature ok
subject=CN=localhost
Running /opt/oqssa/bin/perftestServer.sh with SIG_ALG=falcon1024 and KEM_ALG=mlkem1024

Using default temp DH parameters
ACCEPT
Execution 1
s_time: verify depth is 1
122 connections in 0.21s; 580.95 connections/user sec, bytes read 0
122 connections in 11 real seconds, 0 bytes read per connection
Execution 2
s_time: verify depth is 1
89 connections in 0.13s; 684.62 connections/user sec, bytes read 0
89 connections in 11 real seconds, 0 bytes read per connection
Execution 3
s_time: verify depth is 1
131 connections in 0.22s; 595.45 connections/user sec, bytes read 0
131 connections in 11 real seconds, 0 bytes read per connection
Execution 4
s_time: verify depth is 1
132 connections in 0.21s; 628.57 connections/user sec, bytes read 0
132 connections in 11 real seconds, 0 bytes read per connection
Execution 5
s_time: verify depth is 1
92 connections in 0.13s; 707.69 connections/user sec, bytes read 0
92 connections in 11 real seconds, 0 bytes read per connection
Execution 6
s_time: verify depth is 1
129 connections in 0.18s; 716.67 connections/user sec, bytes read 0
129 connections in 11 real seconds, 0 bytes read per connection
Execution 7
s_time: verify depth is 1
132 connections in 0.21s; 628.57 connections/user sec, bytes read 0
132 connections in 11 real seconds, 0 bytes read per connection
Execution 8
s_time: verify depth is 1
126 connections in 0.17s; 741.18 connections/user sec, bytes read 0
126 connections in 14 real seconds, 0 bytes read per connection
Execution 9
s_time: verify depth is 1
131 connections in 0.19s; 689.47 connections/user sec, bytes read 0
131 connections in 11 real seconds, 0 bytes read per connection
Execution 10
s_time: verify depth is 1
132 connections in 0.19s; 694.74 connections/user sec, bytes read 0
132 connections in 11 real seconds, 0 bytes read per connection
Execution 11
s_time: verify depth is 1
124 connections in 0.17s; 729.41 connections/user sec, bytes read 0
124 connections in 13 real seconds, 0 bytes read per connection
Execution 12
s_time: verify depth is 1
121 connections in 0.17s; 711.76 connections/user sec, bytes read 0
121 connections in 11 real seconds, 0 bytes read per connection
Execution 13
s_time: verify depth is 1
132 connections in 0.20s; 660.00 connections/user sec, bytes read 0
132 connections in 11 real seconds, 0 bytes read per connection
Execution 14
s_time: verify depth is 1
132 connections in 0.20s; 660.00 connections/user sec, bytes read 0
132 connections in 11 real seconds, 0 bytes read per connection
Execution 15
s_time: verify depth is 1
89 connections in 0.12s; 741.67 connections/user sec, bytes read 0
89 connections in 11 real seconds, 0 bytes read per connection
Execution 16
s_time: verify depth is 1
132 connections in 0.20s; 660.00 connections/user sec, bytes read 0
132 connections in 11 real seconds, 0 bytes read per connection
Execution 17
s_time: verify depth is 1
132 connections in 0.20s; 660.00 connections/user sec, bytes read 0
132 connections in 11 real seconds, 0 bytes read per connection
Execution 18
s_time: verify depth is 1
89 connections in 0.14s; 635.71 connections/user sec, bytes read 0
89 connections in 11 real seconds, 0 bytes read per connection
Execution 19
s_time: verify depth is 1
132 connections in 0.19s; 694.74 connections/user sec, bytes read 0
132 connections in 11 real seconds, 0 bytes read per connection
Execution 20
s_time: verify depth is 1
132 connections in 0.21s; 628.57 connections/user sec, bytes read 0
132 connections in 11 real seconds, 0 bytes read per connection
Execution 21
s_time: verify depth is 1
89 connections in 0.13s; 684.62 connections/user sec, bytes read 0
89 connections in 11 real seconds, 0 bytes read per connection
Execution 22
s_time: verify depth is 1
132 connections in 0.18s; 733.33 connections/user sec, bytes read 0
132 connections in 11 real seconds, 0 bytes read per connection
Execution 23
s_time: verify depth is 1
132 connections in 0.20s; 660.00 connections/user sec, bytes read 0
132 connections in 11 real seconds, 0 bytes read per connection
Execution 24
s_time: verify depth is 1
104 connections in 0.16s; 650.00 connections/user sec, bytes read 0
104 connections in 12 real seconds, 0 bytes read per connection
Execution 25
s_time: verify depth is 1
129 connections in 0.20s; 645.00 connections/user sec, bytes read 0
129 connections in 11 real seconds, 0 bytes read per connection
Execution 26
s_time: verify depth is 1
131 connections in 0.21s; 623.81 connections/user sec, bytes read 0
131 connections in 11 real seconds, 0 bytes read per connection
Execution 27
s_time: verify depth is 1
127 connections in 0.17s; 747.06 connections/user sec, bytes read 0
127 connections in 14 real seconds, 0 bytes read per connection
Execution 28
s_time: verify depth is 1
131 connections in 0.20s; 655.00 connections/user sec, bytes read 0
131 connections in 11 real seconds, 0 bytes read per connection
Execution 29
s_time: verify depth is 1
131 connections in 0.21s; 623.81 connections/user sec, bytes read 0
131 connections in 11 real seconds, 0 bytes read per connection
Execution 30
s_time: verify depth is 1
125 connections in 0.18s; 694.44 connections/user sec, bytes read 0
125 connections in 14 real seconds, 0 bytes read per connection
Execution 31
s_time: verify depth is 1
132 connections in 0.20s; 660.00 connections/user sec, bytes read 0
132 connections in 11 real seconds, 0 bytes read per connection
Execution 32
s_time: verify depth is 1
132 connections in 0.22s; 600.00 connections/user sec, bytes read 0
132 connections in 11 real seconds, 0 bytes read per connection
Execution 33
s_time: verify depth is 1
122 connections in 0.20s; 610.00 connections/user sec, bytes read 0
122 connections in 13 real seconds, 0 bytes read per connection
Execution 34
s_time: verify depth is 1
123 connections in 0.18s; 683.33 connections/user sec, bytes read 0
123 connections in 11 real seconds, 0 bytes read per connection
Execution 35
s_time: verify depth is 1
132 connections in 0.21s; 628.57 connections/user sec, bytes read 0
132 connections in 11 real seconds, 0 bytes read per connection
Execution 36
s_time: verify depth is 1
132 connections in 0.20s; 660.00 connections/user sec, bytes read 0
132 connections in 14 real seconds, 0 bytes read per connection
Execution 37
s_time: verify depth is 1
125 connections in 0.19s; 657.89 connections/user sec, bytes read 0
125 connections in 11 real seconds, 0 bytes read per connection
Execution 38
s_time: verify depth is 1
131 connections in 0.22s; 595.45 connections/user sec, bytes read 0
131 connections in 11 real seconds, 0 bytes read per connection
Execution 39
s_time: verify depth is 1
131 connections in 0.18s; 727.78 connections/user sec, bytes read 0
131 connections in 14 real seconds, 0 bytes read per connection
Execution 40
s_time: verify depth is 1
127 connections in 0.17s; 747.06 connections/user sec, bytes read 0
127 connections in 11 real seconds, 0 bytes read per connection
Execution 41
s_time: verify depth is 1
132 connections in 0.19s; 694.74 connections/user sec, bytes read 0
132 connections in 11 real seconds, 0 bytes read per connection
Execution 42
s_time: verify depth is 1
128 connections in 0.18s; 711.11 connections/user sec, bytes read 0
128 connections in 14 real seconds, 0 bytes read per connection
Execution 43
s_time: verify depth is 1
129 connections in 0.20s; 645.00 connections/user sec, bytes read 0
129 connections in 11 real seconds, 0 bytes read per connection
Execution 44
s_time: verify depth is 1
132 connections in 0.18s; 733.33 connections/user sec, bytes read 0
132 connections in 11 real seconds, 0 bytes read per connection
Execution 45
s_time: verify depth is 1
126 connections in 0.18s; 700.00 connections/user sec, bytes read 0
126 connections in 14 real seconds, 0 bytes read per connection
Execution 46
s_time: verify depth is 1
130 connections in 0.21s; 619.05 connections/user sec, bytes read 0
130 connections in 11 real seconds, 0 bytes read per connection
Execution 47
s_time: verify depth is 1
132 connections in 0.19s; 694.74 connections/user sec, bytes read 0
132 connections in 11 real seconds, 0 bytes read per connection
Execution 48
s_time: verify depth is 1
125 connections in 0.21s; 595.24 connections/user sec, bytes read 0
125 connections in 14 real seconds, 0 bytes read per connection
Execution 49
s_time: verify depth is 1
132 connections in 0.20s; 660.00 connections/user sec, bytes read 0
132 connections in 11 real seconds, 0 bytes read per connection
Execution 50
s_time: verify depth is 1
132 connections in 0.19s; 694.74 connections/user sec, bytes read 0
132 connections in 11 real seconds, 0 bytes read per connection
tc
Mostrando el estado de qdisc para la interfaz: lo
qdisc netem 80c7: root refcnt 2 limit 1000 delay 20.0ms
 Sent 0 bytes 0 pkt (dropped 0, overlimits 0 requeues 0) 
 backlog 0b 0p requeues 0
-----
-----
Certificate request self-signature ok
subject=CN=localhost
Running /opt/oqssa/bin/perftestServer.sh with SIG_ALG=sphincssha2256fsimple and KEM_ALG=P-521

Using default temp DH parameters
ACCEPT
Execution 1
s_time: verify depth is 1
55 connections in 0.82s; 67.07 connections/user sec, bytes read 0
55 connections in 11 real seconds, 0 bytes read per connection
Execution 2
s_time: verify depth is 1
74 connections in 1.01s; 73.27 connections/user sec, bytes read 0
74 connections in 11 real seconds, 0 bytes read per connection
Execution 3
s_time: verify depth is 1
78 connections in 1.15s; 67.83 connections/user sec, bytes read 0
78 connections in 11 real seconds, 0 bytes read per connection
Execution 4
s_time: verify depth is 1
80 connections in 1.12s; 71.43 connections/user sec, bytes read 0
80 connections in 14 real seconds, 0 bytes read per connection
Execution 5
s_time: verify depth is 1
77 connections in 1.00s; 77.00 connections/user sec, bytes read 0
77 connections in 11 real seconds, 0 bytes read per connection
Execution 6
s_time: verify depth is 1
79 connections in 1.13s; 69.91 connections/user sec, bytes read 0
79 connections in 11 real seconds, 0 bytes read per connection
Execution 7
s_time: verify depth is 1
80 connections in 1.08s; 74.07 connections/user sec, bytes read 0
80 connections in 14 real seconds, 0 bytes read per connection
Execution 8
s_time: verify depth is 1
77 connections in 1.01s; 76.24 connections/user sec, bytes read 0
77 connections in 11 real seconds, 0 bytes read per connection
Execution 9
s_time: verify depth is 1
81 connections in 1.09s; 74.31 connections/user sec, bytes read 0
81 connections in 11 real seconds, 0 bytes read per connection
Execution 10
s_time: verify depth is 1
77 connections in 1.11s; 69.37 connections/user sec, bytes read 0
77 connections in 14 real seconds, 0 bytes read per connection
Execution 11
s_time: verify depth is 1
78 connections in 1.12s; 69.64 connections/user sec, bytes read 0
78 connections in 11 real seconds, 0 bytes read per connection
Execution 12
s_time: verify depth is 1
79 connections in 1.12s; 70.54 connections/user sec, bytes read 0
79 connections in 11 real seconds, 0 bytes read per connection
Execution 13
s_time: verify depth is 1
77 connections in 1.03s; 74.76 connections/user sec, bytes read 0
77 connections in 14 real seconds, 0 bytes read per connection
Execution 14
s_time: verify depth is 1
80 connections in 1.06s; 75.47 connections/user sec, bytes read 0
80 connections in 11 real seconds, 0 bytes read per connection
Execution 15
s_time: verify depth is 1
80 connections in 1.13s; 70.80 connections/user sec, bytes read 0
80 connections in 11 real seconds, 0 bytes read per connection
Execution 16
s_time: verify depth is 1
77 connections in 1.03s; 74.76 connections/user sec, bytes read 0
77 connections in 14 real seconds, 0 bytes read per connection
Execution 17
s_time: verify depth is 1
81 connections in 1.08s; 75.00 connections/user sec, bytes read 0
81 connections in 11 real seconds, 0 bytes read per connection
Execution 18
s_time: verify depth is 1
81 connections in 1.09s; 74.31 connections/user sec, bytes read 0
81 connections in 11 real seconds, 0 bytes read per connection
Execution 19
s_time: verify depth is 1
74 connections in 0.99s; 74.75 connections/user sec, bytes read 0
74 connections in 13 real seconds, 0 bytes read per connection
Execution 20
s_time: verify depth is 1
74 connections in 1.08s; 68.52 connections/user sec, bytes read 0
74 connections in 11 real seconds, 0 bytes read per connection
Execution 21
s_time: verify depth is 1
81 connections in 1.11s; 72.97 connections/user sec, bytes read 0
81 connections in 11 real seconds, 0 bytes read per connection
Execution 22
s_time: verify depth is 1
82 connections in 1.06s; 77.36 connections/user sec, bytes read 0
82 connections in 14 real seconds, 0 bytes read per connection
Execution 23
s_time: verify depth is 1
77 connections in 1.09s; 70.64 connections/user sec, bytes read 0
77 connections in 11 real seconds, 0 bytes read per connection
Execution 24
s_time: verify depth is 1
81 connections in 1.11s; 72.97 connections/user sec, bytes read 0
81 connections in 11 real seconds, 0 bytes read per connection
Execution 25
s_time: verify depth is 1
79 connections in 1.07s; 73.83 connections/user sec, bytes read 0
79 connections in 14 real seconds, 0 bytes read per connection
Execution 26
s_time: verify depth is 1
77 connections in 1.11s; 69.37 connections/user sec, bytes read 0
77 connections in 11 real seconds, 0 bytes read per connection
Execution 27
s_time: verify depth is 1
80 connections in 1.03s; 77.67 connections/user sec, bytes read 0
80 connections in 11 real seconds, 0 bytes read per connection
Execution 28
s_time: verify depth is 1
78 connections in 1.10s; 70.91 connections/user sec, bytes read 0
78 connections in 14 real seconds, 0 bytes read per connection
Execution 29
s_time: verify depth is 1
79 connections in 1.09s; 72.48 connections/user sec, bytes read 0
79 connections in 11 real seconds, 0 bytes read per connection
Execution 30
s_time: verify depth is 1
80 connections in 1.10s; 72.73 connections/user sec, bytes read 0
80 connections in 11 real seconds, 0 bytes read per connection
Execution 31
s_time: verify depth is 1
77 connections in 1.02s; 75.49 connections/user sec, bytes read 0
77 connections in 14 real seconds, 0 bytes read per connection
Execution 32
s_time: verify depth is 1
80 connections in 1.08s; 74.07 connections/user sec, bytes read 0
80 connections in 11 real seconds, 0 bytes read per connection
Execution 33
s_time: verify depth is 1
80 connections in 1.11s; 72.07 connections/user sec, bytes read 0
80 connections in 11 real seconds, 0 bytes read per connection
Execution 34
s_time: verify depth is 1
75 connections in 1.01s; 74.26 connections/user sec, bytes read 0
75 connections in 14 real seconds, 0 bytes read per connection
Execution 35
s_time: verify depth is 1
80 connections in 1.09s; 73.39 connections/user sec, bytes read 0
80 connections in 11 real seconds, 0 bytes read per connection
Execution 36
s_time: verify depth is 1
80 connections in 1.08s; 74.07 connections/user sec, bytes read 0
80 connections in 11 real seconds, 0 bytes read per connection
Execution 37
s_time: verify depth is 1
75 connections in 0.99s; 75.76 connections/user sec, bytes read 0
75 connections in 13 real seconds, 0 bytes read per connection
Execution 38
s_time: verify depth is 1
75 connections in 1.02s; 73.53 connections/user sec, bytes read 0
75 connections in 11 real seconds, 0 bytes read per connection
Execution 39
s_time: verify depth is 1
81 connections in 1.07s; 75.70 connections/user sec, bytes read 0
81 connections in 11 real seconds, 0 bytes read per connection
Execution 40
s_time: verify depth is 1
82 connections in 1.09s; 75.23 connections/user sec, bytes read 0
82 connections in 14 real seconds, 0 bytes read per connection
Execution 41
s_time: verify depth is 1
75 connections in 1.06s; 70.75 connections/user sec, bytes read 0
75 connections in 11 real seconds, 0 bytes read per connection
Execution 42
s_time: verify depth is 1
81 connections in 1.07s; 75.70 connections/user sec, bytes read 0
81 connections in 11 real seconds, 0 bytes read per connection
Execution 43
s_time: verify depth is 1
80 connections in 1.10s; 72.73 connections/user sec, bytes read 0
80 connections in 14 real seconds, 0 bytes read per connection
Execution 44
s_time: verify depth is 1
78 connections in 1.12s; 69.64 connections/user sec, bytes read 0
78 connections in 11 real seconds, 0 bytes read per connection
Execution 45
s_time: verify depth is 1
80 connections in 1.10s; 72.73 connections/user sec, bytes read 0
80 connections in 11 real seconds, 0 bytes read per connection
Execution 46
s_time: verify depth is 1
79 connections in 1.06s; 74.53 connections/user sec, bytes read 0
79 connections in 14 real seconds, 0 bytes read per connection
Execution 47
s_time: verify depth is 1
77 connections in 1.08s; 71.30 connections/user sec, bytes read 0
77 connections in 11 real seconds, 0 bytes read per connection
Execution 48
s_time: verify depth is 1
80 connections in 1.10s; 72.73 connections/user sec, bytes read 0
80 connections in 11 real seconds, 0 bytes read per connection
Execution 49
s_time: verify depth is 1
77 connections in 1.03s; 74.76 connections/user sec, bytes read 0
77 connections in 14 real seconds, 0 bytes read per connection
Execution 50
s_time: verify depth is 1
79 connections in 1.10s; 71.82 connections/user sec, bytes read 0
79 connections in 11 real seconds, 0 bytes read per connection
tc
Mostrando el estado de qdisc para la interfaz: lo
qdisc netem 80c8: root refcnt 2 limit 1000 delay 20.0ms
 Sent 0 bytes 0 pkt (dropped 0, overlimits 0 requeues 0) 
 backlog 0b 0p requeues 0
-----
-----
Certificate request self-signature ok
subject=CN=localhost
Running /opt/oqssa/bin/perftestServer.sh with SIG_ALG=sphincssha2256fsimple and KEM_ALG=mlkem1024

Using default temp DH parameters
ACCEPT
Execution 1
s_time: verify depth is 1
79 connections in 0.44s; 179.55 connections/user sec, bytes read 0
79 connections in 11 real seconds, 0 bytes read per connection
Execution 2
s_time: verify depth is 1
74 connections in 0.41s; 180.49 connections/user sec, bytes read 0
74 connections in 13 real seconds, 0 bytes read per connection
Execution 3
s_time: verify depth is 1
87 connections in 0.50s; 174.00 connections/user sec, bytes read 0
87 connections in 11 real seconds, 0 bytes read per connection
Execution 4
s_time: verify depth is 1
84 connections in 0.51s; 164.71 connections/user sec, bytes read 0
84 connections in 11 real seconds, 0 bytes read per connection
Execution 5
s_time: verify depth is 1
80 connections in 0.46s; 173.91 connections/user sec, bytes read 0
80 connections in 13 real seconds, 0 bytes read per connection
Execution 6
s_time: verify depth is 1
80 connections in 0.45s; 177.78 connections/user sec, bytes read 0
80 connections in 11 real seconds, 0 bytes read per connection
Execution 7
s_time: verify depth is 1
84 connections in 0.49s; 171.43 connections/user sec, bytes read 0
84 connections in 11 real seconds, 0 bytes read per connection
Execution 8
s_time: verify depth is 1
86 connections in 0.49s; 175.51 connections/user sec, bytes read 0
86 connections in 14 real seconds, 0 bytes read per connection
Execution 9
s_time: verify depth is 1
80 connections in 0.47s; 170.21 connections/user sec, bytes read 0
80 connections in 11 real seconds, 0 bytes read per connection
Execution 10
s_time: verify depth is 1
88 connections in 0.49s; 179.59 connections/user sec, bytes read 0
88 connections in 11 real seconds, 0 bytes read per connection
Execution 11
s_time: verify depth is 1
84 connections in 0.49s; 171.43 connections/user sec, bytes read 0
84 connections in 14 real seconds, 0 bytes read per connection
Execution 12
s_time: verify depth is 1
82 connections in 0.49s; 167.35 connections/user sec, bytes read 0
82 connections in 11 real seconds, 0 bytes read per connection
Execution 13
s_time: verify depth is 1
87 connections in 0.51s; 170.59 connections/user sec, bytes read 0
87 connections in 11 real seconds, 0 bytes read per connection
Execution 14
s_time: verify depth is 1
83 connections in 0.47s; 176.60 connections/user sec, bytes read 0
83 connections in 14 real seconds, 0 bytes read per connection
Execution 15
s_time: verify depth is 1
82 connections in 0.48s; 170.83 connections/user sec, bytes read 0
82 connections in 11 real seconds, 0 bytes read per connection
Execution 16
s_time: verify depth is 1
87 connections in 0.52s; 167.31 connections/user sec, bytes read 0
87 connections in 11 real seconds, 0 bytes read per connection
Execution 17
s_time: verify depth is 1
83 connections in 0.47s; 176.60 connections/user sec, bytes read 0
83 connections in 14 real seconds, 0 bytes read per connection
Execution 18
s_time: verify depth is 1
86 connections in 0.49s; 175.51 connections/user sec, bytes read 0
86 connections in 11 real seconds, 0 bytes read per connection
Execution 19
s_time: verify depth is 1
87 connections in 0.51s; 170.59 connections/user sec, bytes read 0
87 connections in 11 real seconds, 0 bytes read per connection
Execution 20
s_time: verify depth is 1
81 connections in 0.46s; 176.09 connections/user sec, bytes read 0
81 connections in 14 real seconds, 0 bytes read per connection
Execution 21
s_time: verify depth is 1
86 connections in 0.48s; 179.17 connections/user sec, bytes read 0
86 connections in 11 real seconds, 0 bytes read per connection
Execution 22
s_time: verify depth is 1
86 connections in 0.48s; 179.17 connections/user sec, bytes read 0
86 connections in 11 real seconds, 0 bytes read per connection
Execution 23
s_time: verify depth is 1
80 connections in 0.49s; 163.27 connections/user sec, bytes read 0
80 connections in 13 real seconds, 0 bytes read per connection
Execution 24
s_time: verify depth is 1
80 connections in 0.46s; 173.91 connections/user sec, bytes read 0
80 connections in 11 real seconds, 0 bytes read per connection
Execution 25
s_time: verify depth is 1
84 connections in 0.50s; 168.00 connections/user sec, bytes read 0
84 connections in 11 real seconds, 0 bytes read per connection
Execution 26
s_time: verify depth is 1
84 connections in 0.51s; 164.71 connections/user sec, bytes read 0
84 connections in 11 real seconds, 0 bytes read per connection
Execution 27
s_time: verify depth is 1
59 connections in 0.33s; 178.79 connections/user sec, bytes read 0
59 connections in 11 real seconds, 0 bytes read per connection
Execution 28
s_time: verify depth is 1
86 connections in 0.49s; 175.51 connections/user sec, bytes read 0
86 connections in 11 real seconds, 0 bytes read per connection
Execution 29
s_time: verify depth is 1
86 connections in 0.49s; 175.51 connections/user sec, bytes read 0
86 connections in 11 real seconds, 0 bytes read per connection
Execution 30
s_time: verify depth is 1
57 connections in 0.34s; 167.65 connections/user sec, bytes read 0
57 connections in 11 real seconds, 0 bytes read per connection
Execution 31
s_time: verify depth is 1
85 connections in 0.51s; 166.67 connections/user sec, bytes read 0
85 connections in 11 real seconds, 0 bytes read per connection
Execution 32
s_time: verify depth is 1
86 connections in 0.51s; 168.63 connections/user sec, bytes read 0
86 connections in 11 real seconds, 0 bytes read per connection
Execution 33
s_time: verify depth is 1
58 connections in 0.34s; 170.59 connections/user sec, bytes read 0
58 connections in 11 real seconds, 0 bytes read per connection
Execution 34
s_time: verify depth is 1
87 connections in 0.48s; 181.25 connections/user sec, bytes read 0
87 connections in 11 real seconds, 0 bytes read per connection
Execution 35
s_time: verify depth is 1
86 connections in 0.50s; 172.00 connections/user sec, bytes read 0
86 connections in 11 real seconds, 0 bytes read per connection
Execution 36
s_time: verify depth is 1
66 connections in 0.38s; 173.68 connections/user sec, bytes read 0
66 connections in 12 real seconds, 0 bytes read per connection
Execution 37
s_time: verify depth is 1
85 connections in 0.50s; 170.00 connections/user sec, bytes read 0
85 connections in 11 real seconds, 0 bytes read per connection
Execution 38
s_time: verify depth is 1
86 connections in 0.50s; 172.00 connections/user sec, bytes read 0
86 connections in 11 real seconds, 0 bytes read per connection
Execution 39
s_time: verify depth is 1
81 connections in 0.46s; 176.09 connections/user sec, bytes read 0
81 connections in 13 real seconds, 0 bytes read per connection
Execution 40
s_time: verify depth is 1
80 connections in 0.45s; 177.78 connections/user sec, bytes read 0
80 connections in 11 real seconds, 0 bytes read per connection
Execution 41
s_time: verify depth is 1
86 connections in 0.50s; 172.00 connections/user sec, bytes read 0
86 connections in 11 real seconds, 0 bytes read per connection
Execution 42
s_time: verify depth is 1
86 connections in 0.53s; 162.26 connections/user sec, bytes read 0
86 connections in 11 real seconds, 0 bytes read per connection
Execution 43
s_time: verify depth is 1
57 connections in 0.32s; 178.12 connections/user sec, bytes read 0
57 connections in 11 real seconds, 0 bytes read per connection
Execution 44
s_time: verify depth is 1
85 connections in 0.47s; 180.85 connections/user sec, bytes read 0
85 connections in 11 real seconds, 0 bytes read per connection
Execution 45
s_time: verify depth is 1
86 connections in 0.52s; 165.38 connections/user sec, bytes read 0
86 connections in 11 real seconds, 0 bytes read per connection
Execution 46
s_time: verify depth is 1
58 connections in 0.33s; 175.76 connections/user sec, bytes read 0
58 connections in 11 real seconds, 0 bytes read per connection
Execution 47
s_time: verify depth is 1
87 connections in 0.49s; 177.55 connections/user sec, bytes read 0
87 connections in 11 real seconds, 0 bytes read per connection
Execution 48
s_time: verify depth is 1
86 connections in 0.49s; 175.51 connections/user sec, bytes read 0
86 connections in 11 real seconds, 0 bytes read per connection
Execution 49
s_time: verify depth is 1
57 connections in 0.34s; 167.65 connections/user sec, bytes read 0
57 connections in 11 real seconds, 0 bytes read per connection
Execution 50
s_time: verify depth is 1
87 connections in 0.48s; 181.25 connections/user sec, bytes read 0
87 connections in 11 real seconds, 0 bytes read per connection
tc
Mostrando el estado de qdisc para la interfaz: lo
qdisc netem 80c9: root refcnt 2 limit 1000 delay 20.0ms
 Sent 0 bytes 0 pkt (dropped 0, overlimits 0 requeues 0) 
 backlog 0b 0p requeues 0
-----
-----
Certificate request self-signature ok
subject=CN=localhost
Running /opt/oqssa/bin/perftestServer.sh with SIG_ALG=sphincssha2256ssimple and KEM_ALG=P-521

Using default temp DH parameters
ACCEPT
Execution 1
s_time: verify depth is 1
21 connections in 0.28s; 75.00 connections/user sec, bytes read 0
21 connections in 11 real seconds, 0 bytes read per connection
Execution 2
s_time: verify depth is 1
14 connections in 0.18s; 77.78 connections/user sec, bytes read 0
14 connections in 11 real seconds, 0 bytes read per connection
Execution 3
s_time: verify depth is 1
22 connections in 0.28s; 78.57 connections/user sec, bytes read 0
22 connections in 11 real seconds, 0 bytes read per connection
Execution 4
s_time: verify depth is 1
23 connections in 0.28s; 82.14 connections/user sec, bytes read 0
23 connections in 11 real seconds, 0 bytes read per connection
Execution 5
s_time: verify depth is 1
17 connections in 0.22s; 77.27 connections/user sec, bytes read 0
17 connections in 12 real seconds, 0 bytes read per connection
Execution 6
s_time: verify depth is 1
22 connections in 0.27s; 81.48 connections/user sec, bytes read 0
22 connections in 11 real seconds, 0 bytes read per connection
Execution 7
s_time: verify depth is 1
23 connections in 0.28s; 82.14 connections/user sec, bytes read 0
23 connections in 11 real seconds, 0 bytes read per connection
Execution 8
s_time: verify depth is 1
20 connections in 0.26s; 76.92 connections/user sec, bytes read 0
20 connections in 14 real seconds, 0 bytes read per connection
Execution 9
s_time: verify depth is 1
22 connections in 0.28s; 78.57 connections/user sec, bytes read 0
22 connections in 11 real seconds, 0 bytes read per connection
Execution 10
s_time: verify depth is 1
22 connections in 0.26s; 84.62 connections/user sec, bytes read 0
22 connections in 11 real seconds, 0 bytes read per connection
Execution 11
s_time: verify depth is 1
20 connections in 0.25s; 80.00 connections/user sec, bytes read 0
20 connections in 14 real seconds, 0 bytes read per connection
Execution 12
s_time: verify depth is 1
22 connections in 0.27s; 81.48 connections/user sec, bytes read 0
22 connections in 11 real seconds, 0 bytes read per connection
Execution 13
s_time: verify depth is 1
23 connections in 0.31s; 74.19 connections/user sec, bytes read 0
23 connections in 11 real seconds, 0 bytes read per connection
Execution 14
s_time: verify depth is 1
19 connections in 0.25s; 76.00 connections/user sec, bytes read 0
19 connections in 13 real seconds, 0 bytes read per connection
Execution 15
s_time: verify depth is 1
22 connections in 0.28s; 78.57 connections/user sec, bytes read 0
22 connections in 11 real seconds, 0 bytes read per connection
Execution 16
s_time: verify depth is 1
21 connections in 0.26s; 80.77 connections/user sec, bytes read 0
21 connections in 11 real seconds, 0 bytes read per connection
Execution 17
s_time: verify depth is 1
22 connections in 0.27s; 81.48 connections/user sec, bytes read 0
22 connections in 14 real seconds, 0 bytes read per connection
Execution 18
s_time: verify depth is 1
22 connections in 0.28s; 78.57 connections/user sec, bytes read 0
22 connections in 11 real seconds, 0 bytes read per connection
Execution 19
s_time: verify depth is 1
22 connections in 0.30s; 73.33 connections/user sec, bytes read 0
22 connections in 11 real seconds, 0 bytes read per connection
Execution 20
s_time: verify depth is 1
21 connections in 0.26s; 80.77 connections/user sec, bytes read 0
21 connections in 14 real seconds, 0 bytes read per connection
Execution 21
s_time: verify depth is 1
22 connections in 0.27s; 81.48 connections/user sec, bytes read 0
22 connections in 11 real seconds, 0 bytes read per connection
Execution 22
s_time: verify depth is 1
22 connections in 0.28s; 78.57 connections/user sec, bytes read 0
22 connections in 11 real seconds, 0 bytes read per connection
Execution 23
s_time: verify depth is 1
21 connections in 0.28s; 75.00 connections/user sec, bytes read 0
21 connections in 14 real seconds, 0 bytes read per connection
Execution 24
s_time: verify depth is 1
21 connections in 0.29s; 72.41 connections/user sec, bytes read 0
21 connections in 11 real seconds, 0 bytes read per connection
Execution 25
s_time: verify depth is 1
22 connections in 0.28s; 78.57 connections/user sec, bytes read 0
22 connections in 11 real seconds, 0 bytes read per connection
Execution 26
s_time: verify depth is 1
20 connections in 0.26s; 76.92 connections/user sec, bytes read 0
20 connections in 14 real seconds, 0 bytes read per connection
Execution 27
s_time: verify depth is 1
23 connections in 0.27s; 85.19 connections/user sec, bytes read 0
23 connections in 11 real seconds, 0 bytes read per connection
Execution 28
s_time: verify depth is 1
22 connections in 0.28s; 78.57 connections/user sec, bytes read 0
22 connections in 11 real seconds, 0 bytes read per connection
Execution 29
s_time: verify depth is 1
19 connections in 0.24s; 79.17 connections/user sec, bytes read 0
19 connections in 13 real seconds, 0 bytes read per connection
Execution 30
s_time: verify depth is 1
20 connections in 0.25s; 80.00 connections/user sec, bytes read 0
20 connections in 11 real seconds, 0 bytes read per connection
Execution 31
s_time: verify depth is 1
23 connections in 0.29s; 79.31 connections/user sec, bytes read 0
23 connections in 11 real seconds, 0 bytes read per connection
Execution 32
s_time: verify depth is 1
21 connections in 0.26s; 80.77 connections/user sec, bytes read 0
21 connections in 14 real seconds, 0 bytes read per connection
Execution 33
s_time: verify depth is 1
21 connections in 0.26s; 80.77 connections/user sec, bytes read 0
21 connections in 11 real seconds, 0 bytes read per connection
Execution 34
s_time: verify depth is 1
23 connections in 0.29s; 79.31 connections/user sec, bytes read 0
23 connections in 11 real seconds, 0 bytes read per connection
Execution 35
s_time: verify depth is 1
21 connections in 0.27s; 77.78 connections/user sec, bytes read 0
21 connections in 14 real seconds, 0 bytes read per connection
Execution 36
s_time: verify depth is 1
21 connections in 0.27s; 77.78 connections/user sec, bytes read 0
21 connections in 11 real seconds, 0 bytes read per connection
Execution 37
s_time: verify depth is 1
22 connections in 0.29s; 75.86 connections/user sec, bytes read 0
22 connections in 11 real seconds, 0 bytes read per connection
Execution 38
s_time: verify depth is 1
21 connections in 0.26s; 80.77 connections/user sec, bytes read 0
21 connections in 14 real seconds, 0 bytes read per connection
Execution 39
s_time: verify depth is 1
22 connections in 0.28s; 78.57 connections/user sec, bytes read 0
22 connections in 11 real seconds, 0 bytes read per connection
Execution 40
s_time: verify depth is 1
21 connections in 0.27s; 77.78 connections/user sec, bytes read 0
21 connections in 11 real seconds, 0 bytes read per connection
Execution 41
s_time: verify depth is 1
20 connections in 0.26s; 76.92 connections/user sec, bytes read 0
20 connections in 14 real seconds, 0 bytes read per connection
Execution 42
s_time: verify depth is 1
22 connections in 0.28s; 78.57 connections/user sec, bytes read 0
22 connections in 11 real seconds, 0 bytes read per connection
Execution 43
s_time: verify depth is 1
22 connections in 0.29s; 75.86 connections/user sec, bytes read 0
22 connections in 11 real seconds, 0 bytes read per connection
Execution 44
s_time: verify depth is 1
20 connections in 0.27s; 74.07 connections/user sec, bytes read 0
20 connections in 14 real seconds, 0 bytes read per connection
Execution 45
s_time: verify depth is 1
22 connections in 0.29s; 75.86 connections/user sec, bytes read 0
22 connections in 11 real seconds, 0 bytes read per connection
Execution 46
s_time: verify depth is 1
21 connections in 0.26s; 80.77 connections/user sec, bytes read 0
21 connections in 11 real seconds, 0 bytes read per connection
Execution 47
s_time: verify depth is 1
21 connections in 0.26s; 80.77 connections/user sec, bytes read 0
21 connections in 13 real seconds, 0 bytes read per connection
Execution 48
s_time: verify depth is 1
23 connections in 0.29s; 79.31 connections/user sec, bytes read 0
23 connections in 11 real seconds, 0 bytes read per connection
Execution 49
s_time: verify depth is 1
22 connections in 0.27s; 81.48 connections/user sec, bytes read 0
22 connections in 11 real seconds, 0 bytes read per connection
Execution 50
s_time: verify depth is 1
21 connections in 0.27s; 77.78 connections/user sec, bytes read 0
21 connections in 14 real seconds, 0 bytes read per connection
tc
Mostrando el estado de qdisc para la interfaz: lo
qdisc netem 80ca: root refcnt 2 limit 1000 delay 20.0ms
 Sent 0 bytes 0 pkt (dropped 0, overlimits 0 requeues 0) 
 backlog 0b 0p requeues 0
-----
-----
Certificate request self-signature ok
subject=CN=localhost
Running /opt/oqssa/bin/perftestServer.sh with SIG_ALG=sphincssha2256ssimple and KEM_ALG=mlkem1024

Using default temp DH parameters
ACCEPT
Execution 1
s_time: verify depth is 1
22 connections in 0.09s; 244.44 connections/user sec, bytes read 0
22 connections in 11 real seconds, 0 bytes read per connection
Execution 2
s_time: verify depth is 1
21 connections in 0.10s; 210.00 connections/user sec, bytes read 0
21 connections in 11 real seconds, 0 bytes read per connection
Execution 3
s_time: verify depth is 1
17 connections in 0.07s; 242.86 connections/user sec, bytes read 0
17 connections in 11 real seconds, 0 bytes read per connection
Execution 4
s_time: verify depth is 1
22 connections in 0.09s; 244.44 connections/user sec, bytes read 0
22 connections in 11 real seconds, 0 bytes read per connection
Execution 5
s_time: verify depth is 1
23 connections in 0.10s; 230.00 connections/user sec, bytes read 0
23 connections in 11 real seconds, 0 bytes read per connection
Execution 6
s_time: verify depth is 1
22 connections in 0.09s; 244.44 connections/user sec, bytes read 0
22 connections in 14 real seconds, 0 bytes read per connection
Execution 7
s_time: verify depth is 1
21 connections in 0.09s; 233.33 connections/user sec, bytes read 0
21 connections in 11 real seconds, 0 bytes read per connection
Execution 8
s_time: verify depth is 1
22 connections in 0.09s; 244.44 connections/user sec, bytes read 0
22 connections in 11 real seconds, 0 bytes read per connection
Execution 9
s_time: verify depth is 1
23 connections in 0.10s; 230.00 connections/user sec, bytes read 0
23 connections in 14 real seconds, 0 bytes read per connection
Execution 10
s_time: verify depth is 1
21 connections in 0.09s; 233.33 connections/user sec, bytes read 0
21 connections in 11 real seconds, 0 bytes read per connection
Execution 11
s_time: verify depth is 1
22 connections in 0.08s; 275.00 connections/user sec, bytes read 0
22 connections in 11 real seconds, 0 bytes read per connection
Execution 12
s_time: verify depth is 1
22 connections in 0.09s; 244.44 connections/user sec, bytes read 0
22 connections in 14 real seconds, 0 bytes read per connection
Execution 13
s_time: verify depth is 1
23 connections in 0.09s; 255.56 connections/user sec, bytes read 0
23 connections in 11 real seconds, 0 bytes read per connection
Execution 14
s_time: verify depth is 1
23 connections in 0.09s; 255.56 connections/user sec, bytes read 0
23 connections in 11 real seconds, 0 bytes read per connection
Execution 15
s_time: verify depth is 1
20 connections in 0.09s; 222.22 connections/user sec, bytes read 0
20 connections in 14 real seconds, 0 bytes read per connection
Execution 16
s_time: verify depth is 1
23 connections in 0.09s; 255.56 connections/user sec, bytes read 0
23 connections in 11 real seconds, 0 bytes read per connection
Execution 17
s_time: verify depth is 1
23 connections in 0.10s; 230.00 connections/user sec, bytes read 0
23 connections in 11 real seconds, 0 bytes read per connection
Execution 18
s_time: verify depth is 1
20 connections in 0.10s; 200.00 connections/user sec, bytes read 0
20 connections in 13 real seconds, 0 bytes read per connection
Execution 19
s_time: verify depth is 1
22 connections in 0.10s; 220.00 connections/user sec, bytes read 0
22 connections in 11 real seconds, 0 bytes read per connection
Execution 20
s_time: verify depth is 1
22 connections in 0.10s; 220.00 connections/user sec, bytes read 0
22 connections in 11 real seconds, 0 bytes read per connection
Execution 21
s_time: verify depth is 1
22 connections in 0.09s; 244.44 connections/user sec, bytes read 0
22 connections in 14 real seconds, 0 bytes read per connection
Execution 22
s_time: verify depth is 1
22 connections in 0.10s; 220.00 connections/user sec, bytes read 0
22 connections in 11 real seconds, 0 bytes read per connection
Execution 23
s_time: verify depth is 1
22 connections in 0.09s; 244.44 connections/user sec, bytes read 0
22 connections in 11 real seconds, 0 bytes read per connection
Execution 24
s_time: verify depth is 1
22 connections in 0.11s; 200.00 connections/user sec, bytes read 0
22 connections in 14 real seconds, 0 bytes read per connection
Execution 25
s_time: verify depth is 1
22 connections in 0.09s; 244.44 connections/user sec, bytes read 0
22 connections in 11 real seconds, 0 bytes read per connection
Execution 26
s_time: verify depth is 1
21 connections in 0.10s; 210.00 connections/user sec, bytes read 0
21 connections in 11 real seconds, 0 bytes read per connection
Execution 27
s_time: verify depth is 1
20 connections in 0.08s; 250.00 connections/user sec, bytes read 0
20 connections in 14 real seconds, 0 bytes read per connection
Execution 28
s_time: verify depth is 1
22 connections in 0.10s; 220.00 connections/user sec, bytes read 0
22 connections in 11 real seconds, 0 bytes read per connection
Execution 29
s_time: verify depth is 1
23 connections in 0.10s; 230.00 connections/user sec, bytes read 0
23 connections in 11 real seconds, 0 bytes read per connection
Execution 30
s_time: verify depth is 1
21 connections in 0.10s; 210.00 connections/user sec, bytes read 0
21 connections in 14 real seconds, 0 bytes read per connection
Execution 31
s_time: verify depth is 1
22 connections in 0.10s; 220.00 connections/user sec, bytes read 0
22 connections in 11 real seconds, 0 bytes read per connection
Execution 32
s_time: verify depth is 1
21 connections in 0.10s; 210.00 connections/user sec, bytes read 0
21 connections in 11 real seconds, 0 bytes read per connection
Execution 33
s_time: verify depth is 1
21 connections in 0.08s; 262.50 connections/user sec, bytes read 0
21 connections in 13 real seconds, 0 bytes read per connection
Execution 34
s_time: verify depth is 1
21 connections in 0.09s; 233.33 connections/user sec, bytes read 0
21 connections in 11 real seconds, 0 bytes read per connection
Execution 35
s_time: verify depth is 1
21 connections in 0.09s; 233.33 connections/user sec, bytes read 0
21 connections in 11 real seconds, 0 bytes read per connection
Execution 36
s_time: verify depth is 1
24 connections in 0.11s; 218.18 connections/user sec, bytes read 0
24 connections in 15 real seconds, 0 bytes read per connection
Execution 37
s_time: verify depth is 1
22 connections in 0.09s; 244.44 connections/user sec, bytes read 0
22 connections in 11 real seconds, 0 bytes read per connection
Execution 38
s_time: verify depth is 1
22 connections in 0.10s; 220.00 connections/user sec, bytes read 0
22 connections in 11 real seconds, 0 bytes read per connection
Execution 39
s_time: verify depth is 1
20 connections in 0.08s; 250.00 connections/user sec, bytes read 0
20 connections in 13 real seconds, 0 bytes read per connection
Execution 40
s_time: verify depth is 1
22 connections in 0.09s; 244.44 connections/user sec, bytes read 0
22 connections in 11 real seconds, 0 bytes read per connection
Execution 41
s_time: verify depth is 1
22 connections in 0.10s; 220.00 connections/user sec, bytes read 0
22 connections in 11 real seconds, 0 bytes read per connection
Execution 42
s_time: verify depth is 1
20 connections in 0.09s; 222.22 connections/user sec, bytes read 0
20 connections in 13 real seconds, 0 bytes read per connection
Execution 43
s_time: verify depth is 1
22 connections in 0.09s; 244.44 connections/user sec, bytes read 0
22 connections in 11 real seconds, 0 bytes read per connection
Execution 44
s_time: verify depth is 1
22 connections in 0.09s; 244.44 connections/user sec, bytes read 0
22 connections in 11 real seconds, 0 bytes read per connection
Execution 45
s_time: verify depth is 1
21 connections in 0.09s; 233.33 connections/user sec, bytes read 0
21 connections in 14 real seconds, 0 bytes read per connection
Execution 46
s_time: verify depth is 1
23 connections in 0.08s; 287.50 connections/user sec, bytes read 0
23 connections in 11 real seconds, 0 bytes read per connection
Execution 47
s_time: verify depth is 1
21 connections in 0.09s; 233.33 connections/user sec, bytes read 0
21 connections in 11 real seconds, 0 bytes read per connection
Execution 48
s_time: verify depth is 1
21 connections in 0.09s; 233.33 connections/user sec, bytes read 0
21 connections in 14 real seconds, 0 bytes read per connection
Execution 49
s_time: verify depth is 1
23 connections in 0.10s; 230.00 connections/user sec, bytes read 0
23 connections in 11 real seconds, 0 bytes read per connection
Execution 50
s_time: verify depth is 1
22 connections in 0.10s; 220.00 connections/user sec, bytes read 0
22 connections in 11 real seconds, 0 bytes read per connection
