tc
Mostrando el estado de qdisc para la interfaz: lo
qdisc netem 80da: root refcnt 2 limit 1000 delay 50.0ms
 Sent 0 bytes 0 pkt (dropped 0, overlimits 0 requeues 0) 
 backlog 0b 0p requeues 0
Certificate request self-signature ok
subject=CN=localhost
Running /opt/oqssa/bin/perftestServerECDSA.sh with SIG_ALG=secp384r1 and KEM_ALG=P-384

Using default temp DH parameters
ACCEPT
Execution 1
s_time: verify depth is 1
49 connections in 0.39s; 125.64 connections/user sec, bytes read 0
49 connections in 11 real seconds, 0 bytes read per connection
Execution 2
s_time: verify depth is 1
39 connections in 0.29s; 134.48 connections/user sec, bytes read 0
39 connections in 11 real seconds, 0 bytes read per connection
Execution 3
s_time: verify depth is 1
48 connections in 0.35s; 137.14 connections/user sec, bytes read 0
48 connections in 11 real seconds, 0 bytes read per connection
Execution 4
s_time: verify depth is 1
51 connections in 0.35s; 145.71 connections/user sec, bytes read 0
51 connections in 11 real seconds, 0 bytes read per connection
Execution 5
s_time: verify depth is 1
52 connections in 0.37s; 140.54 connections/user sec, bytes read 0
52 connections in 14 real seconds, 0 bytes read per connection
Execution 6
s_time: verify depth is 1
49 connections in 0.37s; 132.43 connections/user sec, bytes read 0
49 connections in 11 real seconds, 0 bytes read per connection
Execution 7
s_time: verify depth is 1
51 connections in 0.37s; 137.84 connections/user sec, bytes read 0
51 connections in 11 real seconds, 0 bytes read per connection
Execution 8
s_time: verify depth is 1
52 connections in 0.38s; 136.84 connections/user sec, bytes read 0
52 connections in 14 real seconds, 0 bytes read per connection
Execution 9
s_time: verify depth is 1
49 connections in 0.36s; 136.11 connections/user sec, bytes read 0
49 connections in 11 real seconds, 0 bytes read per connection
Execution 10
s_time: verify depth is 1
52 connections in 0.38s; 136.84 connections/user sec, bytes read 0
52 connections in 11 real seconds, 0 bytes read per connection
Execution 11
s_time: verify depth is 1
50 connections in 0.37s; 135.14 connections/user sec, bytes read 0
50 connections in 14 real seconds, 0 bytes read per connection
Execution 12
s_time: verify depth is 1
50 connections in 0.38s; 131.58 connections/user sec, bytes read 0
50 connections in 11 real seconds, 0 bytes read per connection
Execution 13
s_time: verify depth is 1
51 connections in 0.40s; 127.50 connections/user sec, bytes read 0
51 connections in 11 real seconds, 0 bytes read per connection
Execution 14
s_time: verify depth is 1
50 connections in 0.36s; 138.89 connections/user sec, bytes read 0
50 connections in 14 real seconds, 0 bytes read per connection
Execution 15
s_time: verify depth is 1
51 connections in 0.37s; 137.84 connections/user sec, bytes read 0
51 connections in 11 real seconds, 0 bytes read per connection
Execution 16
s_time: verify depth is 1
52 connections in 0.38s; 136.84 connections/user sec, bytes read 0
52 connections in 11 real seconds, 0 bytes read per connection
Execution 17
s_time: verify depth is 1
49 connections in 0.35s; 140.00 connections/user sec, bytes read 0
49 connections in 14 real seconds, 0 bytes read per connection
Execution 18
s_time: verify depth is 1
51 connections in 0.38s; 134.21 connections/user sec, bytes read 0
51 connections in 11 real seconds, 0 bytes read per connection
Execution 19
s_time: verify depth is 1
52 connections in 0.38s; 136.84 connections/user sec, bytes read 0
52 connections in 11 real seconds, 0 bytes read per connection
Execution 20
s_time: verify depth is 1
48 connections in 0.37s; 129.73 connections/user sec, bytes read 0
48 connections in 13 real seconds, 0 bytes read per connection
Execution 21
s_time: verify depth is 1
48 connections in 0.33s; 145.45 connections/user sec, bytes read 0
48 connections in 11 real seconds, 0 bytes read per connection
Execution 22
s_time: verify depth is 1
52 connections in 0.38s; 136.84 connections/user sec, bytes read 0
52 connections in 11 real seconds, 0 bytes read per connection
Execution 23
s_time: verify depth is 1
51 connections in 0.38s; 134.21 connections/user sec, bytes read 0
51 connections in 14 real seconds, 0 bytes read per connection
Execution 24
s_time: verify depth is 1
49 connections in 0.35s; 140.00 connections/user sec, bytes read 0
49 connections in 11 real seconds, 0 bytes read per connection
Execution 25
s_time: verify depth is 1
52 connections in 0.41s; 126.83 connections/user sec, bytes read 0
52 connections in 11 real seconds, 0 bytes read per connection
Execution 26
s_time: verify depth is 1
51 connections in 0.37s; 137.84 connections/user sec, bytes read 0
51 connections in 14 real seconds, 0 bytes read per connection
Execution 27
s_time: verify depth is 1
49 connections in 0.36s; 136.11 connections/user sec, bytes read 0
49 connections in 11 real seconds, 0 bytes read per connection
Execution 28
s_time: verify depth is 1
52 connections in 0.38s; 136.84 connections/user sec, bytes read 0
52 connections in 11 real seconds, 0 bytes read per connection
Execution 29
s_time: verify depth is 1
50 connections in 0.37s; 135.14 connections/user sec, bytes read 0
50 connections in 14 real seconds, 0 bytes read per connection
Execution 30
s_time: verify depth is 1
51 connections in 0.36s; 141.67 connections/user sec, bytes read 0
51 connections in 11 real seconds, 0 bytes read per connection
Execution 31
s_time: verify depth is 1
51 connections in 0.36s; 141.67 connections/user sec, bytes read 0
51 connections in 11 real seconds, 0 bytes read per connection
Execution 32
s_time: verify depth is 1
50 connections in 0.39s; 128.21 connections/user sec, bytes read 0
50 connections in 14 real seconds, 0 bytes read per connection
Execution 33
s_time: verify depth is 1
51 connections in 0.39s; 130.77 connections/user sec, bytes read 0
51 connections in 11 real seconds, 0 bytes read per connection
Execution 34
s_time: verify depth is 1
51 connections in 0.39s; 130.77 connections/user sec, bytes read 0
51 connections in 11 real seconds, 0 bytes read per connection
Execution 35
s_time: verify depth is 1
49 connections in 0.37s; 132.43 connections/user sec, bytes read 0
49 connections in 14 real seconds, 0 bytes read per connection
Execution 36
s_time: verify depth is 1
52 connections in 0.39s; 133.33 connections/user sec, bytes read 0
52 connections in 11 real seconds, 0 bytes read per connection
Execution 37
s_time: verify depth is 1
51 connections in 0.39s; 130.77 connections/user sec, bytes read 0
51 connections in 11 real seconds, 0 bytes read per connection
Execution 38
s_time: verify depth is 1
49 connections in 0.35s; 140.00 connections/user sec, bytes read 0
49 connections in 14 real seconds, 0 bytes read per connection
Execution 39
s_time: verify depth is 1
52 connections in 0.36s; 144.44 connections/user sec, bytes read 0
52 connections in 11 real seconds, 0 bytes read per connection
Execution 40
s_time: verify depth is 1
52 connections in 0.37s; 140.54 connections/user sec, bytes read 0
52 connections in 11 real seconds, 0 bytes read per connection
Execution 41
s_time: verify depth is 1
47 connections in 0.38s; 123.68 connections/user sec, bytes read 0
47 connections in 13 real seconds, 0 bytes read per connection
Execution 42
s_time: verify depth is 1
49 connections in 0.36s; 136.11 connections/user sec, bytes read 0
49 connections in 11 real seconds, 0 bytes read per connection
Execution 43
s_time: verify depth is 1
51 connections in 0.36s; 141.67 connections/user sec, bytes read 0
51 connections in 11 real seconds, 0 bytes read per connection
Execution 44
s_time: verify depth is 1
52 connections in 0.39s; 133.33 connections/user sec, bytes read 0
52 connections in 14 real seconds, 0 bytes read per connection
Execution 45
s_time: verify depth is 1
49 connections in 0.36s; 136.11 connections/user sec, bytes read 0
49 connections in 11 real seconds, 0 bytes read per connection
Execution 46
s_time: verify depth is 1
52 connections in 0.39s; 133.33 connections/user sec, bytes read 0
52 connections in 11 real seconds, 0 bytes read per connection
Execution 47
s_time: verify depth is 1
50 connections in 0.38s; 131.58 connections/user sec, bytes read 0
50 connections in 14 real seconds, 0 bytes read per connection
Execution 48
s_time: verify depth is 1
50 connections in 0.40s; 125.00 connections/user sec, bytes read 0
50 connections in 11 real seconds, 0 bytes read per connection
Execution 49
s_time: verify depth is 1
51 connections in 0.38s; 134.21 connections/user sec, bytes read 0
51 connections in 11 real seconds, 0 bytes read per connection
Execution 50
s_time: verify depth is 1
50 connections in 0.38s; 131.58 connections/user sec, bytes read 0
50 connections in 14 real seconds, 0 bytes read per connection
tc
Mostrando el estado de qdisc para la interfaz: lo
qdisc netem 80db: root refcnt 2 limit 1000 delay 50.0ms
 Sent 0 bytes 0 pkt (dropped 0, overlimits 0 requeues 0) 
 backlog 0b 0p requeues 0
Certificate request self-signature ok
subject=CN=localhost
Running /opt/oqssa/bin/perftestServerECDSA.sh with SIG_ALG=secp384r1 and KEM_ALG=mlkem768

Using default temp DH parameters
ACCEPT
Execution 1
s_time: verify depth is 1
49 connections in 0.19s; 257.89 connections/user sec, bytes read 0
49 connections in 11 real seconds, 0 bytes read per connection
Execution 2
s_time: verify depth is 1
54 connections in 0.19s; 284.21 connections/user sec, bytes read 0
54 connections in 11 real seconds, 0 bytes read per connection
Execution 3
s_time: verify depth is 1
45 connections in 0.18s; 250.00 connections/user sec, bytes read 0
45 connections in 13 real seconds, 0 bytes read per connection
Execution 4
s_time: verify depth is 1
54 connections in 0.19s; 284.21 connections/user sec, bytes read 0
54 connections in 11 real seconds, 0 bytes read per connection
Execution 5
s_time: verify depth is 1
53 connections in 0.18s; 294.44 connections/user sec, bytes read 0
53 connections in 11 real seconds, 0 bytes read per connection
Execution 6
s_time: verify depth is 1
49 connections in 0.19s; 257.89 connections/user sec, bytes read 0
49 connections in 13 real seconds, 0 bytes read per connection
Execution 7
s_time: verify depth is 1
50 connections in 0.20s; 250.00 connections/user sec, bytes read 0
50 connections in 11 real seconds, 0 bytes read per connection
Execution 8
s_time: verify depth is 1
53 connections in 0.19s; 278.95 connections/user sec, bytes read 0
53 connections in 11 real seconds, 0 bytes read per connection
Execution 9
s_time: verify depth is 1
53 connections in 0.19s; 278.95 connections/user sec, bytes read 0
53 connections in 14 real seconds, 0 bytes read per connection
Execution 10
s_time: verify depth is 1
51 connections in 0.18s; 283.33 connections/user sec, bytes read 0
51 connections in 11 real seconds, 0 bytes read per connection
Execution 11
s_time: verify depth is 1
53 connections in 0.19s; 278.95 connections/user sec, bytes read 0
53 connections in 11 real seconds, 0 bytes read per connection
Execution 12
s_time: verify depth is 1
53 connections in 0.20s; 265.00 connections/user sec, bytes read 0
53 connections in 14 real seconds, 0 bytes read per connection
Execution 13
s_time: verify depth is 1
51 connections in 0.20s; 255.00 connections/user sec, bytes read 0
51 connections in 11 real seconds, 0 bytes read per connection
Execution 14
s_time: verify depth is 1
53 connections in 0.19s; 278.95 connections/user sec, bytes read 0
53 connections in 11 real seconds, 0 bytes read per connection
Execution 15
s_time: verify depth is 1
52 connections in 0.19s; 273.68 connections/user sec, bytes read 0
52 connections in 14 real seconds, 0 bytes read per connection
Execution 16
s_time: verify depth is 1
52 connections in 0.20s; 260.00 connections/user sec, bytes read 0
52 connections in 11 real seconds, 0 bytes read per connection
Execution 17
s_time: verify depth is 1
53 connections in 0.19s; 278.95 connections/user sec, bytes read 0
53 connections in 11 real seconds, 0 bytes read per connection
Execution 18
s_time: verify depth is 1
51 connections in 0.19s; 268.42 connections/user sec, bytes read 0
51 connections in 14 real seconds, 0 bytes read per connection
Execution 19
s_time: verify depth is 1
53 connections in 0.19s; 278.95 connections/user sec, bytes read 0
53 connections in 11 real seconds, 0 bytes read per connection
Execution 20
s_time: verify depth is 1
53 connections in 0.20s; 265.00 connections/user sec, bytes read 0
53 connections in 11 real seconds, 0 bytes read per connection
Execution 21
s_time: verify depth is 1
50 connections in 0.20s; 250.00 connections/user sec, bytes read 0
50 connections in 14 real seconds, 0 bytes read per connection
Execution 22
s_time: verify depth is 1
54 connections in 0.22s; 245.45 connections/user sec, bytes read 0
54 connections in 11 real seconds, 0 bytes read per connection
Execution 23
s_time: verify depth is 1
53 connections in 0.19s; 278.95 connections/user sec, bytes read 0
53 connections in 11 real seconds, 0 bytes read per connection
Execution 24
s_time: verify depth is 1
50 connections in 0.19s; 263.16 connections/user sec, bytes read 0
50 connections in 14 real seconds, 0 bytes read per connection
Execution 25
s_time: verify depth is 1
54 connections in 0.20s; 270.00 connections/user sec, bytes read 0
54 connections in 11 real seconds, 0 bytes read per connection
Execution 26
s_time: verify depth is 1
53 connections in 0.21s; 252.38 connections/user sec, bytes read 0
53 connections in 11 real seconds, 0 bytes read per connection
Execution 27
s_time: verify depth is 1
48 connections in 0.19s; 252.63 connections/user sec, bytes read 0
48 connections in 13 real seconds, 0 bytes read per connection
Execution 28
s_time: verify depth is 1
51 connections in 0.19s; 268.42 connections/user sec, bytes read 0
51 connections in 11 real seconds, 0 bytes read per connection
Execution 29
s_time: verify depth is 1
53 connections in 0.20s; 265.00 connections/user sec, bytes read 0
53 connections in 11 real seconds, 0 bytes read per connection
Execution 30
s_time: verify depth is 1
53 connections in 0.20s; 265.00 connections/user sec, bytes read 0
53 connections in 14 real seconds, 0 bytes read per connection
Execution 31
s_time: verify depth is 1
51 connections in 0.19s; 268.42 connections/user sec, bytes read 0
51 connections in 11 real seconds, 0 bytes read per connection
Execution 32
s_time: verify depth is 1
53 connections in 0.20s; 265.00 connections/user sec, bytes read 0
53 connections in 11 real seconds, 0 bytes read per connection
Execution 33
s_time: verify depth is 1
52 connections in 0.20s; 260.00 connections/user sec, bytes read 0
52 connections in 14 real seconds, 0 bytes read per connection
Execution 34
s_time: verify depth is 1
51 connections in 0.20s; 255.00 connections/user sec, bytes read 0
51 connections in 11 real seconds, 0 bytes read per connection
Execution 35
s_time: verify depth is 1
54 connections in 0.18s; 300.00 connections/user sec, bytes read 0
54 connections in 11 real seconds, 0 bytes read per connection
Execution 36
s_time: verify depth is 1
51 connections in 0.21s; 242.86 connections/user sec, bytes read 0
51 connections in 14 real seconds, 0 bytes read per connection
Execution 37
s_time: verify depth is 1
52 connections in 0.19s; 273.68 connections/user sec, bytes read 0
52 connections in 11 real seconds, 0 bytes read per connection
Execution 38
s_time: verify depth is 1
54 connections in 0.22s; 245.45 connections/user sec, bytes read 0
54 connections in 11 real seconds, 0 bytes read per connection
Execution 39
s_time: verify depth is 1
50 connections in 0.19s; 263.16 connections/user sec, bytes read 0
50 connections in 14 real seconds, 0 bytes read per connection
Execution 40
s_time: verify depth is 1
53 connections in 0.19s; 278.95 connections/user sec, bytes read 0
53 connections in 11 real seconds, 0 bytes read per connection
Execution 41
s_time: verify depth is 1
54 connections in 0.20s; 270.00 connections/user sec, bytes read 0
54 connections in 11 real seconds, 0 bytes read per connection
Execution 42
s_time: verify depth is 1
49 connections in 0.18s; 272.22 connections/user sec, bytes read 0
49 connections in 13 real seconds, 0 bytes read per connection
Execution 43
s_time: verify depth is 1
49 connections in 0.21s; 233.33 connections/user sec, bytes read 0
49 connections in 11 real seconds, 0 bytes read per connection
Execution 44
s_time: verify depth is 1
54 connections in 0.20s; 270.00 connections/user sec, bytes read 0
54 connections in 11 real seconds, 0 bytes read per connection
Execution 45
s_time: verify depth is 1
53 connections in 0.20s; 265.00 connections/user sec, bytes read 0
53 connections in 14 real seconds, 0 bytes read per connection
Execution 46
s_time: verify depth is 1
50 connections in 0.20s; 250.00 connections/user sec, bytes read 0
50 connections in 11 real seconds, 0 bytes read per connection
Execution 47
s_time: verify depth is 1
54 connections in 0.20s; 270.00 connections/user sec, bytes read 0
54 connections in 11 real seconds, 0 bytes read per connection
Execution 48
s_time: verify depth is 1
52 connections in 0.21s; 247.62 connections/user sec, bytes read 0
52 connections in 14 real seconds, 0 bytes read per connection
Execution 49
s_time: verify depth is 1
51 connections in 0.18s; 283.33 connections/user sec, bytes read 0
51 connections in 11 real seconds, 0 bytes read per connection
Execution 50
s_time: verify depth is 1
53 connections in 0.21s; 252.38 connections/user sec, bytes read 0
53 connections in 11 real seconds, 0 bytes read per connection
tc
Mostrando el estado de qdisc para la interfaz: lo
qdisc netem 80dc: root refcnt 2 limit 1000 delay 50.0ms
 Sent 0 bytes 0 pkt (dropped 0, overlimits 0 requeues 0) 
 backlog 0b 0p requeues 0
-----
-----
Certificate request self-signature ok
subject=CN=localhost
Running /opt/oqssa/bin/perftestServer.sh with SIG_ALG=mldsa65 and KEM_ALG=P-384

Using default temp DH parameters
ACCEPT
Execution 1
s_time: verify depth is 1
44 connections in 0.23s; 191.30 connections/user sec, bytes read 0
44 connections in 13 real seconds, 0 bytes read per connection
Execution 2
s_time: verify depth is 1
51 connections in 0.28s; 182.14 connections/user sec, bytes read 0
51 connections in 11 real seconds, 0 bytes read per connection
Execution 3
s_time: verify depth is 1
53 connections in 0.27s; 196.30 connections/user sec, bytes read 0
53 connections in 11 real seconds, 0 bytes read per connection
Execution 4
s_time: verify depth is 1
50 connections in 0.26s; 192.31 connections/user sec, bytes read 0
50 connections in 14 real seconds, 0 bytes read per connection
Execution 5
s_time: verify depth is 1
52 connections in 0.29s; 179.31 connections/user sec, bytes read 0
52 connections in 11 real seconds, 0 bytes read per connection
Execution 6
s_time: verify depth is 1
52 connections in 0.27s; 192.59 connections/user sec, bytes read 0
52 connections in 11 real seconds, 0 bytes read per connection
Execution 7
s_time: verify depth is 1
50 connections in 0.24s; 208.33 connections/user sec, bytes read 0
50 connections in 14 real seconds, 0 bytes read per connection
Execution 8
s_time: verify depth is 1
53 connections in 0.27s; 196.30 connections/user sec, bytes read 0
53 connections in 11 real seconds, 0 bytes read per connection
Execution 9
s_time: verify depth is 1
52 connections in 0.25s; 208.00 connections/user sec, bytes read 0
52 connections in 11 real seconds, 0 bytes read per connection
Execution 10
s_time: verify depth is 1
49 connections in 0.26s; 188.46 connections/user sec, bytes read 0
49 connections in 13 real seconds, 0 bytes read per connection
Execution 11
s_time: verify depth is 1
48 connections in 0.25s; 192.00 connections/user sec, bytes read 0
48 connections in 11 real seconds, 0 bytes read per connection
Execution 12
s_time: verify depth is 1
53 connections in 0.28s; 189.29 connections/user sec, bytes read 0
53 connections in 11 real seconds, 0 bytes read per connection
Execution 13
s_time: verify depth is 1
52 connections in 0.25s; 208.00 connections/user sec, bytes read 0
52 connections in 11 real seconds, 0 bytes read per connection
Execution 14
s_time: verify depth is 1
36 connections in 0.20s; 180.00 connections/user sec, bytes read 0
36 connections in 11 real seconds, 0 bytes read per connection
Execution 15
s_time: verify depth is 1
52 connections in 0.27s; 192.59 connections/user sec, bytes read 0
52 connections in 11 real seconds, 0 bytes read per connection
Execution 16
s_time: verify depth is 1
53 connections in 0.27s; 196.30 connections/user sec, bytes read 0
53 connections in 11 real seconds, 0 bytes read per connection
Execution 17
s_time: verify depth is 1
35 connections in 0.18s; 194.44 connections/user sec, bytes read 0
35 connections in 11 real seconds, 0 bytes read per connection
Execution 18
s_time: verify depth is 1
53 connections in 0.27s; 196.30 connections/user sec, bytes read 0
53 connections in 11 real seconds, 0 bytes read per connection
Execution 19
s_time: verify depth is 1
52 connections in 0.29s; 179.31 connections/user sec, bytes read 0
52 connections in 11 real seconds, 0 bytes read per connection
Execution 20
s_time: verify depth is 1
35 connections in 0.18s; 194.44 connections/user sec, bytes read 0
35 connections in 11 real seconds, 0 bytes read per connection
Execution 21
s_time: verify depth is 1
53 connections in 0.27s; 196.30 connections/user sec, bytes read 0
53 connections in 11 real seconds, 0 bytes read per connection
Execution 22
s_time: verify depth is 1
52 connections in 0.27s; 192.59 connections/user sec, bytes read 0
52 connections in 11 real seconds, 0 bytes read per connection
Execution 23
s_time: verify depth is 1
41 connections in 0.19s; 215.79 connections/user sec, bytes read 0
41 connections in 12 real seconds, 0 bytes read per connection
Execution 24
s_time: verify depth is 1
52 connections in 0.26s; 200.00 connections/user sec, bytes read 0
52 connections in 11 real seconds, 0 bytes read per connection
Execution 25
s_time: verify depth is 1
52 connections in 0.26s; 200.00 connections/user sec, bytes read 0
52 connections in 11 real seconds, 0 bytes read per connection
Execution 26
s_time: verify depth is 1
50 connections in 0.26s; 192.31 connections/user sec, bytes read 0
50 connections in 14 real seconds, 0 bytes read per connection
Execution 27
s_time: verify depth is 1
53 connections in 0.28s; 189.29 connections/user sec, bytes read 0
53 connections in 11 real seconds, 0 bytes read per connection
Execution 28
s_time: verify depth is 1
52 connections in 0.27s; 192.59 connections/user sec, bytes read 0
52 connections in 11 real seconds, 0 bytes read per connection
Execution 29
s_time: verify depth is 1
49 connections in 0.24s; 204.17 connections/user sec, bytes read 0
49 connections in 13 real seconds, 0 bytes read per connection
Execution 30
s_time: verify depth is 1
49 connections in 0.26s; 188.46 connections/user sec, bytes read 0
49 connections in 11 real seconds, 0 bytes read per connection
Execution 31
s_time: verify depth is 1
52 connections in 0.28s; 185.71 connections/user sec, bytes read 0
52 connections in 11 real seconds, 0 bytes read per connection
Execution 32
s_time: verify depth is 1
52 connections in 0.26s; 200.00 connections/user sec, bytes read 0
52 connections in 11 real seconds, 0 bytes read per connection
Execution 33
s_time: verify depth is 1
36 connections in 0.18s; 200.00 connections/user sec, bytes read 0
36 connections in 11 real seconds, 0 bytes read per connection
Execution 34
s_time: verify depth is 1
52 connections in 0.28s; 185.71 connections/user sec, bytes read 0
52 connections in 11 real seconds, 0 bytes read per connection
Execution 35
s_time: verify depth is 1
53 connections in 0.27s; 196.30 connections/user sec, bytes read 0
53 connections in 11 real seconds, 0 bytes read per connection
Execution 36
s_time: verify depth is 1
35 connections in 0.18s; 194.44 connections/user sec, bytes read 0
35 connections in 11 real seconds, 0 bytes read per connection
Execution 37
s_time: verify depth is 1
52 connections in 0.28s; 185.71 connections/user sec, bytes read 0
52 connections in 11 real seconds, 0 bytes read per connection
Execution 38
s_time: verify depth is 1
53 connections in 0.29s; 182.76 connections/user sec, bytes read 0
53 connections in 11 real seconds, 0 bytes read per connection
Execution 39
s_time: verify depth is 1
35 connections in 0.18s; 194.44 connections/user sec, bytes read 0
35 connections in 11 real seconds, 0 bytes read per connection
Execution 40
s_time: verify depth is 1
53 connections in 0.28s; 189.29 connections/user sec, bytes read 0
53 connections in 11 real seconds, 0 bytes read per connection
Execution 41
s_time: verify depth is 1
52 connections in 0.26s; 200.00 connections/user sec, bytes read 0
52 connections in 11 real seconds, 0 bytes read per connection
Execution 42
s_time: verify depth is 1
41 connections in 0.20s; 205.00 connections/user sec, bytes read 0
41 connections in 12 real seconds, 0 bytes read per connection
Execution 43
s_time: verify depth is 1
52 connections in 0.26s; 200.00 connections/user sec, bytes read 0
52 connections in 11 real seconds, 0 bytes read per connection
Execution 44
s_time: verify depth is 1
52 connections in 0.28s; 185.71 connections/user sec, bytes read 0
52 connections in 11 real seconds, 0 bytes read per connection
Execution 45
s_time: verify depth is 1
50 connections in 0.26s; 192.31 connections/user sec, bytes read 0
50 connections in 14 real seconds, 0 bytes read per connection
Execution 46
s_time: verify depth is 1
52 connections in 0.28s; 185.71 connections/user sec, bytes read 0
52 connections in 11 real seconds, 0 bytes read per connection
Execution 47
s_time: verify depth is 1
53 connections in 0.27s; 196.30 connections/user sec, bytes read 0
53 connections in 11 real seconds, 0 bytes read per connection
Execution 48
s_time: verify depth is 1
49 connections in 0.24s; 204.17 connections/user sec, bytes read 0
49 connections in 14 real seconds, 0 bytes read per connection
Execution 49
s_time: verify depth is 1
53 connections in 0.29s; 182.76 connections/user sec, bytes read 0
53 connections in 11 real seconds, 0 bytes read per connection
Execution 50
s_time: verify depth is 1
52 connections in 0.25s; 208.00 connections/user sec, bytes read 0
52 connections in 11 real seconds, 0 bytes read per connection
tc
Mostrando el estado de qdisc para la interfaz: lo
qdisc netem 80dd: root refcnt 2 limit 1000 delay 50.0ms
 Sent 0 bytes 0 pkt (dropped 0, overlimits 0 requeues 0) 
 backlog 0b 0p requeues 0
-----
-----
Certificate request self-signature ok
subject=CN=localhost
Running /opt/oqssa/bin/perftestServer.sh with SIG_ALG=mldsa65 and KEM_ALG=mlkem768

Using default temp DH parameters
ACCEPT
Execution 1
s_time: verify depth is 1
39 connections in 0.05s; 780.00 connections/user sec, bytes read 0
39 connections in 11 real seconds, 0 bytes read per connection
Execution 2
s_time: verify depth is 1
51 connections in 0.07s; 728.57 connections/user sec, bytes read 0
51 connections in 11 real seconds, 0 bytes read per connection
Execution 3
s_time: verify depth is 1
54 connections in 0.07s; 771.43 connections/user sec, bytes read 0
54 connections in 11 real seconds, 0 bytes read per connection
Execution 4
s_time: verify depth is 1
54 connections in 0.08s; 675.00 connections/user sec, bytes read 0
54 connections in 14 real seconds, 0 bytes read per connection
Execution 5
s_time: verify depth is 1
52 connections in 0.06s; 866.67 connections/user sec, bytes read 0
52 connections in 11 real seconds, 0 bytes read per connection
Execution 6
s_time: verify depth is 1
54 connections in 0.08s; 675.00 connections/user sec, bytes read 0
54 connections in 11 real seconds, 0 bytes read per connection
Execution 7
s_time: verify depth is 1
53 connections in 0.07s; 757.14 connections/user sec, bytes read 0
53 connections in 14 real seconds, 0 bytes read per connection
Execution 8
s_time: verify depth is 1
53 connections in 0.08s; 662.50 connections/user sec, bytes read 0
53 connections in 11 real seconds, 0 bytes read per connection
Execution 9
s_time: verify depth is 1
54 connections in 0.08s; 675.00 connections/user sec, bytes read 0
54 connections in 11 real seconds, 0 bytes read per connection
Execution 10
s_time: verify depth is 1
52 connections in 0.08s; 650.00 connections/user sec, bytes read 0
52 connections in 14 real seconds, 0 bytes read per connection
Execution 11
s_time: verify depth is 1
54 connections in 0.08s; 675.00 connections/user sec, bytes read 0
54 connections in 11 real seconds, 0 bytes read per connection
Execution 12
s_time: verify depth is 1
54 connections in 0.08s; 675.00 connections/user sec, bytes read 0
54 connections in 11 real seconds, 0 bytes read per connection
Execution 13
s_time: verify depth is 1
51 connections in 0.07s; 728.57 connections/user sec, bytes read 0
51 connections in 14 real seconds, 0 bytes read per connection
Execution 14
s_time: verify depth is 1
54 connections in 0.08s; 675.00 connections/user sec, bytes read 0
54 connections in 11 real seconds, 0 bytes read per connection
Execution 15
s_time: verify depth is 1
55 connections in 0.07s; 785.71 connections/user sec, bytes read 0
55 connections in 11 real seconds, 0 bytes read per connection
Execution 16
s_time: verify depth is 1
50 connections in 0.07s; 714.29 connections/user sec, bytes read 0
50 connections in 13 real seconds, 0 bytes read per connection
Execution 17
s_time: verify depth is 1
50 connections in 0.07s; 714.29 connections/user sec, bytes read 0
50 connections in 11 real seconds, 0 bytes read per connection
Execution 18
s_time: verify depth is 1
55 connections in 0.08s; 687.50 connections/user sec, bytes read 0
55 connections in 11 real seconds, 0 bytes read per connection
Execution 19
s_time: verify depth is 1
54 connections in 0.07s; 771.43 connections/user sec, bytes read 0
54 connections in 14 real seconds, 0 bytes read per connection
Execution 20
s_time: verify depth is 1
51 connections in 0.07s; 728.57 connections/user sec, bytes read 0
51 connections in 11 real seconds, 0 bytes read per connection
Execution 21
s_time: verify depth is 1
54 connections in 0.06s; 900.00 connections/user sec, bytes read 0
54 connections in 11 real seconds, 0 bytes read per connection
Execution 22
s_time: verify depth is 1
54 connections in 0.07s; 771.43 connections/user sec, bytes read 0
54 connections in 14 real seconds, 0 bytes read per connection
Execution 23
s_time: verify depth is 1
52 connections in 0.07s; 742.86 connections/user sec, bytes read 0
52 connections in 11 real seconds, 0 bytes read per connection
Execution 24
s_time: verify depth is 1
54 connections in 0.07s; 771.43 connections/user sec, bytes read 0
54 connections in 11 real seconds, 0 bytes read per connection
Execution 25
s_time: verify depth is 1
53 connections in 0.07s; 757.14 connections/user sec, bytes read 0
53 connections in 14 real seconds, 0 bytes read per connection
Execution 26
s_time: verify depth is 1
53 connections in 0.07s; 757.14 connections/user sec, bytes read 0
53 connections in 11 real seconds, 0 bytes read per connection
Execution 27
s_time: verify depth is 1
54 connections in 0.09s; 600.00 connections/user sec, bytes read 0
54 connections in 11 real seconds, 0 bytes read per connection
Execution 28
s_time: verify depth is 1
52 connections in 0.07s; 742.86 connections/user sec, bytes read 0
52 connections in 14 real seconds, 0 bytes read per connection
Execution 29
s_time: verify depth is 1
54 connections in 0.07s; 771.43 connections/user sec, bytes read 0
54 connections in 11 real seconds, 0 bytes read per connection
Execution 30
s_time: verify depth is 1
54 connections in 0.06s; 900.00 connections/user sec, bytes read 0
54 connections in 11 real seconds, 0 bytes read per connection
Execution 31
s_time: verify depth is 1
51 connections in 0.07s; 728.57 connections/user sec, bytes read 0
51 connections in 14 real seconds, 0 bytes read per connection
Execution 32
s_time: verify depth is 1
54 connections in 0.08s; 675.00 connections/user sec, bytes read 0
54 connections in 11 real seconds, 0 bytes read per connection
Execution 33
s_time: verify depth is 1
55 connections in 0.07s; 785.71 connections/user sec, bytes read 0
55 connections in 11 real seconds, 0 bytes read per connection
Execution 34
s_time: verify depth is 1
50 connections in 0.07s; 714.29 connections/user sec, bytes read 0
50 connections in 13 real seconds, 0 bytes read per connection
Execution 35
s_time: verify depth is 1
50 connections in 0.07s; 714.29 connections/user sec, bytes read 0
50 connections in 11 real seconds, 0 bytes read per connection
Execution 36
s_time: verify depth is 1
54 connections in 0.07s; 771.43 connections/user sec, bytes read 0
54 connections in 11 real seconds, 0 bytes read per connection
Execution 37
s_time: verify depth is 1
55 connections in 0.07s; 785.71 connections/user sec, bytes read 0
55 connections in 14 real seconds, 0 bytes read per connection
Execution 38
s_time: verify depth is 1
51 connections in 0.06s; 850.00 connections/user sec, bytes read 0
51 connections in 11 real seconds, 0 bytes read per connection
Execution 39
s_time: verify depth is 1
54 connections in 0.07s; 771.43 connections/user sec, bytes read 0
54 connections in 11 real seconds, 0 bytes read per connection
Execution 40
s_time: verify depth is 1
54 connections in 0.08s; 675.00 connections/user sec, bytes read 0
54 connections in 14 real seconds, 0 bytes read per connection
Execution 41
s_time: verify depth is 1
52 connections in 0.07s; 742.86 connections/user sec, bytes read 0
52 connections in 11 real seconds, 0 bytes read per connection
Execution 42
s_time: verify depth is 1
54 connections in 0.07s; 771.43 connections/user sec, bytes read 0
54 connections in 11 real seconds, 0 bytes read per connection
Execution 43
s_time: verify depth is 1
53 connections in 0.08s; 662.50 connections/user sec, bytes read 0
53 connections in 14 real seconds, 0 bytes read per connection
Execution 44
s_time: verify depth is 1
53 connections in 0.08s; 662.50 connections/user sec, bytes read 0
53 connections in 11 real seconds, 0 bytes read per connection
Execution 45
s_time: verify depth is 1
54 connections in 0.07s; 771.43 connections/user sec, bytes read 0
54 connections in 11 real seconds, 0 bytes read per connection
Execution 46
s_time: verify depth is 1
52 connections in 0.08s; 650.00 connections/user sec, bytes read 0
52 connections in 14 real seconds, 0 bytes read per connection
Execution 47
s_time: verify depth is 1
53 connections in 0.08s; 662.50 connections/user sec, bytes read 0
53 connections in 11 real seconds, 0 bytes read per connection
Execution 48
s_time: verify depth is 1
55 connections in 0.08s; 687.50 connections/user sec, bytes read 0
55 connections in 11 real seconds, 0 bytes read per connection
Execution 49
s_time: verify depth is 1
51 connections in 0.07s; 728.57 connections/user sec, bytes read 0
51 connections in 14 real seconds, 0 bytes read per connection
Execution 50
s_time: verify depth is 1
54 connections in 0.08s; 675.00 connections/user sec, bytes read 0
54 connections in 11 real seconds, 0 bytes read per connection
tc
Mostrando el estado de qdisc para la interfaz: lo
qdisc netem 80de: root refcnt 2 limit 1000 delay 50.0ms
 Sent 0 bytes 0 pkt (dropped 0, overlimits 0 requeues 0) 
 backlog 0b 0p requeues 0
-----
-----
Certificate request self-signature ok
subject=CN=localhost
Running /opt/oqssa/bin/perftestServer.sh with SIG_ALG=sphincssha2192fsimple and KEM_ALG=P-384

Using default temp DH parameters
ACCEPT
Execution 1
s_time: verify depth is 1
34 connections in 0.32s; 106.25 connections/user sec, bytes read 0
34 connections in 11 real seconds, 0 bytes read per connection
Execution 2
s_time: verify depth is 1
30 connections in 0.28s; 107.14 connections/user sec, bytes read 0
30 connections in 12 real seconds, 0 bytes read per connection
Execution 3
s_time: verify depth is 1
33 connections in 0.30s; 110.00 connections/user sec, bytes read 0
33 connections in 11 real seconds, 0 bytes read per connection
Execution 4
s_time: verify depth is 1
36 connections in 0.33s; 109.09 connections/user sec, bytes read 0
36 connections in 11 real seconds, 0 bytes read per connection
Execution 5
s_time: verify depth is 1
35 connections in 0.33s; 106.06 connections/user sec, bytes read 0
35 connections in 11 real seconds, 0 bytes read per connection
Execution 6
s_time: verify depth is 1
24 connections in 0.20s; 120.00 connections/user sec, bytes read 0
24 connections in 11 real seconds, 0 bytes read per connection
Execution 7
s_time: verify depth is 1
36 connections in 0.33s; 109.09 connections/user sec, bytes read 0
36 connections in 11 real seconds, 0 bytes read per connection
Execution 8
s_time: verify depth is 1
36 connections in 0.33s; 109.09 connections/user sec, bytes read 0
36 connections in 11 real seconds, 0 bytes read per connection
Execution 9
s_time: verify depth is 1
24 connections in 0.22s; 109.09 connections/user sec, bytes read 0
24 connections in 11 real seconds, 0 bytes read per connection
Execution 10
s_time: verify depth is 1
35 connections in 0.32s; 109.38 connections/user sec, bytes read 0
35 connections in 11 real seconds, 0 bytes read per connection
Execution 11
s_time: verify depth is 1
36 connections in 0.34s; 105.88 connections/user sec, bytes read 0
36 connections in 11 real seconds, 0 bytes read per connection
Execution 12
s_time: verify depth is 1
24 connections in 0.23s; 104.35 connections/user sec, bytes read 0
24 connections in 11 real seconds, 0 bytes read per connection
Execution 13
s_time: verify depth is 1
35 connections in 0.31s; 112.90 connections/user sec, bytes read 0
35 connections in 11 real seconds, 0 bytes read per connection
Execution 14
s_time: verify depth is 1
36 connections in 0.34s; 105.88 connections/user sec, bytes read 0
36 connections in 11 real seconds, 0 bytes read per connection
Execution 15
s_time: verify depth is 1
28 connections in 0.27s; 103.70 connections/user sec, bytes read 0
28 connections in 12 real seconds, 0 bytes read per connection
Execution 16
s_time: verify depth is 1
35 connections in 0.31s; 112.90 connections/user sec, bytes read 0
35 connections in 11 real seconds, 0 bytes read per connection
Execution 17
s_time: verify depth is 1
35 connections in 0.32s; 109.38 connections/user sec, bytes read 0
35 connections in 11 real seconds, 0 bytes read per connection
Execution 18
s_time: verify depth is 1
34 connections in 0.32s; 106.25 connections/user sec, bytes read 0
34 connections in 14 real seconds, 0 bytes read per connection
Execution 19
s_time: verify depth is 1
36 connections in 0.35s; 102.86 connections/user sec, bytes read 0
36 connections in 11 real seconds, 0 bytes read per connection
Execution 20
s_time: verify depth is 1
35 connections in 0.33s; 106.06 connections/user sec, bytes read 0
35 connections in 11 real seconds, 0 bytes read per connection
Execution 21
s_time: verify depth is 1
34 connections in 0.32s; 106.25 connections/user sec, bytes read 0
34 connections in 14 real seconds, 0 bytes read per connection
Execution 22
s_time: verify depth is 1
36 connections in 0.34s; 105.88 connections/user sec, bytes read 0
36 connections in 11 real seconds, 0 bytes read per connection
Execution 23
s_time: verify depth is 1
35 connections in 0.33s; 106.06 connections/user sec, bytes read 0
35 connections in 11 real seconds, 0 bytes read per connection
Execution 24
s_time: verify depth is 1
33 connections in 0.30s; 110.00 connections/user sec, bytes read 0
33 connections in 13 real seconds, 0 bytes read per connection
Execution 25
s_time: verify depth is 1
33 connections in 0.29s; 113.79 connections/user sec, bytes read 0
33 connections in 11 real seconds, 0 bytes read per connection
Execution 26
s_time: verify depth is 1
36 connections in 0.35s; 102.86 connections/user sec, bytes read 0
36 connections in 11 real seconds, 0 bytes read per connection
Execution 27
s_time: verify depth is 1
35 connections in 0.34s; 102.94 connections/user sec, bytes read 0
35 connections in 14 real seconds, 0 bytes read per connection
Execution 28
s_time: verify depth is 1
34 connections in 0.30s; 113.33 connections/user sec, bytes read 0
34 connections in 11 real seconds, 0 bytes read per connection
Execution 29
s_time: verify depth is 1
36 connections in 0.33s; 109.09 connections/user sec, bytes read 0
36 connections in 11 real seconds, 0 bytes read per connection
Execution 30
s_time: verify depth is 1
35 connections in 0.32s; 109.38 connections/user sec, bytes read 0
35 connections in 14 real seconds, 0 bytes read per connection
Execution 31
s_time: verify depth is 1
34 connections in 0.29s; 117.24 connections/user sec, bytes read 0
34 connections in 11 real seconds, 0 bytes read per connection
Execution 32
s_time: verify depth is 1
36 connections in 0.35s; 102.86 connections/user sec, bytes read 0
36 connections in 11 real seconds, 0 bytes read per connection
Execution 33
s_time: verify depth is 1
34 connections in 0.32s; 106.25 connections/user sec, bytes read 0
34 connections in 14 real seconds, 0 bytes read per connection
Execution 34
s_time: verify depth is 1
35 connections in 0.31s; 112.90 connections/user sec, bytes read 0
35 connections in 11 real seconds, 0 bytes read per connection
Execution 35
s_time: verify depth is 1
36 connections in 0.33s; 109.09 connections/user sec, bytes read 0
36 connections in 11 real seconds, 0 bytes read per connection
Execution 36
s_time: verify depth is 1
34 connections in 0.31s; 109.68 connections/user sec, bytes read 0
34 connections in 14 real seconds, 0 bytes read per connection
Execution 37
s_time: verify depth is 1
35 connections in 0.32s; 109.38 connections/user sec, bytes read 0
35 connections in 11 real seconds, 0 bytes read per connection
Execution 38
s_time: verify depth is 1
36 connections in 0.32s; 112.50 connections/user sec, bytes read 0
36 connections in 11 real seconds, 0 bytes read per connection
Execution 39
s_time: verify depth is 1
33 connections in 0.30s; 110.00 connections/user sec, bytes read 0
33 connections in 14 real seconds, 0 bytes read per connection
Execution 40
s_time: verify depth is 1
36 connections in 0.33s; 109.09 connections/user sec, bytes read 0
36 connections in 11 real seconds, 0 bytes read per connection
Execution 41
s_time: verify depth is 1
36 connections in 0.32s; 112.50 connections/user sec, bytes read 0
36 connections in 11 real seconds, 0 bytes read per connection
Execution 42
s_time: verify depth is 1
32 connections in 0.30s; 106.67 connections/user sec, bytes read 0
32 connections in 13 real seconds, 0 bytes read per connection
Execution 43
s_time: verify depth is 1
34 connections in 0.33s; 103.03 connections/user sec, bytes read 0
34 connections in 11 real seconds, 0 bytes read per connection
Execution 44
s_time: verify depth is 1
35 connections in 0.33s; 106.06 connections/user sec, bytes read 0
35 connections in 11 real seconds, 0 bytes read per connection
Execution 45
s_time: verify depth is 1
36 connections in 0.34s; 105.88 connections/user sec, bytes read 0
36 connections in 14 real seconds, 0 bytes read per connection
Execution 46
s_time: verify depth is 1
34 connections in 0.33s; 103.03 connections/user sec, bytes read 0
34 connections in 11 real seconds, 0 bytes read per connection
Execution 47
s_time: verify depth is 1
35 connections in 0.33s; 106.06 connections/user sec, bytes read 0
35 connections in 11 real seconds, 0 bytes read per connection
Execution 48
s_time: verify depth is 1
35 connections in 0.32s; 109.38 connections/user sec, bytes read 0
35 connections in 14 real seconds, 0 bytes read per connection
Execution 49
s_time: verify depth is 1
35 connections in 0.32s; 109.38 connections/user sec, bytes read 0
35 connections in 11 real seconds, 0 bytes read per connection
Execution 50
s_time: verify depth is 1
35 connections in 0.34s; 102.94 connections/user sec, bytes read 0
35 connections in 11 real seconds, 0 bytes read per connection
tc
Mostrando el estado de qdisc para la interfaz: lo
qdisc netem 80df: root refcnt 2 limit 1000 delay 50.0ms
 Sent 0 bytes 0 pkt (dropped 0, overlimits 0 requeues 0) 
 backlog 0b 0p requeues 0
-----
-----
Certificate request self-signature ok
subject=CN=localhost
Running /opt/oqssa/bin/perftestServer.sh with SIG_ALG=sphincssha2192fsimple and KEM_ALG=mlkem768

Using default temp DH parameters
ACCEPT
Execution 1
s_time: verify depth is 1
28 connections in 0.15s; 186.67 connections/user sec, bytes read 0
28 connections in 12 real seconds, 0 bytes read per connection
Execution 2
s_time: verify depth is 1
35 connections in 0.19s; 184.21 connections/user sec, bytes read 0
35 connections in 11 real seconds, 0 bytes read per connection
Execution 3
s_time: verify depth is 1
37 connections in 0.21s; 176.19 connections/user sec, bytes read 0
37 connections in 11 real seconds, 0 bytes read per connection
Execution 4
s_time: verify depth is 1
34 connections in 0.18s; 188.89 connections/user sec, bytes read 0
34 connections in 14 real seconds, 0 bytes read per connection
Execution 5
s_time: verify depth is 1
36 connections in 0.18s; 200.00 connections/user sec, bytes read 0
36 connections in 11 real seconds, 0 bytes read per connection
Execution 6
s_time: verify depth is 1
36 connections in 0.19s; 189.47 connections/user sec, bytes read 0
36 connections in 11 real seconds, 0 bytes read per connection
Execution 7
s_time: verify depth is 1
34 connections in 0.18s; 188.89 connections/user sec, bytes read 0
34 connections in 14 real seconds, 0 bytes read per connection
Execution 8
s_time: verify depth is 1
37 connections in 0.20s; 185.00 connections/user sec, bytes read 0
37 connections in 11 real seconds, 0 bytes read per connection
Execution 9
s_time: verify depth is 1
36 connections in 0.20s; 180.00 connections/user sec, bytes read 0
36 connections in 11 real seconds, 0 bytes read per connection
Execution 10
s_time: verify depth is 1
33 connections in 0.18s; 183.33 connections/user sec, bytes read 0
33 connections in 13 real seconds, 0 bytes read per connection
Execution 11
s_time: verify depth is 1
34 connections in 0.19s; 178.95 connections/user sec, bytes read 0
34 connections in 11 real seconds, 0 bytes read per connection
Execution 12
s_time: verify depth is 1
36 connections in 0.19s; 189.47 connections/user sec, bytes read 0
36 connections in 11 real seconds, 0 bytes read per connection
Execution 13
s_time: verify depth is 1
36 connections in 0.19s; 189.47 connections/user sec, bytes read 0
36 connections in 14 real seconds, 0 bytes read per connection
Execution 14
s_time: verify depth is 1
34 connections in 0.19s; 178.95 connections/user sec, bytes read 0
34 connections in 11 real seconds, 0 bytes read per connection
Execution 15
s_time: verify depth is 1
36 connections in 0.20s; 180.00 connections/user sec, bytes read 0
36 connections in 11 real seconds, 0 bytes read per connection
Execution 16
s_time: verify depth is 1
36 connections in 0.20s; 180.00 connections/user sec, bytes read 0
36 connections in 14 real seconds, 0 bytes read per connection
Execution 17
s_time: verify depth is 1
35 connections in 0.18s; 194.44 connections/user sec, bytes read 0
35 connections in 11 real seconds, 0 bytes read per connection
Execution 18
s_time: verify depth is 1
36 connections in 0.20s; 180.00 connections/user sec, bytes read 0
36 connections in 11 real seconds, 0 bytes read per connection
Execution 19
s_time: verify depth is 1
35 connections in 0.19s; 184.21 connections/user sec, bytes read 0
35 connections in 14 real seconds, 0 bytes read per connection
Execution 20
s_time: verify depth is 1
35 connections in 0.20s; 175.00 connections/user sec, bytes read 0
35 connections in 11 real seconds, 0 bytes read per connection
Execution 21
s_time: verify depth is 1
36 connections in 0.19s; 189.47 connections/user sec, bytes read 0
36 connections in 11 real seconds, 0 bytes read per connection
Execution 22
s_time: verify depth is 1
35 connections in 0.20s; 175.00 connections/user sec, bytes read 0
35 connections in 14 real seconds, 0 bytes read per connection
Execution 23
s_time: verify depth is 1
36 connections in 0.19s; 189.47 connections/user sec, bytes read 0
36 connections in 11 real seconds, 0 bytes read per connection
Execution 24
s_time: verify depth is 1
36 connections in 0.19s; 189.47 connections/user sec, bytes read 0
36 connections in 11 real seconds, 0 bytes read per connection
Execution 25
s_time: verify depth is 1
34 connections in 0.18s; 188.89 connections/user sec, bytes read 0
34 connections in 14 real seconds, 0 bytes read per connection
Execution 26
s_time: verify depth is 1
36 connections in 0.20s; 180.00 connections/user sec, bytes read 0
36 connections in 11 real seconds, 0 bytes read per connection
Execution 27
s_time: verify depth is 1
36 connections in 0.19s; 189.47 connections/user sec, bytes read 0
36 connections in 11 real seconds, 0 bytes read per connection
Execution 28
s_time: verify depth is 1
34 connections in 0.20s; 170.00 connections/user sec, bytes read 0
34 connections in 13 real seconds, 0 bytes read per connection
Execution 29
s_time: verify depth is 1
37 connections in 0.21s; 176.19 connections/user sec, bytes read 0
37 connections in 11 real seconds, 0 bytes read per connection
Execution 30
s_time: verify depth is 1
36 connections in 0.20s; 180.00 connections/user sec, bytes read 0
36 connections in 11 real seconds, 0 bytes read per connection
Execution 31
s_time: verify depth is 1
32 connections in 0.18s; 177.78 connections/user sec, bytes read 0
32 connections in 13 real seconds, 0 bytes read per connection
Execution 32
s_time: verify depth is 1
35 connections in 0.19s; 184.21 connections/user sec, bytes read 0
35 connections in 11 real seconds, 0 bytes read per connection
Execution 33
s_time: verify depth is 1
36 connections in 0.20s; 180.00 connections/user sec, bytes read 0
36 connections in 11 real seconds, 0 bytes read per connection
Execution 34
s_time: verify depth is 1
35 connections in 0.18s; 194.44 connections/user sec, bytes read 0
35 connections in 14 real seconds, 0 bytes read per connection
Execution 35
s_time: verify depth is 1
35 connections in 0.20s; 175.00 connections/user sec, bytes read 0
35 connections in 11 real seconds, 0 bytes read per connection
Execution 36
s_time: verify depth is 1
37 connections in 0.21s; 176.19 connections/user sec, bytes read 0
37 connections in 11 real seconds, 0 bytes read per connection
Execution 37
s_time: verify depth is 1
34 connections in 0.18s; 188.89 connections/user sec, bytes read 0
34 connections in 14 real seconds, 0 bytes read per connection
Execution 38
s_time: verify depth is 1
36 connections in 0.20s; 180.00 connections/user sec, bytes read 0
36 connections in 11 real seconds, 0 bytes read per connection
Execution 39
s_time: verify depth is 1
36 connections in 0.21s; 171.43 connections/user sec, bytes read 0
36 connections in 11 real seconds, 0 bytes read per connection
Execution 40
s_time: verify depth is 1
34 connections in 0.20s; 170.00 connections/user sec, bytes read 0
34 connections in 14 real seconds, 0 bytes read per connection
Execution 41
s_time: verify depth is 1
36 connections in 0.19s; 189.47 connections/user sec, bytes read 0
36 connections in 11 real seconds, 0 bytes read per connection
Execution 42
s_time: verify depth is 1
36 connections in 0.21s; 171.43 connections/user sec, bytes read 0
36 connections in 11 real seconds, 0 bytes read per connection
Execution 43
s_time: verify depth is 1
34 connections in 0.18s; 188.89 connections/user sec, bytes read 0
34 connections in 13 real seconds, 0 bytes read per connection
Execution 44
s_time: verify depth is 1
34 connections in 0.19s; 178.95 connections/user sec, bytes read 0
34 connections in 11 real seconds, 0 bytes read per connection
Execution 45
s_time: verify depth is 1
36 connections in 0.20s; 180.00 connections/user sec, bytes read 0
36 connections in 11 real seconds, 0 bytes read per connection
Execution 46
s_time: verify depth is 1
36 connections in 0.19s; 189.47 connections/user sec, bytes read 0
36 connections in 14 real seconds, 0 bytes read per connection
Execution 47
s_time: verify depth is 1
34 connections in 0.20s; 170.00 connections/user sec, bytes read 0
34 connections in 11 real seconds, 0 bytes read per connection
Execution 48
s_time: verify depth is 1
36 connections in 0.21s; 171.43 connections/user sec, bytes read 0
36 connections in 11 real seconds, 0 bytes read per connection
Execution 49
s_time: verify depth is 1
36 connections in 0.20s; 180.00 connections/user sec, bytes read 0
36 connections in 14 real seconds, 0 bytes read per connection
Execution 50
s_time: verify depth is 1
35 connections in 0.19s; 184.21 connections/user sec, bytes read 0
35 connections in 11 real seconds, 0 bytes read per connection
tc
Mostrando el estado de qdisc para la interfaz: lo
qdisc netem 80e0: root refcnt 2 limit 1000 delay 50.0ms
 Sent 0 bytes 0 pkt (dropped 0, overlimits 0 requeues 0) 
 backlog 0b 0p requeues 0
-----
-----
Certificate request self-signature ok
subject=CN=localhost
Running /opt/oqssa/bin/perftestServer.sh with SIG_ALG=sphincssha2192ssimple and KEM_ALG=P-384

Using default temp DH parameters
ACCEPT
Execution 1
s_time: verify depth is 1
16 connections in 0.11s; 145.45 connections/user sec, bytes read 0
16 connections in 11 real seconds, 0 bytes read per connection
Execution 2
s_time: verify depth is 1
12 connections in 0.08s; 150.00 connections/user sec, bytes read 0
12 connections in 11 real seconds, 0 bytes read per connection
Execution 3
s_time: verify depth is 1
17 connections in 0.11s; 154.55 connections/user sec, bytes read 0
17 connections in 11 real seconds, 0 bytes read per connection
Execution 4
s_time: verify depth is 1
17 connections in 0.12s; 141.67 connections/user sec, bytes read 0
17 connections in 11 real seconds, 0 bytes read per connection
Execution 5
s_time: verify depth is 1
16 connections in 0.11s; 145.45 connections/user sec, bytes read 0
16 connections in 14 real seconds, 0 bytes read per connection
Execution 6
s_time: verify depth is 1
15 connections in 0.11s; 136.36 connections/user sec, bytes read 0
15 connections in 11 real seconds, 0 bytes read per connection
Execution 7
s_time: verify depth is 1
17 connections in 0.14s; 121.43 connections/user sec, bytes read 0
17 connections in 11 real seconds, 0 bytes read per connection
Execution 8
s_time: verify depth is 1
17 connections in 0.12s; 141.67 connections/user sec, bytes read 0
17 connections in 14 real seconds, 0 bytes read per connection
Execution 9
s_time: verify depth is 1
17 connections in 0.13s; 130.77 connections/user sec, bytes read 0
17 connections in 11 real seconds, 0 bytes read per connection
Execution 10
s_time: verify depth is 1
17 connections in 0.12s; 141.67 connections/user sec, bytes read 0
17 connections in 11 real seconds, 0 bytes read per connection
Execution 11
s_time: verify depth is 1
16 connections in 0.11s; 145.45 connections/user sec, bytes read 0
16 connections in 14 real seconds, 0 bytes read per connection
Execution 12
s_time: verify depth is 1
17 connections in 0.12s; 141.67 connections/user sec, bytes read 0
17 connections in 11 real seconds, 0 bytes read per connection
Execution 13
s_time: verify depth is 1
17 connections in 0.13s; 130.77 connections/user sec, bytes read 0
17 connections in 11 real seconds, 0 bytes read per connection
Execution 14
s_time: verify depth is 1
15 connections in 0.11s; 136.36 connections/user sec, bytes read 0
15 connections in 13 real seconds, 0 bytes read per connection
Execution 15
s_time: verify depth is 1
17 connections in 0.12s; 141.67 connections/user sec, bytes read 0
17 connections in 11 real seconds, 0 bytes read per connection
Execution 16
s_time: verify depth is 1
17 connections in 0.12s; 141.67 connections/user sec, bytes read 0
17 connections in 11 real seconds, 0 bytes read per connection
Execution 17
s_time: verify depth is 1
16 connections in 0.11s; 145.45 connections/user sec, bytes read 0
16 connections in 14 real seconds, 0 bytes read per connection
Execution 18
s_time: verify depth is 1
16 connections in 0.12s; 133.33 connections/user sec, bytes read 0
16 connections in 11 real seconds, 0 bytes read per connection
Execution 19
s_time: verify depth is 1
17 connections in 0.12s; 141.67 connections/user sec, bytes read 0
17 connections in 11 real seconds, 0 bytes read per connection
Execution 20
s_time: verify depth is 1
17 connections in 0.12s; 141.67 connections/user sec, bytes read 0
17 connections in 14 real seconds, 0 bytes read per connection
Execution 21
s_time: verify depth is 1
16 connections in 0.13s; 123.08 connections/user sec, bytes read 0
16 connections in 11 real seconds, 0 bytes read per connection
Execution 22
s_time: verify depth is 1
17 connections in 0.12s; 141.67 connections/user sec, bytes read 0
17 connections in 11 real seconds, 0 bytes read per connection
Execution 23
s_time: verify depth is 1
16 connections in 0.11s; 145.45 connections/user sec, bytes read 0
16 connections in 14 real seconds, 0 bytes read per connection
Execution 24
s_time: verify depth is 1
17 connections in 0.12s; 141.67 connections/user sec, bytes read 0
17 connections in 11 real seconds, 0 bytes read per connection
Execution 25
s_time: verify depth is 1
17 connections in 0.11s; 154.55 connections/user sec, bytes read 0
17 connections in 11 real seconds, 0 bytes read per connection
Execution 26
s_time: verify depth is 1
16 connections in 0.11s; 145.45 connections/user sec, bytes read 0
16 connections in 14 real seconds, 0 bytes read per connection
Execution 27
s_time: verify depth is 1
17 connections in 0.12s; 141.67 connections/user sec, bytes read 0
17 connections in 11 real seconds, 0 bytes read per connection
Execution 28
s_time: verify depth is 1
17 connections in 0.13s; 130.77 connections/user sec, bytes read 0
17 connections in 11 real seconds, 0 bytes read per connection
Execution 29
s_time: verify depth is 1
16 connections in 0.11s; 145.45 connections/user sec, bytes read 0
16 connections in 14 real seconds, 0 bytes read per connection
Execution 30
s_time: verify depth is 1
17 connections in 0.12s; 141.67 connections/user sec, bytes read 0
17 connections in 11 real seconds, 0 bytes read per connection
Execution 31
s_time: verify depth is 1
17 connections in 0.13s; 130.77 connections/user sec, bytes read 0
17 connections in 11 real seconds, 0 bytes read per connection
Execution 32
s_time: verify depth is 1
15 connections in 0.10s; 150.00 connections/user sec, bytes read 0
15 connections in 13 real seconds, 0 bytes read per connection
Execution 33
s_time: verify depth is 1
16 connections in 0.13s; 123.08 connections/user sec, bytes read 0
16 connections in 11 real seconds, 0 bytes read per connection
Execution 34
s_time: verify depth is 1
18 connections in 0.13s; 138.46 connections/user sec, bytes read 0
18 connections in 11 real seconds, 0 bytes read per connection
Execution 35
s_time: verify depth is 1
16 connections in 0.11s; 145.45 connections/user sec, bytes read 0
16 connections in 14 real seconds, 0 bytes read per connection
Execution 36
s_time: verify depth is 1
16 connections in 0.13s; 123.08 connections/user sec, bytes read 0
16 connections in 11 real seconds, 0 bytes read per connection
Execution 37
s_time: verify depth is 1
17 connections in 0.12s; 141.67 connections/user sec, bytes read 0
17 connections in 11 real seconds, 0 bytes read per connection
Execution 38
s_time: verify depth is 1
16 connections in 0.11s; 145.45 connections/user sec, bytes read 0
16 connections in 14 real seconds, 0 bytes read per connection
Execution 39
s_time: verify depth is 1
16 connections in 0.11s; 145.45 connections/user sec, bytes read 0
16 connections in 11 real seconds, 0 bytes read per connection
Execution 40
s_time: verify depth is 1
17 connections in 0.13s; 130.77 connections/user sec, bytes read 0
17 connections in 11 real seconds, 0 bytes read per connection
Execution 41
s_time: verify depth is 1
16 connections in 0.12s; 133.33 connections/user sec, bytes read 0
16 connections in 14 real seconds, 0 bytes read per connection
Execution 42
s_time: verify depth is 1
17 connections in 0.12s; 141.67 connections/user sec, bytes read 0
17 connections in 11 real seconds, 0 bytes read per connection
Execution 43
s_time: verify depth is 1
17 connections in 0.13s; 130.77 connections/user sec, bytes read 0
17 connections in 11 real seconds, 0 bytes read per connection
Execution 44
s_time: verify depth is 1
16 connections in 0.10s; 160.00 connections/user sec, bytes read 0
16 connections in 14 real seconds, 0 bytes read per connection
Execution 45
s_time: verify depth is 1
18 connections in 0.12s; 150.00 connections/user sec, bytes read 0
18 connections in 11 real seconds, 0 bytes read per connection
Execution 46
s_time: verify depth is 1
16 connections in 0.12s; 133.33 connections/user sec, bytes read 0
16 connections in 11 real seconds, 0 bytes read per connection
Execution 47
s_time: verify depth is 1
16 connections in 0.12s; 133.33 connections/user sec, bytes read 0
16 connections in 14 real seconds, 0 bytes read per connection
Execution 48
s_time: verify depth is 1
17 connections in 0.12s; 141.67 connections/user sec, bytes read 0
17 connections in 11 real seconds, 0 bytes read per connection
Execution 49
s_time: verify depth is 1
17 connections in 0.12s; 141.67 connections/user sec, bytes read 0
17 connections in 11 real seconds, 0 bytes read per connection
Execution 50
s_time: verify depth is 1
15 connections in 0.11s; 136.36 connections/user sec, bytes read 0
15 connections in 14 real seconds, 0 bytes read per connection
tc
Mostrando el estado de qdisc para la interfaz: lo
qdisc netem 80e1: root refcnt 2 limit 1000 delay 50.0ms
 Sent 0 bytes 0 pkt (dropped 0, overlimits 0 requeues 0) 
 backlog 0b 0p requeues 0
-----
-----
Certificate request self-signature ok
subject=CN=localhost
Running /opt/oqssa/bin/perftestServer.sh with SIG_ALG=sphincssha2192ssimple and KEM_ALG=mlkem768

Using default temp DH parameters
ACCEPT
Execution 1
s_time: verify depth is 1
17 connections in 0.06s; 283.33 connections/user sec, bytes read 0
17 connections in 11 real seconds, 0 bytes read per connection
Execution 2
s_time: verify depth is 1
17 connections in 0.06s; 283.33 connections/user sec, bytes read 0
17 connections in 11 real seconds, 0 bytes read per connection
Execution 3
s_time: verify depth is 1
11 connections in 0.03s; 366.67 connections/user sec, bytes read 0
11 connections in 11 real seconds, 0 bytes read per connection
Execution 4
s_time: verify depth is 1
18 connections in 0.06s; 300.00 connections/user sec, bytes read 0
18 connections in 11 real seconds, 0 bytes read per connection
Execution 5
s_time: verify depth is 1
17 connections in 0.05s; 340.00 connections/user sec, bytes read 0
17 connections in 11 real seconds, 0 bytes read per connection
Execution 6
s_time: verify depth is 1
16 connections in 0.05s; 320.00 connections/user sec, bytes read 0
16 connections in 13 real seconds, 0 bytes read per connection
Execution 7
s_time: verify depth is 1
16 connections in 0.05s; 320.00 connections/user sec, bytes read 0
16 connections in 11 real seconds, 0 bytes read per connection
Execution 8
s_time: verify depth is 1
17 connections in 0.05s; 340.00 connections/user sec, bytes read 0
17 connections in 11 real seconds, 0 bytes read per connection
Execution 9
s_time: verify depth is 1
17 connections in 0.05s; 340.00 connections/user sec, bytes read 0
17 connections in 14 real seconds, 0 bytes read per connection
Execution 10
s_time: verify depth is 1
17 connections in 0.05s; 340.00 connections/user sec, bytes read 0
17 connections in 11 real seconds, 0 bytes read per connection
Execution 11
s_time: verify depth is 1
17 connections in 0.06s; 283.33 connections/user sec, bytes read 0
17 connections in 11 real seconds, 0 bytes read per connection
Execution 12
s_time: verify depth is 1
16 connections in 0.05s; 320.00 connections/user sec, bytes read 0
16 connections in 14 real seconds, 0 bytes read per connection
Execution 13
s_time: verify depth is 1
17 connections in 0.06s; 283.33 connections/user sec, bytes read 0
17 connections in 11 real seconds, 0 bytes read per connection
Execution 14
s_time: verify depth is 1
17 connections in 0.06s; 283.33 connections/user sec, bytes read 0
17 connections in 11 real seconds, 0 bytes read per connection
Execution 15
s_time: verify depth is 1
16 connections in 0.05s; 320.00 connections/user sec, bytes read 0
16 connections in 14 real seconds, 0 bytes read per connection
Execution 16
s_time: verify depth is 1
18 connections in 0.05s; 360.00 connections/user sec, bytes read 0
18 connections in 11 real seconds, 0 bytes read per connection
Execution 17
s_time: verify depth is 1
17 connections in 0.06s; 283.33 connections/user sec, bytes read 0
17 connections in 11 real seconds, 0 bytes read per connection
Execution 18
s_time: verify depth is 1
16 connections in 0.05s; 320.00 connections/user sec, bytes read 0
16 connections in 14 real seconds, 0 bytes read per connection
Execution 19
s_time: verify depth is 1
18 connections in 0.07s; 257.14 connections/user sec, bytes read 0
18 connections in 11 real seconds, 0 bytes read per connection
Execution 20
s_time: verify depth is 1
17 connections in 0.05s; 340.00 connections/user sec, bytes read 0
17 connections in 11 real seconds, 0 bytes read per connection
Execution 21
s_time: verify depth is 1
16 connections in 0.05s; 320.00 connections/user sec, bytes read 0
16 connections in 13 real seconds, 0 bytes read per connection
Execution 22
s_time: verify depth is 1
16 connections in 0.05s; 320.00 connections/user sec, bytes read 0
16 connections in 11 real seconds, 0 bytes read per connection
Execution 23
s_time: verify depth is 1
17 connections in 0.06s; 283.33 connections/user sec, bytes read 0
17 connections in 11 real seconds, 0 bytes read per connection
Execution 24
s_time: verify depth is 1
17 connections in 0.06s; 283.33 connections/user sec, bytes read 0
17 connections in 14 real seconds, 0 bytes read per connection
Execution 25
s_time: verify depth is 1
16 connections in 0.05s; 320.00 connections/user sec, bytes read 0
16 connections in 11 real seconds, 0 bytes read per connection
Execution 26
s_time: verify depth is 1
17 connections in 0.05s; 340.00 connections/user sec, bytes read 0
17 connections in 11 real seconds, 0 bytes read per connection
Execution 27
s_time: verify depth is 1
16 connections in 0.06s; 266.67 connections/user sec, bytes read 0
16 connections in 14 real seconds, 0 bytes read per connection
Execution 28
s_time: verify depth is 1
17 connections in 0.06s; 283.33 connections/user sec, bytes read 0
17 connections in 11 real seconds, 0 bytes read per connection
Execution 29
s_time: verify depth is 1
18 connections in 0.06s; 300.00 connections/user sec, bytes read 0
18 connections in 11 real seconds, 0 bytes read per connection
Execution 30
s_time: verify depth is 1
16 connections in 0.05s; 320.00 connections/user sec, bytes read 0
16 connections in 14 real seconds, 0 bytes read per connection
Execution 31
s_time: verify depth is 1
18 connections in 0.06s; 300.00 connections/user sec, bytes read 0
18 connections in 11 real seconds, 0 bytes read per connection
Execution 32
s_time: verify depth is 1
17 connections in 0.06s; 283.33 connections/user sec, bytes read 0
17 connections in 11 real seconds, 0 bytes read per connection
Execution 33
s_time: verify depth is 1
17 connections in 0.05s; 340.00 connections/user sec, bytes read 0
17 connections in 14 real seconds, 0 bytes read per connection
Execution 34
s_time: verify depth is 1
18 connections in 0.06s; 300.00 connections/user sec, bytes read 0
18 connections in 11 real seconds, 0 bytes read per connection
Execution 35
s_time: verify depth is 1
17 connections in 0.05s; 340.00 connections/user sec, bytes read 0
17 connections in 11 real seconds, 0 bytes read per connection
Execution 36
s_time: verify depth is 1
17 connections in 0.05s; 340.00 connections/user sec, bytes read 0
17 connections in 14 real seconds, 0 bytes read per connection
Execution 37
s_time: verify depth is 1
17 connections in 0.06s; 283.33 connections/user sec, bytes read 0
17 connections in 11 real seconds, 0 bytes read per connection
Execution 38
s_time: verify depth is 1
17 connections in 0.05s; 340.00 connections/user sec, bytes read 0
17 connections in 11 real seconds, 0 bytes read per connection
Execution 39
s_time: verify depth is 1
16 connections in 0.04s; 400.00 connections/user sec, bytes read 0
16 connections in 13 real seconds, 0 bytes read per connection
Execution 40
s_time: verify depth is 1
16 connections in 0.05s; 320.00 connections/user sec, bytes read 0
16 connections in 11 real seconds, 0 bytes read per connection
Execution 41
s_time: verify depth is 1
18 connections in 0.06s; 300.00 connections/user sec, bytes read 0
18 connections in 11 real seconds, 0 bytes read per connection
Execution 42
s_time: verify depth is 1
17 connections in 0.06s; 283.33 connections/user sec, bytes read 0
17 connections in 14 real seconds, 0 bytes read per connection
Execution 43
s_time: verify depth is 1
17 connections in 0.05s; 340.00 connections/user sec, bytes read 0
17 connections in 11 real seconds, 0 bytes read per connection
Execution 44
s_time: verify depth is 1
16 connections in 0.06s; 266.67 connections/user sec, bytes read 0
16 connections in 11 real seconds, 0 bytes read per connection
Execution 45
s_time: verify depth is 1
17 connections in 0.05s; 340.00 connections/user sec, bytes read 0
17 connections in 14 real seconds, 0 bytes read per connection
Execution 46
s_time: verify depth is 1
17 connections in 0.05s; 340.00 connections/user sec, bytes read 0
17 connections in 11 real seconds, 0 bytes read per connection
Execution 47
s_time: verify depth is 1
17 connections in 0.05s; 340.00 connections/user sec, bytes read 0
17 connections in 11 real seconds, 0 bytes read per connection
Execution 48
s_time: verify depth is 1
17 connections in 0.05s; 340.00 connections/user sec, bytes read 0
17 connections in 14 real seconds, 0 bytes read per connection
Execution 49
s_time: verify depth is 1
17 connections in 0.05s; 340.00 connections/user sec, bytes read 0
17 connections in 11 real seconds, 0 bytes read per connection
Execution 50
s_time: verify depth is 1
17 connections in 0.06s; 283.33 connections/user sec, bytes read 0
17 connections in 11 real seconds, 0 bytes read per connection
