-----
-----
Certificate request self-signature ok
subject=CN=localhost
Running /opt/oqssa/bin/perftestHandshakeServer.sh with SIG_ALG=ed25519 and KEM_ALG=P-256

Using default temp DH parameters
ACCEPT
Connecting to ::1
SSL_connect:before SSL initialization
SSL_connect:SSLv3/TLS write client hello
CONNECTED(00000003)
SSL_connect:SSLv3/TLS write client hello
SSL_connect:SSLv3/TLS read server hello
SSL_connect:TLSv1.3 read encrypted extensions
depth=1 CN=oqstest CA
verify return:1
depth=0 CN=localhost
verify return:1
SSL_connect:SSLv3/TLS read server certificate
SSL_connect:TLSv1.3 read server certificate verify
SSL_connect:SSLv3/TLS read finished
SSL_connect:SSLv3/TLS write change cipher spec
SSL_connect:SSLv3/TLS write finished
SSL_connect:SSL negotiation finished successfully
SSL_connect:SSL negotiation finished successfully
SSL_connect:SSLv3/TLS read server session ticket
SSL_connect:SSL negotiation finished successfully
SSL_connect:SSL negotiation finished successfully
SSL_connect:SSLv3/TLS read server session ticket
DONE
SSL3 alert write:warning:close notify
---
Certificate chain
 0 s:CN=localhost
   i:CN=oqstest CA
   a:PKEY: ED25519, 256 (bit); sigalg: ED25519
   v:NotBefore: Jan 23 19:59:41 2025 GMT; NotAfter: Jan 23 19:59:41 2026 GMT
-----BEGIN CERTIFICATE-----
MIIBLDCB36ADAgECAhQXnLvVQsOJMlNYN0U0tWlyTUphYzAFBgMrZXAwFTETMBEG
A1UEAwwKb3FzdGVzdCBDQTAeFw0yNTAxMjMxOTU5NDFaFw0yNjAxMjMxOTU5NDFa
MBQxEjAQBgNVBAMMCWxvY2FsaG9zdDAqMAUGAytlcAMhAA9lZS1C5UX7lhrmFMBN
UQrI8n7+A40oxu/Hkxjrwnwbo0IwQDAdBgNVHQ4EFgQU/Cu3BozQkwxL2wECV8WK
xfXiVyAwHwYDVR0jBBgwFoAUTI2HC8hOGVuyr/vL59X+bTKYPPswBQYDK2VwA0EA
a5vHF/MUn815Lr409CWHk0zm9I5n1yowIRxJXZPlwYSJ+oB3bVaMdkNIea396U85
JbhhYueHhxYl5d7uYoLbDg==
-----END CERTIFICATE-----
---
Server certificate
subject=CN=localhost
issuer=CN=oqstest CA
---
No client certificate CA names sent
Peer signature type: Ed25519
Server Temp Key: ECDH, prime256v1, 256 bits
---
SSL handshake has read 701 bytes and written 590 bytes
Verification: OK
---
New, TLSv1.3, Cipher is TLS_AES_256_GCM_SHA384
Server public key is 256 bit
This TLS version forbids renegotiation.
Compression: NONE
Expansion: NONE
No ALPN negotiated
Early data was not sent
Verify return code: 0 (ok)
---
---
Post-Handshake New Session Ticket arrived:
SSL-Session:
    Protocol  : TLSv1.3
    Cipher    : TLS_AES_256_GCM_SHA384
    Session-ID: 09E43C8C00F2FCB9CA4B9DB9A373587958684CE363C2DE099CF28D1ABF02508F
    Session-ID-ctx: 
    Resumption PSK: EDC2745373DC20795525A3DCC6BF4610059A9877201B608168EB09DC2E1DCBDE2CAC3FD0AD940EFE1374D50BBC9DF960
    PSK identity: None
    PSK identity hint: None
    SRP username: None
    TLS session ticket lifetime hint: 7200 (seconds)
    TLS session ticket:
    0000 - 6e 01 e9 49 3b e1 a7 79-f3 1a ad 19 29 6d bc 5e   n..I;..y....)m.^
    0010 - f5 ad 0e 7d c6 d1 f6 3a-68 f2 4a c0 e2 a3 67 b6   ...}...:h.J...g.
    0020 - 17 36 d9 40 b2 7e 1a 1e-26 06 12 fd 12 ff e7 81   .6.@.~..&.......
    0030 - 05 f9 9f 0f 5e 68 8a fe-3a cd 8f b5 54 2f 47 af   ....^h..:...T/G.
    0040 - d9 7e aa d7 71 ec fa 95-61 15 9d 67 ed 15 59 a2   .~..q...a..g..Y.
    0050 - 51 08 3a 8d 1a 6f 99 66-ed f1 79 51 8b bd 34 fd   Q.:..o.f..yQ..4.
    0060 - ac 70 d4 18 af 1b 11 fc-b8 e2 23 b2 2b 3e a0 99   .p........#.+>..
    0070 - 66 c9 a7 da 89 21 4d 94-37 56 a6 51 fc 11 0b 59   f....!M.7V.Q...Y
    0080 - 01 4d c7 84 c5 4e 25 96-49 ea 66 5e d7 e1 78 d4   .M...N%.I.f^..x.
    0090 - 50 7e 73 10 42 47 4a dd-2a 61 00 6a 8e a8 42 0b   P~s.BGJ.*a.j..B.
    00a0 - d4 89 a2 54 8c ea 5f fb-f1 a2 fc ca de 4d 31 42   ...T.._......M1B
    00b0 - 95 50 33 0b e0 a6 29 df-fd c4 9e b4 9c 3b 03 98   .P3...)......;..
    00c0 - 49 22 65 50 fc ed 94 e7-dc ea 90 55 64 94 4c 3c   I"eP.......Ud.L<

    Start Time: 1737662382
    Timeout   : 7200 (sec)
    Verify return code: 0 (ok)
    Extended master secret: no
    Max Early Data: 0
---
read R BLOCK
---
Post-Handshake New Session Ticket arrived:
SSL-Session:
    Protocol  : TLSv1.3
    Cipher    : TLS_AES_256_GCM_SHA384
    Session-ID: 9FA0D451F1088C39E3E49952AC354446C0D97D329D29FA6A370EAC9ED863F864
    Session-ID-ctx: 
    Resumption PSK: 88894353F255FA63874BB86150C78D536217BBB82BB081762D1068F67505EF33AB7E5653C2F20575CF380FF728C256C1
    PSK identity: None
    PSK identity hint: None
    SRP username: None
    TLS session ticket lifetime hint: 7200 (seconds)
    TLS session ticket:
    0000 - 6e 01 e9 49 3b e1 a7 79-f3 1a ad 19 29 6d bc 5e   n..I;..y....)m.^
    0010 - 7c 25 78 ac b2 9f fc ac-f2 50 51 3a d9 40 f1 e1   |%x......PQ:.@..
    0020 - ee 4f 6d 34 fb 0f ea 0c-f4 db c6 78 72 c6 9f 6a   .Om4.......xr..j
    0030 - 4a 25 33 c7 47 76 f5 e5-06 4d 10 1c 1d cc 7a ac   J%3.Gv...M....z.
    0040 - 56 d1 84 b1 b2 74 6f 7b-7c f8 1f b9 cf b5 9d 9a   V....to{|.......
    0050 - a0 9d e8 11 0c 62 56 2d-f7 17 16 f6 58 7c d4 af   .....bV-....X|..
    0060 - e6 bc 91 4b ac 7c 2c 42-d9 0d 09 32 ec 52 62 3e   ...K.|,B...2.Rb>
    0070 - 81 49 09 40 44 ea 85 ea-a0 c0 fa 4b 52 01 84 25   .I.@D......KR..%
    0080 - b9 3b 2a 31 4b df a6 2b-9e 74 5c 63 fb 75 22 02   .;*1K..+.t\c.u".
    0090 - f1 94 d2 1a 22 9e f8 50-9b 53 5a 22 a3 e3 d3 d8   ...."..P.SZ"....
    00a0 - 71 8d c3 b0 1a 3a 61 34-51 4b 55 98 3c c6 33 86   q....:a4QKU.<.3.
    00b0 - ae 83 85 4f b5 93 f5 9c-fd 42 5d b1 a0 b6 ba 9b   ...O.....B].....
    00c0 - 0b 12 e7 77 10 6f 20 b9-07 7d 24 e6 0a eb 4d e3   ...w.o ..}$...M.

    Start Time: 1737662382
    Timeout   : 7200 (sec)
    Verify return code: 0 (ok)
    Extended master secret: no
    Max Early Data: 0
---
read R BLOCK
-----
-----
Certificate request self-signature ok
subject=CN=localhost
Running /opt/oqssa/bin/perftestHandshakeServer.sh with SIG_ALG=ed25519 and KEM_ALG=x25519

Using default temp DH parameters
ACCEPT
Connecting to ::1
SSL_connect:before SSL initialization
CONNECTED(00000003)
SSL_connect:SSLv3/TLS write client hello
SSL_connect:SSLv3/TLS write client hello
SSL_connect:SSLv3/TLS read server hello
SSL_connect:TLSv1.3 read encrypted extensions
depth=1 CN=oqstest CA
verify return:1
depth=0 CN=localhost
verify return:1
SSL_connect:SSLv3/TLS read server certificate
SSL_connect:TLSv1.3 read server certificate verify
SSL_connect:SSLv3/TLS read finished
SSL_connect:SSLv3/TLS write change cipher spec
SSL_connect:SSLv3/TLS write finished
DONE
SSL3 alert write:warning:close notify
---
Certificate chain
 0 s:CN=localhost
   i:CN=oqstest CA
   a:PKEY: ED25519, 256 (bit); sigalg: ED25519
   v:NotBefore: Jan 23 19:59:43 2025 GMT; NotAfter: Jan 23 19:59:43 2026 GMT
-----BEGIN CERTIFICATE-----
MIIBLDCB36ADAgECAhQ+xHfIeEB3/6qOkuI581bZw0kGfzAFBgMrZXAwFTETMBEG
A1UEAwwKb3FzdGVzdCBDQTAeFw0yNTAxMjMxOTU5NDNaFw0yNjAxMjMxOTU5NDNa
MBQxEjAQBgNVBAMMCWxvY2FsaG9zdDAqMAUGAytlcAMhAPeY/mYjZ6kJVGHq5g/X
Hc8J1TUlHJ3/YwbkGaDnsZFRo0IwQDAdBgNVHQ4EFgQUY+D7YNw4maqqvNdrDhNO
mgU8wcwwHwYDVR0jBBgwFoAUjULkOY+uG5WZoHKvuzJ4Ru/muewwBQYDK2VwA0EA
R6nWb0v4eb9crtvG+SrwLB1HoUGQcjkoUbaPsPoDhoXqEF9A/vmXvGwf+JwJ+mnx
wSgL7XF6c/TixafLDmV0AQ==
-----END CERTIFICATE-----
---
Server certificate
subject=CN=localhost
issuer=CN=oqstest CA
---
No client certificate CA names sent
Peer signature type: Ed25519
Server Temp Key: X25519, 253 bits
---
SSL handshake has read 668 bytes and written 557 bytes
Verification: OK
---
New, TLSv1.3, Cipher is TLS_AES_256_GCM_SHA384
Server public key is 256 bit
This TLS version forbids renegotiation.
Compression: NONE
Expansion: NONE
No ALPN negotiated
Early data was not sent
Verify return code: 0 (ok)
---
-----
-----
Certificate request self-signature ok
subject=CN=localhost
Running /opt/oqssa/bin/perftestHandshakeServer.sh with SIG_ALG=ed25519 and KEM_ALG=p256_mlkem512

Using default temp DH parameters
ACCEPT
Connecting to ::1
SSL_connect:before SSL initialization
CONNECTED(00000003)
SSL_connect:SSLv3/TLS write client hello
SSL_connect:SSLv3/TLS write client hello
SSL_connect:SSLv3/TLS read server hello
SSL_connect:TLSv1.3 read encrypted extensions
depth=1 CN=oqstest CA
verify return:1
depth=0 CN=localhost
verify return:1
SSL_connect:SSLv3/TLS read server certificate
SSL_connect:TLSv1.3 read server certificate verify
SSL_connect:SSLv3/TLS read finished
SSL_connect:SSLv3/TLS write change cipher spec
SSL_connect:SSLv3/TLS write finished
---
Certificate chain
 0 s:CN=localhost
   i:CN=oqstest CA
   a:PKEY: ED25519, 256 (bit); sigalg: ED25519
   v:NotBefore: Jan 23 19:59:46 2025 GMT; NotAfter: Jan 23 19:59:46 2026 GMT
-----BEGIN CERTIFICATE-----
MIIBLDCB36ADAgECAhQXLMc0Xr3wXiBfZDUy0rzd661JrDAFBgMrZXAwFTETMBEG
A1UEAwwKb3FzdGVzdCBDQTAeFw0yNTAxMjMxOTU5NDZaFw0yNjAxMjMxOTU5NDZa
MBQxEjAQBgNVBAMMCWxvY2FsaG9zdDAqMAUGAytlcAMhAJmwvS+vQnbuaNWzM79Z
u36el8gIfelrTQgiTp/fLvMVo0IwQDAdBgNVHQ4EFgQUv8qmIntQTGLLAVemGbz4
E8+1TSswHwYDVR0jBBgwFoAUjqFg0RM7V0QMCQPo8NlfyC+XkaIwBQYDK2VwA0EA
B6+4BU4Nw2Apv0fCWWi0UXGy3Bl7qd4HTz7IFo+y+JhXymP9FIxlrw5Up91RC7a1
BoNsTepXzIXHQijC2WglBQ==
-----END CERTIFICATE-----
---
Server certificate
subject=CN=localhost
issuer=CN=oqstest CA
---
No client certificate CA names sent
Peer signature type: Ed25519
---
SSL handshake has read 1469 bytes and written 1382 bytes
Verification: OK
---
New, TLSv1.3, Cipher is TLS_AES_256_GCM_SHA384
Server public key is 256 bit
This TLS version forbids renegotiation.
Compression: NONE
Expansion: NONE
No ALPN negotiated
Early data was not sent
Verify return code: 0 (ok)
---
DONE
SSL3 alert write:warning:close notify
-----
-----
Certificate request self-signature ok
subject=CN=localhost
Running /opt/oqssa/bin/perftestHandshakeServer.sh with SIG_ALG=ed25519 and KEM_ALG=x25519_mlkem512

Using default temp DH parameters
ACCEPT
Connecting to ::1
SSL_connect:before SSL initialization
CONNECTED(00000003)
SSL_connect:SSLv3/TLS write client hello
SSL_connect:SSLv3/TLS write client hello
SSL_connect:SSLv3/TLS read server hello
SSL_connect:TLSv1.3 read encrypted extensions
depth=1 CN=oqstest CA
verify return:1
depth=0 CN=localhost
verify return:1
SSL_connect:SSLv3/TLS read server certificate
SSL_connect:TLSv1.3 read server certificate verify
SSL_connect:SSLv3/TLS read finished
SSL_connect:SSLv3/TLS write change cipher spec
SSL_connect:SSLv3/TLS write finished
DONE
SSL3 alert write:warning:close notify
---
Certificate chain
 0 s:CN=localhost
   i:CN=oqstest CA
   a:PKEY: ED25519, 256 (bit); sigalg: ED25519
   v:NotBefore: Jan 23 19:59:48 2025 GMT; NotAfter: Jan 23 19:59:48 2026 GMT
-----BEGIN CERTIFICATE-----
MIIBLDCB36ADAgECAhRqUnHoEbegszka0++53G9GlvNDqjAFBgMrZXAwFTETMBEG
A1UEAwwKb3FzdGVzdCBDQTAeFw0yNTAxMjMxOTU5NDhaFw0yNjAxMjMxOTU5NDha
MBQxEjAQBgNVBAMMCWxvY2FsaG9zdDAqMAUGAytlcAMhALRkf4QhOKiT8bjJYaGy
DbuYYWBefQqSrFhKaKtP0pNRo0IwQDAdBgNVHQ4EFgQUMcAF4Ma/RV0FSwRUFXXV
BShMc2swHwYDVR0jBBgwFoAUK1rxTRvRoiDrYzY0z9mhHPyZDsIwBQYDK2VwA0EA
lO4e0YuCecywZ1o+BBE/9a66xBT/kWDCyFw8ibv4th8JIBfhK0hj0NnosIDeqVjH
iEc0qhywYSrboXGAkyrxAQ==
-----END CERTIFICATE-----
---
Server certificate
subject=CN=localhost
issuer=CN=oqstest CA
---
No client certificate CA names sent
Peer signature type: Ed25519
---
SSL handshake has read 1436 bytes and written 1349 bytes
Verification: OK
---
New, TLSv1.3, Cipher is TLS_AES_256_GCM_SHA384
Server public key is 256 bit
This TLS version forbids renegotiation.
Compression: NONE
Expansion: NONE
No ALPN negotiated
Early data was not sent
Verify return code: 0 (ok)
---
-----
-----
Certificate request self-signature ok
subject=CN=localhost
Running /opt/oqssa/bin/perftestHandshakeServer.sh with SIG_ALG=ed25519 and KEM_ALG=mlkem512

Using default temp DH parameters
ACCEPT
CONNECTED(00000003)
Connecting to ::1
SSL_connect:before SSL initialization
SSL_connect:SSLv3/TLS write client hello
SSL_connect:SSLv3/TLS write client hello
SSL_connect:SSLv3/TLS read server hello
SSL_connect:TLSv1.3 read encrypted extensions
depth=1 CN=oqstest CA
verify return:1
depth=0 CN=localhost
verify return:1
SSL_connect:SSLv3/TLS read server certificate
SSL_connect:TLSv1.3 read server certificate verify
SSL_connect:SSLv3/TLS read finished
SSL_connect:SSLv3/TLS write change cipher spec
---
Certificate chain
 0 s:CN=localhost
   i:CN=oqstest CA
   a:PKEY: ED25519, 256 (bit); sigalg: ED25519
   v:NotBefore: Jan 23 19:59:50 2025 GMT; NotAfter: Jan 23 19:59:50 2026 GMT
-----BEGIN CERTIFICATE-----
MIIBLDCB36ADAgECAhQFXryIYCj0LMP+d9tz+D+Yk7epmTAFBgMrZXAwFTETMBEG
A1UEAwwKb3FzdGVzdCBDQTAeFw0yNTAxMjMxOTU5NTBaFw0yNjAxMjMxOTU5NTBa
MBQxEjAQBgNVBAMMCWxvY2FsaG9zdDAqMAUGAytlcAMhABsUpFrkKcJ18C5/FyaF
DQc8ynfiEvffp9wstfwQ/XF6o0IwQDAdBgNVHQ4EFgQUd9rEpJOZ7SfU9GFPSi/a
LExkSrMwHwYDVR0jBBgwFoAUxrMH5l+Z9NIXy7BCZtgn5WdXkYAwBQYDK2VwA0EA
1N5yFlucg6ltV7rL/t9DUjkqQ9H7yR8M4pqmc/k72W/GWPmDyrZHQWWxel0gEIMd
uQSMg26KMvjyM5YbwiYoCg==
-----END CERTIFICATE-----
---
Server certificate
subject=CN=localhost
issuer=CN=oqstest CA
---
No client certificate CA names sent
Peer signature type: Ed25519
---
SSL handshake has read 1404 bytes and written 1317 bytes
Verification: OK
---
New, TLSv1.3, Cipher is TLS_AES_256_GCM_SHA384
Server public key is 256 bit
This TLS version forbids renegotiation.
Compression: NONE
Expansion: NONE
No ALPN negotiated
Early data was not sent
Verify return code: 0 (ok)
---
SSL_connect:SSLv3/TLS write finished
DONE
SSL3 alert write:warning:close notify
