Certificate request self-signature ok
subject=CN=localhost
Running /opt/oqssa/bin/perftestHandshakeServerECDSA.sh with SIG_ALG=secp521r1 and KEM_ALG=P-521
verify depth is 1
Using default temp DH parameters
ACCEPT
CONNECTED(00000003)
Connecting to ::1
SSL_connect:before SSL initialization
SSL_connect:SSLv3/TLS write client hello
SSL_connect:SSLv3/TLS write client hello
SSL_connect:SSLv3/TLS read server hello
SSL_connect:TLSv1.3 read encrypted extensions
SSL_connect:SSLv3/TLS read server certificate request
depth=1 CN=oqstest CA
verify return:1
depth=0 CN=localhost
verify return:1
SSL_connect:SSLv3/TLS read server certificate
SSL_connect:TLSv1.3 read server certificate verify
SSL_connect:SSLv3/TLS read finished
SSL_connect:SSLv3/TLS write change cipher spec
---
Certificate chain
 0 s:CN=localhost
   i:CN=oqstest CA
   a:PKEY: id-ecPublicKey, 521 (bit); sigalg: ecdsa-with-SHA256
   v:NotBefore: Jan 23 20:00:03 2025 GMT; NotAfter: Jan 23 20:00:03 2026 GMT
-----BEGIN CERTIFICATE-----
MIIB9TCCAVagAwIBAgIUJtp+uVRkUngshZRTxoejPKg933swCgYIKoZIzj0EAwIw
FTETMBEGA1UEAwwKb3FzdGVzdCBDQTAeFw0yNTAxMjMyMDAwMDNaFw0yNjAxMjMy
MDAwMDNaMBQxEjAQBgNVBAMMCWxvY2FsaG9zdDCBmzAQBgcqhkjOPQIBBgUrgQQA
IwOBhgAEAd6XKW2ChmLtIfU7jLOdt5sMPm9V4ERliHGhgjWf0d1zjYob/InBCwhB
HULj/LDfBKU+TsslOIG8uvNnai9hcXx/AQ415aIIB8qmBXNWea5aZzfbwX8G6d9m
bVcZn3BpXy8vhy1eJwUqeVoSzeNtStrAmvntHUkc4DbK8Kv96mZ2E/URo0IwQDAd
BgNVHQ4EFgQUIvMerx5nN+C8Z94+nMik+oJ1AIkwHwYDVR0jBBgwFoAU02ENrohI
++jxyCAYA4vmaIeDFu8wCgYIKoZIzj0EAwIDgYwAMIGIAkIB250ihHAHF4PXtcS8
R4vgC/1VaILU+h9SJhb9ut+snBWJ45M22WsOdF0M+PrkOk5DEDqM0Z8HuxvAal5W
2YTxRs0CQgGRZKyCoLn0LN3Z/EXuSIvWjXc4qfT4JowCDj94tdMrMeSHoFuGNQ0Q
OLDhZJPqZVXN5fcleLuN2qKp04CLM6roLQ==
-----END CERTIFICATE-----
---
Server certificate
subject=CN=localhost
issuer=CN=oqstest CA
---
No client certificate CA names sent
Requested Signature Algorithms: ECDSA+SHA256:ECDSA+SHA384:ECDSA+SHA512:Ed25519:Ed448:ECDSA+SHA256:ECDSA+SHA384:ECDSA+SHA512:RSA-PSS+SHA256:RSA-PSS+SHA384:RSA-PSS+SHA512:RSA-PSS+SHA256:RSA-PSS+SHA384:RSA-PSS+SHA512:RSA+SHA256:RSA+SHA384:RSA+SHA512:ECDSA+SHA224:RSA+SHA224:dilithium2:p256_dilithium2:rsa3072_dilithium2:dilithium3:p384_dilithium3:dilithium5:p521_dilithium5:mldsa44:p256_mldsa44:rsa3072_mldsa44:mldsa44_pss2048:mldsa44_rsa2048:mldsa44_ed25519:mldsa44_p256:mldsa44_bp256:mldsa65:p384_mldsa65:mldsa65_pss3072:mldsa65_rsa3072:mldsa65_p256:mldsa65_bp256:mldsa65_ed25519:mldsa87:p521_mldsa87:mldsa87_p384:mldsa87_bp384:mldsa87_ed448:falcon512:p256_falcon512:rsa3072_falcon512:falconpadded512:p256_falconpadded512:rsa3072_falconpadded512:falcon1024:p521_falcon1024:falconpadded1024:p521_falconpadded1024:sphincssha2128fsimple:p256_sphincssha2128fsimple:rsa3072_sphincssha2128fsimple:sphincssha2128ssimple:p256_sphincssha2128ssimple:rsa3072_sphincssha2128ssimple:sphincssha2192fsimple:p384_sphincssha2192fsimple:sphincssha2192ssimple:p384_sphincssha2192ssimple:sphincssha2256fsimple:p521_sphincssha2256fsimple:sphincssha2256ssimple:p521_sphincssha2256ssimple:sphincsshake128fsimple:p256_sphincsshake128fsimple:rsa3072_sphincsshake128fsimple:sphincsshake128ssimple:p256_sphincsshake128ssimple:rsa3072_sphincsshake128ssimple:sphincsshake192fsimple:p384_sphincsshake192fsimple:sphincsshake192ssimple:p384_sphincsshake192ssimple:sphincsshake256fsimple:p521_sphincsshake256fsimple:sphincsshake256ssimple:p521_sphincsshake256ssimple:mayo1:p256_mayo1:mayo2:p256_mayo2:mayo3:p384_mayo3:mayo5:p521_mayo5:CROSSrsdp128balanced:CROSSrsdp128fast:CROSSrsdp128small:CROSSrsdp192balanced:CROSSrsdp192fast:CROSSrsdp192small:CROSSrsdp256small:CROSSrsdpg128balanced:CROSSrsdpg128fast:CROSSrsdpg128small:CROSSrsdpg192balanced:CROSSrsdpg192fast:CROSSrsdpg192small:CROSSrsdpg256balanced:CROSSrsdpg256fast:CROSSrsdpg256small
Shared Requested Signature Algorithms: ECDSA+SHA256:ECDSA+SHA384:ECDSA+SHA512:Ed25519:Ed448:ECDSA+SHA256:ECDSA+SHA384:ECDSA+SHA512:RSA-PSS+SHA256:RSA-PSS+SHA384:RSA-PSS+SHA512:RSA-PSS+SHA256:RSA-PSS+SHA384:RSA-PSS+SHA512:RSA+SHA256:RSA+SHA384:RSA+SHA512:dilithium2:p256_dilithium2:rsa3072_dilithium2:dilithium3:p384_dilithium3:dilithium5:p521_dilithium5:mldsa44:p256_mldsa44:rsa3072_mldsa44:mldsa44_pss2048:mldsa44_rsa2048:mldsa44_ed25519:mldsa44_p256:mldsa44_bp256:mldsa65:p384_mldsa65:mldsa65_pss3072:mldsa65_rsa3072:mldsa65_p256:mldsa65_bp256:mldsa65_ed25519:mldsa87:p521_mldsa87:mldsa87_p384:mldsa87_bp384:mldsa87_ed448:falcon512:p256_falcon512:rsa3072_falcon512:falconpadded512:p256_falconpadded512:rsa3072_falconpadded512:falcon1024:p521_falcon1024:falconpadded1024:p521_falconpadded1024:sphincssha2128fsimple:p256_sphincssha2128fsimple:rsa3072_sphincssha2128fsimple:sphincssha2128ssimple:p256_sphincssha2128ssimple:rsa3072_sphincssha2128ssimple:sphincssha2192fsimple:p384_sphincssha2192fsimple:sphincssha2192ssimple:p384_sphincssha2192ssimple:sphincssha2256fsimple:p521_sphincssha2256fsimple:sphincssha2256ssimple:p521_sphincssha2256ssimple:sphincsshake128fsimple:p256_sphincsshake128fsimple:rsa3072_sphincsshake128fsimple:sphincsshake128ssimple:p256_sphincsshake128ssimple:rsa3072_sphincsshake128ssimple:sphincsshake192fsimple:p384_sphincsshake192fsimple:sphincsshake192ssimple:p384_sphincsshake192ssimple:sphincsshake256fsimple:p521_sphincsshake256fsimple:sphincsshake256ssimple:p521_sphincsshake256ssimple:mayo1:p256_mayo1:mayo2:p256_mayo2:mayo3:p384_mayo3:mayo5:p521_mayo5:CROSSrsdp128balanced:CROSSrsdp128fast:CROSSrsdp128small:CROSSrsdp192balanced:CROSSrsdp192fast:CROSSrsdp192small:CROSSrsdp256small:CROSSrsdpg128balanced:CROSSrsdpg128fast:CROSSrsdpg128small:CROSSrsdpg192balanced:CROSSrsdpg192fast:CROSSrsdpg192small:CROSSrsdpg256balanced:CROSSrsdpg256fast:CROSSrsdpg256small
Peer signing digest: SHA512
Peer signature type: ECDSA
Server Temp Key: ECDH, secp521r1, 521 bits
---
SSL handshake has read 1296 bytes and written 688 bytes
Verification: OK
---
New, TLSv1.3, Cipher is TLS_AES_256_GCM_SHA384
Server public key is 521 bit
This TLS version forbids renegotiation.
Compression: NONE
Expansion: NONE
No ALPN negotiated
Early data was not sent
Verify return code: 0 (ok)
---
SSL_connect:SSLv3/TLS write client certificate
SSL_connect:SSLv3/TLS write finished
DONE
SSL3 alert write:warning:close notify
Certificate request self-signature ok
subject=CN=localhost
Running /opt/oqssa/bin/perftestHandshakeServerECDSA.sh with SIG_ALG=secp521r1 and KEM_ALG=p521_mlkem1024
verify depth is 1
Using default temp DH parameters
ACCEPT
Connecting to ::1
SSL_connect:before SSL initialization
CONNECTED(00000003)
SSL_connect:SSLv3/TLS write client hello
SSL_connect:SSLv3/TLS write client hello
SSL_connect:SSLv3/TLS read server hello
SSL_connect:TLSv1.3 read encrypted extensions
SSL_connect:SSLv3/TLS read server certificate request
depth=1 CN=oqstest CA
verify return:1
depth=0 CN=localhost
verify return:1
SSL_connect:SSLv3/TLS read server certificate
SSL_connect:TLSv1.3 read server certificate verify
SSL_connect:SSLv3/TLS read finished
SSL_connect:SSLv3/TLS write change cipher spec
SSL_connect:SSLv3/TLS write client certificate
SSL_connect:SSLv3/TLS write finished
DONE
SSL3 alert write:warning:close notify
---
Certificate chain
 0 s:CN=localhost
   i:CN=oqstest CA
   a:PKEY: id-ecPublicKey, 521 (bit); sigalg: ecdsa-with-SHA256
   v:NotBefore: Jan 23 20:00:05 2025 GMT; NotAfter: Jan 23 20:00:05 2026 GMT
-----BEGIN CERTIFICATE-----
MIIB9DCCAVagAwIBAgIUZQpi6lueNGEwsTuEeo9ApzwpQ40wCgYIKoZIzj0EAwIw
FTETMBEGA1UEAwwKb3FzdGVzdCBDQTAeFw0yNTAxMjMyMDAwMDVaFw0yNjAxMjMy
MDAwMDVaMBQxEjAQBgNVBAMMCWxvY2FsaG9zdDCBmzAQBgcqhkjOPQIBBgUrgQQA
IwOBhgAEAfHsdbOmso7jcMvgogeexiYh8UR9MpjJ1jA42RzaocQcrBXAkHvl6+3P
xvW1gSaBtiA25UJ0pgOBII4aFsdxwmB7AZddbyEczMk9h0i2f1Ih7XMSRLxNa/4U
v82nAJTjDl6s05YqGwus8LSsO4K5BdGfwvJH1lN7iwk76vmVtv9QG0V/o0IwQDAd
BgNVHQ4EFgQUz8A5AsKeuxvNZyycQymWG6KgCjEwHwYDVR0jBBgwFoAUygi+SWi8
gxME42B477yYnD5RcW8wCgYIKoZIzj0EAwIDgYsAMIGHAkFx9kME9ljPMEZwKkrR
s3jQRJSrk7qSaEObynADYonSmOr/oF9K2T44m+5ZqW6qAjTTcQhzup6KNICwI30F
ZicIpgJCAdQBo+jqrFdzMGfsvbu+i70aDDfaoz8lK6ceAYN0C1n4Qj4fxKZK5zeZ
bNB0ZVN5xOZSaW8W/viq75McO5MhaLHd
-----END CERTIFICATE-----
---
Server certificate
subject=CN=localhost
issuer=CN=oqstest CA
---
No client certificate CA names sent
Requested Signature Algorithms: ECDSA+SHA256:ECDSA+SHA384:ECDSA+SHA512:Ed25519:Ed448:ECDSA+SHA256:ECDSA+SHA384:ECDSA+SHA512:RSA-PSS+SHA256:RSA-PSS+SHA384:RSA-PSS+SHA512:RSA-PSS+SHA256:RSA-PSS+SHA384:RSA-PSS+SHA512:RSA+SHA256:RSA+SHA384:RSA+SHA512:ECDSA+SHA224:RSA+SHA224:dilithium2:p256_dilithium2:rsa3072_dilithium2:dilithium3:p384_dilithium3:dilithium5:p521_dilithium5:mldsa44:p256_mldsa44:rsa3072_mldsa44:mldsa44_pss2048:mldsa44_rsa2048:mldsa44_ed25519:mldsa44_p256:mldsa44_bp256:mldsa65:p384_mldsa65:mldsa65_pss3072:mldsa65_rsa3072:mldsa65_p256:mldsa65_bp256:mldsa65_ed25519:mldsa87:p521_mldsa87:mldsa87_p384:mldsa87_bp384:mldsa87_ed448:falcon512:p256_falcon512:rsa3072_falcon512:falconpadded512:p256_falconpadded512:rsa3072_falconpadded512:falcon1024:p521_falcon1024:falconpadded1024:p521_falconpadded1024:sphincssha2128fsimple:p256_sphincssha2128fsimple:rsa3072_sphincssha2128fsimple:sphincssha2128ssimple:p256_sphincssha2128ssimple:rsa3072_sphincssha2128ssimple:sphincssha2192fsimple:p384_sphincssha2192fsimple:sphincssha2192ssimple:p384_sphincssha2192ssimple:sphincssha2256fsimple:p521_sphincssha2256fsimple:sphincssha2256ssimple:p521_sphincssha2256ssimple:sphincsshake128fsimple:p256_sphincsshake128fsimple:rsa3072_sphincsshake128fsimple:sphincsshake128ssimple:p256_sphincsshake128ssimple:rsa3072_sphincsshake128ssimple:sphincsshake192fsimple:p384_sphincsshake192fsimple:sphincsshake192ssimple:p384_sphincsshake192ssimple:sphincsshake256fsimple:p521_sphincsshake256fsimple:sphincsshake256ssimple:p521_sphincsshake256ssimple:mayo1:p256_mayo1:mayo2:p256_mayo2:mayo3:p384_mayo3:mayo5:p521_mayo5:CROSSrsdp128balanced:CROSSrsdp128fast:CROSSrsdp128small:CROSSrsdp192balanced:CROSSrsdp192fast:CROSSrsdp192small:CROSSrsdp256small:CROSSrsdpg128balanced:CROSSrsdpg128fast:CROSSrsdpg128small:CROSSrsdpg192balanced:CROSSrsdpg192fast:CROSSrsdpg192small:CROSSrsdpg256balanced:CROSSrsdpg256fast:CROSSrsdpg256small
Shared Requested Signature Algorithms: ECDSA+SHA256:ECDSA+SHA384:ECDSA+SHA512:Ed25519:Ed448:ECDSA+SHA256:ECDSA+SHA384:ECDSA+SHA512:RSA-PSS+SHA256:RSA-PSS+SHA384:RSA-PSS+SHA512:RSA-PSS+SHA256:RSA-PSS+SHA384:RSA-PSS+SHA512:RSA+SHA256:RSA+SHA384:RSA+SHA512:dilithium2:p256_dilithium2:rsa3072_dilithium2:dilithium3:p384_dilithium3:dilithium5:p521_dilithium5:mldsa44:p256_mldsa44:rsa3072_mldsa44:mldsa44_pss2048:mldsa44_rsa2048:mldsa44_ed25519:mldsa44_p256:mldsa44_bp256:mldsa65:p384_mldsa65:mldsa65_pss3072:mldsa65_rsa3072:mldsa65_p256:mldsa65_bp256:mldsa65_ed25519:mldsa87:p521_mldsa87:mldsa87_p384:mldsa87_bp384:mldsa87_ed448:falcon512:p256_falcon512:rsa3072_falcon512:falconpadded512:p256_falconpadded512:rsa3072_falconpadded512:falcon1024:p521_falcon1024:falconpadded1024:p521_falconpadded1024:sphincssha2128fsimple:p256_sphincssha2128fsimple:rsa3072_sphincssha2128fsimple:sphincssha2128ssimple:p256_sphincssha2128ssimple:rsa3072_sphincssha2128ssimple:sphincssha2192fsimple:p384_sphincssha2192fsimple:sphincssha2192ssimple:p384_sphincssha2192ssimple:sphincssha2256fsimple:p521_sphincssha2256fsimple:sphincssha2256ssimple:p521_sphincssha2256ssimple:sphincsshake128fsimple:p256_sphincsshake128fsimple:rsa3072_sphincsshake128fsimple:sphincsshake128ssimple:p256_sphincsshake128ssimple:rsa3072_sphincsshake128ssimple:sphincsshake192fsimple:p384_sphincsshake192fsimple:sphincsshake192ssimple:p384_sphincsshake192ssimple:sphincsshake256fsimple:p521_sphincsshake256fsimple:sphincsshake256ssimple:p521_sphincsshake256ssimple:mayo1:p256_mayo1:mayo2:p256_mayo2:mayo3:p384_mayo3:mayo5:p521_mayo5:CROSSrsdp128balanced:CROSSrsdp128fast:CROSSrsdp128small:CROSSrsdp192balanced:CROSSrsdp192fast:CROSSrsdp192small:CROSSrsdp256small:CROSSrsdpg128balanced:CROSSrsdpg128fast:CROSSrsdpg128small:CROSSrsdpg192balanced:CROSSrsdpg192fast:CROSSrsdpg192small:CROSSrsdpg256balanced:CROSSrsdpg256fast:CROSSrsdpg256small
Peer signing digest: SHA512
Peer signature type: ECDSA
---
SSL handshake has read 2863 bytes and written 2248 bytes
Verification: OK
---
New, TLSv1.3, Cipher is TLS_AES_256_GCM_SHA384
Server public key is 521 bit
This TLS version forbids renegotiation.
Compression: NONE
Expansion: NONE
No ALPN negotiated
Early data was not sent
Verify return code: 0 (ok)
---
Certificate request self-signature ok
subject=CN=localhost
Running /opt/oqssa/bin/perftestHandshakeServerECDSA.sh with SIG_ALG=secp521r1 and KEM_ALG=mlkem1024
verify depth is 1
Using default temp DH parameters
ACCEPT
CONNECTED(00000003)
Connecting to ::1
SSL_connect:before SSL initialization
SSL_connect:SSLv3/TLS write client hello
SSL_connect:SSLv3/TLS write client hello
SSL_connect:SSLv3/TLS read server hello
SSL_connect:TLSv1.3 read encrypted extensions
SSL_connect:SSLv3/TLS read server certificate request
depth=1 CN=oqstest CA
verify return:1
depth=0 CN=localhost
verify return:1
SSL_connect:SSLv3/TLS read server certificate
SSL_connect:TLSv1.3 read server certificate verify
SSL_connect:SSLv3/TLS read finished
SSL_connect:SSLv3/TLS write change cipher spec
---
Certificate chain
 0 s:CN=localhost
   i:CN=oqstest CA
   a:PKEY: id-ecPublicKey, 521 (bit); sigalg: ecdsa-with-SHA256
   v:NotBefore: Jan 23 20:00:08 2025 GMT; NotAfter: Jan 23 20:00:08 2026 GMT
-----BEGIN CERTIFICATE-----
MIIB9TCCAVagAwIBAgIURr6t/XnY6jEor7WoX60cbJ1puOEwCgYIKoZIzj0EAwIw
FTETMBEGA1UEAwwKb3FzdGVzdCBDQTAeFw0yNTAxMjMyMDAwMDhaFw0yNjAxMjMy
MDAwMDhaMBQxEjAQBgNVBAMMCWxvY2FsaG9zdDCBmzAQBgcqhkjOPQIBBgUrgQQA
IwOBhgAEAKom66dknHeQqgkwsc4/aeHFQYKeT2/+Y68EXnmzwlpeMg2juMLv9glC
I/lsmxGtbxOjkMb5BxMVKTMtsitoyVRuAOX+YolZWW2/m7wJ8Dp1KCdZ0e0o5CpM
qVldF5xXz2lSoI5ldy89W1r7csr8tnTedmeh5YhTcWOBIswgn9ob7AnAo0IwQDAd
BgNVHQ4EFgQUKl/6koy5Glh8jAxU4dn4WzjDWycwHwYDVR0jBBgwFoAUKYvJq0UK
omxi81/2ZL0siDBxzYwwCgYIKoZIzj0EAwIDgYwAMIGIAkIAuJAHdT+4XaupOMNv
2UkIEf7oOq8CQx2SEjHQjkYbDu/FVdJaNEQs/roJIR30UUKjqNl49A1t1VX8evKv
0TLYVzQCQgC/1WhP0QA4/BRshNfcfXuBUNvj09kcdMqzpKTDBD7mxU+QGpLU40j+
q9aGviAIXcCJ72pLOySmqUWF33+o+a+Nuw==
-----END CERTIFICATE-----
---
Server certificate
subject=CN=localhost
issuer=CN=oqstest CA
---
No client certificate CA names sent
Requested Signature Algorithms: ECDSA+SHA256:ECDSA+SHA384:ECDSA+SHA512:Ed25519:Ed448:ECDSA+SHA256:ECDSA+SHA384:ECDSA+SHA512:RSA-PSS+SHA256:RSA-PSS+SHA384:RSA-PSS+SHA512:RSA-PSS+SHA256:RSA-PSS+SHA384:RSA-PSS+SHA512:RSA+SHA256:RSA+SHA384:RSA+SHA512:ECDSA+SHA224:RSA+SHA224:dilithium2:p256_dilithium2:rsa3072_dilithium2:dilithium3:p384_dilithium3:dilithium5:p521_dilithium5:mldsa44:p256_mldsa44:rsa3072_mldsa44:mldsa44_pss2048:mldsa44_rsa2048:mldsa44_ed25519:mldsa44_p256:mldsa44_bp256:mldsa65:p384_mldsa65:mldsa65_pss3072:mldsa65_rsa3072:mldsa65_p256:mldsa65_bp256:mldsa65_ed25519:mldsa87:p521_mldsa87:mldsa87_p384:mldsa87_bp384:mldsa87_ed448:falcon512:p256_falcon512:rsa3072_falcon512:falconpadded512:p256_falconpadded512:rsa3072_falconpadded512:falcon1024:p521_falcon1024:falconpadded1024:p521_falconpadded1024:sphincssha2128fsimple:p256_sphincssha2128fsimple:rsa3072_sphincssha2128fsimple:sphincssha2128ssimple:p256_sphincssha2128ssimple:rsa3072_sphincssha2128ssimple:sphincssha2192fsimple:p384_sphincssha2192fsimple:sphincssha2192ssimple:p384_sphincssha2192ssimple:sphincssha2256fsimple:p521_sphincssha2256fsimple:sphincssha2256ssimple:p521_sphincssha2256ssimple:sphincsshake128fsimple:p256_sphincsshake128fsimple:rsa3072_sphincsshake128fsimple:sphincsshake128ssimple:p256_sphincsshake128ssimple:rsa3072_sphincsshake128ssimple:sphincsshake192fsimple:p384_sphincsshake192fsimple:sphincsshake192ssimple:p384_sphincsshake192ssimple:sphincsshake256fsimple:p521_sphincsshake256fsimple:sphincsshake256ssimple:p521_sphincsshake256ssimple:mayo1:p256_mayo1:mayo2:p256_mayo2:mayo3:p384_mayo3:mayo5:p521_mayo5:CROSSrsdp128balanced:CROSSrsdp128fast:CROSSrsdp128small:CROSSrsdp192balanced:CROSSrsdp192fast:CROSSrsdp192small:CROSSrsdp256small:CROSSrsdpg128balanced:CROSSrsdpg128fast:CROSSrsdpg128small:CROSSrsdpg192balanced:CROSSrsdpg192fast:CROSSrsdpg192small:CROSSrsdpg256balanced:CROSSrsdpg256fast:CROSSrsdpg256small
Shared Requested Signature Algorithms: ECDSA+SHA256:ECDSA+SHA384:ECDSA+SHA512:Ed25519:Ed448:ECDSA+SHA256:ECDSA+SHA384:ECDSA+SHA512:RSA-PSS+SHA256:RSA-PSS+SHA384:RSA-PSS+SHA512:RSA-PSS+SHA256:RSA-PSS+SHA384:RSA-PSS+SHA512:RSA+SHA256:RSA+SHA384:RSA+SHA512:dilithium2:p256_dilithium2:rsa3072_dilithium2:dilithium3:p384_dilithium3:dilithium5:p521_dilithium5:mldsa44:p256_mldsa44:rsa3072_mldsa44:mldsa44_pss2048:mldsa44_rsa2048:mldsa44_ed25519:mldsa44_p256:mldsa44_bp256:mldsa65:p384_mldsa65:mldsa65_pss3072:mldsa65_rsa3072:mldsa65_p256:mldsa65_bp256:mldsa65_ed25519:mldsa87:p521_mldsa87:mldsa87_p384:mldsa87_bp384:mldsa87_ed448:falcon512:p256_falcon512:rsa3072_falcon512:falconpadded512:p256_falconpadded512:rsa3072_falconpadded512:falcon1024:p521_falcon1024:falconpadded1024:p521_falconpadded1024:sphincssha2128fsimple:p256_sphincssha2128fsimple:rsa3072_sphincssha2128fsimple:sphincssha2128ssimple:p256_sphincssha2128ssimple:rsa3072_sphincssha2128ssimple:sphincssha2192fsimple:p384_sphincssha2192fsimple:sphincssha2192ssimple:p384_sphincssha2192ssimple:sphincssha2256fsimple:p521_sphincssha2256fsimple:sphincssha2256ssimple:p521_sphincssha2256ssimple:sphincsshake128fsimple:p256_sphincsshake128fsimple:rsa3072_sphincsshake128fsimple:sphincsshake128ssimple:p256_sphincsshake128ssimple:rsa3072_sphincsshake128ssimple:sphincsshake192fsimple:p384_sphincsshake192fsimple:sphincsshake192ssimple:p384_sphincsshake192ssimple:sphincsshake256fsimple:p521_sphincsshake256fsimple:sphincsshake256ssimple:p521_sphincsshake256ssimple:mayo1:p256_mayo1:mayo2:p256_mayo2:mayo3:p384_mayo3:mayo5:p521_mayo5:CROSSrsdp128balanced:CROSSrsdp128fast:CROSSrsdp128small:CROSSrsdp192balanced:CROSSrsdp192fast:CROSSrsdp192small:CROSSrsdp256small:CROSSrsdpg128balanced:CROSSrsdpg128fast:CROSSrsdpg128small:CROSSrsdpg192balanced:CROSSrsdpg192fast:CROSSrsdpg192small:CROSSrsdpg256balanced:CROSSrsdpg256fast:CROSSrsdpg256small
Peer signing digest: SHA512
Peer signature type: ECDSA
---
SSL handshake has read 2730 bytes and written 2115 bytes
Verification: OK
---
New, TLSv1.3, Cipher is TLS_AES_256_GCM_SHA384
Server public key is 521 bit
This TLS version forbids renegotiation.
Compression: NONE
Expansion: NONE
No ALPN negotiated
Early data was not sent
Verify return code: 0 (ok)
---
SSL_connect:SSLv3/TLS write client certificate
SSL_connect:SSLv3/TLS write finished
DONE
SSL3 alert write:warning:close notify
