tc
Mostrando el estado de qdisc para la interfaz: lo
qdisc netem 82bc: root refcnt 2 limit 1000 loss 0.1%
 Sent 0 bytes 0 pkt (dropped 0, overlimits 0 requeues 0) 
 backlog 0b 0p requeues 0
-----
-----
Certificate request self-signature ok
subject=CN=localhost
Running /opt/oqssa/bin/perftestServer.sh with SIG_ALG=ed25519 and KEM_ALG=P-256

Using default temp DH parameters
ACCEPT
Execution 1
s_time: verify depth is 1
2766 connections in 2.74s; 1009.49 connections/user sec, bytes read 0
2766 connections in 11 real seconds, 0 bytes read per connection
Execution 2
s_time: verify depth is 1
2459 connections in 2.37s; 1037.55 connections/user sec, bytes read 0
2459 connections in 11 real seconds, 0 bytes read per connection
Execution 3
s_time: verify depth is 1
2496 connections in 2.37s; 1053.16 connections/user sec, bytes read 0
2496 connections in 11 real seconds, 0 bytes read per connection
Execution 4
s_time: verify depth is 1
2154 connections in 2.07s; 1040.58 connections/user sec, bytes read 0
2154 connections in 13 real seconds, 0 bytes read per connection
Execution 5
s_time: verify depth is 1
2720 connections in 2.60s; 1046.15 connections/user sec, bytes read 0
2720 connections in 11 real seconds, 0 bytes read per connection
Execution 6
s_time: verify depth is 1
2053 connections in 2.09s; 982.30 connections/user sec, bytes read 0
2053 connections in 11 real seconds, 0 bytes read per connection
Execution 7
s_time: verify depth is 1
2220 connections in 2.31s; 961.04 connections/user sec, bytes read 0
2220 connections in 13 real seconds, 0 bytes read per connection
Execution 8
s_time: verify depth is 1
2685 connections in 2.57s; 1044.75 connections/user sec, bytes read 0
2685 connections in 11 real seconds, 0 bytes read per connection
Execution 9
s_time: verify depth is 1
1730 connections in 1.71s; 1011.70 connections/user sec, bytes read 0
1730 connections in 11 real seconds, 0 bytes read per connection
Execution 10
s_time: verify depth is 1
3280 connections in 3.14s; 1044.59 connections/user sec, bytes read 0
3280 connections in 13 real seconds, 0 bytes read per connection
Execution 11
s_time: verify depth is 1
2998 connections in 2.93s; 1023.21 connections/user sec, bytes read 0
2998 connections in 11 real seconds, 0 bytes read per connection
Execution 12
s_time: verify depth is 1
2993 connections in 2.93s; 1021.50 connections/user sec, bytes read 0
2993 connections in 11 real seconds, 0 bytes read per connection
Execution 13
s_time: verify depth is 1
3129 connections in 3.14s; 996.50 connections/user sec, bytes read 0
3129 connections in 14 real seconds, 0 bytes read per connection
Execution 14
s_time: verify depth is 1
2025 connections in 1.97s; 1027.92 connections/user sec, bytes read 0
2025 connections in 11 real seconds, 0 bytes read per connection
Execution 15
s_time: verify depth is 1
3500 connections in 3.43s; 1020.41 connections/user sec, bytes read 0
3500 connections in 11 real seconds, 0 bytes read per connection
Execution 16
s_time: verify depth is 1
2458 connections in 2.33s; 1054.94 connections/user sec, bytes read 0
2458 connections in 13 real seconds, 0 bytes read per connection
Execution 17
s_time: verify depth is 1
2476 connections in 2.43s; 1018.93 connections/user sec, bytes read 0
2476 connections in 11 real seconds, 0 bytes read per connection
Execution 18
s_time: verify depth is 1
1776 connections in 1.69s; 1050.89 connections/user sec, bytes read 0
1776 connections in 11 real seconds, 0 bytes read per connection
Execution 19
s_time: verify depth is 1
2312 connections in 2.31s; 1000.87 connections/user sec, bytes read 0
2312 connections in 15 real seconds, 0 bytes read per connection
Execution 20
s_time: verify depth is 1
2611 connections in 2.54s; 1027.95 connections/user sec, bytes read 0
2611 connections in 11 real seconds, 0 bytes read per connection
Execution 21
s_time: verify depth is 1
3367 connections in 3.27s; 1029.66 connections/user sec, bytes read 0
3367 connections in 11 real seconds, 0 bytes read per connection
Execution 22
s_time: verify depth is 1
2048 connections in 1.97s; 1039.59 connections/user sec, bytes read 0
2048 connections in 14 real seconds, 0 bytes read per connection
Execution 23
s_time: verify depth is 1
2029 connections in 1.95s; 1040.51 connections/user sec, bytes read 0
2029 connections in 11 real seconds, 0 bytes read per connection
Execution 24
s_time: verify depth is 1
3656 connections in 3.47s; 1053.60 connections/user sec, bytes read 0
3656 connections in 11 real seconds, 0 bytes read per connection
Execution 25
s_time: verify depth is 1
1662 connections in 1.63s; 1019.63 connections/user sec, bytes read 0
1662 connections in 14 real seconds, 0 bytes read per connection
Execution 26
s_time: verify depth is 1
2639 connections in 2.52s; 1047.22 connections/user sec, bytes read 0
2639 connections in 11 real seconds, 0 bytes read per connection
Execution 27
s_time: verify depth is 1
3866 connections in 3.71s; 1042.05 connections/user sec, bytes read 0
3866 connections in 11 real seconds, 0 bytes read per connection
Execution 28
s_time: verify depth is 1
2012 connections in 1.94s; 1037.11 connections/user sec, bytes read 0
2012 connections in 12 real seconds, 0 bytes read per connection
Execution 29
s_time: verify depth is 1
2645 connections in 2.52s; 1049.60 connections/user sec, bytes read 0
2645 connections in 11 real seconds, 0 bytes read per connection
Execution 30
s_time: verify depth is 1
2090 connections in 2.02s; 1034.65 connections/user sec, bytes read 0
2090 connections in 11 real seconds, 0 bytes read per connection
Execution 31
s_time: verify depth is 1
3178 connections in 3.03s; 1048.84 connections/user sec, bytes read 0
3178 connections in 13 real seconds, 0 bytes read per connection
Execution 32
s_time: verify depth is 1
1983 connections in 1.92s; 1032.81 connections/user sec, bytes read 0
1983 connections in 11 real seconds, 0 bytes read per connection
Execution 33
s_time: verify depth is 1
3080 connections in 3.02s; 1019.87 connections/user sec, bytes read 0
3080 connections in 11 real seconds, 0 bytes read per connection
Execution 34
s_time: verify depth is 1
2377 connections in 2.31s; 1029.00 connections/user sec, bytes read 0
2377 connections in 11 real seconds, 0 bytes read per connection
Execution 35
s_time: verify depth is 1
944 connections in 0.92s; 1026.09 connections/user sec, bytes read 0
944 connections in 11 real seconds, 0 bytes read per connection
Execution 36
s_time: verify depth is 1
3342 connections in 3.23s; 1034.67 connections/user sec, bytes read 0
3342 connections in 11 real seconds, 0 bytes read per connection
Execution 37
s_time: verify depth is 1
3727 connections in 3.53s; 1055.81 connections/user sec, bytes read 0
3727 connections in 11 real seconds, 0 bytes read per connection
Execution 38
s_time: verify depth is 1
1994 connections in 1.92s; 1038.54 connections/user sec, bytes read 0
1994 connections in 11 real seconds, 0 bytes read per connection
Execution 39
s_time: verify depth is 1
1780 connections in 1.77s; 1005.65 connections/user sec, bytes read 0
1780 connections in 11 real seconds, 0 bytes read per connection
Execution 40
s_time: verify depth is 1
2290 connections in 2.17s; 1055.30 connections/user sec, bytes read 0
2290 connections in 12 real seconds, 0 bytes read per connection
Execution 41
s_time: verify depth is 1
1531 connections in 1.49s; 1027.52 connections/user sec, bytes read 0
1531 connections in 11 real seconds, 0 bytes read per connection
Execution 42
s_time: verify depth is 1
3204 connections in 3.15s; 1017.14 connections/user sec, bytes read 0
3204 connections in 11 real seconds, 0 bytes read per connection
Execution 43
s_time: verify depth is 1
3289 connections in 3.19s; 1031.03 connections/user sec, bytes read 0
3289 connections in 11 real seconds, 0 bytes read per connection
Execution 44
s_time: verify depth is 1
1617 connections in 1.62s; 998.15 connections/user sec, bytes read 0
1617 connections in 12 real seconds, 0 bytes read per connection
Execution 45
s_time: verify depth is 1
2949 connections in 2.97s; 992.93 connections/user sec, bytes read 0
2949 connections in 11 real seconds, 0 bytes read per connection
Execution 46
s_time: verify depth is 1
3868 connections in 3.70s; 1045.41 connections/user sec, bytes read 0
3868 connections in 11 real seconds, 0 bytes read per connection
Execution 47
s_time: verify depth is 1
2458 connections in 2.37s; 1037.13 connections/user sec, bytes read 0
2458 connections in 13 real seconds, 0 bytes read per connection
Execution 48
s_time: verify depth is 1
2557 connections in 2.47s; 1035.22 connections/user sec, bytes read 0
2557 connections in 11 real seconds, 0 bytes read per connection
Execution 49
s_time: verify depth is 1
4488 connections in 4.26s; 1053.52 connections/user sec, bytes read 0
4488 connections in 11 real seconds, 0 bytes read per connection
Execution 50
s_time: verify depth is 1
1406 connections in 1.33s; 1057.14 connections/user sec, bytes read 0
1406 connections in 14 real seconds, 0 bytes read per connection
tc
Mostrando el estado de qdisc para la interfaz: lo
qdisc netem 82bd: root refcnt 2 limit 1000 loss 0.1%
 Sent 0 bytes 0 pkt (dropped 0, overlimits 0 requeues 0) 
 backlog 0b 0p requeues 0
-----
-----
Certificate request self-signature ok
subject=CN=localhost
Running /opt/oqssa/bin/perftestServer.sh with SIG_ALG=ed25519 and KEM_ALG=X25519

Using default temp DH parameters
ACCEPT
Execution 1
s_time: verify depth is 1
3231 connections in 2.76s; 1170.65 connections/user sec, bytes read 0
3231 connections in 11 real seconds, 0 bytes read per connection
Execution 2
s_time: verify depth is 1
2223 connections in 1.89s; 1176.19 connections/user sec, bytes read 0
2223 connections in 11 real seconds, 0 bytes read per connection
Execution 3
s_time: verify depth is 1
2565 connections in 2.15s; 1193.02 connections/user sec, bytes read 0
2565 connections in 12 real seconds, 0 bytes read per connection
Execution 4
s_time: verify depth is 1
3192 connections in 2.74s; 1164.96 connections/user sec, bytes read 0
3192 connections in 11 real seconds, 0 bytes read per connection
Execution 5
s_time: verify depth is 1
2197 connections in 1.81s; 1213.81 connections/user sec, bytes read 0
2197 connections in 11 real seconds, 0 bytes read per connection
Execution 6
s_time: verify depth is 1
2665 connections in 2.24s; 1189.73 connections/user sec, bytes read 0
2665 connections in 13 real seconds, 0 bytes read per connection
Execution 7
s_time: verify depth is 1
3579 connections in 3.13s; 1143.45 connections/user sec, bytes read 0
3579 connections in 11 real seconds, 0 bytes read per connection
Execution 8
s_time: verify depth is 1
3074 connections in 2.61s; 1177.78 connections/user sec, bytes read 0
3074 connections in 11 real seconds, 0 bytes read per connection
Execution 9
s_time: verify depth is 1
3034 connections in 2.48s; 1223.39 connections/user sec, bytes read 0
3034 connections in 14 real seconds, 0 bytes read per connection
Execution 10
s_time: verify depth is 1
3168 connections in 2.62s; 1209.16 connections/user sec, bytes read 0
3168 connections in 11 real seconds, 0 bytes read per connection
Execution 11
s_time: verify depth is 1
4156 connections in 3.48s; 1194.25 connections/user sec, bytes read 0
4156 connections in 11 real seconds, 0 bytes read per connection
Execution 12
s_time: verify depth is 1
2591 connections in 2.15s; 1205.12 connections/user sec, bytes read 0
2591 connections in 14 real seconds, 0 bytes read per connection
Execution 13
s_time: verify depth is 1
1425 connections in 1.15s; 1239.13 connections/user sec, bytes read 0
1425 connections in 11 real seconds, 0 bytes read per connection
Execution 14
s_time: verify depth is 1
3699 connections in 3.16s; 1170.57 connections/user sec, bytes read 0
3699 connections in 11 real seconds, 0 bytes read per connection
Execution 15
s_time: verify depth is 1
3110 connections in 2.56s; 1214.84 connections/user sec, bytes read 0
3110 connections in 14 real seconds, 0 bytes read per connection
Execution 16
s_time: verify depth is 1
2743 connections in 2.24s; 1224.55 connections/user sec, bytes read 0
2743 connections in 11 real seconds, 0 bytes read per connection
Execution 17
s_time: verify depth is 1
2509 connections in 2.02s; 1242.08 connections/user sec, bytes read 0
2509 connections in 11 real seconds, 0 bytes read per connection
Execution 18
s_time: verify depth is 1
3416 connections in 2.94s; 1161.90 connections/user sec, bytes read 0
3416 connections in 14 real seconds, 0 bytes read per connection
Execution 19
s_time: verify depth is 1
2298 connections in 1.94s; 1184.54 connections/user sec, bytes read 0
2298 connections in 11 real seconds, 0 bytes read per connection
Execution 20
s_time: verify depth is 1
3937 connections in 3.30s; 1193.03 connections/user sec, bytes read 0
3937 connections in 11 real seconds, 0 bytes read per connection
Execution 21
s_time: verify depth is 1
4075 connections in 3.68s; 1107.34 connections/user sec, bytes read 0
4075 connections in 13 real seconds, 0 bytes read per connection
Execution 22
s_time: verify depth is 1
2343 connections in 1.99s; 1177.39 connections/user sec, bytes read 0
2343 connections in 11 real seconds, 0 bytes read per connection
Execution 23
s_time: verify depth is 1
2076 connections in 1.83s; 1134.43 connections/user sec, bytes read 0
2076 connections in 11 real seconds, 0 bytes read per connection
Execution 24
s_time: verify depth is 1
1743 connections in 1.50s; 1162.00 connections/user sec, bytes read 0
1743 connections in 14 real seconds, 0 bytes read per connection
Execution 25
s_time: verify depth is 1
2921 connections in 2.55s; 1145.49 connections/user sec, bytes read 0
2921 connections in 11 real seconds, 0 bytes read per connection
Execution 26
s_time: verify depth is 1
3562 connections in 2.98s; 1195.30 connections/user sec, bytes read 0
3562 connections in 11 real seconds, 0 bytes read per connection
Execution 27
s_time: verify depth is 1
2703 connections in 2.32s; 1165.09 connections/user sec, bytes read 0
2703 connections in 14 real seconds, 0 bytes read per connection
Execution 28
s_time: verify depth is 1
1959 connections in 1.64s; 1194.51 connections/user sec, bytes read 0
1959 connections in 11 real seconds, 0 bytes read per connection
Execution 29
s_time: verify depth is 1
3449 connections in 3.04s; 1134.54 connections/user sec, bytes read 0
3449 connections in 11 real seconds, 0 bytes read per connection
Execution 30
s_time: verify depth is 1
2666 connections in 2.33s; 1144.21 connections/user sec, bytes read 0
2666 connections in 14 real seconds, 0 bytes read per connection
Execution 31
s_time: verify depth is 1
3067 connections in 2.66s; 1153.01 connections/user sec, bytes read 0
3067 connections in 11 real seconds, 0 bytes read per connection
Execution 32
s_time: verify depth is 1
3943 connections in 3.40s; 1159.71 connections/user sec, bytes read 0
3943 connections in 11 real seconds, 0 bytes read per connection
Execution 33
s_time: verify depth is 1
2385 connections in 2.06s; 1157.77 connections/user sec, bytes read 0
2385 connections in 14 real seconds, 0 bytes read per connection
Execution 34
s_time: verify depth is 1
3149 connections in 2.77s; 1136.82 connections/user sec, bytes read 0
3149 connections in 11 real seconds, 0 bytes read per connection
Execution 35
s_time: verify depth is 1
2869 connections in 2.48s; 1156.85 connections/user sec, bytes read 0
2869 connections in 11 real seconds, 0 bytes read per connection
Execution 36
s_time: verify depth is 1
2639 connections in 2.22s; 1188.74 connections/user sec, bytes read 0
2639 connections in 14 real seconds, 0 bytes read per connection
Execution 37
s_time: verify depth is 1
3073 connections in 2.61s; 1177.39 connections/user sec, bytes read 0
3073 connections in 11 real seconds, 0 bytes read per connection
Execution 38
s_time: verify depth is 1
2657 connections in 2.29s; 1160.26 connections/user sec, bytes read 0
2657 connections in 11 real seconds, 0 bytes read per connection
Execution 39
s_time: verify depth is 1
3066 connections in 2.64s; 1161.36 connections/user sec, bytes read 0
3066 connections in 13 real seconds, 0 bytes read per connection
Execution 40
s_time: verify depth is 1
2570 connections in 2.17s; 1184.33 connections/user sec, bytes read 0
2570 connections in 11 real seconds, 0 bytes read per connection
Execution 41
s_time: verify depth is 1
3022 connections in 2.63s; 1149.05 connections/user sec, bytes read 0
3022 connections in 11 real seconds, 0 bytes read per connection
Execution 42
s_time: verify depth is 1
3084 connections in 2.72s; 1133.82 connections/user sec, bytes read 0
3084 connections in 15 real seconds, 0 bytes read per connection
Execution 43
s_time: verify depth is 1
2205 connections in 1.89s; 1166.67 connections/user sec, bytes read 0
2205 connections in 11 real seconds, 0 bytes read per connection
Execution 44
s_time: verify depth is 1
2832 connections in 2.50s; 1132.80 connections/user sec, bytes read 0
2832 connections in 11 real seconds, 0 bytes read per connection
Execution 45
s_time: verify depth is 1
2774 connections in 2.44s; 1136.89 connections/user sec, bytes read 0
2774 connections in 13 real seconds, 0 bytes read per connection
Execution 46
s_time: verify depth is 1
2502 connections in 2.14s; 1169.16 connections/user sec, bytes read 0
2502 connections in 11 real seconds, 0 bytes read per connection
Execution 47
s_time: verify depth is 1
3372 connections in 2.90s; 1162.76 connections/user sec, bytes read 0
3372 connections in 11 real seconds, 0 bytes read per connection
Execution 48
s_time: verify depth is 1
2143 connections in 1.84s; 1164.67 connections/user sec, bytes read 0
2143 connections in 14 real seconds, 0 bytes read per connection
Execution 49
s_time: verify depth is 1
2996 connections in 2.59s; 1156.76 connections/user sec, bytes read 0
2996 connections in 11 real seconds, 0 bytes read per connection
Execution 50
s_time: verify depth is 1
3490 connections in 3.05s; 1144.26 connections/user sec, bytes read 0
3490 connections in 11 real seconds, 0 bytes read per connection
tc
Mostrando el estado de qdisc para la interfaz: lo
qdisc netem 82be: root refcnt 2 limit 1000 loss 0.1%
 Sent 0 bytes 0 pkt (dropped 0, overlimits 0 requeues 0) 
 backlog 0b 0p requeues 0
-----
-----
Certificate request self-signature ok
subject=CN=localhost
Running /opt/oqssa/bin/perftestServer.sh with SIG_ALG=ed25519 and KEM_ALG=p256_mlkem512

Using default temp DH parameters
ACCEPT
Execution 1
s_time: verify depth is 1
846 connections in 2.20s; 384.55 connections/user sec, bytes read 0
846 connections in 13 real seconds, 0 bytes read per connection
Execution 2
s_time: verify depth is 1
1209 connections in 3.02s; 400.33 connections/user sec, bytes read 0
1209 connections in 11 real seconds, 0 bytes read per connection
Execution 3
s_time: verify depth is 1
1758 connections in 4.34s; 405.07 connections/user sec, bytes read 0
1758 connections in 11 real seconds, 0 bytes read per connection
Execution 4
s_time: verify depth is 1
1665 connections in 4.18s; 398.33 connections/user sec, bytes read 0
1665 connections in 12 real seconds, 0 bytes read per connection
Execution 5
s_time: verify depth is 1
1664 connections in 4.37s; 380.78 connections/user sec, bytes read 0
1664 connections in 11 real seconds, 0 bytes read per connection
Execution 6
s_time: verify depth is 1
1673 connections in 4.15s; 403.13 connections/user sec, bytes read 0
1673 connections in 11 real seconds, 0 bytes read per connection
Execution 7
s_time: verify depth is 1
1755 connections in 4.52s; 388.27 connections/user sec, bytes read 0
1755 connections in 11 real seconds, 0 bytes read per connection
Execution 8
s_time: verify depth is 1
1483 connections in 3.76s; 394.41 connections/user sec, bytes read 0
1483 connections in 11 real seconds, 0 bytes read per connection
Execution 9
s_time: verify depth is 1
1491 connections in 3.79s; 393.40 connections/user sec, bytes read 0
1491 connections in 11 real seconds, 0 bytes read per connection
Execution 10
s_time: verify depth is 1
1487 connections in 3.79s; 392.35 connections/user sec, bytes read 0
1487 connections in 11 real seconds, 0 bytes read per connection
Execution 11
s_time: verify depth is 1
1306 connections in 3.38s; 386.39 connections/user sec, bytes read 0
1306 connections in 12 real seconds, 0 bytes read per connection
Execution 12
s_time: verify depth is 1
1901 connections in 4.79s; 396.87 connections/user sec, bytes read 0
1901 connections in 11 real seconds, 0 bytes read per connection
Execution 13
s_time: verify depth is 1
2106 connections in 5.20s; 405.00 connections/user sec, bytes read 0
2106 connections in 11 real seconds, 0 bytes read per connection
Execution 14
s_time: verify depth is 1
997 connections in 2.61s; 381.99 connections/user sec, bytes read 0
997 connections in 11 real seconds, 0 bytes read per connection
Execution 15
s_time: verify depth is 1
1843 connections in 4.61s; 399.78 connections/user sec, bytes read 0
1843 connections in 11 real seconds, 0 bytes read per connection
Execution 16
s_time: verify depth is 1
1632 connections in 4.05s; 402.96 connections/user sec, bytes read 0
1632 connections in 11 real seconds, 0 bytes read per connection
Execution 17
s_time: verify depth is 1
1128 connections in 2.81s; 401.42 connections/user sec, bytes read 0
1128 connections in 11 real seconds, 0 bytes read per connection
Execution 18
s_time: verify depth is 1
1930 connections in 5.32s; 362.78 connections/user sec, bytes read 0
1930 connections in 11 real seconds, 0 bytes read per connection
Execution 19
s_time: verify depth is 1
1472 connections in 3.62s; 406.63 connections/user sec, bytes read 0
1472 connections in 11 real seconds, 0 bytes read per connection
Execution 20
s_time: verify depth is 1
1360 connections in 3.41s; 398.83 connections/user sec, bytes read 0
1360 connections in 14 real seconds, 0 bytes read per connection
Execution 21
s_time: verify depth is 1
2149 connections in 5.35s; 401.68 connections/user sec, bytes read 0
2149 connections in 11 real seconds, 0 bytes read per connection
Execution 22
s_time: verify depth is 1
1918 connections in 4.76s; 402.94 connections/user sec, bytes read 0
1918 connections in 11 real seconds, 0 bytes read per connection
Execution 23
s_time: verify depth is 1
1497 connections in 3.96s; 378.03 connections/user sec, bytes read 0
1497 connections in 13 real seconds, 0 bytes read per connection
Execution 24
s_time: verify depth is 1
1749 connections in 4.67s; 374.52 connections/user sec, bytes read 0
1749 connections in 11 real seconds, 0 bytes read per connection
Execution 25
s_time: verify depth is 1
2017 connections in 5.08s; 397.05 connections/user sec, bytes read 0
2017 connections in 11 real seconds, 0 bytes read per connection
Execution 26
s_time: verify depth is 1
1517 connections in 4.09s; 370.90 connections/user sec, bytes read 0
1517 connections in 11 real seconds, 0 bytes read per connection
Execution 27
s_time: verify depth is 1
928 connections in 2.33s; 398.28 connections/user sec, bytes read 0
928 connections in 11 real seconds, 0 bytes read per connection
Execution 28
s_time: verify depth is 1
1979 connections in 5.18s; 382.05 connections/user sec, bytes read 0
1979 connections in 11 real seconds, 0 bytes read per connection
Execution 29
s_time: verify depth is 1
1554 connections in 4.22s; 368.25 connections/user sec, bytes read 0
1554 connections in 11 real seconds, 0 bytes read per connection
Execution 30
s_time: verify depth is 1
1058 connections in 2.67s; 396.25 connections/user sec, bytes read 0
1058 connections in 11 real seconds, 0 bytes read per connection
Execution 31
s_time: verify depth is 1
1542 connections in 4.13s; 373.37 connections/user sec, bytes read 0
1542 connections in 11 real seconds, 0 bytes read per connection
Execution 32
s_time: verify depth is 1
1806 connections in 4.50s; 401.33 connections/user sec, bytes read 0
1806 connections in 11 real seconds, 0 bytes read per connection
Execution 33
s_time: verify depth is 1
1242 connections in 3.11s; 399.36 connections/user sec, bytes read 0
1242 connections in 11 real seconds, 0 bytes read per connection
Execution 34
s_time: verify depth is 1
1849 connections in 5.27s; 350.85 connections/user sec, bytes read 0
1849 connections in 11 real seconds, 0 bytes read per connection
Execution 35
s_time: verify depth is 1
1753 connections in 4.61s; 380.26 connections/user sec, bytes read 0
1753 connections in 11 real seconds, 0 bytes read per connection
Execution 36
s_time: verify depth is 1
1014 connections in 2.79s; 363.44 connections/user sec, bytes read 0
1014 connections in 12 real seconds, 0 bytes read per connection
Execution 37
s_time: verify depth is 1
1136 connections in 2.83s; 401.41 connections/user sec, bytes read 0
1136 connections in 11 real seconds, 0 bytes read per connection
Execution 38
s_time: verify depth is 1
1724 connections in 4.46s; 386.55 connections/user sec, bytes read 0
1724 connections in 11 real seconds, 0 bytes read per connection
Execution 39
s_time: verify depth is 1
1535 connections in 4.02s; 381.84 connections/user sec, bytes read 0
1535 connections in 14 real seconds, 0 bytes read per connection
Execution 40
s_time: verify depth is 1
1952 connections in 5.05s; 386.53 connections/user sec, bytes read 0
1952 connections in 11 real seconds, 0 bytes read per connection
Execution 41
s_time: verify depth is 1
1508 connections in 4.13s; 365.13 connections/user sec, bytes read 0
1508 connections in 11 real seconds, 0 bytes read per connection
Execution 42
s_time: verify depth is 1
1466 connections in 3.79s; 386.81 connections/user sec, bytes read 0
1466 connections in 13 real seconds, 0 bytes read per connection
Execution 43
s_time: verify depth is 1
1418 connections in 3.62s; 391.71 connections/user sec, bytes read 0
1418 connections in 11 real seconds, 0 bytes read per connection
Execution 44
s_time: verify depth is 1
1888 connections in 4.85s; 389.28 connections/user sec, bytes read 0
1888 connections in 11 real seconds, 0 bytes read per connection
Execution 45
s_time: verify depth is 1
1662 connections in 4.56s; 364.47 connections/user sec, bytes read 0
1662 connections in 11 real seconds, 0 bytes read per connection
Execution 46
s_time: verify depth is 1
1024 connections in 2.59s; 395.37 connections/user sec, bytes read 0
1024 connections in 11 real seconds, 0 bytes read per connection
Execution 47
s_time: verify depth is 1
1704 connections in 4.31s; 395.36 connections/user sec, bytes read 0
1704 connections in 11 real seconds, 0 bytes read per connection
Execution 48
s_time: verify depth is 1
2008 connections in 5.24s; 383.21 connections/user sec, bytes read 0
2008 connections in 11 real seconds, 0 bytes read per connection
Execution 49
s_time: verify depth is 1
1323 connections in 3.64s; 363.46 connections/user sec, bytes read 0
1323 connections in 11 real seconds, 0 bytes read per connection
Execution 50
s_time: verify depth is 1
1984 connections in 5.26s; 377.19 connections/user sec, bytes read 0
1984 connections in 11 real seconds, 0 bytes read per connection
tc
Mostrando el estado de qdisc para la interfaz: lo
qdisc netem 82bf: root refcnt 2 limit 1000 loss 0.1%
 Sent 0 bytes 0 pkt (dropped 0, overlimits 0 requeues 0) 
 backlog 0b 0p requeues 0
-----
-----
Certificate request self-signature ok
subject=CN=localhost
Running /opt/oqssa/bin/perftestServer.sh with SIG_ALG=ed25519 and KEM_ALG=x25519_mlkem512

Using default temp DH parameters
ACCEPT
Execution 1
s_time: verify depth is 1
2472 connections in 2.68s; 922.39 connections/user sec, bytes read 0
2472 connections in 11 real seconds, 0 bytes read per connection
Execution 2
s_time: verify depth is 1
2394 connections in 2.65s; 903.40 connections/user sec, bytes read 0
2394 connections in 11 real seconds, 0 bytes read per connection
Execution 3
s_time: verify depth is 1
2947 connections in 3.16s; 932.59 connections/user sec, bytes read 0
2947 connections in 11 real seconds, 0 bytes read per connection
Execution 4
s_time: verify depth is 1
1636 connections in 1.87s; 874.87 connections/user sec, bytes read 0
1636 connections in 11 real seconds, 0 bytes read per connection
Execution 5
s_time: verify depth is 1
3062 connections in 3.28s; 933.54 connections/user sec, bytes read 0
3062 connections in 11 real seconds, 0 bytes read per connection
Execution 6
s_time: verify depth is 1
1597 connections in 1.71s; 933.92 connections/user sec, bytes read 0
1597 connections in 11 real seconds, 0 bytes read per connection
Execution 7
s_time: verify depth is 1
1299 connections in 1.38s; 941.30 connections/user sec, bytes read 0
1299 connections in 11 real seconds, 0 bytes read per connection
Execution 8
s_time: verify depth is 1
1456 connections in 1.55s; 939.35 connections/user sec, bytes read 0
1456 connections in 11 real seconds, 0 bytes read per connection
Execution 9
s_time: verify depth is 1
3107 connections in 3.49s; 890.26 connections/user sec, bytes read 0
3107 connections in 11 real seconds, 0 bytes read per connection
Execution 10
s_time: verify depth is 1
2654 connections in 3.01s; 881.73 connections/user sec, bytes read 0
2654 connections in 12 real seconds, 0 bytes read per connection
Execution 11
s_time: verify depth is 1
2379 connections in 2.66s; 894.36 connections/user sec, bytes read 0
2379 connections in 11 real seconds, 0 bytes read per connection
Execution 12
s_time: verify depth is 1
3002 connections in 3.25s; 923.69 connections/user sec, bytes read 0
3002 connections in 11 real seconds, 0 bytes read per connection
Execution 13
s_time: verify depth is 1
2856 connections in 3.22s; 886.96 connections/user sec, bytes read 0
2856 connections in 11 real seconds, 0 bytes read per connection
Execution 14
s_time: verify depth is 1
1227 connections in 1.33s; 922.56 connections/user sec, bytes read 0
1227 connections in 11 real seconds, 0 bytes read per connection
Execution 15
s_time: verify depth is 1
2896 connections in 3.10s; 934.19 connections/user sec, bytes read 0
2896 connections in 11 real seconds, 0 bytes read per connection
Execution 16
s_time: verify depth is 1
3475 connections in 3.90s; 891.03 connections/user sec, bytes read 0
3475 connections in 11 real seconds, 0 bytes read per connection
Execution 17
s_time: verify depth is 1
1594 connections in 1.72s; 926.74 connections/user sec, bytes read 0
1594 connections in 11 real seconds, 0 bytes read per connection
Execution 18
s_time: verify depth is 1
2817 connections in 3.13s; 900.00 connections/user sec, bytes read 0
2817 connections in 11 real seconds, 0 bytes read per connection
Execution 19
s_time: verify depth is 1
2606 connections in 2.98s; 874.50 connections/user sec, bytes read 0
2606 connections in 12 real seconds, 0 bytes read per connection
Execution 20
s_time: verify depth is 1
1030 connections in 1.21s; 851.24 connections/user sec, bytes read 0
1030 connections in 11 real seconds, 0 bytes read per connection
Execution 21
s_time: verify depth is 1
2806 connections in 2.99s; 938.46 connections/user sec, bytes read 0
2806 connections in 11 real seconds, 0 bytes read per connection
Execution 22
s_time: verify depth is 1
2754 connections in 3.03s; 908.91 connections/user sec, bytes read 0
2754 connections in 11 real seconds, 0 bytes read per connection
Execution 23
s_time: verify depth is 1
2114 connections in 2.37s; 891.98 connections/user sec, bytes read 0
2114 connections in 11 real seconds, 0 bytes read per connection
Execution 24
s_time: verify depth is 1
1455 connections in 1.60s; 909.38 connections/user sec, bytes read 0
1455 connections in 11 real seconds, 0 bytes read per connection
Execution 25
s_time: verify depth is 1
2049 connections in 2.25s; 910.67 connections/user sec, bytes read 0
2049 connections in 11 real seconds, 0 bytes read per connection
Execution 26
s_time: verify depth is 1
1643 connections in 1.86s; 883.33 connections/user sec, bytes read 0
1643 connections in 14 real seconds, 0 bytes read per connection
Execution 27
s_time: verify depth is 1
2779 connections in 3.09s; 899.35 connections/user sec, bytes read 0
2779 connections in 11 real seconds, 0 bytes read per connection
Execution 28
s_time: verify depth is 1
2389 connections in 2.70s; 884.81 connections/user sec, bytes read 0
2389 connections in 11 real seconds, 0 bytes read per connection
Execution 29
s_time: verify depth is 1
2117 connections in 2.26s; 936.73 connections/user sec, bytes read 0
2117 connections in 12 real seconds, 0 bytes read per connection
Execution 30
s_time: verify depth is 1
2947 connections in 3.25s; 906.77 connections/user sec, bytes read 0
2947 connections in 11 real seconds, 0 bytes read per connection
Execution 31
s_time: verify depth is 1
2149 connections in 2.44s; 880.74 connections/user sec, bytes read 0
2149 connections in 11 real seconds, 0 bytes read per connection
Execution 32
s_time: verify depth is 1
2519 connections in 2.86s; 880.77 connections/user sec, bytes read 0
2519 connections in 11 real seconds, 0 bytes read per connection
Execution 33
s_time: verify depth is 1
1382 connections in 1.47s; 940.14 connections/user sec, bytes read 0
1382 connections in 11 real seconds, 0 bytes read per connection
Execution 34
s_time: verify depth is 1
3774 connections in 4.14s; 911.59 connections/user sec, bytes read 0
3774 connections in 11 real seconds, 0 bytes read per connection
Execution 35
s_time: verify depth is 1
2744 connections in 3.11s; 882.32 connections/user sec, bytes read 0
2744 connections in 11 real seconds, 0 bytes read per connection
Execution 36
s_time: verify depth is 1
1360 connections in 1.57s; 866.24 connections/user sec, bytes read 0
1360 connections in 11 real seconds, 0 bytes read per connection
Execution 37
s_time: verify depth is 1
2503 connections in 2.70s; 927.04 connections/user sec, bytes read 0
2503 connections in 11 real seconds, 0 bytes read per connection
Execution 38
s_time: verify depth is 1
1542 connections in 1.72s; 896.51 connections/user sec, bytes read 0
1542 connections in 11 real seconds, 0 bytes read per connection
Execution 39
s_time: verify depth is 1
2369 connections in 2.66s; 890.60 connections/user sec, bytes read 0
2369 connections in 12 real seconds, 0 bytes read per connection
Execution 40
s_time: verify depth is 1
2000 connections in 2.33s; 858.37 connections/user sec, bytes read 0
2000 connections in 11 real seconds, 0 bytes read per connection
Execution 41
s_time: verify depth is 1
3282 connections in 3.75s; 875.20 connections/user sec, bytes read 0
3282 connections in 11 real seconds, 0 bytes read per connection
Execution 42
s_time: verify depth is 1
2482 connections in 2.81s; 883.27 connections/user sec, bytes read 0
2482 connections in 11 real seconds, 0 bytes read per connection
Execution 43
s_time: verify depth is 1
2581 connections in 2.85s; 905.61 connections/user sec, bytes read 0
2581 connections in 11 real seconds, 0 bytes read per connection
Execution 44
s_time: verify depth is 1
2381 connections in 2.66s; 895.11 connections/user sec, bytes read 0
2381 connections in 11 real seconds, 0 bytes read per connection
Execution 45
s_time: verify depth is 1
2273 connections in 2.50s; 909.20 connections/user sec, bytes read 0
2273 connections in 14 real seconds, 0 bytes read per connection
Execution 46
s_time: verify depth is 1
2465 connections in 2.71s; 909.59 connections/user sec, bytes read 0
2465 connections in 11 real seconds, 0 bytes read per connection
Execution 47
s_time: verify depth is 1
2528 connections in 2.91s; 868.73 connections/user sec, bytes read 0
2528 connections in 11 real seconds, 0 bytes read per connection
Execution 48
s_time: verify depth is 1
1932 connections in 2.08s; 928.85 connections/user sec, bytes read 0
1932 connections in 13 real seconds, 0 bytes read per connection
Execution 49
s_time: verify depth is 1
1887 connections in 2.02s; 934.16 connections/user sec, bytes read 0
1887 connections in 11 real seconds, 0 bytes read per connection
Execution 50
s_time: verify depth is 1
3521 connections in 3.93s; 895.93 connections/user sec, bytes read 0
3521 connections in 11 real seconds, 0 bytes read per connection
tc
Mostrando el estado de qdisc para la interfaz: lo
qdisc netem 82c0: root refcnt 2 limit 1000 loss 0.1%
 Sent 0 bytes 0 pkt (dropped 0, overlimits 0 requeues 0) 
 backlog 0b 0p requeues 0
-----
-----
Certificate request self-signature ok
subject=CN=localhost
Running /opt/oqssa/bin/perftestServer.sh with SIG_ALG=ed25519 and KEM_ALG=mlkem512

Using default temp DH parameters
ACCEPT
Execution 1
s_time: verify depth is 1
3337 connections in 3.00s; 1112.33 connections/user sec, bytes read 0
3337 connections in 11 real seconds, 0 bytes read per connection
Execution 2
s_time: verify depth is 1
2755 connections in 2.47s; 1115.38 connections/user sec, bytes read 0
2755 connections in 11 real seconds, 0 bytes read per connection
Execution 3
s_time: verify depth is 1
1841 connections in 1.68s; 1095.83 connections/user sec, bytes read 0
1841 connections in 11 real seconds, 0 bytes read per connection
Execution 4
s_time: verify depth is 1
3165 connections in 2.74s; 1155.11 connections/user sec, bytes read 0
3165 connections in 11 real seconds, 0 bytes read per connection
Execution 5
s_time: verify depth is 1
3473 connections in 3.20s; 1085.31 connections/user sec, bytes read 0
3473 connections in 11 real seconds, 0 bytes read per connection
Execution 6
s_time: verify depth is 1
2817 connections in 2.55s; 1104.71 connections/user sec, bytes read 0
2817 connections in 11 real seconds, 0 bytes read per connection
Execution 7
s_time: verify depth is 1
2675 connections in 2.32s; 1153.02 connections/user sec, bytes read 0
2675 connections in 11 real seconds, 0 bytes read per connection
Execution 8
s_time: verify depth is 1
3826 connections in 3.46s; 1105.78 connections/user sec, bytes read 0
3826 connections in 11 real seconds, 0 bytes read per connection
Execution 9
s_time: verify depth is 1
1765 connections in 1.50s; 1176.67 connections/user sec, bytes read 0
1765 connections in 13 real seconds, 0 bytes read per connection
Execution 10
s_time: verify depth is 1
1600 connections in 1.47s; 1088.44 connections/user sec, bytes read 0
1600 connections in 11 real seconds, 0 bytes read per connection
Execution 11
s_time: verify depth is 1
3224 connections in 2.92s; 1104.11 connections/user sec, bytes read 0
3224 connections in 11 real seconds, 0 bytes read per connection
Execution 12
s_time: verify depth is 1
2946 connections in 2.60s; 1133.08 connections/user sec, bytes read 0
2946 connections in 13 real seconds, 0 bytes read per connection
Execution 13
s_time: verify depth is 1
3156 connections in 2.86s; 1103.50 connections/user sec, bytes read 0
3156 connections in 11 real seconds, 0 bytes read per connection
Execution 14
s_time: verify depth is 1
2788 connections in 2.48s; 1124.19 connections/user sec, bytes read 0
2788 connections in 11 real seconds, 0 bytes read per connection
Execution 15
s_time: verify depth is 1
2741 connections in 2.41s; 1137.34 connections/user sec, bytes read 0
2741 connections in 14 real seconds, 0 bytes read per connection
Execution 16
s_time: verify depth is 1
1827 connections in 1.59s; 1149.06 connections/user sec, bytes read 0
1827 connections in 11 real seconds, 0 bytes read per connection
Execution 17
s_time: verify depth is 1
3723 connections in 3.42s; 1088.60 connections/user sec, bytes read 0
3723 connections in 11 real seconds, 0 bytes read per connection
Execution 18
s_time: verify depth is 1
2026 connections in 1.82s; 1113.19 connections/user sec, bytes read 0
2026 connections in 14 real seconds, 0 bytes read per connection
Execution 19
s_time: verify depth is 1
2118 connections in 1.90s; 1114.74 connections/user sec, bytes read 0
2118 connections in 11 real seconds, 0 bytes read per connection
Execution 20
s_time: verify depth is 1
2562 connections in 2.32s; 1104.31 connections/user sec, bytes read 0
2562 connections in 11 real seconds, 0 bytes read per connection
Execution 21
s_time: verify depth is 1
4142 connections in 3.67s; 1128.61 connections/user sec, bytes read 0
4142 connections in 14 real seconds, 0 bytes read per connection
Execution 22
s_time: verify depth is 1
3118 connections in 2.82s; 1105.67 connections/user sec, bytes read 0
3118 connections in 11 real seconds, 0 bytes read per connection
Execution 23
s_time: verify depth is 1
2525 connections in 2.26s; 1117.26 connections/user sec, bytes read 0
2525 connections in 11 real seconds, 0 bytes read per connection
Execution 24
s_time: verify depth is 1
3546 connections in 3.10s; 1143.87 connections/user sec, bytes read 0
3546 connections in 13 real seconds, 0 bytes read per connection
Execution 25
s_time: verify depth is 1
2124 connections in 1.94s; 1094.85 connections/user sec, bytes read 0
2124 connections in 11 real seconds, 0 bytes read per connection
Execution 26
s_time: verify depth is 1
3254 connections in 2.84s; 1145.77 connections/user sec, bytes read 0
3254 connections in 11 real seconds, 0 bytes read per connection
Execution 27
s_time: verify depth is 1
2954 connections in 2.55s; 1158.43 connections/user sec, bytes read 0
2954 connections in 15 real seconds, 0 bytes read per connection
Execution 28
s_time: verify depth is 1
2348 connections in 2.06s; 1139.81 connections/user sec, bytes read 0
2348 connections in 11 real seconds, 0 bytes read per connection
Execution 29
s_time: verify depth is 1
3039 connections in 2.69s; 1129.74 connections/user sec, bytes read 0
3039 connections in 11 real seconds, 0 bytes read per connection
Execution 30
s_time: verify depth is 1
3774 connections in 3.30s; 1143.64 connections/user sec, bytes read 0
3774 connections in 13 real seconds, 0 bytes read per connection
Execution 31
s_time: verify depth is 1
3175 connections in 2.85s; 1114.04 connections/user sec, bytes read 0
3175 connections in 11 real seconds, 0 bytes read per connection
Execution 32
s_time: verify depth is 1
3426 connections in 3.12s; 1098.08 connections/user sec, bytes read 0
3426 connections in 11 real seconds, 0 bytes read per connection
Execution 33
s_time: verify depth is 1
2370 connections in 2.09s; 1133.97 connections/user sec, bytes read 0
2370 connections in 14 real seconds, 0 bytes read per connection
Execution 34
s_time: verify depth is 1
3090 connections in 2.78s; 1111.51 connections/user sec, bytes read 0
3090 connections in 11 real seconds, 0 bytes read per connection
Execution 35
s_time: verify depth is 1
3568 connections in 3.12s; 1143.59 connections/user sec, bytes read 0
3568 connections in 11 real seconds, 0 bytes read per connection
Execution 36
s_time: verify depth is 1
2368 connections in 2.13s; 1111.74 connections/user sec, bytes read 0
2368 connections in 14 real seconds, 0 bytes read per connection
Execution 37
s_time: verify depth is 1
3138 connections in 2.82s; 1112.77 connections/user sec, bytes read 0
3138 connections in 11 real seconds, 0 bytes read per connection
Execution 38
s_time: verify depth is 1
1798 connections in 1.56s; 1152.56 connections/user sec, bytes read 0
1798 connections in 11 real seconds, 0 bytes read per connection
Execution 39
s_time: verify depth is 1
4590 connections in 3.97s; 1156.17 connections/user sec, bytes read 0
4590 connections in 14 real seconds, 0 bytes read per connection
Execution 40
s_time: verify depth is 1
2638 connections in 2.35s; 1122.55 connections/user sec, bytes read 0
2638 connections in 11 real seconds, 0 bytes read per connection
Execution 41
s_time: verify depth is 1
3249 connections in 2.94s; 1105.10 connections/user sec, bytes read 0
3249 connections in 11 real seconds, 0 bytes read per connection
Execution 42
s_time: verify depth is 1
3379 connections in 2.95s; 1145.42 connections/user sec, bytes read 0
3379 connections in 13 real seconds, 0 bytes read per connection
Execution 43
s_time: verify depth is 1
4112 connections in 3.66s; 1123.50 connections/user sec, bytes read 0
4112 connections in 11 real seconds, 0 bytes read per connection
Execution 44
s_time: verify depth is 1
2304 connections in 2.01s; 1146.27 connections/user sec, bytes read 0
2304 connections in 11 real seconds, 0 bytes read per connection
Execution 45
s_time: verify depth is 1
3702 connections in 3.32s; 1115.06 connections/user sec, bytes read 0
3702 connections in 11 real seconds, 0 bytes read per connection
Execution 46
s_time: verify depth is 1
2538 connections in 2.27s; 1118.06 connections/user sec, bytes read 0
2538 connections in 11 real seconds, 0 bytes read per connection
Execution 47
s_time: verify depth is 1
3024 connections in 2.66s; 1136.84 connections/user sec, bytes read 0
3024 connections in 11 real seconds, 0 bytes read per connection
Execution 48
s_time: verify depth is 1
1754 connections in 1.58s; 1110.13 connections/user sec, bytes read 0
1754 connections in 11 real seconds, 0 bytes read per connection
Execution 49
s_time: verify depth is 1
2144 connections in 1.90s; 1128.42 connections/user sec, bytes read 0
2144 connections in 11 real seconds, 0 bytes read per connection
Execution 50
s_time: verify depth is 1
2741 connections in 2.51s; 1092.03 connections/user sec, bytes read 0
2741 connections in 11 real seconds, 0 bytes read per connection
