tc
Mostrando el estado de qdisc para la interfaz: lo
qdisc netem 815e: root refcnt 2 limit 1000 loss 0.7%
 Sent 0 bytes 0 pkt (dropped 0, overlimits 0 requeues 0) 
 backlog 0b 0p requeues 0
Certificate request self-signature ok
subject=CN=localhost
Running /opt/oqssa/bin/perftestServerECDSA.sh with SIG_ALG=secp384r1 and KEM_ALG=P-384

Using default temp DH parameters
ACCEPT
Execution 1
s_time: verify depth is 1
558 connections in 3.81s; 146.46 connections/user sec, bytes read 0
558 connections in 11 real seconds, 0 bytes read per connection
Execution 2
s_time: verify depth is 1
259 connections in 1.90s; 136.32 connections/user sec, bytes read 0
259 connections in 11 real seconds, 0 bytes read per connection
Execution 3
s_time: verify depth is 1
376 connections in 2.47s; 152.23 connections/user sec, bytes read 0
376 connections in 11 real seconds, 0 bytes read per connection
Execution 4
s_time: verify depth is 1
406 connections in 2.92s; 139.04 connections/user sec, bytes read 0
406 connections in 11 real seconds, 0 bytes read per connection
Execution 5
s_time: verify depth is 1
239 connections in 1.60s; 149.38 connections/user sec, bytes read 0
239 connections in 11 real seconds, 0 bytes read per connection
Execution 6
s_time: verify depth is 1
515 connections in 3.46s; 148.84 connections/user sec, bytes read 0
515 connections in 11 real seconds, 0 bytes read per connection
Execution 7
s_time: verify depth is 1
371 connections in 2.75s; 134.91 connections/user sec, bytes read 0
371 connections in 11 real seconds, 0 bytes read per connection
Execution 8
s_time: verify depth is 1
373 connections in 2.64s; 141.29 connections/user sec, bytes read 0
373 connections in 13 real seconds, 0 bytes read per connection
Execution 9
s_time: verify depth is 1
473 connections in 3.37s; 140.36 connections/user sec, bytes read 0
473 connections in 11 real seconds, 0 bytes read per connection
Execution 10
s_time: verify depth is 1
405 connections in 2.75s; 147.27 connections/user sec, bytes read 0
405 connections in 11 real seconds, 0 bytes read per connection
Execution 11
s_time: verify depth is 1
402 connections in 2.86s; 140.56 connections/user sec, bytes read 0
402 connections in 14 real seconds, 0 bytes read per connection
Execution 12
s_time: verify depth is 1
501 connections in 3.41s; 146.92 connections/user sec, bytes read 0
501 connections in 11 real seconds, 0 bytes read per connection
Execution 13
s_time: verify depth is 1
528 connections in 3.92s; 134.69 connections/user sec, bytes read 0
528 connections in 11 real seconds, 0 bytes read per connection
Execution 14
s_time: verify depth is 1
357 connections in 2.39s; 149.37 connections/user sec, bytes read 0
357 connections in 14 real seconds, 0 bytes read per connection
Execution 15
s_time: verify depth is 1
247 connections in 1.72s; 143.60 connections/user sec, bytes read 0
247 connections in 11 real seconds, 0 bytes read per connection
Execution 16
s_time: verify depth is 1
373 connections in 2.69s; 138.66 connections/user sec, bytes read 0
373 connections in 11 real seconds, 0 bytes read per connection
Execution 17
s_time: verify depth is 1
313 connections in 2.11s; 148.34 connections/user sec, bytes read 0
313 connections in 11 real seconds, 0 bytes read per connection
Execution 18
s_time: verify depth is 1
402 connections in 2.60s; 154.62 connections/user sec, bytes read 0
402 connections in 11 real seconds, 0 bytes read per connection
Execution 19
s_time: verify depth is 1
340 connections in 2.45s; 138.78 connections/user sec, bytes read 0
340 connections in 12 real seconds, 0 bytes read per connection
Execution 20
s_time: verify depth is 1
250 connections in 1.55s; 161.29 connections/user sec, bytes read 0
250 connections in 11 real seconds, 0 bytes read per connection
Execution 21
s_time: verify depth is 1
390 connections in 2.59s; 150.58 connections/user sec, bytes read 0
390 connections in 11 real seconds, 0 bytes read per connection
Execution 22
s_time: verify depth is 1
289 connections in 1.92s; 150.52 connections/user sec, bytes read 0
289 connections in 11 real seconds, 0 bytes read per connection
Execution 23
s_time: verify depth is 1
377 connections in 2.49s; 151.41 connections/user sec, bytes read 0
377 connections in 11 real seconds, 0 bytes read per connection
Execution 24
s_time: verify depth is 1
220 connections in 1.49s; 147.65 connections/user sec, bytes read 0
220 connections in 11 real seconds, 0 bytes read per connection
Execution 25
s_time: verify depth is 1
274 connections in 1.86s; 147.31 connections/user sec, bytes read 0
274 connections in 12 real seconds, 0 bytes read per connection
Execution 26
s_time: verify depth is 1
525 connections in 3.42s; 153.51 connections/user sec, bytes read 0
525 connections in 11 real seconds, 0 bytes read per connection
Execution 27
s_time: verify depth is 1
323 connections in 2.10s; 153.81 connections/user sec, bytes read 0
323 connections in 11 real seconds, 0 bytes read per connection
Execution 28
s_time: verify depth is 1
377 connections in 2.62s; 143.89 connections/user sec, bytes read 0
377 connections in 14 real seconds, 0 bytes read per connection
Execution 29
s_time: verify depth is 1
362 connections in 2.39s; 151.46 connections/user sec, bytes read 0
362 connections in 11 real seconds, 0 bytes read per connection
Execution 30
s_time: verify depth is 1
350 connections in 2.37s; 147.68 connections/user sec, bytes read 0
350 connections in 11 real seconds, 0 bytes read per connection
Execution 31
s_time: verify depth is 1
297 connections in 2.00s; 148.50 connections/user sec, bytes read 0
297 connections in 13 real seconds, 0 bytes read per connection
Execution 32
s_time: verify depth is 1
454 connections in 2.92s; 155.48 connections/user sec, bytes read 0
454 connections in 11 real seconds, 0 bytes read per connection
Execution 33
s_time: verify depth is 1
523 connections in 3.44s; 152.03 connections/user sec, bytes read 0
523 connections in 11 real seconds, 0 bytes read per connection
Execution 34
s_time: verify depth is 1
235 connections in 1.49s; 157.72 connections/user sec, bytes read 0
235 connections in 14 real seconds, 0 bytes read per connection
Execution 35
s_time: verify depth is 1
343 connections in 2.03s; 168.97 connections/user sec, bytes read 0
343 connections in 11 real seconds, 0 bytes read per connection
Execution 36
s_time: verify depth is 1
221 connections in 1.45s; 152.41 connections/user sec, bytes read 0
221 connections in 11 real seconds, 0 bytes read per connection
Execution 37
s_time: verify depth is 1
226 connections in 1.37s; 164.96 connections/user sec, bytes read 0
226 connections in 11 real seconds, 0 bytes read per connection
Execution 38
s_time: verify depth is 1
251 connections in 1.51s; 166.23 connections/user sec, bytes read 0
251 connections in 11 real seconds, 0 bytes read per connection
Execution 39
s_time: verify depth is 1
436 connections in 2.64s; 165.15 connections/user sec, bytes read 0
436 connections in 11 real seconds, 0 bytes read per connection
Execution 40
s_time: verify depth is 1
331 connections in 2.10s; 157.62 connections/user sec, bytes read 0
331 connections in 13 real seconds, 0 bytes read per connection
Execution 41
s_time: verify depth is 1
428 connections in 2.77s; 154.51 connections/user sec, bytes read 0
428 connections in 11 real seconds, 0 bytes read per connection
Execution 42
s_time: verify depth is 1
317 connections in 1.90s; 166.84 connections/user sec, bytes read 0
317 connections in 12 real seconds, 0 bytes read per connection
Execution 43
s_time: verify depth is 1
225 connections in 1.40s; 160.71 connections/user sec, bytes read 0
225 connections in 12 real seconds, 0 bytes read per connection
Execution 44
s_time: verify depth is 1
436 connections in 2.72s; 160.29 connections/user sec, bytes read 0
436 connections in 11 real seconds, 0 bytes read per connection
Execution 45
s_time: verify depth is 1
398 connections in 2.39s; 166.53 connections/user sec, bytes read 0
398 connections in 11 real seconds, 0 bytes read per connection
Execution 46
s_time: verify depth is 1
358 connections in 2.29s; 156.33 connections/user sec, bytes read 0
358 connections in 13 real seconds, 0 bytes read per connection
Execution 47
s_time: verify depth is 1
351 connections in 2.11s; 166.35 connections/user sec, bytes read 0
351 connections in 11 real seconds, 0 bytes read per connection
xecution 48
s_time: verify depth is 1
182 connections in 1.09s; 166.97 connections/user sec, bytes read 0
182 connections in 11 real seconds, 0 bytes read per connection
Execution 49
s_time: verify depth is 1
533 connections in 3.15s; 169.21 connections/user sec, bytes read 0
533 connections in 11 real seconds, 0 bytes read per connection
Execution 50
s_time: verify depth is 1
422 connections in 2.56s; 164.84 connections/user sec, bytes read 0
422 connections in 11 real seconds, 0 bytes read per connection
tc
Mostrando el estado de qdisc para la interfaz: lo
qdisc netem 815f: root refcnt 2 limit 1000 loss 0.7%
 Sent 0 bytes 0 pkt (dropped 0, overlimits 0 requeues 0) 
 backlog 0b 0p requeues 0
Certificate request self-signature ok
subject=CN=localhost
Running /opt/oqssa/bin/perftestServerECDSA.sh with SIG_ALG=secp384r1 and KEM_ALG=mlkem768

Using default temp DH parameters
ACCEPT
Execution 1
s_time: verify depth is 1
549 connections in 1.64s; 334.76 connections/user sec, bytes read 0
549 connections in 11 real seconds, 0 bytes read per connection
Execution 2
s_time: verify depth is 1
541 connections in 1.54s; 351.30 connections/user sec, bytes read 0
541 connections in 11 real seconds, 0 bytes read per connection
Execution 3
s_time: verify depth is 1
203 connections in 0.61s; 332.79 connections/user sec, bytes read 0
203 connections in 11 real seconds, 0 bytes read per connection
Execution 4
s_time: verify depth is 1
555 connections in 1.54s; 360.39 connections/user sec, bytes read 0
555 connections in 11 real seconds, 0 bytes read per connection
Execution 5
s_time: verify depth is 1
599 connections in 1.71s; 350.29 connections/user sec, bytes read 0
599 connections in 11 real seconds, 0 bytes read per connection
Execution 6
s_time: verify depth is 1
266 connections in 0.82s; 324.39 connections/user sec, bytes read 0
266 connections in 11 real seconds, 0 bytes read per connection
Execution 7
s_time: verify depth is 1
637 connections in 1.89s; 337.04 connections/user sec, bytes read 0
637 connections in 11 real seconds, 0 bytes read per connection
Execution 8
s_time: verify depth is 1
583 connections in 1.66s; 351.20 connections/user sec, bytes read 0
583 connections in 11 real seconds, 0 bytes read per connection
Execution 9
s_time: verify depth is 1
385 connections in 1.11s; 346.85 connections/user sec, bytes read 0
385 connections in 13 real seconds, 0 bytes read per connection
Execution 10
s_time: verify depth is 1
567 connections in 1.66s; 341.57 connections/user sec, bytes read 0
567 connections in 11 real seconds, 0 bytes read per connection
Execution 11
s_time: verify depth is 1
488 connections in 1.31s; 372.52 connections/user sec, bytes read 0
488 connections in 11 real seconds, 0 bytes read per connection
Execution 12
s_time: verify depth is 1
509 connections in 1.47s; 346.26 connections/user sec, bytes read 0
509 connections in 14 real seconds, 0 bytes read per connection
Execution 13
s_time: verify depth is 1
607 connections in 1.67s; 363.47 connections/user sec, bytes read 0
607 connections in 11 real seconds, 0 bytes read per connection
Execution 14
s_time: verify depth is 1
624 connections in 1.91s; 326.70 connections/user sec, bytes read 0
624 connections in 11 real seconds, 0 bytes read per connection
Execution 15
s_time: verify depth is 1
509 connections in 1.63s; 312.27 connections/user sec, bytes read 0
509 connections in 14 real seconds, 0 bytes read per connection
Execution 16
s_time: verify depth is 1
503 connections in 1.44s; 349.31 connections/user sec, bytes read 0
503 connections in 11 real seconds, 0 bytes read per connection
Execution 17
s_time: verify depth is 1
755 connections in 2.13s; 354.46 connections/user sec, bytes read 0
755 connections in 11 real seconds, 0 bytes read per connection
Execution 18
s_time: verify depth is 1
351 connections in 1.06s; 331.13 connections/user sec, bytes read 0
351 connections in 14 real seconds, 0 bytes read per connection
Execution 19
s_time: verify depth is 1
500 connections in 1.43s; 349.65 connections/user sec, bytes read 0
500 connections in 11 real seconds, 0 bytes read per connection
Execution 20
s_time: verify depth is 1
478 connections in 1.36s; 351.47 connections/user sec, bytes read 0
478 connections in 11 real seconds, 0 bytes read per connection
Execution 21
s_time: verify depth is 1
756 connections in 2.17s; 348.39 connections/user sec, bytes read 0
756 connections in 14 real seconds, 0 bytes read per connection
Execution 22
s_time: verify depth is 1
369 connections in 1.03s; 358.25 connections/user sec, bytes read 0
369 connections in 11 real seconds, 0 bytes read per connection
Execution 23
s_time: verify depth is 1
453 connections in 1.39s; 325.90 connections/user sec, bytes read 0
453 connections in 11 real seconds, 0 bytes read per connection
Execution 24
s_time: verify depth is 1
495 connections in 1.44s; 343.75 connections/user sec, bytes read 0
495 connections in 13 real seconds, 0 bytes read per connection
Execution 25
s_time: verify depth is 1
531 connections in 1.51s; 351.66 connections/user sec, bytes read 0
531 connections in 11 real seconds, 0 bytes read per connection
Execution 26
s_time: verify depth is 1
347 connections in 1.10s; 315.45 connections/user sec, bytes read 0
347 connections in 11 real seconds, 0 bytes read per connection
Execution 27
s_time: verify depth is 1
455 connections in 1.26s; 361.11 connections/user sec, bytes read 0
455 connections in 14 real seconds, 0 bytes read per connection
Execution 28
s_time: verify depth is 1
474 connections in 1.35s; 351.11 connections/user sec, bytes read 0
474 connections in 11 real seconds, 0 bytes read per connection
Execution 29
s_time: verify depth is 1
952 connections in 2.72s; 350.00 connections/user sec, bytes read 0
952 connections in 11 real seconds, 0 bytes read per connection
Execution 30
s_time: verify depth is 1
535 connections in 1.71s; 312.87 connections/user sec, bytes read 0
535 connections in 15 real seconds, 0 bytes read per connection
Execution 31
s_time: verify depth is 1
558 connections in 1.61s; 346.58 connections/user sec, bytes read 0
558 connections in 11 real seconds, 0 bytes read per connection
Execution 32
s_time: verify depth is 1
357 connections in 1.10s; 324.55 connections/user sec, bytes read 0
357 connections in 11 real seconds, 0 bytes read per connection
Execution 33
s_time: verify depth is 1
257 connections in 0.85s; 302.35 connections/user sec, bytes read 0
257 connections in 13 real seconds, 0 bytes read per connection
Execution 34
s_time: verify depth is 1
646 connections in 1.86s; 347.31 connections/user sec, bytes read 0
646 connections in 11 real seconds, 0 bytes read per connection
Execution 35
s_time: verify depth is 1
684 connections in 2.15s; 318.14 connections/user sec, bytes read 0
684 connections in 11 real seconds, 0 bytes read per connection
Execution 36
s_time: verify depth is 1
704 connections in 2.00s; 352.00 connections/user sec, bytes read 0
704 connections in 14 real seconds, 0 bytes read per connection
Execution 37
s_time: verify depth is 1
549 connections in 1.60s; 343.12 connections/user sec, bytes read 0
549 connections in 11 real seconds, 0 bytes read per connection
Execution 38
s_time: verify depth is 1
513 connections in 1.44s; 356.25 connections/user sec, bytes read 0
513 connections in 11 real seconds, 0 bytes read per connection
Execution 39
s_time: verify depth is 1
555 connections in 1.70s; 326.47 connections/user sec, bytes read 0
555 connections in 14 real seconds, 0 bytes read per connection
Execution 40
s_time: verify depth is 1
391 connections in 1.11s; 352.25 connections/user sec, bytes read 0
391 connections in 11 real seconds, 0 bytes read per connection
Execution 41
s_time: verify depth is 1
371 connections in 1.10s; 337.27 connections/user sec, bytes read 0
371 connections in 11 real seconds, 0 bytes read per connection
Execution 42
s_time: verify depth is 1
771 connections in 2.19s; 352.05 connections/user sec, bytes read 0
771 connections in 15 real seconds, 0 bytes read per connection
Execution 43
s_time: verify depth is 1
503 connections in 1.42s; 354.23 connections/user sec, bytes read 0
503 connections in 11 real seconds, 0 bytes read per connection
Execution 44
s_time: verify depth is 1
558 connections in 1.59s; 350.94 connections/user sec, bytes read 0
558 connections in 11 real seconds, 0 bytes read per connection
Execution 45
s_time: verify depth is 1
323 connections in 0.92s; 351.09 connections/user sec, bytes read 0
323 connections in 13 real seconds, 0 bytes read per connection
Execution 46
s_time: verify depth is 1
518 connections in 1.55s; 334.19 connections/user sec, bytes read 0
518 connections in 11 real seconds, 0 bytes read per connection
Execution 47
s_time: verify depth is 1
686 connections in 1.94s; 353.61 connections/user sec, bytes read 0
686 connections in 11 real seconds, 0 bytes read per connection
Execution 48
s_time: verify depth is 1
648 connections in 2.10s; 308.57 connections/user sec, bytes read 0
648 connections in 11 real seconds, 0 bytes read per connection
Execution 49
s_time: verify depth is 1
459 connections in 1.37s; 335.04 connections/user sec, bytes read 0
459 connections in 11 real seconds, 0 bytes read per connection
Execution 50
s_time: verify depth is 1
265 connections in 0.79s; 335.44 connections/user sec, bytes read 0
265 connections in 11 real seconds, 0 bytes read per connection
tc
Mostrando el estado de qdisc para la interfaz: lo
qdisc netem 8160: root refcnt 2 limit 1000 loss 0.7%
 Sent 0 bytes 0 pkt (dropped 0, overlimits 0 requeues 0) 
 backlog 0b 0p requeues 0
-----
-----
Certificate request self-signature ok
subject=CN=localhost
Running /opt/oqssa/bin/perftestServer.sh with SIG_ALG=mldsa65 and KEM_ALG=P-384

Using default temp DH parameters
ACCEPT
Execution 1
s_time: verify depth is 1
536 connections in 2.21s; 242.53 connections/user sec, bytes read 0
536 connections in 11 real seconds, 0 bytes read per connection
Execution 2
s_time: verify depth is 1
191 connections in 0.87s; 219.54 connections/user sec, bytes read 0
191 connections in 11 real seconds, 0 bytes read per connection
Execution 3
s_time: verify depth is 1
530 connections in 2.16s; 245.37 connections/user sec, bytes read 0
530 connections in 11 real seconds, 0 bytes read per connection
Execution 4
s_time: verify depth is 1
222 connections in 1.01s; 219.80 connections/user sec, bytes read 0
222 connections in 11 real seconds, 0 bytes read per connection
Execution 5
s_time: verify depth is 1
341 connections in 1.37s; 248.91 connections/user sec, bytes read 0
341 connections in 12 real seconds, 0 bytes read per connection
Execution 6
s_time: verify depth is 1
436 connections in 1.86s; 234.41 connections/user sec, bytes read 0
436 connections in 11 real seconds, 0 bytes read per connection
Execution 7
s_time: verify depth is 1
485 connections in 2.00s; 242.50 connections/user sec, bytes read 0
485 connections in 11 real seconds, 0 bytes read per connection
Execution 8
s_time: verify depth is 1
455 connections in 1.90s; 239.47 connections/user sec, bytes read 0
455 connections in 13 real seconds, 0 bytes read per connection
Execution 9
s_time: verify depth is 1
687 connections in 2.87s; 239.37 connections/user sec, bytes read 0
687 connections in 11 real seconds, 0 bytes read per connection
Execution 10
s_time: verify depth is 1
448 connections in 1.82s; 246.15 connections/user sec, bytes read 0
448 connections in 11 real seconds, 0 bytes read per connection
Execution 11
s_time: verify depth is 1
377 connections in 1.57s; 240.13 connections/user sec, bytes read 0
377 connections in 14 real seconds, 0 bytes read per connection
Execution 12
s_time: verify depth is 1
267 connections in 1.14s; 234.21 connections/user sec, bytes read 0
267 connections in 11 real seconds, 0 bytes read per connection
Execution 13
s_time: verify depth is 1
572 connections in 2.33s; 245.49 connections/user sec, bytes read 0
572 connections in 11 real seconds, 0 bytes read per connection
Execution 14
s_time: verify depth is 1
474 connections in 2.00s; 237.00 connections/user sec, bytes read 0
474 connections in 13 real seconds, 0 bytes read per connection
Execution 15
s_time: verify depth is 1
577 connections in 2.40s; 240.42 connections/user sec, bytes read 0
577 connections in 11 real seconds, 0 bytes read per connection
Execution 16
s_time: verify depth is 1
541 connections in 2.21s; 244.80 connections/user sec, bytes read 0
541 connections in 11 real seconds, 0 bytes read per connection
Execution 17
s_time: verify depth is 1
399 connections in 1.77s; 225.42 connections/user sec, bytes read 0
399 connections in 14 real seconds, 0 bytes read per connection
Execution 18
s_time: verify depth is 1
489 connections in 2.01s; 243.28 connections/user sec, bytes read 0
489 connections in 11 real seconds, 0 bytes read per connection
Execution 19
s_time: verify depth is 1
577 connections in 2.36s; 244.49 connections/user sec, bytes read 0
577 connections in 11 real seconds, 0 bytes read per connection
Execution 20
s_time: verify depth is 1
327 connections in 1.48s; 220.95 connections/user sec, bytes read 0
327 connections in 14 real seconds, 0 bytes read per connection
Execution 21
s_time: verify depth is 1
368 connections in 1.51s; 243.71 connections/user sec, bytes read 0
368 connections in 11 real seconds, 0 bytes read per connection
Execution 22
s_time: verify depth is 1
217 connections in 0.92s; 235.87 connections/user sec, bytes read 0
217 connections in 11 real seconds, 0 bytes read per connection
Execution 23
s_time: verify depth is 1
611 connections in 2.61s; 234.10 connections/user sec, bytes read 0
611 connections in 14 real seconds, 0 bytes read per connection
Execution 24
s_time: verify depth is 1
426 connections in 1.76s; 242.05 connections/user sec, bytes read 0
426 connections in 11 real seconds, 0 bytes read per connection
Execution 25
s_time: verify depth is 1
469 connections in 1.89s; 248.15 connections/user sec, bytes read 0
469 connections in 11 real seconds, 0 bytes read per connection
Execution 26
s_time: verify depth is 1
449 connections in 1.91s; 235.08 connections/user sec, bytes read 0
449 connections in 13 real seconds, 0 bytes read per connection
Execution 27
s_time: verify depth is 1
311 connections in 1.26s; 246.83 connections/user sec, bytes read 0
311 connections in 11 real seconds, 0 bytes read per connection
Execution 28
s_time: verify depth is 1
316 connections in 1.36s; 232.35 connections/user sec, bytes read 0
316 connections in 11 real seconds, 0 bytes read per connection
Execution 29
s_time: verify depth is 1
376 connections in 1.60s; 235.00 connections/user sec, bytes read 0
376 connections in 14 real seconds, 0 bytes read per connection
Execution 30
s_time: verify depth is 1
229 connections in 1.04s; 220.19 connections/user sec, bytes read 0
229 connections in 11 real seconds, 0 bytes read per connection
Execution 31
s_time: verify depth is 1
590 connections in 2.43s; 242.80 connections/user sec, bytes read 0
590 connections in 11 real seconds, 0 bytes read per connection
Execution 32
s_time: verify depth is 1
558 connections in 2.38s; 234.45 connections/user sec, bytes read 0
558 connections in 14 real seconds, 0 bytes read per connection
Execution 33
s_time: verify depth is 1
570 connections in 2.34s; 243.59 connections/user sec, bytes read 0
570 connections in 11 real seconds, 0 bytes read per connection
Execution 34
s_time: verify depth is 1
398 connections in 1.92s; 207.29 connections/user sec, bytes read 0
398 connections in 11 real seconds, 0 bytes read per connection
Execution 35
s_time: verify depth is 1
280 connections in 1.23s; 227.64 connections/user sec, bytes read 0
280 connections in 14 real seconds, 0 bytes read per connection
Execution 36
s_time: verify depth is 1
463 connections in 1.88s; 246.28 connections/user sec, bytes read 0
463 connections in 11 real seconds, 0 bytes read per connection
Execution 37
s_time: verify depth is 1
367 connections in 1.56s; 235.26 connections/user sec, bytes read 0
367 connections in 11 real seconds, 0 bytes read per connection
Execution 38
s_time: verify depth is 1
632 connections in 2.58s; 244.96 connections/user sec, bytes read 0
632 connections in 13 real seconds, 0 bytes read per connection
Execution 39
s_time: verify depth is 1
421 connections in 1.84s; 228.80 connections/user sec, bytes read 0
421 connections in 11 real seconds, 0 bytes read per connection
Execution 40
s_time: verify depth is 1
469 connections in 2.14s; 219.16 connections/user sec, bytes read 0
469 connections in 11 real seconds, 0 bytes read per connection
Execution 41
s_time: verify depth is 1
410 connections in 1.88s; 218.09 connections/user sec, bytes read 0
410 connections in 11 real seconds, 0 bytes read per connection
Execution 42
s_time: verify depth is 1
377 connections in 1.68s; 224.40 connections/user sec, bytes read 0
377 connections in 11 real seconds, 0 bytes read per connection
Execution 43
s_time: verify depth is 1
446 connections in 1.81s; 246.41 connections/user sec, bytes read 0
446 connections in 11 real seconds, 0 bytes read per connection
Execution 44
s_time: verify depth is 1
493 connections in 2.09s; 235.89 connections/user sec, bytes read 0
493 connections in 11 real seconds, 0 bytes read per connection
Execution 45
s_time: verify depth is 1
307 connections in 1.22s; 251.64 connections/user sec, bytes read 0
307 connections in 11 real seconds, 0 bytes read per connection
Execution 46
s_time: verify depth is 1
392 connections in 1.64s; 239.02 connections/user sec, bytes read 0
392 connections in 11 real seconds, 0 bytes read per connection
Execution 47
s_time: verify depth is 1
421 connections in 1.67s; 252.10 connections/user sec, bytes read 0
421 connections in 11 real seconds, 0 bytes read per connection
Execution 48
s_time: verify depth is 1
234 connections in 0.97s; 241.24 connections/user sec, bytes read 0
234 connections in 13 real seconds, 0 bytes read per connection
Execution 49
s_time: verify depth is 1
329 connections in 1.35s; 243.70 connections/user sec, bytes read 0
329 connections in 11 real seconds, 0 bytes read per connection
Execution 50
s_time: verify depth is 1
361 connections in 1.62s; 222.84 connections/user sec, bytes read 0
361 connections in 11 real seconds, 0 bytes read per connection
tc
Mostrando el estado de qdisc para la interfaz: lo
qdisc netem 8161: root refcnt 2 limit 1000 loss 0.7%
 Sent 0 bytes 0 pkt (dropped 0, overlimits 0 requeues 0) 
 backlog 0b 0p requeues 0
-----
-----
Certificate request self-signature ok
subject=CN=localhost
Running /opt/oqssa/bin/perftestServer.sh with SIG_ALG=mldsa65 and KEM_ALG=mlkem768

Using default temp DH parameters
ACCEPT
Execution 1
s_time: verify depth is 1
415 connections in 0.34s; 1220.59 connections/user sec, bytes read 0
415 connections in 11 real seconds, 0 bytes read per connection
Execution 2
s_time: verify depth is 1
297 connections in 0.26s; 1142.31 connections/user sec, bytes read 0
297 connections in 11 real seconds, 0 bytes read per connection
Execution 3
s_time: verify depth is 1
409 connections in 0.38s; 1076.32 connections/user sec, bytes read 0
409 connections in 11 real seconds, 0 bytes read per connection
Execution 4
s_time: verify depth is 1
504 connections in 0.46s; 1095.65 connections/user sec, bytes read 0
504 connections in 11 real seconds, 0 bytes read per connection
Execution 5
s_time: verify depth is 1
504 connections in 0.42s; 1200.00 connections/user sec, bytes read 0
504 connections in 11 real seconds, 0 bytes read per connection
Execution 6
s_time: verify depth is 1
573 connections in 0.52s; 1101.92 connections/user sec, bytes read 0
573 connections in 11 real seconds, 0 bytes read per connection
Execution 7
s_time: verify depth is 1
583 connections in 0.50s; 1166.00 connections/user sec, bytes read 0
583 connections in 11 real seconds, 0 bytes read per connection
Execution 8
s_time: verify depth is 1
236 connections in 0.21s; 1123.81 connections/user sec, bytes read 0
236 connections in 11 real seconds, 0 bytes read per connection
Execution 9
s_time: verify depth is 1
660 connections in 0.65s; 1015.38 connections/user sec, bytes read 0
660 connections in 11 real seconds, 0 bytes read per connection
Execution 10
s_time: verify depth is 1
697 connections in 0.63s; 1106.35 connections/user sec, bytes read 0
697 connections in 11 real seconds, 0 bytes read per connection
Execution 11
s_time: verify depth is 1
280 connections in 0.25s; 1120.00 connections/user sec, bytes read 0
280 connections in 13 real seconds, 0 bytes read per connection
Execution 12
s_time: verify depth is 1
722 connections in 0.65s; 1110.77 connections/user sec, bytes read 0
722 connections in 11 real seconds, 0 bytes read per connection
Execution 13
s_time: verify depth is 1
733 connections in 0.66s; 1110.61 connections/user sec, bytes read 0
733 connections in 12 real seconds, 0 bytes read per connection
Execution 14
s_time: verify depth is 1
781 connections in 0.65s; 1201.54 connections/user sec, bytes read 0
781 connections in 11 real seconds, 0 bytes read per connection
Execution 15
s_time: verify depth is 1
548 connections in 0.46s; 1191.30 connections/user sec, bytes read 0
548 connections in 11 real seconds, 0 bytes read per connection
Execution 16
s_time: verify depth is 1
481 connections in 0.36s; 1336.11 connections/user sec, bytes read 0
481 connections in 11 real seconds, 0 bytes read per connection
Execution 17
s_time: verify depth is 1
751 connections in 0.59s; 1272.88 connections/user sec, bytes read 0
751 connections in 11 real seconds, 0 bytes read per connection
Execution 18
s_time: verify depth is 1
307 connections in 0.24s; 1279.17 connections/user sec, bytes read 0
307 connections in 11 real seconds, 0 bytes read per connection
Execution 19
s_time: verify depth is 1
315 connections in 0.25s; 1260.00 connections/user sec, bytes read 0
315 connections in 11 real seconds, 0 bytes read per connection
Execution 20
s_time: verify depth is 1
323 connections in 0.24s; 1345.83 connections/user sec, bytes read 0
323 connections in 11 real seconds, 0 bytes read per connection
Execution 21
s_time: verify depth is 1
479 connections in 0.42s; 1140.48 connections/user sec, bytes read 0
479 connections in 11 real seconds, 0 bytes read per connection
Execution 22
s_time: verify depth is 1
441 connections in 0.34s; 1297.06 connections/user sec, bytes read 0
441 connections in 11 real seconds, 0 bytes read per connection
Execution 23
s_time: verify depth is 1
572 connections in 0.46s; 1243.48 connections/user sec, bytes read 0
572 connections in 11 real seconds, 0 bytes read per connection
Execution 24
s_time: verify depth is 1
617 connections in 0.55s; 1121.82 connections/user sec, bytes read 0
617 connections in 13 real seconds, 0 bytes read per connection
Execution 25
s_time: verify depth is 1
637 connections in 0.52s; 1225.00 connections/user sec, bytes read 0
637 connections in 11 real seconds, 0 bytes read per connection
Execution 26
s_time: verify depth is 1
652 connections in 0.51s; 1278.43 connections/user sec, bytes read 0
652 connections in 11 real seconds, 0 bytes read per connection
Execution 27
s_time: verify depth is 1
590 connections in 0.47s; 1255.32 connections/user sec, bytes read 0
590 connections in 15 real seconds, 0 bytes read per connection
Execution 28
s_time: verify depth is 1
742 connections in 0.59s; 1257.63 connections/user sec, bytes read 0
742 connections in 11 real seconds, 0 bytes read per connection
Execution 29
s_time: verify depth is 1
896 connections in 0.72s; 1244.44 connections/user sec, bytes read 0
896 connections in 11 real seconds, 0 bytes read per connection
Execution 30
s_time: verify depth is 1
230 connections in 0.18s; 1277.78 connections/user sec, bytes read 0
230 connections in 13 real seconds, 0 bytes read per connection
Execution 31
s_time: verify depth is 1
686 connections in 0.58s; 1182.76 connections/user sec, bytes read 0
686 connections in 11 real seconds, 0 bytes read per connection
Execution 32
s_time: verify depth is 1
515 connections in 0.42s; 1226.19 connections/user sec, bytes read 0
515 connections in 11 real seconds, 0 bytes read per connection
Execution 33
s_time: verify depth is 1
587 connections in 0.53s; 1107.55 connections/user sec, bytes read 0
587 connections in 13 real seconds, 0 bytes read per connection
Execution 34
s_time: verify depth is 1
563 connections in 0.42s; 1340.48 connections/user sec, bytes read 0
563 connections in 11 real seconds, 0 bytes read per connection
Execution 35
s_time: verify depth is 1
640 connections in 0.50s; 1280.00 connections/user sec, bytes read 0
640 connections in 11 real seconds, 0 bytes read per connection
Execution 36
s_time: verify depth is 1
725 connections in 0.57s; 1271.93 connections/user sec, bytes read 0
725 connections in 14 real seconds, 0 bytes read per connection
Execution 37
s_time: verify depth is 1
693 connections in 0.57s; 1215.79 connections/user sec, bytes read 0
693 connections in 11 real seconds, 0 bytes read per connection
Execution 38
s_time: verify depth is 1
621 connections in 0.50s; 1242.00 connections/user sec, bytes read 0
621 connections in 11 real seconds, 0 bytes read per connection
Execution 39
s_time: verify depth is 1
529 connections in 0.43s; 1230.23 connections/user sec, bytes read 0
529 connections in 14 real seconds, 0 bytes read per connection
Execution 40
s_time: verify depth is 1
476 connections in 0.40s; 1190.00 connections/user sec, bytes read 0
476 connections in 11 real seconds, 0 bytes read per connection
Execution 41
s_time: verify depth is 1
545 connections in 0.45s; 1211.11 connections/user sec, bytes read 0
545 connections in 11 real seconds, 0 bytes read per connection
Execution 42
s_time: verify depth is 1
585 connections in 0.47s; 1244.68 connections/user sec, bytes read 0
585 connections in 14 real seconds, 0 bytes read per connection
Execution 43
s_time: verify depth is 1
341 connections in 0.26s; 1311.54 connections/user sec, bytes read 0
341 connections in 11 real seconds, 0 bytes read per connection
Execution 44
s_time: verify depth is 1
483 connections in 0.37s; 1305.41 connections/user sec, bytes read 0
483 connections in 11 real seconds, 0 bytes read per connection
Execution 45
s_time: verify depth is 1
362 connections in 0.31s; 1167.74 connections/user sec, bytes read 0
362 connections in 14 real seconds, 0 bytes read per connection
Execution 46
s_time: verify depth is 1
660 connections in 0.60s; 1100.00 connections/user sec, bytes read 0
660 connections in 11 real seconds, 0 bytes read per connection
Execution 47
s_time: verify depth is 1
731 connections in 0.59s; 1238.98 connections/user sec, bytes read 0
731 connections in 11 real seconds, 0 bytes read per connection
Execution 48
s_time: verify depth is 1
551 connections in 0.44s; 1252.27 connections/user sec, bytes read 0
551 connections in 14 real seconds, 0 bytes read per connection
Execution 49
s_time: verify depth is 1
634 connections in 0.49s; 1293.88 connections/user sec, bytes read 0
634 connections in 11 real seconds, 0 bytes read per connection
Execution 50
s_time: verify depth is 1
524 connections in 0.45s; 1164.44 connections/user sec, bytes read 0
524 connections in 11 real seconds, 0 bytes read per connection
tc
Mostrando el estado de qdisc para la interfaz: lo
qdisc netem 8162: root refcnt 2 limit 1000 loss 0.7%
 Sent 0 bytes 0 pkt (dropped 0, overlimits 0 requeues 0) 
 backlog 0b 0p requeues 0
-----
-----
Certificate request self-signature ok
subject=CN=localhost
Running /opt/oqssa/bin/perftestServer.sh with SIG_ALG=sphincssha2192fsimple and KEM_ALG=P-384

Using default temp DH parameters
ACCEPT
Execution 1
s_time: verify depth is 1
193 connections in 1.78s; 108.43 connections/user sec, bytes read 0
193 connections in 11 real seconds, 0 bytes read per connection
Execution 2
s_time: verify depth is 1
263 connections in 2.36s; 111.44 connections/user sec, bytes read 0
263 connections in 11 real seconds, 0 bytes read per connection
Execution 3
s_time: verify depth is 1
114 connections in 1.06s; 107.55 connections/user sec, bytes read 0
114 connections in 11 real seconds, 0 bytes read per connection
Execution 4
s_time: verify depth is 1
170 connections in 1.54s; 110.39 connections/user sec, bytes read 0
170 connections in 11 real seconds, 0 bytes read per connection
Execution 5
s_time: verify depth is 1
209 connections in 1.91s; 109.42 connections/user sec, bytes read 0
209 connections in 11 real seconds, 0 bytes read per connection
Execution 6
s_time: verify depth is 1
157 connections in 1.36s; 115.44 connections/user sec, bytes read 0
157 connections in 11 real seconds, 0 bytes read per connection
Execution 7
s_time: verify depth is 1
309 connections in 2.35s; 131.49 connections/user sec, bytes read 0
309 connections in 11 real seconds, 0 bytes read per connection
Execution 8
s_time: verify depth is 1
220 connections in 1.61s; 136.65 connections/user sec, bytes read 0
220 connections in 11 real seconds, 0 bytes read per connection
Execution 9
s_time: verify depth is 1
103 connections in 0.76s; 135.53 connections/user sec, bytes read 0
103 connections in 11 real seconds, 0 bytes read per connection
Execution 10
s_time: verify depth is 1
288 connections in 2.16s; 133.33 connections/user sec, bytes read 0
288 connections in 11 real seconds, 0 bytes read per connection
Execution 11
s_time: verify depth is 1
208 connections in 1.54s; 135.06 connections/user sec, bytes read 0
208 connections in 11 real seconds, 0 bytes read per connection
Execution 12
s_time: verify depth is 1
227 connections in 1.66s; 136.75 connections/user sec, bytes read 0
227 connections in 12 real seconds, 0 bytes read per connection
Execution 13
s_time: verify depth is 1
181 connections in 1.39s; 130.22 connections/user sec, bytes read 0
181 connections in 11 real seconds, 0 bytes read per connection
Execution 14
s_time: verify depth is 1
209 connections in 1.52s; 137.50 connections/user sec, bytes read 0
209 connections in 11 real seconds, 0 bytes read per connection
Execution 15
s_time: verify depth is 1
339 connections in 2.45s; 138.37 connections/user sec, bytes read 0
339 connections in 14 real seconds, 0 bytes read per connection
Execution 16
s_time: verify depth is 1
255 connections in 1.87s; 136.36 connections/user sec, bytes read 0
255 connections in 11 real seconds, 0 bytes read per connection
Execution 17
s_time: verify depth is 1
236 connections in 1.75s; 134.86 connections/user sec, bytes read 0
236 connections in 11 real seconds, 0 bytes read per connection
Execution 18
s_time: verify depth is 1
270 connections in 2.16s; 125.00 connections/user sec, bytes read 0
270 connections in 15 real seconds, 0 bytes read per connection
Execution 19
s_time: verify depth is 1
180 connections in 1.33s; 135.34 connections/user sec, bytes read 0
180 connections in 11 real seconds, 0 bytes read per connection
Execution 20
s_time: verify depth is 1
247 connections in 1.76s; 140.34 connections/user sec, bytes read 0
247 connections in 11 real seconds, 0 bytes read per connection
Execution 21
s_time: verify depth is 1
179 connections in 1.30s; 137.69 connections/user sec, bytes read 0
179 connections in 13 real seconds, 0 bytes read per connection
Execution 22
s_time: verify depth is 1
260 connections in 1.96s; 132.65 connections/user sec, bytes read 0
260 connections in 11 real seconds, 0 bytes read per connection
Execution 23
s_time: verify depth is 1
324 connections in 2.32s; 139.66 connections/user sec, bytes read 0
324 connections in 12 real seconds, 0 bytes read per connection
Execution 24
s_time: verify depth is 1
232 connections in 1.78s; 130.34 connections/user sec, bytes read 0
232 connections in 13 real seconds, 0 bytes read per connection
Execution 25
s_time: verify depth is 1
211 connections in 1.59s; 132.70 connections/user sec, bytes read 0
211 connections in 11 real seconds, 0 bytes read per connection
Execution 26
s_time: verify depth is 1
269 connections in 1.98s; 135.86 connections/user sec, bytes read 0
269 connections in 11 real seconds, 0 bytes read per connection
Execution 27
s_time: verify depth is 1
218 connections in 1.94s; 112.37 connections/user sec, bytes read 0
218 connections in 11 real seconds, 0 bytes read per connection
Execution 28
s_time: verify depth is 1
179 connections in 1.34s; 133.58 connections/user sec, bytes read 0
179 connections in 11 real seconds, 0 bytes read per connection
Execution 29
s_time: verify depth is 1
270 connections in 2.05s; 131.71 connections/user sec, bytes read 0
270 connections in 11 real seconds, 0 bytes read per connection
Execution 30
s_time: verify depth is 1
197 connections in 1.59s; 123.90 connections/user sec, bytes read 0
197 connections in 11 real seconds, 0 bytes read per connection
Execution 31
s_time: verify depth is 1
113 connections in 0.93s; 121.51 connections/user sec, bytes read 0
113 connections in 11 real seconds, 0 bytes read per connection
Execution 32
s_time: verify depth is 1
224 connections in 1.73s; 129.48 connections/user sec, bytes read 0
224 connections in 11 real seconds, 0 bytes read per connection
Execution 33
s_time: verify depth is 1
194 connections in 1.42s; 136.62 connections/user sec, bytes read 0
194 connections in 11 real seconds, 0 bytes read per connection
Execution 34
s_time: verify depth is 1
168 connections in 1.34s; 125.37 connections/user sec, bytes read 0
168 connections in 11 real seconds, 0 bytes read per connection
Execution 35
s_time: verify depth is 1
267 connections in 2.18s; 122.48 connections/user sec, bytes read 0
267 connections in 11 real seconds, 0 bytes read per connection
Execution 36
s_time: verify depth is 1
242 connections in 1.77s; 136.72 connections/user sec, bytes read 0
242 connections in 11 real seconds, 0 bytes read per connection
Execution 37
s_time: verify depth is 1
295 connections in 2.26s; 130.53 connections/user sec, bytes read 0
295 connections in 13 real seconds, 0 bytes read per connection
Execution 38
s_time: verify depth is 1
309 connections in 2.59s; 119.31 connections/user sec, bytes read 0
309 connections in 11 real seconds, 0 bytes read per connection
Execution 39
s_time: verify depth is 1
269 connections in 2.22s; 121.17 connections/user sec, bytes read 0
269 connections in 11 real seconds, 0 bytes read per connection
Execution 40
s_time: verify depth is 1
260 connections in 1.92s; 135.42 connections/user sec, bytes read 0
260 connections in 11 real seconds, 0 bytes read per connection
Execution 41
s_time: verify depth is 1
324 connections in 2.77s; 116.97 connections/user sec, bytes read 0
324 connections in 11 real seconds, 0 bytes read per connection
Execution 42
s_time: verify depth is 1
212 connections in 1.60s; 132.50 connections/user sec, bytes read 0
212 connections in 11 real seconds, 0 bytes read per connection
Execution 43
s_time: verify depth is 1
229 connections in 1.68s; 136.31 connections/user sec, bytes read 0
229 connections in 11 real seconds, 0 bytes read per connection
Execution 44
s_time: verify depth is 1
305 connections in 1.24s; 245.97 connections/user sec, bytes read 0
305 connections in 11 real seconds, 0 bytes read per connection
Execution 45
s_time: verify depth is 1
348 connections in 1.41s; 246.81 connections/user sec, bytes read 0
348 connections in 11 real seconds, 0 bytes read per connection
Execution 46
s_time: verify depth is 1
428 connections in 1.75s; 244.57 connections/user sec, bytes read 0
428 connections in 11 real seconds, 0 bytes read per connection
Execution 47
s_time: verify depth is 1
498 connections in 2.15s; 231.63 connections/user sec, bytes read 0
498 connections in 13 real seconds, 0 bytes read per connection
Execution 48
s_time: verify depth is 1
372 connections in 1.55s; 240.00 connections/user sec, bytes read 0
372 connections in 11 real seconds, 0 bytes read per connection
Execution 49
s_time: verify depth is 1
325 connections in 1.41s; 230.50 connections/user sec, bytes read 0
325 connections in 11 real seconds, 0 bytes read per connection
Execution 50
s_time: verify depth is 1
343 connections in 1.35s; 254.07 connections/user sec, bytes read 0
343 connections in 11 real seconds, 0 bytes read per connection
tc
Mostrando el estado de qdisc para la interfaz: lo
qdisc netem 8163: root refcnt 2 limit 1000 loss 0.7%
 Sent 0 bytes 0 pkt (dropped 0, overlimits 0 requeues 0) 
 backlog 0b 0p requeues 0
-----
-----
Certificate request self-signature ok
subject=CN=localhost
Running /opt/oqssa/bin/perftestServer.sh with SIG_ALG=sphincssha2192fsimple and KEM_ALG=mlkem768

Using default temp DH parameters
ACCEPT
Execution 1
s_time: verify depth is 1
132 connections in 0.61s; 216.39 connections/user sec, bytes read 0
132 connections in 11 real seconds, 0 bytes read per connection
Execution 2
s_time: verify depth is 1
284 connections in 1.34s; 211.94 connections/user sec, bytes read 0
284 connections in 11 real seconds, 0 bytes read per connection
Execution 3
s_time: verify depth is 1
223 connections in 1.14s; 195.61 connections/user sec, bytes read 0
223 connections in 11 real seconds, 0 bytes read per connection
Execution 4
s_time: verify depth is 1
142 connections in 0.70s; 202.86 connections/user sec, bytes read 0
142 connections in 12 real seconds, 0 bytes read per connection
Execution 5
s_time: verify depth is 1
272 connections in 1.35s; 201.48 connections/user sec, bytes read 0
272 connections in 11 real seconds, 0 bytes read per connection
Execution 6
s_time: verify depth is 1
304 connections in 1.46s; 208.22 connections/user sec, bytes read 0
304 connections in 11 real seconds, 0 bytes read per connection
Execution 7
s_time: verify depth is 1
125 connections in 0.59s; 211.86 connections/user sec, bytes read 0
125 connections in 14 real seconds, 0 bytes read per connection
Execution 8
s_time: verify depth is 1
138 connections in 0.67s; 205.97 connections/user sec, bytes read 0
138 connections in 11 real seconds, 0 bytes read per connection
Execution 9
s_time: verify depth is 1
166 connections in 0.78s; 212.82 connections/user sec, bytes read 0
166 connections in 11 real seconds, 0 bytes read per connection
Execution 10
s_time: verify depth is 1
225 connections in 1.09s; 206.42 connections/user sec, bytes read 0
225 connections in 14 real seconds, 0 bytes read per connection
Execution 11
s_time: verify depth is 1
246 connections in 1.11s; 221.62 connections/user sec, bytes read 0
246 connections in 11 real seconds, 0 bytes read per connection
Execution 12
s_time: verify depth is 1
344 connections in 1.69s; 203.55 connections/user sec, bytes read 0
344 connections in 11 real seconds, 0 bytes read per connection
Execution 13
s_time: verify depth is 1
279 connections in 1.31s; 212.98 connections/user sec, bytes read 0
279 connections in 14 real seconds, 0 bytes read per connection
Execution 14
s_time: verify depth is 1
206 connections in 1.00s; 206.00 connections/user sec, bytes read 0
206 connections in 11 real seconds, 0 bytes read per connection
Execution 15
s_time: verify depth is 1
240 connections in 1.12s; 214.29 connections/user sec, bytes read 0
240 connections in 11 real seconds, 0 bytes read per connection
Execution 16
s_time: verify depth is 1
283 connections in 1.32s; 214.39 connections/user sec, bytes read 0
283 connections in 13 real seconds, 0 bytes read per connection
Execution 17
s_time: verify depth is 1
222 connections in 1.01s; 219.80 connections/user sec, bytes read 0
222 connections in 11 real seconds, 0 bytes read per connection
Execution 18
s_time: verify depth is 1
310 connections in 1.54s; 201.30 connections/user sec, bytes read 0
310 connections in 11 real seconds, 0 bytes read per connection
Execution 19
s_time: verify depth is 1
185 connections in 0.88s; 210.23 connections/user sec, bytes read 0
185 connections in 11 real seconds, 0 bytes read per connection
Execution 20
s_time: verify depth is 1
213 connections in 1.00s; 213.00 connections/user sec, bytes read 0
213 connections in 11 real seconds, 0 bytes read per connection
Execution 21
s_time: verify depth is 1
263 connections in 1.25s; 210.40 connections/user sec, bytes read 0
263 connections in 11 real seconds, 0 bytes read per connection
Execution 22
s_time: verify depth is 1
281 connections in 1.14s; 246.49 connections/user sec, bytes read 0
281 connections in 11 real seconds, 0 bytes read per connection
Execution 23
s_time: verify depth is 1
217 connections in 1.00s; 217.00 connections/user sec, bytes read 0
217 connections in 11 real seconds, 0 bytes read per connection
Execution 24
s_time: verify depth is 1
166 connections in 0.76s; 218.42 connections/user sec, bytes read 0
166 connections in 11 real seconds, 0 bytes read per connection
Execution 25
s_time: verify depth is 1
211 connections in 0.86s; 245.35 connections/user sec, bytes read 0
211 connections in 11 real seconds, 0 bytes read per connection
Execution 26
s_time: verify depth is 1
161 connections in 0.67s; 240.30 connections/user sec, bytes read 0
161 connections in 11 real seconds, 0 bytes read per connection
Execution 27
s_time: verify depth is 1
288 connections in 1.22s; 236.07 connections/user sec, bytes read 0
288 connections in 11 real seconds, 0 bytes read per connection
Execution 28
s_time: verify depth is 1
277 connections in 1.19s; 232.77 connections/user sec, bytes read 0
277 connections in 11 real seconds, 0 bytes read per connection
Execution 29
s_time: verify depth is 1
214 connections in 0.90s; 237.78 connections/user sec, bytes read 0
214 connections in 13 real seconds, 0 bytes read per connection
Execution 30
s_time: verify depth is 1
232 connections in 1.06s; 218.87 connections/user sec, bytes read 0
232 connections in 11 real seconds, 0 bytes read per connection
Execution 31
s_time: verify depth is 1
266 connections in 1.09s; 244.04 connections/user sec, bytes read 0
266 connections in 11 real seconds, 0 bytes read per connection
Execution 32
s_time: verify depth is 1
199 connections in 0.87s; 228.74 connections/user sec, bytes read 0
199 connections in 13 real seconds, 0 bytes read per connection
Execution 33
s_time: verify depth is 1
199 connections in 0.87s; 228.74 connections/user sec, bytes read 0
199 connections in 11 real seconds, 0 bytes read per connection
Execution 34
s_time: verify depth is 1
258 connections in 1.11s; 232.43 connections/user sec, bytes read 0
258 connections in 11 real seconds, 0 bytes read per connection
Execution 35
s_time: verify depth is 1
150 connections in 0.64s; 234.38 connections/user sec, bytes read 0
150 connections in 14 real seconds, 0 bytes read per connection
Execution 36
s_time: verify depth is 1
206 connections in 0.94s; 219.15 connections/user sec, bytes read 0
206 connections in 11 real seconds, 0 bytes read per connection
Execution 37
s_time: verify depth is 1
196 connections in 0.83s; 236.14 connections/user sec, bytes read 0
196 connections in 11 real seconds, 0 bytes read per connection
Execution 38
s_time: verify depth is 1
319 connections in 1.34s; 238.06 connections/user sec, bytes read 0
319 connections in 13 real seconds, 0 bytes read per connection
Execution 39
s_time: verify depth is 1
187 connections in 0.80s; 233.75 connections/user sec, bytes read 0
187 connections in 11 real seconds, 0 bytes read per connection
Execution 40
s_time: verify depth is 1
219 connections in 0.90s; 243.33 connections/user sec, bytes read 0
219 connections in 11 real seconds, 0 bytes read per connection
Execution 41
s_time: verify depth is 1
329 connections in 1.41s; 233.33 connections/user sec, bytes read 0
329 connections in 14 real seconds, 0 bytes read per connection
Execution 42
s_time: verify depth is 1
232 connections in 0.99s; 234.34 connections/user sec, bytes read 0
232 connections in 11 real seconds, 0 bytes read per connection
Execution 43
s_time: verify depth is 1
318 connections in 1.30s; 244.62 connections/user sec, bytes read 0
318 connections in 11 real seconds, 0 bytes read per connection
Execution 44
s_time: verify depth is 1
337 connections in 1.46s; 230.82 connections/user sec, bytes read 0
337 connections in 14 real seconds, 0 bytes read per connection
Execution 45
s_time: verify depth is 1
269 connections in 1.14s; 235.96 connections/user sec, bytes read 0
269 connections in 11 real seconds, 0 bytes read per connection
Execution 46
s_time: verify depth is 1
255 connections in 1.10s; 231.82 connections/user sec, bytes read 0
255 connections in 11 real seconds, 0 bytes read per connection
Execution 47
s_time: verify depth is 1
289 connections in 1.27s; 227.56 connections/user sec, bytes read 0
289 connections in 15 real seconds, 0 bytes read per connection
Execution 48
s_time: verify depth is 1
266 connections in 1.10s; 241.82 connections/user sec, bytes read 0
266 connections in 11 real seconds, 0 bytes read per connection
Execution 49
s_time: verify depth is 1
327 connections in 1.37s; 238.69 connections/user sec, bytes read 0
327 connections in 11 real seconds, 0 bytes read per connection
Execution 50
s_time: verify depth is 1
194 connections in 0.86s; 225.58 connections/user sec, bytes read 0
194 connections in 13 real seconds, 0 bytes read per connection
tc
Mostrando el estado de qdisc para la interfaz: lo
qdisc netem 8164: root refcnt 2 limit 1000 loss 0.7%
 Sent 0 bytes 0 pkt (dropped 0, overlimits 0 requeues 0) 
 backlog 0b 0p requeues 0
-----
-----
Certificate request self-signature ok
subject=CN=localhost
Running /opt/oqssa/bin/perftestServer.sh with SIG_ALG=sphincssha2192ssimple and KEM_ALG=P-384

Using default temp DH parameters
ACCEPT
Execution 1
s_time: verify depth is 1
21 connections in 0.14s; 150.00 connections/user sec, bytes read 0
21 connections in 13 real seconds, 0 bytes read per connection
Execution 2
s_time: verify depth is 1
24 connections in 0.15s; 160.00 connections/user sec, bytes read 0
24 connections in 11 real seconds, 0 bytes read per connection
Execution 3
s_time: verify depth is 1
23 connections in 0.16s; 143.75 connections/user sec, bytes read 0
23 connections in 11 real seconds, 0 bytes read per connection
Execution 4
s_time: verify depth is 1
25 connections in 0.16s; 156.25 connections/user sec, bytes read 0
25 connections in 14 real seconds, 0 bytes read per connection
Execution 5
s_time: verify depth is 1
21 connections in 0.16s; 131.25 connections/user sec, bytes read 0
21 connections in 11 real seconds, 0 bytes read per connection
Execution 6
s_time: verify depth is 1
24 connections in 0.16s; 150.00 connections/user sec, bytes read 0
24 connections in 11 real seconds, 0 bytes read per connection
Execution 7
s_time: verify depth is 1
22 connections in 0.15s; 146.67 connections/user sec, bytes read 0
22 connections in 14 real seconds, 0 bytes read per connection
Execution 8
s_time: verify depth is 1
24 connections in 0.17s; 141.18 connections/user sec, bytes read 0
24 connections in 11 real seconds, 0 bytes read per connection
Execution 9
s_time: verify depth is 1
23 connections in 0.16s; 143.75 connections/user sec, bytes read 0
23 connections in 11 real seconds, 0 bytes read per connection
Execution 10
s_time: verify depth is 1
25 connections in 0.17s; 147.06 connections/user sec, bytes read 0
25 connections in 14 real seconds, 0 bytes read per connection
Execution 11
s_time: verify depth is 1
24 connections in 0.16s; 150.00 connections/user sec, bytes read 0
24 connections in 11 real seconds, 0 bytes read per connection
Execution 12
s_time: verify depth is 1
18 connections in 0.13s; 138.46 connections/user sec, bytes read 0
18 connections in 11 real seconds, 0 bytes read per connection
Execution 13
s_time: verify depth is 1
23 connections in 0.16s; 143.75 connections/user sec, bytes read 0
23 connections in 14 real seconds, 0 bytes read per connection
Execution 14
s_time: verify depth is 1
24 connections in 0.17s; 141.18 connections/user sec, bytes read 0
24 connections in 12 real seconds, 0 bytes read per connection
Execution 15
s_time: verify depth is 1
24 connections in 0.17s; 141.18 connections/user sec, bytes read 0
24 connections in 11 real seconds, 0 bytes read per connection
Execution 16
s_time: verify depth is 1
19 connections in 0.13s; 146.15 connections/user sec, bytes read 0
19 connections in 12 real seconds, 0 bytes read per connection
Execution 17
s_time: verify depth is 1
20 connections in 0.13s; 153.85 connections/user sec, bytes read 0
20 connections in 11 real seconds, 0 bytes read per connection
Execution 18
s_time: verify depth is 1
25 connections in 0.17s; 147.06 connections/user sec, bytes read 0
25 connections in 11 real seconds, 0 bytes read per connection
Execution 19
s_time: verify depth is 1
24 connections in 0.16s; 150.00 connections/user sec, bytes read 0
24 connections in 13 real seconds, 0 bytes read per connection
Execution 20
s_time: verify depth is 1
23 connections in 0.15s; 153.33 connections/user sec, bytes read 0
23 connections in 11 real seconds, 0 bytes read per connection
Execution 21
s_time: verify depth is 1
25 connections in 0.18s; 138.89 connections/user sec, bytes read 0
25 connections in 11 real seconds, 0 bytes read per connection
Execution 22
s_time: verify depth is 1
24 connections in 0.15s; 160.00 connections/user sec, bytes read 0
24 connections in 14 real seconds, 0 bytes read per connection
Execution 23
s_time: verify depth is 1
23 connections in 0.18s; 127.78 connections/user sec, bytes read 0
23 connections in 11 real seconds, 0 bytes read per connection
Execution 24
s_time: verify depth is 1
25 connections in 0.19s; 131.58 connections/user sec, bytes read 0
25 connections in 11 real seconds, 0 bytes read per connection
Execution 25
s_time: verify depth is 1
25 connections in 0.16s; 156.25 connections/user sec, bytes read 0
25 connections in 15 real seconds, 0 bytes read per connection
Execution 26
s_time: verify depth is 1
26 connections in 0.16s; 162.50 connections/user sec, bytes read 0
26 connections in 11 real seconds, 0 bytes read per connection
Execution 27
s_time: verify depth is 1
25 connections in 0.18s; 138.89 connections/user sec, bytes read 0
25 connections in 11 real seconds, 0 bytes read per connection
Execution 28
s_time: verify depth is 1
22 connections in 0.14s; 157.14 connections/user sec, bytes read 0
22 connections in 13 real seconds, 0 bytes read per connection
Execution 29
s_time: verify depth is 1
22 connections in 0.17s; 129.41 connections/user sec, bytes read 0
22 connections in 11 real seconds, 0 bytes read per connection
Execution 30
s_time: verify depth is 1
24 connections in 0.16s; 150.00 connections/user sec, bytes read 0
24 connections in 11 real seconds, 0 bytes read per connection
Execution 31
s_time: verify depth is 1
22 connections in 0.15s; 146.67 connections/user sec, bytes read 0
22 connections in 14 real seconds, 0 bytes read per connection
Execution 32
s_time: verify depth is 1
23 connections in 0.15s; 153.33 connections/user sec, bytes read 0
23 connections in 11 real seconds, 0 bytes read per connection
Execution 33
s_time: verify depth is 1
23 connections in 0.16s; 143.75 connections/user sec, bytes read 0
23 connections in 11 real seconds, 0 bytes read per connection
Execution 34
s_time: verify depth is 1
21 connections in 0.15s; 140.00 connections/user sec, bytes read 0
21 connections in 14 real seconds, 0 bytes read per connection
Execution 35
s_time: verify depth is 1
25 connections in 0.16s; 156.25 connections/user sec, bytes read 0
25 connections in 11 real seconds, 0 bytes read per connection
Execution 36
s_time: verify depth is 1
25 connections in 0.17s; 147.06 connections/user sec, bytes read 0
25 connections in 11 real seconds, 0 bytes read per connection
Execution 37
s_time: verify depth is 1
24 connections in 0.15s; 160.00 connections/user sec, bytes read 0
24 connections in 13 real seconds, 0 bytes read per connection
Execution 38
s_time: verify depth is 1
24 connections in 0.16s; 150.00 connections/user sec, bytes read 0
24 connections in 11 real seconds, 0 bytes read per connection
Execution 39
s_time: verify depth is 1
25 connections in 0.17s; 147.06 connections/user sec, bytes read 0
25 connections in 11 real seconds, 0 bytes read per connection
Execution 40
s_time: verify depth is 1
26 connections in 0.17s; 152.94 connections/user sec, bytes read 0
26 connections in 14 real seconds, 0 bytes read per connection
Execution 41
s_time: verify depth is 1
24 connections in 0.15s; 160.00 connections/user sec, bytes read 0
24 connections in 11 real seconds, 0 bytes read per connection
Execution 42
s_time: verify depth is 1
24 connections in 0.16s; 150.00 connections/user sec, bytes read 0
24 connections in 11 real seconds, 0 bytes read per connection
Execution 43
s_time: verify depth is 1
22 connections in 0.15s; 146.67 connections/user sec, bytes read 0
22 connections in 14 real seconds, 0 bytes read per connection
Execution 44
s_time: verify depth is 1
24 connections in 0.16s; 150.00 connections/user sec, bytes read 0
24 connections in 11 real seconds, 0 bytes read per connection
Execution 45
s_time: verify depth is 1
23 connections in 0.15s; 153.33 connections/user sec, bytes read 0
23 connections in 11 real seconds, 0 bytes read per connection
Execution 46
s_time: verify depth is 1
25 connections in 0.18s; 138.89 connections/user sec, bytes read 0
25 connections in 14 real seconds, 0 bytes read per connection
Execution 47
s_time: verify depth is 1
23 connections in 0.15s; 153.33 connections/user sec, bytes read 0
23 connections in 11 real seconds, 0 bytes read per connection
Execution 48
s_time: verify depth is 1
24 connections in 0.16s; 150.00 connections/user sec, bytes read 0
24 connections in 11 real seconds, 0 bytes read per connection
Execution 49
s_time: verify depth is 1
23 connections in 0.15s; 153.33 connections/user sec, bytes read 0
23 connections in 14 real seconds, 0 bytes read per connection
Execution 50
s_time: verify depth is 1
25 connections in 0.16s; 156.25 connections/user sec, bytes read 0
25 connections in 11 real seconds, 0 bytes read per connection
tc
Mostrando el estado de qdisc para la interfaz: lo
qdisc netem 8165: root refcnt 2 limit 1000 loss 0.7%
 Sent 0 bytes 0 pkt (dropped 0, overlimits 0 requeues 0) 
 backlog 0b 0p requeues 0
-----
-----
Certificate request self-signature ok
subject=CN=localhost
Running /opt/oqssa/bin/perftestServer.sh with SIG_ALG=sphincssha2192ssimple and KEM_ALG=mlkem768

Using default temp DH parameters
ACCEPT
Execution 1
s_time: verify depth is 1
27 connections in 0.08s; 337.50 connections/user sec, bytes read 0
27 connections in 11 real seconds, 0 bytes read per connection
Execution 2
s_time: verify depth is 1
27 connections in 0.07s; 385.71 connections/user sec, bytes read 0
27 connections in 11 real seconds, 0 bytes read per connection
Execution 3
s_time: verify depth is 1
18 connections in 0.05s; 360.00 connections/user sec, bytes read 0
18 connections in 11 real seconds, 0 bytes read per connection
Execution 4
s_time: verify depth is 1
27 connections in 0.08s; 337.50 connections/user sec, bytes read 0
27 connections in 11 real seconds, 0 bytes read per connection
Execution 5
s_time: verify depth is 1
27 connections in 0.07s; 385.71 connections/user sec, bytes read 0
27 connections in 11 real seconds, 0 bytes read per connection
Execution 6
s_time: verify depth is 1
21 connections in 0.06s; 350.00 connections/user sec, bytes read 0
21 connections in 13 real seconds, 0 bytes read per connection
Execution 7
s_time: verify depth is 1
24 connections in 0.07s; 342.86 connections/user sec, bytes read 0
24 connections in 11 real seconds, 0 bytes read per connection
Execution 8
s_time: verify depth is 1
24 connections in 0.06s; 400.00 connections/user sec, bytes read 0
24 connections in 11 real seconds, 0 bytes read per connection
Execution 9
s_time: verify depth is 1
26 connections in 0.06s; 433.33 connections/user sec, bytes read 0
26 connections in 14 real seconds, 0 bytes read per connection
Execution 10
s_time: verify depth is 1
27 connections in 0.07s; 385.71 connections/user sec, bytes read 0
27 connections in 11 real seconds, 0 bytes read per connection
Execution 11
s_time: verify depth is 1
26 connections in 0.07s; 371.43 connections/user sec, bytes read 0
26 connections in 11 real seconds, 0 bytes read per connection
Execution 12
s_time: verify depth is 1
24 connections in 0.06s; 400.00 connections/user sec, bytes read 0
24 connections in 14 real seconds, 0 bytes read per connection
Execution 13
s_time: verify depth is 1
27 connections in 0.08s; 337.50 connections/user sec, bytes read 0
27 connections in 11 real seconds, 0 bytes read per connection
Execution 14
s_time: verify depth is 1
27 connections in 0.07s; 385.71 connections/user sec, bytes read 0
27 connections in 11 real seconds, 0 bytes read per connection
Execution 15
s_time: verify depth is 1
21 connections in 0.07s; 300.00 connections/user sec, bytes read 0
21 connections in 13 real seconds, 0 bytes read per connection
Execution 16
s_time: verify depth is 1
26 connections in 0.08s; 325.00 connections/user sec, bytes read 0
26 connections in 11 real seconds, 0 bytes read per connection
Execution 17
s_time: verify depth is 1
27 connections in 0.09s; 300.00 connections/user sec, bytes read 0
27 connections in 11 real seconds, 0 bytes read per connection
Execution 18
s_time: verify depth is 1
26 connections in 0.07s; 371.43 connections/user sec, bytes read 0
26 connections in 14 real seconds, 0 bytes read per connection
Execution 19
s_time: verify depth is 1
26 connections in 0.07s; 371.43 connections/user sec, bytes read 0
26 connections in 11 real seconds, 0 bytes read per connection
Execution 20
s_time: verify depth is 1
26 connections in 0.08s; 325.00 connections/user sec, bytes read 0
26 connections in 11 real seconds, 0 bytes read per connection
Execution 21
s_time: verify depth is 1
26 connections in 0.08s; 325.00 connections/user sec, bytes read 0
26 connections in 14 real seconds, 0 bytes read per connection
Execution 22
s_time: verify depth is 1
26 connections in 0.08s; 325.00 connections/user sec, bytes read 0
26 connections in 11 real seconds, 0 bytes read per connection
Execution 23
s_time: verify depth is 1
27 connections in 0.08s; 337.50 connections/user sec, bytes read 0
27 connections in 11 real seconds, 0 bytes read per connection
Execution 24
s_time: verify depth is 1
26 connections in 0.08s; 325.00 connections/user sec, bytes read 0
26 connections in 14 real seconds, 0 bytes read per connection
Execution 25
s_time: verify depth is 1
23 connections in 0.07s; 328.57 connections/user sec, bytes read 0
23 connections in 11 real seconds, 0 bytes read per connection
Execution 26
s_time: verify depth is 1
27 connections in 0.08s; 337.50 connections/user sec, bytes read 0
27 connections in 11 real seconds, 0 bytes read per connection
Execution 27
s_time: verify depth is 1
25 connections in 0.07s; 357.14 connections/user sec, bytes read 0
25 connections in 14 real seconds, 0 bytes read per connection
Execution 28
s_time: verify depth is 1
24 connections in 0.07s; 342.86 connections/user sec, bytes read 0
24 connections in 11 real seconds, 0 bytes read per connection
Execution 29
s_time: verify depth is 1
28 connections in 0.09s; 311.11 connections/user sec, bytes read 0
28 connections in 11 real seconds, 0 bytes read per connection
Execution 30
s_time: verify depth is 1
25 connections in 0.08s; 312.50 connections/user sec, bytes read 0
25 connections in 14 real seconds, 0 bytes read per connection
Execution 31
s_time: verify depth is 1
27 connections in 0.08s; 337.50 connections/user sec, bytes read 0
27 connections in 11 real seconds, 0 bytes read per connection
Execution 32
s_time: verify depth is 1
24 connections in 0.07s; 342.86 connections/user sec, bytes read 0
24 connections in 11 real seconds, 0 bytes read per connection
Execution 33
s_time: verify depth is 1
23 connections in 0.06s; 383.33 connections/user sec, bytes read 0
23 connections in 14 real seconds, 0 bytes read per connection
Execution 34
s_time: verify depth is 1
27 connections in 0.08s; 337.50 connections/user sec, bytes read 0
27 connections in 11 real seconds, 0 bytes read per connection
Execution 35
s_time: verify depth is 1
28 connections in 0.08s; 350.00 connections/user sec, bytes read 0
28 connections in 11 real seconds, 0 bytes read per connection
Execution 36
s_time: verify depth is 1
22 connections in 0.06s; 366.67 connections/user sec, bytes read 0
22 connections in 14 real seconds, 0 bytes read per connection
Execution 37
s_time: verify depth is 1
25 connections in 0.07s; 357.14 connections/user sec, bytes read 0
25 connections in 11 real seconds, 0 bytes read per connection
Execution 38
s_time: verify depth is 1
24 connections in 0.06s; 400.00 connections/user sec, bytes read 0
24 connections in 11 real seconds, 0 bytes read per connection
Execution 39
s_time: verify depth is 1
21 connections in 0.06s; 350.00 connections/user sec, bytes read 0
21 connections in 13 real seconds, 0 bytes read per connection
Execution 40
s_time: verify depth is 1
27 connections in 0.07s; 385.71 connections/user sec, bytes read 0
27 connections in 11 real seconds, 0 bytes read per connection
Execution 41
s_time: verify depth is 1
26 connections in 0.08s; 325.00 connections/user sec, bytes read 0
26 connections in 11 real seconds, 0 bytes read per connection
Execution 42
s_time: verify depth is 1
26 connections in 0.08s; 325.00 connections/user sec, bytes read 0
26 connections in 14 real seconds, 0 bytes read per connection
Execution 43
s_time: verify depth is 1
27 connections in 0.07s; 385.71 connections/user sec, bytes read 0
27 connections in 11 real seconds, 0 bytes read per connection
Execution 44
s_time: verify depth is 1
27 connections in 0.08s; 337.50 connections/user sec, bytes read 0
27 connections in 11 real seconds, 0 bytes read per connection
Execution 45
s_time: verify depth is 1
25 connections in 0.07s; 357.14 connections/user sec, bytes read 0
25 connections in 14 real seconds, 0 bytes read per connection
Execution 46
s_time: verify depth is 1
26 connections in 0.08s; 325.00 connections/user sec, bytes read 0
26 connections in 11 real seconds, 0 bytes read per connection
Execution 47
s_time: verify depth is 1
27 connections in 0.08s; 337.50 connections/user sec, bytes read 0
27 connections in 11 real seconds, 0 bytes read per connection
Execution 48
s_time: verify depth is 1
25 connections in 0.08s; 312.50 connections/user sec, bytes read 0
25 connections in 13 real seconds, 0 bytes read per connection
Execution 49
s_time: verify depth is 1
22 connections in 0.06s; 366.67 connections/user sec, bytes read 0
22 connections in 11 real seconds, 0 bytes read per connection
Execution 50
s_time: verify depth is 1
27 connections in 0.09s; 300.00 connections/user sec, bytes read 0
27 connections in 11 real seconds, 0 bytes read per connection
