tc
Mostrando el estado de qdisc para la interfaz: lo
qdisc netem 8166: root refcnt 2 limit 1000 loss 0.7%
 Sent 0 bytes 0 pkt (dropped 0, overlimits 0 requeues 0) 
 backlog 0b 0p requeues 0
Certificate request self-signature ok
subject=CN=localhost
Running /opt/oqssa/bin/perftestServerECDSA.sh with SIG_ALG=secp521r1 and KEM_ALG=P-521

Using default temp DH parameters
ACCEPT
Execution 1
s_time: verify depth is 1
274 connections in 3.87s; 70.80 connections/user sec, bytes read 0
274 connections in 12 real seconds, 0 bytes read per connection
Execution 2
s_time: verify depth is 1
198 connections in 2.65s; 74.72 connections/user sec, bytes read 0
198 connections in 12 real seconds, 0 bytes read per connection
Execution 3
s_time: verify depth is 1
270 connections in 3.66s; 73.77 connections/user sec, bytes read 0
270 connections in 11 real seconds, 0 bytes read per connection
Execution 4
s_time: verify depth is 1
291 connections in 3.90s; 74.62 connections/user sec, bytes read 0
291 connections in 11 real seconds, 0 bytes read per connection
Execution 5
s_time: verify depth is 1
331 connections in 4.44s; 74.55 connections/user sec, bytes read 0
331 connections in 14 real seconds, 0 bytes read per connection
Execution 6
s_time: verify depth is 1
313 connections in 4.12s; 75.97 connections/user sec, bytes read 0
313 connections in 11 real seconds, 0 bytes read per connection
Execution 7
s_time: verify depth is 1
297 connections in 3.89s; 76.35 connections/user sec, bytes read 0
297 connections in 11 real seconds, 0 bytes read per connection
Execution 8
s_time: verify depth is 1
283 connections in 3.99s; 70.93 connections/user sec, bytes read 0
283 connections in 14 real seconds, 0 bytes read per connection
Execution 9
s_time: verify depth is 1
271 connections in 3.48s; 77.87 connections/user sec, bytes read 0
271 connections in 11 real seconds, 0 bytes read per connection
Execution 10
s_time: verify depth is 1
167 connections in 2.21s; 75.57 connections/user sec, bytes read 0
167 connections in 11 real seconds, 0 bytes read per connection
Execution 11
s_time: verify depth is 1
147 connections in 1.95s; 75.38 connections/user sec, bytes read 0
147 connections in 13 real seconds, 0 bytes read per connection
Execution 12
s_time: verify depth is 1
279 connections in 3.67s; 76.02 connections/user sec, bytes read 0
279 connections in 11 real seconds, 0 bytes read per connection
Execution 13
s_time: verify depth is 1
248 connections in 3.18s; 77.99 connections/user sec, bytes read 0
248 connections in 11 real seconds, 0 bytes read per connection
Execution 14
s_time: verify depth is 1
298 connections in 4.07s; 73.22 connections/user sec, bytes read 0
298 connections in 13 real seconds, 0 bytes read per connection
Execution 15
s_time: verify depth is 1
249 connections in 3.17s; 78.55 connections/user sec, bytes read 0
249 connections in 11 real seconds, 0 bytes read per connection
Execution 16
s_time: verify depth is 1
354 connections in 4.51s; 78.49 connections/user sec, bytes read 0
354 connections in 11 real seconds, 0 bytes read per connection
Execution 17
s_time: verify depth is 1
363 connections in 4.70s; 77.23 connections/user sec, bytes read 0
363 connections in 14 real seconds, 0 bytes read per connection
Execution 18
s_time: verify depth is 1
332 connections in 4.21s; 78.86 connections/user sec, bytes read 0
332 connections in 11 real seconds, 0 bytes read per connection
Execution 19
s_time: verify depth is 1
300 connections in 4.01s; 74.81 connections/user sec, bytes read 0
300 connections in 11 real seconds, 0 bytes read per connection
Execution 20
s_time: verify depth is 1
346 connections in 4.32s; 80.09 connections/user sec, bytes read 0
346 connections in 15 real seconds, 0 bytes read per connection
Execution 21
s_time: verify depth is 1
406 connections in 5.45s; 74.50 connections/user sec, bytes read 0
406 connections in 11 real seconds, 0 bytes read per connection
Execution 22
s_time: verify depth is 1
298 connections in 3.95s; 75.44 connections/user sec, bytes read 0
298 connections in 11 real seconds, 0 bytes read per connection
Execution 23
s_time: verify depth is 1
168 connections in 2.17s; 77.42 connections/user sec, bytes read 0
168 connections in 13 real seconds, 0 bytes read per connection
Execution 24
s_time: verify depth is 1
308 connections in 3.91s; 78.77 connections/user sec, bytes read 0
308 connections in 11 real seconds, 0 bytes read per connection
Execution 25
s_time: verify depth is 1
272 connections in 3.51s; 77.49 connections/user sec, bytes read 0
272 connections in 11 real seconds, 0 bytes read per connection
Execution 26
s_time: verify depth is 1
128 connections in 1.61s; 79.50 connections/user sec, bytes read 0
128 connections in 14 real seconds, 0 bytes read per connection
Execution 27
s_time: verify depth is 1
307 connections in 4.04s; 75.99 connections/user sec, bytes read 0
307 connections in 11 real seconds, 0 bytes read per connection
Execution 28
s_time: verify depth is 1
249 connections in 3.25s; 76.62 connections/user sec, bytes read 0
249 connections in 11 real seconds, 0 bytes read per connection
Execution 29
s_time: verify depth is 1
180 connections in 2.29s; 78.60 connections/user sec, bytes read 0
180 connections in 13 real seconds, 0 bytes read per connection
Execution 30
s_time: verify depth is 1
328 connections in 4.26s; 77.00 connections/user sec, bytes read 0
328 connections in 11 real seconds, 0 bytes read per connection
Execution 31
s_time: verify depth is 1
249 connections in 3.14s; 79.30 connections/user sec, bytes read 0
249 connections in 11 real seconds, 0 bytes read per connection
Execution 32
s_time: verify depth is 1
246 connections in 3.10s; 79.35 connections/user sec, bytes read 0
246 connections in 11 real seconds, 0 bytes read per connection
Execution 33
s_time: verify depth is 1
244 connections in 3.23s; 75.54 connections/user sec, bytes read 0
244 connections in 11 real seconds, 0 bytes read per connection
Execution 34
s_time: verify depth is 1
363 connections in 4.56s; 79.61 connections/user sec, bytes read 0
363 connections in 11 real seconds, 0 bytes read per connection
Execution 35
s_time: verify depth is 1
265 connections in 3.33s; 79.58 connections/user sec, bytes read 0
265 connections in 13 real seconds, 0 bytes read per connection
Execution 36
s_time: verify depth is 1
195 connections in 2.53s; 77.08 connections/user sec, bytes read 0
195 connections in 11 real seconds, 0 bytes read per connection
Execution 37
s_time: verify depth is 1
275 connections in 3.45s; 79.71 connections/user sec, bytes read 0
275 connections in 11 real seconds, 0 bytes read per connection
Execution 38
s_time: verify depth is 1
221 connections in 3.16s; 69.94 connections/user sec, bytes read 0
221 connections in 11 real seconds, 0 bytes read per connection
Execution 39
s_time: verify depth is 1
239 connections in 3.35s; 71.34 connections/user sec, bytes read 0
239 connections in 11 real seconds, 0 bytes read per connection
Execution 40
s_time: verify depth is 1
171 connections in 2.66s; 64.29 connections/user sec, bytes read 0
171 connections in 11 real seconds, 0 bytes read per connection
Execution 41
s_time: verify depth is 1
293 connections in 4.47s; 65.55 connections/user sec, bytes read 0
293 connections in 11 real seconds, 0 bytes read per connection
Execution 42
s_time: verify depth is 1
270 connections in 4.26s; 63.38 connections/user sec, bytes read 0
270 connections in 11 real seconds, 0 bytes read per connection
Execution 43
s_time: verify depth is 1
170 connections in 2.63s; 64.64 connections/user sec, bytes read 0
170 connections in 12 real seconds, 0 bytes read per connection
Execution 44
s_time: verify depth is 1
206 connections in 3.39s; 60.77 connections/user sec, bytes read 0
206 connections in 11 real seconds, 0 bytes read per connection
Execution 45
s_time: verify depth is 1
205 connections in 3.10s; 66.13 connections/user sec, bytes read 0
205 connections in 11 real seconds, 0 bytes read per connection
Execution 46
s_time: verify depth is 1
232 connections in 3.15s; 73.65 connections/user sec, bytes read 0
232 connections in 11 real seconds, 0 bytes read per connection
Execution 47
s_time: verify depth is 1
241 connections in 3.28s; 73.48 connections/user sec, bytes read 0
241 connections in 11 real seconds, 0 bytes read per connection
Execution 48
s_time: verify depth is 1
346 connections in 4.71s; 73.46 connections/user sec, bytes read 0
346 connections in 11 real seconds, 0 bytes read per connection
Execution 49
s_time: verify depth is 1
262 connections in 3.61s; 72.58 connections/user sec, bytes read 0
262 connections in 11 real seconds, 0 bytes read per connection
Execution 50
s_time: verify depth is 1
184 connections in 2.57s; 71.60 connections/user sec, bytes read 0
184 connections in 11 real seconds, 0 bytes read per connection
tc
Mostrando el estado de qdisc para la interfaz: lo
qdisc netem 8167: root refcnt 2 limit 1000 loss 0.7%
 Sent 0 bytes 0 pkt (dropped 0, overlimits 0 requeues 0) 
 backlog 0b 0p requeues 0
Certificate request self-signature ok
subject=CN=localhost
Running /opt/oqssa/bin/perftestServerECDSA.sh with SIG_ALG=secp521r1 and KEM_ALG=mlkem1024

Using default temp DH parameters
ACCEPT
Execution 1
s_time: verify depth is 1
187 connections in 1.19s; 157.14 connections/user sec, bytes read 0
187 connections in 11 real seconds, 0 bytes read per connection
Execution 2
s_time: verify depth is 1
282 connections in 1.85s; 152.43 connections/user sec, bytes read 0
282 connections in 11 real seconds, 0 bytes read per connection
Execution 3
s_time: verify depth is 1
481 connections in 3.27s; 147.09 connections/user sec, bytes read 0
481 connections in 11 real seconds, 0 bytes read per connection
Execution 4
s_time: verify depth is 1
261 connections in 1.64s; 159.15 connections/user sec, bytes read 0
261 connections in 11 real seconds, 0 bytes read per connection
Execution 5
s_time: verify depth is 1
521 connections in 3.58s; 145.53 connections/user sec, bytes read 0
521 connections in 11 real seconds, 0 bytes read per connection
Execution 6
s_time: verify depth is 1
449 connections in 2.91s; 154.30 connections/user sec, bytes read 0
449 connections in 11 real seconds, 0 bytes read per connection
Execution 7
s_time: verify depth is 1
381 connections in 2.77s; 137.55 connections/user sec, bytes read 0
381 connections in 12 real seconds, 0 bytes read per connection
Execution 8
s_time: verify depth is 1
434 connections in 2.93s; 148.12 connections/user sec, bytes read 0
434 connections in 11 real seconds, 0 bytes read per connection
Execution 9
s_time: verify depth is 1
600 connections in 4.01s; 149.63 connections/user sec, bytes read 0
600 connections in 11 real seconds, 0 bytes read per connection
Execution 10
s_time: verify depth is 1
306 connections in 1.94s; 157.73 connections/user sec, bytes read 0
306 connections in 14 real seconds, 0 bytes read per connection
Execution 11
s_time: verify depth is 1
615 connections in 4.22s; 145.73 connections/user sec, bytes read 0
615 connections in 11 real seconds, 0 bytes read per connection
Execution 12
s_time: verify depth is 1
366 connections in 2.37s; 154.43 connections/user sec, bytes read 0
366 connections in 11 real seconds, 0 bytes read per connection
Execution 13
s_time: verify depth is 1
287 connections in 1.79s; 160.34 connections/user sec, bytes read 0
287 connections in 11 real seconds, 0 bytes read per connection
Execution 14
s_time: verify depth is 1
419 connections in 2.54s; 164.96 connections/user sec, bytes read 0
419 connections in 14 real seconds, 0 bytes read per connection
Execution 15
s_time: verify depth is 1
580 connections in 3.38s; 171.60 connections/user sec, bytes read 0
580 connections in 11 real seconds, 0 bytes read per connection
Execution 16
s_time: verify depth is 1
348 connections in 2.02s; 172.28 connections/user sec, bytes read 0
348 connections in 11 real seconds, 0 bytes read per connection
Execution 17
s_time: verify depth is 1
332 connections in 1.96s; 169.39 connections/user sec, bytes read 0
332 connections in 13 real seconds, 0 bytes read per connection
Execution 18
s_time: verify depth is 1
367 connections in 2.10s; 174.76 connections/user sec, bytes read 0
367 connections in 11 real seconds, 0 bytes read per connection
Execution 19
s_time: verify depth is 1
432 connections in 2.44s; 177.05 connections/user sec, bytes read 0
432 connections in 11 real seconds, 0 bytes read per connection
Execution 20
s_time: verify depth is 1
395 connections in 2.28s; 173.25 connections/user sec, bytes read 0
395 connections in 15 real seconds, 0 bytes read per connection
Execution 21
s_time: verify depth is 1
706 connections in 3.97s; 177.83 connections/user sec, bytes read 0
706 connections in 11 real seconds, 0 bytes read per connection
Execution 22
s_time: verify depth is 1
290 connections in 1.68s; 172.62 connections/user sec, bytes read 0
290 connections in 11 real seconds, 0 bytes read per connection
Execution 23
s_time: verify depth is 1
322 connections in 1.87s; 172.19 connections/user sec, bytes read 0
322 connections in 11 real seconds, 0 bytes read per connection
Execution 24
s_time: verify depth is 1
344 connections in 2.02s; 170.30 connections/user sec, bytes read 0
344 connections in 11 real seconds, 0 bytes read per connection
Execution 25
s_time: verify depth is 1
362 connections in 2.04s; 177.45 connections/user sec, bytes read 0
362 connections in 11 real seconds, 0 bytes read per connection
Execution 26
s_time: verify depth is 1
438 connections in 2.61s; 167.82 connections/user sec, bytes read 0
438 connections in 11 real seconds, 0 bytes read per connection
Execution 27
s_time: verify depth is 1
408 connections in 2.18s; 187.16 connections/user sec, bytes read 0
408 connections in 12 real seconds, 0 bytes read per connection
Execution 28
s_time: verify depth is 1
504 connections in 2.73s; 184.62 connections/user sec, bytes read 0
504 connections in 11 real seconds, 0 bytes read per connection
Execution 29
s_time: verify depth is 1
331 connections in 1.86s; 177.96 connections/user sec, bytes read 0
331 connections in 11 real seconds, 0 bytes read per connection
Execution 30
s_time: verify depth is 1
364 connections in 2.10s; 173.33 connections/user sec, bytes read 0
364 connections in 14 real seconds, 0 bytes read per connection
Execution 31
s_time: verify depth is 1
367 connections in 2.01s; 182.59 connections/user sec, bytes read 0
367 connections in 11 real seconds, 0 bytes read per connection
Execution 32
s_time: verify depth is 1
500 connections in 2.73s; 183.15 connections/user sec, bytes read 0
500 connections in 11 real seconds, 0 bytes read per connection
Execution 33
s_time: verify depth is 1
420 connections in 2.26s; 185.84 connections/user sec, bytes read 0
420 connections in 14 real seconds, 0 bytes read per connection
Execution 34
s_time: verify depth is 1
606 connections in 3.26s; 185.89 connections/user sec, bytes read 0
606 connections in 11 real seconds, 0 bytes read per connection
Execution 35
s_time: verify depth is 1
325 connections in 1.90s; 171.05 connections/user sec, bytes read 0
325 connections in 11 real seconds, 0 bytes read per connection
Execution 36
s_time: verify depth is 1
395 connections in 2.28s; 173.25 connections/user sec, bytes read 0
395 connections in 11 real seconds, 0 bytes read per connection
Execution 37
s_time: verify depth is 1
594 connections in 3.57s; 166.39 connections/user sec, bytes read 0
594 connections in 11 real seconds, 0 bytes read per connection
Execution 38
s_time: verify depth is 1
116 connections in 0.74s; 156.76 connections/user sec, bytes read 0
116 connections in 11 real seconds, 0 bytes read per connection
Execution 39
s_time: verify depth is 1
319 connections in 1.85s; 172.43 connections/user sec, bytes read 0
319 connections in 11 real seconds, 0 bytes read per connection
Execution 40
s_time: verify depth is 1
587 connections in 3.72s; 157.80 connections/user sec, bytes read 0
587 connections in 11 real seconds, 0 bytes read per connection
Execution 41
s_time: verify depth is 1
367 connections in 2.07s; 177.29 connections/user sec, bytes read 0
367 connections in 11 real seconds, 0 bytes read per connection
Execution 42
s_time: verify depth is 1
295 connections in 1.73s; 170.52 connections/user sec, bytes read 0
295 connections in 11 real seconds, 0 bytes read per connection
Execution 43
s_time: verify depth is 1
453 connections in 2.77s; 163.54 connections/user sec, bytes read 0
453 connections in 11 real seconds, 0 bytes read per connection
Execution 44
s_time: verify depth is 1
283 connections in 1.74s; 162.64 connections/user sec, bytes read 0
283 connections in 13 real seconds, 0 bytes read per connection
Execution 45
s_time: verify depth is 1
446 connections in 2.51s; 177.69 connections/user sec, bytes read 0
446 connections in 11 real seconds, 0 bytes read per connection
Execution 46
s_time: verify depth is 1
565 connections in 3.35s; 168.66 connections/user sec, bytes read 0
565 connections in 11 real seconds, 0 bytes read per connection
Execution 47
s_time: verify depth is 1
267 connections in 1.46s; 182.88 connections/user sec, bytes read 0
267 connections in 14 real seconds, 0 bytes read per connection
Execution 48
s_time: verify depth is 1
349 connections in 2.04s; 171.08 connections/user sec, bytes read 0
349 connections in 11 real seconds, 0 bytes read per connection
Execution 49
s_time: verify depth is 1
556 connections in 3.00s; 185.33 connections/user sec, bytes read 0
556 connections in 11 real seconds, 0 bytes read per connection
Execution 50
s_time: verify depth is 1
275 connections in 1.49s; 184.56 connections/user sec, bytes read 0
275 connections in 11 real seconds, 0 bytes read per connection
tc
Mostrando el estado de qdisc para la interfaz: lo
qdisc netem 8168: root refcnt 2 limit 1000 loss 0.7%
 Sent 0 bytes 0 pkt (dropped 0, overlimits 0 requeues 0) 
 backlog 0b 0p requeues 0
-----
-----
Certificate request self-signature ok
subject=CN=localhost
Running /opt/oqssa/bin/perftestServer.sh with SIG_ALG=mldsa87 and KEM_ALG=P-521

Using default temp DH parameters
ACCEPT
Execution 1
s_time: verify depth is 1
320 connections in 3.10s; 103.23 connections/user sec, bytes read 0
320 connections in 11 real seconds, 0 bytes read per connection
Execution 2
s_time: verify depth is 1
195 connections in 1.81s; 107.73 connections/user sec, bytes read 0
195 connections in 11 real seconds, 0 bytes read per connection
Execution 3
s_time: verify depth is 1
285 connections in 2.58s; 110.47 connections/user sec, bytes read 0
285 connections in 11 real seconds, 0 bytes read per connection
Execution 4
s_time: verify depth is 1
389 connections in 3.62s; 107.46 connections/user sec, bytes read 0
389 connections in 11 real seconds, 0 bytes read per connection
Execution 5
s_time: verify depth is 1
264 connections in 2.52s; 104.76 connections/user sec, bytes read 0
264 connections in 11 real seconds, 0 bytes read per connection
Execution 6
s_time: verify depth is 1
268 connections in 2.55s; 105.10 connections/user sec, bytes read 0
268 connections in 11 real seconds, 0 bytes read per connection
Execution 7
s_time: verify depth is 1
309 connections in 2.78s; 111.15 connections/user sec, bytes read 0
309 connections in 11 real seconds, 0 bytes read per connection
Execution 8
s_time: verify depth is 1
275 connections in 2.75s; 100.00 connections/user sec, bytes read 0
275 connections in 13 real seconds, 0 bytes read per connection
Execution 9
s_time: verify depth is 1
374 connections in 3.44s; 108.72 connections/user sec, bytes read 0
374 connections in 11 real seconds, 0 bytes read per connection
Execution 10
s_time: verify depth is 1
221 connections in 2.23s; 99.10 connections/user sec, bytes read 0
221 connections in 12 real seconds, 0 bytes read per connection
Execution 11
s_time: verify depth is 1
302 connections in 2.91s; 103.78 connections/user sec, bytes read 0
302 connections in 12 real seconds, 0 bytes read per connection
Execution 12
s_time: verify depth is 1
285 connections in 2.77s; 102.89 connections/user sec, bytes read 0
285 connections in 11 real seconds, 0 bytes read per connection
Execution 13
s_time: verify depth is 1
258 connections in 2.44s; 105.74 connections/user sec, bytes read 0
258 connections in 11 real seconds, 0 bytes read per connection
Execution 14
s_time: verify depth is 1
267 connections in 2.61s; 102.30 connections/user sec, bytes read 0
267 connections in 14 real seconds, 0 bytes read per connection
Execution 15
s_time: verify depth is 1
392 connections in 3.92s; 100.00 connections/user sec, bytes read 0
392 connections in 11 real seconds, 0 bytes read per connection
Execution 16
s_time: verify depth is 1
307 connections in 2.84s; 108.10 connections/user sec, bytes read 0
307 connections in 11 real seconds, 0 bytes read per connection
Execution 17
s_time: verify depth is 1
367 connections in 3.25s; 112.92 connections/user sec, bytes read 0
367 connections in 14 real seconds, 0 bytes read per connection
Execution 18
s_time: verify depth is 1
290 connections in 2.65s; 109.43 connections/user sec, bytes read 0
290 connections in 11 real seconds, 0 bytes read per connection
Execution 19
s_time: verify depth is 1
268 connections in 2.56s; 104.69 connections/user sec, bytes read 0
268 connections in 11 real seconds, 0 bytes read per connection
Execution 20
s_time: verify depth is 1
410 connections in 3.67s; 111.72 connections/user sec, bytes read 0
410 connections in 14 real seconds, 0 bytes read per connection
Execution 21
s_time: verify depth is 1
397 connections in 3.63s; 109.37 connections/user sec, bytes read 0
397 connections in 11 real seconds, 0 bytes read per connection
Execution 22
s_time: verify depth is 1
330 connections in 3.05s; 108.20 connections/user sec, bytes read 0
330 connections in 11 real seconds, 0 bytes read per connection
Execution 23
s_time: verify depth is 1
253 connections in 2.30s; 110.00 connections/user sec, bytes read 0
253 connections in 14 real seconds, 0 bytes read per connection
Execution 24
s_time: verify depth is 1
428 connections in 4.00s; 107.00 connections/user sec, bytes read 0
428 connections in 11 real seconds, 0 bytes read per connection
Execution 25
s_time: verify depth is 1
384 connections in 3.48s; 110.34 connections/user sec, bytes read 0
384 connections in 11 real seconds, 0 bytes read per connection
Execution 26
s_time: verify depth is 1
340 connections in 3.07s; 110.75 connections/user sec, bytes read 0
340 connections in 14 real seconds, 0 bytes read per connection
Execution 27
s_time: verify depth is 1
278 connections in 2.69s; 103.35 connections/user sec, bytes read 0
278 connections in 11 real seconds, 0 bytes read per connection
Execution 28
s_time: verify depth is 1
321 connections in 2.89s; 111.07 connections/user sec, bytes read 0
321 connections in 11 real seconds, 0 bytes read per connection
Execution 29
s_time: verify depth is 1
292 connections in 2.85s; 102.46 connections/user sec, bytes read 0
292 connections in 14 real seconds, 0 bytes read per connection
Execution 30
s_time: verify depth is 1
316 connections in 2.88s; 109.72 connections/user sec, bytes read 0
316 connections in 11 real seconds, 0 bytes read per connection
Execution 31
s_time: verify depth is 1
307 connections in 2.69s; 114.13 connections/user sec, bytes read 0
307 connections in 11 real seconds, 0 bytes read per connection
Execution 32
s_time: verify depth is 1
346 connections in 3.07s; 112.70 connections/user sec, bytes read 0
346 connections in 13 real seconds, 0 bytes read per connection
Execution 33
s_time: verify depth is 1
390 connections in 3.80s; 102.63 connections/user sec, bytes read 0
390 connections in 11 real seconds, 0 bytes read per connection
Execution 34
s_time: verify depth is 1
307 connections in 2.71s; 113.28 connections/user sec, bytes read 0
307 connections in 11 real seconds, 0 bytes read per connection
Execution 35
s_time: verify depth is 1
253 connections in 2.44s; 103.69 connections/user sec, bytes read 0
253 connections in 14 real seconds, 0 bytes read per connection
Execution 36
s_time: verify depth is 1
248 connections in 2.56s; 96.88 connections/user sec, bytes read 0
248 connections in 11 real seconds, 0 bytes read per connection
Execution 37
s_time: verify depth is 1
338 connections in 3.10s; 109.03 connections/user sec, bytes read 0
338 connections in 11 real seconds, 0 bytes read per connection
Execution 38
s_time: verify depth is 1
331 connections in 3.37s; 98.22 connections/user sec, bytes read 0
331 connections in 14 real seconds, 0 bytes read per connection
Execution 39
s_time: verify depth is 1
352 connections in 3.34s; 105.39 connections/user sec, bytes read 0
352 connections in 11 real seconds, 0 bytes read per connection
Execution 40
s_time: verify depth is 1
289 connections in 2.61s; 110.73 connections/user sec, bytes read 0
289 connections in 11 real seconds, 0 bytes read per connection
Execution 41
s_time: verify depth is 1
350 connections in 3.29s; 106.38 connections/user sec, bytes read 0
350 connections in 14 real seconds, 0 bytes read per connection
Execution 42
s_time: verify depth is 1
363 connections in 3.49s; 104.01 connections/user sec, bytes read 0
363 connections in 11 real seconds, 0 bytes read per connection
Execution 43
s_time: verify depth is 1
316 connections in 3.07s; 102.93 connections/user sec, bytes read 0
316 connections in 11 real seconds, 0 bytes read per connection
Execution 44
s_time: verify depth is 1
254 connections in 2.36s; 107.63 connections/user sec, bytes read 0
254 connections in 11 real seconds, 0 bytes read per connection
Execution 45
s_time: verify depth is 1
349 connections in 2.87s; 121.60 connections/user sec, bytes read 0
349 connections in 11 real seconds, 0 bytes read per connection
Execution 46
s_time: verify depth is 1
134 connections in 1.17s; 114.53 connections/user sec, bytes read 0
134 connections in 11 real seconds, 0 bytes read per connection
Execution 47
s_time: verify depth is 1
237 connections in 2.01s; 117.91 connections/user sec, bytes read 0
237 connections in 11 real seconds, 0 bytes read per connection
Execution 48
s_time: verify depth is 1
411 connections in 3.51s; 117.09 connections/user sec, bytes read 0
411 connections in 11 real seconds, 0 bytes read per connection
Execution 49
s_time: verify depth is 1
335 connections in 2.99s; 112.04 connections/user sec, bytes read 0
335 connections in 12 real seconds, 0 bytes read per connection
Execution 50
s_time: verify depth is 1
331 connections in 2.80s; 118.21 connections/user sec, bytes read 0
331 connections in 11 real seconds, 0 bytes read per connection
tc
Mostrando el estado de qdisc para la interfaz: lo
qdisc netem 8169: root refcnt 2 limit 1000 loss 0.7%
 Sent 0 bytes 0 pkt (dropped 0, overlimits 0 requeues 0) 
 backlog 0b 0p requeues 0
-----
-----
Certificate request self-signature ok
subject=CN=localhost
Running /opt/oqssa/bin/perftestServer.sh with SIG_ALG=mldsa87 and KEM_ALG=mlkem1024

Using default temp DH parameters
ACCEPT
Execution 1
s_time: verify depth is 1
396 connections in 0.36s; 1100.00 connections/user sec, bytes read 0
396 connections in 11 real seconds, 0 bytes read per connection
Execution 2
s_time: verify depth is 1
538 connections in 0.49s; 1097.96 connections/user sec, bytes read 0
538 connections in 11 real seconds, 0 bytes read per connection
Execution 3
s_time: verify depth is 1
623 connections in 0.58s; 1074.14 connections/user sec, bytes read 0
623 connections in 11 real seconds, 0 bytes read per connection
Execution 4
s_time: verify depth is 1
383 connections in 0.36s; 1063.89 connections/user sec, bytes read 0
383 connections in 11 real seconds, 0 bytes read per connection
Execution 5
s_time: verify depth is 1
472 connections in 0.44s; 1072.73 connections/user sec, bytes read 0
472 connections in 11 real seconds, 0 bytes read per connection
Execution 6
s_time: verify depth is 1
768 connections in 0.75s; 1024.00 connections/user sec, bytes read 0
768 connections in 11 real seconds, 0 bytes read per connection
Execution 7
s_time: verify depth is 1
377 connections in 0.35s; 1077.14 connections/user sec, bytes read 0
377 connections in 11 real seconds, 0 bytes read per connection
Execution 8
s_time: verify depth is 1
533 connections in 0.50s; 1066.00 connections/user sec, bytes read 0
533 connections in 11 real seconds, 0 bytes read per connection
Execution 9
s_time: verify depth is 1
605 connections in 0.60s; 1008.33 connections/user sec, bytes read 0
605 connections in 11 real seconds, 0 bytes read per connection
Execution 10
s_time: verify depth is 1
377 connections in 0.38s; 992.11 connections/user sec, bytes read 0
377 connections in 14 real seconds, 0 bytes read per connection
Execution 11
s_time: verify depth is 1
650 connections in 0.61s; 1065.57 connections/user sec, bytes read 0
650 connections in 11 real seconds, 0 bytes read per connection
Execution 12
s_time: verify depth is 1
741 connections in 0.72s; 1029.17 connections/user sec, bytes read 0
741 connections in 11 real seconds, 0 bytes read per connection
Execution 13
s_time: verify depth is 1
423 connections in 0.39s; 1084.62 connections/user sec, bytes read 0
423 connections in 12 real seconds, 0 bytes read per connection
Execution 14
s_time: verify depth is 1
652 connections in 0.61s; 1068.85 connections/user sec, bytes read 0
652 connections in 11 real seconds, 0 bytes read per connection
Execution 15
s_time: verify depth is 1
545 connections in 0.52s; 1048.08 connections/user sec, bytes read 0
545 connections in 11 real seconds, 0 bytes read per connection
Execution 16
s_time: verify depth is 1
188 connections in 0.18s; 1044.44 connections/user sec, bytes read 0
188 connections in 14 real seconds, 0 bytes read per connection
Execution 17
s_time: verify depth is 1
611 connections in 0.61s; 1001.64 connections/user sec, bytes read 0
611 connections in 11 real seconds, 0 bytes read per connection
Execution 18
s_time: verify depth is 1
507 connections in 0.48s; 1056.25 connections/user sec, bytes read 0
507 connections in 11 real seconds, 0 bytes read per connection
Execution 19
s_time: verify depth is 1
405 connections in 0.38s; 1065.79 connections/user sec, bytes read 0
405 connections in 15 real seconds, 0 bytes read per connection
Execution 20
s_time: verify depth is 1
651 connections in 0.64s; 1017.19 connections/user sec, bytes read 0
651 connections in 11 real seconds, 0 bytes read per connection
Execution 21
s_time: verify depth is 1
973 connections in 0.84s; 1158.33 connections/user sec, bytes read 0
973 connections in 11 real seconds, 0 bytes read per connection
Execution 22
s_time: verify depth is 1
328 connections in 0.32s; 1025.00 connections/user sec, bytes read 0
328 connections in 13 real seconds, 0 bytes read per connection
Execution 23
s_time: verify depth is 1
610 connections in 0.56s; 1089.29 connections/user sec, bytes read 0
610 connections in 11 real seconds, 0 bytes read per connection
Execution 24
s_time: verify depth is 1
526 connections in 0.47s; 1119.15 connections/user sec, bytes read 0
526 connections in 11 real seconds, 0 bytes read per connection
Execution 25
s_time: verify depth is 1
345 connections in 0.33s; 1045.45 connections/user sec, bytes read 0
345 connections in 13 real seconds, 0 bytes read per connection
Execution 26
s_time: verify depth is 1
476 connections in 0.46s; 1034.78 connections/user sec, bytes read 0
476 connections in 11 real seconds, 0 bytes read per connection
Execution 27
s_time: verify depth is 1
596 connections in 0.55s; 1083.64 connections/user sec, bytes read 0
596 connections in 11 real seconds, 0 bytes read per connection
Execution 28
s_time: verify depth is 1
435 connections in 0.43s; 1011.63 connections/user sec, bytes read 0
435 connections in 11 real seconds, 0 bytes read per connection
Execution 29
s_time: verify depth is 1
343 connections in 0.33s; 1039.39 connections/user sec, bytes read 0
343 connections in 11 real seconds, 0 bytes read per connection
Execution 30
s_time: verify depth is 1
410 connections in 0.37s; 1108.11 connections/user sec, bytes read 0
410 connections in 11 real seconds, 0 bytes read per connection
Execution 31
s_time: verify depth is 1
669 connections in 0.63s; 1061.90 connections/user sec, bytes read 0
669 connections in 11 real seconds, 0 bytes read per connection
Execution 32
s_time: verify depth is 1
279 connections in 0.28s; 996.43 connections/user sec, bytes read 0
279 connections in 11 real seconds, 0 bytes read per connection
Execution 33
s_time: verify depth is 1
417 connections in 0.43s; 969.77 connections/user sec, bytes read 0
417 connections in 11 real seconds, 0 bytes read per connection
Execution 34
s_time: verify depth is 1
849 connections in 0.95s; 893.68 connections/user sec, bytes read 0
849 connections in 11 real seconds, 0 bytes read per connection
Execution 35
s_time: verify depth is 1
574 connections in 0.51s; 1125.49 connections/user sec, bytes read 0
574 connections in 11 real seconds, 0 bytes read per connection
Execution 36
s_time: verify depth is 1
320 connections in 0.32s; 1000.00 connections/user sec, bytes read 0
320 connections in 11 real seconds, 0 bytes read per connection
Execution 37
s_time: verify depth is 1
385 connections in 0.36s; 1069.44 connections/user sec, bytes read 0
385 connections in 11 real seconds, 0 bytes read per connection
Execution 38
s_time: verify depth is 1
582 connections in 0.52s; 1119.23 connections/user sec, bytes read 0
582 connections in 11 real seconds, 0 bytes read per connection
Execution 39
s_time: verify depth is 1
300 connections in 0.27s; 1111.11 connections/user sec, bytes read 0
300 connections in 11 real seconds, 0 bytes read per connection
Execution 40
s_time: verify depth is 1
670 connections in 0.61s; 1098.36 connections/user sec, bytes read 0
670 connections in 11 real seconds, 0 bytes read per connection
Execution 41
s_time: verify depth is 1
615 connections in 0.53s; 1160.38 connections/user sec, bytes read 0
615 connections in 11 real seconds, 0 bytes read per connection
Execution 42
s_time: verify depth is 1
616 connections in 0.55s; 1120.00 connections/user sec, bytes read 0
616 connections in 13 real seconds, 0 bytes read per connection
Execution 43
s_time: verify depth is 1
386 connections in 0.36s; 1072.22 connections/user sec, bytes read 0
386 connections in 11 real seconds, 0 bytes read per connection
Execution 44
s_time: verify depth is 1
527 connections in 0.46s; 1145.65 connections/user sec, bytes read 0
527 connections in 11 real seconds, 0 bytes read per connection
Execution 45
s_time: verify depth is 1
876 connections in 0.81s; 1081.48 connections/user sec, bytes read 0
876 connections in 11 real seconds, 0 bytes read per connection
Execution 46
s_time: verify depth is 1
367 connections in 0.33s; 1112.12 connections/user sec, bytes read 0
367 connections in 11 real seconds, 0 bytes read per connection
Execution 47
s_time: verify depth is 1
128 connections in 0.12s; 1066.67 connections/user sec, bytes read 0
128 connections in 11 real seconds, 0 bytes read per connection
Execution 48
s_time: verify depth is 1
409 connections in 0.40s; 1022.50 connections/user sec, bytes read 0
409 connections in 12 real seconds, 0 bytes read per connection
Execution 49
s_time: verify depth is 1
681 connections in 0.64s; 1064.06 connections/user sec, bytes read 0
681 connections in 11 real seconds, 0 bytes read per connection
Execution 50
s_time: verify depth is 1
151 connections in 0.15s; 1006.67 connections/user sec, bytes read 0
151 connections in 11 real seconds, 0 bytes read per connection
tc
Mostrando el estado de qdisc para la interfaz: lo
qdisc netem 816a: root refcnt 2 limit 1000 loss 0.7%
 Sent 0 bytes 0 pkt (dropped 0, overlimits 0 requeues 0) 
 backlog 0b 0p requeues 0
-----
-----
Certificate request self-signature ok
subject=CN=localhost
Running /opt/oqssa/bin/perftestServer.sh with SIG_ALG=falcon1024 and KEM_ALG=P-521

Using default temp DH parameters
ACCEPT
Execution 1
s_time: verify depth is 1
178 connections in 1.68s; 105.95 connections/user sec, bytes read 0
178 connections in 11 real seconds, 0 bytes read per connection
Execution 2
s_time: verify depth is 1
316 connections in 2.72s; 116.18 connections/user sec, bytes read 0
316 connections in 11 real seconds, 0 bytes read per connection
Execution 3
s_time: verify depth is 1
299 connections in 2.62s; 114.12 connections/user sec, bytes read 0
299 connections in 11 real seconds, 0 bytes read per connection
Execution 4
s_time: verify depth is 1
182 connections in 1.65s; 110.30 connections/user sec, bytes read 0
182 connections in 11 real seconds, 0 bytes read per connection
Execution 5
s_time: verify depth is 1
255 connections in 2.30s; 110.87 connections/user sec, bytes read 0
255 connections in 11 real seconds, 0 bytes read per connection
Execution 6
s_time: verify depth is 1
314 connections in 2.94s; 106.80 connections/user sec, bytes read 0
314 connections in 12 real seconds, 0 bytes read per connection
Execution 7
s_time: verify depth is 1
169 connections in 1.57s; 107.64 connections/user sec, bytes read 0
169 connections in 11 real seconds, 0 bytes read per connection
Execution 8
s_time: verify depth is 1
381 connections in 3.49s; 109.17 connections/user sec, bytes read 0
381 connections in 11 real seconds, 0 bytes read per connection
Execution 9
s_time: verify depth is 1
212 connections in 1.88s; 112.77 connections/user sec, bytes read 0
212 connections in 11 real seconds, 0 bytes read per connection
Execution 10
s_time: verify depth is 1
294 connections in 2.68s; 109.70 connections/user sec, bytes read 0
294 connections in 11 real seconds, 0 bytes read per connection
Execution 11
s_time: verify depth is 1
240 connections in 2.20s; 109.09 connections/user sec, bytes read 0
240 connections in 11 real seconds, 0 bytes read per connection
Execution 12
s_time: verify depth is 1
362 connections in 3.24s; 111.73 connections/user sec, bytes read 0
362 connections in 14 real seconds, 0 bytes read per connection
Execution 13
s_time: verify depth is 1
309 connections in 2.69s; 114.87 connections/user sec, bytes read 0
309 connections in 11 real seconds, 0 bytes read per connection
Execution 14
s_time: verify depth is 1
297 connections in 2.62s; 113.36 connections/user sec, bytes read 0
297 connections in 11 real seconds, 0 bytes read per connection
Execution 15
s_time: verify depth is 1
329 connections in 2.93s; 112.29 connections/user sec, bytes read 0
329 connections in 14 real seconds, 0 bytes read per connection
Execution 16
s_time: verify depth is 1
288 connections in 2.62s; 109.92 connections/user sec, bytes read 0
288 connections in 11 real seconds, 0 bytes read per connection
Execution 17
s_time: verify depth is 1
301 connections in 2.68s; 112.31 connections/user sec, bytes read 0
301 connections in 11 real seconds, 0 bytes read per connection
Execution 18
s_time: verify depth is 1
189 connections in 1.72s; 109.88 connections/user sec, bytes read 0
189 connections in 13 real seconds, 0 bytes read per connection
Execution 19
s_time: verify depth is 1
358 connections in 3.12s; 114.74 connections/user sec, bytes read 0
358 connections in 11 real seconds, 0 bytes read per connection
Execution 20
s_time: verify depth is 1
364 connections in 3.31s; 109.97 connections/user sec, bytes read 0
364 connections in 11 real seconds, 0 bytes read per connection
Execution 21
s_time: verify depth is 1
308 connections in 2.81s; 109.61 connections/user sec, bytes read 0
308 connections in 15 real seconds, 0 bytes read per connection
Execution 22
s_time: verify depth is 1
303 connections in 2.77s; 109.39 connections/user sec, bytes read 0
303 connections in 11 real seconds, 0 bytes read per connection
Execution 23
s_time: verify depth is 1
467 connections in 4.22s; 110.66 connections/user sec, bytes read 0
467 connections in 11 real seconds, 0 bytes read per connection
Execution 24
s_time: verify depth is 1
328 connections in 2.99s; 109.70 connections/user sec, bytes read 0
328 connections in 13 real seconds, 0 bytes read per connection
Execution 25
s_time: verify depth is 1
343 connections in 3.12s; 109.94 connections/user sec, bytes read 0
343 connections in 11 real seconds, 0 bytes read per connection
Execution 26
s_time: verify depth is 1
320 connections in 2.89s; 110.73 connections/user sec, bytes read 0
320 connections in 11 real seconds, 0 bytes read per connection
Execution 27
s_time: verify depth is 1
320 connections in 2.81s; 113.88 connections/user sec, bytes read 0
320 connections in 14 real seconds, 0 bytes read per connection
Execution 28
s_time: verify depth is 1
241 connections in 2.23s; 108.07 connections/user sec, bytes read 0
241 connections in 11 real seconds, 0 bytes read per connection
Execution 29
s_time: verify depth is 1
330 connections in 2.99s; 110.37 connections/user sec, bytes read 0
330 connections in 11 real seconds, 0 bytes read per connection
Execution 30
s_time: verify depth is 1
244 connections in 2.22s; 109.91 connections/user sec, bytes read 0
244 connections in 14 real seconds, 0 bytes read per connection
Execution 31
s_time: verify depth is 1
264 connections in 2.32s; 113.79 connections/user sec, bytes read 0
264 connections in 11 real seconds, 0 bytes read per connection
Execution 32
s_time: verify depth is 1
341 connections in 3.00s; 113.67 connections/user sec, bytes read 0
341 connections in 11 real seconds, 0 bytes read per connection
Execution 33
s_time: verify depth is 1
336 connections in 3.04s; 110.53 connections/user sec, bytes read 0
336 connections in 11 real seconds, 0 bytes read per connection
Execution 34
s_time: verify depth is 1
272 connections in 2.42s; 112.40 connections/user sec, bytes read 0
272 connections in 11 real seconds, 0 bytes read per connection
Execution 35
s_time: verify depth is 1
285 connections in 2.60s; 109.62 connections/user sec, bytes read 0
285 connections in 11 real seconds, 0 bytes read per connection
Execution 36
s_time: verify depth is 1
269 connections in 2.27s; 118.50 connections/user sec, bytes read 0
269 connections in 11 real seconds, 0 bytes read per connection
Execution 37
s_time: verify depth is 1
313 connections in 2.75s; 113.82 connections/user sec, bytes read 0
313 connections in 11 real seconds, 0 bytes read per connection
Execution 38
s_time: verify depth is 1
308 connections in 2.67s; 115.36 connections/user sec, bytes read 0
308 connections in 11 real seconds, 0 bytes read per connection
Execution 39
s_time: verify depth is 1
171 connections in 1.52s; 112.50 connections/user sec, bytes read 0
171 connections in 11 real seconds, 0 bytes read per connection
Execution 40
s_time: verify depth is 1
268 connections in 2.40s; 111.67 connections/user sec, bytes read 0
268 connections in 11 real seconds, 0 bytes read per connection
Execution 41
s_time: verify depth is 1
405 connections in 3.37s; 120.18 connections/user sec, bytes read 0
405 connections in 11 real seconds, 0 bytes read per connection
Execution 42
s_time: verify depth is 1
370 connections in 3.39s; 109.14 connections/user sec, bytes read 0
370 connections in 11 real seconds, 0 bytes read per connection
Execution 43
s_time: verify depth is 1
174 connections in 1.57s; 110.83 connections/user sec, bytes read 0
174 connections in 11 real seconds, 0 bytes read per connection
Execution 44
s_time: verify depth is 1
309 connections in 2.93s; 105.46 connections/user sec, bytes read 0
309 connections in 11 real seconds, 0 bytes read per connection
Execution 45
s_time: verify depth is 1
266 connections in 2.26s; 117.70 connections/user sec, bytes read 0
266 connections in 11 real seconds, 0 bytes read per connection
Execution 46
s_time: verify depth is 1
224 connections in 2.09s; 107.18 connections/user sec, bytes read 0
224 connections in 13 real seconds, 0 bytes read per connection
Execution 47
s_time: verify depth is 1
325 connections in 2.94s; 110.54 connections/user sec, bytes read 0
325 connections in 11 real seconds, 0 bytes read per connection
Execution 48
s_time: verify depth is 1
406 connections in 3.63s; 111.85 connections/user sec, bytes read 0
406 connections in 11 real seconds, 0 bytes read per connection
Execution 49
s_time: verify depth is 1
238 connections in 1.96s; 121.43 connections/user sec, bytes read 0
238 connections in 14 real seconds, 0 bytes read per connection
Execution 50
s_time: verify depth is 1
194 connections in 1.60s; 121.25 connections/user sec, bytes read 0
194 connections in 11 real seconds, 0 bytes read per connection
tc
Mostrando el estado de qdisc para la interfaz: lo
qdisc netem 816b: root refcnt 2 limit 1000 loss 0.7%
 Sent 0 bytes 0 pkt (dropped 0, overlimits 0 requeues 0) 
 backlog 0b 0p requeues 0
-----
-----
Certificate request self-signature ok
subject=CN=localhost
Running /opt/oqssa/bin/perftestServer.sh with SIG_ALG=falcon1024 and KEM_ALG=mlkem1024

Using default temp DH parameters
ACCEPT
Execution 1
s_time: verify depth is 1
509 connections in 0.48s; 1060.42 connections/user sec, bytes read 0
509 connections in 11 real seconds, 0 bytes read per connection
Execution 2
s_time: verify depth is 1
449 connections in 0.45s; 997.78 connections/user sec, bytes read 0
449 connections in 11 real seconds, 0 bytes read per connection
Execution 3
s_time: verify depth is 1
455 connections in 0.47s; 968.09 connections/user sec, bytes read 0
455 connections in 11 real seconds, 0 bytes read per connection
Execution 4
s_time: verify depth is 1
257 connections in 0.25s; 1028.00 connections/user sec, bytes read 0
257 connections in 11 real seconds, 0 bytes read per connection
Execution 5
s_time: verify depth is 1
603 connections in 0.58s; 1039.66 connections/user sec, bytes read 0
603 connections in 13 real seconds, 0 bytes read per connection
Execution 6
s_time: verify depth is 1
569 connections in 0.57s; 998.25 connections/user sec, bytes read 0
569 connections in 11 real seconds, 0 bytes read per connection
Execution 7
s_time: verify depth is 1
380 connections in 0.35s; 1085.71 connections/user sec, bytes read 0
380 connections in 11 real seconds, 0 bytes read per connection
Execution 8
s_time: verify depth is 1
457 connections in 0.45s; 1015.56 connections/user sec, bytes read 0
457 connections in 14 real seconds, 0 bytes read per connection
Execution 9
s_time: verify depth is 1
394 connections in 0.36s; 1094.44 connections/user sec, bytes read 0
394 connections in 11 real seconds, 0 bytes read per connection
Execution 10
s_time: verify depth is 1
291 connections in 0.31s; 938.71 connections/user sec, bytes read 0
291 connections in 11 real seconds, 0 bytes read per connection
Execution 11
s_time: verify depth is 1
536 connections in 0.57s; 940.35 connections/user sec, bytes read 0
536 connections in 14 real seconds, 0 bytes read per connection
Execution 12
s_time: verify depth is 1
262 connections in 0.27s; 970.37 connections/user sec, bytes read 0
262 connections in 11 real seconds, 0 bytes read per connection
Execution 13
s_time: verify depth is 1
856 connections in 0.78s; 1097.44 connections/user sec, bytes read 0
856 connections in 11 real seconds, 0 bytes read per connection
Execution 14
s_time: verify depth is 1
487 connections in 0.50s; 974.00 connections/user sec, bytes read 0
487 connections in 15 real seconds, 0 bytes read per connection
Execution 15
s_time: verify depth is 1
333 connections in 0.32s; 1040.62 connections/user sec, bytes read 0
333 connections in 11 real seconds, 0 bytes read per connection
Execution 16
s_time: verify depth is 1
629 connections in 0.66s; 953.03 connections/user sec, bytes read 0
629 connections in 11 real seconds, 0 bytes read per connection
Execution 17
s_time: verify depth is 1
251 connections in 0.23s; 1091.30 connections/user sec, bytes read 0
251 connections in 13 real seconds, 0 bytes read per connection
Execution 18
s_time: verify depth is 1
700 connections in 0.63s; 1111.11 connections/user sec, bytes read 0
700 connections in 11 real seconds, 0 bytes read per connection
Execution 19
s_time: verify depth is 1
462 connections in 0.45s; 1026.67 connections/user sec, bytes read 0
462 connections in 11 real seconds, 0 bytes read per connection
Execution 20
s_time: verify depth is 1
394 connections in 0.42s; 938.10 connections/user sec, bytes read 0
394 connections in 13 real seconds, 0 bytes read per connection
Execution 21
s_time: verify depth is 1
230 connections in 0.24s; 958.33 connections/user sec, bytes read 0
230 connections in 11 real seconds, 0 bytes read per connection
Execution 22
s_time: verify depth is 1
976 connections in 0.91s; 1072.53 connections/user sec, bytes read 0
976 connections in 11 real seconds, 0 bytes read per connection
Execution 23
s_time: verify depth is 1
586 connections in 0.58s; 1010.34 connections/user sec, bytes read 0
586 connections in 11 real seconds, 0 bytes read per connection
Execution 24
s_time: verify depth is 1
617 connections in 0.58s; 1063.79 connections/user sec, bytes read 0
617 connections in 11 real seconds, 0 bytes read per connection
Execution 25
s_time: verify depth is 1
550 connections in 0.56s; 982.14 connections/user sec, bytes read 0
550 connections in 11 real seconds, 0 bytes read per connection
Execution 26
s_time: verify depth is 1
652 connections in 0.65s; 1003.08 connections/user sec, bytes read 0
652 connections in 11 real seconds, 0 bytes read per connection
Execution 27
s_time: verify depth is 1
513 connections in 0.52s; 986.54 connections/user sec, bytes read 0
513 connections in 11 real seconds, 0 bytes read per connection
Execution 28
s_time: verify depth is 1
490 connections in 0.50s; 980.00 connections/user sec, bytes read 0
490 connections in 12 real seconds, 0 bytes read per connection
Execution 29
s_time: verify depth is 1
760 connections in 0.77s; 987.01 connections/user sec, bytes read 0
760 connections in 11 real seconds, 0 bytes read per connection
Execution 30
s_time: verify depth is 1
278 connections in 0.29s; 958.62 connections/user sec, bytes read 0
278 connections in 11 real seconds, 0 bytes read per connection
Execution 31
s_time: verify depth is 1
689 connections in 0.63s; 1093.65 connections/user sec, bytes read 0
689 connections in 11 real seconds, 0 bytes read per connection
Execution 32
s_time: verify depth is 1
538 connections in 0.59s; 911.86 connections/user sec, bytes read 0
538 connections in 11 real seconds, 0 bytes read per connection
Execution 33
s_time: verify depth is 1
386 connections in 0.36s; 1072.22 connections/user sec, bytes read 0
386 connections in 11 real seconds, 0 bytes read per connection
Execution 34
s_time: verify depth is 1
814 connections in 0.82s; 992.68 connections/user sec, bytes read 0
814 connections in 11 real seconds, 0 bytes read per connection
Execution 35
s_time: verify depth is 1
711 connections in 0.75s; 948.00 connections/user sec, bytes read 0
711 connections in 11 real seconds, 0 bytes read per connection
Execution 36
s_time: verify depth is 1
532 connections in 0.55s; 967.27 connections/user sec, bytes read 0
532 connections in 14 real seconds, 0 bytes read per connection
Execution 37
s_time: verify depth is 1
572 connections in 0.56s; 1021.43 connections/user sec, bytes read 0
572 connections in 11 real seconds, 0 bytes read per connection
Execution 38
s_time: verify depth is 1
703 connections in 0.68s; 1033.82 connections/user sec, bytes read 0
703 connections in 11 real seconds, 0 bytes read per connection
Execution 39
s_time: verify depth is 1
482 connections in 0.43s; 1120.93 connections/user sec, bytes read 0
482 connections in 14 real seconds, 0 bytes read per connection
Execution 40
s_time: verify depth is 1
600 connections in 0.59s; 1016.95 connections/user sec, bytes read 0
600 connections in 11 real seconds, 0 bytes read per connection
Execution 41
s_time: verify depth is 1
705 connections in 0.73s; 965.75 connections/user sec, bytes read 0
705 connections in 12 real seconds, 0 bytes read per connection
Execution 42
s_time: verify depth is 1
423 connections in 0.43s; 983.72 connections/user sec, bytes read 0
423 connections in 12 real seconds, 0 bytes read per connection
Execution 43
s_time: verify depth is 1
526 connections in 0.53s; 992.45 connections/user sec, bytes read 0
526 connections in 11 real seconds, 0 bytes read per connection
Execution 44
s_time: verify depth is 1
567 connections in 0.56s; 1012.50 connections/user sec, bytes read 0
567 connections in 11 real seconds, 0 bytes read per connection
Execution 45
s_time: verify depth is 1
763 connections in 0.76s; 1003.95 connections/user sec, bytes read 0
763 connections in 14 real seconds, 0 bytes read per connection
Execution 46
s_time: verify depth is 1
560 connections in 0.57s; 982.46 connections/user sec, bytes read 0
560 connections in 11 real seconds, 0 bytes read per connection
Execution 47
s_time: verify depth is 1
585 connections in 0.57s; 1026.32 connections/user sec, bytes read 0
585 connections in 11 real seconds, 0 bytes read per connection
Execution 48
s_time: verify depth is 1
430 connections in 0.40s; 1075.00 connections/user sec, bytes read 0
430 connections in 14 real seconds, 0 bytes read per connection
Execution 49
s_time: verify depth is 1
580 connections in 0.57s; 1017.54 connections/user sec, bytes read 0
580 connections in 11 real seconds, 0 bytes read per connection
Execution 50
s_time: verify depth is 1
524 connections in 0.50s; 1048.00 connections/user sec, bytes read 0
524 connections in 11 real seconds, 0 bytes read per connection
tc
Mostrando el estado de qdisc para la interfaz: lo
qdisc netem 816c: root refcnt 2 limit 1000 loss 0.7%
 Sent 0 bytes 0 pkt (dropped 0, overlimits 0 requeues 0) 
 backlog 0b 0p requeues 0
-----
-----
Certificate request self-signature ok
subject=CN=localhost
Running /opt/oqssa/bin/perftestServer.sh with SIG_ALG=sphincssha2256fsimple and KEM_ALG=P-521

Using default temp DH parameters
ACCEPT
Execution 1
s_time: verify depth is 1
185 connections in 2.52s; 73.41 connections/user sec, bytes read 0
185 connections in 11 real seconds, 0 bytes read per connection
Execution 2
s_time: verify depth is 1
179 connections in 2.33s; 76.82 connections/user sec, bytes read 0
179 connections in 11 real seconds, 0 bytes read per connection
Execution 3
s_time: verify depth is 1
112 connections in 1.42s; 78.87 connections/user sec, bytes read 0
112 connections in 11 real seconds, 0 bytes read per connection
Execution 4
s_time: verify depth is 1
185 connections in 2.31s; 80.09 connections/user sec, bytes read 0
185 connections in 11 real seconds, 0 bytes read per connection
Execution 5
s_time: verify depth is 1
97 connections in 1.22s; 79.51 connections/user sec, bytes read 0
97 connections in 11 real seconds, 0 bytes read per connection
Execution 6
s_time: verify depth is 1
87 connections in 1.09s; 79.82 connections/user sec, bytes read 0
87 connections in 11 real seconds, 0 bytes read per connection
Execution 7
s_time: verify depth is 1
167 connections in 2.11s; 79.15 connections/user sec, bytes read 0
167 connections in 12 real seconds, 0 bytes read per connection
Execution 8
s_time: verify depth is 1
164 connections in 2.06s; 79.61 connections/user sec, bytes read 0
164 connections in 11 real seconds, 0 bytes read per connection
Execution 9
s_time: verify depth is 1
112 connections in 1.50s; 74.67 connections/user sec, bytes read 0
112 connections in 11 real seconds, 0 bytes read per connection
Execution 10
s_time: verify depth is 1
157 connections in 1.93s; 81.35 connections/user sec, bytes read 0
157 connections in 11 real seconds, 0 bytes read per connection
Execution 11
s_time: verify depth is 1
170 connections in 2.11s; 80.57 connections/user sec, bytes read 0
170 connections in 11 real seconds, 0 bytes read per connection
Execution 12
s_time: verify depth is 1
167 connections in 1.99s; 83.92 connections/user sec, bytes read 0
167 connections in 12 real seconds, 0 bytes read per connection
Execution 13
s_time: verify depth is 1
175 connections in 2.15s; 81.40 connections/user sec, bytes read 0
175 connections in 11 real seconds, 0 bytes read per connection
Execution 14
s_time: verify depth is 1
155 connections in 2.01s; 77.11 connections/user sec, bytes read 0
155 connections in 11 real seconds, 0 bytes read per connection
Execution 15
s_time: verify depth is 1
130 connections in 1.67s; 77.84 connections/user sec, bytes read 0
130 connections in 14 real seconds, 0 bytes read per connection
Execution 16
s_time: verify depth is 1
139 connections in 1.75s; 79.43 connections/user sec, bytes read 0
139 connections in 11 real seconds, 0 bytes read per connection
Execution 17
s_time: verify depth is 1
121 connections in 1.60s; 75.62 connections/user sec, bytes read 0
121 connections in 11 real seconds, 0 bytes read per connection
Execution 18
s_time: verify depth is 1
193 connections in 2.33s; 82.83 connections/user sec, bytes read 0
193 connections in 14 real seconds, 0 bytes read per connection
Execution 19
s_time: verify depth is 1
199 connections in 2.45s; 81.22 connections/user sec, bytes read 0
199 connections in 11 real seconds, 0 bytes read per connection
Execution 20
s_time: verify depth is 1
168 connections in 2.08s; 80.77 connections/user sec, bytes read 0
168 connections in 11 real seconds, 0 bytes read per connection
Execution 21
s_time: verify depth is 1
178 connections in 2.15s; 82.79 connections/user sec, bytes read 0
178 connections in 14 real seconds, 0 bytes read per connection
Execution 22
s_time: verify depth is 1
167 connections in 2.03s; 82.27 connections/user sec, bytes read 0
167 connections in 11 real seconds, 0 bytes read per connection
Execution 23
s_time: verify depth is 1
162 connections in 2.00s; 81.00 connections/user sec, bytes read 0
162 connections in 11 real seconds, 0 bytes read per connection
Execution 24
s_time: verify depth is 1
138 connections in 1.67s; 82.63 connections/user sec, bytes read 0
138 connections in 13 real seconds, 0 bytes read per connection
Execution 25
s_time: verify depth is 1
152 connections in 1.84s; 82.61 connections/user sec, bytes read 0
152 connections in 11 real seconds, 0 bytes read per connection
Execution 26
s_time: verify depth is 1
127 connections in 1.54s; 82.47 connections/user sec, bytes read 0
127 connections in 11 real seconds, 0 bytes read per connection
Execution 27
s_time: verify depth is 1
151 connections in 1.82s; 82.97 connections/user sec, bytes read 0
151 connections in 11 real seconds, 0 bytes read per connection
Execution 28
s_time: verify depth is 1
90 connections in 1.09s; 82.57 connections/user sec, bytes read 0
90 connections in 11 real seconds, 0 bytes read per connection
Execution 29
s_time: verify depth is 1
160 connections in 1.99s; 80.40 connections/user sec, bytes read 0
160 connections in 11 real seconds, 0 bytes read per connection
Execution 30
s_time: verify depth is 1
141 connections in 1.73s; 81.50 connections/user sec, bytes read 0
141 connections in 11 real seconds, 0 bytes read per connection
Execution 31
s_time: verify depth is 1
126 connections in 1.53s; 82.35 connections/user sec, bytes read 0
126 connections in 11 real seconds, 0 bytes read per connection
Execution 32
s_time: verify depth is 1
148 connections in 1.84s; 80.43 connections/user sec, bytes read 0
148 connections in 11 real seconds, 0 bytes read per connection
Execution 33
s_time: verify depth is 1
157 connections in 1.89s; 83.07 connections/user sec, bytes read 0
157 connections in 11 real seconds, 0 bytes read per connection
Execution 34
s_time: verify depth is 1
104 connections in 1.35s; 77.04 connections/user sec, bytes read 0
104 connections in 11 real seconds, 0 bytes read per connection
Execution 35
s_time: verify depth is 1
153 connections in 1.97s; 77.66 connections/user sec, bytes read 0
153 connections in 11 real seconds, 0 bytes read per connection
Execution 36
s_time: verify depth is 1
157 connections in 1.92s; 81.77 connections/user sec, bytes read 0
157 connections in 11 real seconds, 0 bytes read per connection
Execution 37
s_time: verify depth is 1
134 connections in 1.62s; 82.72 connections/user sec, bytes read 0
134 connections in 12 real seconds, 0 bytes read per connection
Execution 38
s_time: verify depth is 1
153 connections in 1.94s; 78.87 connections/user sec, bytes read 0
153 connections in 11 real seconds, 0 bytes read per connection
Execution 39
s_time: verify depth is 1
168 connections in 2.01s; 83.58 connections/user sec, bytes read 0
168 connections in 11 real seconds, 0 bytes read per connection
Execution 40
s_time: verify depth is 1
182 connections in 2.19s; 83.11 connections/user sec, bytes read 0
182 connections in 14 real seconds, 0 bytes read per connection
Execution 41
s_time: verify depth is 1
190 connections in 2.36s; 80.51 connections/user sec, bytes read 0
190 connections in 11 real seconds, 0 bytes read per connection
Execution 42
s_time: verify depth is 1
185 connections in 2.25s; 82.22 connections/user sec, bytes read 0
185 connections in 11 real seconds, 0 bytes read per connection
Execution 43
s_time: verify depth is 1
137 connections in 1.69s; 81.07 connections/user sec, bytes read 0
137 connections in 13 real seconds, 0 bytes read per connection
Execution 44
s_time: verify depth is 1
154 connections in 1.86s; 82.80 connections/user sec, bytes read 0
154 connections in 11 real seconds, 0 bytes read per connection
Execution 45
s_time: verify depth is 1
174 connections in 2.10s; 82.86 connections/user sec, bytes read 0
174 connections in 11 real seconds, 0 bytes read per connection
Execution 46
s_time: verify depth is 1
173 connections in 2.05s; 84.39 connections/user sec, bytes read 0
173 connections in 15 real seconds, 0 bytes read per connection
Execution 47
s_time: verify depth is 1
171 connections in 2.10s; 81.43 connections/user sec, bytes read 0
171 connections in 12 real seconds, 0 bytes read per connection
Execution 48
s_time: verify depth is 1
157 connections in 1.88s; 83.51 connections/user sec, bytes read 0
157 connections in 11 real seconds, 0 bytes read per connection
Execution 49
s_time: verify depth is 1
110 connections in 1.34s; 82.09 connections/user sec, bytes read 0
110 connections in 13 real seconds, 0 bytes read per connection
Execution 50
s_time: verify depth is 1
160 connections in 1.95s; 82.05 connections/user sec, bytes read 0
160 connections in 11 real seconds, 0 bytes read per connection
tc
Mostrando el estado de qdisc para la interfaz: lo
qdisc netem 816d: root refcnt 2 limit 1000 loss 0.7%
 Sent 0 bytes 0 pkt (dropped 0, overlimits 0 requeues 0) 
 backlog 0b 0p requeues 0
-----
-----
Certificate request self-signature ok
subject=CN=localhost
Running /opt/oqssa/bin/perftestServer.sh with SIG_ALG=sphincssha2256fsimple and KEM_ALG=mlkem1024

Using default temp DH parameters
ACCEPT
Execution 1
s_time: verify depth is 1
174 connections in 0.92s; 189.13 connections/user sec, bytes read 0
174 connections in 12 real seconds, 0 bytes read per connection
Execution 2
s_time: verify depth is 1
102 connections in 0.52s; 196.15 connections/user sec, bytes read 0
102 connections in 11 real seconds, 0 bytes read per connection
Execution 3
s_time: verify depth is 1
153 connections in 0.73s; 209.59 connections/user sec, bytes read 0
153 connections in 11 real seconds, 0 bytes read per connection
Execution 4
s_time: verify depth is 1
239 connections in 1.11s; 215.32 connections/user sec, bytes read 0
239 connections in 11 real seconds, 0 bytes read per connection
Execution 5
s_time: verify depth is 1
181 connections in 0.88s; 205.68 connections/user sec, bytes read 0
181 connections in 14 real seconds, 0 bytes read per connection
Execution 6
s_time: verify depth is 1
131 connections in 0.71s; 184.51 connections/user sec, bytes read 0
131 connections in 11 real seconds, 0 bytes read per connection
Execution 7
s_time: verify depth is 1
192 connections in 0.88s; 218.18 connections/user sec, bytes read 0
192 connections in 11 real seconds, 0 bytes read per connection
Execution 8
s_time: verify depth is 1
140 connections in 0.69s; 202.90 connections/user sec, bytes read 0
140 connections in 14 real seconds, 0 bytes read per connection
Execution 9
s_time: verify depth is 1
142 connections in 0.69s; 205.80 connections/user sec, bytes read 0
142 connections in 11 real seconds, 0 bytes read per connection
Execution 10
s_time: verify depth is 1
213 connections in 1.01s; 210.89 connections/user sec, bytes read 0
213 connections in 11 real seconds, 0 bytes read per connection
Execution 11
s_time: verify depth is 1
165 connections in 0.88s; 187.50 connections/user sec, bytes read 0
165 connections in 13 real seconds, 0 bytes read per connection
Execution 12
s_time: verify depth is 1
191 connections in 0.90s; 212.22 connections/user sec, bytes read 0
191 connections in 11 real seconds, 0 bytes read per connection
Execution 13
s_time: verify depth is 1
232 connections in 1.09s; 212.84 connections/user sec, bytes read 0
232 connections in 11 real seconds, 0 bytes read per connection
Execution 14
s_time: verify depth is 1
157 connections in 0.75s; 209.33 connections/user sec, bytes read 0
157 connections in 11 real seconds, 0 bytes read per connection
Execution 15
s_time: verify depth is 1
122 connections in 0.58s; 210.34 connections/user sec, bytes read 0
122 connections in 11 real seconds, 0 bytes read per connection
Execution 16
s_time: verify depth is 1
194 connections in 0.94s; 206.38 connections/user sec, bytes read 0
194 connections in 11 real seconds, 0 bytes read per connection
Execution 17
s_time: verify depth is 1
187 connections in 0.99s; 188.89 connections/user sec, bytes read 0
187 connections in 11 real seconds, 0 bytes read per connection
Execution 18
s_time: verify depth is 1
128 connections in 0.60s; 213.33 connections/user sec, bytes read 0
128 connections in 11 real seconds, 0 bytes read per connection
Execution 19
s_time: verify depth is 1
155 connections in 0.74s; 209.46 connections/user sec, bytes read 0
155 connections in 12 real seconds, 0 bytes read per connection
Execution 20
s_time: verify depth is 1
198 connections in 0.96s; 206.25 connections/user sec, bytes read 0
198 connections in 11 real seconds, 0 bytes read per connection
Execution 21
s_time: verify depth is 1
131 connections in 0.67s; 195.52 connections/user sec, bytes read 0
131 connections in 11 real seconds, 0 bytes read per connection
Execution 22
s_time: verify depth is 1
238 connections in 1.12s; 212.50 connections/user sec, bytes read 0
238 connections in 11 real seconds, 0 bytes read per connection
Execution 23
s_time: verify depth is 1
211 connections in 1.07s; 197.20 connections/user sec, bytes read 0
211 connections in 11 real seconds, 0 bytes read per connection
Execution 24
s_time: verify depth is 1
91 connections in 0.41s; 221.95 connections/user sec, bytes read 0
91 connections in 11 real seconds, 0 bytes read per connection
Execution 25
s_time: verify depth is 1
197 connections in 0.97s; 203.09 connections/user sec, bytes read 0
197 connections in 11 real seconds, 0 bytes read per connection
Execution 26
s_time: verify depth is 1
193 connections in 0.92s; 209.78 connections/user sec, bytes read 0
193 connections in 11 real seconds, 0 bytes read per connection
Execution 27
s_time: verify depth is 1
160 connections in 0.80s; 200.00 connections/user sec, bytes read 0
160 connections in 14 real seconds, 0 bytes read per connection
Execution 28
s_time: verify depth is 1
232 connections in 1.09s; 212.84 connections/user sec, bytes read 0
232 connections in 11 real seconds, 0 bytes read per connection
Execution 29
s_time: verify depth is 1
152 connections in 0.76s; 200.00 connections/user sec, bytes read 0
152 connections in 11 real seconds, 0 bytes read per connection
Execution 30
s_time: verify depth is 1
94 connections in 0.46s; 204.35 connections/user sec, bytes read 0
94 connections in 13 real seconds, 0 bytes read per connection
Execution 31
s_time: verify depth is 1
186 connections in 0.89s; 208.99 connections/user sec, bytes read 0
186 connections in 11 real seconds, 0 bytes read per connection
Execution 32
s_time: verify depth is 1
184 connections in 0.86s; 213.95 connections/user sec, bytes read 0
184 connections in 11 real seconds, 0 bytes read per connection
Execution 33
s_time: verify depth is 1
159 connections in 0.74s; 214.86 connections/user sec, bytes read 0
159 connections in 11 real seconds, 0 bytes read per connection
Execution 34
s_time: verify depth is 1
148 connections in 0.70s; 211.43 connections/user sec, bytes read 0
148 connections in 11 real seconds, 0 bytes read per connection
Execution 35
s_time: verify depth is 1
206 connections in 0.98s; 210.20 connections/user sec, bytes read 0
206 connections in 11 real seconds, 0 bytes read per connection
Execution 36
s_time: verify depth is 1
204 connections in 0.96s; 212.50 connections/user sec, bytes read 0
204 connections in 11 real seconds, 0 bytes read per connection
Execution 37
s_time: verify depth is 1
153 connections in 0.73s; 209.59 connections/user sec, bytes read 0
153 connections in 11 real seconds, 0 bytes read per connection
Execution 38
s_time: verify depth is 1
228 connections in 1.06s; 215.09 connections/user sec, bytes read 0
228 connections in 11 real seconds, 0 bytes read per connection
Execution 39
s_time: verify depth is 1
218 connections in 1.10s; 198.18 connections/user sec, bytes read 0
218 connections in 11 real seconds, 0 bytes read per connection
Execution 40
s_time: verify depth is 1
112 connections in 0.52s; 215.38 connections/user sec, bytes read 0
112 connections in 11 real seconds, 0 bytes read per connection
Execution 41
s_time: verify depth is 1
215 connections in 1.02s; 210.78 connections/user sec, bytes read 0
215 connections in 11 real seconds, 0 bytes read per connection
Execution 42
s_time: verify depth is 1
185 connections in 0.91s; 203.30 connections/user sec, bytes read 0
185 connections in 11 real seconds, 0 bytes read per connection
Execution 43
s_time: verify depth is 1
119 connections in 0.57s; 208.77 connections/user sec, bytes read 0
119 connections in 12 real seconds, 0 bytes read per connection
Execution 44
s_time: verify depth is 1
157 connections in 0.73s; 215.07 connections/user sec, bytes read 0
157 connections in 11 real seconds, 0 bytes read per connection
Execution 45
s_time: verify depth is 1
183 connections in 0.89s; 205.62 connections/user sec, bytes read 0
183 connections in 11 real seconds, 0 bytes read per connection
Execution 46
s_time: verify depth is 1
198 connections in 0.98s; 202.04 connections/user sec, bytes read 0
198 connections in 14 real seconds, 0 bytes read per connection
Execution 47
s_time: verify depth is 1
136 connections in 0.62s; 219.35 connections/user sec, bytes read 0
136 connections in 11 real seconds, 0 bytes read per connection
Execution 48
s_time: verify depth is 1
188 connections in 0.99s; 189.90 connections/user sec, bytes read 0
188 connections in 11 real seconds, 0 bytes read per connection
Execution 49
s_time: verify depth is 1
140 connections in 0.66s; 212.12 connections/user sec, bytes read 0
140 connections in 13 real seconds, 0 bytes read per connection
Execution 50
s_time: verify depth is 1
186 connections in 0.88s; 211.36 connections/user sec, bytes read 0
186 connections in 11 real seconds, 0 bytes read per connection
tc
Mostrando el estado de qdisc para la interfaz: lo
qdisc netem 816e: root refcnt 2 limit 1000 loss 0.7%
 Sent 0 bytes 0 pkt (dropped 0, overlimits 0 requeues 0) 
 backlog 0b 0p requeues 0
-----
-----
Certificate request self-signature ok
subject=CN=localhost
Running /opt/oqssa/bin/perftestServer.sh with SIG_ALG=sphincssha2256ssimple and KEM_ALG=P-521

Using default temp DH parameters
ACCEPT
Execution 1
s_time: verify depth is 1
28 connections in 0.31s; 90.32 connections/user sec, bytes read 0
28 connections in 11 real seconds, 0 bytes read per connection
Execution 2
s_time: verify depth is 1
21 connections in 0.24s; 87.50 connections/user sec, bytes read 0
21 connections in 11 real seconds, 0 bytes read per connection
Execution 3
s_time: verify depth is 1
26 connections in 0.31s; 83.87 connections/user sec, bytes read 0
26 connections in 11 real seconds, 0 bytes read per connection
Execution 4
s_time: verify depth is 1
28 connections in 0.35s; 80.00 connections/user sec, bytes read 0
28 connections in 11 real seconds, 0 bytes read per connection
Execution 5
s_time: verify depth is 1
26 connections in 0.29s; 89.66 connections/user sec, bytes read 0
26 connections in 14 real seconds, 0 bytes read per connection
Execution 6
s_time: verify depth is 1
26 connections in 0.33s; 78.79 connections/user sec, bytes read 0
26 connections in 11 real seconds, 0 bytes read per connection
Execution 7
s_time: verify depth is 1
26 connections in 0.31s; 83.87 connections/user sec, bytes read 0
26 connections in 11 real seconds, 0 bytes read per connection
Execution 8
s_time: verify depth is 1
24 connections in 0.30s; 80.00 connections/user sec, bytes read 0
24 connections in 14 real seconds, 0 bytes read per connection
Execution 9
s_time: verify depth is 1
27 connections in 0.32s; 84.38 connections/user sec, bytes read 0
27 connections in 11 real seconds, 0 bytes read per connection
Execution 10
s_time: verify depth is 1
28 connections in 0.33s; 84.85 connections/user sec, bytes read 0
28 connections in 11 real seconds, 0 bytes read per connection
Execution 11
s_time: verify depth is 1
28 connections in 0.31s; 90.32 connections/user sec, bytes read 0
28 connections in 14 real seconds, 0 bytes read per connection
Execution 12
s_time: verify depth is 1
25 connections in 0.29s; 86.21 connections/user sec, bytes read 0
25 connections in 11 real seconds, 0 bytes read per connection
Execution 13
s_time: verify depth is 1
26 connections in 0.32s; 81.25 connections/user sec, bytes read 0
26 connections in 11 real seconds, 0 bytes read per connection
Execution 14
s_time: verify depth is 1
24 connections in 0.30s; 80.00 connections/user sec, bytes read 0
24 connections in 14 real seconds, 0 bytes read per connection
Execution 15
s_time: verify depth is 1
25 connections in 0.34s; 73.53 connections/user sec, bytes read 0
25 connections in 11 real seconds, 0 bytes read per connection
Execution 16
s_time: verify depth is 1
29 connections in 0.36s; 80.56 connections/user sec, bytes read 0
29 connections in 11 real seconds, 0 bytes read per connection
Execution 17
s_time: verify depth is 1
26 connections in 0.31s; 83.87 connections/user sec, bytes read 0
26 connections in 14 real seconds, 0 bytes read per connection
Execution 18
s_time: verify depth is 1
29 connections in 0.33s; 87.88 connections/user sec, bytes read 0
29 connections in 11 real seconds, 0 bytes read per connection
Execution 19
s_time: verify depth is 1
25 connections in 0.30s; 83.33 connections/user sec, bytes read 0
25 connections in 11 real seconds, 0 bytes read per connection
Execution 20
s_time: verify depth is 1
26 connections in 0.31s; 83.87 connections/user sec, bytes read 0
26 connections in 13 real seconds, 0 bytes read per connection
Execution 21
s_time: verify depth is 1
24 connections in 0.29s; 82.76 connections/user sec, bytes read 0
24 connections in 11 real seconds, 0 bytes read per connection
Execution 22
s_time: verify depth is 1
29 connections in 0.34s; 85.29 connections/user sec, bytes read 0
29 connections in 11 real seconds, 0 bytes read per connection
Execution 23
s_time: verify depth is 1
28 connections in 0.33s; 84.85 connections/user sec, bytes read 0
28 connections in 14 real seconds, 0 bytes read per connection
Execution 24
s_time: verify depth is 1
26 connections in 0.30s; 86.67 connections/user sec, bytes read 0
26 connections in 11 real seconds, 0 bytes read per connection
Execution 25
s_time: verify depth is 1
27 connections in 0.32s; 84.38 connections/user sec, bytes read 0
27 connections in 11 real seconds, 0 bytes read per connection
Execution 26
s_time: verify depth is 1
24 connections in 0.29s; 82.76 connections/user sec, bytes read 0
24 connections in 14 real seconds, 0 bytes read per connection
Execution 27
s_time: verify depth is 1
25 connections in 0.30s; 83.33 connections/user sec, bytes read 0
25 connections in 11 real seconds, 0 bytes read per connection
Execution 28
s_time: verify depth is 1
28 connections in 0.31s; 90.32 connections/user sec, bytes read 0
28 connections in 11 real seconds, 0 bytes read per connection
Execution 29
s_time: verify depth is 1
27 connections in 0.31s; 87.10 connections/user sec, bytes read 0
27 connections in 14 real seconds, 0 bytes read per connection
Execution 30
s_time: verify depth is 1
25 connections in 0.29s; 86.21 connections/user sec, bytes read 0
25 connections in 11 real seconds, 0 bytes read per connection
Execution 31
s_time: verify depth is 1
26 connections in 0.32s; 81.25 connections/user sec, bytes read 0
26 connections in 11 real seconds, 0 bytes read per connection
Execution 32
s_time: verify depth is 1
27 connections in 0.32s; 84.38 connections/user sec, bytes read 0
27 connections in 14 real seconds, 0 bytes read per connection
Execution 33
s_time: verify depth is 1
28 connections in 0.31s; 90.32 connections/user sec, bytes read 0
28 connections in 11 real seconds, 0 bytes read per connection
Execution 34
s_time: verify depth is 1
28 connections in 0.31s; 90.32 connections/user sec, bytes read 0
28 connections in 11 real seconds, 0 bytes read per connection
Execution 35
s_time: verify depth is 1
26 connections in 0.32s; 81.25 connections/user sec, bytes read 0
26 connections in 14 real seconds, 0 bytes read per connection
Execution 36
s_time: verify depth is 1
25 connections in 0.28s; 89.29 connections/user sec, bytes read 0
25 connections in 11 real seconds, 0 bytes read per connection
Execution 37
s_time: verify depth is 1
28 connections in 0.33s; 84.85 connections/user sec, bytes read 0
28 connections in 11 real seconds, 0 bytes read per connection
Execution 38
s_time: verify depth is 1
26 connections in 0.30s; 86.67 connections/user sec, bytes read 0
26 connections in 13 real seconds, 0 bytes read per connection
Execution 39
s_time: verify depth is 1
27 connections in 0.32s; 84.38 connections/user sec, bytes read 0
27 connections in 11 real seconds, 0 bytes read per connection
Execution 40
s_time: verify depth is 1
25 connections in 0.30s; 83.33 connections/user sec, bytes read 0
25 connections in 11 real seconds, 0 bytes read per connection
Execution 41
s_time: verify depth is 1
28 connections in 0.34s; 82.35 connections/user sec, bytes read 0
28 connections in 14 real seconds, 0 bytes read per connection
Execution 42
s_time: verify depth is 1
27 connections in 0.30s; 90.00 connections/user sec, bytes read 0
27 connections in 11 real seconds, 0 bytes read per connection
Execution 43
s_time: verify depth is 1
26 connections in 0.30s; 86.67 connections/user sec, bytes read 0
26 connections in 11 real seconds, 0 bytes read per connection
Execution 44
s_time: verify depth is 1
27 connections in 0.33s; 81.82 connections/user sec, bytes read 0
27 connections in 14 real seconds, 0 bytes read per connection
Execution 45
s_time: verify depth is 1
25 connections in 0.28s; 89.29 connections/user sec, bytes read 0
25 connections in 11 real seconds, 0 bytes read per connection
Execution 46
s_time: verify depth is 1
28 connections in 0.32s; 87.50 connections/user sec, bytes read 0
28 connections in 11 real seconds, 0 bytes read per connection
Execution 47
s_time: verify depth is 1
26 connections in 0.30s; 86.67 connections/user sec, bytes read 0
26 connections in 14 real seconds, 0 bytes read per connection
Execution 48
s_time: verify depth is 1
28 connections in 0.32s; 87.50 connections/user sec, bytes read 0
28 connections in 11 real seconds, 0 bytes read per connection
Execution 49
s_time: verify depth is 1
28 connections in 0.33s; 84.85 connections/user sec, bytes read 0
28 connections in 11 real seconds, 0 bytes read per connection
Execution 50
s_time: verify depth is 1
27 connections in 0.32s; 84.38 connections/user sec, bytes read 0
27 connections in 14 real seconds, 0 bytes read per connection
tc
Mostrando el estado de qdisc para la interfaz: lo
qdisc netem 816f: root refcnt 2 limit 1000 loss 0.7%
 Sent 0 bytes 0 pkt (dropped 0, overlimits 0 requeues 0) 
 backlog 0b 0p requeues 0
-----
-----
Certificate request self-signature ok
subject=CN=localhost
Running /opt/oqssa/bin/perftestServer.sh with SIG_ALG=sphincssha2256ssimple and KEM_ALG=mlkem1024

Using default temp DH parameters
ACCEPT
Execution 1
s_time: verify depth is 1
28 connections in 0.10s; 280.00 connections/user sec, bytes read 0
28 connections in 11 real seconds, 0 bytes read per connection
Execution 2
s_time: verify depth is 1
28 connections in 0.11s; 254.55 connections/user sec, bytes read 0
28 connections in 11 real seconds, 0 bytes read per connection
Execution 3
s_time: verify depth is 1
19 connections in 0.07s; 271.43 connections/user sec, bytes read 0
19 connections in 11 real seconds, 0 bytes read per connection
Execution 4
s_time: verify depth is 1
28 connections in 0.10s; 280.00 connections/user sec, bytes read 0
28 connections in 11 real seconds, 0 bytes read per connection
Execution 5
s_time: verify depth is 1
28 connections in 0.11s; 254.55 connections/user sec, bytes read 0
28 connections in 11 real seconds, 0 bytes read per connection
Execution 6
s_time: verify depth is 1
27 connections in 0.10s; 270.00 connections/user sec, bytes read 0
27 connections in 14 real seconds, 0 bytes read per connection
Execution 7
s_time: verify depth is 1
26 connections in 0.10s; 260.00 connections/user sec, bytes read 0
26 connections in 11 real seconds, 0 bytes read per connection
Execution 8
s_time: verify depth is 1
28 connections in 0.11s; 254.55 connections/user sec, bytes read 0
28 connections in 11 real seconds, 0 bytes read per connection
Execution 9
s_time: verify depth is 1
25 connections in 0.09s; 277.78 connections/user sec, bytes read 0
25 connections in 13 real seconds, 0 bytes read per connection
Execution 10
s_time: verify depth is 1
28 connections in 0.10s; 280.00 connections/user sec, bytes read 0
28 connections in 11 real seconds, 0 bytes read per connection
Execution 11
s_time: verify depth is 1
29 connections in 0.11s; 263.64 connections/user sec, bytes read 0
29 connections in 11 real seconds, 0 bytes read per connection
Execution 12
s_time: verify depth is 1
28 connections in 0.10s; 280.00 connections/user sec, bytes read 0
28 connections in 14 real seconds, 0 bytes read per connection
Execution 13
s_time: verify depth is 1
27 connections in 0.10s; 270.00 connections/user sec, bytes read 0
27 connections in 11 real seconds, 0 bytes read per connection
Execution 14
s_time: verify depth is 1
29 connections in 0.11s; 263.64 connections/user sec, bytes read 0
29 connections in 11 real seconds, 0 bytes read per connection
Execution 15
s_time: verify depth is 1
28 connections in 0.10s; 280.00 connections/user sec, bytes read 0
28 connections in 14 real seconds, 0 bytes read per connection
Execution 16
s_time: verify depth is 1
28 connections in 0.10s; 280.00 connections/user sec, bytes read 0
28 connections in 11 real seconds, 0 bytes read per connection
Execution 17
s_time: verify depth is 1
29 connections in 0.11s; 263.64 connections/user sec, bytes read 0
29 connections in 11 real seconds, 0 bytes read per connection
Execution 18
s_time: verify depth is 1
27 connections in 0.10s; 270.00 connections/user sec, bytes read 0
27 connections in 14 real seconds, 0 bytes read per connection
Execution 19
s_time: verify depth is 1
28 connections in 0.10s; 280.00 connections/user sec, bytes read 0
28 connections in 11 real seconds, 0 bytes read per connection
Execution 20
s_time: verify depth is 1
26 connections in 0.10s; 260.00 connections/user sec, bytes read 0
26 connections in 11 real seconds, 0 bytes read per connection
Execution 21
s_time: verify depth is 1
27 connections in 0.11s; 245.45 connections/user sec, bytes read 0
27 connections in 13 real seconds, 0 bytes read per connection
Execution 22
s_time: verify depth is 1
27 connections in 0.10s; 270.00 connections/user sec, bytes read 0
27 connections in 11 real seconds, 0 bytes read per connection
Execution 23
s_time: verify depth is 1
24 connections in 0.09s; 266.67 connections/user sec, bytes read 0
24 connections in 11 real seconds, 0 bytes read per connection
Execution 24
s_time: verify depth is 1
26 connections in 0.10s; 260.00 connections/user sec, bytes read 0
26 connections in 11 real seconds, 0 bytes read per connection
Execution 25
s_time: verify depth is 1
20 connections in 0.07s; 285.71 connections/user sec, bytes read 0
20 connections in 11 real seconds, 0 bytes read per connection
Execution 26
s_time: verify depth is 1
28 connections in 0.10s; 280.00 connections/user sec, bytes read 0
28 connections in 11 real seconds, 0 bytes read per connection
Execution 27
s_time: verify depth is 1
29 connections in 0.11s; 263.64 connections/user sec, bytes read 0
29 connections in 11 real seconds, 0 bytes read per connection
Execution 28
s_time: verify depth is 1
20 connections in 0.06s; 333.33 connections/user sec, bytes read 0
20 connections in 11 real seconds, 0 bytes read per connection
Execution 29
s_time: verify depth is 1
26 connections in 0.10s; 260.00 connections/user sec, bytes read 0
26 connections in 11 real seconds, 0 bytes read per connection
Execution 30
s_time: verify depth is 1
26 connections in 0.09s; 288.89 connections/user sec, bytes read 0
26 connections in 11 real seconds, 0 bytes read per connection
Execution 31
s_time: verify depth is 1
16 connections in 0.05s; 320.00 connections/user sec, bytes read 0
16 connections in 11 real seconds, 0 bytes read per connection
Execution 32
s_time: verify depth is 1
26 connections in 0.09s; 288.89 connections/user sec, bytes read 0
26 connections in 11 real seconds, 0 bytes read per connection
Execution 33
s_time: verify depth is 1
29 connections in 0.10s; 290.00 connections/user sec, bytes read 0
29 connections in 11 real seconds, 0 bytes read per connection
Execution 34
s_time: verify depth is 1
23 connections in 0.08s; 287.50 connections/user sec, bytes read 0
23 connections in 12 real seconds, 0 bytes read per connection
Execution 35
s_time: verify depth is 1
28 connections in 0.11s; 254.55 connections/user sec, bytes read 0
28 connections in 11 real seconds, 0 bytes read per connection
Execution 36
s_time: verify depth is 1
24 connections in 0.09s; 266.67 connections/user sec, bytes read 0
24 connections in 11 real seconds, 0 bytes read per connection
Execution 37
s_time: verify depth is 1
28 connections in 0.10s; 280.00 connections/user sec, bytes read 0
28 connections in 14 real seconds, 0 bytes read per connection
Execution 38
s_time: verify depth is 1
28 connections in 0.11s; 254.55 connections/user sec, bytes read 0
28 connections in 11 real seconds, 0 bytes read per connection
Execution 39
s_time: verify depth is 1
29 connections in 0.11s; 263.64 connections/user sec, bytes read 0
29 connections in 12 real seconds, 0 bytes read per connection
Execution 40
s_time: verify depth is 1
24 connections in 0.09s; 266.67 connections/user sec, bytes read 0
24 connections in 13 real seconds, 0 bytes read per connection
Execution 41
s_time: verify depth is 1
28 connections in 0.11s; 254.55 connections/user sec, bytes read 0
28 connections in 11 real seconds, 0 bytes read per connection
Execution 42
s_time: verify depth is 1
30 connections in 0.11s; 272.73 connections/user sec, bytes read 0
30 connections in 11 real seconds, 0 bytes read per connection
Execution 43
s_time: verify depth is 1
24 connections in 0.10s; 240.00 connections/user sec, bytes read 0
24 connections in 14 real seconds, 0 bytes read per connection
Execution 44
s_time: verify depth is 1
29 connections in 0.11s; 263.64 connections/user sec, bytes read 0
29 connections in 11 real seconds, 0 bytes read per connection
Execution 45
s_time: verify depth is 1
26 connections in 0.11s; 236.36 connections/user sec, bytes read 0
26 connections in 11 real seconds, 0 bytes read per connection
Execution 46
s_time: verify depth is 1
27 connections in 0.10s; 270.00 connections/user sec, bytes read 0
27 connections in 13 real seconds, 0 bytes read per connection
Execution 47
s_time: verify depth is 1
27 connections in 0.09s; 300.00 connections/user sec, bytes read 0
27 connections in 11 real seconds, 0 bytes read per connection
Execution 48
s_time: verify depth is 1
30 connections in 0.11s; 272.73 connections/user sec, bytes read 0
30 connections in 11 real seconds, 0 bytes read per connection
Execution 49
s_time: verify depth is 1
27 connections in 0.11s; 245.45 connections/user sec, bytes read 0
27 connections in 14 real seconds, 0 bytes read per connection
Execution 50
s_time: verify depth is 1
25 connections in 0.10s; 250.00 connections/user sec, bytes read 0
25 connections in 11 real seconds, 0 bytes read per connection
