tc
Mostrando el estado de qdisc para la interfaz: lo
qdisc netem 8247: root refcnt 2 limit 1000 delay 2.0ms
 Sent 0 bytes 0 pkt (dropped 0, overlimits 0 requeues 0) 
 backlog 0b 0p requeues 0
-----
-----
Certificate request self-signature ok
subject=CN=localhost
Running /opt/oqssa/bin/perftestServer.sh with SIG_ALG=ed25519 and KEM_ALG=P-256

Using default temp DH parameters
ACCEPT
Execution 1
s_time: verify depth is 1
1047 connections in 1.42s; 737.32 connections/user sec, bytes read 0
1047 connections in 11 real seconds, 0 bytes read per connection
Execution 2
s_time: verify depth is 1
1094 connections in 1.22s; 896.72 connections/user sec, bytes read 0
1094 connections in 11 real seconds, 0 bytes read per connection
Execution 3
s_time: verify depth is 1
749 connections in 0.81s; 924.69 connections/user sec, bytes read 0
749 connections in 11 real seconds, 0 bytes read per connection
Execution 4
s_time: verify depth is 1
1069 connections in 1.49s; 717.45 connections/user sec, bytes read 0
1069 connections in 11 real seconds, 0 bytes read per connection
Execution 5
s_time: verify depth is 1
1066 connections in 1.44s; 740.28 connections/user sec, bytes read 0
1066 connections in 11 real seconds, 0 bytes read per connection
Execution 6
s_time: verify depth is 1
719 connections in 0.95s; 756.84 connections/user sec, bytes read 0
719 connections in 11 real seconds, 0 bytes read per connection
Execution 7
s_time: verify depth is 1
1063 connections in 1.44s; 738.19 connections/user sec, bytes read 0
1063 connections in 11 real seconds, 0 bytes read per connection
Execution 8
s_time: verify depth is 1
1092 connections in 1.28s; 853.12 connections/user sec, bytes read 0
1092 connections in 11 real seconds, 0 bytes read per connection
Execution 9
s_time: verify depth is 1
925 connections in 1.25s; 740.00 connections/user sec, bytes read 0
925 connections in 13 real seconds, 0 bytes read per connection
Execution 10
s_time: verify depth is 1
1051 connections in 1.44s; 729.86 connections/user sec, bytes read 0
1051 connections in 11 real seconds, 0 bytes read per connection
Execution 11
s_time: verify depth is 1
1067 connections in 1.41s; 756.74 connections/user sec, bytes read 0
1067 connections in 11 real seconds, 0 bytes read per connection
Execution 12
s_time: verify depth is 1
1009 connections in 1.30s; 776.15 connections/user sec, bytes read 0
1009 connections in 13 real seconds, 0 bytes read per connection
Execution 13
s_time: verify depth is 1
970 connections in 1.32s; 734.85 connections/user sec, bytes read 0
970 connections in 11 real seconds, 0 bytes read per connection
Execution 14
s_time: verify depth is 1
1121 connections in 1.23s; 911.38 connections/user sec, bytes read 0
1121 connections in 11 real seconds, 0 bytes read per connection
Execution 15
s_time: verify depth is 1
1114 connections in 1.31s; 850.38 connections/user sec, bytes read 0
1114 connections in 11 real seconds, 0 bytes read per connection
Execution 16
s_time: verify depth is 1
733 connections in 0.97s; 755.67 connections/user sec, bytes read 0
733 connections in 11 real seconds, 0 bytes read per connection
Execution 17
s_time: verify depth is 1
1123 connections in 1.24s; 905.65 connections/user sec, bytes read 0
1123 connections in 11 real seconds, 0 bytes read per connection
Execution 18
s_time: verify depth is 1
1105 connections in 1.35s; 818.52 connections/user sec, bytes read 0
1105 connections in 11 real seconds, 0 bytes read per connection
Execution 19
s_time: verify depth is 1
723 connections in 0.97s; 745.36 connections/user sec, bytes read 0
723 connections in 11 real seconds, 0 bytes read per connection
Execution 20
s_time: verify depth is 1
1066 connections in 1.39s; 766.91 connections/user sec, bytes read 0
1066 connections in 11 real seconds, 0 bytes read per connection
Execution 21
s_time: verify depth is 1
1070 connections in 1.41s; 758.87 connections/user sec, bytes read 0
1070 connections in 11 real seconds, 0 bytes read per connection
Execution 22
s_time: verify depth is 1
743 connections in 0.84s; 884.52 connections/user sec, bytes read 0
743 connections in 11 real seconds, 0 bytes read per connection
Execution 23
s_time: verify depth is 1
1086 connections in 1.48s; 733.78 connections/user sec, bytes read 0
1086 connections in 11 real seconds, 0 bytes read per connection
Execution 24
s_time: verify depth is 1
1128 connections in 1.20s; 940.00 connections/user sec, bytes read 0
1128 connections in 11 real seconds, 0 bytes read per connection
Execution 25
s_time: verify depth is 1
860 connections in 1.16s; 741.38 connections/user sec, bytes read 0
860 connections in 12 real seconds, 0 bytes read per connection
Execution 26
s_time: verify depth is 1
1035 connections in 1.41s; 734.04 connections/user sec, bytes read 0
1035 connections in 11 real seconds, 0 bytes read per connection
Execution 27
s_time: verify depth is 1
1063 connections in 1.44s; 738.19 connections/user sec, bytes read 0
1063 connections in 11 real seconds, 0 bytes read per connection
Execution 28
s_time: verify depth is 1
1071 connections in 1.17s; 915.38 connections/user sec, bytes read 0
1071 connections in 14 real seconds, 0 bytes read per connection
Execution 29
s_time: verify depth is 1
1114 connections in 1.22s; 913.11 connections/user sec, bytes read 0
1114 connections in 11 real seconds, 0 bytes read per connection
Execution 30
s_time: verify depth is 1
1123 connections in 1.24s; 905.65 connections/user sec, bytes read 0
1123 connections in 11 real seconds, 0 bytes read per connection
Execution 31
s_time: verify depth is 1
1039 connections in 1.26s; 824.60 connections/user sec, bytes read 0
1039 connections in 13 real seconds, 0 bytes read per connection
Execution 32
s_time: verify depth is 1
974 connections in 1.30s; 749.23 connections/user sec, bytes read 0
974 connections in 11 real seconds, 0 bytes read per connection
Execution 33
s_time: verify depth is 1
1064 connections in 1.40s; 760.00 connections/user sec, bytes read 0
1064 connections in 11 real seconds, 0 bytes read per connection
Execution 34
s_time: verify depth is 1
1125 connections in 1.25s; 900.00 connections/user sec, bytes read 0
1125 connections in 11 real seconds, 0 bytes read per connection
Execution 35
s_time: verify depth is 1
759 connections in 0.82s; 925.61 connections/user sec, bytes read 0
759 connections in 11 real seconds, 0 bytes read per connection
Execution 36
s_time: verify depth is 1
1112 connections in 1.32s; 842.42 connections/user sec, bytes read 0
1112 connections in 11 real seconds, 0 bytes read per connection
Execution 37
s_time: verify depth is 1
1106 connections in 1.33s; 831.58 connections/user sec, bytes read 0
1106 connections in 11 real seconds, 0 bytes read per connection
Execution 38
s_time: verify depth is 1
750 connections in 0.88s; 852.27 connections/user sec, bytes read 0
750 connections in 11 real seconds, 0 bytes read per connection
Execution 39
s_time: verify depth is 1
1128 connections in 1.20s; 940.00 connections/user sec, bytes read 0
1128 connections in 11 real seconds, 0 bytes read per connection
Execution 40
s_time: verify depth is 1
1120 connections in 1.24s; 903.23 connections/user sec, bytes read 0
1120 connections in 11 real seconds, 0 bytes read per connection
Execution 41
s_time: verify depth is 1
755 connections in 0.83s; 909.64 connections/user sec, bytes read 0
755 connections in 11 real seconds, 0 bytes read per connection
Execution 42
s_time: verify depth is 1
1129 connections in 1.22s; 925.41 connections/user sec, bytes read 0
1129 connections in 11 real seconds, 0 bytes read per connection
Execution 43
s_time: verify depth is 1
1101 connections in 1.39s; 792.09 connections/user sec, bytes read 0
1101 connections in 11 real seconds, 0 bytes read per connection
Execution 44
s_time: verify depth is 1
891 connections in 0.98s; 909.18 connections/user sec, bytes read 0
891 connections in 12 real seconds, 0 bytes read per connection
Execution 45
s_time: verify depth is 1
1096 connections in 1.19s; 921.01 connections/user sec, bytes read 0
1096 connections in 11 real seconds, 0 bytes read per connection
Execution 46
s_time: verify depth is 1
1128 connections in 1.22s; 924.59 connections/user sec, bytes read 0
1128 connections in 11 real seconds, 0 bytes read per connection
Execution 47
s_time: verify depth is 1
1073 connections in 1.20s; 894.17 connections/user sec, bytes read 0
1073 connections in 14 real seconds, 0 bytes read per connection
Execution 48
s_time: verify depth is 1
1056 connections in 1.38s; 765.22 connections/user sec, bytes read 0
1056 connections in 11 real seconds, 0 bytes read per connection
Execution 49
s_time: verify depth is 1
1103 connections in 1.32s; 835.61 connections/user sec, bytes read 0
1103 connections in 11 real seconds, 0 bytes read per connection
Execution 50
s_time: verify depth is 1
1053 connections in 1.19s; 884.87 connections/user sec, bytes read 0
1053 connections in 13 real seconds, 0 bytes read per connection
tc
Mostrando el estado de qdisc para la interfaz: lo
qdisc netem 8248: root refcnt 2 limit 1000 delay 2.0ms
 Sent 0 bytes 0 pkt (dropped 0, overlimits 0 requeues 0) 
 backlog 0b 0p requeues 0
-----
-----
Certificate request self-signature ok
subject=CN=localhost
Running /opt/oqssa/bin/perftestServer.sh with SIG_ALG=ed25519 and KEM_ALG=X25519

Using default temp DH parameters
ACCEPT
Execution 1
s_time: verify depth is 1
1043 connections in 0.99s; 1053.54 connections/user sec, bytes read 0
1043 connections in 11 real seconds, 0 bytes read per connection
Execution 2
s_time: verify depth is 1
1099 connections in 1.29s; 851.94 connections/user sec, bytes read 0
1099 connections in 11 real seconds, 0 bytes read per connection
Execution 3
s_time: verify depth is 1
922 connections in 1.05s; 878.10 connections/user sec, bytes read 0
922 connections in 12 real seconds, 0 bytes read per connection
Execution 4
s_time: verify depth is 1
1026 connections in 1.17s; 876.92 connections/user sec, bytes read 0
1026 connections in 11 real seconds, 0 bytes read per connection
Execution 5
s_time: verify depth is 1
1099 connections in 1.29s; 851.94 connections/user sec, bytes read 0
1099 connections in 11 real seconds, 0 bytes read per connection
Execution 6
s_time: verify depth is 1
1101 connections in 1.27s; 866.93 connections/user sec, bytes read 0
1101 connections in 11 real seconds, 0 bytes read per connection
Execution 7
s_time: verify depth is 1
764 connections in 0.73s; 1046.58 connections/user sec, bytes read 0
764 connections in 11 real seconds, 0 bytes read per connection
Execution 8
s_time: verify depth is 1
1131 connections in 1.10s; 1028.18 connections/user sec, bytes read 0
1131 connections in 11 real seconds, 0 bytes read per connection
Execution 9
s_time: verify depth is 1
1149 connections in 1.11s; 1035.14 connections/user sec, bytes read 0
1149 connections in 11 real seconds, 0 bytes read per connection
Execution 10
s_time: verify depth is 1
749 connections in 0.85s; 881.18 connections/user sec, bytes read 0
749 connections in 11 real seconds, 0 bytes read per connection
Execution 11
s_time: verify depth is 1
1105 connections in 1.24s; 891.13 connections/user sec, bytes read 0
1105 connections in 11 real seconds, 0 bytes read per connection
Execution 12
s_time: verify depth is 1
1099 connections in 1.28s; 858.59 connections/user sec, bytes read 0
1099 connections in 11 real seconds, 0 bytes read per connection
Execution 13
s_time: verify depth is 1
781 connections in 0.72s; 1084.72 connections/user sec, bytes read 0
781 connections in 11 real seconds, 0 bytes read per connection
Execution 14
s_time: verify depth is 1
1102 connections in 1.29s; 854.26 connections/user sec, bytes read 0
1102 connections in 11 real seconds, 0 bytes read per connection
Execution 15
s_time: verify depth is 1
1125 connections in 1.08s; 1041.67 connections/user sec, bytes read 0
1125 connections in 11 real seconds, 0 bytes read per connection
Execution 16
s_time: verify depth is 1
853 connections in 0.99s; 861.62 connections/user sec, bytes read 0
853 connections in 12 real seconds, 0 bytes read per connection
Execution 17
s_time: verify depth is 1
1088 connections in 1.27s; 856.69 connections/user sec, bytes read 0
1088 connections in 11 real seconds, 0 bytes read per connection
Execution 18
s_time: verify depth is 1
1134 connections in 1.11s; 1021.62 connections/user sec, bytes read 0
1134 connections in 11 real seconds, 0 bytes read per connection
Execution 19
s_time: verify depth is 1
1044 connections in 1.18s; 884.75 connections/user sec, bytes read 0
1044 connections in 13 real seconds, 0 bytes read per connection
Execution 20
s_time: verify depth is 1
1011 connections in 1.14s; 886.84 connections/user sec, bytes read 0
1011 connections in 11 real seconds, 0 bytes read per connection
Execution 21
s_time: verify depth is 1
1098 connections in 1.30s; 844.62 connections/user sec, bytes read 0
1098 connections in 11 real seconds, 0 bytes read per connection
Execution 22
s_time: verify depth is 1
1110 connections in 1.21s; 917.36 connections/user sec, bytes read 0
1110 connections in 11 real seconds, 0 bytes read per connection
Execution 23
s_time: verify depth is 1
777 connections in 0.76s; 1022.37 connections/user sec, bytes read 0
777 connections in 11 real seconds, 0 bytes read per connection
Execution 24
s_time: verify depth is 1
1140 connections in 1.13s; 1008.85 connections/user sec, bytes read 0
1140 connections in 11 real seconds, 0 bytes read per connection
Execution 25
s_time: verify depth is 1
1105 connections in 1.27s; 870.08 connections/user sec, bytes read 0
1105 connections in 11 real seconds, 0 bytes read per connection
Execution 26
s_time: verify depth is 1
756 connections in 0.75s; 1008.00 connections/user sec, bytes read 0
756 connections in 11 real seconds, 0 bytes read per connection
Execution 27
s_time: verify depth is 1
1142 connections in 1.10s; 1038.18 connections/user sec, bytes read 0
1142 connections in 11 real seconds, 0 bytes read per connection
Execution 28
s_time: verify depth is 1
1140 connections in 1.11s; 1027.03 connections/user sec, bytes read 0
1140 connections in 11 real seconds, 0 bytes read per connection
Execution 29
s_time: verify depth is 1
780 connections in 0.72s; 1083.33 connections/user sec, bytes read 0
780 connections in 11 real seconds, 0 bytes read per connection
Execution 30
s_time: verify depth is 1
1109 connections in 1.29s; 859.69 connections/user sec, bytes read 0
1109 connections in 11 real seconds, 0 bytes read per connection
Execution 31
s_time: verify depth is 1
1105 connections in 1.25s; 884.00 connections/user sec, bytes read 0
1105 connections in 11 real seconds, 0 bytes read per connection
Execution 32
s_time: verify depth is 1
878 connections in 0.98s; 895.92 connections/user sec, bytes read 0
878 connections in 12 real seconds, 0 bytes read per connection
Execution 33
s_time: verify depth is 1
1081 connections in 1.18s; 916.10 connections/user sec, bytes read 0
1081 connections in 11 real seconds, 0 bytes read per connection
Execution 34
s_time: verify depth is 1
1102 connections in 1.28s; 860.94 connections/user sec, bytes read 0
1102 connections in 11 real seconds, 0 bytes read per connection
Execution 35
s_time: verify depth is 1
1107 connections in 1.02s; 1085.29 connections/user sec, bytes read 0
1107 connections in 14 real seconds, 0 bytes read per connection
Execution 36
s_time: verify depth is 1
1136 connections in 1.11s; 1023.42 connections/user sec, bytes read 0
1136 connections in 11 real seconds, 0 bytes read per connection
Execution 37
s_time: verify depth is 1
1112 connections in 1.20s; 926.67 connections/user sec, bytes read 0
1112 connections in 11 real seconds, 0 bytes read per connection
Execution 38
s_time: verify depth is 1
1038 connections in 1.21s; 857.85 connections/user sec, bytes read 0
1038 connections in 13 real seconds, 0 bytes read per connection
Execution 39
s_time: verify depth is 1
1042 connections in 1.00s; 1042.00 connections/user sec, bytes read 0
1042 connections in 11 real seconds, 0 bytes read per connection
Execution 40
s_time: verify depth is 1
1118 connections in 1.19s; 939.50 connections/user sec, bytes read 0
1118 connections in 11 real seconds, 0 bytes read per connection
Execution 41
s_time: verify depth is 1
1149 connections in 1.08s; 1063.89 connections/user sec, bytes read 0
1149 connections in 11 real seconds, 0 bytes read per connection
Execution 42
s_time: verify depth is 1
769 connections in 0.75s; 1025.33 connections/user sec, bytes read 0
769 connections in 11 real seconds, 0 bytes read per connection
Execution 43
s_time: verify depth is 1
1150 connections in 1.12s; 1026.79 connections/user sec, bytes read 0
1150 connections in 11 real seconds, 0 bytes read per connection
Execution 44
s_time: verify depth is 1
1133 connections in 1.21s; 936.36 connections/user sec, bytes read 0
1133 connections in 11 real seconds, 0 bytes read per connection
Execution 45
s_time: verify depth is 1
764 connections in 0.82s; 931.71 connections/user sec, bytes read 0
764 connections in 11 real seconds, 0 bytes read per connection
Execution 46
s_time: verify depth is 1
1146 connections in 1.10s; 1041.82 connections/user sec, bytes read 0
1146 connections in 11 real seconds, 0 bytes read per connection
Execution 47
s_time: verify depth is 1
1159 connections in 1.07s; 1083.18 connections/user sec, bytes read 0
1159 connections in 11 real seconds, 0 bytes read per connection
Execution 48
s_time: verify depth is 1
741 connections in 0.87s; 851.72 connections/user sec, bytes read 0
741 connections in 11 real seconds, 0 bytes read per connection
Execution 49
s_time: verify depth is 1
1120 connections in 1.13s; 991.15 connections/user sec, bytes read 0
1120 connections in 11 real seconds, 0 bytes read per connection
Execution 50
s_time: verify depth is 1
1150 connections in 1.10s; 1045.45 connections/user sec, bytes read 0
1150 connections in 11 real seconds, 0 bytes read per connection
tc
Mostrando el estado de qdisc para la interfaz: lo
qdisc netem 8249: root refcnt 2 limit 1000 delay 2.0ms
 Sent 0 bytes 0 pkt (dropped 0, overlimits 0 requeues 0) 
 backlog 0b 0p requeues 0
-----
-----
Certificate request self-signature ok
subject=CN=localhost
Running /opt/oqssa/bin/perftestServer.sh with SIG_ALG=ed25519 and KEM_ALG=p256_mlkem512

Using default temp DH parameters
ACCEPT
Execution 1
s_time: verify depth is 1
575 connections in 1.63s; 352.76 connections/user sec, bytes read 0
575 connections in 11 real seconds, 0 bytes read per connection
Execution 2
s_time: verify depth is 1
822 connections in 2.66s; 309.02 connections/user sec, bytes read 0
822 connections in 11 real seconds, 0 bytes read per connection
Execution 3
s_time: verify depth is 1
824 connections in 2.60s; 316.92 connections/user sec, bytes read 0
824 connections in 11 real seconds, 0 bytes read per connection
Execution 4
s_time: verify depth is 1
712 connections in 2.32s; 306.90 connections/user sec, bytes read 0
712 connections in 13 real seconds, 0 bytes read per connection
Execution 5
s_time: verify depth is 1
815 connections in 2.57s; 317.12 connections/user sec, bytes read 0
815 connections in 11 real seconds, 0 bytes read per connection
Execution 6
s_time: verify depth is 1
828 connections in 2.61s; 317.24 connections/user sec, bytes read 0
828 connections in 11 real seconds, 0 bytes read per connection
Execution 7
s_time: verify depth is 1
779 connections in 2.47s; 315.38 connections/user sec, bytes read 0
779 connections in 13 real seconds, 0 bytes read per connection
Execution 8
s_time: verify depth is 1
798 connections in 2.24s; 356.25 connections/user sec, bytes read 0
798 connections in 11 real seconds, 0 bytes read per connection
Execution 9
s_time: verify depth is 1
822 connections in 2.63s; 312.55 connections/user sec, bytes read 0
822 connections in 11 real seconds, 0 bytes read per connection
Execution 10
s_time: verify depth is 1
826 connections in 2.63s; 314.07 connections/user sec, bytes read 0
826 connections in 11 real seconds, 0 bytes read per connection
Execution 11
s_time: verify depth is 1
565 connections in 1.76s; 321.02 connections/user sec, bytes read 0
565 connections in 11 real seconds, 0 bytes read per connection
Execution 12
s_time: verify depth is 1
836 connections in 2.57s; 325.29 connections/user sec, bytes read 0
836 connections in 11 real seconds, 0 bytes read per connection
Execution 13
s_time: verify depth is 1
828 connections in 2.64s; 313.64 connections/user sec, bytes read 0
828 connections in 11 real seconds, 0 bytes read per connection
Execution 14
s_time: verify depth is 1
585 connections in 1.67s; 350.30 connections/user sec, bytes read 0
585 connections in 11 real seconds, 0 bytes read per connection
Execution 15
s_time: verify depth is 1
881 connections in 2.46s; 358.13 connections/user sec, bytes read 0
881 connections in 11 real seconds, 0 bytes read per connection
Execution 16
s_time: verify depth is 1
827 connections in 2.62s; 315.65 connections/user sec, bytes read 0
827 connections in 11 real seconds, 0 bytes read per connection
Execution 17
s_time: verify depth is 1
555 connections in 1.78s; 311.80 connections/user sec, bytes read 0
555 connections in 11 real seconds, 0 bytes read per connection
Execution 18
s_time: verify depth is 1
871 connections in 2.46s; 354.07 connections/user sec, bytes read 0
871 connections in 11 real seconds, 0 bytes read per connection
Execution 19
s_time: verify depth is 1
833 connections in 2.57s; 324.12 connections/user sec, bytes read 0
833 connections in 11 real seconds, 0 bytes read per connection
Execution 20
s_time: verify depth is 1
657 connections in 2.08s; 315.87 connections/user sec, bytes read 0
657 connections in 12 real seconds, 0 bytes read per connection
Execution 21
s_time: verify depth is 1
808 connections in 2.53s; 319.37 connections/user sec, bytes read 0
808 connections in 11 real seconds, 0 bytes read per connection
Execution 22
s_time: verify depth is 1
872 connections in 2.45s; 355.92 connections/user sec, bytes read 0
872 connections in 11 real seconds, 0 bytes read per connection
Execution 23
s_time: verify depth is 1
785 connections in 2.54s; 309.06 connections/user sec, bytes read 0
785 connections in 14 real seconds, 0 bytes read per connection
Execution 24
s_time: verify depth is 1
870 connections in 2.39s; 364.02 connections/user sec, bytes read 0
870 connections in 11 real seconds, 0 bytes read per connection
Execution 25
s_time: verify depth is 1
817 connections in 2.62s; 311.83 connections/user sec, bytes read 0
817 connections in 11 real seconds, 0 bytes read per connection
Execution 26
s_time: verify depth is 1
832 connections in 2.28s; 364.91 connections/user sec, bytes read 0
832 connections in 13 real seconds, 0 bytes read per connection
Execution 27
s_time: verify depth is 1
744 connections in 2.39s; 311.30 connections/user sec, bytes read 0
744 connections in 11 real seconds, 0 bytes read per connection
Execution 28
s_time: verify depth is 1
815 connections in 2.60s; 313.46 connections/user sec, bytes read 0
815 connections in 11 real seconds, 0 bytes read per connection
Execution 29
s_time: verify depth is 1
813 connections in 2.61s; 311.49 connections/user sec, bytes read 0
813 connections in 11 real seconds, 0 bytes read per connection
Execution 30
s_time: verify depth is 1
591 connections in 1.63s; 362.58 connections/user sec, bytes read 0
591 connections in 11 real seconds, 0 bytes read per connection
Execution 31
s_time: verify depth is 1
827 connections in 2.59s; 319.31 connections/user sec, bytes read 0
827 connections in 11 real seconds, 0 bytes read per connection
Execution 32
s_time: verify depth is 1
819 connections in 2.63s; 311.41 connections/user sec, bytes read 0
819 connections in 11 real seconds, 0 bytes read per connection
Execution 33
s_time: verify depth is 1
562 connections in 1.70s; 330.59 connections/user sec, bytes read 0
562 connections in 11 real seconds, 0 bytes read per connection
Execution 34
s_time: verify depth is 1
872 connections in 2.47s; 353.04 connections/user sec, bytes read 0
872 connections in 11 real seconds, 0 bytes read per connection
Execution 35
s_time: verify depth is 1
821 connections in 2.62s; 313.36 connections/user sec, bytes read 0
821 connections in 11 real seconds, 0 bytes read per connection
Execution 36
s_time: verify depth is 1
559 connections in 1.73s; 323.12 connections/user sec, bytes read 0
559 connections in 11 real seconds, 0 bytes read per connection
Execution 37
s_time: verify depth is 1
828 connections in 2.57s; 322.18 connections/user sec, bytes read 0
828 connections in 11 real seconds, 0 bytes read per connection
Execution 38
s_time: verify depth is 1
869 connections in 2.47s; 351.82 connections/user sec, bytes read 0
869 connections in 11 real seconds, 0 bytes read per connection
Execution 39
s_time: verify depth is 1
695 connections in 1.93s; 360.10 connections/user sec, bytes read 0
695 connections in 12 real seconds, 0 bytes read per connection
Execution 40
s_time: verify depth is 1
809 connections in 2.51s; 322.31 connections/user sec, bytes read 0
809 connections in 11 real seconds, 0 bytes read per connection
Execution 41
s_time: verify depth is 1
872 connections in 2.49s; 350.20 connections/user sec, bytes read 0
872 connections in 11 real seconds, 0 bytes read per connection
Execution 42
s_time: verify depth is 1
843 connections in 2.35s; 358.72 connections/user sec, bytes read 0
843 connections in 14 real seconds, 0 bytes read per connection
Execution 43
s_time: verify depth is 1
870 connections in 2.41s; 361.00 connections/user sec, bytes read 0
870 connections in 11 real seconds, 0 bytes read per connection
Execution 44
s_time: verify depth is 1
817 connections in 2.66s; 307.14 connections/user sec, bytes read 0
817 connections in 11 real seconds, 0 bytes read per connection
Execution 45
s_time: verify depth is 1
779 connections in 2.46s; 316.67 connections/user sec, bytes read 0
779 connections in 13 real seconds, 0 bytes read per connection
Execution 46
s_time: verify depth is 1
827 connections in 2.57s; 321.79 connections/user sec, bytes read 0
827 connections in 11 real seconds, 0 bytes read per connection
Execution 47
s_time: verify depth is 1
824 connections in 2.60s; 316.92 connections/user sec, bytes read 0
824 connections in 11 real seconds, 0 bytes read per connection
Execution 48
s_time: verify depth is 1
769 connections in 2.39s; 321.76 connections/user sec, bytes read 0
769 connections in 13 real seconds, 0 bytes read per connection
Execution 49
s_time: verify depth is 1
808 connections in 2.22s; 363.96 connections/user sec, bytes read 0
808 connections in 11 real seconds, 0 bytes read per connection
Execution 50
s_time: verify depth is 1
872 connections in 2.48s; 351.61 connections/user sec, bytes read 0
872 connections in 11 real seconds, 0 bytes read per connection
tc
Mostrando el estado de qdisc para la interfaz: lo
qdisc netem 824a: root refcnt 2 limit 1000 delay 2.0ms
 Sent 0 bytes 0 pkt (dropped 0, overlimits 0 requeues 0) 
 backlog 0b 0p requeues 0
-----
-----
Certificate request self-signature ok
subject=CN=localhost
Running /opt/oqssa/bin/perftestServer.sh with SIG_ALG=ed25519 and KEM_ALG=x25519_mlkem512

Using default temp DH parameters
ACCEPT
Execution 1
s_time: verify depth is 1
935 connections in 1.14s; 820.18 connections/user sec, bytes read 0
935 connections in 13 real seconds, 0 bytes read per connection
Execution 2
s_time: verify depth is 1
1019 connections in 1.35s; 754.81 connections/user sec, bytes read 0
1019 connections in 11 real seconds, 0 bytes read per connection
Execution 3
s_time: verify depth is 1
1065 connections in 1.51s; 705.30 connections/user sec, bytes read 0
1065 connections in 11 real seconds, 0 bytes read per connection
Execution 4
s_time: verify depth is 1
1071 connections in 1.53s; 700.00 connections/user sec, bytes read 0
1071 connections in 14 real seconds, 0 bytes read per connection
Execution 5
s_time: verify depth is 1
1036 connections in 1.41s; 734.75 connections/user sec, bytes read 0
1036 connections in 11 real seconds, 0 bytes read per connection
Execution 6
s_time: verify depth is 1
1107 connections in 1.33s; 832.33 connections/user sec, bytes read 0
1107 connections in 11 real seconds, 0 bytes read per connection
Execution 7
s_time: verify depth is 1
1082 connections in 1.28s; 845.31 connections/user sec, bytes read 0
1082 connections in 14 real seconds, 0 bytes read per connection
Execution 8
s_time: verify depth is 1
1035 connections in 1.44s; 718.75 connections/user sec, bytes read 0
1035 connections in 11 real seconds, 0 bytes read per connection
Execution 9
s_time: verify depth is 1
1065 connections in 1.55s; 687.10 connections/user sec, bytes read 0
1065 connections in 11 real seconds, 0 bytes read per connection
Execution 10
s_time: verify depth is 1
1020 connections in 1.40s; 728.57 connections/user sec, bytes read 0
1020 connections in 14 real seconds, 0 bytes read per connection
Execution 11
s_time: verify depth is 1
1088 connections in 1.31s; 830.53 connections/user sec, bytes read 0
1088 connections in 11 real seconds, 0 bytes read per connection
Execution 12
s_time: verify depth is 1
1092 connections in 1.41s; 774.47 connections/user sec, bytes read 0
1092 connections in 11 real seconds, 0 bytes read per connection
Execution 13
s_time: verify depth is 1
1048 connections in 1.25s; 838.40 connections/user sec, bytes read 0
1048 connections in 13 real seconds, 0 bytes read per connection
Execution 14
s_time: verify depth is 1
1069 connections in 1.52s; 703.29 connections/user sec, bytes read 0
1069 connections in 11 real seconds, 0 bytes read per connection
Execution 15
s_time: verify depth is 1
1097 connections in 1.39s; 789.21 connections/user sec, bytes read 0
1097 connections in 11 real seconds, 0 bytes read per connection
Execution 16
s_time: verify depth is 1
1031 connections in 1.21s; 852.07 connections/user sec, bytes read 0
1031 connections in 13 real seconds, 0 bytes read per connection
Execution 17
s_time: verify depth is 1
1022 connections in 1.26s; 811.11 connections/user sec, bytes read 0
1022 connections in 11 real seconds, 0 bytes read per connection
Execution 18
s_time: verify depth is 1
1071 connections in 1.56s; 686.54 connections/user sec, bytes read 0
1071 connections in 11 real seconds, 0 bytes read per connection
Execution 19
s_time: verify depth is 1
1101 connections in 1.32s; 834.09 connections/user sec, bytes read 0
1101 connections in 11 real seconds, 0 bytes read per connection
Execution 20
s_time: verify depth is 1
740 connections in 0.92s; 804.35 connections/user sec, bytes read 0
740 connections in 11 real seconds, 0 bytes read per connection
Execution 21
s_time: verify depth is 1
1107 connections in 1.31s; 845.04 connections/user sec, bytes read 0
1107 connections in 11 real seconds, 0 bytes read per connection
Execution 22
s_time: verify depth is 1
1108 connections in 1.35s; 820.74 connections/user sec, bytes read 0
1108 connections in 11 real seconds, 0 bytes read per connection
Execution 23
s_time: verify depth is 1
725 connections in 0.99s; 732.32 connections/user sec, bytes read 0
725 connections in 11 real seconds, 0 bytes read per connection
Execution 24
s_time: verify depth is 1
1082 connections in 1.42s; 761.97 connections/user sec, bytes read 0
1082 connections in 11 real seconds, 0 bytes read per connection
Execution 25
s_time: verify depth is 1
1087 connections in 1.42s; 765.49 connections/user sec, bytes read 0
1087 connections in 11 real seconds, 0 bytes read per connection
Execution 26
s_time: verify depth is 1
722 connections in 0.98s; 736.73 connections/user sec, bytes read 0
722 connections in 11 real seconds, 0 bytes read per connection
Execution 27
s_time: verify depth is 1
1085 connections in 1.37s; 791.97 connections/user sec, bytes read 0
1085 connections in 11 real seconds, 0 bytes read per connection
Execution 28
s_time: verify depth is 1
1073 connections in 1.46s; 734.93 connections/user sec, bytes read 0
1073 connections in 11 real seconds, 0 bytes read per connection
Execution 29
s_time: verify depth is 1
848 connections in 1.08s; 785.19 connections/user sec, bytes read 0
848 connections in 12 real seconds, 0 bytes read per connection
Execution 30
s_time: verify depth is 1
1071 connections in 1.37s; 781.75 connections/user sec, bytes read 0
1071 connections in 11 real seconds, 0 bytes read per connection
Execution 31
s_time: verify depth is 1
1091 connections in 1.39s; 784.89 connections/user sec, bytes read 0
1091 connections in 11 real seconds, 0 bytes read per connection
Execution 32
s_time: verify depth is 1
1030 connections in 1.31s; 786.26 connections/user sec, bytes read 0
1030 connections in 13 real seconds, 0 bytes read per connection
Execution 33
s_time: verify depth is 1
1083 connections in 1.43s; 757.34 connections/user sec, bytes read 0
1083 connections in 11 real seconds, 0 bytes read per connection
Execution 34
s_time: verify depth is 1
1071 connections in 1.42s; 754.23 connections/user sec, bytes read 0
1071 connections in 11 real seconds, 0 bytes read per connection
Execution 35
s_time: verify depth is 1
1011 connections in 1.28s; 789.84 connections/user sec, bytes read 0
1011 connections in 13 real seconds, 0 bytes read per connection
Execution 36
s_time: verify depth is 1
1006 connections in 1.29s; 779.84 connections/user sec, bytes read 0
1006 connections in 11 real seconds, 0 bytes read per connection
Execution 37
s_time: verify depth is 1
1091 connections in 1.36s; 802.21 connections/user sec, bytes read 0
1091 connections in 11 real seconds, 0 bytes read per connection
Execution 38
s_time: verify depth is 1
1082 connections in 1.39s; 778.42 connections/user sec, bytes read 0
1082 connections in 11 real seconds, 0 bytes read per connection
Execution 39
s_time: verify depth is 1
722 connections in 0.98s; 736.73 connections/user sec, bytes read 0
722 connections in 11 real seconds, 0 bytes read per connection
Execution 40
s_time: verify depth is 1
1077 connections in 1.43s; 753.15 connections/user sec, bytes read 0
1077 connections in 11 real seconds, 0 bytes read per connection
Execution 41
s_time: verify depth is 1
1088 connections in 1.39s; 782.73 connections/user sec, bytes read 0
1088 connections in 11 real seconds, 0 bytes read per connection
Execution 42
s_time: verify depth is 1
731 connections in 0.94s; 777.66 connections/user sec, bytes read 0
731 connections in 11 real seconds, 0 bytes read per connection
Execution 43
s_time: verify depth is 1
1088 connections in 1.39s; 782.73 connections/user sec, bytes read 0
1088 connections in 11 real seconds, 0 bytes read per connection
Execution 44
s_time: verify depth is 1
1075 connections in 1.43s; 751.75 connections/user sec, bytes read 0
1075 connections in 11 real seconds, 0 bytes read per connection
Execution 45
s_time: verify depth is 1
731 connections in 0.94s; 777.66 connections/user sec, bytes read 0
731 connections in 11 real seconds, 0 bytes read per connection
Execution 46
s_time: verify depth is 1
1075 connections in 1.46s; 736.30 connections/user sec, bytes read 0
1075 connections in 11 real seconds, 0 bytes read per connection
Execution 47
s_time: verify depth is 1
1078 connections in 1.41s; 764.54 connections/user sec, bytes read 0
1078 connections in 11 real seconds, 0 bytes read per connection
Execution 48
s_time: verify depth is 1
834 connections in 1.15s; 725.22 connections/user sec, bytes read 0
834 connections in 12 real seconds, 0 bytes read per connection
Execution 49
s_time: verify depth is 1
1076 connections in 1.34s; 802.99 connections/user sec, bytes read 0
1076 connections in 11 real seconds, 0 bytes read per connection
Execution 50
s_time: verify depth is 1
1096 connections in 1.36s; 805.88 connections/user sec, bytes read 0
1096 connections in 11 real seconds, 0 bytes read per connection
tc
Mostrando el estado de qdisc para la interfaz: lo
qdisc netem 824b: root refcnt 2 limit 1000 delay 2.0ms
 Sent 0 bytes 0 pkt (dropped 0, overlimits 0 requeues 0) 
 backlog 0b 0p requeues 0
-----
-----
Certificate request self-signature ok
subject=CN=localhost
Running /opt/oqssa/bin/perftestServer.sh with SIG_ALG=ed25519 and KEM_ALG=mlkem512

Using default temp DH parameters
ACCEPT
Execution 1
s_time: verify depth is 1
795 connections in 0.95s; 836.84 connections/user sec, bytes read 0
795 connections in 11 real seconds, 0 bytes read per connection
Execution 2
s_time: verify depth is 1
1114 connections in 1.23s; 905.69 connections/user sec, bytes read 0
1114 connections in 11 real seconds, 0 bytes read per connection
Execution 3
s_time: verify depth is 1
1113 connections in 1.27s; 876.38 connections/user sec, bytes read 0
1113 connections in 11 real seconds, 0 bytes read per connection
Execution 4
s_time: verify depth is 1
1029 connections in 1.21s; 850.41 connections/user sec, bytes read 0
1029 connections in 13 real seconds, 0 bytes read per connection
Execution 5
s_time: verify depth is 1
1030 connections in 1.18s; 872.88 connections/user sec, bytes read 0
1030 connections in 11 real seconds, 0 bytes read per connection
Execution 6
s_time: verify depth is 1
1111 connections in 1.23s; 903.25 connections/user sec, bytes read 0
1111 connections in 11 real seconds, 0 bytes read per connection
Execution 7
s_time: verify depth is 1
1106 connections in 1.27s; 870.87 connections/user sec, bytes read 0
1106 connections in 11 real seconds, 0 bytes read per connection
Execution 8
s_time: verify depth is 1
749 connections in 0.85s; 881.18 connections/user sec, bytes read 0
749 connections in 11 real seconds, 0 bytes read per connection
Execution 9
s_time: verify depth is 1
1110 connections in 1.26s; 880.95 connections/user sec, bytes read 0
1110 connections in 11 real seconds, 0 bytes read per connection
Execution 10
s_time: verify depth is 1
1121 connections in 1.23s; 911.38 connections/user sec, bytes read 0
1121 connections in 11 real seconds, 0 bytes read per connection
Execution 11
s_time: verify depth is 1
751 connections in 0.84s; 894.05 connections/user sec, bytes read 0
751 connections in 11 real seconds, 0 bytes read per connection
Execution 12
s_time: verify depth is 1
1111 connections in 1.29s; 861.24 connections/user sec, bytes read 0
1111 connections in 11 real seconds, 0 bytes read per connection
Execution 13
s_time: verify depth is 1
1115 connections in 1.26s; 884.92 connections/user sec, bytes read 0
1115 connections in 11 real seconds, 0 bytes read per connection
Execution 14
s_time: verify depth is 1
751 connections in 0.85s; 883.53 connections/user sec, bytes read 0
751 connections in 11 real seconds, 0 bytes read per connection
Execution 15
s_time: verify depth is 1
1114 connections in 1.27s; 877.17 connections/user sec, bytes read 0
1114 connections in 11 real seconds, 0 bytes read per connection
Execution 16
s_time: verify depth is 1
1109 connections in 1.29s; 859.69 connections/user sec, bytes read 0
1109 connections in 11 real seconds, 0 bytes read per connection
Execution 17
s_time: verify depth is 1
872 connections in 0.95s; 917.89 connections/user sec, bytes read 0
872 connections in 12 real seconds, 0 bytes read per connection
Execution 18
s_time: verify depth is 1
1100 connections in 1.22s; 901.64 connections/user sec, bytes read 0
1100 connections in 11 real seconds, 0 bytes read per connection
Execution 19
s_time: verify depth is 1
1110 connections in 1.26s; 880.95 connections/user sec, bytes read 0
1110 connections in 11 real seconds, 0 bytes read per connection
Execution 20
s_time: verify depth is 1
1060 connections in 1.20s; 883.33 connections/user sec, bytes read 0
1060 connections in 14 real seconds, 0 bytes read per connection
Execution 21
s_time: verify depth is 1
1117 connections in 1.26s; 886.51 connections/user sec, bytes read 0
1117 connections in 11 real seconds, 0 bytes read per connection
Execution 22
s_time: verify depth is 1
1117 connections in 1.26s; 886.51 connections/user sec, bytes read 0
1117 connections in 11 real seconds, 0 bytes read per connection
Execution 23
s_time: verify depth is 1
1049 connections in 1.14s; 920.18 connections/user sec, bytes read 0
1049 connections in 13 real seconds, 0 bytes read per connection
Execution 24
s_time: verify depth is 1
1027 connections in 1.19s; 863.03 connections/user sec, bytes read 0
1027 connections in 11 real seconds, 0 bytes read per connection
Execution 25
s_time: verify depth is 1
1104 connections in 1.30s; 849.23 connections/user sec, bytes read 0
1104 connections in 11 real seconds, 0 bytes read per connection
Execution 26
s_time: verify depth is 1
1112 connections in 1.23s; 904.07 connections/user sec, bytes read 0
1112 connections in 11 real seconds, 0 bytes read per connection
Execution 27
s_time: verify depth is 1
761 connections in 0.81s; 939.51 connections/user sec, bytes read 0
761 connections in 11 real seconds, 0 bytes read per connection
Execution 28
s_time: verify depth is 1
1124 connections in 1.22s; 921.31 connections/user sec, bytes read 0
1124 connections in 11 real seconds, 0 bytes read per connection
Execution 29
s_time: verify depth is 1
1106 connections in 1.32s; 837.88 connections/user sec, bytes read 0
1106 connections in 11 real seconds, 0 bytes read per connection
Execution 30
s_time: verify depth is 1
757 connections in 0.82s; 923.17 connections/user sec, bytes read 0
757 connections in 11 real seconds, 0 bytes read per connection
Execution 31
s_time: verify depth is 1
1123 connections in 1.25s; 898.40 connections/user sec, bytes read 0
1123 connections in 11 real seconds, 0 bytes read per connection
Execution 32
s_time: verify depth is 1
1130 connections in 1.23s; 918.70 connections/user sec, bytes read 0
1130 connections in 11 real seconds, 0 bytes read per connection
Execution 33
s_time: verify depth is 1
762 connections in 0.82s; 929.27 connections/user sec, bytes read 0
762 connections in 11 real seconds, 0 bytes read per connection
Execution 34
s_time: verify depth is 1
1113 connections in 1.29s; 862.79 connections/user sec, bytes read 0
1113 connections in 11 real seconds, 0 bytes read per connection
Execution 35
s_time: verify depth is 1
1121 connections in 1.23s; 911.38 connections/user sec, bytes read 0
1121 connections in 11 real seconds, 0 bytes read per connection
Execution 36
s_time: verify depth is 1
878 connections in 0.96s; 914.58 connections/user sec, bytes read 0
878 connections in 12 real seconds, 0 bytes read per connection
Execution 37
s_time: verify depth is 1
1109 connections in 1.21s; 916.53 connections/user sec, bytes read 0
1109 connections in 11 real seconds, 0 bytes read per connection
Execution 38
s_time: verify depth is 1
1111 connections in 1.28s; 867.97 connections/user sec, bytes read 0
1111 connections in 11 real seconds, 0 bytes read per connection
Execution 39
s_time: verify depth is 1
1062 connections in 1.15s; 923.48 connections/user sec, bytes read 0
1062 connections in 14 real seconds, 0 bytes read per connection
Execution 40
s_time: verify depth is 1
1112 connections in 1.28s; 868.75 connections/user sec, bytes read 0
1112 connections in 11 real seconds, 0 bytes read per connection
Execution 41
s_time: verify depth is 1
1111 connections in 1.30s; 854.62 connections/user sec, bytes read 0
1111 connections in 11 real seconds, 0 bytes read per connection
Execution 42
s_time: verify depth is 1
1039 connections in 1.18s; 880.51 connections/user sec, bytes read 0
1039 connections in 13 real seconds, 0 bytes read per connection
Execution 43
s_time: verify depth is 1
1028 connections in 1.16s; 886.21 connections/user sec, bytes read 0
1028 connections in 11 real seconds, 0 bytes read per connection
Execution 44
s_time: verify depth is 1
1116 connections in 1.24s; 900.00 connections/user sec, bytes read 0
1116 connections in 11 real seconds, 0 bytes read per connection
Execution 45
s_time: verify depth is 1
1115 connections in 1.24s; 899.19 connections/user sec, bytes read 0
1115 connections in 11 real seconds, 0 bytes read per connection
Execution 46
s_time: verify depth is 1
753 connections in 0.82s; 918.29 connections/user sec, bytes read 0
753 connections in 11 real seconds, 0 bytes read per connection
Execution 47
s_time: verify depth is 1
1129 connections in 1.21s; 933.06 connections/user sec, bytes read 0
1129 connections in 11 real seconds, 0 bytes read per connection
Execution 48
s_time: verify depth is 1
1106 connections in 1.32s; 837.88 connections/user sec, bytes read 0
1106 connections in 11 real seconds, 0 bytes read per connection
Execution 49
s_time: verify depth is 1
745 connections in 0.87s; 856.32 connections/user sec, bytes read 0
745 connections in 11 real seconds, 0 bytes read per connection
Execution 50
s_time: verify depth is 1
1095 connections in 1.37s; 799.27 connections/user sec, bytes read 0
1095 connections in 11 real seconds, 0 bytes read per connection
