tc
Mostrando el estado de qdisc para la interfaz: lo
qdisc netem 8251: root refcnt 2 limit 1000 delay 2.0ms
 Sent 0 bytes 0 pkt (dropped 0, overlimits 0 requeues 0) 
 backlog 0b 0p requeues 0
Certificate request self-signature ok
subject=CN=localhost
Running /opt/oqssa/bin/perftestServerECDSA.sh with SIG_ALG=secp521r1 and KEM_ALG=P-521

Using default temp DH parameters
ACCEPT
Execution 1
s_time: verify depth is 1
338 connections in 4.53s; 74.61 connections/user sec, bytes read 0
338 connections in 11 real seconds, 0 bytes read per connection
Execution 2
s_time: verify depth is 1
357 connections in 4.82s; 74.07 connections/user sec, bytes read 0
357 connections in 11 real seconds, 0 bytes read per connection
Execution 3
s_time: verify depth is 1
275 connections in 3.72s; 73.92 connections/user sec, bytes read 0
275 connections in 12 real seconds, 0 bytes read per connection
Execution 4
s_time: verify depth is 1
358 connections in 4.79s; 74.74 connections/user sec, bytes read 0
358 connections in 11 real seconds, 0 bytes read per connection
Execution 5
s_time: verify depth is 1
362 connections in 4.79s; 75.57 connections/user sec, bytes read 0
362 connections in 11 real seconds, 0 bytes read per connection
Execution 6
s_time: verify depth is 1
335 connections in 4.49s; 74.61 connections/user sec, bytes read 0
335 connections in 13 real seconds, 0 bytes read per connection
Execution 7
s_time: verify depth is 1
328 connections in 4.43s; 74.04 connections/user sec, bytes read 0
328 connections in 11 real seconds, 0 bytes read per connection
Execution 8
s_time: verify depth is 1
355 connections in 4.84s; 73.35 connections/user sec, bytes read 0
355 connections in 11 real seconds, 0 bytes read per connection
Execution 9
s_time: verify depth is 1
348 connections in 4.87s; 71.46 connections/user sec, bytes read 0
348 connections in 11 real seconds, 0 bytes read per connection
Execution 10
s_time: verify depth is 1
241 connections in 3.21s; 75.08 connections/user sec, bytes read 0
241 connections in 11 real seconds, 0 bytes read per connection
Execution 11
s_time: verify depth is 1
356 connections in 4.78s; 74.48 connections/user sec, bytes read 0
356 connections in 11 real seconds, 0 bytes read per connection
Execution 12
s_time: verify depth is 1
356 connections in 4.80s; 74.17 connections/user sec, bytes read 0
356 connections in 11 real seconds, 0 bytes read per connection
Execution 13
s_time: verify depth is 1
241 connections in 3.24s; 74.38 connections/user sec, bytes read 0
241 connections in 11 real seconds, 0 bytes read per connection
Execution 14
s_time: verify depth is 1
359 connections in 4.81s; 74.64 connections/user sec, bytes read 0
359 connections in 11 real seconds, 0 bytes read per connection
Execution 15
s_time: verify depth is 1
357 connections in 4.78s; 74.69 connections/user sec, bytes read 0
357 connections in 11 real seconds, 0 bytes read per connection
Execution 16
s_time: verify depth is 1
241 connections in 3.26s; 73.93 connections/user sec, bytes read 0
241 connections in 11 real seconds, 0 bytes read per connection
Execution 17
s_time: verify depth is 1
360 connections in 4.80s; 75.00 connections/user sec, bytes read 0
360 connections in 11 real seconds, 0 bytes read per connection
Execution 18
s_time: verify depth is 1
360 connections in 4.81s; 74.84 connections/user sec, bytes read 0
360 connections in 11 real seconds, 0 bytes read per connection
Execution 19
s_time: verify depth is 1
277 connections in 3.83s; 72.32 connections/user sec, bytes read 0
277 connections in 12 real seconds, 0 bytes read per connection
Execution 20
s_time: verify depth is 1
344 connections in 4.77s; 72.12 connections/user sec, bytes read 0
344 connections in 11 real seconds, 0 bytes read per connection
Execution 21
s_time: verify depth is 1
356 connections in 4.86s; 73.25 connections/user sec, bytes read 0
356 connections in 11 real seconds, 0 bytes read per connection
Execution 22
s_time: verify depth is 1
332 connections in 4.66s; 71.24 connections/user sec, bytes read 0
332 connections in 14 real seconds, 0 bytes read per connection
Execution 23
s_time: verify depth is 1
356 connections in 4.81s; 74.01 connections/user sec, bytes read 0
356 connections in 11 real seconds, 0 bytes read per connection
Execution 24
s_time: verify depth is 1
361 connections in 4.78s; 75.52 connections/user sec, bytes read 0
361 connections in 11 real seconds, 0 bytes read per connection
Execution 25
s_time: verify depth is 1
336 connections in 4.51s; 74.50 connections/user sec, bytes read 0
336 connections in 13 real seconds, 0 bytes read per connection
Execution 26
s_time: verify depth is 1
324 connections in 4.44s; 72.97 connections/user sec, bytes read 0
324 connections in 11 real seconds, 0 bytes read per connection
Execution 27
s_time: verify depth is 1
360 connections in 4.82s; 74.69 connections/user sec, bytes read 0
360 connections in 11 real seconds, 0 bytes read per connection
Execution 28
s_time: verify depth is 1
345 connections in 4.85s; 71.13 connections/user sec, bytes read 0
345 connections in 11 real seconds, 0 bytes read per connection
Execution 29
s_time: verify depth is 1
242 connections in 3.28s; 73.78 connections/user sec, bytes read 0
242 connections in 11 real seconds, 0 bytes read per connection
Execution 30
s_time: verify depth is 1
359 connections in 4.80s; 74.79 connections/user sec, bytes read 0
359 connections in 11 real seconds, 0 bytes read per connection
Execution 31
s_time: verify depth is 1
358 connections in 4.80s; 74.58 connections/user sec, bytes read 0
358 connections in 11 real seconds, 0 bytes read per connection
Execution 32
s_time: verify depth is 1
245 connections in 3.23s; 75.85 connections/user sec, bytes read 0
245 connections in 11 real seconds, 0 bytes read per connection
Execution 33
s_time: verify depth is 1
361 connections in 4.84s; 74.59 connections/user sec, bytes read 0
361 connections in 11 real seconds, 0 bytes read per connection
Execution 34
s_time: verify depth is 1
346 connections in 4.85s; 71.34 connections/user sec, bytes read 0
346 connections in 11 real seconds, 0 bytes read per connection
Execution 35
s_time: verify depth is 1
245 connections in 3.24s; 75.62 connections/user sec, bytes read 0
245 connections in 11 real seconds, 0 bytes read per connection
Execution 36
s_time: verify depth is 1
362 connections in 4.78s; 75.73 connections/user sec, bytes read 0
362 connections in 11 real seconds, 0 bytes read per connection
Execution 37
s_time: verify depth is 1
357 connections in 4.80s; 74.38 connections/user sec, bytes read 0
357 connections in 11 real seconds, 0 bytes read per connection
Execution 38
s_time: verify depth is 1
284 connections in 3.78s; 75.13 connections/user sec, bytes read 0
284 connections in 12 real seconds, 0 bytes read per connection
Execution 39
s_time: verify depth is 1
352 connections in 4.69s; 75.05 connections/user sec, bytes read 0
352 connections in 11 real seconds, 0 bytes read per connection
Execution 40
s_time: verify depth is 1
361 connections in 4.80s; 75.21 connections/user sec, bytes read 0
361 connections in 11 real seconds, 0 bytes read per connection
Execution 41
s_time: verify depth is 1
336 connections in 4.57s; 73.52 connections/user sec, bytes read 0
336 connections in 14 real seconds, 0 bytes read per connection
Execution 42
s_time: verify depth is 1
359 connections in 4.75s; 75.58 connections/user sec, bytes read 0
359 connections in 11 real seconds, 0 bytes read per connection
Execution 43
s_time: verify depth is 1
355 connections in 4.82s; 73.65 connections/user sec, bytes read 0
355 connections in 11 real seconds, 0 bytes read per connection
Execution 44
s_time: verify depth is 1
335 connections in 4.51s; 74.28 connections/user sec, bytes read 0
335 connections in 13 real seconds, 0 bytes read per connection
Execution 45
s_time: verify depth is 1
333 connections in 4.42s; 75.34 connections/user sec, bytes read 0
333 connections in 11 real seconds, 0 bytes read per connection
Execution 46
s_time: verify depth is 1
357 connections in 4.80s; 74.38 connections/user sec, bytes read 0
357 connections in 11 real seconds, 0 bytes read per connection
Execution 47
s_time: verify depth is 1
362 connections in 4.82s; 75.10 connections/user sec, bytes read 0
362 connections in 11 real seconds, 0 bytes read per connection
Execution 48
s_time: verify depth is 1
244 connections in 3.22s; 75.78 connections/user sec, bytes read 0
244 connections in 11 real seconds, 0 bytes read per connection
Execution 49
s_time: verify depth is 1
346 connections in 4.84s; 71.49 connections/user sec, bytes read 0
346 connections in 11 real seconds, 0 bytes read per connection
Execution 50
s_time: verify depth is 1
360 connections in 4.83s; 74.53 connections/user sec, bytes read 0
360 connections in 11 real seconds, 0 bytes read per connection
tc
Mostrando el estado de qdisc para la interfaz: lo
qdisc netem 8252: root refcnt 2 limit 1000 delay 2.0ms
 Sent 0 bytes 0 pkt (dropped 0, overlimits 0 requeues 0) 
 backlog 0b 0p requeues 0
Certificate request self-signature ok
subject=CN=localhost
Running /opt/oqssa/bin/perftestServerECDSA.sh with SIG_ALG=secp521r1 and KEM_ALG=p521_mlkem1024

Using default temp DH parameters
ACCEPT
Execution 1
s_time: verify depth is 1
184 connections in 2.81s; 65.48 connections/user sec, bytes read 0
184 connections in 11 real seconds, 0 bytes read per connection
Execution 2
s_time: verify depth is 1
302 connections in 4.64s; 65.09 connections/user sec, bytes read 0
302 connections in 11 real seconds, 0 bytes read per connection
Execution 3
s_time: verify depth is 1
307 connections in 4.62s; 66.45 connections/user sec, bytes read 0
307 connections in 11 real seconds, 0 bytes read per connection
Execution 4
s_time: verify depth is 1
199 connections in 3.10s; 64.19 connections/user sec, bytes read 0
199 connections in 11 real seconds, 0 bytes read per connection
Execution 5
s_time: verify depth is 1
295 connections in 4.64s; 63.58 connections/user sec, bytes read 0
295 connections in 11 real seconds, 0 bytes read per connection
Execution 6
s_time: verify depth is 1
306 connections in 4.62s; 66.23 connections/user sec, bytes read 0
306 connections in 11 real seconds, 0 bytes read per connection
Execution 7
s_time: verify depth is 1
212 connections in 3.22s; 65.84 connections/user sec, bytes read 0
212 connections in 11 real seconds, 0 bytes read per connection
Execution 8
s_time: verify depth is 1
296 connections in 4.51s; 65.63 connections/user sec, bytes read 0
296 connections in 11 real seconds, 0 bytes read per connection
Execution 9
s_time: verify depth is 1
306 connections in 4.60s; 66.52 connections/user sec, bytes read 0
306 connections in 11 real seconds, 0 bytes read per connection
Execution 10
s_time: verify depth is 1
291 connections in 4.37s; 66.59 connections/user sec, bytes read 0
291 connections in 14 real seconds, 0 bytes read per connection
Execution 11
s_time: verify depth is 1
300 connections in 4.64s; 64.66 connections/user sec, bytes read 0
300 connections in 11 real seconds, 0 bytes read per connection
Execution 12
s_time: verify depth is 1
304 connections in 4.66s; 65.24 connections/user sec, bytes read 0
304 connections in 11 real seconds, 0 bytes read per connection
Execution 13
s_time: verify depth is 1
281 connections in 4.34s; 64.75 connections/user sec, bytes read 0
281 connections in 13 real seconds, 0 bytes read per connection
Execution 14
s_time: verify depth is 1
266 connections in 4.30s; 61.86 connections/user sec, bytes read 0
266 connections in 11 real seconds, 0 bytes read per connection
Execution 15
s_time: verify depth is 1
306 connections in 4.62s; 66.23 connections/user sec, bytes read 0
306 connections in 11 real seconds, 0 bytes read per connection
Execution 16
s_time: verify depth is 1
307 connections in 4.61s; 66.59 connections/user sec, bytes read 0
307 connections in 11 real seconds, 0 bytes read per connection
Execution 17
s_time: verify depth is 1
202 connections in 3.16s; 63.92 connections/user sec, bytes read 0
202 connections in 11 real seconds, 0 bytes read per connection
Execution 18
s_time: verify depth is 1
304 connections in 4.58s; 66.38 connections/user sec, bytes read 0
304 connections in 11 real seconds, 0 bytes read per connection
Execution 19
s_time: verify depth is 1
307 connections in 4.63s; 66.31 connections/user sec, bytes read 0
307 connections in 11 real seconds, 0 bytes read per connection
Execution 20
s_time: verify depth is 1
204 connections in 3.12s; 65.38 connections/user sec, bytes read 0
204 connections in 11 real seconds, 0 bytes read per connection
Execution 21
s_time: verify depth is 1
302 connections in 4.62s; 65.37 connections/user sec, bytes read 0
302 connections in 11 real seconds, 0 bytes read per connection
Execution 22
s_time: verify depth is 1
304 connections in 4.64s; 65.52 connections/user sec, bytes read 0
304 connections in 11 real seconds, 0 bytes read per connection
Execution 23
s_time: verify depth is 1
204 connections in 3.11s; 65.59 connections/user sec, bytes read 0
204 connections in 11 real seconds, 0 bytes read per connection
Execution 24
s_time: verify depth is 1
297 connections in 4.65s; 63.87 connections/user sec, bytes read 0
297 connections in 11 real seconds, 0 bytes read per connection
Execution 25
s_time: verify depth is 1
305 connections in 4.58s; 66.59 connections/user sec, bytes read 0
305 connections in 11 real seconds, 0 bytes read per connection
Execution 26
s_time: verify depth is 1
238 connections in 3.62s; 65.75 connections/user sec, bytes read 0
238 connections in 12 real seconds, 0 bytes read per connection
Execution 27
s_time: verify depth is 1
298 connections in 4.49s; 66.37 connections/user sec, bytes read 0
298 connections in 11 real seconds, 0 bytes read per connection
Execution 28
s_time: verify depth is 1
308 connections in 4.61s; 66.81 connections/user sec, bytes read 0
308 connections in 11 real seconds, 0 bytes read per connection
Execution 29
s_time: verify depth is 1
290 connections in 4.39s; 66.06 connections/user sec, bytes read 0
290 connections in 14 real seconds, 0 bytes read per connection
Execution 30
s_time: verify depth is 1
305 connections in 4.62s; 66.02 connections/user sec, bytes read 0
305 connections in 11 real seconds, 0 bytes read per connection
Execution 31
s_time: verify depth is 1
307 connections in 4.57s; 67.18 connections/user sec, bytes read 0
307 connections in 11 real seconds, 0 bytes read per connection
Execution 32
s_time: verify depth is 1
287 connections in 4.29s; 66.90 connections/user sec, bytes read 0
287 connections in 13 real seconds, 0 bytes read per connection
Execution 33
s_time: verify depth is 1
281 connections in 4.25s; 66.12 connections/user sec, bytes read 0
281 connections in 11 real seconds, 0 bytes read per connection
Execution 34
s_time: verify depth is 1
307 connections in 4.63s; 66.31 connections/user sec, bytes read 0
307 connections in 11 real seconds, 0 bytes read per connection
Execution 35
s_time: verify depth is 1
302 connections in 4.62s; 65.37 connections/user sec, bytes read 0
302 connections in 11 real seconds, 0 bytes read per connection
Execution 36
s_time: verify depth is 1
205 connections in 3.10s; 66.13 connections/user sec, bytes read 0
205 connections in 11 real seconds, 0 bytes read per connection
Execution 37
s_time: verify depth is 1
305 connections in 4.60s; 66.30 connections/user sec, bytes read 0
305 connections in 11 real seconds, 0 bytes read per connection
Execution 38
s_time: verify depth is 1
293 connections in 4.57s; 64.11 connections/user sec, bytes read 0
293 connections in 11 real seconds, 0 bytes read per connection
Execution 39
s_time: verify depth is 1
206 connections in 3.06s; 67.32 connections/user sec, bytes read 0
206 connections in 11 real seconds, 0 bytes read per connection
Execution 40
s_time: verify depth is 1
296 connections in 4.62s; 64.07 connections/user sec, bytes read 0
296 connections in 11 real seconds, 0 bytes read per connection
Execution 41
s_time: verify depth is 1
293 connections in 4.65s; 63.01 connections/user sec, bytes read 0
293 connections in 11 real seconds, 0 bytes read per connection
Execution 42
s_time: verify depth is 1
202 connections in 3.12s; 64.74 connections/user sec, bytes read 0
202 connections in 11 real seconds, 0 bytes read per connection
Execution 43
s_time: verify depth is 1
308 connections in 4.56s; 67.54 connections/user sec, bytes read 0
308 connections in 11 real seconds, 0 bytes read per connection
Execution 44
s_time: verify depth is 1
305 connections in 4.61s; 66.16 connections/user sec, bytes read 0
305 connections in 11 real seconds, 0 bytes read per connection
Execution 45
s_time: verify depth is 1
228 connections in 3.67s; 62.13 connections/user sec, bytes read 0
228 connections in 12 real seconds, 0 bytes read per connection
Execution 46
s_time: verify depth is 1
300 connections in 4.49s; 66.82 connections/user sec, bytes read 0
300 connections in 11 real seconds, 0 bytes read per connection
Execution 47
s_time: verify depth is 1
310 connections in 4.60s; 67.39 connections/user sec, bytes read 0
310 connections in 11 real seconds, 0 bytes read per connection
Execution 48
s_time: verify depth is 1
289 connections in 4.37s; 66.13 connections/user sec, bytes read 0
289 connections in 14 real seconds, 0 bytes read per connection
Execution 49
s_time: verify depth is 1
303 connections in 4.55s; 66.59 connections/user sec, bytes read 0
303 connections in 11 real seconds, 0 bytes read per connection
Execution 50
s_time: verify depth is 1
308 connections in 4.63s; 66.52 connections/user sec, bytes read 0
308 connections in 11 real seconds, 0 bytes read per connection
tc
Mostrando el estado de qdisc para la interfaz: lo
qdisc netem 8253: root refcnt 2 limit 1000 delay 2.0ms
 Sent 0 bytes 0 pkt (dropped 0, overlimits 0 requeues 0) 
 backlog 0b 0p requeues 0
Certificate request self-signature ok
subject=CN=localhost
Running /opt/oqssa/bin/perftestServerECDSA.sh with SIG_ALG=secp521r1 and KEM_ALG=mlkem1024

Using default temp DH parameters
ACCEPT
Execution 1
s_time: verify depth is 1
458 connections in 2.73s; 167.77 connections/user sec, bytes read 0
458 connections in 11 real seconds, 0 bytes read per connection
Execution 2
s_time: verify depth is 1
603 connections in 3.40s; 177.35 connections/user sec, bytes read 0
603 connections in 11 real seconds, 0 bytes read per connection
Execution 3
s_time: verify depth is 1
648 connections in 3.76s; 172.34 connections/user sec, bytes read 0
648 connections in 11 real seconds, 0 bytes read per connection
Execution 4
s_time: verify depth is 1
650 connections in 3.78s; 171.96 connections/user sec, bytes read 0
650 connections in 11 real seconds, 0 bytes read per connection
Execution 5
s_time: verify depth is 1
438 connections in 2.52s; 173.81 connections/user sec, bytes read 0
438 connections in 11 real seconds, 0 bytes read per connection
Execution 6
s_time: verify depth is 1
629 connections in 3.85s; 163.38 connections/user sec, bytes read 0
629 connections in 11 real seconds, 0 bytes read per connection
Execution 7
s_time: verify depth is 1
627 connections in 3.88s; 161.60 connections/user sec, bytes read 0
627 connections in 11 real seconds, 0 bytes read per connection
Execution 8
s_time: verify depth is 1
432 connections in 2.51s; 172.11 connections/user sec, bytes read 0
432 connections in 11 real seconds, 0 bytes read per connection
Execution 9
s_time: verify depth is 1
639 connections in 3.86s; 165.54 connections/user sec, bytes read 0
639 connections in 11 real seconds, 0 bytes read per connection
Execution 10
s_time: verify depth is 1
629 connections in 3.84s; 163.80 connections/user sec, bytes read 0
629 connections in 11 real seconds, 0 bytes read per connection
Execution 11
s_time: verify depth is 1
436 connections in 2.55s; 170.98 connections/user sec, bytes read 0
436 connections in 11 real seconds, 0 bytes read per connection
Execution 12
s_time: verify depth is 1
646 connections in 3.71s; 174.12 connections/user sec, bytes read 0
646 connections in 11 real seconds, 0 bytes read per connection
Execution 13
s_time: verify depth is 1
616 connections in 3.94s; 156.35 connections/user sec, bytes read 0
616 connections in 11 real seconds, 0 bytes read per connection
Execution 14
s_time: verify depth is 1
512 connections in 2.97s; 172.39 connections/user sec, bytes read 0
512 connections in 12 real seconds, 0 bytes read per connection
Execution 15
s_time: verify depth is 1
615 connections in 3.79s; 162.27 connections/user sec, bytes read 0
615 connections in 11 real seconds, 0 bytes read per connection
Execution 16
s_time: verify depth is 1
629 connections in 3.87s; 162.53 connections/user sec, bytes read 0
629 connections in 11 real seconds, 0 bytes read per connection
Execution 17
s_time: verify depth is 1
603 connections in 3.67s; 164.31 connections/user sec, bytes read 0
603 connections in 14 real seconds, 0 bytes read per connection
Execution 18
s_time: verify depth is 1
628 connections in 3.84s; 163.54 connections/user sec, bytes read 0
628 connections in 11 real seconds, 0 bytes read per connection
Execution 19
s_time: verify depth is 1
629 connections in 3.82s; 164.66 connections/user sec, bytes read 0
629 connections in 11 real seconds, 0 bytes read per connection
Execution 20
s_time: verify depth is 1
599 connections in 3.55s; 168.73 connections/user sec, bytes read 0
599 connections in 13 real seconds, 0 bytes read per connection
Execution 21
s_time: verify depth is 1
572 connections in 3.58s; 159.78 connections/user sec, bytes read 0
572 connections in 11 real seconds, 0 bytes read per connection
Execution 22
s_time: verify depth is 1
629 connections in 3.89s; 161.70 connections/user sec, bytes read 0
629 connections in 11 real seconds, 0 bytes read per connection
Execution 23
s_time: verify depth is 1
637 connections in 3.81s; 167.19 connections/user sec, bytes read 0
637 connections in 11 real seconds, 0 bytes read per connection
Execution 24
s_time: verify depth is 1
432 connections in 2.56s; 168.75 connections/user sec, bytes read 0
432 connections in 11 real seconds, 0 bytes read per connection
Execution 25
s_time: verify depth is 1
632 connections in 3.84s; 164.58 connections/user sec, bytes read 0
632 connections in 11 real seconds, 0 bytes read per connection
Execution 26
s_time: verify depth is 1
635 connections in 3.81s; 166.67 connections/user sec, bytes read 0
635 connections in 11 real seconds, 0 bytes read per connection
Execution 27
s_time: verify depth is 1
424 connections in 2.56s; 165.62 connections/user sec, bytes read 0
424 connections in 11 real seconds, 0 bytes read per connection
Execution 28
s_time: verify depth is 1
639 connections in 3.74s; 170.86 connections/user sec, bytes read 0
639 connections in 11 real seconds, 0 bytes read per connection
Execution 29
s_time: verify depth is 1
639 connections in 3.77s; 169.50 connections/user sec, bytes read 0
639 connections in 11 real seconds, 0 bytes read per connection
Execution 30
s_time: verify depth is 1
427 connections in 2.59s; 164.86 connections/user sec, bytes read 0
427 connections in 11 real seconds, 0 bytes read per connection
Execution 31
s_time: verify depth is 1
639 connections in 3.75s; 170.40 connections/user sec, bytes read 0
639 connections in 11 real seconds, 0 bytes read per connection
Execution 32
s_time: verify depth is 1
638 connections in 3.78s; 168.78 connections/user sec, bytes read 0
638 connections in 11 real seconds, 0 bytes read per connection
Execution 33
s_time: verify depth is 1
497 connections in 3.04s; 163.49 connections/user sec, bytes read 0
497 connections in 12 real seconds, 0 bytes read per connection
Execution 34
s_time: verify depth is 1
620 connections in 3.73s; 166.22 connections/user sec, bytes read 0
620 connections in 11 real seconds, 0 bytes read per connection
Execution 35
s_time: verify depth is 1
625 connections in 3.89s; 160.67 connections/user sec, bytes read 0
625 connections in 11 real seconds, 0 bytes read per connection
Execution 36
s_time: verify depth is 1
607 connections in 3.63s; 167.22 connections/user sec, bytes read 0
607 connections in 14 real seconds, 0 bytes read per connection
Execution 37
s_time: verify depth is 1
620 connections in 3.84s; 161.46 connections/user sec, bytes read 0
620 connections in 11 real seconds, 0 bytes read per connection
Execution 38
s_time: verify depth is 1
640 connections in 3.75s; 170.67 connections/user sec, bytes read 0
640 connections in 11 real seconds, 0 bytes read per connection
Execution 39
s_time: verify depth is 1
601 connections in 3.51s; 171.23 connections/user sec, bytes read 0
601 connections in 13 real seconds, 0 bytes read per connection
Execution 40
s_time: verify depth is 1
571 connections in 3.47s; 164.55 connections/user sec, bytes read 0
571 connections in 11 real seconds, 0 bytes read per connection
Execution 41
s_time: verify depth is 1
636 connections in 3.81s; 166.93 connections/user sec, bytes read 0
636 connections in 11 real seconds, 0 bytes read per connection
Execution 42
s_time: verify depth is 1
647 connections in 3.78s; 171.16 connections/user sec, bytes read 0
647 connections in 11 real seconds, 0 bytes read per connection
Execution 43
s_time: verify depth is 1
431 connections in 2.53s; 170.36 connections/user sec, bytes read 0
431 connections in 11 real seconds, 0 bytes read per connection
Execution 44
s_time: verify depth is 1
633 connections in 3.80s; 166.58 connections/user sec, bytes read 0
633 connections in 11 real seconds, 0 bytes read per connection
Execution 45
s_time: verify depth is 1
637 connections in 3.79s; 168.07 connections/user sec, bytes read 0
637 connections in 11 real seconds, 0 bytes read per connection
Execution 46
s_time: verify depth is 1
430 connections in 2.58s; 166.67 connections/user sec, bytes read 0
430 connections in 11 real seconds, 0 bytes read per connection
Execution 47
s_time: verify depth is 1
637 connections in 3.85s; 165.45 connections/user sec, bytes read 0
637 connections in 11 real seconds, 0 bytes read per connection
Execution 48
s_time: verify depth is 1
637 connections in 3.79s; 168.07 connections/user sec, bytes read 0
637 connections in 11 real seconds, 0 bytes read per connection
Execution 49
s_time: verify depth is 1
434 connections in 2.53s; 171.54 connections/user sec, bytes read 0
434 connections in 11 real seconds, 0 bytes read per connection
Execution 50
s_time: verify depth is 1
624 connections in 3.88s; 160.82 connections/user sec, bytes read 0
624 connections in 11 real seconds, 0 bytes read per connection
