tc
Showing qdisc status for the interface: lo
qdisc netem 800e: root refcnt 2 limit 1000
 Sent 0 bytes 0 pkt (dropped 0, overlimits 0 requeues 0) 
 backlog 0b 0p requeues 0
-----
-----
Certificate request self-signature ok
subject=CN=localhost
Running /opt/oqssa/bin/perftestServer.sh with SIG_ALG=ed25519 and KEM_ALG=x25519

Using default temp DH parameters
ACCEPT
Execution 1
s_time: verify depth is 1
4770 connections in 5.40s; 883.33 connections/user sec, bytes read 0
4770 connections in 11 real seconds, 0 bytes read per connection
Execution 2
s_time: verify depth is 1
5582 connections in 5.43s; 1027.99 connections/user sec, bytes read 0
5582 connections in 11 real seconds, 0 bytes read per connection
Execution 3
s_time: verify depth is 1
5645 connections in 5.44s; 1037.68 connections/user sec, bytes read 0
5645 connections in 11 real seconds, 0 bytes read per connection
Execution 4
s_time: verify depth is 1
5556 connections in 5.38s; 1032.71 connections/user sec, bytes read 0
5556 connections in 11 real seconds, 0 bytes read per connection
Execution 5
s_time: verify depth is 1
5574 connections in 5.47s; 1019.01 connections/user sec, bytes read 0
5574 connections in 11 real seconds, 0 bytes read per connection
Execution 6
s_time: verify depth is 1
5099 connections in 5.51s; 925.41 connections/user sec, bytes read 0
5099 connections in 11 real seconds, 0 bytes read per connection
Execution 7
s_time: verify depth is 1
5400 connections in 5.43s; 994.48 connections/user sec, bytes read 0
5400 connections in 11 real seconds, 0 bytes read per connection
Execution 8
s_time: verify depth is 1
5493 connections in 5.40s; 1017.22 connections/user sec, bytes read 0
5493 connections in 11 real seconds, 0 bytes read per connection
Execution 9
s_time: verify depth is 1
5636 connections in 5.34s; 1055.43 connections/user sec, bytes read 0
5636 connections in 11 real seconds, 0 bytes read per connection
Execution 10
s_time: verify depth is 1
5339 connections in 5.40s; 988.70 connections/user sec, bytes read 0
5339 connections in 11 real seconds, 0 bytes read per connection
Execution 11
s_time: verify depth is 1
5187 connections in 5.43s; 955.25 connections/user sec, bytes read 0
5187 connections in 11 real seconds, 0 bytes read per connection
Execution 12
s_time: verify depth is 1
5431 connections in 5.41s; 1003.88 connections/user sec, bytes read 0
5431 connections in 11 real seconds, 0 bytes read per connection
Execution 13
s_time: verify depth is 1
5562 connections in 5.46s; 1018.68 connections/user sec, bytes read 0
5562 connections in 11 real seconds, 0 bytes read per connection
Execution 14
s_time: verify depth is 1
5569 connections in 5.46s; 1019.96 connections/user sec, bytes read 0
5569 connections in 11 real seconds, 0 bytes read per connection
Execution 15
s_time: verify depth is 1
5620 connections in 5.43s; 1034.99 connections/user sec, bytes read 0
5620 connections in 11 real seconds, 0 bytes read per connection
Execution 16
s_time: verify depth is 1
5442 connections in 5.33s; 1021.01 connections/user sec, bytes read 0
5442 connections in 11 real seconds, 0 bytes read per connection
Execution 17
s_time: verify depth is 1
5115 connections in 5.45s; 938.53 connections/user sec, bytes read 0
5115 connections in 11 real seconds, 0 bytes read per connection
Execution 18
s_time: verify depth is 1
5473 connections in 5.37s; 1019.18 connections/user sec, bytes read 0
5473 connections in 11 real seconds, 0 bytes read per connection
Execution 19
s_time: verify depth is 1
5498 connections in 5.41s; 1016.27 connections/user sec, bytes read 0
5498 connections in 11 real seconds, 0 bytes read per connection
Execution 20
s_time: verify depth is 1
5998 connections in 5.33s; 1125.33 connections/user sec, bytes read 0
5998 connections in 11 real seconds, 0 bytes read per connection
Execution 21
s_time: verify depth is 1
5463 connections in 5.39s; 1013.54 connections/user sec, bytes read 0
5463 connections in 11 real seconds, 0 bytes read per connection
Execution 22
s_time: verify depth is 1
5219 connections in 5.42s; 962.92 connections/user sec, bytes read 0
5219 connections in 11 real seconds, 0 bytes read per connection
Execution 23
s_time: verify depth is 1
5529 connections in 5.36s; 1031.53 connections/user sec, bytes read 0
5529 connections in 11 real seconds, 0 bytes read per connection
Execution 24
s_time: verify depth is 1
5537 connections in 5.41s; 1023.48 connections/user sec, bytes read 0
5537 connections in 11 real seconds, 0 bytes read per connection
Execution 25
s_time: verify depth is 1
5605 connections in 5.35s; 1047.66 connections/user sec, bytes read 0
5605 connections in 11 real seconds, 0 bytes read per connection
Execution 26
s_time: verify depth is 1
5612 connections in 5.42s; 1035.42 connections/user sec, bytes read 0
5612 connections in 11 real seconds, 0 bytes read per connection
Execution 27
s_time: verify depth is 1
5597 connections in 5.43s; 1030.76 connections/user sec, bytes read 0
5597 connections in 11 real seconds, 0 bytes read per connection
Execution 28
s_time: verify depth is 1
5346 connections in 5.38s; 993.68 connections/user sec, bytes read 0
5346 connections in 11 real seconds, 0 bytes read per connection
Execution 29
s_time: verify depth is 1
5166 connections in 5.44s; 949.63 connections/user sec, bytes read 0
5166 connections in 11 real seconds, 0 bytes read per connection
Execution 30
s_time: verify depth is 1
5485 connections in 5.39s; 1017.63 connections/user sec, bytes read 0
5485 connections in 11 real seconds, 0 bytes read per connection
Execution 31
s_time: verify depth is 1
5505 connections in 5.47s; 1006.40 connections/user sec, bytes read 0
5505 connections in 11 real seconds, 0 bytes read per connection
Execution 32
s_time: verify depth is 1
5442 connections in 5.48s; 993.07 connections/user sec, bytes read 0
5442 connections in 11 real seconds, 0 bytes read per connection
Execution 33
s_time: verify depth is 1
5211 connections in 5.40s; 965.00 connections/user sec, bytes read 0
5211 connections in 11 real seconds, 0 bytes read per connection
Execution 34
s_time: verify depth is 1
5966 connections in 5.33s; 1119.32 connections/user sec, bytes read 0
5966 connections in 11 real seconds, 0 bytes read per connection
Execution 35
s_time: verify depth is 1
5584 connections in 5.42s; 1030.26 connections/user sec, bytes read 0
5584 connections in 11 real seconds, 0 bytes read per connection
Execution 36
s_time: verify depth is 1
5536 connections in 5.44s; 1017.65 connections/user sec, bytes read 0
5536 connections in 11 real seconds, 0 bytes read per connection
Execution 37
s_time: verify depth is 1
5486 connections in 5.46s; 1004.76 connections/user sec, bytes read 0
5486 connections in 11 real seconds, 0 bytes read per connection
Execution 38
s_time: verify depth is 1
5451 connections in 5.34s; 1020.79 connections/user sec, bytes read 0
5451 connections in 11 real seconds, 0 bytes read per connection
Execution 39
s_time: verify depth is 1
5207 connections in 5.45s; 955.41 connections/user sec, bytes read 0
5207 connections in 11 real seconds, 0 bytes read per connection
Execution 40
s_time: verify depth is 1
5427 connections in 5.39s; 1006.86 connections/user sec, bytes read 0
5427 connections in 11 real seconds, 0 bytes read per connection
Execution 41
s_time: verify depth is 1
5517 connections in 5.34s; 1033.15 connections/user sec, bytes read 0
5517 connections in 11 real seconds, 0 bytes read per connection
Execution 42
s_time: verify depth is 1
5644 connections in 5.37s; 1051.02 connections/user sec, bytes read 0
5644 connections in 11 real seconds, 0 bytes read per connection
Execution 43
s_time: verify depth is 1
5641 connections in 5.42s; 1040.77 connections/user sec, bytes read 0
5641 connections in 11 real seconds, 0 bytes read per connection
Execution 44
s_time: verify depth is 1
5248 connections in 5.47s; 959.41 connections/user sec, bytes read 0
5248 connections in 11 real seconds, 0 bytes read per connection
Execution 45
s_time: verify depth is 1
5614 connections in 5.39s; 1041.56 connections/user sec, bytes read 0
5614 connections in 11 real seconds, 0 bytes read per connection
Execution 46
s_time: verify depth is 1
5096 connections in 5.43s; 938.49 connections/user sec, bytes read 0
5096 connections in 11 real seconds, 0 bytes read per connection
Execution 47
s_time: verify depth is 1
5720 connections in 5.39s; 1061.22 connections/user sec, bytes read 0
5720 connections in 11 real seconds, 0 bytes read per connection
Execution 48
s_time: verify depth is 1
5469 connections in 5.43s; 1007.18 connections/user sec, bytes read 0
5469 connections in 11 real seconds, 0 bytes read per connection
Execution 49
s_time: verify depth is 1
5491 connections in 5.44s; 1009.37 connections/user sec, bytes read 0
5491 connections in 11 real seconds, 0 bytes read per connection
Execution 50
s_time: verify depth is 1
5433 connections in 5.41s; 1004.25 connections/user sec, bytes read 0
5433 connections in 11 real seconds, 0 bytes read per connection
tc
Showing qdisc status for the interface: lo
qdisc netem 800c: root refcnt 2 limit 1000
 Sent 0 bytes 0 pkt (dropped 0, overlimits 0 requeues 0) 
 backlog 0b 0p requeues 0
-----
-----
Certificate request self-signature ok
subject=CN=localhost
Running /opt/oqssa/bin/perftestServer.sh with SIG_ALG=ed25519 and KEM_ALG=P-256

Using default temp DH parameters
ACCEPT
Execution 1
s_time: verify depth is 1
4202 connections in 5.34s; 786.89 connections/user sec, bytes read 0
4202 connections in 11 real seconds, 0 bytes read per connection
Execution 2
s_time: verify depth is 1
4810 connections in 5.14s; 935.80 connections/user sec, bytes read 0
4810 connections in 11 real seconds, 0 bytes read per connection
Execution 3
s_time: verify depth is 1
4836 connections in 5.13s; 942.69 connections/user sec, bytes read 0
4836 connections in 11 real seconds, 0 bytes read per connection
Execution 4
s_time: verify depth is 1
4738 connections in 5.06s; 936.36 connections/user sec, bytes read 0
4738 connections in 11 real seconds, 0 bytes read per connection
Execution 5
s_time: verify depth is 1
4466 connections in 5.29s; 844.23 connections/user sec, bytes read 0
4466 connections in 11 real seconds, 0 bytes read per connection
Execution 6
s_time: verify depth is 1
4503 connections in 5.19s; 867.63 connections/user sec, bytes read 0
4503 connections in 11 real seconds, 0 bytes read per connection
Execution 7
s_time: verify depth is 1
4861 connections in 5.19s; 936.61 connections/user sec, bytes read 0
4861 connections in 11 real seconds, 0 bytes read per connection
Execution 8
s_time: verify depth is 1
4747 connections in 5.30s; 895.66 connections/user sec, bytes read 0
4747 connections in 11 real seconds, 0 bytes read per connection
Execution 9
s_time: verify depth is 1
4817 connections in 5.12s; 940.82 connections/user sec, bytes read 0
4817 connections in 11 real seconds, 0 bytes read per connection
Execution 10
s_time: verify depth is 1
4831 connections in 5.09s; 949.12 connections/user sec, bytes read 0
4831 connections in 11 real seconds, 0 bytes read per connection
Execution 11
s_time: verify depth is 1
4564 connections in 5.29s; 862.76 connections/user sec, bytes read 0
4564 connections in 11 real seconds, 0 bytes read per connection
Execution 12
s_time: verify depth is 1
4863 connections in 5.14s; 946.11 connections/user sec, bytes read 0
4863 connections in 11 real seconds, 0 bytes read per connection
Execution 13
s_time: verify depth is 1
4770 connections in 5.24s; 910.31 connections/user sec, bytes read 0
4770 connections in 11 real seconds, 0 bytes read per connection
Execution 14
s_time: verify depth is 1
4715 connections in 5.14s; 917.32 connections/user sec, bytes read 0
4715 connections in 11 real seconds, 0 bytes read per connection
Execution 15
s_time: verify depth is 1
4472 connections in 5.36s; 834.33 connections/user sec, bytes read 0
4472 connections in 11 real seconds, 0 bytes read per connection
Execution 16
s_time: verify depth is 1
4550 connections in 5.26s; 865.02 connections/user sec, bytes read 0
4550 connections in 11 real seconds, 0 bytes read per connection
Execution 17
s_time: verify depth is 1
4490 connections in 5.34s; 840.82 connections/user sec, bytes read 0
4490 connections in 11 real seconds, 0 bytes read per connection
Execution 18
s_time: verify depth is 1
4811 connections in 5.20s; 925.19 connections/user sec, bytes read 0
4811 connections in 11 real seconds, 0 bytes read per connection
Execution 19
s_time: verify depth is 1
4770 connections in 5.15s; 926.21 connections/user sec, bytes read 0
4770 connections in 11 real seconds, 0 bytes read per connection
Execution 20
s_time: verify depth is 1
4834 connections in 5.18s; 933.20 connections/user sec, bytes read 0
4834 connections in 11 real seconds, 0 bytes read per connection
Execution 21
s_time: verify depth is 1
4806 connections in 5.19s; 926.01 connections/user sec, bytes read 0
4806 connections in 11 real seconds, 0 bytes read per connection
Execution 22
s_time: verify depth is 1
4266 connections in 5.30s; 804.91 connections/user sec, bytes read 0
4266 connections in 11 real seconds, 0 bytes read per connection
Execution 23
s_time: verify depth is 1
4860 connections in 5.06s; 960.47 connections/user sec, bytes read 0
4860 connections in 11 real seconds, 0 bytes read per connection
Execution 24
s_time: verify depth is 1
4680 connections in 5.15s; 908.74 connections/user sec, bytes read 0
4680 connections in 11 real seconds, 0 bytes read per connection
Execution 25
s_time: verify depth is 1
4702 connections in 5.07s; 927.42 connections/user sec, bytes read 0
4702 connections in 11 real seconds, 0 bytes read per connection
Execution 26
s_time: verify depth is 1
4779 connections in 5.22s; 915.52 connections/user sec, bytes read 0
4779 connections in 11 real seconds, 0 bytes read per connection
Execution 27
s_time: verify depth is 1
4802 connections in 5.08s; 945.28 connections/user sec, bytes read 0
4802 connections in 11 real seconds, 0 bytes read per connection
Execution 28
s_time: verify depth is 1
4507 connections in 5.25s; 858.48 connections/user sec, bytes read 0
4507 connections in 11 real seconds, 0 bytes read per connection
Execution 29
s_time: verify depth is 1
4801 connections in 5.13s; 935.87 connections/user sec, bytes read 0
4801 connections in 11 real seconds, 0 bytes read per connection
Execution 30
s_time: verify depth is 1
4636 connections in 5.10s; 909.02 connections/user sec, bytes read 0
4636 connections in 11 real seconds, 0 bytes read per connection
Execution 31
s_time: verify depth is 1
4748 connections in 5.17s; 918.38 connections/user sec, bytes read 0
4748 connections in 11 real seconds, 0 bytes read per connection
Execution 32
s_time: verify depth is 1
4840 connections in 5.21s; 928.98 connections/user sec, bytes read 0
4840 connections in 11 real seconds, 0 bytes read per connection
Execution 33
s_time: verify depth is 1
4582 connections in 5.24s; 874.43 connections/user sec, bytes read 0
4582 connections in 11 real seconds, 0 bytes read per connection
Execution 34
s_time: verify depth is 1
4708 connections in 5.21s; 903.65 connections/user sec, bytes read 0
4708 connections in 11 real seconds, 0 bytes read per connection
Execution 35
s_time: verify depth is 1
4675 connections in 5.29s; 883.74 connections/user sec, bytes read 0
4675 connections in 11 real seconds, 0 bytes read per connection
Execution 36
s_time: verify depth is 1
4727 connections in 5.18s; 912.55 connections/user sec, bytes read 0
4727 connections in 11 real seconds, 0 bytes read per connection
Execution 37
s_time: verify depth is 1
4833 connections in 5.19s; 931.21 connections/user sec, bytes read 0
4833 connections in 11 real seconds, 0 bytes read per connection
Execution 38
s_time: verify depth is 1
4837 connections in 5.25s; 921.33 connections/user sec, bytes read 0
4837 connections in 11 real seconds, 0 bytes read per connection
Execution 39
s_time: verify depth is 1
4531 connections in 5.26s; 861.41 connections/user sec, bytes read 0
4531 connections in 11 real seconds, 0 bytes read per connection
Execution 40
s_time: verify depth is 1
4544 connections in 5.18s; 877.22 connections/user sec, bytes read 0
4544 connections in 11 real seconds, 0 bytes read per connection
Execution 41
s_time: verify depth is 1
4827 connections in 5.34s; 903.93 connections/user sec, bytes read 0
4827 connections in 11 real seconds, 0 bytes read per connection
Execution 42
s_time: verify depth is 1
4782 connections in 5.14s; 930.35 connections/user sec, bytes read 0
4782 connections in 11 real seconds, 0 bytes read per connection
Execution 43
s_time: verify depth is 1
4847 connections in 5.26s; 921.48 connections/user sec, bytes read 0
4847 connections in 11 real seconds, 0 bytes read per connection
Execution 44
s_time: verify depth is 1
4742 connections in 5.32s; 891.35 connections/user sec, bytes read 0
4742 connections in 11 real seconds, 0 bytes read per connection
Execution 45
s_time: verify depth is 1
4978 connections in 5.05s; 985.74 connections/user sec, bytes read 0
4978 connections in 11 real seconds, 0 bytes read per connection
Execution 46
s_time: verify depth is 1
4695 connections in 5.26s; 892.59 connections/user sec, bytes read 0
4695 connections in 11 real seconds, 0 bytes read per connection
Execution 47
s_time: verify depth is 1
4821 connections in 5.12s; 941.60 connections/user sec, bytes read 0
4821 connections in 11 real seconds, 0 bytes read per connection
Execution 48
s_time: verify depth is 1
4648 connections in 5.23s; 888.72 connections/user sec, bytes read 0
4648 connections in 11 real seconds, 0 bytes read per connection
Execution 49
s_time: verify depth is 1
4641 connections in 5.28s; 878.98 connections/user sec, bytes read 0
4641 connections in 11 real seconds, 0 bytes read per connection
Execution 50
s_time: verify depth is 1
4600 connections in 5.26s; 874.52 connections/user sec, bytes read 0
4600 connections in 11 real seconds, 0 bytes read per connection
tc
Showing qdisc status for the interface: lo
qdisc netem 800f: root refcnt 2 limit 1000
 Sent 0 bytes 0 pkt (dropped 0, overlimits 0 requeues 0) 
 backlog 0b 0p requeues 0
-----
-----
Certificate request self-signature ok
subject=CN=localhost
Running /opt/oqssa/bin/perftestServer.sh with SIG_ALG=ed25519 and KEM_ALG=x25519_mlkem512

Using default temp DH parameters
ACCEPT
Execution 1
s_time: verify depth is 1
4251 connections in 5.43s; 782.87 connections/user sec, bytes read 0
4251 connections in 11 real seconds, 0 bytes read per connection
Execution 2
s_time: verify depth is 1
4840 connections in 5.40s; 896.30 connections/user sec, bytes read 0
4840 connections in 11 real seconds, 0 bytes read per connection
Execution 3
s_time: verify depth is 1
4907 connections in 5.46s; 898.72 connections/user sec, bytes read 0
4907 connections in 11 real seconds, 0 bytes read per connection
Execution 4
s_time: verify depth is 1
4884 connections in 5.52s; 884.78 connections/user sec, bytes read 0
4884 connections in 11 real seconds, 0 bytes read per connection
Execution 5
s_time: verify depth is 1
4869 connections in 5.43s; 896.69 connections/user sec, bytes read 0
4869 connections in 11 real seconds, 0 bytes read per connection
Execution 6
s_time: verify depth is 1
4758 connections in 5.45s; 873.03 connections/user sec, bytes read 0
4758 connections in 11 real seconds, 0 bytes read per connection
Execution 7
s_time: verify depth is 1
4822 connections in 5.51s; 875.14 connections/user sec, bytes read 0
4822 connections in 11 real seconds, 0 bytes read per connection
Execution 8
s_time: verify depth is 1
5201 connections in 5.52s; 942.21 connections/user sec, bytes read 0
5201 connections in 11 real seconds, 0 bytes read per connection
Execution 9
s_time: verify depth is 1
4849 connections in 5.58s; 869.00 connections/user sec, bytes read 0
4849 connections in 11 real seconds, 0 bytes read per connection
Execution 10
s_time: verify depth is 1
4725 connections in 5.61s; 842.25 connections/user sec, bytes read 0
4725 connections in 11 real seconds, 0 bytes read per connection
Execution 11
s_time: verify depth is 1
4670 connections in 5.53s; 844.48 connections/user sec, bytes read 0
4670 connections in 11 real seconds, 0 bytes read per connection
Execution 12
s_time: verify depth is 1
5070 connections in 5.42s; 935.42 connections/user sec, bytes read 0
5070 connections in 11 real seconds, 0 bytes read per connection
Execution 13
s_time: verify depth is 1
4617 connections in 5.44s; 848.71 connections/user sec, bytes read 0
4617 connections in 11 real seconds, 0 bytes read per connection
Execution 14
s_time: verify depth is 1
4875 connections in 5.42s; 899.45 connections/user sec, bytes read 0
4875 connections in 11 real seconds, 0 bytes read per connection
Execution 15
s_time: verify depth is 1
4798 connections in 5.46s; 878.75 connections/user sec, bytes read 0
4798 connections in 11 real seconds, 0 bytes read per connection
Execution 16
s_time: verify depth is 1
4939 connections in 5.40s; 914.63 connections/user sec, bytes read 0
4939 connections in 11 real seconds, 0 bytes read per connection
Execution 17
s_time: verify depth is 1
4475 connections in 5.44s; 822.61 connections/user sec, bytes read 0
4475 connections in 11 real seconds, 0 bytes read per connection
Execution 18
s_time: verify depth is 1
4859 connections in 5.46s; 889.93 connections/user sec, bytes read 0
4859 connections in 11 real seconds, 0 bytes read per connection
Execution 19
s_time: verify depth is 1
4910 connections in 5.38s; 912.64 connections/user sec, bytes read 0
4910 connections in 11 real seconds, 0 bytes read per connection
Execution 20
s_time: verify depth is 1
4878 connections in 5.48s; 890.15 connections/user sec, bytes read 0
4878 connections in 11 real seconds, 0 bytes read per connection
Execution 21
s_time: verify depth is 1
4895 connections in 5.58s; 877.24 connections/user sec, bytes read 0
4895 connections in 11 real seconds, 0 bytes read per connection
Execution 22
s_time: verify depth is 1
4586 connections in 5.50s; 833.82 connections/user sec, bytes read 0
4586 connections in 11 real seconds, 0 bytes read per connection
Execution 23
s_time: verify depth is 1
4892 connections in 5.44s; 899.26 connections/user sec, bytes read 0
4892 connections in 11 real seconds, 0 bytes read per connection
Execution 24
s_time: verify depth is 1
4874 connections in 5.42s; 899.26 connections/user sec, bytes read 0
4874 connections in 11 real seconds, 0 bytes read per connection
Execution 25
s_time: verify depth is 1
4816 connections in 5.50s; 875.64 connections/user sec, bytes read 0
4816 connections in 11 real seconds, 0 bytes read per connection
Execution 26
s_time: verify depth is 1
4795 connections in 5.45s; 879.82 connections/user sec, bytes read 0
4795 connections in 11 real seconds, 0 bytes read per connection
Execution 27
s_time: verify depth is 1
4763 connections in 5.40s; 882.04 connections/user sec, bytes read 0
4763 connections in 11 real seconds, 0 bytes read per connection
Execution 28
s_time: verify depth is 1
4540 connections in 5.50s; 825.45 connections/user sec, bytes read 0
4540 connections in 11 real seconds, 0 bytes read per connection
Execution 29
s_time: verify depth is 1
4883 connections in 5.48s; 891.06 connections/user sec, bytes read 0
4883 connections in 11 real seconds, 0 bytes read per connection
Execution 30
s_time: verify depth is 1
4685 connections in 5.46s; 858.06 connections/user sec, bytes read 0
4685 connections in 11 real seconds, 0 bytes read per connection
Execution 31
s_time: verify depth is 1
4654 connections in 5.53s; 841.59 connections/user sec, bytes read 0
4654 connections in 11 real seconds, 0 bytes read per connection
Execution 32
s_time: verify depth is 1
4742 connections in 5.51s; 860.62 connections/user sec, bytes read 0
4742 connections in 11 real seconds, 0 bytes read per connection
Execution 33
s_time: verify depth is 1
4386 connections in 5.51s; 796.01 connections/user sec, bytes read 0
4386 connections in 11 real seconds, 0 bytes read per connection
Execution 34
s_time: verify depth is 1
4897 connections in 5.50s; 890.36 connections/user sec, bytes read 0
4897 connections in 11 real seconds, 0 bytes read per connection
Execution 35
s_time: verify depth is 1
4708 connections in 5.55s; 848.29 connections/user sec, bytes read 0
4708 connections in 11 real seconds, 0 bytes read per connection
Execution 36
s_time: verify depth is 1
4744 connections in 5.44s; 872.06 connections/user sec, bytes read 0
4744 connections in 11 real seconds, 0 bytes read per connection
Execution 37
s_time: verify depth is 1
4767 connections in 5.53s; 862.03 connections/user sec, bytes read 0
4767 connections in 11 real seconds, 0 bytes read per connection
Execution 38
s_time: verify depth is 1
4815 connections in 5.45s; 883.49 connections/user sec, bytes read 0
4815 connections in 11 real seconds, 0 bytes read per connection
Execution 39
s_time: verify depth is 1
4591 connections in 5.50s; 834.73 connections/user sec, bytes read 0
4591 connections in 11 real seconds, 0 bytes read per connection
Execution 40
s_time: verify depth is 1
4878 connections in 5.46s; 893.41 connections/user sec, bytes read 0
4878 connections in 11 real seconds, 0 bytes read per connection
Execution 41
s_time: verify depth is 1
4935 connections in 5.42s; 910.52 connections/user sec, bytes read 0
4935 connections in 11 real seconds, 0 bytes read per connection
Execution 42
s_time: verify depth is 1
4874 connections in 5.36s; 909.33 connections/user sec, bytes read 0
4874 connections in 11 real seconds, 0 bytes read per connection
Execution 43
s_time: verify depth is 1
4859 connections in 5.49s; 885.06 connections/user sec, bytes read 0
4859 connections in 11 real seconds, 0 bytes read per connection
Execution 44
s_time: verify depth is 1
4583 connections in 5.55s; 825.77 connections/user sec, bytes read 0
4583 connections in 11 real seconds, 0 bytes read per connection
Execution 45
s_time: verify depth is 1
4820 connections in 5.50s; 876.36 connections/user sec, bytes read 0
4820 connections in 11 real seconds, 0 bytes read per connection
Execution 46
s_time: verify depth is 1
4532 connections in 5.40s; 839.26 connections/user sec, bytes read 0
4532 connections in 11 real seconds, 0 bytes read per connection
Execution 47
s_time: verify depth is 1
4774 connections in 5.47s; 872.76 connections/user sec, bytes read 0
4774 connections in 11 real seconds, 0 bytes read per connection
Execution 48
s_time: verify depth is 1
4808 connections in 5.54s; 867.87 connections/user sec, bytes read 0
4808 connections in 11 real seconds, 0 bytes read per connection
Execution 49
s_time: verify depth is 1
4812 connections in 5.46s; 881.32 connections/user sec, bytes read 0
4812 connections in 11 real seconds, 0 bytes read per connection
Execution 50
s_time: verify depth is 1
4640 connections in 5.52s; 840.58 connections/user sec, bytes read 0
4640 connections in 11 real seconds, 0 bytes read per connection
tc
Showing qdisc status for the interface: lo
qdisc netem 8009: root refcnt 2 limit 1000
 Sent 0 bytes 0 pkt (dropped 0, overlimits 0 requeues 0) 
 backlog 0b 0p requeues 0
-----
-----
Certificate request self-signature ok
subject=CN=localhost
Running /opt/oqssa/bin/perftestServer.sh with SIG_ALG=ed25519 and KEM_ALG=p256_mlkem512

Using default temp DH parameters
ACCEPT
Execution 1
s_time: verify depth is 1
1462 connections in 5.29s; 276.37 connections/user sec, bytes read 0
1462 connections in 11 real seconds, 0 bytes read per connection
Execution 2
s_time: verify depth is 1
1917 connections in 5.92s; 323.82 connections/user sec, bytes read 0
1917 connections in 11 real seconds, 0 bytes read per connection
Execution 3
s_time: verify depth is 1
1913 connections in 5.91s; 323.69 connections/user sec, bytes read 0
1913 connections in 11 real seconds, 0 bytes read per connection
Execution 4
s_time: verify depth is 1
1922 connections in 5.91s; 325.21 connections/user sec, bytes read 0
1922 connections in 11 real seconds, 0 bytes read per connection
Execution 5
s_time: verify depth is 1
1741 connections in 5.98s; 291.14 connections/user sec, bytes read 0
1741 connections in 11 real seconds, 0 bytes read per connection
Execution 6
s_time: verify depth is 1
1813 connections in 5.86s; 309.39 connections/user sec, bytes read 0
1813 connections in 11 real seconds, 0 bytes read per connection
Execution 7
s_time: verify depth is 1
1894 connections in 5.95s; 318.32 connections/user sec, bytes read 0
1894 connections in 11 real seconds, 0 bytes read per connection
Execution 8
s_time: verify depth is 1
1889 connections in 5.82s; 324.57 connections/user sec, bytes read 0
1889 connections in 11 real seconds, 0 bytes read per connection
Execution 9
s_time: verify depth is 1
1910 connections in 5.86s; 325.94 connections/user sec, bytes read 0
1910 connections in 11 real seconds, 0 bytes read per connection
Execution 10
s_time: verify depth is 1
1830 connections in 5.83s; 313.89 connections/user sec, bytes read 0
1830 connections in 11 real seconds, 0 bytes read per connection
Execution 11
s_time: verify depth is 1
1825 connections in 5.87s; 310.90 connections/user sec, bytes read 0
1825 connections in 11 real seconds, 0 bytes read per connection
Execution 12
s_time: verify depth is 1
1869 connections in 5.86s; 318.94 connections/user sec, bytes read 0
1869 connections in 11 real seconds, 0 bytes read per connection
Execution 13
s_time: verify depth is 1
1859 connections in 5.88s; 316.16 connections/user sec, bytes read 0
1859 connections in 11 real seconds, 0 bytes read per connection
Execution 14
s_time: verify depth is 1
1868 connections in 5.91s; 316.07 connections/user sec, bytes read 0
1868 connections in 11 real seconds, 0 bytes read per connection
Execution 15
s_time: verify depth is 1
1908 connections in 5.86s; 325.60 connections/user sec, bytes read 0
1908 connections in 11 real seconds, 0 bytes read per connection
Execution 16
s_time: verify depth is 1
1829 connections in 5.84s; 313.18 connections/user sec, bytes read 0
1829 connections in 11 real seconds, 0 bytes read per connection
Execution 17
s_time: verify depth is 1
1819 connections in 5.87s; 309.88 connections/user sec, bytes read 0
1819 connections in 11 real seconds, 0 bytes read per connection
Execution 18
s_time: verify depth is 1
1903 connections in 5.85s; 325.30 connections/user sec, bytes read 0
1903 connections in 11 real seconds, 0 bytes read per connection
Execution 19
s_time: verify depth is 1
1895 connections in 5.91s; 320.64 connections/user sec, bytes read 0
1895 connections in 11 real seconds, 0 bytes read per connection
Execution 20
s_time: verify depth is 1
1913 connections in 5.88s; 325.34 connections/user sec, bytes read 0
1913 connections in 11 real seconds, 0 bytes read per connection
Execution 21
s_time: verify depth is 1
1918 connections in 5.92s; 323.99 connections/user sec, bytes read 0
1918 connections in 11 real seconds, 0 bytes read per connection
Execution 22
s_time: verify depth is 1
1788 connections in 5.86s; 305.12 connections/user sec, bytes read 0
1788 connections in 11 real seconds, 0 bytes read per connection
Execution 23
s_time: verify depth is 1
1858 connections in 5.86s; 317.06 connections/user sec, bytes read 0
1858 connections in 11 real seconds, 0 bytes read per connection
Execution 24
s_time: verify depth is 1
1858 connections in 5.93s; 313.32 connections/user sec, bytes read 0
1858 connections in 11 real seconds, 0 bytes read per connection
Execution 25
s_time: verify depth is 1
1917 connections in 5.88s; 326.02 connections/user sec, bytes read 0
1917 connections in 11 real seconds, 0 bytes read per connection
Execution 26
s_time: verify depth is 1
1898 connections in 5.84s; 325.00 connections/user sec, bytes read 0
1898 connections in 11 real seconds, 0 bytes read per connection
Execution 27
s_time: verify depth is 1
1917 connections in 5.85s; 327.69 connections/user sec, bytes read 0
1917 connections in 11 real seconds, 0 bytes read per connection
Execution 28
s_time: verify depth is 1
1820 connections in 5.86s; 310.58 connections/user sec, bytes read 0
1820 connections in 11 real seconds, 0 bytes read per connection
Execution 29
s_time: verify depth is 1
1808 connections in 5.83s; 310.12 connections/user sec, bytes read 0
1808 connections in 11 real seconds, 0 bytes read per connection
Execution 30
s_time: verify depth is 1
1907 connections in 5.89s; 323.77 connections/user sec, bytes read 0
1907 connections in 11 real seconds, 0 bytes read per connection
Execution 31
s_time: verify depth is 1
1925 connections in 5.83s; 330.19 connections/user sec, bytes read 0
1925 connections in 11 real seconds, 0 bytes read per connection
Execution 32
s_time: verify depth is 1
1865 connections in 5.86s; 318.26 connections/user sec, bytes read 0
1865 connections in 11 real seconds, 0 bytes read per connection
Execution 33
s_time: verify depth is 1
1524 connections in 5.87s; 259.63 connections/user sec, bytes read 0
1524 connections in 11 real seconds, 0 bytes read per connection
Execution 34
s_time: verify depth is 1
1731 connections in 5.88s; 294.39 connections/user sec, bytes read 0
1731 connections in 11 real seconds, 0 bytes read per connection
Execution 35
s_time: verify depth is 1
1812 connections in 5.83s; 310.81 connections/user sec, bytes read 0
1812 connections in 11 real seconds, 0 bytes read per connection
Execution 36
s_time: verify depth is 1
1861 connections in 5.88s; 316.50 connections/user sec, bytes read 0
1861 connections in 11 real seconds, 0 bytes read per connection
Execution 37
s_time: verify depth is 1
1823 connections in 5.85s; 311.62 connections/user sec, bytes read 0
1823 connections in 11 real seconds, 0 bytes read per connection
Execution 38
s_time: verify depth is 1
1808 connections in 5.88s; 307.48 connections/user sec, bytes read 0
1808 connections in 11 real seconds, 0 bytes read per connection
Execution 39
s_time: verify depth is 1
1798 connections in 5.86s; 306.83 connections/user sec, bytes read 0
1798 connections in 11 real seconds, 0 bytes read per connection
Execution 40
s_time: verify depth is 1
1888 connections in 5.87s; 321.64 connections/user sec, bytes read 0
1888 connections in 11 real seconds, 0 bytes read per connection
Execution 41
s_time: verify depth is 1
1843 connections in 5.86s; 314.51 connections/user sec, bytes read 0
1843 connections in 11 real seconds, 0 bytes read per connection
Execution 42
s_time: verify depth is 1
1894 connections in 5.83s; 324.87 connections/user sec, bytes read 0
1894 connections in 11 real seconds, 0 bytes read per connection
Execution 43
s_time: verify depth is 1
1846 connections in 5.86s; 315.02 connections/user sec, bytes read 0
1846 connections in 11 real seconds, 0 bytes read per connection
Execution 44
s_time: verify depth is 1
1756 connections in 5.89s; 298.13 connections/user sec, bytes read 0
1756 connections in 11 real seconds, 0 bytes read per connection
Execution 45
s_time: verify depth is 1
1903 connections in 5.88s; 323.64 connections/user sec, bytes read 0
1903 connections in 11 real seconds, 0 bytes read per connection
Execution 46
s_time: verify depth is 1
1912 connections in 5.89s; 324.62 connections/user sec, bytes read 0
1912 connections in 11 real seconds, 0 bytes read per connection
Execution 47
s_time: verify depth is 1
1848 connections in 5.83s; 316.98 connections/user sec, bytes read 0
1848 connections in 11 real seconds, 0 bytes read per connection
Execution 48
s_time: verify depth is 1
1889 connections in 5.92s; 319.09 connections/user sec, bytes read 0
1889 connections in 11 real seconds, 0 bytes read per connection
Execution 49
s_time: verify depth is 1
1921 connections in 5.90s; 325.59 connections/user sec, bytes read 0
1921 connections in 11 real seconds, 0 bytes read per connection
Execution 50
s_time: verify depth is 1
1746 connections in 5.89s; 296.43 connections/user sec, bytes read 0
1746 connections in 11 real seconds, 0 bytes read per connection
tc
Showing qdisc status for the interface: lo
qdisc netem 8008: root refcnt 2 limit 1000
 Sent 0 bytes 0 pkt (dropped 0, overlimits 0 requeues 0) 
 backlog 0b 0p requeues 0
-----
-----
Certificate request self-signature ok
subject=CN=localhost
Running /opt/oqssa/bin/perftestServer.sh with SIG_ALG=ed25519 and KEM_ALG=mlkem512

Using default temp DH parameters
ACCEPT
Execution 1
s_time: verify depth is 1
5070 connections in 5.30s; 956.60 connections/user sec, bytes read 0
5070 connections in 11 real seconds, 0 bytes read per connection
Execution 2
s_time: verify depth is 1
5570 connections in 5.60s; 994.64 connections/user sec, bytes read 0
5570 connections in 11 real seconds, 0 bytes read per connection
Execution 3
s_time: verify depth is 1
5862 connections in 5.71s; 1026.62 connections/user sec, bytes read 0
5862 connections in 11 real seconds, 0 bytes read per connection
Execution 4
s_time: verify depth is 1
6030 connections in 5.67s; 1063.49 connections/user sec, bytes read 0
6030 connections in 11 real seconds, 0 bytes read per connection
Execution 5
s_time: verify depth is 1
6053 connections in 5.76s; 1050.87 connections/user sec, bytes read 0
6053 connections in 11 real seconds, 0 bytes read per connection
Execution 6
s_time: verify depth is 1
5612 connections in 5.68s; 988.03 connections/user sec, bytes read 0
5612 connections in 11 real seconds, 0 bytes read per connection
Execution 7
s_time: verify depth is 1
5579 connections in 5.77s; 966.90 connections/user sec, bytes read 0
5579 connections in 11 real seconds, 0 bytes read per connection
Execution 8
s_time: verify depth is 1
4981 connections in 5.73s; 869.28 connections/user sec, bytes read 0
4981 connections in 11 real seconds, 0 bytes read per connection
Execution 9
s_time: verify depth is 1
5038 connections in 5.75s; 876.17 connections/user sec, bytes read 0
5038 connections in 11 real seconds, 0 bytes read per connection
Execution 10
s_time: verify depth is 1
5888 connections in 5.68s; 1036.62 connections/user sec, bytes read 0
5888 connections in 11 real seconds, 0 bytes read per connection
Execution 11
s_time: verify depth is 1
5613 connections in 5.69s; 986.47 connections/user sec, bytes read 0
5613 connections in 11 real seconds, 0 bytes read per connection
Execution 12
s_time: verify depth is 1
5722 connections in 5.70s; 1003.86 connections/user sec, bytes read 0
5722 connections in 11 real seconds, 0 bytes read per connection
Execution 13
s_time: verify depth is 1
5617 connections in 5.66s; 992.40 connections/user sec, bytes read 0
5617 connections in 11 real seconds, 0 bytes read per connection
Execution 14
s_time: verify depth is 1
5408 connections in 5.62s; 962.28 connections/user sec, bytes read 0
5408 connections in 11 real seconds, 0 bytes read per connection
Execution 15
s_time: verify depth is 1
5764 connections in 5.64s; 1021.99 connections/user sec, bytes read 0
5764 connections in 11 real seconds, 0 bytes read per connection
Execution 16
s_time: verify depth is 1
5866 connections in 5.70s; 1029.12 connections/user sec, bytes read 0
5866 connections in 11 real seconds, 0 bytes read per connection
Execution 17
s_time: verify depth is 1
5386 connections in 5.62s; 958.36 connections/user sec, bytes read 0
5386 connections in 11 real seconds, 0 bytes read per connection
Execution 18
s_time: verify depth is 1
5842 connections in 5.68s; 1028.52 connections/user sec, bytes read 0
5842 connections in 11 real seconds, 0 bytes read per connection
Execution 19
s_time: verify depth is 1
5783 connections in 5.70s; 1014.56 connections/user sec, bytes read 0
5783 connections in 11 real seconds, 0 bytes read per connection
Execution 20
s_time: verify depth is 1
5784 connections in 5.68s; 1018.31 connections/user sec, bytes read 0
5784 connections in 11 real seconds, 0 bytes read per connection
Execution 21
s_time: verify depth is 1
5923 connections in 5.65s; 1048.32 connections/user sec, bytes read 0
5923 connections in 11 real seconds, 0 bytes read per connection
Execution 22
s_time: verify depth is 1
5201 connections in 5.52s; 942.21 connections/user sec, bytes read 0
5201 connections in 11 real seconds, 0 bytes read per connection
Execution 23
s_time: verify depth is 1
5601 connections in 5.67s; 987.83 connections/user sec, bytes read 0
5601 connections in 11 real seconds, 0 bytes read per connection
Execution 24
s_time: verify depth is 1
5879 connections in 5.66s; 1038.69 connections/user sec, bytes read 0
5879 connections in 11 real seconds, 0 bytes read per connection
Execution 25
s_time: verify depth is 1
5931 connections in 5.74s; 1033.28 connections/user sec, bytes read 0
5931 connections in 11 real seconds, 0 bytes read per connection
Execution 26
s_time: verify depth is 1
5911 connections in 5.62s; 1051.78 connections/user sec, bytes read 0
5911 connections in 11 real seconds, 0 bytes read per connection
Execution 27
s_time: verify depth is 1
5837 connections in 5.67s; 1029.45 connections/user sec, bytes read 0
5837 connections in 11 real seconds, 0 bytes read per connection
Execution 28
s_time: verify depth is 1
5405 connections in 5.49s; 984.52 connections/user sec, bytes read 0
5405 connections in 11 real seconds, 0 bytes read per connection
Execution 29
s_time: verify depth is 1
5898 connections in 5.40s; 1092.22 connections/user sec, bytes read 0
5898 connections in 11 real seconds, 0 bytes read per connection
Execution 30
s_time: verify depth is 1
6023 connections in 5.42s; 1111.25 connections/user sec, bytes read 0
6023 connections in 11 real seconds, 0 bytes read per connection
Execution 31
s_time: verify depth is 1
5986 connections in 5.54s; 1080.51 connections/user sec, bytes read 0
5986 connections in 11 real seconds, 0 bytes read per connection
Execution 32
s_time: verify depth is 1
5899 connections in 5.39s; 1094.43 connections/user sec, bytes read 0
5899 connections in 11 real seconds, 0 bytes read per connection
Execution 33
s_time: verify depth is 1
5647 connections in 5.44s; 1038.05 connections/user sec, bytes read 0
5647 connections in 11 real seconds, 0 bytes read per connection
Execution 34
s_time: verify depth is 1
6057 connections in 5.50s; 1101.27 connections/user sec, bytes read 0
6057 connections in 11 real seconds, 0 bytes read per connection
Execution 35
s_time: verify depth is 1
6034 connections in 5.42s; 1113.28 connections/user sec, bytes read 0
6034 connections in 11 real seconds, 0 bytes read per connection
Execution 36
s_time: verify depth is 1
6113 connections in 5.52s; 1107.43 connections/user sec, bytes read 0
6113 connections in 11 real seconds, 0 bytes read per connection
Execution 37
s_time: verify depth is 1
6146 connections in 5.52s; 1113.41 connections/user sec, bytes read 0
6146 connections in 11 real seconds, 0 bytes read per connection
Execution 38
s_time: verify depth is 1
5814 connections in 5.50s; 1057.09 connections/user sec, bytes read 0
5814 connections in 11 real seconds, 0 bytes read per connection
Execution 39
s_time: verify depth is 1
5618 connections in 5.44s; 1032.72 connections/user sec, bytes read 0
5618 connections in 11 real seconds, 0 bytes read per connection
Execution 40
s_time: verify depth is 1
5984 connections in 5.41s; 1106.10 connections/user sec, bytes read 0
5984 connections in 11 real seconds, 0 bytes read per connection
Execution 41
s_time: verify depth is 1
5901 connections in 5.45s; 1082.75 connections/user sec, bytes read 0
5901 connections in 11 real seconds, 0 bytes read per connection
Execution 42
s_time: verify depth is 1
5812 connections in 5.40s; 1076.30 connections/user sec, bytes read 0
5812 connections in 11 real seconds, 0 bytes read per connection
Execution 43
s_time: verify depth is 1
6087 connections in 5.48s; 1110.77 connections/user sec, bytes read 0
6087 connections in 11 real seconds, 0 bytes read per connection
Execution 44
s_time: verify depth is 1
5697 connections in 5.46s; 1043.41 connections/user sec, bytes read 0
5697 connections in 11 real seconds, 0 bytes read per connection
Execution 45
s_time: verify depth is 1
6085 connections in 5.45s; 1116.51 connections/user sec, bytes read 0
6085 connections in 11 real seconds, 0 bytes read per connection
Execution 46
s_time: verify depth is 1
6059 connections in 5.48s; 1105.66 connections/user sec, bytes read 0
6059 connections in 11 real seconds, 0 bytes read per connection
Execution 47
s_time: verify depth is 1
6118 connections in 5.54s; 1104.33 connections/user sec, bytes read 0
6118 connections in 11 real seconds, 0 bytes read per connection
Execution 48
s_time: verify depth is 1
5632 connections in 5.46s; 1031.50 connections/user sec, bytes read 0
5632 connections in 11 real seconds, 0 bytes read per connection
Execution 49
s_time: verify depth is 1
5691 connections in 5.42s; 1050.00 connections/user sec, bytes read 0
5691 connections in 11 real seconds, 0 bytes read per connection
Execution 50
s_time: verify depth is 1
5645 connections in 5.51s; 1024.50 connections/user sec, bytes read 0
5645 connections in 11 real seconds, 0 bytes read per connection
tc
Showing qdisc status for the interface: lo
qdisc netem 800d: root refcnt 2 limit 1000
 Sent 0 bytes 0 pkt (dropped 0, overlimits 0 requeues 0) 
 backlog 0b 0p requeues 0
-----
-----
Certificate request self-signature ok
subject=CN=localhost
Running /opt/oqssa/bin/perftestServer.sh with SIG_ALG=ed25519 and KEM_ALG=x25519_hqc128

Using default temp DH parameters
ACCEPT
Execution 1
s_time: verify depth is 1
413 connections in 6.17s; 66.94 connections/user sec, bytes read 0
413 connections in 11 real seconds, 0 bytes read per connection
Execution 2
s_time: verify depth is 1
484 connections in 6.25s; 77.44 connections/user sec, bytes read 0
484 connections in 11 real seconds, 0 bytes read per connection
Execution 3
s_time: verify depth is 1
501 connections in 6.30s; 79.52 connections/user sec, bytes read 0
501 connections in 11 real seconds, 0 bytes read per connection
Execution 4
s_time: verify depth is 1
504 connections in 6.26s; 80.51 connections/user sec, bytes read 0
504 connections in 11 real seconds, 0 bytes read per connection
Execution 5
s_time: verify depth is 1
501 connections in 6.25s; 80.16 connections/user sec, bytes read 0
501 connections in 11 real seconds, 0 bytes read per connection
Execution 6
s_time: verify depth is 1
481 connections in 6.24s; 77.08 connections/user sec, bytes read 0
481 connections in 11 real seconds, 0 bytes read per connection
Execution 7
s_time: verify depth is 1
469 connections in 6.22s; 75.40 connections/user sec, bytes read 0
469 connections in 11 real seconds, 0 bytes read per connection
Execution 8
s_time: verify depth is 1
486 connections in 6.21s; 78.26 connections/user sec, bytes read 0
486 connections in 11 real seconds, 0 bytes read per connection
Execution 9
s_time: verify depth is 1
479 connections in 6.29s; 76.15 connections/user sec, bytes read 0
479 connections in 11 real seconds, 0 bytes read per connection
Execution 10
s_time: verify depth is 1
505 connections in 6.30s; 80.16 connections/user sec, bytes read 0
505 connections in 11 real seconds, 0 bytes read per connection
Execution 11
s_time: verify depth is 1
483 connections in 6.26s; 77.16 connections/user sec, bytes read 0
483 connections in 11 real seconds, 0 bytes read per connection
Execution 12
s_time: verify depth is 1
499 connections in 6.30s; 79.21 connections/user sec, bytes read 0
499 connections in 11 real seconds, 0 bytes read per connection
Execution 13
s_time: verify depth is 1
505 connections in 6.30s; 80.16 connections/user sec, bytes read 0
505 connections in 11 real seconds, 0 bytes read per connection
Execution 14
s_time: verify depth is 1
479 connections in 6.24s; 76.76 connections/user sec, bytes read 0
479 connections in 11 real seconds, 0 bytes read per connection
Execution 15
s_time: verify depth is 1
502 connections in 6.27s; 80.06 connections/user sec, bytes read 0
502 connections in 11 real seconds, 0 bytes read per connection
Execution 16
s_time: verify depth is 1
480 connections in 6.25s; 76.80 connections/user sec, bytes read 0
480 connections in 11 real seconds, 0 bytes read per connection
Execution 17
s_time: verify depth is 1
473 connections in 6.28s; 75.32 connections/user sec, bytes read 0
473 connections in 11 real seconds, 0 bytes read per connection
Execution 18
s_time: verify depth is 1
489 connections in 6.28s; 77.87 connections/user sec, bytes read 0
489 connections in 11 real seconds, 0 bytes read per connection
Execution 19
s_time: verify depth is 1
490 connections in 6.21s; 78.90 connections/user sec, bytes read 0
490 connections in 11 real seconds, 0 bytes read per connection
Execution 20
s_time: verify depth is 1
500 connections in 6.21s; 80.52 connections/user sec, bytes read 0
500 connections in 11 real seconds, 0 bytes read per connection
Execution 21
s_time: verify depth is 1
505 connections in 6.29s; 80.29 connections/user sec, bytes read 0
505 connections in 11 real seconds, 0 bytes read per connection
Execution 22
s_time: verify depth is 1
478 connections in 6.24s; 76.60 connections/user sec, bytes read 0
478 connections in 11 real seconds, 0 bytes read per connection
Execution 23
s_time: verify depth is 1
499 connections in 6.24s; 79.97 connections/user sec, bytes read 0
499 connections in 11 real seconds, 0 bytes read per connection
Execution 24
s_time: verify depth is 1
501 connections in 6.26s; 80.03 connections/user sec, bytes read 0
501 connections in 11 real seconds, 0 bytes read per connection
Execution 25
s_time: verify depth is 1
500 connections in 6.24s; 80.13 connections/user sec, bytes read 0
500 connections in 11 real seconds, 0 bytes read per connection
Execution 26
s_time: verify depth is 1
480 connections in 6.31s; 76.07 connections/user sec, bytes read 0
480 connections in 11 real seconds, 0 bytes read per connection
Execution 27
s_time: verify depth is 1
502 connections in 6.29s; 79.81 connections/user sec, bytes read 0
502 connections in 11 real seconds, 0 bytes read per connection
Execution 28
s_time: verify depth is 1
463 connections in 6.25s; 74.08 connections/user sec, bytes read 0
463 connections in 11 real seconds, 0 bytes read per connection
Execution 29
s_time: verify depth is 1
487 connections in 6.26s; 77.80 connections/user sec, bytes read 0
487 connections in 11 real seconds, 0 bytes read per connection
Execution 30
s_time: verify depth is 1
500 connections in 6.26s; 79.87 connections/user sec, bytes read 0
500 connections in 11 real seconds, 0 bytes read per connection
Execution 31
s_time: verify depth is 1
482 connections in 6.24s; 77.24 connections/user sec, bytes read 0
482 connections in 11 real seconds, 0 bytes read per connection
Execution 32
s_time: verify depth is 1
504 connections in 6.27s; 80.38 connections/user sec, bytes read 0
504 connections in 11 real seconds, 0 bytes read per connection
Execution 33
s_time: verify depth is 1
480 connections in 6.19s; 77.54 connections/user sec, bytes read 0
480 connections in 11 real seconds, 0 bytes read per connection
Execution 34
s_time: verify depth is 1
500 connections in 6.24s; 80.13 connections/user sec, bytes read 0
500 connections in 11 real seconds, 0 bytes read per connection
Execution 35
s_time: verify depth is 1
504 connections in 6.31s; 79.87 connections/user sec, bytes read 0
504 connections in 11 real seconds, 0 bytes read per connection
Execution 36
s_time: verify depth is 1
501 connections in 6.22s; 80.55 connections/user sec, bytes read 0
501 connections in 11 real seconds, 0 bytes read per connection
Execution 37
s_time: verify depth is 1
502 connections in 6.24s; 80.45 connections/user sec, bytes read 0
502 connections in 11 real seconds, 0 bytes read per connection
Execution 38
s_time: verify depth is 1
493 connections in 6.25s; 78.88 connections/user sec, bytes read 0
493 connections in 11 real seconds, 0 bytes read per connection
Execution 39
s_time: verify depth is 1
465 connections in 6.26s; 74.28 connections/user sec, bytes read 0
465 connections in 11 real seconds, 0 bytes read per connection
Execution 40
s_time: verify depth is 1
500 connections in 6.22s; 80.39 connections/user sec, bytes read 0
500 connections in 11 real seconds, 0 bytes read per connection
Execution 41
s_time: verify depth is 1
497 connections in 6.27s; 79.27 connections/user sec, bytes read 0
497 connections in 11 real seconds, 0 bytes read per connection
Execution 42
s_time: verify depth is 1
502 connections in 6.26s; 80.19 connections/user sec, bytes read 0
502 connections in 11 real seconds, 0 bytes read per connection
Execution 43
s_time: verify depth is 1
495 connections in 6.23s; 79.45 connections/user sec, bytes read 0
495 connections in 11 real seconds, 0 bytes read per connection
Execution 44
s_time: verify depth is 1
452 connections in 6.28s; 71.97 connections/user sec, bytes read 0
452 connections in 11 real seconds, 0 bytes read per connection
Execution 45
s_time: verify depth is 1
501 connections in 6.27s; 79.90 connections/user sec, bytes read 0
501 connections in 11 real seconds, 0 bytes read per connection
Execution 46
s_time: verify depth is 1
501 connections in 6.22s; 80.55 connections/user sec, bytes read 0
501 connections in 11 real seconds, 0 bytes read per connection
Execution 47
s_time: verify depth is 1
487 connections in 6.23s; 78.17 connections/user sec, bytes read 0
487 connections in 11 real seconds, 0 bytes read per connection
Execution 48
s_time: verify depth is 1
491 connections in 6.25s; 78.56 connections/user sec, bytes read 0
491 connections in 11 real seconds, 0 bytes read per connection
Execution 49
s_time: verify depth is 1
476 connections in 6.32s; 75.32 connections/user sec, bytes read 0
476 connections in 11 real seconds, 0 bytes read per connection
Execution 50
s_time: verify depth is 1
474 connections in 6.18s; 76.70 connections/user sec, bytes read 0
474 connections in 11 real seconds, 0 bytes read per connection
tc
Showing qdisc status for the interface: lo
qdisc netem 800a: root refcnt 2 limit 1000
 Sent 0 bytes 0 pkt (dropped 0, overlimits 0 requeues 0) 
 backlog 0b 0p requeues 0
-----
-----
Certificate request self-signature ok
subject=CN=localhost
Running /opt/oqssa/bin/perftestServer.sh with SIG_ALG=ed25519 and KEM_ALG=p256_hqc128

Using default temp DH parameters
ACCEPT
Execution 1
s_time: verify depth is 1
394 connections in 6.17s; 63.86 connections/user sec, bytes read 0
394 connections in 11 real seconds, 0 bytes read per connection
Execution 2
s_time: verify depth is 1
432 connections in 6.22s; 69.45 connections/user sec, bytes read 0
432 connections in 11 real seconds, 0 bytes read per connection
Execution 3
s_time: verify depth is 1
415 connections in 6.30s; 65.87 connections/user sec, bytes read 0
415 connections in 11 real seconds, 0 bytes read per connection
Execution 4
s_time: verify depth is 1
425 connections in 6.30s; 67.46 connections/user sec, bytes read 0
425 connections in 11 real seconds, 0 bytes read per connection
Execution 5
s_time: verify depth is 1
436 connections in 6.25s; 69.76 connections/user sec, bytes read 0
436 connections in 11 real seconds, 0 bytes read per connection
Execution 6
s_time: verify depth is 1
400 connections in 6.30s; 63.49 connections/user sec, bytes read 0
400 connections in 11 real seconds, 0 bytes read per connection
Execution 7
s_time: verify depth is 1
427 connections in 6.26s; 68.21 connections/user sec, bytes read 0
427 connections in 11 real seconds, 0 bytes read per connection
Execution 8
s_time: verify depth is 1
429 connections in 6.22s; 68.97 connections/user sec, bytes read 0
429 connections in 11 real seconds, 0 bytes read per connection
Execution 9
s_time: verify depth is 1
433 connections in 6.25s; 69.28 connections/user sec, bytes read 0
433 connections in 11 real seconds, 0 bytes read per connection
Execution 10
s_time: verify depth is 1
435 connections in 6.27s; 69.38 connections/user sec, bytes read 0
435 connections in 11 real seconds, 0 bytes read per connection
Execution 11
s_time: verify depth is 1
411 connections in 6.23s; 65.97 connections/user sec, bytes read 0
411 connections in 11 real seconds, 0 bytes read per connection
Execution 12
s_time: verify depth is 1
430 connections in 6.31s; 68.15 connections/user sec, bytes read 0
430 connections in 11 real seconds, 0 bytes read per connection
Execution 13
s_time: verify depth is 1
435 connections in 6.27s; 69.38 connections/user sec, bytes read 0
435 connections in 11 real seconds, 0 bytes read per connection
Execution 14
s_time: verify depth is 1
434 connections in 6.24s; 69.55 connections/user sec, bytes read 0
434 connections in 11 real seconds, 0 bytes read per connection
Execution 15
s_time: verify depth is 1
408 connections in 6.31s; 64.66 connections/user sec, bytes read 0
408 connections in 11 real seconds, 0 bytes read per connection
Execution 16
s_time: verify depth is 1
419 connections in 6.25s; 67.04 connections/user sec, bytes read 0
419 connections in 11 real seconds, 0 bytes read per connection
Execution 17
s_time: verify depth is 1
397 connections in 6.21s; 63.93 connections/user sec, bytes read 0
397 connections in 11 real seconds, 0 bytes read per connection
Execution 18
s_time: verify depth is 1
430 connections in 6.23s; 69.02 connections/user sec, bytes read 0
430 connections in 11 real seconds, 0 bytes read per connection
Execution 19
s_time: verify depth is 1
435 connections in 6.28s; 69.27 connections/user sec, bytes read 0
435 connections in 11 real seconds, 0 bytes read per connection
Execution 20
s_time: verify depth is 1
432 connections in 6.26s; 69.01 connections/user sec, bytes read 0
432 connections in 11 real seconds, 0 bytes read per connection
Execution 21
s_time: verify depth is 1
434 connections in 6.22s; 69.77 connections/user sec, bytes read 0
434 connections in 11 real seconds, 0 bytes read per connection
Execution 22
s_time: verify depth is 1
410 connections in 6.28s; 65.29 connections/user sec, bytes read 0
410 connections in 11 real seconds, 0 bytes read per connection
Execution 23
s_time: verify depth is 1
433 connections in 6.25s; 69.28 connections/user sec, bytes read 0
433 connections in 11 real seconds, 0 bytes read per connection
Execution 24
s_time: verify depth is 1
437 connections in 6.25s; 69.92 connections/user sec, bytes read 0
437 connections in 11 real seconds, 0 bytes read per connection
Execution 25
s_time: verify depth is 1
436 connections in 6.29s; 69.32 connections/user sec, bytes read 0
436 connections in 11 real seconds, 0 bytes read per connection
Execution 26
s_time: verify depth is 1
429 connections in 6.28s; 68.31 connections/user sec, bytes read 0
429 connections in 11 real seconds, 0 bytes read per connection
Execution 27
s_time: verify depth is 1
427 connections in 6.22s; 68.65 connections/user sec, bytes read 0
427 connections in 11 real seconds, 0 bytes read per connection
Execution 28
s_time: verify depth is 1
404 connections in 6.21s; 65.06 connections/user sec, bytes read 0
404 connections in 11 real seconds, 0 bytes read per connection
Execution 29
s_time: verify depth is 1
436 connections in 6.26s; 69.65 connections/user sec, bytes read 0
436 connections in 11 real seconds, 0 bytes read per connection
Execution 30
s_time: verify depth is 1
433 connections in 6.25s; 69.28 connections/user sec, bytes read 0
433 connections in 11 real seconds, 0 bytes read per connection
Execution 31
s_time: verify depth is 1
431 connections in 6.23s; 69.18 connections/user sec, bytes read 0
431 connections in 11 real seconds, 0 bytes read per connection
Execution 32
s_time: verify depth is 1
412 connections in 6.25s; 65.92 connections/user sec, bytes read 0
412 connections in 11 real seconds, 0 bytes read per connection
Execution 33
s_time: verify depth is 1
392 connections in 6.28s; 62.42 connections/user sec, bytes read 0
392 connections in 11 real seconds, 0 bytes read per connection
Execution 34
s_time: verify depth is 1
434 connections in 6.24s; 69.55 connections/user sec, bytes read 0
434 connections in 11 real seconds, 0 bytes read per connection
Execution 35
s_time: verify depth is 1
436 connections in 6.25s; 69.76 connections/user sec, bytes read 0
436 connections in 11 real seconds, 0 bytes read per connection
Execution 36
s_time: verify depth is 1
428 connections in 6.25s; 68.48 connections/user sec, bytes read 0
428 connections in 11 real seconds, 0 bytes read per connection
Execution 37
s_time: verify depth is 1
424 connections in 6.23s; 68.06 connections/user sec, bytes read 0
424 connections in 11 real seconds, 0 bytes read per connection
Execution 38
s_time: verify depth is 1
430 connections in 6.26s; 68.69 connections/user sec, bytes read 0
430 connections in 11 real seconds, 0 bytes read per connection
Execution 39
s_time: verify depth is 1
414 connections in 6.25s; 66.24 connections/user sec, bytes read 0
414 connections in 11 real seconds, 0 bytes read per connection
Execution 40
s_time: verify depth is 1
433 connections in 6.26s; 69.17 connections/user sec, bytes read 0
433 connections in 11 real seconds, 0 bytes read per connection
Execution 41
s_time: verify depth is 1
435 connections in 6.25s; 69.60 connections/user sec, bytes read 0
435 connections in 11 real seconds, 0 bytes read per connection
Execution 42
s_time: verify depth is 1
433 connections in 6.25s; 69.28 connections/user sec, bytes read 0
433 connections in 11 real seconds, 0 bytes read per connection
Execution 43
s_time: verify depth is 1
436 connections in 6.25s; 69.76 connections/user sec, bytes read 0
436 connections in 11 real seconds, 0 bytes read per connection
Execution 44
s_time: verify depth is 1
411 connections in 6.27s; 65.55 connections/user sec, bytes read 0
411 connections in 11 real seconds, 0 bytes read per connection
Execution 45
s_time: verify depth is 1
435 connections in 6.27s; 69.38 connections/user sec, bytes read 0
435 connections in 11 real seconds, 0 bytes read per connection
Execution 46
s_time: verify depth is 1
429 connections in 6.24s; 68.75 connections/user sec, bytes read 0
429 connections in 11 real seconds, 0 bytes read per connection
Execution 47
s_time: verify depth is 1
423 connections in 6.23s; 67.90 connections/user sec, bytes read 0
423 connections in 11 real seconds, 0 bytes read per connection
Execution 48
s_time: verify depth is 1
427 connections in 6.24s; 68.43 connections/user sec, bytes read 0
427 connections in 11 real seconds, 0 bytes read per connection
Execution 49
s_time: verify depth is 1
424 connections in 6.28s; 67.52 connections/user sec, bytes read 0
424 connections in 11 real seconds, 0 bytes read per connection
Execution 50
s_time: verify depth is 1
399 connections in 6.22s; 64.15 connections/user sec, bytes read 0
399 connections in 11 real seconds, 0 bytes read per connection
tc
Showing qdisc status for the interface: lo
qdisc netem 800b: root refcnt 2 limit 1000
 Sent 0 bytes 0 pkt (dropped 0, overlimits 0 requeues 0) 
 backlog 0b 0p requeues 0
-----
-----
Certificate request self-signature ok
subject=CN=localhost
Running /opt/oqssa/bin/perftestServer.sh with SIG_ALG=ed25519 and KEM_ALG=hqc128

Using default temp DH parameters
ACCEPT
Execution 1
s_time: verify depth is 1
383 connections in 5.60s; 68.39 connections/user sec, bytes read 0
383 connections in 11 real seconds, 0 bytes read per connection
Execution 2
s_time: verify depth is 1
509 connections in 6.30s; 80.79 connections/user sec, bytes read 0
509 connections in 11 real seconds, 0 bytes read per connection
Execution 3
s_time: verify depth is 1
510 connections in 6.25s; 81.60 connections/user sec, bytes read 0
510 connections in 11 real seconds, 0 bytes read per connection
Execution 4
s_time: verify depth is 1
516 connections in 6.26s; 82.43 connections/user sec, bytes read 0
516 connections in 11 real seconds, 0 bytes read per connection
Execution 5
s_time: verify depth is 1
512 connections in 6.29s; 81.40 connections/user sec, bytes read 0
512 connections in 11 real seconds, 0 bytes read per connection
Execution 6
s_time: verify depth is 1
501 connections in 6.27s; 79.90 connections/user sec, bytes read 0
501 connections in 11 real seconds, 0 bytes read per connection
Execution 7
s_time: verify depth is 1
512 connections in 6.28s; 81.53 connections/user sec, bytes read 0
512 connections in 11 real seconds, 0 bytes read per connection
Execution 8
s_time: verify depth is 1
515 connections in 6.28s; 82.01 connections/user sec, bytes read 0
515 connections in 11 real seconds, 0 bytes read per connection
Execution 9
s_time: verify depth is 1
508 connections in 6.25s; 81.28 connections/user sec, bytes read 0
508 connections in 11 real seconds, 0 bytes read per connection
Execution 10
s_time: verify depth is 1
510 connections in 6.29s; 81.08 connections/user sec, bytes read 0
510 connections in 11 real seconds, 0 bytes read per connection
Execution 11
s_time: verify depth is 1
498 connections in 6.23s; 79.94 connections/user sec, bytes read 0
498 connections in 11 real seconds, 0 bytes read per connection
Execution 12
s_time: verify depth is 1
499 connections in 6.18s; 80.74 connections/user sec, bytes read 0
499 connections in 11 real seconds, 0 bytes read per connection
Execution 13
s_time: verify depth is 1
509 connections in 6.22s; 81.83 connections/user sec, bytes read 0
509 connections in 11 real seconds, 0 bytes read per connection
Execution 14
s_time: verify depth is 1
514 connections in 6.32s; 81.33 connections/user sec, bytes read 0
514 connections in 11 real seconds, 0 bytes read per connection
Execution 15
s_time: verify depth is 1
497 connections in 6.21s; 80.03 connections/user sec, bytes read 0
497 connections in 11 real seconds, 0 bytes read per connection
Execution 16
s_time: verify depth is 1
505 connections in 6.28s; 80.41 connections/user sec, bytes read 0
505 connections in 11 real seconds, 0 bytes read per connection
Execution 17
s_time: verify depth is 1
500 connections in 6.26s; 79.87 connections/user sec, bytes read 0
500 connections in 11 real seconds, 0 bytes read per connection
Execution 18
s_time: verify depth is 1
513 connections in 6.30s; 81.43 connections/user sec, bytes read 0
513 connections in 11 real seconds, 0 bytes read per connection
Execution 19
s_time: verify depth is 1
492 connections in 6.33s; 77.73 connections/user sec, bytes read 0
492 connections in 11 real seconds, 0 bytes read per connection
Execution 20
s_time: verify depth is 1
511 connections in 6.28s; 81.37 connections/user sec, bytes read 0
511 connections in 11 real seconds, 0 bytes read per connection
Execution 21
s_time: verify depth is 1
500 connections in 6.30s; 79.37 connections/user sec, bytes read 0
500 connections in 11 real seconds, 0 bytes read per connection
Execution 22
s_time: verify depth is 1
495 connections in 6.26s; 79.07 connections/user sec, bytes read 0
495 connections in 11 real seconds, 0 bytes read per connection
Execution 23
s_time: verify depth is 1
507 connections in 6.22s; 81.51 connections/user sec, bytes read 0
507 connections in 11 real seconds, 0 bytes read per connection
Execution 24
s_time: verify depth is 1
496 connections in 6.32s; 78.48 connections/user sec, bytes read 0
496 connections in 11 real seconds, 0 bytes read per connection
Execution 25
s_time: verify depth is 1
503 connections in 6.27s; 80.22 connections/user sec, bytes read 0
503 connections in 11 real seconds, 0 bytes read per connection
Execution 26
s_time: verify depth is 1
514 connections in 6.28s; 81.85 connections/user sec, bytes read 0
514 connections in 11 real seconds, 0 bytes read per connection
Execution 27
s_time: verify depth is 1
510 connections in 6.28s; 81.21 connections/user sec, bytes read 0
510 connections in 11 real seconds, 0 bytes read per connection
Execution 28
s_time: verify depth is 1
495 connections in 6.27s; 78.95 connections/user sec, bytes read 0
495 connections in 11 real seconds, 0 bytes read per connection
Execution 29
s_time: verify depth is 1
515 connections in 6.28s; 82.01 connections/user sec, bytes read 0
515 connections in 11 real seconds, 0 bytes read per connection
Execution 30
s_time: verify depth is 1
505 connections in 6.27s; 80.54 connections/user sec, bytes read 0
505 connections in 11 real seconds, 0 bytes read per connection
Execution 31
s_time: verify depth is 1
502 connections in 6.27s; 80.06 connections/user sec, bytes read 0
502 connections in 11 real seconds, 0 bytes read per connection
Execution 32
s_time: verify depth is 1
470 connections in 6.27s; 74.96 connections/user sec, bytes read 0
470 connections in 11 real seconds, 0 bytes read per connection
Execution 33
s_time: verify depth is 1
500 connections in 6.24s; 80.13 connections/user sec, bytes read 0
500 connections in 11 real seconds, 0 bytes read per connection
Execution 34
s_time: verify depth is 1
512 connections in 6.29s; 81.40 connections/user sec, bytes read 0
512 connections in 11 real seconds, 0 bytes read per connection
Execution 35
s_time: verify depth is 1
511 connections in 6.30s; 81.11 connections/user sec, bytes read 0
511 connections in 11 real seconds, 0 bytes read per connection
Execution 36
s_time: verify depth is 1
512 connections in 6.29s; 81.40 connections/user sec, bytes read 0
512 connections in 11 real seconds, 0 bytes read per connection
Execution 37
s_time: verify depth is 1
491 connections in 6.24s; 78.69 connections/user sec, bytes read 0
491 connections in 11 real seconds, 0 bytes read per connection
Execution 38
s_time: verify depth is 1
511 connections in 6.31s; 80.98 connections/user sec, bytes read 0
511 connections in 11 real seconds, 0 bytes read per connection
Execution 39
s_time: verify depth is 1
500 connections in 6.31s; 79.24 connections/user sec, bytes read 0
500 connections in 11 real seconds, 0 bytes read per connection
Execution 40
s_time: verify depth is 1
511 connections in 6.28s; 81.37 connections/user sec, bytes read 0
511 connections in 11 real seconds, 0 bytes read per connection
Execution 41
s_time: verify depth is 1
498 connections in 6.30s; 79.05 connections/user sec, bytes read 0
498 connections in 11 real seconds, 0 bytes read per connection
Execution 42
s_time: verify depth is 1
505 connections in 6.28s; 80.41 connections/user sec, bytes read 0
505 connections in 11 real seconds, 0 bytes read per connection
Execution 43
s_time: verify depth is 1
512 connections in 6.28s; 81.53 connections/user sec, bytes read 0
512 connections in 11 real seconds, 0 bytes read per connection
Execution 44
s_time: verify depth is 1
497 connections in 6.27s; 79.27 connections/user sec, bytes read 0
497 connections in 11 real seconds, 0 bytes read per connection
Execution 45
s_time: verify depth is 1
514 connections in 6.31s; 81.46 connections/user sec, bytes read 0
514 connections in 11 real seconds, 0 bytes read per connection
Execution 46
s_time: verify depth is 1
514 connections in 6.29s; 81.72 connections/user sec, bytes read 0
514 connections in 11 real seconds, 0 bytes read per connection
Execution 47
s_time: verify depth is 1
507 connections in 6.26s; 80.99 connections/user sec, bytes read 0
507 connections in 11 real seconds, 0 bytes read per connection
Execution 48
s_time: verify depth is 1
514 connections in 6.29s; 81.72 connections/user sec, bytes read 0
514 connections in 11 real seconds, 0 bytes read per connection
Execution 49
s_time: verify depth is 1
492 connections in 6.37s; 77.24 connections/user sec, bytes read 0
492 connections in 11 real seconds, 0 bytes read per connection
Execution 50
s_time: verify depth is 1
499 connections in 6.28s; 79.46 connections/user sec, bytes read 0
499 connections in 11 real seconds, 0 bytes read per connection
(base) joseamontenegromontes@MacBook-Pro-de-Jose hqc % 
