tc
Mostrando el estado de qdisc para la interfaz: lo
qdisc netem 82d6: root refcnt 2 limit 1000 loss 0.5%
 Sent 0 bytes 0 pkt (dropped 0, overlimits 0 requeues 0) 
 backlog 0b 0p requeues 0
-----
-----
Certificate request self-signature ok
subject=CN=localhost
Running /opt/oqssa/bin/perftestServer.sh with SIG_ALG=ed25519 and KEM_ALG=P-256

Using default temp DH parameters
ACCEPT
Execution 1
s_time: verify depth is 1
677 connections in 0.71s; 953.52 connections/user sec, bytes read 0
677 connections in 11 real seconds, 0 bytes read per connection
Execution 2
s_time: verify depth is 1
547 connections in 0.60s; 911.67 connections/user sec, bytes read 0
547 connections in 11 real seconds, 0 bytes read per connection
Execution 3
s_time: verify depth is 1
780 connections in 0.76s; 1026.32 connections/user sec, bytes read 0
780 connections in 11 real seconds, 0 bytes read per connection
Execution 4
s_time: verify depth is 1
755 connections in 0.74s; 1020.27 connections/user sec, bytes read 0
755 connections in 11 real seconds, 0 bytes read per connection
Execution 5
s_time: verify depth is 1
535 connections in 0.54s; 990.74 connections/user sec, bytes read 0
535 connections in 12 real seconds, 0 bytes read per connection
Execution 6
s_time: verify depth is 1
1102 connections in 1.10s; 1001.82 connections/user sec, bytes read 0
1102 connections in 11 real seconds, 0 bytes read per connection
Execution 7
s_time: verify depth is 1
1408 connections in 1.39s; 1012.95 connections/user sec, bytes read 0
1408 connections in 11 real seconds, 0 bytes read per connection
Execution 8
s_time: verify depth is 1
624 connections in 0.66s; 945.45 connections/user sec, bytes read 0
624 connections in 14 real seconds, 0 bytes read per connection
Execution 9
s_time: verify depth is 1
971 connections in 0.99s; 980.81 connections/user sec, bytes read 0
971 connections in 11 real seconds, 0 bytes read per connection
Execution 10
s_time: verify depth is 1
1066 connections in 1.09s; 977.98 connections/user sec, bytes read 0
1066 connections in 11 real seconds, 0 bytes read per connection
Execution 11
s_time: verify depth is 1
539 connections in 0.54s; 998.15 connections/user sec, bytes read 0
539 connections in 13 real seconds, 0 bytes read per connection
Execution 12
s_time: verify depth is 1
1281 connections in 1.25s; 1024.80 connections/user sec, bytes read 0
1281 connections in 11 real seconds, 0 bytes read per connection
Execution 13
s_time: verify depth is 1
677 connections in 0.68s; 995.59 connections/user sec, bytes read 0
677 connections in 11 real seconds, 0 bytes read per connection
Execution 14
s_time: verify depth is 1
814 connections in 0.81s; 1004.94 connections/user sec, bytes read 0
814 connections in 14 real seconds, 0 bytes read per connection
Execution 15
s_time: verify depth is 1
928 connections in 0.92s; 1008.70 connections/user sec, bytes read 0
928 connections in 11 real seconds, 0 bytes read per connection
Execution 16
s_time: verify depth is 1
921 connections in 0.94s; 979.79 connections/user sec, bytes read 0
921 connections in 11 real seconds, 0 bytes read per connection
Execution 17
s_time: verify depth is 1
666 connections in 0.67s; 994.03 connections/user sec, bytes read 0
666 connections in 14 real seconds, 0 bytes read per connection
Execution 18
s_time: verify depth is 1
1254 connections in 1.24s; 1011.29 connections/user sec, bytes read 0
1254 connections in 11 real seconds, 0 bytes read per connection
Execution 19
s_time: verify depth is 1
624 connections in 0.63s; 990.48 connections/user sec, bytes read 0
624 connections in 11 real seconds, 0 bytes read per connection
Execution 20
s_time: verify depth is 1
737 connections in 0.74s; 995.95 connections/user sec, bytes read 0
737 connections in 14 real seconds, 0 bytes read per connection
Execution 21
s_time: verify depth is 1
447 connections in 0.46s; 971.74 connections/user sec, bytes read 0
447 connections in 11 real seconds, 0 bytes read per connection
Execution 22
s_time: verify depth is 1
699 connections in 0.69s; 1013.04 connections/user sec, bytes read 0
699 connections in 11 real seconds, 0 bytes read per connection
Execution 23
s_time: verify depth is 1
785 connections in 0.76s; 1032.89 connections/user sec, bytes read 0
785 connections in 14 real seconds, 0 bytes read per connection
Execution 24
s_time: verify depth is 1
819 connections in 0.79s; 1036.71 connections/user sec, bytes read 0
819 connections in 11 real seconds, 0 bytes read per connection
Execution 25
s_time: verify depth is 1
791 connections in 0.80s; 988.75 connections/user sec, bytes read 0
791 connections in 11 real seconds, 0 bytes read per connection
Execution 26
s_time: verify depth is 1
524 connections in 0.51s; 1027.45 connections/user sec, bytes read 0
524 connections in 13 real seconds, 0 bytes read per connection
Execution 27
s_time: verify depth is 1
601 connections in 0.61s; 985.25 connections/user sec, bytes read 0
601 connections in 11 real seconds, 0 bytes read per connection
Execution 28
s_time: verify depth is 1
1112 connections in 1.08s; 1029.63 connections/user sec, bytes read 0
1112 connections in 11 real seconds, 0 bytes read per connection
Execution 29
s_time: verify depth is 1
789 connections in 0.79s; 998.73 connections/user sec, bytes read 0
789 connections in 14 real seconds, 0 bytes read per connection
Execution 30
s_time: verify depth is 1
489 connections in 0.50s; 978.00 connections/user sec, bytes read 0
489 connections in 11 real seconds, 0 bytes read per connection
Execution 31
s_time: verify depth is 1
1158 connections in 1.17s; 989.74 connections/user sec, bytes read 0
1158 connections in 11 real seconds, 0 bytes read per connection
Execution 32
s_time: verify depth is 1
743 connections in 0.74s; 1004.05 connections/user sec, bytes read 0
743 connections in 15 real seconds, 0 bytes read per connection
Execution 33
s_time: verify depth is 1
695 connections in 0.73s; 952.05 connections/user sec, bytes read 0
695 connections in 11 real seconds, 0 bytes read per connection
Execution 34
s_time: verify depth is 1
663 connections in 0.67s; 989.55 connections/user sec, bytes read 0
663 connections in 11 real seconds, 0 bytes read per connection
Execution 35
s_time: verify depth is 1
811 connections in 0.80s; 1013.75 connections/user sec, bytes read 0
811 connections in 13 real seconds, 0 bytes read per connection
Execution 36
s_time: verify depth is 1
712 connections in 0.72s; 988.89 connections/user sec, bytes read 0
712 connections in 11 real seconds, 0 bytes read per connection
Execution 37
s_time: verify depth is 1
932 connections in 0.92s; 1013.04 connections/user sec, bytes read 0
932 connections in 11 real seconds, 0 bytes read per connection
Execution 38
s_time: verify depth is 1
607 connections in 0.60s; 1011.67 connections/user sec, bytes read 0
607 connections in 14 real seconds, 0 bytes read per connection
Execution 39
s_time: verify depth is 1
346 connections in 0.40s; 865.00 connections/user sec, bytes read 0
346 connections in 12 real seconds, 0 bytes read per connection
Execution 40
s_time: verify depth is 1
657 connections in 0.64s; 1026.56 connections/user sec, bytes read 0
657 connections in 12 real seconds, 0 bytes read per connection
Execution 41
s_time: verify depth is 1
896 connections in 0.89s; 1006.74 connections/user sec, bytes read 0
896 connections in 14 real seconds, 0 bytes read per connection
Execution 42
s_time: verify depth is 1
430 connections in 0.44s; 977.27 connections/user sec, bytes read 0
430 connections in 11 real seconds, 0 bytes read per connection
Execution 43
s_time: verify depth is 1
880 connections in 0.90s; 977.78 connections/user sec, bytes read 0
880 connections in 11 real seconds, 0 bytes read per connection
Execution 44
s_time: verify depth is 1
401 connections in 0.40s; 1002.50 connections/user sec, bytes read 0
401 connections in 12 real seconds, 0 bytes read per connection
Execution 45
s_time: verify depth is 1
617 connections in 0.63s; 979.37 connections/user sec, bytes read 0
617 connections in 11 real seconds, 0 bytes read per connection
Execution 46
s_time: verify depth is 1
762 connections in 0.77s; 989.61 connections/user sec, bytes read 0
762 connections in 11 real seconds, 0 bytes read per connection
Execution 47
s_time: verify depth is 1
941 connections in 0.96s; 980.21 connections/user sec, bytes read 0
941 connections in 13 real seconds, 0 bytes read per connection
Execution 48
s_time: verify depth is 1
473 connections in 0.47s; 1006.38 connections/user sec, bytes read 0
473 connections in 11 real seconds, 0 bytes read per connection
Execution 49
s_time: verify depth is 1
540 connections in 0.55s; 981.82 connections/user sec, bytes read 0
540 connections in 11 real seconds, 0 bytes read per connection
Execution 50
s_time: verify depth is 1
834 connections in 0.85s; 981.18 connections/user sec, bytes read 0
834 connections in 15 real seconds, 0 bytes read per connection
tc
Mostrando el estado de qdisc para la interfaz: lo
qdisc netem 82d7: root refcnt 2 limit 1000 loss 0.5%
 Sent 0 bytes 0 pkt (dropped 0, overlimits 0 requeues 0) 
 backlog 0b 0p requeues 0
-----
-----
Certificate request self-signature ok
subject=CN=localhost
Running /opt/oqssa/bin/perftestServer.sh with SIG_ALG=ed25519 and KEM_ALG=X25519

Using default temp DH parameters
ACCEPT
Execution 1
s_time: verify depth is 1
291 connections in 0.25s; 1164.00 connections/user sec, bytes read 0
291 connections in 11 real seconds, 0 bytes read per connection
Execution 2
s_time: verify depth is 1
1013 connections in 0.86s; 1177.91 connections/user sec, bytes read 0
1013 connections in 11 real seconds, 0 bytes read per connection
Execution 3
s_time: verify depth is 1
806 connections in 0.70s; 1151.43 connections/user sec, bytes read 0
806 connections in 11 real seconds, 0 bytes read per connection
Execution 4
s_time: verify depth is 1
522 connections in 0.45s; 1160.00 connections/user sec, bytes read 0
522 connections in 11 real seconds, 0 bytes read per connection
Execution 5
s_time: verify depth is 1
738 connections in 0.61s; 1209.84 connections/user sec, bytes read 0
738 connections in 11 real seconds, 0 bytes read per connection
Execution 6
s_time: verify depth is 1
716 connections in 0.60s; 1193.33 connections/user sec, bytes read 0
716 connections in 11 real seconds, 0 bytes read per connection
Execution 7
s_time: verify depth is 1
762 connections in 0.63s; 1209.52 connections/user sec, bytes read 0
762 connections in 12 real seconds, 0 bytes read per connection
Execution 8
s_time: verify depth is 1
766 connections in 0.65s; 1178.46 connections/user sec, bytes read 0
766 connections in 11 real seconds, 0 bytes read per connection
Execution 9
s_time: verify depth is 1
984 connections in 0.84s; 1171.43 connections/user sec, bytes read 0
984 connections in 11 real seconds, 0 bytes read per connection
Execution 10
s_time: verify depth is 1
545 connections in 0.46s; 1184.78 connections/user sec, bytes read 0
545 connections in 14 real seconds, 0 bytes read per connection
Execution 11
s_time: verify depth is 1
911 connections in 0.76s; 1198.68 connections/user sec, bytes read 0
911 connections in 11 real seconds, 0 bytes read per connection
Execution 12
s_time: verify depth is 1
944 connections in 0.81s; 1165.43 connections/user sec, bytes read 0
944 connections in 11 real seconds, 0 bytes read per connection
Execution 13
s_time: verify depth is 1
811 connections in 0.73s; 1110.96 connections/user sec, bytes read 0
811 connections in 13 real seconds, 0 bytes read per connection
Execution 14
s_time: verify depth is 1
862 connections in 0.72s; 1197.22 connections/user sec, bytes read 0
862 connections in 11 real seconds, 0 bytes read per connection
Execution 15
s_time: verify depth is 1
836 connections in 0.69s; 1211.59 connections/user sec, bytes read 0
836 connections in 11 real seconds, 0 bytes read per connection
Execution 16
s_time: verify depth is 1
621 connections in 0.53s; 1171.70 connections/user sec, bytes read 0
621 connections in 14 real seconds, 0 bytes read per connection
Execution 17
s_time: verify depth is 1
1096 connections in 0.92s; 1191.30 connections/user sec, bytes read 0
1096 connections in 11 real seconds, 0 bytes read per connection
Execution 18
s_time: verify depth is 1
1000 connections in 0.86s; 1162.79 connections/user sec, bytes read 0
1000 connections in 11 real seconds, 0 bytes read per connection
Execution 19
s_time: verify depth is 1
658 connections in 0.57s; 1154.39 connections/user sec, bytes read 0
658 connections in 14 real seconds, 0 bytes read per connection
Execution 20
s_time: verify depth is 1
1000 connections in 0.87s; 1149.43 connections/user sec, bytes read 0
1000 connections in 11 real seconds, 0 bytes read per connection
Execution 21
s_time: verify depth is 1
778 connections in 0.65s; 1196.92 connections/user sec, bytes read 0
778 connections in 11 real seconds, 0 bytes read per connection
Execution 22
s_time: verify depth is 1
895 connections in 0.82s; 1091.46 connections/user sec, bytes read 0
895 connections in 15 real seconds, 0 bytes read per connection
Execution 23
s_time: verify depth is 1
754 connections in 0.66s; 1142.42 connections/user sec, bytes read 0
754 connections in 11 real seconds, 0 bytes read per connection
Execution 24
s_time: verify depth is 1
748 connections in 0.62s; 1206.45 connections/user sec, bytes read 0
748 connections in 11 real seconds, 0 bytes read per connection
Execution 25
s_time: verify depth is 1
479 connections in 0.40s; 1197.50 connections/user sec, bytes read 0
479 connections in 13 real seconds, 0 bytes read per connection
Execution 26
s_time: verify depth is 1
752 connections in 0.66s; 1139.39 connections/user sec, bytes read 0
752 connections in 11 real seconds, 0 bytes read per connection
Execution 27
s_time: verify depth is 1
794 connections in 0.67s; 1185.07 connections/user sec, bytes read 0
794 connections in 11 real seconds, 0 bytes read per connection
Execution 28
s_time: verify depth is 1
556 connections in 0.50s; 1112.00 connections/user sec, bytes read 0
556 connections in 14 real seconds, 0 bytes read per connection
Execution 29
s_time: verify depth is 1
521 connections in 0.45s; 1157.78 connections/user sec, bytes read 0
521 connections in 11 real seconds, 0 bytes read per connection
Execution 30
s_time: verify depth is 1
1287 connections in 1.10s; 1170.00 connections/user sec, bytes read 0
1287 connections in 11 real seconds, 0 bytes read per connection
Execution 31
s_time: verify depth is 1
738 connections in 0.63s; 1171.43 connections/user sec, bytes read 0
738 connections in 14 real seconds, 0 bytes read per connection
Execution 32
s_time: verify depth is 1
691 connections in 0.59s; 1171.19 connections/user sec, bytes read 0
691 connections in 11 real seconds, 0 bytes read per connection
Execution 33
s_time: verify depth is 1
687 connections in 0.58s; 1184.48 connections/user sec, bytes read 0
687 connections in 11 real seconds, 0 bytes read per connection
Execution 34
s_time: verify depth is 1
887 connections in 0.75s; 1182.67 connections/user sec, bytes read 0
887 connections in 14 real seconds, 0 bytes read per connection
Execution 35
s_time: verify depth is 1
683 connections in 0.57s; 1198.25 connections/user sec, bytes read 0
683 connections in 11 real seconds, 0 bytes read per connection
Execution 36
s_time: verify depth is 1
791 connections in 0.67s; 1180.60 connections/user sec, bytes read 0
791 connections in 11 real seconds, 0 bytes read per connection
Execution 37
s_time: verify depth is 1
621 connections in 0.53s; 1171.70 connections/user sec, bytes read 0
621 connections in 13 real seconds, 0 bytes read per connection
Execution 38
s_time: verify depth is 1
553 connections in 0.52s; 1063.46 connections/user sec, bytes read 0
553 connections in 11 real seconds, 0 bytes read per connection
Execution 39
s_time: verify depth is 1
690 connections in 0.58s; 1189.66 connections/user sec, bytes read 0
690 connections in 11 real seconds, 0 bytes read per connection
Execution 40
s_time: verify depth is 1
971 connections in 0.82s; 1184.15 connections/user sec, bytes read 0
971 connections in 15 real seconds, 0 bytes read per connection
Execution 41
s_time: verify depth is 1
677 connections in 0.59s; 1147.46 connections/user sec, bytes read 0
677 connections in 11 real seconds, 0 bytes read per connection
Execution 42
s_time: verify depth is 1
463 connections in 0.39s; 1187.18 connections/user sec, bytes read 0
463 connections in 11 real seconds, 0 bytes read per connection
Execution 43
s_time: verify depth is 1
743 connections in 0.67s; 1108.96 connections/user sec, bytes read 0
743 connections in 13 real seconds, 0 bytes read per connection
Execution 44
s_time: verify depth is 1
1030 connections in 0.87s; 1183.91 connections/user sec, bytes read 0
1030 connections in 11 real seconds, 0 bytes read per connection
Execution 45
s_time: verify depth is 1
868 connections in 0.73s; 1189.04 connections/user sec, bytes read 0
868 connections in 11 real seconds, 0 bytes read per connection
Execution 46
s_time: verify depth is 1
303 connections in 0.25s; 1212.00 connections/user sec, bytes read 0
303 connections in 14 real seconds, 0 bytes read per connection
Execution 47
s_time: verify depth is 1
655 connections in 0.55s; 1190.91 connections/user sec, bytes read 0
655 connections in 11 real seconds, 0 bytes read per connection
Execution 48
s_time: verify depth is 1
775 connections in 0.65s; 1192.31 connections/user sec, bytes read 0
775 connections in 11 real seconds, 0 bytes read per connection
Execution 49
s_time: verify depth is 1
770 connections in 0.65s; 1184.62 connections/user sec, bytes read 0
770 connections in 14 real seconds, 0 bytes read per connection
Execution 50
s_time: verify depth is 1
1060 connections in 0.89s; 1191.01 connections/user sec, bytes read 0
1060 connections in 11 real seconds, 0 bytes read per connection
tc
Mostrando el estado de qdisc para la interfaz: lo
qdisc netem 82d8: root refcnt 2 limit 1000 loss 0.5%
 Sent 0 bytes 0 pkt (dropped 0, overlimits 0 requeues 0) 
 backlog 0b 0p requeues 0
-----
-----
Certificate request self-signature ok
subject=CN=localhost
Running /opt/oqssa/bin/perftestServer.sh with SIG_ALG=ed25519 and KEM_ALG=p256_mlkem512

Using default temp DH parameters
ACCEPT
Execution 1
s_time: verify depth is 1
892 connections in 2.33s; 382.83 connections/user sec, bytes read 0
892 connections in 11 real seconds, 0 bytes read per connection
Execution 2
s_time: verify depth is 1
508 connections in 1.37s; 370.80 connections/user sec, bytes read 0
508 connections in 11 real seconds, 0 bytes read per connection
Execution 3
s_time: verify depth is 1
457 connections in 1.15s; 397.39 connections/user sec, bytes read 0
457 connections in 11 real seconds, 0 bytes read per connection
Execution 4
s_time: verify depth is 1
733 connections in 1.84s; 398.37 connections/user sec, bytes read 0
733 connections in 11 real seconds, 0 bytes read per connection
Execution 5
s_time: verify depth is 1
587 connections in 1.50s; 391.33 connections/user sec, bytes read 0
587 connections in 11 real seconds, 0 bytes read per connection
Execution 6
s_time: verify depth is 1
397 connections in 1.00s; 397.00 connections/user sec, bytes read 0
397 connections in 11 real seconds, 0 bytes read per connection
Execution 7
s_time: verify depth is 1
520 connections in 1.38s; 376.81 connections/user sec, bytes read 0
520 connections in 11 real seconds, 0 bytes read per connection
Execution 8
s_time: verify depth is 1
627 connections in 1.65s; 380.00 connections/user sec, bytes read 0
627 connections in 11 real seconds, 0 bytes read per connection
Execution 9
s_time: verify depth is 1
230 connections in 0.60s; 383.33 connections/user sec, bytes read 0
230 connections in 11 real seconds, 0 bytes read per connection
Execution 10
s_time: verify depth is 1
561 connections in 1.50s; 374.00 connections/user sec, bytes read 0
561 connections in 11 real seconds, 0 bytes read per connection
Execution 11
s_time: verify depth is 1
635 connections in 1.61s; 394.41 connections/user sec, bytes read 0
635 connections in 11 real seconds, 0 bytes read per connection
Execution 12
s_time: verify depth is 1
728 connections in 1.81s; 402.21 connections/user sec, bytes read 0
728 connections in 15 real seconds, 0 bytes read per connection
Execution 13
s_time: verify depth is 1
907 connections in 2.26s; 401.33 connections/user sec, bytes read 0
907 connections in 11 real seconds, 0 bytes read per connection
Execution 14
s_time: verify depth is 1
205 connections in 0.61s; 336.07 connections/user sec, bytes read 0
205 connections in 11 real seconds, 0 bytes read per connection
Execution 15
s_time: verify depth is 1
254 connections in 0.76s; 334.21 connections/user sec, bytes read 0
254 connections in 11 real seconds, 0 bytes read per connection
Execution 16
s_time: verify depth is 1
632 connections in 1.75s; 361.14 connections/user sec, bytes read 0
632 connections in 11 real seconds, 0 bytes read per connection
Execution 17
s_time: verify depth is 1
593 connections in 1.63s; 363.80 connections/user sec, bytes read 0
593 connections in 11 real seconds, 0 bytes read per connection
Execution 18
s_time: verify depth is 1
600 connections in 1.69s; 355.03 connections/user sec, bytes read 0
600 connections in 11 real seconds, 0 bytes read per connection
Execution 19
s_time: verify depth is 1
517 connections in 1.44s; 359.03 connections/user sec, bytes read 0
517 connections in 11 real seconds, 0 bytes read per connection
Execution 20
s_time: verify depth is 1
309 connections in 0.85s; 363.53 connections/user sec, bytes read 0
309 connections in 12 real seconds, 0 bytes read per connection
Execution 21
s_time: verify depth is 1
546 connections in 1.63s; 334.97 connections/user sec, bytes read 0
546 connections in 11 real seconds, 0 bytes read per connection
Execution 22
s_time: verify depth is 1
594 connections in 1.62s; 366.67 connections/user sec, bytes read 0
594 connections in 11 real seconds, 0 bytes read per connection
Execution 23
s_time: verify depth is 1
1002 connections in 2.80s; 357.86 connections/user sec, bytes read 0
1002 connections in 14 real seconds, 0 bytes read per connection
Execution 24
s_time: verify depth is 1
709 connections in 2.17s; 326.73 connections/user sec, bytes read 0
709 connections in 11 real seconds, 0 bytes read per connection
Execution 25
s_time: verify depth is 1
787 connections in 2.16s; 364.35 connections/user sec, bytes read 0
787 connections in 11 real seconds, 0 bytes read per connection
Execution 26
s_time: verify depth is 1
720 connections in 1.98s; 363.64 connections/user sec, bytes read 0
720 connections in 13 real seconds, 0 bytes read per connection
Execution 27
s_time: verify depth is 1
412 connections in 1.08s; 381.48 connections/user sec, bytes read 0
412 connections in 11 real seconds, 0 bytes read per connection
Execution 28
s_time: verify depth is 1
540 connections in 1.46s; 369.86 connections/user sec, bytes read 0
540 connections in 11 real seconds, 0 bytes read per connection
Execution 29
s_time: verify depth is 1
592 connections in 1.51s; 392.05 connections/user sec, bytes read 0
592 connections in 11 real seconds, 0 bytes read per connection
Execution 30
s_time: verify depth is 1
628 connections in 1.73s; 363.01 connections/user sec, bytes read 0
628 connections in 11 real seconds, 0 bytes read per connection
Execution 31
s_time: verify depth is 1
448 connections in 1.16s; 386.21 connections/user sec, bytes read 0
448 connections in 11 real seconds, 0 bytes read per connection
Execution 32
s_time: verify depth is 1
820 connections in 2.17s; 377.88 connections/user sec, bytes read 0
820 connections in 13 real seconds, 0 bytes read per connection
Execution 33
s_time: verify depth is 1
710 connections in 1.97s; 360.41 connections/user sec, bytes read 0
710 connections in 11 real seconds, 0 bytes read per connection
Execution 34
s_time: verify depth is 1
563 connections in 1.45s; 388.28 connections/user sec, bytes read 0
563 connections in 11 real seconds, 0 bytes read per connection
Execution 35
s_time: verify depth is 1
471 connections in 1.29s; 365.12 connections/user sec, bytes read 0
471 connections in 14 real seconds, 0 bytes read per connection
Execution 36
s_time: verify depth is 1
692 connections in 1.77s; 390.96 connections/user sec, bytes read 0
692 connections in 11 real seconds, 0 bytes read per connection
Execution 37
s_time: verify depth is 1
734 connections in 2.03s; 361.58 connections/user sec, bytes read 0
734 connections in 11 real seconds, 0 bytes read per connection
Execution 38
s_time: verify depth is 1
682 connections in 1.77s; 385.31 connections/user sec, bytes read 0
682 connections in 14 real seconds, 0 bytes read per connection
Execution 39
s_time: verify depth is 1
492 connections in 1.28s; 384.38 connections/user sec, bytes read 0
492 connections in 11 real seconds, 0 bytes read per connection
Execution 40
s_time: verify depth is 1
732 connections in 1.90s; 385.26 connections/user sec, bytes read 0
732 connections in 11 real seconds, 0 bytes read per connection
Execution 41
s_time: verify depth is 1
619 connections in 1.58s; 391.77 connections/user sec, bytes read 0
619 connections in 14 real seconds, 0 bytes read per connection
Execution 42
s_time: verify depth is 1
690 connections in 1.81s; 381.22 connections/user sec, bytes read 0
690 connections in 11 real seconds, 0 bytes read per connection
Execution 43
s_time: verify depth is 1
660 connections in 1.74s; 379.31 connections/user sec, bytes read 0
660 connections in 12 real seconds, 0 bytes read per connection
Execution 44
s_time: verify depth is 1
658 connections in 1.74s; 378.16 connections/user sec, bytes read 0
658 connections in 13 real seconds, 0 bytes read per connection
Execution 45
s_time: verify depth is 1
643 connections in 1.69s; 380.47 connections/user sec, bytes read 0
643 connections in 11 real seconds, 0 bytes read per connection
Execution 46
s_time: verify depth is 1
480 connections in 1.25s; 384.00 connections/user sec, bytes read 0
480 connections in 11 real seconds, 0 bytes read per connection
Execution 47
s_time: verify depth is 1
389 connections in 1.07s; 363.55 connections/user sec, bytes read 0
389 connections in 14 real seconds, 0 bytes read per connection
Execution 48
s_time: verify depth is 1
873 connections in 2.27s; 384.58 connections/user sec, bytes read 0
873 connections in 11 real seconds, 0 bytes read per connection
Execution 49
s_time: verify depth is 1
526 connections in 1.40s; 375.71 connections/user sec, bytes read 0
526 connections in 11 real seconds, 0 bytes read per connection
Execution 50
s_time: verify depth is 1
493 connections in 1.37s; 359.85 connections/user sec, bytes read 0
493 connections in 13 real seconds, 0 bytes read per connection
tc
Mostrando el estado de qdisc para la interfaz: lo
qdisc netem 82d9: root refcnt 2 limit 1000 loss 0.5%
 Sent 0 bytes 0 pkt (dropped 0, overlimits 0 requeues 0) 
 backlog 0b 0p requeues 0
-----
-----
Certificate request self-signature ok
subject=CN=localhost
Running /opt/oqssa/bin/perftestServer.sh with SIG_ALG=ed25519 and KEM_ALG=x25519_mlkem512

Using default temp DH parameters
ACCEPT
Execution 1
s_time: verify depth is 1
979 connections in 1.02s; 959.80 connections/user sec, bytes read 0
979 connections in 11 real seconds, 0 bytes read per connection
Execution 2
s_time: verify depth is 1
281 connections in 0.29s; 968.97 connections/user sec, bytes read 0
281 connections in 11 real seconds, 0 bytes read per connection
Execution 3
s_time: verify depth is 1
552 connections in 0.61s; 904.92 connections/user sec, bytes read 0
552 connections in 13 real seconds, 0 bytes read per connection
Execution 4
s_time: verify depth is 1
454 connections in 0.48s; 945.83 connections/user sec, bytes read 0
454 connections in 11 real seconds, 0 bytes read per connection
Execution 5
s_time: verify depth is 1
1167 connections in 1.21s; 964.46 connections/user sec, bytes read 0
1167 connections in 11 real seconds, 0 bytes read per connection
Execution 6
s_time: verify depth is 1
511 connections in 0.58s; 881.03 connections/user sec, bytes read 0
511 connections in 14 real seconds, 0 bytes read per connection
Execution 7
s_time: verify depth is 1
757 connections in 0.82s; 923.17 connections/user sec, bytes read 0
757 connections in 11 real seconds, 0 bytes read per connection
Execution 8
s_time: verify depth is 1
692 connections in 0.74s; 935.14 connections/user sec, bytes read 0
692 connections in 11 real seconds, 0 bytes read per connection
Execution 9
s_time: verify depth is 1
974 connections in 1.02s; 954.90 connections/user sec, bytes read 0
974 connections in 14 real seconds, 0 bytes read per connection
Execution 10
s_time: verify depth is 1
762 connections in 0.81s; 940.74 connections/user sec, bytes read 0
762 connections in 11 real seconds, 0 bytes read per connection
Execution 11
s_time: verify depth is 1
806 connections in 0.86s; 937.21 connections/user sec, bytes read 0
806 connections in 11 real seconds, 0 bytes read per connection
Execution 12
s_time: verify depth is 1
438 connections in 0.46s; 952.17 connections/user sec, bytes read 0
438 connections in 14 real seconds, 0 bytes read per connection
Execution 13
s_time: verify depth is 1
670 connections in 0.71s; 943.66 connections/user sec, bytes read 0
670 connections in 11 real seconds, 0 bytes read per connection
Execution 14
s_time: verify depth is 1
918 connections in 0.97s; 946.39 connections/user sec, bytes read 0
918 connections in 11 real seconds, 0 bytes read per connection
Execution 15
s_time: verify depth is 1
881 connections in 0.92s; 957.61 connections/user sec, bytes read 0
881 connections in 13 real seconds, 0 bytes read per connection
Execution 16
s_time: verify depth is 1
718 connections in 0.74s; 970.27 connections/user sec, bytes read 0
718 connections in 11 real seconds, 0 bytes read per connection
Execution 17
s_time: verify depth is 1
1307 connections in 1.43s; 913.99 connections/user sec, bytes read 0
1307 connections in 11 real seconds, 0 bytes read per connection
Execution 18
s_time: verify depth is 1
830 connections in 0.89s; 932.58 connections/user sec, bytes read 0
830 connections in 14 real seconds, 0 bytes read per connection
Execution 19
s_time: verify depth is 1
890 connections in 0.94s; 946.81 connections/user sec, bytes read 0
890 connections in 11 real seconds, 0 bytes read per connection
Execution 20
s_time: verify depth is 1
700 connections in 0.76s; 921.05 connections/user sec, bytes read 0
700 connections in 11 real seconds, 0 bytes read per connection
Execution 21
s_time: verify depth is 1
835 connections in 0.87s; 959.77 connections/user sec, bytes read 0
835 connections in 14 real seconds, 0 bytes read per connection
Execution 22
s_time: verify depth is 1
640 connections in 0.70s; 914.29 connections/user sec, bytes read 0
640 connections in 11 real seconds, 0 bytes read per connection
Execution 23
s_time: verify depth is 1
676 connections in 0.77s; 877.92 connections/user sec, bytes read 0
676 connections in 11 real seconds, 0 bytes read per connection
Execution 24
s_time: verify depth is 1
983 connections in 1.03s; 954.37 connections/user sec, bytes read 0
983 connections in 14 real seconds, 0 bytes read per connection
Execution 25
s_time: verify depth is 1
910 connections in 0.99s; 919.19 connections/user sec, bytes read 0
910 connections in 11 real seconds, 0 bytes read per connection
Execution 26
s_time: verify depth is 1
1072 connections in 1.15s; 932.17 connections/user sec, bytes read 0
1072 connections in 11 real seconds, 0 bytes read per connection
Execution 27
s_time: verify depth is 1
890 connections in 0.96s; 927.08 connections/user sec, bytes read 0
890 connections in 12 real seconds, 0 bytes read per connection
Execution 28
s_time: verify depth is 1
930 connections in 1.01s; 920.79 connections/user sec, bytes read 0
930 connections in 11 real seconds, 0 bytes read per connection
Execution 29
s_time: verify depth is 1
1223 connections in 1.32s; 926.52 connections/user sec, bytes read 0
1223 connections in 11 real seconds, 0 bytes read per connection
Execution 30
s_time: verify depth is 1
844 connections in 0.90s; 937.78 connections/user sec, bytes read 0
844 connections in 15 real seconds, 0 bytes read per connection
Execution 31
s_time: verify depth is 1
657 connections in 0.77s; 853.25 connections/user sec, bytes read 0
657 connections in 11 real seconds, 0 bytes read per connection
Execution 32
s_time: verify depth is 1
680 connections in 0.72s; 944.44 connections/user sec, bytes read 0
680 connections in 11 real seconds, 0 bytes read per connection
Execution 33
s_time: verify depth is 1
663 connections in 0.70s; 947.14 connections/user sec, bytes read 0
663 connections in 13 real seconds, 0 bytes read per connection
Execution 34
s_time: verify depth is 1
313 connections in 0.33s; 948.48 connections/user sec, bytes read 0
313 connections in 11 real seconds, 0 bytes read per connection
Execution 35
s_time: verify depth is 1
885 connections in 0.97s; 912.37 connections/user sec, bytes read 0
885 connections in 11 real seconds, 0 bytes read per connection
Execution 36
s_time: verify depth is 1
594 connections in 0.66s; 900.00 connections/user sec, bytes read 0
594 connections in 14 real seconds, 0 bytes read per connection
Execution 37
s_time: verify depth is 1
965 connections in 1.02s; 946.08 connections/user sec, bytes read 0
965 connections in 11 real seconds, 0 bytes read per connection
Execution 38
s_time: verify depth is 1
588 connections in 0.66s; 890.91 connections/user sec, bytes read 0
588 connections in 11 real seconds, 0 bytes read per connection
Execution 39
s_time: verify depth is 1
1146 connections in 1.26s; 909.52 connections/user sec, bytes read 0
1146 connections in 16 real seconds, 0 bytes read per connection
Execution 40
s_time: verify depth is 1
514 connections in 0.54s; 951.85 connections/user sec, bytes read 0
514 connections in 11 real seconds, 0 bytes read per connection
Execution 41
s_time: verify depth is 1
758 connections in 0.86s; 881.40 connections/user sec, bytes read 0
758 connections in 11 real seconds, 0 bytes read per connection
Execution 42
s_time: verify depth is 1
502 connections in 0.52s; 965.38 connections/user sec, bytes read 0
502 connections in 12 real seconds, 0 bytes read per connection
Execution 43
s_time: verify depth is 1
814 connections in 0.88s; 925.00 connections/user sec, bytes read 0
814 connections in 11 real seconds, 0 bytes read per connection
Execution 44
s_time: verify depth is 1
929 connections in 0.97s; 957.73 connections/user sec, bytes read 0
929 connections in 11 real seconds, 0 bytes read per connection
Execution 45
s_time: verify depth is 1
497 connections in 0.54s; 920.37 connections/user sec, bytes read 0
497 connections in 14 real seconds, 0 bytes read per connection
Execution 46
s_time: verify depth is 1
729 connections in 0.78s; 934.62 connections/user sec, bytes read 0
729 connections in 11 real seconds, 0 bytes read per connection
Execution 47
s_time: verify depth is 1
749 connections in 0.80s; 936.25 connections/user sec, bytes read 0
749 connections in 11 real seconds, 0 bytes read per connection
Execution 48
s_time: verify depth is 1
588 connections in 0.64s; 918.75 connections/user sec, bytes read 0
588 connections in 13 real seconds, 0 bytes read per connection
Execution 49
s_time: verify depth is 1
774 connections in 0.82s; 943.90 connections/user sec, bytes read 0
774 connections in 11 real seconds, 0 bytes read per connection
Execution 50
s_time: verify depth is 1
794 connections in 0.82s; 968.29 connections/user sec, bytes read 0
794 connections in 11 real seconds, 0 bytes read per connection
tc
Mostrando el estado de qdisc para la interfaz: lo
qdisc netem 82da: root refcnt 2 limit 1000 loss 0.5%
 Sent 0 bytes 0 pkt (dropped 0, overlimits 0 requeues 0) 
 backlog 0b 0p requeues 0
-----
-----
Certificate request self-signature ok
subject=CN=localhost
Running /opt/oqssa/bin/perftestServer.sh with SIG_ALG=ed25519 and KEM_ALG=mlkem512

Using default temp DH parameters
ACCEPT
Execution 1
s_time: verify depth is 1
706 connections in 0.65s; 1086.15 connections/user sec, bytes read 0
706 connections in 11 real seconds, 0 bytes read per connection
Execution 2
s_time: verify depth is 1
552 connections in 0.51s; 1082.35 connections/user sec, bytes read 0
552 connections in 11 real seconds, 0 bytes read per connection
Execution 3
s_time: verify depth is 1
584 connections in 0.52s; 1123.08 connections/user sec, bytes read 0
584 connections in 11 real seconds, 0 bytes read per connection
Execution 4
s_time: verify depth is 1
511 connections in 0.47s; 1087.23 connections/user sec, bytes read 0
511 connections in 14 real seconds, 0 bytes read per connection
Execution 5
s_time: verify depth is 1
865 connections in 0.79s; 1094.94 connections/user sec, bytes read 0
865 connections in 11 real seconds, 0 bytes read per connection
Execution 6
s_time: verify depth is 1
622 connections in 0.55s; 1130.91 connections/user sec, bytes read 0
622 connections in 11 real seconds, 0 bytes read per connection
Execution 7
s_time: verify depth is 1
1036 connections in 0.92s; 1126.09 connections/user sec, bytes read 0
1036 connections in 15 real seconds, 0 bytes read per connection
Execution 8
s_time: verify depth is 1
709 connections in 0.62s; 1143.55 connections/user sec, bytes read 0
709 connections in 11 real seconds, 0 bytes read per connection
Execution 9
s_time: verify depth is 1
1353 connections in 1.23s; 1100.00 connections/user sec, bytes read 0
1353 connections in 11 real seconds, 0 bytes read per connection
Execution 10
s_time: verify depth is 1
307 connections in 0.27s; 1137.04 connections/user sec, bytes read 0
307 connections in 13 real seconds, 0 bytes read per connection
Execution 11
s_time: verify depth is 1
860 connections in 0.82s; 1048.78 connections/user sec, bytes read 0
860 connections in 12 real seconds, 0 bytes read per connection
Execution 12
s_time: verify depth is 1
664 connections in 0.59s; 1125.42 connections/user sec, bytes read 0
664 connections in 11 real seconds, 0 bytes read per connection
Execution 13
s_time: verify depth is 1
1107 connections in 0.95s; 1165.26 connections/user sec, bytes read 0
1107 connections in 13 real seconds, 0 bytes read per connection
Execution 14
s_time: verify depth is 1
290 connections in 0.28s; 1035.71 connections/user sec, bytes read 0
290 connections in 11 real seconds, 0 bytes read per connection
Execution 15
s_time: verify depth is 1
678 connections in 0.63s; 1076.19 connections/user sec, bytes read 0
678 connections in 11 real seconds, 0 bytes read per connection
Execution 16
s_time: verify depth is 1
1012 connections in 0.94s; 1076.60 connections/user sec, bytes read 0
1012 connections in 11 real seconds, 0 bytes read per connection
Execution 17
s_time: verify depth is 1
284 connections in 0.25s; 1136.00 connections/user sec, bytes read 0
284 connections in 11 real seconds, 0 bytes read per connection
Execution 18
s_time: verify depth is 1
806 connections in 0.74s; 1089.19 connections/user sec, bytes read 0
806 connections in 11 real seconds, 0 bytes read per connection
Execution 19
s_time: verify depth is 1
482 connections in 0.44s; 1095.45 connections/user sec, bytes read 0
482 connections in 11 real seconds, 0 bytes read per connection
Execution 20
s_time: verify depth is 1
360 connections in 0.32s; 1125.00 connections/user sec, bytes read 0
360 connections in 11 real seconds, 0 bytes read per connection
Execution 21
s_time: verify depth is 1
602 connections in 0.55s; 1094.55 connections/user sec, bytes read 0
602 connections in 11 real seconds, 0 bytes read per connection
Execution 22
s_time: verify depth is 1
783 connections in 0.71s; 1102.82 connections/user sec, bytes read 0
783 connections in 11 real seconds, 0 bytes read per connection
Execution 23
s_time: verify depth is 1
710 connections in 0.64s; 1109.38 connections/user sec, bytes read 0
710 connections in 12 real seconds, 0 bytes read per connection
Execution 24
s_time: verify depth is 1
784 connections in 0.71s; 1104.23 connections/user sec, bytes read 0
784 connections in 11 real seconds, 0 bytes read per connection
Execution 25
s_time: verify depth is 1
1033 connections in 0.91s; 1135.16 connections/user sec, bytes read 0
1033 connections in 11 real seconds, 0 bytes read per connection
Execution 26
s_time: verify depth is 1
834 connections in 0.74s; 1127.03 connections/user sec, bytes read 0
834 connections in 14 real seconds, 0 bytes read per connection
Execution 27
s_time: verify depth is 1
1198 connections in 1.09s; 1099.08 connections/user sec, bytes read 0
1198 connections in 11 real seconds, 0 bytes read per connection
Execution 28
s_time: verify depth is 1
687 connections in 0.62s; 1108.06 connections/user sec, bytes read 0
687 connections in 11 real seconds, 0 bytes read per connection
Execution 29
s_time: verify depth is 1
826 connections in 0.79s; 1045.57 connections/user sec, bytes read 0
826 connections in 14 real seconds, 0 bytes read per connection
Execution 30
s_time: verify depth is 1
677 connections in 0.60s; 1128.33 connections/user sec, bytes read 0
677 connections in 11 real seconds, 0 bytes read per connection
Execution 31
s_time: verify depth is 1
628 connections in 0.58s; 1082.76 connections/user sec, bytes read 0
628 connections in 11 real seconds, 0 bytes read per connection
Execution 32
s_time: verify depth is 1
638 connections in 0.59s; 1081.36 connections/user sec, bytes read 0
638 connections in 14 real seconds, 0 bytes read per connection
Execution 33
s_time: verify depth is 1
735 connections in 0.68s; 1080.88 connections/user sec, bytes read 0
735 connections in 11 real seconds, 0 bytes read per connection
Execution 34
s_time: verify depth is 1
667 connections in 0.60s; 1111.67 connections/user sec, bytes read 0
667 connections in 11 real seconds, 0 bytes read per connection
Execution 35
s_time: verify depth is 1
521 connections in 0.47s; 1108.51 connections/user sec, bytes read 0
521 connections in 14 real seconds, 0 bytes read per connection
Execution 36
s_time: verify depth is 1
777 connections in 0.74s; 1050.00 connections/user sec, bytes read 0
777 connections in 11 real seconds, 0 bytes read per connection
Execution 37
s_time: verify depth is 1
1056 connections in 0.97s; 1088.66 connections/user sec, bytes read 0
1056 connections in 11 real seconds, 0 bytes read per connection
Execution 38
s_time: verify depth is 1
590 connections in 0.50s; 1180.00 connections/user sec, bytes read 0
590 connections in 11 real seconds, 0 bytes read per connection
Execution 39
s_time: verify depth is 1
478 connections in 0.42s; 1138.10 connections/user sec, bytes read 0
478 connections in 11 real seconds, 0 bytes read per connection
Execution 40
s_time: verify depth is 1
778 connections in 0.67s; 1161.19 connections/user sec, bytes read 0
778 connections in 11 real seconds, 0 bytes read per connection
Execution 41
s_time: verify depth is 1
1010 connections in 0.89s; 1134.83 connections/user sec, bytes read 0
1010 connections in 11 real seconds, 0 bytes read per connection
Execution 42
s_time: verify depth is 1
734 connections in 0.62s; 1183.87 connections/user sec, bytes read 0
734 connections in 11 real seconds, 0 bytes read per connection
Execution 43
s_time: verify depth is 1
703 connections in 0.62s; 1133.87 connections/user sec, bytes read 0
703 connections in 11 real seconds, 0 bytes read per connection
Execution 44
s_time: verify depth is 1
460 connections in 0.40s; 1150.00 connections/user sec, bytes read 0
460 connections in 11 real seconds, 0 bytes read per connection
Execution 45
s_time: verify depth is 1
1269 connections in 1.13s; 1123.01 connections/user sec, bytes read 0
1269 connections in 11 real seconds, 0 bytes read per connection
Execution 46
s_time: verify depth is 1
811 connections in 0.73s; 1110.96 connections/user sec, bytes read 0
811 connections in 11 real seconds, 0 bytes read per connection
Execution 47
s_time: verify depth is 1
891 connections in 0.79s; 1127.85 connections/user sec, bytes read 0
891 connections in 14 real seconds, 0 bytes read per connection
Execution 48
s_time: verify depth is 1
1076 connections in 0.97s; 1109.28 connections/user sec, bytes read 0
1076 connections in 11 real seconds, 0 bytes read per connection
Execution 49
s_time: verify depth is 1
793 connections in 0.72s; 1101.39 connections/user sec, bytes read 0
793 connections in 11 real seconds, 0 bytes read per connection
Execution 50
s_time: verify depth is 1
474 connections in 0.43s; 1102.33 connections/user sec, bytes read 0
474 connections in 14 real seconds, 0 bytes read per connection