tc
Mostrando el estado de qdisc para la interfaz: lo
qdisc netem 807d: root refcnt 2 limit 1000 loss 0.2%
 Sent 0 bytes 0 pkt (dropped 0, overlimits 0 requeues 0) 
 backlog 0b 0p requeues 0
Certificate request self-signature ok
subject=CN=localhost
Running /opt/oqssa/bin/perftestServerECDSA.sh with SIG_ALG=secp384r1 and KEM_ALG=P-384

Using default temp DH parameters
ACCEPT
Execution 1
s_time: verify depth is 1
707 connections in 4.50s; 157.11 connections/user sec, bytes read 0
707 connections in 11 real seconds, 0 bytes read per connection
Execution 2
s_time: verify depth is 1
786 connections in 4.97s; 158.15 connections/user sec, bytes read 0
786 connections in 11 real seconds, 0 bytes read per connection
Execution 3
s_time: verify depth is 1
382 connections in 2.56s; 149.22 connections/user sec, bytes read 0
382 connections in 12 real seconds, 0 bytes read per connection
Execution 4
s_time: verify depth is 1
673 connections in 4.32s; 155.79 connections/user sec, bytes read 0
673 connections in 11 real seconds, 0 bytes read per connection
Execution 5
s_time: verify depth is 1
612 connections in 3.96s; 154.55 connections/user sec, bytes read 0
612 connections in 11 real seconds, 0 bytes read per connection
Execution 6
s_time: verify depth is 1
712 connections in 4.69s; 151.81 connections/user sec, bytes read 0
712 connections in 14 real seconds, 0 bytes read per connection
Execution 7
s_time: verify depth is 1
485 connections in 3.04s; 159.54 connections/user sec, bytes read 0
485 connections in 11 real seconds, 0 bytes read per connection
Execution 8
s_time: verify depth is 1
828 connections in 5.33s; 155.35 connections/user sec, bytes read 0
828 connections in 11 real seconds, 0 bytes read per connection
Execution 9
s_time: verify depth is 1
722 connections in 4.69s; 153.94 connections/user sec, bytes read 0
722 connections in 13 real seconds, 0 bytes read per connection
Execution 10
s_time: verify depth is 1
422 connections in 2.66s; 158.65 connections/user sec, bytes read 0
422 connections in 11 real seconds, 0 bytes read per connection
Execution 11
s_time: verify depth is 1
647 connections in 4.18s; 154.78 connections/user sec, bytes read 0
647 connections in 11 real seconds, 0 bytes read per connection
Execution 12
s_time: verify depth is 1
790 connections in 5.10s; 154.90 connections/user sec, bytes read 0
790 connections in 11 real seconds, 0 bytes read per connection
Execution 13
s_time: verify depth is 1
546 connections in 3.51s; 155.56 connections/user sec, bytes read 0
546 connections in 11 real seconds, 0 bytes read per connection
Execution 14
s_time: verify depth is 1
648 connections in 4.19s; 154.65 connections/user sec, bytes read 0
648 connections in 11 real seconds, 0 bytes read per connection
Execution 15
s_time: verify depth is 1
711 connections in 4.65s; 152.90 connections/user sec, bytes read 0
711 connections in 11 real seconds, 0 bytes read per connection
Execution 16
s_time: verify depth is 1
439 connections in 2.97s; 147.81 connections/user sec, bytes read 0
439 connections in 11 real seconds, 0 bytes read per connection
Execution 17
s_time: verify depth is 1
742 connections in 4.68s; 158.55 connections/user sec, bytes read 0
742 connections in 11 real seconds, 0 bytes read per connection
Execution 18
s_time: verify depth is 1
723 connections in 4.65s; 155.48 connections/user sec, bytes read 0
723 connections in 11 real seconds, 0 bytes read per connection
Execution 19
s_time: verify depth is 1
324 connections in 2.06s; 157.28 connections/user sec, bytes read 0
324 connections in 11 real seconds, 0 bytes read per connection
Execution 20
s_time: verify depth is 1
710 connections in 4.47s; 158.84 connections/user sec, bytes read 0
710 connections in 11 real seconds, 0 bytes read per connection
Execution 21
s_time: verify depth is 1
734 connections in 4.94s; 148.58 connections/user sec, bytes read 0
734 connections in 11 real seconds, 0 bytes read per connection
Execution 22
s_time: verify depth is 1
768 connections in 4.87s; 157.70 connections/user sec, bytes read 0
768 connections in 12 real seconds, 0 bytes read per connection
Execution 23
s_time: verify depth is 1
641 connections in 4.20s; 152.62 connections/user sec, bytes read 0
641 connections in 11 real seconds, 0 bytes read per connection
Execution 24
s_time: verify depth is 1
739 connections in 4.88s; 151.43 connections/user sec, bytes read 0
739 connections in 11 real seconds, 0 bytes read per connection
Execution 25
s_time: verify depth is 1
690 connections in 4.69s; 147.12 connections/user sec, bytes read 0
690 connections in 14 real seconds, 0 bytes read per connection
Execution 26
s_time: verify depth is 1
600 connections in 3.93s; 152.67 connections/user sec, bytes read 0
600 connections in 11 real seconds, 0 bytes read per connection
Execution 27
s_time: verify depth is 1
536 connections in 3.62s; 148.07 connections/user sec, bytes read 0
536 connections in 11 real seconds, 0 bytes read per connection
Execution 28
s_time: verify depth is 1
800 connections in 5.04s; 158.73 connections/user sec, bytes read 0
800 connections in 13 real seconds, 0 bytes read per connection
Execution 29
s_time: verify depth is 1
802 connections in 5.07s; 158.19 connections/user sec, bytes read 0
802 connections in 11 real seconds, 0 bytes read per connection
Execution 30
s_time: verify depth is 1
652 connections in 4.24s; 153.77 connections/user sec, bytes read 0
652 connections in 11 real seconds, 0 bytes read per connection
Execution 31
s_time: verify depth is 1
495 connections in 3.07s; 161.24 connections/user sec, bytes read 0
495 connections in 11 real seconds, 0 bytes read per connection
Execution 32
s_time: verify depth is 1
472 connections in 3.07s; 153.75 connections/user sec, bytes read 0
472 connections in 11 real seconds, 0 bytes read per connection
Execution 33
s_time: verify depth is 1
903 connections in 5.67s; 159.26 connections/user sec, bytes read 0
903 connections in 11 real seconds, 0 bytes read per connection
Execution 34
s_time: verify depth is 1
714 connections in 4.87s; 146.61 connections/user sec, bytes read 0
714 connections in 11 real seconds, 0 bytes read per connection
Execution 35
s_time: verify depth is 1
544 connections in 3.71s; 146.63 connections/user sec, bytes read 0
544 connections in 11 real seconds, 0 bytes read per connection
Execution 36
s_time: verify depth is 1
676 connections in 4.23s; 159.81 connections/user sec, bytes read 0
676 connections in 11 real seconds, 0 bytes read per connection
Execution 37
s_time: verify depth is 1
670 connections in 4.49s; 149.22 connections/user sec, bytes read 0
670 connections in 11 real seconds, 0 bytes read per connection
Execution 38
s_time: verify depth is 1
436 connections in 2.74s; 159.12 connections/user sec, bytes read 0
436 connections in 11 real seconds, 0 bytes read per connection
Execution 39
s_time: verify depth is 1
851 connections in 5.84s; 145.72 connections/user sec, bytes read 0
851 connections in 11 real seconds, 0 bytes read per connection
Execution 40
s_time: verify depth is 1
929 connections in 6.04s; 153.81 connections/user sec, bytes read 0
929 connections in 11 real seconds, 0 bytes read per connection
Execution 41
s_time: verify depth is 1
655 connections in 4.08s; 160.54 connections/user sec, bytes read 0
655 connections in 12 real seconds, 0 bytes read per connection
Execution 42
s_time: verify depth is 1
525 connections in 3.48s; 150.86 connections/user sec, bytes read 0
525 connections in 11 real seconds, 0 bytes read per connection
Execution 43
s_time: verify depth is 1
741 connections in 4.88s; 151.84 connections/user sec, bytes read 0
741 connections in 11 real seconds, 0 bytes read per connection
Execution 44
s_time: verify depth is 1
873 connections in 5.86s; 148.98 connections/user sec, bytes read 0
873 connections in 14 real seconds, 0 bytes read per connection
Execution 45
s_time: verify depth is 1
676 connections in 4.35s; 155.40 connections/user sec, bytes read 0
676 connections in 11 real seconds, 0 bytes read per connection
Execution 46
s_time: verify depth is 1
743 connections in 4.95s; 150.10 connections/user sec, bytes read 0
743 connections in 11 real seconds, 0 bytes read per connection
Execution 47
s_time: verify depth is 1
728 connections in 5.05s; 144.16 connections/user sec, bytes read 0
728 connections in 13 real seconds, 0 bytes read per connection
Execution 48
s_time: verify depth is 1
607 connections in 4.35s; 139.54 connections/user sec, bytes read 0
607 connections in 11 real seconds, 0 bytes read per connection
Execution 49
s_time: verify depth is 1
723 connections in 4.86s; 148.77 connections/user sec, bytes read 0
723 connections in 11 real seconds, 0 bytes read per connection
Execution 50
s_time: verify depth is 1
817 connections in 5.32s; 153.57 connections/user sec, bytes read 0
817 connections in 11 real seconds, 0 bytes read per connection
tc
Mostrando el estado de qdisc para la interfaz: lo
qdisc netem 807e: root refcnt 2 limit 1000 loss 0.2%
 Sent 0 bytes 0 pkt (dropped 0, overlimits 0 requeues 0) 
 backlog 0b 0p requeues 0
Certificate request self-signature ok
subject=CN=localhost
Running /opt/oqssa/bin/perftestServerECDSA.sh with SIG_ALG=secp384r1 and KEM_ALG=mlkem768

Using default temp DH parameters
ACCEPT
Execution 1
s_time: verify depth is 1
1445 connections in 4.57s; 316.19 connections/user sec, bytes read 0
1445 connections in 11 real seconds, 0 bytes read per connection
Execution 2
s_time: verify depth is 1
1096 connections in 3.72s; 294.62 connections/user sec, bytes read 0
1096 connections in 11 real seconds, 0 bytes read per connection
Execution 3
s_time: verify depth is 1
708 connections in 2.55s; 277.65 connections/user sec, bytes read 0
708 connections in 11 real seconds, 0 bytes read per connection
Execution 4
s_time: verify depth is 1
898 connections in 2.85s; 315.09 connections/user sec, bytes read 0
898 connections in 11 real seconds, 0 bytes read per connection
Execution 5
s_time: verify depth is 1
1076 connections in 3.64s; 295.60 connections/user sec, bytes read 0
1076 connections in 11 real seconds, 0 bytes read per connection
Execution 6
s_time: verify depth is 1
686 connections in 2.33s; 294.42 connections/user sec, bytes read 0
686 connections in 14 real seconds, 0 bytes read per connection
Execution 7
s_time: verify depth is 1
882 connections in 2.91s; 303.09 connections/user sec, bytes read 0
882 connections in 11 real seconds, 0 bytes read per connection
Execution 8
s_time: verify depth is 1
1121 connections in 3.76s; 298.14 connections/user sec, bytes read 0
1121 connections in 11 real seconds, 0 bytes read per connection
Execution 9
s_time: verify depth is 1
1507 connections in 5.04s; 299.01 connections/user sec, bytes read 0
1507 connections in 14 real seconds, 0 bytes read per connection
Execution 10
s_time: verify depth is 1
1348 connections in 4.67s; 288.65 connections/user sec, bytes read 0
1348 connections in 11 real seconds, 0 bytes read per connection
Execution 11
s_time: verify depth is 1
713 connections in 2.45s; 291.02 connections/user sec, bytes read 0
713 connections in 11 real seconds, 0 bytes read per connection
Execution 12
s_time: verify depth is 1
982 connections in 3.37s; 291.39 connections/user sec, bytes read 0
982 connections in 14 real seconds, 0 bytes read per connection
Execution 13
s_time: verify depth is 1
930 connections in 3.04s; 305.92 connections/user sec, bytes read 0
930 connections in 11 real seconds, 0 bytes read per connection
Execution 14
s_time: verify depth is 1
1214 connections in 3.72s; 326.34 connections/user sec, bytes read 0
1214 connections in 11 real seconds, 0 bytes read per connection
Execution 15
s_time: verify depth is 1
1197 connections in 3.82s; 313.35 connections/user sec, bytes read 0
1197 connections in 13 real seconds, 0 bytes read per connection
Execution 16
s_time: verify depth is 1
1108 connections in 3.73s; 297.05 connections/user sec, bytes read 0
1108 connections in 11 real seconds, 0 bytes read per connection
Execution 17
s_time: verify depth is 1
913 connections in 2.84s; 321.48 connections/user sec, bytes read 0
913 connections in 11 real seconds, 0 bytes read per connection
Execution 18
s_time: verify depth is 1
970 connections in 2.99s; 324.41 connections/user sec, bytes read 0
970 connections in 11 real seconds, 0 bytes read per connection
Execution 19
s_time: verify depth is 1
753 connections in 2.56s; 294.14 connections/user sec, bytes read 0
753 connections in 11 real seconds, 0 bytes read per connection
Execution 20
s_time: verify depth is 1
1416 connections in 4.32s; 327.78 connections/user sec, bytes read 0
1416 connections in 11 real seconds, 0 bytes read per connection
Execution 21
s_time: verify depth is 1
729 connections in 2.40s; 303.75 connections/user sec, bytes read 0
729 connections in 11 real seconds, 0 bytes read per connection
Execution 22
s_time: verify depth is 1
494 connections in 1.74s; 283.91 connections/user sec, bytes read 0
494 connections in 11 real seconds, 0 bytes read per connection
Execution 23
s_time: verify depth is 1
1020 connections in 3.34s; 305.39 connections/user sec, bytes read 0
1020 connections in 11 real seconds, 0 bytes read per connection
Execution 24
s_time: verify depth is 1
1700 connections in 5.62s; 302.49 connections/user sec, bytes read 0
1700 connections in 11 real seconds, 0 bytes read per connection
Execution 25
s_time: verify depth is 1
506 connections in 1.60s; 316.25 connections/user sec, bytes read 0
506 connections in 11 real seconds, 0 bytes read per connection
Execution 26
s_time: verify depth is 1
1262 connections in 4.30s; 293.49 connections/user sec, bytes read 0
1262 connections in 11 real seconds, 0 bytes read per connection
Execution 27
s_time: verify depth is 1
1148 connections in 3.76s; 305.32 connections/user sec, bytes read 0
1148 connections in 11 real seconds, 0 bytes read per connection
Execution 28
s_time: verify depth is 1
792 connections in 2.75s; 288.00 connections/user sec, bytes read 0
792 connections in 12 real seconds, 0 bytes read per connection
Execution 29
s_time: verify depth is 1
1307 connections in 4.43s; 295.03 connections/user sec, bytes read 0
1307 connections in 11 real seconds, 0 bytes read per connection
Execution 30
s_time: verify depth is 1
1229 connections in 3.93s; 312.72 connections/user sec, bytes read 0
1229 connections in 11 real seconds, 0 bytes read per connection
Execution 31
s_time: verify depth is 1
1127 connections in 3.59s; 313.93 connections/user sec, bytes read 0
1127 connections in 14 real seconds, 0 bytes read per connection
Execution 32
s_time: verify depth is 1
1037 connections in 3.49s; 297.13 connections/user sec, bytes read 0
1037 connections in 11 real seconds, 0 bytes read per connection
Execution 33
s_time: verify depth is 1
1046 connections in 3.45s; 303.19 connections/user sec, bytes read 0
1046 connections in 11 real seconds, 0 bytes read per connection
Execution 34
s_time: verify depth is 1
781 connections in 2.67s; 292.51 connections/user sec, bytes read 0
781 connections in 13 real seconds, 0 bytes read per connection
Execution 35
s_time: verify depth is 1
787 connections in 2.66s; 295.86 connections/user sec, bytes read 0
787 connections in 11 real seconds, 0 bytes read per connection
Execution 36
s_time: verify depth is 1
1034 connections in 3.43s; 301.46 connections/user sec, bytes read 0
1034 connections in 11 real seconds, 0 bytes read per connection
Execution 37
s_time: verify depth is 1
1118 connections in 3.50s; 319.43 connections/user sec, bytes read 0
1118 connections in 14 real seconds, 0 bytes read per connection
Execution 38
s_time: verify depth is 1
1021 connections in 3.46s; 295.09 connections/user sec, bytes read 0
1021 connections in 11 real seconds, 0 bytes read per connection
Execution 39
s_time: verify depth is 1
1106 connections in 3.52s; 314.20 connections/user sec, bytes read 0
1106 connections in 11 real seconds, 0 bytes read per connection
Execution 40
s_time: verify depth is 1
1417 connections in 4.55s; 311.43 connections/user sec, bytes read 0
1417 connections in 11 real seconds, 0 bytes read per connection
Execution 41
s_time: verify depth is 1
767 connections in 2.84s; 270.07 connections/user sec, bytes read 0
767 connections in 11 real seconds, 0 bytes read per connection
Execution 42
s_time: verify depth is 1
884 connections in 2.66s; 332.33 connections/user sec, bytes read 0
884 connections in 11 real seconds, 0 bytes read per connection
Execution 43
s_time: verify depth is 1
1262 connections in 4.07s; 310.07 connections/user sec, bytes read 0
1262 connections in 11 real seconds, 0 bytes read per connection
Execution 44
s_time: verify depth is 1
628 connections in 2.22s; 282.88 connections/user sec, bytes read 0
628 connections in 11 real seconds, 0 bytes read per connection
Execution 45
s_time: verify depth is 1
1111 connections in 3.73s; 297.86 connections/user sec, bytes read 0
1111 connections in 11 real seconds, 0 bytes read per connection
Execution 46
s_time: verify depth is 1
751 connections in 2.47s; 304.05 connections/user sec, bytes read 0
751 connections in 11 real seconds, 0 bytes read per connection
Execution 47
s_time: verify depth is 1
720 connections in 2.33s; 309.01 connections/user sec, bytes read 0
720 connections in 11 real seconds, 0 bytes read per connection
Execution 48
s_time: verify depth is 1
757 connections in 2.56s; 295.70 connections/user sec, bytes read 0
757 connections in 11 real seconds, 0 bytes read per connection
Execution 49
s_time: verify depth is 1
880 connections in 3.02s; 291.39 connections/user sec, bytes read 0
880 connections in 11 real seconds, 0 bytes read per connection
Execution 50
s_time: verify depth is 1
1025 connections in 3.31s; 309.67 connections/user sec, bytes read 0
tc
Mostrando el estado de qdisc para la interfaz: lo
qdisc netem 809e: root refcnt 2 limit 1000 loss 0.2%
 Sent 0 bytes 0 pkt (dropped 0, overlimits 0 requeues 0) 
 backlog 0b 0p requeues 0
-----
-----
Certificate request self-signature ok
subject=CN=localhost
Running /opt/oqssa/bin/perftestServer.sh with SIG_ALG=mldsa65 and KEM_ALG=P-384

Using default temp DH parameters
ACCEPT
Execution 1
s_time: verify depth is 1
372 connections in 1.70s; 218.82 connections/user sec, bytes read 0
372 connections in 12 real seconds, 0 bytes read per connection
Execution 2
s_time: verify depth is 1
751 connections in 3.48s; 215.80 connections/user sec, bytes read 0
751 connections in 11 real seconds, 0 bytes read per connection
Execution 3
s_time: verify depth is 1
721 connections in 3.09s; 233.33 connections/user sec, bytes read 0
721 connections in 11 real seconds, 0 bytes read per connection
Execution 4
s_time: verify depth is 1
1173 connections in 5.10s; 230.00 connections/user sec, bytes read 0
1173 connections in 13 real seconds, 0 bytes read per connection
Execution 5
s_time: verify depth is 1
1035 connections in 4.63s; 223.54 connections/user sec, bytes read 0
1035 connections in 11 real seconds, 0 bytes read per connection
Execution 6
s_time: verify depth is 1
1030 connections in 4.58s; 224.89 connections/user sec, bytes read 0
1030 connections in 11 real seconds, 0 bytes read per connection
Execution 7
s_time: verify depth is 1
859 connections in 3.87s; 221.96 connections/user sec, bytes read 0
859 connections in 11 real seconds, 0 bytes read per connection
Execution 8
s_time: verify depth is 1
688 connections in 3.20s; 215.00 connections/user sec, bytes read 0
688 connections in 11 real seconds, 0 bytes read per connection
Execution 9
s_time: verify depth is 1
896 connections in 4.06s; 220.69 connections/user sec, bytes read 0
896 connections in 11 real seconds, 0 bytes read per connection
Execution 10
s_time: verify depth is 1
1034 connections in 4.46s; 231.84 connections/user sec, bytes read 0
1034 connections in 11 real seconds, 0 bytes read per connection
Execution 11
s_time: verify depth is 1
632 connections in 2.91s; 217.18 connections/user sec, bytes read 0
632 connections in 11 real seconds, 0 bytes read per connection
Execution 12
s_time: verify depth is 1
1036 connections in 4.52s; 229.20 connections/user sec, bytes read 0
1036 connections in 12 real seconds, 0 bytes read per connection
Execution 13
s_time: verify depth is 1
919 connections in 4.01s; 229.18 connections/user sec, bytes read 0
919 connections in 11 real seconds, 0 bytes read per connection
Execution 14
s_time: verify depth is 1
413 connections in 1.91s; 216.23 connections/user sec, bytes read 0
413 connections in 11 real seconds, 0 bytes read per connection
Execution 15
s_time: verify depth is 1
908 connections in 3.94s; 230.46 connections/user sec, bytes read 0
908 connections in 11 real seconds, 0 bytes read per connection
Execution 16
s_time: verify depth is 1
671 connections in 2.95s; 227.46 connections/user sec, bytes read 0
671 connections in 11 real seconds, 0 bytes read per connection
Execution 17
s_time: verify depth is 1
660 connections in 2.80s; 235.71 connections/user sec, bytes read 0
660 connections in 11 real seconds, 0 bytes read per connection
Execution 18
s_time: verify depth is 1
1052 connections in 4.73s; 222.41 connections/user sec, bytes read 0
1052 connections in 11 real seconds, 0 bytes read per connection
Execution 19
s_time: verify depth is 1
980 connections in 4.27s; 229.51 connections/user sec, bytes read 0
980 connections in 11 real seconds, 0 bytes read per connection
Execution 20
s_time: verify depth is 1
839 connections in 3.82s; 219.63 connections/user sec, bytes read 0
839 connections in 14 real seconds, 0 bytes read per connection
Execution 21
s_time: verify depth is 1
1009 connections in 4.58s; 220.31 connections/user sec, bytes read 0
1009 connections in 11 real seconds, 0 bytes read per connection
Execution 22
s_time: verify depth is 1
823 connections in 3.63s; 226.72 connections/user sec, bytes read 0
823 connections in 11 real seconds, 0 bytes read per connection
Execution 23
s_time: verify depth is 1
1011 connections in 4.46s; 226.68 connections/user sec, bytes read 0
1011 connections in 13 real seconds, 0 bytes read per connection
Execution 24
s_time: verify depth is 1
866 connections in 3.88s; 223.20 connections/user sec, bytes read 0
866 connections in 11 real seconds, 0 bytes read per connection
Execution 25
s_time: verify depth is 1
734 connections in 3.21s; 228.66 connections/user sec, bytes read 0
734 connections in 11 real seconds, 0 bytes read per connection
Execution 26
s_time: verify depth is 1
732 connections in 3.17s; 230.91 connections/user sec, bytes read 0
732 connections in 14 real seconds, 0 bytes read per connection
Execution 27
s_time: verify depth is 1
719 connections in 3.07s; 234.20 connections/user sec, bytes read 0
719 connections in 11 real seconds, 0 bytes read per connection
Execution 28
s_time: verify depth is 1
851 connections in 3.76s; 226.33 connections/user sec, bytes read 0
851 connections in 11 real seconds, 0 bytes read per connection
Execution 29
s_time: verify depth is 1
775 connections in 3.58s; 216.48 connections/user sec, bytes read 0
775 connections in 15 real seconds, 0 bytes read per connection
Execution 30
s_time: verify depth is 1
807 connections in 3.60s; 224.17 connections/user sec, bytes read 0
807 connections in 11 real seconds, 0 bytes read per connection
Execution 31
s_time: verify depth is 1
845 connections in 3.76s; 224.73 connections/user sec, bytes read 0
845 connections in 11 real seconds, 0 bytes read per connection
Execution 32
s_time: verify depth is 1
938 connections in 4.27s; 219.67 connections/user sec, bytes read 0
938 connections in 13 real seconds, 0 bytes read per connection
Execution 33
s_time: verify depth is 1
825 connections in 3.65s; 226.03 connections/user sec, bytes read 0
825 connections in 11 real seconds, 0 bytes read per connection
Execution 34
s_time: verify depth is 1
1090 connections in 4.77s; 228.51 connections/user sec, bytes read 0
1090 connections in 11 real seconds, 0 bytes read per connection
Execution 35
s_time: verify depth is 1
924 connections in 4.11s; 224.82 connections/user sec, bytes read 0
924 connections in 14 real seconds, 0 bytes read per connection
Execution 36
s_time: verify depth is 1
722 connections in 3.19s; 226.33 connections/user sec, bytes read 0
722 connections in 11 real seconds, 0 bytes read per connection
Execution 37
s_time: verify depth is 1
831 connections in 3.67s; 226.43 connections/user sec, bytes read 0
831 connections in 11 real seconds, 0 bytes read per connection
Execution 38
s_time: verify depth is 1
714 connections in 3.20s; 223.12 connections/user sec, bytes read 0
714 connections in 14 real seconds, 0 bytes read per connection
Execution 39
s_time: verify depth is 1
883 connections in 3.82s; 231.15 connections/user sec, bytes read 0
883 connections in 11 real seconds, 0 bytes read per connection
Execution 40
s_time: verify depth is 1
896 connections in 3.84s; 233.33 connections/user sec, bytes read 0
896 connections in 11 real seconds, 0 bytes read per connection
Execution 41
s_time: verify depth is 1
959 connections in 4.56s; 210.31 connections/user sec, bytes read 0
959 connections in 13 real seconds, 0 bytes read per connection
Execution 42
s_time: verify depth is 1
657 connections in 2.89s; 227.34 connections/user sec, bytes read 0
657 connections in 11 real seconds, 0 bytes read per connection
Execution 43
s_time: verify depth is 1
1136 connections in 5.17s; 219.73 connections/user sec, bytes read 0
1136 connections in 11 real seconds, 0 bytes read per connection
Execution 44
s_time: verify depth is 1
969 connections in 4.47s; 216.78 connections/user sec, bytes read 0
969 connections in 11 real seconds, 0 bytes read per connection
Execution 45
s_time: verify depth is 1
628 connections in 2.84s; 221.13 connections/user sec, bytes read 0
628 connections in 11 real seconds, 0 bytes read per connection
Execution 46
s_time: verify depth is 1
783 connections in 3.42s; 228.95 connections/user sec, bytes read 0
783 connections in 11 real seconds, 0 bytes read per connection
Execution 47
s_time: verify depth is 1
1234 connections in 5.76s; 214.24 connections/user sec, bytes read 0
1234 connections in 11 real seconds, 0 bytes read per connection
Execution 48
s_time: verify depth is 1
586 connections in 2.65s; 221.13 connections/user sec, bytes read 0
586 connections in 11 real seconds, 0 bytes read per connection
Execution 49
s_time: verify depth is 1
1147 connections in 5.11s; 224.46 connections/user sec, bytes read 0
1147 connections in 11 real seconds, 0 bytes read per connection
Execution 50
s_time: verify depth is 1
856 connections in 3.91s; 218.93 connections/user sec, bytes read 0
856 connections in 11 real seconds, 0 bytes read per connection
tc
Mostrando el estado de qdisc para la interfaz: lo
qdisc netem 80a6: root refcnt 2 limit 1000 loss 0.2%
 Sent 0 bytes 0 pkt (dropped 0, overlimits 0 requeues 0) 
 backlog 0b 0p requeues 0
-----
-----
Certificate request self-signature ok
subject=CN=localhost
Running /opt/oqssa/bin/perftestServer.sh with SIG_ALG=mldsa65 and KEM_ALG=mlkem768

Using default temp DH parameters
ACCEPT
Execution 1
s_time: verify depth is 1
1535 connections in 1.24s; 1237.90 connections/user sec, bytes read 0
1535 connections in 11 real seconds, 0 bytes read per connection
Execution 2
s_time: verify depth is 1
1504 connections in 1.19s; 1263.87 connections/user sec, bytes read 0
1504 connections in 11 real seconds, 0 bytes read per connection
Execution 3
s_time: verify depth is 1
1615 connections in 1.32s; 1223.48 connections/user sec, bytes read 0
1615 connections in 13 real seconds, 0 bytes read per connection
Execution 4
s_time: verify depth is 1
2667 connections in 2.20s; 1212.27 connections/user sec, bytes read 0
2667 connections in 11 real seconds, 0 bytes read per connection
Execution 5
s_time: verify depth is 1
1998 connections in 1.61s; 1240.99 connections/user sec, bytes read 0
1998 connections in 11 real seconds, 0 bytes read per connection
Execution 6
s_time: verify depth is 1
1835 connections in 1.58s; 1161.39 connections/user sec, bytes read 0
1835 connections in 13 real seconds, 0 bytes read per connection
Execution 7
s_time: verify depth is 1
1780 connections in 1.49s; 1194.63 connections/user sec, bytes read 0
1780 connections in 11 real seconds, 0 bytes read per connection
Execution 8
s_time: verify depth is 1
2670 connections in 2.20s; 1213.64 connections/user sec, bytes read 0
2670 connections in 11 real seconds, 0 bytes read per connection
Execution 9
s_time: verify depth is 1
2808 connections in 2.23s; 1259.19 connections/user sec, bytes read 0
2808 connections in 14 real seconds, 0 bytes read per connection
Execution 10
s_time: verify depth is 1
1434 connections in 1.18s; 1215.25 connections/user sec, bytes read 0
1434 connections in 11 real seconds, 0 bytes read per connection
Execution 11
s_time: verify depth is 1
1682 connections in 1.38s; 1218.84 connections/user sec, bytes read 0
1682 connections in 11 real seconds, 0 bytes read per connection
Execution 12
s_time: verify depth is 1
1576 connections in 1.28s; 1231.25 connections/user sec, bytes read 0
1576 connections in 14 real seconds, 0 bytes read per connection
Execution 13
s_time: verify depth is 1
1501 connections in 1.22s; 1230.33 connections/user sec, bytes read 0
1501 connections in 11 real seconds, 0 bytes read per connection
Execution 14
s_time: verify depth is 1
1806 connections in 1.48s; 1220.27 connections/user sec, bytes read 0
1806 connections in 11 real seconds, 0 bytes read per connection
Execution 15
s_time: verify depth is 1
1287 connections in 1.05s; 1225.71 connections/user sec, bytes read 0
1287 connections in 14 real seconds, 0 bytes read per connection
Execution 16
s_time: verify depth is 1
2478 connections in 2.08s; 1191.35 connections/user sec, bytes read 0
2478 connections in 11 real seconds, 0 bytes read per connection
Execution 17
s_time: verify depth is 1
2378 connections in 1.96s; 1213.27 connections/user sec, bytes read 0
2378 connections in 11 real seconds, 0 bytes read per connection
Execution 18
s_time: verify depth is 1
1010 connections in 0.82s; 1231.71 connections/user sec, bytes read 0
1010 connections in 14 real seconds, 0 bytes read per connection
Execution 19
s_time: verify depth is 1
1415 connections in 1.18s; 1199.15 connections/user sec, bytes read 0
1415 connections in 11 real seconds, 0 bytes read per connection
Execution 20
s_time: verify depth is 1
1479 connections in 1.17s; 1264.10 connections/user sec, bytes read 0
1479 connections in 11 real seconds, 0 bytes read per connection
Execution 21
s_time: verify depth is 1
1592 connections in 1.32s; 1206.06 connections/user sec, bytes read 0
1592 connections in 14 real seconds, 0 bytes read per connection
Execution 22
s_time: verify depth is 1
1376 connections in 1.12s; 1228.57 connections/user sec, bytes read 0
1376 connections in 11 real seconds, 0 bytes read per connection
Execution 23
s_time: verify depth is 1
1314 connections in 1.10s; 1194.55 connections/user sec, bytes read 0
1314 connections in 11 real seconds, 0 bytes read per connection
Execution 24
s_time: verify depth is 1
2060 connections in 1.64s; 1256.10 connections/user sec, bytes read 0
2060 connections in 14 real seconds, 0 bytes read per connection
Execution 25
s_time: verify depth is 1
2163 connections in 1.75s; 1236.00 connections/user sec, bytes read 0
2163 connections in 11 real seconds, 0 bytes read per connection
Execution 26
s_time: verify depth is 1
1927 connections in 1.58s; 1219.62 connections/user sec, bytes read 0
1927 connections in 11 real seconds, 0 bytes read per connection
Execution 27
s_time: verify depth is 1
1446 connections in 1.20s; 1205.00 connections/user sec, bytes read 0
1446 connections in 14 real seconds, 0 bytes read per connection
Execution 28
s_time: verify depth is 1
1906 connections in 1.50s; 1270.67 connections/user sec, bytes read 0
1906 connections in 11 real seconds, 0 bytes read per connection
Execution 29
s_time: verify depth is 1
1096 connections in 0.97s; 1129.90 connections/user sec, bytes read 0
1096 connections in 11 real seconds, 0 bytes read per connection
Execution 30
s_time: verify depth is 1
1482 connections in 1.17s; 1266.67 connections/user sec, bytes read 0
1482 connections in 13 real seconds, 0 bytes read per connection
Execution 31
s_time: verify depth is 1
1550 connections in 1.26s; 1230.16 connections/user sec, bytes read 0
1550 connections in 11 real seconds, 0 bytes read per connection
Execution 32
s_time: verify depth is 1
2233 connections in 1.77s; 1261.58 connections/user sec, bytes read 0
2233 connections in 11 real seconds, 0 bytes read per connection
Execution 33
s_time: verify depth is 1
2459 connections in 1.98s; 1241.92 connections/user sec, bytes read 0
2459 connections in 14 real seconds, 0 bytes read per connection
Execution 34
s_time: verify depth is 1
1514 connections in 1.22s; 1240.98 connections/user sec, bytes read 0
1514 connections in 11 real seconds, 0 bytes read per connection
Execution 35
s_time: verify depth is 1
2280 connections in 1.75s; 1302.86 connections/user sec, bytes read 0
2280 connections in 11 real seconds, 0 bytes read per connection
Execution 36
s_time: verify depth is 1
2107 connections in 1.74s; 1210.92 connections/user sec, bytes read 0
2107 connections in 14 real seconds, 0 bytes read per connection
Execution 37
s_time: verify depth is 1
1282 connections in 1.00s; 1282.00 connections/user sec, bytes read 0
1282 connections in 11 real seconds, 0 bytes read per connection
Execution 38
s_time: verify depth is 1
2322 connections in 1.82s; 1275.82 connections/user sec, bytes read 0
2322 connections in 11 real seconds, 0 bytes read per connection
Execution 39
s_time: verify depth is 1
1393 connections in 1.16s; 1200.86 connections/user sec, bytes read 0
1393 connections in 13 real seconds, 0 bytes read per connection
Execution 40
s_time: verify depth is 1
1151 connections in 0.93s; 1237.63 connections/user sec, bytes read 0
1151 connections in 11 real seconds, 0 bytes read per connection
Execution 41
s_time: verify depth is 1
2261 connections in 1.74s; 1299.43 connections/user sec, bytes read 0
2261 connections in 11 real seconds, 0 bytes read per connection
Execution 42
s_time: verify depth is 1
1855 connections in 1.59s; 1166.67 connections/user sec, bytes read 0
1855 connections in 14 real seconds, 0 bytes read per connection
Execution 43
s_time: verify depth is 1
1794 connections in 1.43s; 1254.55 connections/user sec, bytes read 0
1794 connections in 11 real seconds, 0 bytes read per connection
Execution 44
s_time: verify depth is 1
1704 connections in 1.34s; 1271.64 connections/user sec, bytes read 0
1704 connections in 11 real seconds, 0 bytes read per connection
Execution 45
s_time: verify depth is 1
2137 connections in 1.68s; 1272.02 connections/user sec, bytes read 0
2137 connections in 15 real seconds, 0 bytes read per connection
Execution 46
s_time: verify depth is 1
2599 connections in 2.19s; 1186.76 connections/user sec, bytes read 0
2599 connections in 11 real seconds, 0 bytes read per connection
Execution 47
s_time: verify depth is 1
1379 connections in 1.07s; 1288.79 connections/user sec, bytes read 0
1379 connections in 11 real seconds, 0 bytes read per connection
Execution 48
s_time: verify depth is 1
2218 connections in 1.76s; 1260.23 connections/user sec, bytes read 0
2218 connections in 11 real seconds, 0 bytes read per connection
Execution 49
s_time: verify depth is 1
1445 connections in 1.22s; 1184.43 connections/user sec, bytes read 0
1445 connections in 11 real seconds, 0 bytes read per connection
Execution 50
s_time: verify depth is 1
1185 connections in 0.99s; 1196.97 connections/user sec, bytes read 0
1185 connections in 11 real seconds, 0 bytes read per connection
tc
Mostrando el estado de qdisc para la interfaz: lo
qdisc netem 8081: root refcnt 2 limit 1000 loss 0.2%
 Sent 0 bytes 0 pkt (dropped 0, overlimits 0 requeues 0) 
 backlog 0b 0p requeues 0
-----
-----
Certificate request self-signature ok
subject=CN=localhost
Running /opt/oqssa/bin/perftestServer.sh with SIG_ALG=sphincssha2192fsimple and KEM_ALG=P-384

Using default temp DH parameters
ACCEPT
Execution 1
s_time: verify depth is 1
317 connections in 2.65s; 119.62 connections/user sec, bytes read 0
317 connections in 11 real seconds, 0 bytes read per connection
Execution 2
s_time: verify depth is 1
348 connections in 2.99s; 116.39 connections/user sec, bytes read 0
348 connections in 11 real seconds, 0 bytes read per connection
Execution 3
s_time: verify depth is 1
211 connections in 1.74s; 121.26 connections/user sec, bytes read 0
211 connections in 11 real seconds, 0 bytes read per connection
Execution 4
s_time: verify depth is 1
377 connections in 3.01s; 125.25 connections/user sec, bytes read 0
377 connections in 11 real seconds, 0 bytes read per connection
Execution 5
s_time: verify depth is 1
299 connections in 2.39s; 125.10 connections/user sec, bytes read 0
299 connections in 11 real seconds, 0 bytes read per connection
Execution 6
s_time: verify depth is 1
245 connections in 1.96s; 125.00 connections/user sec, bytes read 0
245 connections in 11 real seconds, 0 bytes read per connection
Execution 7
s_time: verify depth is 1
364 connections in 2.87s; 126.83 connections/user sec, bytes read 0
364 connections in 11 real seconds, 0 bytes read per connection
Execution 8
s_time: verify depth is 1
338 connections in 2.87s; 117.77 connections/user sec, bytes read 0
338 connections in 11 real seconds, 0 bytes read per connection
Execution 9
s_time: verify depth is 1
205 connections in 1.65s; 124.24 connections/user sec, bytes read 0
205 connections in 11 real seconds, 0 bytes read per connection
Execution 10
s_time: verify depth is 1
321 connections in 2.59s; 123.94 connections/user sec, bytes read 0
321 connections in 11 real seconds, 0 bytes read per connection
Execution 11
s_time: verify depth is 1
317 connections in 2.53s; 125.30 connections/user sec, bytes read 0
317 connections in 11 real seconds, 0 bytes read per connection
Execution 12
s_time: verify depth is 1
307 connections in 2.50s; 122.80 connections/user sec, bytes read 0
307 connections in 13 real seconds, 0 bytes read per connection
Execution 13
s_time: verify depth is 1
299 connections in 2.36s; 126.69 connections/user sec, bytes read 0
299 connections in 11 real seconds, 0 bytes read per connection
Execution 14
s_time: verify depth is 1
325 connections in 2.66s; 122.18 connections/user sec, bytes read 0
325 connections in 11 real seconds, 0 bytes read per connection
Execution 15
s_time: verify depth is 1
270 connections in 2.19s; 123.29 connections/user sec, bytes read 0
270 connections in 14 real seconds, 0 bytes read per connection
Execution 16
s_time: verify depth is 1
284 connections in 2.42s; 117.36 connections/user sec, bytes read 0
284 connections in 12 real seconds, 0 bytes read per connection
Execution 17
s_time: verify depth is 1
275 connections in 2.40s; 114.58 connections/user sec, bytes read 0
275 connections in 11 real seconds, 0 bytes read per connection
Execution 18
s_time: verify depth is 1
322 connections in 2.66s; 121.05 connections/user sec, bytes read 0
322 connections in 13 real seconds, 0 bytes read per connection
Execution 19
s_time: verify depth is 1
318 connections in 2.50s; 127.20 connections/user sec, bytes read 0
318 connections in 11 real seconds, 0 bytes read per connection
Execution 20
s_time: verify depth is 1
339 connections in 2.79s; 121.51 connections/user sec, bytes read 0
339 connections in 11 real seconds, 0 bytes read per connection
Execution 21
s_time: verify depth is 1
334 connections in 2.77s; 120.58 connections/user sec, bytes read 0
334 connections in 14 real seconds, 0 bytes read per connection
Execution 22
s_time: verify depth is 1
310 connections in 2.59s; 119.69 connections/user sec, bytes read 0
310 connections in 11 real seconds, 0 bytes read per connection
Execution 23
s_time: verify depth is 1
318 connections in 2.61s; 121.84 connections/user sec, bytes read 0
318 connections in 11 real seconds, 0 bytes read per connection
Execution 24
s_time: verify depth is 1
299 connections in 2.42s; 123.55 connections/user sec, bytes read 0
299 connections in 13 real seconds, 0 bytes read per connection
Execution 25
s_time: verify depth is 1
332 connections in 2.69s; 123.42 connections/user sec, bytes read 0
332 connections in 11 real seconds, 0 bytes read per connection
Execution 26
s_time: verify depth is 1
301 connections in 2.44s; 123.36 connections/user sec, bytes read 0
301 connections in 11 real seconds, 0 bytes read per connection
Execution 27
s_time: verify depth is 1
339 connections in 2.82s; 120.21 connections/user sec, bytes read 0
339 connections in 11 real seconds, 0 bytes read per connection
Execution 28
s_time: verify depth is 1
218 connections in 1.81s; 120.44 connections/user sec, bytes read 0
218 connections in 11 real seconds, 0 bytes read per connection
Execution 29
s_time: verify depth is 1
354 connections in 3.04s; 116.45 connections/user sec, bytes read 0
354 connections in 11 real seconds, 0 bytes read per connection
Execution 30
s_time: verify depth is 1
388 connections in 3.19s; 121.63 connections/user sec, bytes read 0
388 connections in 11 real seconds, 0 bytes read per connection
Execution 31
s_time: verify depth is 1
247 connections in 2.05s; 120.49 connections/user sec, bytes read 0
247 connections in 11 real seconds, 0 bytes read per connection
Execution 32
s_time: verify depth is 1
320 connections in 2.54s; 125.98 connections/user sec, bytes read 0
320 connections in 11 real seconds, 0 bytes read per connection
Execution 33
s_time: verify depth is 1
334 connections in 2.74s; 121.90 connections/user sec, bytes read 0
334 connections in 11 real seconds, 0 bytes read per connection
Execution 34
s_time: verify depth is 1
234 connections in 1.87s; 125.13 connections/user sec, bytes read 0
234 connections in 11 real seconds, 0 bytes read per connection
Execution 35
s_time: verify depth is 1
394 connections in 3.23s; 121.98 connections/user sec, bytes read 0
394 connections in 11 real seconds, 0 bytes read per connection
Execution 36
s_time: verify depth is 1
368 connections in 3.07s; 119.87 connections/user sec, bytes read 0
368 connections in 11 real seconds, 0 bytes read per connection
Execution 37
s_time: verify depth is 1
236 connections in 1.91s; 123.56 connections/user sec, bytes read 0
236 connections in 12 real seconds, 0 bytes read per connection
Execution 38
s_time: verify depth is 1
281 connections in 2.26s; 124.34 connections/user sec, bytes read 0
281 connections in 11 real seconds, 0 bytes read per connection
Execution 39
s_time: verify depth is 1
336 connections in 2.76s; 121.74 connections/user sec, bytes read 0
336 connections in 12 real seconds, 0 bytes read per connection
Execution 40
s_time: verify depth is 1
244 connections in 2.08s; 117.31 connections/user sec, bytes read 0
244 connections in 12 real seconds, 0 bytes read per connection
Execution 41
s_time: verify depth is 1
380 connections in 3.14s; 121.02 connections/user sec, bytes read 0
380 connections in 11 real seconds, 0 bytes read per connection
Execution 42
s_time: verify depth is 1
342 connections in 2.93s; 116.72 connections/user sec, bytes read 0
342 connections in 11 real seconds, 0 bytes read per connection
Execution 43
s_time: verify depth is 1
361 connections in 2.94s; 122.79 connections/user sec, bytes read 0
361 connections in 13 real seconds, 0 bytes read per connection
Execution 44
s_time: verify depth is 1
295 connections in 2.42s; 121.90 connections/user sec, bytes read 0
295 connections in 11 real seconds, 0 bytes read per connection
Execution 45
s_time: verify depth is 1
340 connections in 2.75s; 123.64 connections/user sec, bytes read 0
340 connections in 11 real seconds, 0 bytes read per connection
Execution 46
s_time: verify depth is 1
363 connections in 3.03s; 119.80 connections/user sec, bytes read 0
363 connections in 11 real seconds, 0 bytes read per connection
Execution 47
s_time: verify depth is 1
179 connections in 1.51s; 118.54 connections/user sec, bytes read 0
179 connections in 11 real seconds, 0 bytes read per connection
Execution 48
s_time: verify depth is 1
316 connections in 2.65s; 119.25 connections/user sec, bytes read 0
316 connections in 11 real seconds, 0 bytes read per connection
Execution 49
s_time: verify depth is 1
368 connections in 2.99s; 123.08 connections/user sec, bytes read 0
368 connections in 11 real seconds, 0 bytes read per connection
Execution 50
s_time: verify depth is 1
169 connections in 1.36s; 124.26 connections/user sec, bytes read 0
169 connections in 11 real seconds, 0 bytes read per connection
tc
Mostrando el estado de qdisc para la interfaz: lo
qdisc netem 8082: root refcnt 2 limit 1000 loss 0.2%
 Sent 0 bytes 0 pkt (dropped 0, overlimits 0 requeues 0) 
 backlog 0b 0p requeues 0
-----
-----
Certificate request self-signature ok
subject=CN=localhost
Running /opt/oqssa/bin/perftestServer.sh with SIG_ALG=sphincssha2192fsimple and KEM_ALG=mlkem768

Using default temp DH parameters
ACCEPT
Execution 1
s_time: verify depth is 1
385 connections in 1.86s; 206.99 connections/user sec, bytes read 0
385 connections in 11 real seconds, 0 bytes read per connection
Execution 2
s_time: verify depth is 1
380 connections in 1.79s; 212.29 connections/user sec, bytes read 0
380 connections in 11 real seconds, 0 bytes read per connection
Execution 3
s_time: verify depth is 1
248 connections in 1.15s; 215.65 connections/user sec, bytes read 0
248 connections in 11 real seconds, 0 bytes read per connection
Execution 4
s_time: verify depth is 1
400 connections in 1.95s; 205.13 connections/user sec, bytes read 0
400 connections in 12 real seconds, 0 bytes read per connection
Execution 5
s_time: verify depth is 1
420 connections in 1.95s; 215.38 connections/user sec, bytes read 0
420 connections in 11 real seconds, 0 bytes read per connection
Execution 6
s_time: verify depth is 1
264 connections in 1.28s; 206.25 connections/user sec, bytes read 0
264 connections in 11 real seconds, 0 bytes read per connection
Execution 7
s_time: verify depth is 1
400 connections in 2.02s; 198.02 connections/user sec, bytes read 0
400 connections in 11 real seconds, 0 bytes read per connection
Execution 8
s_time: verify depth is 1
456 connections in 2.13s; 214.08 connections/user sec, bytes read 0
456 connections in 11 real seconds, 0 bytes read per connection
Execution 9
s_time: verify depth is 1
345 connections in 1.65s; 209.09 connections/user sec, bytes read 0
345 connections in 12 real seconds, 0 bytes read per connection
Execution 10
s_time: verify depth is 1
365 connections in 1.81s; 201.66 connections/user sec, bytes read 0
365 connections in 11 real seconds, 0 bytes read per connection
Execution 11
s_time: verify depth is 1
407 connections in 1.94s; 209.79 connections/user sec, bytes read 0
407 connections in 11 real seconds, 0 bytes read per connection
Execution 12
s_time: verify depth is 1
441 connections in 2.20s; 200.45 connections/user sec, bytes read 0
441 connections in 11 real seconds, 0 bytes read per connection
Execution 13
s_time: verify depth is 1
226 connections in 1.06s; 213.21 connections/user sec, bytes read 0
226 connections in 11 real seconds, 0 bytes read per connection
Execution 14
s_time: verify depth is 1
312 connections in 1.47s; 212.24 connections/user sec, bytes read 0
312 connections in 11 real seconds, 0 bytes read per connection
Execution 15
s_time: verify depth is 1
462 connections in 2.20s; 210.00 connections/user sec, bytes read 0
462 connections in 11 real seconds, 0 bytes read per connection
Execution 16
s_time: verify depth is 1
282 connections in 1.34s; 210.45 connections/user sec, bytes read 0
282 connections in 11 real seconds, 0 bytes read per connection
Execution 17
s_time: verify depth is 1
296 connections in 1.41s; 209.93 connections/user sec, bytes read 0
296 connections in 11 real seconds, 0 bytes read per connection
Execution 18
s_time: verify depth is 1
343 connections in 1.62s; 211.73 connections/user sec, bytes read 0
343 connections in 11 real seconds, 0 bytes read per connection
Execution 19
s_time: verify depth is 1
250 connections in 1.22s; 204.92 connections/user sec, bytes read 0
250 connections in 11 real seconds, 0 bytes read per connection
Execution 20
s_time: verify depth is 1
395 connections in 1.88s; 210.11 connections/user sec, bytes read 0
395 connections in 11 real seconds, 0 bytes read per connection
Execution 21
s_time: verify depth is 1
413 connections in 2.04s; 202.45 connections/user sec, bytes read 0
413 connections in 11 real seconds, 0 bytes read per connection
Execution 22
s_time: verify depth is 1
353 connections in 1.65s; 213.94 connections/user sec, bytes read 0
353 connections in 12 real seconds, 0 bytes read per connection
Execution 23
s_time: verify depth is 1
311 connections in 1.54s; 201.95 connections/user sec, bytes read 0
311 connections in 11 real seconds, 0 bytes read per connection
Execution 24
s_time: verify depth is 1
422 connections in 1.97s; 214.21 connections/user sec, bytes read 0
422 connections in 11 real seconds, 0 bytes read per connection
Execution 25
s_time: verify depth is 1
332 connections in 1.59s; 208.81 connections/user sec, bytes read 0
332 connections in 14 real seconds, 0 bytes read per connection
Execution 26
s_time: verify depth is 1
357 connections in 1.70s; 210.00 connections/user sec, bytes read 0
357 connections in 11 real seconds, 0 bytes read per connection
Execution 27
s_time: verify depth is 1
351 connections in 1.66s; 211.45 connections/user sec, bytes read 0
351 connections in 11 real seconds, 0 bytes read per connection
Execution 28
s_time: verify depth is 1
349 connections in 1.73s; 201.73 connections/user sec, bytes read 0
349 connections in 13 real seconds, 0 bytes read per connection
Execution 29
s_time: verify depth is 1
351 connections in 1.71s; 205.26 connections/user sec, bytes read 0
351 connections in 11 real seconds, 0 bytes read per connection
Execution 30
s_time: verify depth is 1
409 connections in 1.97s; 207.61 connections/user sec, bytes read 0
409 connections in 11 real seconds, 0 bytes read per connection
Execution 31
s_time: verify depth is 1
375 connections in 1.78s; 210.67 connections/user sec, bytes read 0
375 connections in 13 real seconds, 0 bytes read per connection
Execution 32
s_time: verify depth is 1
394 connections in 1.91s; 206.28 connections/user sec, bytes read 0
394 connections in 11 real seconds, 0 bytes read per connection
Execution 33
s_time: verify depth is 1
343 connections in 1.63s; 210.43 connections/user sec, bytes read 0
343 connections in 11 real seconds, 0 bytes read per connection
Execution 34
s_time: verify depth is 1
368 connections in 1.79s; 205.59 connections/user sec, bytes read 0
368 connections in 11 real seconds, 0 bytes read per connection
Execution 35
s_time: verify depth is 1
263 connections in 1.27s; 207.09 connections/user sec, bytes read 0
263 connections in 11 real seconds, 0 bytes read per connection
Execution 36
s_time: verify depth is 1
368 connections in 1.73s; 212.72 connections/user sec, bytes read 0
368 connections in 11 real seconds, 0 bytes read per connection
Execution 37
s_time: verify depth is 1
310 connections in 1.53s; 202.61 connections/user sec, bytes read 0
310 connections in 11 real seconds, 0 bytes read per connection
Execution 38
s_time: verify depth is 1
291 connections in 1.48s; 196.62 connections/user sec, bytes read 0
291 connections in 12 real seconds, 0 bytes read per connection
Execution 39
s_time: verify depth is 1
336 connections in 1.55s; 216.77 connections/user sec, bytes read 0
336 connections in 11 real seconds, 0 bytes read per connection
Execution 40
s_time: verify depth is 1
419 connections in 1.93s; 217.10 connections/user sec, bytes read 0
419 connections in 11 real seconds, 0 bytes read per connection
Execution 41
s_time: verify depth is 1
269 connections in 1.31s; 205.34 connections/user sec, bytes read 0
269 connections in 11 real seconds, 0 bytes read per connection
Execution 42
s_time: verify depth is 1
359 connections in 1.82s; 197.25 connections/user sec, bytes read 0
359 connections in 11 real seconds, 0 bytes read per connection
Execution 43
s_time: verify depth is 1
394 connections in 1.89s; 208.47 connections/user sec, bytes read 0
394 connections in 11 real seconds, 0 bytes read per connection
Execution 44
s_time: verify depth is 1
285 connections in 1.40s; 203.57 connections/user sec, bytes read 0
285 connections in 11 real seconds, 0 bytes read per connection
Execution 45
s_time: verify depth is 1
371 connections in 1.79s; 207.26 connections/user sec, bytes read 0
371 connections in 11 real seconds, 0 bytes read per connection
Execution 46
s_time: verify depth is 1
397 connections in 1.91s; 207.85 connections/user sec, bytes read 0
397 connections in 11 real seconds, 0 bytes read per connection
Execution 47
s_time: verify depth is 1
377 connections in 1.84s; 204.89 connections/user sec, bytes read 0
377 connections in 14 real seconds, 0 bytes read per connection
Execution 48
s_time: verify depth is 1
310 connections in 1.44s; 215.28 connections/user sec, bytes read 0
310 connections in 11 real seconds, 0 bytes read per connection
Execution 49
s_time: verify depth is 1
383 connections in 1.96s; 195.41 connections/user sec, bytes read 0
383 connections in 11 real seconds, 0 bytes read per connection
Execution 50
s_time: verify depth is 1
245 connections in 1.20s; 204.17 connections/user sec, bytes read 0
245 connections in 13 real seconds, 0 bytes read per connection
tc
Mostrando el estado de qdisc para la interfaz: lo
qdisc netem 8083: root refcnt 2 limit 1000 loss 0.2%
 Sent 0 bytes 0 pkt (dropped 0, overlimits 0 requeues 0) 
 backlog 0b 0p requeues 0
-----
-----
Certificate request self-signature ok
subject=CN=localhost
Running /opt/oqssa/bin/perftestServer.sh with SIG_ALG=sphincssha2192ssimple and KEM_ALG=P-384

Using default temp DH parameters
ACCEPT
Execution 1
s_time: verify depth is 1
26 connections in 0.17s; 152.94 connections/user sec, bytes read 0
26 connections in 11 real seconds, 0 bytes read per connection
Execution 2
s_time: verify depth is 1
26 connections in 0.16s; 162.50 connections/user sec, bytes read 0
26 connections in 11 real seconds, 0 bytes read per connection
Execution 3
s_time: verify depth is 1
17 connections in 0.10s; 170.00 connections/user sec, bytes read 0
17 connections in 11 real seconds, 0 bytes read per connection
Execution 4
s_time: verify depth is 1
27 connections in 0.18s; 150.00 connections/user sec, bytes read 0
27 connections in 11 real seconds, 0 bytes read per connection
Execution 5
s_time: verify depth is 1
26 connections in 0.17s; 152.94 connections/user sec, bytes read 0
26 connections in 11 real seconds, 0 bytes read per connection
Execution 6
s_time: verify depth is 1
24 connections in 0.15s; 160.00 connections/user sec, bytes read 0
24 connections in 13 real seconds, 0 bytes read per connection
Execution 7
s_time: verify depth is 1
26 connections in 0.16s; 162.50 connections/user sec, bytes read 0
26 connections in 11 real seconds, 0 bytes read per connection
Execution 8
s_time: verify depth is 1
26 connections in 0.17s; 152.94 connections/user sec, bytes read 0
26 connections in 11 real seconds, 0 bytes read per connection
Execution 9
s_time: verify depth is 1
26 connections in 0.17s; 152.94 connections/user sec, bytes read 0
26 connections in 14 real seconds, 0 bytes read per connection
Execution 10
s_time: verify depth is 1
25 connections in 0.16s; 156.25 connections/user sec, bytes read 0
25 connections in 11 real seconds, 0 bytes read per connection
Execution 11
s_time: verify depth is 1
26 connections in 0.18s; 144.44 connections/user sec, bytes read 0
26 connections in 11 real seconds, 0 bytes read per connection
Execution 12
s_time: verify depth is 1
25 connections in 0.15s; 166.67 connections/user sec, bytes read 0
25 connections in 14 real seconds, 0 bytes read per connection
Execution 13
s_time: verify depth is 1
24 connections in 0.14s; 171.43 connections/user sec, bytes read 0
24 connections in 11 real seconds, 0 bytes read per connection
Execution 14
s_time: verify depth is 1
26 connections in 0.17s; 152.94 connections/user sec, bytes read 0
26 connections in 11 real seconds, 0 bytes read per connection
Execution 15
s_time: verify depth is 1
25 connections in 0.16s; 156.25 connections/user sec, bytes read 0
25 connections in 14 real seconds, 0 bytes read per connection
Execution 16
s_time: verify depth is 1
24 connections in 0.15s; 160.00 connections/user sec, bytes read 0
24 connections in 11 real seconds, 0 bytes read per connection
Execution 17
s_time: verify depth is 1
26 connections in 0.16s; 162.50 connections/user sec, bytes read 0
26 connections in 11 real seconds, 0 bytes read per connection
Execution 18
s_time: verify depth is 1
25 connections in 0.15s; 166.67 connections/user sec, bytes read 0
25 connections in 13 real seconds, 0 bytes read per connection
Execution 19
s_time: verify depth is 1
25 connections in 0.17s; 147.06 connections/user sec, bytes read 0
25 connections in 11 real seconds, 0 bytes read per connection
Execution 20
s_time: verify depth is 1
26 connections in 0.16s; 162.50 connections/user sec, bytes read 0
26 connections in 11 real seconds, 0 bytes read per connection
Execution 21
s_time: verify depth is 1
26 connections in 0.16s; 162.50 connections/user sec, bytes read 0
26 connections in 11 real seconds, 0 bytes read per connection
Execution 22
s_time: verify depth is 1
19 connections in 0.12s; 158.33 connections/user sec, bytes read 0
19 connections in 11 real seconds, 0 bytes read per connection
Execution 23
s_time: verify depth is 1
26 connections in 0.17s; 152.94 connections/user sec, bytes read 0
26 connections in 11 real seconds, 0 bytes read per connection
Execution 24
s_time: verify depth is 1
26 connections in 0.18s; 144.44 connections/user sec, bytes read 0
26 connections in 11 real seconds, 0 bytes read per connection
Execution 25
s_time: verify depth is 1
18 connections in 0.11s; 163.64 connections/user sec, bytes read 0
18 connections in 11 real seconds, 0 bytes read per connection
Execution 26
s_time: verify depth is 1
25 connections in 0.16s; 156.25 connections/user sec, bytes read 0
25 connections in 11 real seconds, 0 bytes read per connection
Execution 27
s_time: verify depth is 1
24 connections in 0.15s; 160.00 connections/user sec, bytes read 0
24 connections in 11 real seconds, 0 bytes read per connection
Execution 28
s_time: verify depth is 1
18 connections in 0.11s; 163.64 connections/user sec, bytes read 0
18 connections in 11 real seconds, 0 bytes read per connection
Execution 29
s_time: verify depth is 1
26 connections in 0.17s; 152.94 connections/user sec, bytes read 0
26 connections in 11 real seconds, 0 bytes read per connection
Execution 30
s_time: verify depth is 1
25 connections in 0.17s; 147.06 connections/user sec, bytes read 0
25 connections in 11 real seconds, 0 bytes read per connection
Execution 31
s_time: verify depth is 1
21 connections in 0.14s; 150.00 connections/user sec, bytes read 0
21 connections in 12 real seconds, 0 bytes read per connection
Execution 32
s_time: verify depth is 1
26 connections in 0.17s; 152.94 connections/user sec, bytes read 0
26 connections in 11 real seconds, 0 bytes read per connection
Execution 33
s_time: verify depth is 1
26 connections in 0.17s; 152.94 connections/user sec, bytes read 0
26 connections in 11 real seconds, 0 bytes read per connection
Execution 34
s_time: verify depth is 1
24 connections in 0.16s; 150.00 connections/user sec, bytes read 0
24 connections in 14 real seconds, 0 bytes read per connection
Execution 35
s_time: verify depth is 1
26 connections in 0.17s; 152.94 connections/user sec, bytes read 0
26 connections in 11 real seconds, 0 bytes read per connection
Execution 36
s_time: verify depth is 1
27 connections in 0.16s; 168.75 connections/user sec, bytes read 0
27 connections in 11 real seconds, 0 bytes read per connection
Execution 37
s_time: verify depth is 1
24 connections in 0.15s; 160.00 connections/user sec, bytes read 0
24 connections in 13 real seconds, 0 bytes read per connection
Execution 38
s_time: verify depth is 1
25 connections in 0.16s; 156.25 connections/user sec, bytes read 0
25 connections in 11 real seconds, 0 bytes read per connection
Execution 39
s_time: verify depth is 1
26 connections in 0.16s; 162.50 connections/user sec, bytes read 0
26 connections in 11 real seconds, 0 bytes read per connection
Execution 40
s_time: verify depth is 1
26 connections in 0.17s; 152.94 connections/user sec, bytes read 0
26 connections in 11 real seconds, 0 bytes read per connection
Execution 41
s_time: verify depth is 1
18 connections in 0.10s; 180.00 connections/user sec, bytes read 0
18 connections in 11 real seconds, 0 bytes read per connection
Execution 42
s_time: verify depth is 1
27 connections in 0.17s; 158.82 connections/user sec, bytes read 0
27 connections in 11 real seconds, 0 bytes read per connection
Execution 43
s_time: verify depth is 1
26 connections in 0.17s; 152.94 connections/user sec, bytes read 0
26 connections in 11 real seconds, 0 bytes read per connection
Execution 44
s_time: verify depth is 1
18 connections in 0.11s; 163.64 connections/user sec, bytes read 0
18 connections in 11 real seconds, 0 bytes read per connection
Execution 45
s_time: verify depth is 1
26 connections in 0.17s; 152.94 connections/user sec, bytes read 0
26 connections in 11 real seconds, 0 bytes read per connection
Execution 46
s_time: verify depth is 1
27 connections in 0.17s; 158.82 connections/user sec, bytes read 0
27 connections in 11 real seconds, 0 bytes read per connection
Execution 47
s_time: verify depth is 1
18 connections in 0.11s; 163.64 connections/user sec, bytes read 0
18 connections in 11 real seconds, 0 bytes read per connection
Execution 48
s_time: verify depth is 1
25 connections in 0.16s; 156.25 connections/user sec, bytes read 0
25 connections in 11 real seconds, 0 bytes read per connection
Execution 49
s_time: verify depth is 1
25 connections in 0.16s; 156.25 connections/user sec, bytes read 0
25 connections in 11 real seconds, 0 bytes read per connection
Execution 50
s_time: verify depth is 1
21 connections in 0.13s; 161.54 connections/user sec, bytes read 0
21 connections in 12 real seconds, 0 bytes read per connection
tc
Mostrando el estado de qdisc para la interfaz: lo
qdisc netem 8084: root refcnt 2 limit 1000 loss 0.2%
 Sent 0 bytes 0 pkt (dropped 0, overlimits 0 requeues 0) 
 backlog 0b 0p requeues 0
-----
-----
Certificate request self-signature ok
subject=CN=localhost
Running /opt/oqssa/bin/perftestServer.sh with SIG_ALG=sphincssha2192ssimple and KEM_ALG=mlkem768

Using default temp DH parameters
ACCEPT
Execution 1
s_time: verify depth is 1
26 connections in 0.07s; 371.43 connections/user sec, bytes read 0
26 connections in 11 real seconds, 0 bytes read per connection
Execution 2
s_time: verify depth is 1
27 connections in 0.08s; 337.50 connections/user sec, bytes read 0
27 connections in 11 real seconds, 0 bytes read per connection
Execution 3
s_time: verify depth is 1
18 connections in 0.06s; 300.00 connections/user sec, bytes read 0
18 connections in 11 real seconds, 0 bytes read per connection
Execution 4
s_time: verify depth is 1
26 connections in 0.07s; 371.43 connections/user sec, bytes read 0
26 connections in 11 real seconds, 0 bytes read per connection
Execution 5
s_time: verify depth is 1
26 connections in 0.08s; 325.00 connections/user sec, bytes read 0
26 connections in 11 real seconds, 0 bytes read per connection
Execution 6
s_time: verify depth is 1
25 connections in 0.07s; 357.14 connections/user sec, bytes read 0
25 connections in 14 real seconds, 0 bytes read per connection
Execution 7
s_time: verify depth is 1
24 connections in 0.08s; 300.00 connections/user sec, bytes read 0
24 connections in 11 real seconds, 0 bytes read per connection
Execution 8
s_time: verify depth is 1
26 connections in 0.08s; 325.00 connections/user sec, bytes read 0
26 connections in 11 real seconds, 0 bytes read per connection
Execution 9
s_time: verify depth is 1
24 connections in 0.07s; 342.86 connections/user sec, bytes read 0
24 connections in 13 real seconds, 0 bytes read per connection
Execution 10
s_time: verify depth is 1
27 connections in 0.09s; 300.00 connections/user sec, bytes read 0
27 connections in 11 real seconds, 0 bytes read per connection
Execution 11
s_time: verify depth is 1
27 connections in 0.08s; 337.50 connections/user sec, bytes read 0
27 connections in 11 real seconds, 0 bytes read per connection
Execution 12
s_time: verify depth is 1
24 connections in 0.07s; 342.86 connections/user sec, bytes read 0
24 connections in 13 real seconds, 0 bytes read per connection
Execution 13
s_time: verify depth is 1
25 connections in 0.08s; 312.50 connections/user sec, bytes read 0
25 connections in 11 real seconds, 0 bytes read per connection
Execution 14
s_time: verify depth is 1
27 connections in 0.08s; 337.50 connections/user sec, bytes read 0
27 connections in 11 real seconds, 0 bytes read per connection
Execution 15
s_time: verify depth is 1
26 connections in 0.06s; 433.33 connections/user sec, bytes read 0
26 connections in 14 real seconds, 0 bytes read per connection
Execution 16
s_time: verify depth is 1
25 connections in 0.07s; 357.14 connections/user sec, bytes read 0
25 connections in 11 real seconds, 0 bytes read per connection
Execution 17
s_time: verify depth is 1
27 connections in 0.09s; 300.00 connections/user sec, bytes read 0
27 connections in 11 real seconds, 0 bytes read per connection
Execution 18
s_time: verify depth is 1
25 connections in 0.07s; 357.14 connections/user sec, bytes read 0
25 connections in 14 real seconds, 0 bytes read per connection
Execution 19
s_time: verify depth is 1
26 connections in 0.07s; 371.43 connections/user sec, bytes read 0
26 connections in 11 real seconds, 0 bytes read per connection
Execution 20
s_time: verify depth is 1
27 connections in 0.08s; 337.50 connections/user sec, bytes read 0
27 connections in 11 real seconds, 0 bytes read per connection
Execution 21
s_time: verify depth is 1
24 connections in 0.07s; 342.86 connections/user sec, bytes read 0
24 connections in 14 real seconds, 0 bytes read per connection
Execution 22
s_time: verify depth is 1
24 connections in 0.07s; 342.86 connections/user sec, bytes read 0
24 connections in 11 real seconds, 0 bytes read per connection
Execution 23
s_time: verify depth is 1
27 connections in 0.08s; 337.50 connections/user sec, bytes read 0
27 connections in 11 real seconds, 0 bytes read per connection
Execution 24
s_time: verify depth is 1
25 connections in 0.06s; 416.67 connections/user sec, bytes read 0
25 connections in 14 real seconds, 0 bytes read per connection
Execution 25
s_time: verify depth is 1
26 connections in 0.08s; 325.00 connections/user sec, bytes read 0
26 connections in 11 real seconds, 0 bytes read per connection
Execution 26
s_time: verify depth is 1
27 connections in 0.08s; 337.50 connections/user sec, bytes read 0
27 connections in 11 real seconds, 0 bytes read per connection
Execution 27
s_time: verify depth is 1
24 connections in 0.07s; 342.86 connections/user sec, bytes read 0
24 connections in 13 real seconds, 0 bytes read per connection
Execution 28
s_time: verify depth is 1
25 connections in 0.07s; 357.14 connections/user sec, bytes read 0
25 connections in 11 real seconds, 0 bytes read per connection
Execution 29
s_time: verify depth is 1
27 connections in 0.08s; 337.50 connections/user sec, bytes read 0
27 connections in 11 real seconds, 0 bytes read per connection
Execution 30
s_time: verify depth is 1
26 connections in 0.07s; 371.43 connections/user sec, bytes read 0
26 connections in 14 real seconds, 0 bytes read per connection
Execution 31
s_time: verify depth is 1
22 connections in 0.06s; 366.67 connections/user sec, bytes read 0
22 connections in 11 real seconds, 0 bytes read per connection
Execution 32
s_time: verify depth is 1
25 connections in 0.07s; 357.14 connections/user sec, bytes read 0
25 connections in 11 real seconds, 0 bytes read per connection
Execution 33
s_time: verify depth is 1
26 connections in 0.07s; 371.43 connections/user sec, bytes read 0
26 connections in 14 real seconds, 0 bytes read per connection
Execution 34
s_time: verify depth is 1
25 connections in 0.08s; 312.50 connections/user sec, bytes read 0
25 connections in 11 real seconds, 0 bytes read per connection
Execution 35
s_time: verify depth is 1
27 connections in 0.08s; 337.50 connections/user sec, bytes read 0
27 connections in 11 real seconds, 0 bytes read per connection
Execution 36
s_time: verify depth is 1
25 connections in 0.07s; 357.14 connections/user sec, bytes read 0
25 connections in 14 real seconds, 0 bytes read per connection
Execution 37
s_time: verify depth is 1
26 connections in 0.08s; 325.00 connections/user sec, bytes read 0
26 connections in 11 real seconds, 0 bytes read per connection
Execution 38
s_time: verify depth is 1
22 connections in 0.06s; 366.67 connections/user sec, bytes read 0
22 connections in 11 real seconds, 0 bytes read per connection
Execution 39
s_time: verify depth is 1
25 connections in 0.08s; 312.50 connections/user sec, bytes read 0
25 connections in 14 real seconds, 0 bytes read per connection
Execution 40
s_time: verify depth is 1
27 connections in 0.07s; 385.71 connections/user sec, bytes read 0
27 connections in 11 real seconds, 0 bytes read per connection
Execution 41
s_time: verify depth is 1
27 connections in 0.08s; 337.50 connections/user sec, bytes read 0
27 connections in 11 real seconds, 0 bytes read per connection
Execution 42
s_time: verify depth is 1
25 connections in 0.07s; 357.14 connections/user sec, bytes read 0
25 connections in 14 real seconds, 0 bytes read per connection
Execution 43
s_time: verify depth is 1
27 connections in 0.08s; 337.50 connections/user sec, bytes read 0
27 connections in 11 real seconds, 0 bytes read per connection
Execution 44
s_time: verify depth is 1
24 connections in 0.08s; 300.00 connections/user sec, bytes read 0
24 connections in 11 real seconds, 0 bytes read per connection
Execution 45
s_time: verify depth is 1
24 connections in 0.07s; 342.86 connections/user sec, bytes read 0
24 connections in 13 real seconds, 0 bytes read per connection
Execution 46
s_time: verify depth is 1
25 connections in 0.07s; 357.14 connections/user sec, bytes read 0
25 connections in 11 real seconds, 0 bytes read per connection
Execution 47
s_time: verify depth is 1
27 connections in 0.08s; 337.50 connections/user sec, bytes read 0
27 connections in 11 real seconds, 0 bytes read per connection
Execution 48
s_time: verify depth is 1
26 connections in 0.08s; 325.00 connections/user sec, bytes read 0
26 connections in 14 real seconds, 0 bytes read per connection
Execution 49
s_time: verify depth is 1
26 connections in 0.07s; 371.43 connections/user sec, bytes read 0
26 connections in 11 real seconds, 0 bytes read per connection
Execution 50
s_time: verify depth is 1
26 connections in 0.07s; 371.43 connections/user sec, bytes read 0
26 connections in 11 real seconds, 0 bytes read per connection
