tc
Mostrando el estado de qdisc para la interfaz: lo
qdisc netem 8085: root refcnt 2 limit 1000 loss 0.2%
 Sent 0 bytes 0 pkt (dropped 0, overlimits 0 requeues 0) 
 backlog 0b 0p requeues 0
Certificate request self-signature ok
subject=CN=localhost
Running /opt/oqssa/bin/perftestServerECDSA.sh with SIG_ALG=secp521r1 and KEM_ALG=P-521

Using default temp DH parameters
ACCEPT
Execution 1
s_time: verify depth is 1
264 connections in 3.56s; 74.16 connections/user sec, bytes read 0
264 connections in 12 real seconds, 0 bytes read per connection
Execution 2
s_time: verify depth is 1
361 connections in 4.88s; 73.98 connections/user sec, bytes read 0
361 connections in 11 real seconds, 0 bytes read per connection
Execution 3
s_time: verify depth is 1
307 connections in 4.24s; 72.41 connections/user sec, bytes read 0
307 connections in 11 real seconds, 0 bytes read per connection
Execution 4
s_time: verify depth is 1
403 connections in 5.50s; 73.27 connections/user sec, bytes read 0
403 connections in 15 real seconds, 0 bytes read per connection
Execution 5
s_time: verify depth is 1
425 connections in 5.82s; 73.02 connections/user sec, bytes read 0
425 connections in 11 real seconds, 0 bytes read per connection
Execution 6
s_time: verify depth is 1
285 connections in 3.95s; 72.15 connections/user sec, bytes read 0
285 connections in 11 real seconds, 0 bytes read per connection
Execution 7
s_time: verify depth is 1
376 connections in 5.22s; 72.03 connections/user sec, bytes read 0
376 connections in 13 real seconds, 0 bytes read per connection
Execution 8
s_time: verify depth is 1
360 connections in 4.98s; 72.29 connections/user sec, bytes read 0
360 connections in 11 real seconds, 0 bytes read per connection
Execution 9
s_time: verify depth is 1
396 connections in 5.55s; 71.35 connections/user sec, bytes read 0
396 connections in 11 real seconds, 0 bytes read per connection
Execution 10
s_time: verify depth is 1
336 connections in 4.56s; 73.68 connections/user sec, bytes read 0
336 connections in 13 real seconds, 0 bytes read per connection
Execution 11
s_time: verify depth is 1
377 connections in 5.17s; 72.92 connections/user sec, bytes read 0
377 connections in 11 real seconds, 0 bytes read per connection
Execution 12
s_time: verify depth is 1
360 connections in 4.89s; 73.62 connections/user sec, bytes read 0
360 connections in 11 real seconds, 0 bytes read per connection
Execution 13
s_time: verify depth is 1
342 connections in 4.62s; 74.03 connections/user sec, bytes read 0
342 connections in 11 real seconds, 0 bytes read per connection
Execution 14
s_time: verify depth is 1
261 connections in 3.53s; 73.94 connections/user sec, bytes read 0
261 connections in 11 real seconds, 0 bytes read per connection
Execution 15
s_time: verify depth is 1
371 connections in 5.06s; 73.32 connections/user sec, bytes read 0
371 connections in 11 real seconds, 0 bytes read per connection
Execution 16
s_time: verify depth is 1
440 connections in 6.22s; 70.74 connections/user sec, bytes read 0
440 connections in 11 real seconds, 0 bytes read per connection
Execution 17
s_time: verify depth is 1
277 connections in 3.78s; 73.28 connections/user sec, bytes read 0
277 connections in 11 real seconds, 0 bytes read per connection
Execution 18
s_time: verify depth is 1
411 connections in 5.69s; 72.23 connections/user sec, bytes read 0
411 connections in 11 real seconds, 0 bytes read per connection
Execution 19
s_time: verify depth is 1
327 connections in 4.44s; 73.65 connections/user sec, bytes read 0
327 connections in 11 real seconds, 0 bytes read per connection
Execution 20
s_time: verify depth is 1
230 connections in 3.21s; 71.65 connections/user sec, bytes read 0
230 connections in 11 real seconds, 0 bytes read per connection
Execution 21
s_time: verify depth is 1
329 connections in 4.41s; 74.60 connections/user sec, bytes read 0
329 connections in 11 real seconds, 0 bytes read per connection
Execution 22
s_time: verify depth is 1
401 connections in 5.74s; 69.86 connections/user sec, bytes read 0
401 connections in 11 real seconds, 0 bytes read per connection
Execution 23
s_time: verify depth is 1
360 connections in 4.91s; 73.32 connections/user sec, bytes read 0
360 connections in 12 real seconds, 0 bytes read per connection
Execution 24
s_time: verify depth is 1
356 connections in 4.90s; 72.65 connections/user sec, bytes read 0
356 connections in 11 real seconds, 0 bytes read per connection
Execution 25
s_time: verify depth is 1
409 connections in 5.67s; 72.13 connections/user sec, bytes read 0
409 connections in 11 real seconds, 0 bytes read per connection
Execution 26
s_time: verify depth is 1
386 connections in 5.34s; 72.28 connections/user sec, bytes read 0
386 connections in 14 real seconds, 0 bytes read per connection
Execution 27
s_time: verify depth is 1
397 connections in 5.32s; 74.62 connections/user sec, bytes read 0
397 connections in 11 real seconds, 0 bytes read per connection
Execution 28
s_time: verify depth is 1
415 connections in 5.79s; 71.68 connections/user sec, bytes read 0
415 connections in 11 real seconds, 0 bytes read per connection
Execution 29
s_time: verify depth is 1
312 connections in 4.17s; 74.82 connections/user sec, bytes read 0
312 connections in 13 real seconds, 0 bytes read per connection
Execution 30
s_time: verify depth is 1
376 connections in 5.37s; 70.02 connections/user sec, bytes read 0
376 connections in 11 real seconds, 0 bytes read per connection
Execution 31
s_time: verify depth is 1
327 connections in 4.56s; 71.71 connections/user sec, bytes read 0
327 connections in 11 real seconds, 0 bytes read per connection
Execution 32
s_time: verify depth is 1
268 connections in 3.75s; 71.47 connections/user sec, bytes read 0
268 connections in 11 real seconds, 0 bytes read per connection
Execution 33
s_time: verify depth is 1
183 connections in 2.60s; 70.38 connections/user sec, bytes read 0
183 connections in 11 real seconds, 0 bytes read per connection
Execution 34
s_time: verify depth is 1
407 connections in 5.67s; 71.78 connections/user sec, bytes read 0
407 connections in 11 real seconds, 0 bytes read per connection
Execution 35
s_time: verify depth is 1
416 connections in 5.77s; 72.10 connections/user sec, bytes read 0
416 connections in 11 real seconds, 0 bytes read per connection
Execution 36
s_time: verify depth is 1
227 connections in 3.26s; 69.63 connections/user sec, bytes read 0
227 connections in 11 real seconds, 0 bytes read per connection
Execution 37
s_time: verify depth is 1
421 connections in 5.85s; 71.97 connections/user sec, bytes read 0
421 connections in 11 real seconds, 0 bytes read per connection
Execution 38
s_time: verify depth is 1
428 connections in 5.93s; 72.18 connections/user sec, bytes read 0
428 connections in 11 real seconds, 0 bytes read per connection
Execution 39
s_time: verify depth is 1
299 connections in 4.00s; 74.75 connections/user sec, bytes read 0
299 connections in 11 real seconds, 0 bytes read per connection
Execution 40
s_time: verify depth is 1
383 connections in 5.26s; 72.81 connections/user sec, bytes read 0
383 connections in 11 real seconds, 0 bytes read per connection
Execution 41
s_time: verify depth is 1
348 connections in 4.71s; 73.89 connections/user sec, bytes read 0
348 connections in 11 real seconds, 0 bytes read per connection
Execution 42
s_time: verify depth is 1
250 connections in 3.56s; 70.22 connections/user sec, bytes read 0
250 connections in 12 real seconds, 0 bytes read per connection
Execution 43
s_time: verify depth is 1
432 connections in 6.02s; 71.76 connections/user sec, bytes read 0
432 connections in 11 real seconds, 0 bytes read per connection
Execution 44
s_time: verify depth is 1
481 connections in 6.42s; 74.92 connections/user sec, bytes read 0
481 connections in 11 real seconds, 0 bytes read per connection
Execution 45
s_time: verify depth is 1
357 connections in 4.96s; 71.98 connections/user sec, bytes read 0
357 connections in 14 real seconds, 0 bytes read per connection
Execution 46
s_time: verify depth is 1
424 connections in 5.87s; 72.23 connections/user sec, bytes read 0
424 connections in 11 real seconds, 0 bytes read per connection
Execution 47
s_time: verify depth is 1
365 connections in 5.22s; 69.92 connections/user sec, bytes read 0
365 connections in 11 real seconds, 0 bytes read per connection
Execution 48
s_time: verify depth is 1
296 connections in 3.99s; 74.19 connections/user sec, bytes read 0
296 connections in 13 real seconds, 0 bytes read per connection
Execution 49
s_time: verify depth is 1
360 connections in 5.08s; 70.87 connections/user sec, bytes read 0
360 connections in 11 real seconds, 0 bytes read per connection
Execution 50
s_time: verify depth is 1
396 connections in 5.42s; 73.06 connections/user sec, bytes read 0
396 connections in 11 real seconds, 0 bytes read per connection
tc
Mostrando el estado de qdisc para la interfaz: lo
qdisc netem 8086: root refcnt 2 limit 1000 loss 0.2%
 Sent 0 bytes 0 pkt (dropped 0, overlimits 0 requeues 0) 
 backlog 0b 0p requeues 0
Certificate request self-signature ok
subject=CN=localhost
Running /opt/oqssa/bin/perftestServerECDSA.sh with SIG_ALG=secp521r1 and KEM_ALG=mlkem1024

Using default temp DH parameters
ACCEPT
Execution 1
s_time: verify depth is 1
527 connections in 3.07s; 171.66 connections/user sec, bytes read 0
527 connections in 12 real seconds, 0 bytes read per connection
Execution 2
s_time: verify depth is 1
663 connections in 3.92s; 169.13 connections/user sec, bytes read 0
663 connections in 11 real seconds, 0 bytes read per connection
Execution 3
s_time: verify depth is 1
486 connections in 2.95s; 164.75 connections/user sec, bytes read 0
486 connections in 11 real seconds, 0 bytes read per connection
Execution 4
s_time: verify depth is 1
815 connections in 4.85s; 168.04 connections/user sec, bytes read 0
815 connections in 14 real seconds, 0 bytes read per connection
Execution 5
s_time: verify depth is 1
767 connections in 4.79s; 160.13 connections/user sec, bytes read 0
767 connections in 11 real seconds, 0 bytes read per connection
Execution 6
s_time: verify depth is 1
761 connections in 4.64s; 164.01 connections/user sec, bytes read 0
761 connections in 11 real seconds, 0 bytes read per connection
Execution 7
s_time: verify depth is 1
1055 connections in 6.30s; 167.46 connections/user sec, bytes read 0
1055 connections in 14 real seconds, 0 bytes read per connection
Execution 8
s_time: verify depth is 1
906 connections in 5.53s; 163.83 connections/user sec, bytes read 0
906 connections in 11 real seconds, 0 bytes read per connection
Execution 9
s_time: verify depth is 1
851 connections in 5.01s; 169.86 connections/user sec, bytes read 0
851 connections in 11 real seconds, 0 bytes read per connection
Execution 10
s_time: verify depth is 1
733 connections in 4.31s; 170.07 connections/user sec, bytes read 0
733 connections in 14 real seconds, 0 bytes read per connection
Execution 11
s_time: verify depth is 1
722 connections in 4.38s; 164.84 connections/user sec, bytes read 0
722 connections in 11 real seconds, 0 bytes read per connection
Execution 12
s_time: verify depth is 1
456 connections in 2.71s; 168.27 connections/user sec, bytes read 0
456 connections in 11 real seconds, 0 bytes read per connection
Execution 13
s_time: verify depth is 1
804 connections in 4.79s; 167.85 connections/user sec, bytes read 0
804 connections in 14 real seconds, 0 bytes read per connection
Execution 14
s_time: verify depth is 1
632 connections in 4.00s; 158.00 connections/user sec, bytes read 0
632 connections in 11 real seconds, 0 bytes read per connection
Execution 15
s_time: verify depth is 1
864 connections in 5.08s; 170.08 connections/user sec, bytes read 0
864 connections in 11 real seconds, 0 bytes read per connection
Execution 16
s_time: verify depth is 1
521 connections in 3.11s; 167.52 connections/user sec, bytes read 0
521 connections in 13 real seconds, 0 bytes read per connection
Execution 17
s_time: verify depth is 1
717 connections in 4.34s; 165.21 connections/user sec, bytes read 0
717 connections in 11 real seconds, 0 bytes read per connection
Execution 18
s_time: verify depth is 1
738 connections in 4.52s; 163.27 connections/user sec, bytes read 0
738 connections in 11 real seconds, 0 bytes read per connection
Execution 19
s_time: verify depth is 1
1082 connections in 6.41s; 168.80 connections/user sec, bytes read 0
1082 connections in 15 real seconds, 0 bytes read per connection
Execution 20
s_time: verify depth is 1
854 connections in 5.14s; 166.15 connections/user sec, bytes read 0
854 connections in 11 real seconds, 0 bytes read per connection
Execution 21
s_time: verify depth is 1
763 connections in 4.46s; 171.08 connections/user sec, bytes read 0
763 connections in 11 real seconds, 0 bytes read per connection
Execution 22
s_time: verify depth is 1
448 connections in 2.76s; 162.32 connections/user sec, bytes read 0
448 connections in 13 real seconds, 0 bytes read per connection
Execution 23
s_time: verify depth is 1
552 connections in 3.22s; 171.43 connections/user sec, bytes read 0
552 connections in 11 real seconds, 0 bytes read per connection
Execution 24
s_time: verify depth is 1
717 connections in 4.22s; 169.91 connections/user sec, bytes read 0
717 connections in 11 real seconds, 0 bytes read per connection
Execution 25
s_time: verify depth is 1
933 connections in 5.40s; 172.78 connections/user sec, bytes read 0
933 connections in 14 real seconds, 0 bytes read per connection
Execution 26
s_time: verify depth is 1
589 connections in 3.57s; 164.99 connections/user sec, bytes read 0
589 connections in 11 real seconds, 0 bytes read per connection
Execution 27
s_time: verify depth is 1
1053 connections in 6.18s; 170.39 connections/user sec, bytes read 0
1053 connections in 11 real seconds, 0 bytes read per connection
Execution 28
s_time: verify depth is 1
613 connections in 3.70s; 165.68 connections/user sec, bytes read 0
613 connections in 15 real seconds, 0 bytes read per connection
Execution 29
s_time: verify depth is 1
644 connections in 3.81s; 169.03 connections/user sec, bytes read 0
644 connections in 12 real seconds, 0 bytes read per connection
Execution 30
s_time: verify depth is 1
823 connections in 4.86s; 169.34 connections/user sec, bytes read 0
823 connections in 11 real seconds, 0 bytes read per connection
Execution 31
s_time: verify depth is 1
589 connections in 3.67s; 160.49 connections/user sec, bytes read 0
589 connections in 12 real seconds, 0 bytes read per connection
Execution 32
s_time: verify depth is 1
764 connections in 4.59s; 166.45 connections/user sec, bytes read 0
764 connections in 11 real seconds, 0 bytes read per connection
Execution 33
s_time: verify depth is 1
902 connections in 5.37s; 167.97 connections/user sec, bytes read 0
902 connections in 11 real seconds, 0 bytes read per connection
Execution 34
s_time: verify depth is 1
602 connections in 3.74s; 160.96 connections/user sec, bytes read 0
602 connections in 14 real seconds, 0 bytes read per connection
Execution 35
s_time: verify depth is 1
428 connections in 2.52s; 169.84 connections/user sec, bytes read 0
428 connections in 11 real seconds, 0 bytes read per connection
Execution 36
s_time: verify depth is 1
861 connections in 5.15s; 167.18 connections/user sec, bytes read 0
861 connections in 11 real seconds, 0 bytes read per connection
Execution 37
s_time: verify depth is 1
769 connections in 4.72s; 162.92 connections/user sec, bytes read 0
769 connections in 13 real seconds, 0 bytes read per connection
Execution 38
s_time: verify depth is 1
634 connections in 3.84s; 165.10 connections/user sec, bytes read 0
634 connections in 11 real seconds, 0 bytes read per connection
Execution 39
s_time: verify depth is 1
779 connections in 4.67s; 166.81 connections/user sec, bytes read 0
779 connections in 11 real seconds, 0 bytes read per connection
Execution 40
s_time: verify depth is 1
994 connections in 5.91s; 168.19 connections/user sec, bytes read 0
994 connections in 14 real seconds, 0 bytes read per connection
Execution 41
s_time: verify depth is 1
773 connections in 4.69s; 164.82 connections/user sec, bytes read 0
773 connections in 11 real seconds, 0 bytes read per connection
Execution 42
s_time: verify depth is 1
883 connections in 5.22s; 169.16 connections/user sec, bytes read 0
883 connections in 11 real seconds, 0 bytes read per connection
Execution 43
s_time: verify depth is 1
812 connections in 5.07s; 160.16 connections/user sec, bytes read 0
812 connections in 14 real seconds, 0 bytes read per connection
Execution 44
s_time: verify depth is 1
808 connections in 4.84s; 166.94 connections/user sec, bytes read 0
808 connections in 11 real seconds, 0 bytes read per connection
Execution 45
s_time: verify depth is 1
708 connections in 4.23s; 167.38 connections/user sec, bytes read 0
708 connections in 11 real seconds, 0 bytes read per connection
Execution 46
s_time: verify depth is 1
716 connections in 4.31s; 166.13 connections/user sec, bytes read 0
716 connections in 14 real seconds, 0 bytes read per connection
Execution 47
s_time: verify depth is 1
698 connections in 4.27s; 163.47 connections/user sec, bytes read 0
698 connections in 11 real seconds, 0 bytes read per connection
Execution 48
s_time: verify depth is 1
929 connections in 5.54s; 167.69 connections/user sec, bytes read 0
929 connections in 11 real seconds, 0 bytes read per connection
Execution 49
s_time: verify depth is 1
813 connections in 4.94s; 164.57 connections/user sec, bytes read 0
813 connections in 14 real seconds, 0 bytes read per connection
Execution 50
s_time: verify depth is 1
761 connections in 4.60s; 165.43 connections/user sec, bytes read 0
761 connections in 11 real seconds, 0 bytes read per connection
tc
Mostrando el estado de qdisc para la interfaz: lo
qdisc netem 8087: root refcnt 2 limit 1000 loss 0.2%
 Sent 0 bytes 0 pkt (dropped 0, overlimits 0 requeues 0) 
 backlog 0b 0p requeues 0
-----
-----
Certificate request self-signature ok
subject=CN=localhost
Running /opt/oqssa/bin/perftestServer.sh with SIG_ALG=mldsa87 and KEM_ALG=P-521

Using default temp DH parameters
ACCEPT
Execution 1
s_time: verify depth is 1
430 connections in 3.85s; 111.69 connections/user sec, bytes read 0
430 connections in 11 real seconds, 0 bytes read per connection
Execution 2
s_time: verify depth is 1
365 connections in 3.27s; 111.62 connections/user sec, bytes read 0
365 connections in 11 real seconds, 0 bytes read per connection
Execution 3
s_time: verify depth is 1
383 connections in 3.56s; 107.58 connections/user sec, bytes read 0
383 connections in 11 real seconds, 0 bytes read per connection
Execution 4
s_time: verify depth is 1
532 connections in 4.83s; 110.14 connections/user sec, bytes read 0
532 connections in 11 real seconds, 0 bytes read per connection
Execution 5
s_time: verify depth is 1
620 connections in 5.54s; 111.91 connections/user sec, bytes read 0
620 connections in 15 real seconds, 0 bytes read per connection
Execution 6
s_time: verify depth is 1
484 connections in 4.41s; 109.75 connections/user sec, bytes read 0
484 connections in 11 real seconds, 0 bytes read per connection
Execution 7
s_time: verify depth is 1
534 connections in 4.90s; 108.98 connections/user sec, bytes read 0
534 connections in 11 real seconds, 0 bytes read per connection
Execution 8
s_time: verify depth is 1
534 connections in 4.92s; 108.54 connections/user sec, bytes read 0
534 connections in 13 real seconds, 0 bytes read per connection
Execution 9
s_time: verify depth is 1
472 connections in 4.29s; 110.02 connections/user sec, bytes read 0
472 connections in 11 real seconds, 0 bytes read per connection
Execution 10
s_time: verify depth is 1
527 connections in 4.81s; 109.56 connections/user sec, bytes read 0
527 connections in 11 real seconds, 0 bytes read per connection
Execution 11
s_time: verify depth is 1
538 connections in 4.84s; 111.16 connections/user sec, bytes read 0
538 connections in 14 real seconds, 0 bytes read per connection
Execution 12
s_time: verify depth is 1
475 connections in 4.28s; 110.98 connections/user sec, bytes read 0
475 connections in 11 real seconds, 0 bytes read per connection
Execution 13
s_time: verify depth is 1
559 connections in 5.13s; 108.97 connections/user sec, bytes read 0
559 connections in 11 real seconds, 0 bytes read per connection
Execution 14
s_time: verify depth is 1
581 connections in 5.27s; 110.25 connections/user sec, bytes read 0
581 connections in 14 real seconds, 0 bytes read per connection
Execution 15
s_time: verify depth is 1
573 connections in 5.26s; 108.94 connections/user sec, bytes read 0
573 connections in 11 real seconds, 0 bytes read per connection
Execution 16
s_time: verify depth is 1
524 connections in 4.75s; 110.32 connections/user sec, bytes read 0
524 connections in 11 real seconds, 0 bytes read per connection
Execution 17
s_time: verify depth is 1
446 connections in 4.02s; 110.95 connections/user sec, bytes read 0
446 connections in 14 real seconds, 0 bytes read per connection
Execution 18
s_time: verify depth is 1
429 connections in 3.99s; 107.52 connections/user sec, bytes read 0
429 connections in 11 real seconds, 0 bytes read per connection
Execution 19
s_time: verify depth is 1
595 connections in 5.41s; 109.98 connections/user sec, bytes read 0
595 connections in 11 real seconds, 0 bytes read per connection
Execution 20
s_time: verify depth is 1
543 connections in 4.90s; 110.82 connections/user sec, bytes read 0
543 connections in 13 real seconds, 0 bytes read per connection
Execution 21
s_time: verify depth is 1
405 connections in 3.64s; 111.26 connections/user sec, bytes read 0
405 connections in 11 real seconds, 0 bytes read per connection
Execution 22
s_time: verify depth is 1
489 connections in 4.44s; 110.14 connections/user sec, bytes read 0
489 connections in 11 real seconds, 0 bytes read per connection
Execution 23
s_time: verify depth is 1
628 connections in 5.65s; 111.15 connections/user sec, bytes read 0
628 connections in 11 real seconds, 0 bytes read per connection
Execution 24
s_time: verify depth is 1
377 connections in 3.46s; 108.96 connections/user sec, bytes read 0
377 connections in 11 real seconds, 0 bytes read per connection
Execution 25
s_time: verify depth is 1
610 connections in 5.53s; 110.31 connections/user sec, bytes read 0
610 connections in 11 real seconds, 0 bytes read per connection
Execution 26
s_time: verify depth is 1
550 connections in 4.94s; 111.34 connections/user sec, bytes read 0
550 connections in 11 real seconds, 0 bytes read per connection
Execution 27
s_time: verify depth is 1
321 connections in 2.81s; 114.23 connections/user sec, bytes read 0
321 connections in 11 real seconds, 0 bytes read per connection
Execution 28
s_time: verify depth is 1
494 connections in 4.38s; 112.79 connections/user sec, bytes read 0
494 connections in 11 real seconds, 0 bytes read per connection
Execution 29
s_time: verify depth is 1
492 connections in 4.33s; 113.63 connections/user sec, bytes read 0
492 connections in 11 real seconds, 0 bytes read per connection
Execution 30
s_time: verify depth is 1
401 connections in 3.63s; 110.47 connections/user sec, bytes read 0
401 connections in 11 real seconds, 0 bytes read per connection
Execution 31
s_time: verify depth is 1
501 connections in 4.60s; 108.91 connections/user sec, bytes read 0
501 connections in 11 real seconds, 0 bytes read per connection
Execution 32
s_time: verify depth is 1
633 connections in 5.68s; 111.44 connections/user sec, bytes read 0
633 connections in 11 real seconds, 0 bytes read per connection
Execution 33
s_time: verify depth is 1
318 connections in 3.06s; 103.92 connections/user sec, bytes read 0
318 connections in 12 real seconds, 0 bytes read per connection
Execution 34
s_time: verify depth is 1
547 connections in 5.04s; 108.53 connections/user sec, bytes read 0
547 connections in 11 real seconds, 0 bytes read per connection
Execution 35
s_time: verify depth is 1
614 connections in 5.66s; 108.48 connections/user sec, bytes read 0
614 connections in 11 real seconds, 0 bytes read per connection
Execution 36
s_time: verify depth is 1
569 connections in 5.06s; 112.45 connections/user sec, bytes read 0
569 connections in 14 real seconds, 0 bytes read per connection
Execution 37
s_time: verify depth is 1
376 connections in 3.46s; 108.67 connections/user sec, bytes read 0
376 connections in 11 real seconds, 0 bytes read per connection
Execution 38
s_time: verify depth is 1
512 connections in 4.74s; 108.02 connections/user sec, bytes read 0
512 connections in 11 real seconds, 0 bytes read per connection
Execution 39
s_time: verify depth is 1
556 connections in 5.07s; 109.66 connections/user sec, bytes read 0
556 connections in 13 real seconds, 0 bytes read per connection
Execution 40
s_time: verify depth is 1
444 connections in 4.13s; 107.51 connections/user sec, bytes read 0
444 connections in 11 real seconds, 0 bytes read per connection
Execution 41
s_time: verify depth is 1
361 connections in 3.21s; 112.46 connections/user sec, bytes read 0
361 connections in 11 real seconds, 0 bytes read per connection
Execution 42
s_time: verify depth is 1
401 connections in 3.64s; 110.16 connections/user sec, bytes read 0
401 connections in 11 real seconds, 0 bytes read per connection
Execution 43
s_time: verify depth is 1
322 connections in 2.96s; 108.78 connections/user sec, bytes read 0
322 connections in 11 real seconds, 0 bytes read per connection
Execution 44
s_time: verify depth is 1
638 connections in 6.00s; 106.33 connections/user sec, bytes read 0
638 connections in 11 real seconds, 0 bytes read per connection
Execution 45
s_time: verify depth is 1
429 connections in 3.88s; 110.57 connections/user sec, bytes read 0
429 connections in 11 real seconds, 0 bytes read per connection
Execution 46
s_time: verify depth is 1
460 connections in 4.17s; 110.31 connections/user sec, bytes read 0
460 connections in 11 real seconds, 0 bytes read per connection
Execution 47
s_time: verify depth is 1
619 connections in 5.66s; 109.36 connections/user sec, bytes read 0
619 connections in 11 real seconds, 0 bytes read per connection
Execution 48
s_time: verify depth is 1
540 connections in 4.90s; 110.20 connections/user sec, bytes read 0
540 connections in 11 real seconds, 0 bytes read per connection
Execution 49
s_time: verify depth is 1
456 connections in 4.11s; 110.95 connections/user sec, bytes read 0
456 connections in 11 real seconds, 0 bytes read per connection
Execution 50
s_time: verify depth is 1
529 connections in 4.84s; 109.30 connections/user sec, bytes read 0
529 connections in 11 real seconds, 0 bytes read per connection
tc
Mostrando el estado de qdisc para la interfaz: lo
qdisc netem 8088: root refcnt 2 limit 1000 loss 0.2%
 Sent 0 bytes 0 pkt (dropped 0, overlimits 0 requeues 0) 
 backlog 0b 0p requeues 0
-----
-----
Certificate request self-signature ok
subject=CN=localhost
Running /opt/oqssa/bin/perftestServer.sh with SIG_ALG=mldsa87 and KEM_ALG=mlkem1024

Using default temp DH parameters
ACCEPT
Execution 1
s_time: verify depth is 1
1585 connections in 1.50s; 1056.67 connections/user sec, bytes read 0
1585 connections in 11 real seconds, 0 bytes read per connection
Execution 2
s_time: verify depth is 1
712 connections in 0.66s; 1078.79 connections/user sec, bytes read 0
712 connections in 11 real seconds, 0 bytes read per connection
Execution 3
s_time: verify depth is 1
1635 connections in 1.54s; 1061.69 connections/user sec, bytes read 0
1635 connections in 11 real seconds, 0 bytes read per connection
Execution 4
s_time: verify depth is 1
2310 connections in 2.22s; 1040.54 connections/user sec, bytes read 0
2310 connections in 11 real seconds, 0 bytes read per connection
Execution 5
s_time: verify depth is 1
1203 connections in 1.14s; 1055.26 connections/user sec, bytes read 0
1203 connections in 13 real seconds, 0 bytes read per connection
Execution 6
s_time: verify depth is 1
2227 connections in 2.17s; 1026.27 connections/user sec, bytes read 0
2227 connections in 11 real seconds, 0 bytes read per connection
Execution 7
s_time: verify depth is 1
2344 connections in 2.17s; 1080.18 connections/user sec, bytes read 0
2344 connections in 11 real seconds, 0 bytes read per connection
Execution 8
s_time: verify depth is 1
1452 connections in 1.50s; 968.00 connections/user sec, bytes read 0
1452 connections in 14 real seconds, 0 bytes read per connection
Execution 9
s_time: verify depth is 1
1838 connections in 1.76s; 1044.32 connections/user sec, bytes read 0
1838 connections in 11 real seconds, 0 bytes read per connection
Execution 10
s_time: verify depth is 1
1761 connections in 1.69s; 1042.01 connections/user sec, bytes read 0
1761 connections in 11 real seconds, 0 bytes read per connection
Execution 11
s_time: verify depth is 1
1164 connections in 1.08s; 1077.78 connections/user sec, bytes read 0
1164 connections in 14 real seconds, 0 bytes read per connection
Execution 12
s_time: verify depth is 1
1710 connections in 1.55s; 1103.23 connections/user sec, bytes read 0
1710 connections in 11 real seconds, 0 bytes read per connection
Execution 13
s_time: verify depth is 1
1633 connections in 1.49s; 1095.97 connections/user sec, bytes read 0
1633 connections in 11 real seconds, 0 bytes read per connection
Execution 14
s_time: verify depth is 1
1119 connections in 1.09s; 1026.61 connections/user sec, bytes read 0
1119 connections in 14 real seconds, 0 bytes read per connection
Execution 15
s_time: verify depth is 1
2600 connections in 2.43s; 1069.96 connections/user sec, bytes read 0
2600 connections in 11 real seconds, 0 bytes read per connection
Execution 16
s_time: verify depth is 1
2075 connections in 2.06s; 1007.28 connections/user sec, bytes read 0
2075 connections in 11 real seconds, 0 bytes read per connection
Execution 17
s_time: verify depth is 1
1505 connections in 1.40s; 1075.00 connections/user sec, bytes read 0
1505 connections in 13 real seconds, 0 bytes read per connection
Execution 18
s_time: verify depth is 1
1640 connections in 1.56s; 1051.28 connections/user sec, bytes read 0
1640 connections in 11 real seconds, 0 bytes read per connection
Execution 19
s_time: verify depth is 1
1592 connections in 1.55s; 1027.10 connections/user sec, bytes read 0
1592 connections in 11 real seconds, 0 bytes read per connection
Execution 20
s_time: verify depth is 1
2554 connections in 2.36s; 1082.20 connections/user sec, bytes read 0
2554 connections in 14 real seconds, 0 bytes read per connection
Execution 21
s_time: verify depth is 1
1862 connections in 1.79s; 1040.22 connections/user sec, bytes read 0
1862 connections in 11 real seconds, 0 bytes read per connection
Execution 22
s_time: verify depth is 1
1784 connections in 1.75s; 1019.43 connections/user sec, bytes read 0
1784 connections in 11 real seconds, 0 bytes read per connection
Execution 23
s_time: verify depth is 1
1946 connections in 1.86s; 1046.24 connections/user sec, bytes read 0
1946 connections in 14 real seconds, 0 bytes read per connection
Execution 24
s_time: verify depth is 1
2231 connections in 2.07s; 1077.78 connections/user sec, bytes read 0
2231 connections in 11 real seconds, 0 bytes read per connection
Execution 25
s_time: verify depth is 1
1123 connections in 1.06s; 1059.43 connections/user sec, bytes read 0
1123 connections in 11 real seconds, 0 bytes read per connection
Execution 26
s_time: verify depth is 1
1192 connections in 1.12s; 1064.29 connections/user sec, bytes read 0
1192 connections in 14 real seconds, 0 bytes read per connection
Execution 27
s_time: verify depth is 1
2238 connections in 2.04s; 1097.06 connections/user sec, bytes read 0
2238 connections in 11 real seconds, 0 bytes read per connection
Execution 28
s_time: verify depth is 1
2125 connections in 2.01s; 1057.21 connections/user sec, bytes read 0
2125 connections in 11 real seconds, 0 bytes read per connection
Execution 29
s_time: verify depth is 1
2074 connections in 1.96s; 1058.16 connections/user sec, bytes read 0
2074 connections in 13 real seconds, 0 bytes read per connection
Execution 30
s_time: verify depth is 1
1445 connections in 1.35s; 1070.37 connections/user sec, bytes read 0
1445 connections in 11 real seconds, 0 bytes read per connection
Execution 31
s_time: verify depth is 1
2406 connections in 2.25s; 1069.33 connections/user sec, bytes read 0
2406 connections in 11 real seconds, 0 bytes read per connection
Execution 32
s_time: verify depth is 1
1221 connections in 1.16s; 1052.59 connections/user sec, bytes read 0
1221 connections in 15 real seconds, 0 bytes read per connection
Execution 33
s_time: verify depth is 1
2931 connections in 2.81s; 1043.06 connections/user sec, bytes read 0
2931 connections in 11 real seconds, 0 bytes read per connection
Execution 34
s_time: verify depth is 1
2572 connections in 2.42s; 1062.81 connections/user sec, bytes read 0
2572 connections in 11 real seconds, 0 bytes read per connection
Execution 35
s_time: verify depth is 1
1553 connections in 1.48s; 1049.32 connections/user sec, bytes read 0
1553 connections in 13 real seconds, 0 bytes read per connection
Execution 36
s_time: verify depth is 1
2391 connections in 2.32s; 1030.60 connections/user sec, bytes read 0
2391 connections in 11 real seconds, 0 bytes read per connection
Execution 37
s_time: verify depth is 1
1865 connections in 1.70s; 1097.06 connections/user sec, bytes read 0
1865 connections in 11 real seconds, 0 bytes read per connection
Execution 38
s_time: verify depth is 1
1369 connections in 1.36s; 1006.62 connections/user sec, bytes read 0
1369 connections in 14 real seconds, 0 bytes read per connection
Execution 39
s_time: verify depth is 1
1964 connections in 1.88s; 1044.68 connections/user sec, bytes read 0
1964 connections in 11 real seconds, 0 bytes read per connection
Execution 40
s_time: verify depth is 1
1547 connections in 1.48s; 1045.27 connections/user sec, bytes read 0
1547 connections in 11 real seconds, 0 bytes read per connection
Execution 41
s_time: verify depth is 1
1396 connections in 1.30s; 1073.85 connections/user sec, bytes read 0
1396 connections in 14 real seconds, 0 bytes read per connection
Execution 42
s_time: verify depth is 1
1705 connections in 1.56s; 1092.95 connections/user sec, bytes read 0
1705 connections in 11 real seconds, 0 bytes read per connection
Execution 43
s_time: verify depth is 1
1794 connections in 1.75s; 1025.14 connections/user sec, bytes read 0
1794 connections in 11 real seconds, 0 bytes read per connection
Execution 44
s_time: verify depth is 1
1676 connections in 1.51s; 1109.93 connections/user sec, bytes read 0
1676 connections in 14 real seconds, 0 bytes read per connection
Execution 45
s_time: verify depth is 1
2167 connections in 2.12s; 1022.17 connections/user sec, bytes read 0
2167 connections in 12 real seconds, 0 bytes read per connection
Execution 46
s_time: verify depth is 1
1916 connections in 1.81s; 1058.56 connections/user sec, bytes read 0
1916 connections in 11 real seconds, 0 bytes read per connection
Execution 47
s_time: verify depth is 1
1747 connections in 1.62s; 1078.40 connections/user sec, bytes read 0
1747 connections in 13 real seconds, 0 bytes read per connection
Execution 48
s_time: verify depth is 1
1691 connections in 1.60s; 1056.88 connections/user sec, bytes read 0
1691 connections in 11 real seconds, 0 bytes read per connection
Execution 49
s_time: verify depth is 1
2224 connections in 2.13s; 1044.13 connections/user sec, bytes read 0
2224 connections in 11 real seconds, 0 bytes read per connection
Execution 50
s_time: verify depth is 1
1007 connections in 0.94s; 1071.28 connections/user sec, bytes read 0
1007 connections in 14 real seconds, 0 bytes read per connection
tc
Mostrando el estado de qdisc para la interfaz: lo
qdisc netem 8089: root refcnt 2 limit 1000 loss 0.2%
 Sent 0 bytes 0 pkt (dropped 0, overlimits 0 requeues 0) 
 backlog 0b 0p requeues 0
-----
-----
Certificate request self-signature ok
subject=CN=localhost
Running /opt/oqssa/bin/perftestServer.sh with SIG_ALG=falcon1024 and KEM_ALG=P-521

Using default temp DH parameters
ACCEPT
Execution 1
s_time: verify depth is 1
485 connections in 4.48s; 108.26 connections/user sec, bytes read 0
485 connections in 11 real seconds, 0 bytes read per connection
Execution 2
s_time: verify depth is 1
626 connections in 5.81s; 107.75 connections/user sec, bytes read 0
626 connections in 11 real seconds, 0 bytes read per connection
Execution 3
s_time: verify depth is 1
317 connections in 2.85s; 111.23 connections/user sec, bytes read 0
317 connections in 11 real seconds, 0 bytes read per connection
Execution 4
s_time: verify depth is 1
541 connections in 5.04s; 107.34 connections/user sec, bytes read 0
541 connections in 11 real seconds, 0 bytes read per connection
Execution 5
s_time: verify depth is 1
480 connections in 4.43s; 108.35 connections/user sec, bytes read 0
480 connections in 11 real seconds, 0 bytes read per connection
Execution 6
s_time: verify depth is 1
395 connections in 3.57s; 110.64 connections/user sec, bytes read 0
395 connections in 14 real seconds, 0 bytes read per connection
Execution 7
s_time: verify depth is 1
391 connections in 3.59s; 108.91 connections/user sec, bytes read 0
391 connections in 11 real seconds, 0 bytes read per connection
Execution 8
s_time: verify depth is 1
515 connections in 4.66s; 110.52 connections/user sec, bytes read 0
515 connections in 11 real seconds, 0 bytes read per connection
Execution 9
s_time: verify depth is 1
535 connections in 4.86s; 110.08 connections/user sec, bytes read 0
535 connections in 14 real seconds, 0 bytes read per connection
Execution 10
s_time: verify depth is 1
535 connections in 4.94s; 108.30 connections/user sec, bytes read 0
535 connections in 11 real seconds, 0 bytes read per connection
Execution 11
s_time: verify depth is 1
410 connections in 3.81s; 107.61 connections/user sec, bytes read 0
410 connections in 11 real seconds, 0 bytes read per connection
Execution 12
s_time: verify depth is 1
455 connections in 4.03s; 112.90 connections/user sec, bytes read 0
455 connections in 13 real seconds, 0 bytes read per connection
Execution 13
s_time: verify depth is 1
457 connections in 4.05s; 112.84 connections/user sec, bytes read 0
457 connections in 11 real seconds, 0 bytes read per connection
Execution 14
s_time: verify depth is 1
441 connections in 4.13s; 106.78 connections/user sec, bytes read 0
441 connections in 11 real seconds, 0 bytes read per connection
Execution 15
s_time: verify depth is 1
455 connections in 3.98s; 114.32 connections/user sec, bytes read 0
455 connections in 11 real seconds, 0 bytes read per connection
Execution 16
s_time: verify depth is 1
363 connections in 3.35s; 108.36 connections/user sec, bytes read 0
363 connections in 11 real seconds, 0 bytes read per connection
Execution 17
s_time: verify depth is 1
528 connections in 4.79s; 110.23 connections/user sec, bytes read 0
528 connections in 11 real seconds, 0 bytes read per connection
Execution 18
s_time: verify depth is 1
517 connections in 4.67s; 110.71 connections/user sec, bytes read 0
517 connections in 11 real seconds, 0 bytes read per connection
Execution 19
s_time: verify depth is 1
286 connections in 2.58s; 110.85 connections/user sec, bytes read 0
286 connections in 11 real seconds, 0 bytes read per connection
Execution 20
s_time: verify depth is 1
415 connections in 3.90s; 106.41 connections/user sec, bytes read 0
415 connections in 11 real seconds, 0 bytes read per connection
Execution 21
s_time: verify depth is 1
441 connections in 4.04s; 109.16 connections/user sec, bytes read 0
441 connections in 11 real seconds, 0 bytes read per connection
Execution 22
s_time: verify depth is 1
301 connections in 2.77s; 108.66 connections/user sec, bytes read 0
301 connections in 11 real seconds, 0 bytes read per connection
Execution 23
s_time: verify depth is 1
571 connections in 5.21s; 109.60 connections/user sec, bytes read 0
571 connections in 11 real seconds, 0 bytes read per connection
Execution 24
s_time: verify depth is 1
469 connections in 4.21s; 111.40 connections/user sec, bytes read 0
469 connections in 11 real seconds, 0 bytes read per connection
Execution 25
s_time: verify depth is 1
392 connections in 3.53s; 111.05 connections/user sec, bytes read 0
392 connections in 12 real seconds, 0 bytes read per connection
Execution 26
s_time: verify depth is 1
489 connections in 4.58s; 106.77 connections/user sec, bytes read 0
489 connections in 11 real seconds, 0 bytes read per connection
Execution 27
s_time: verify depth is 1
508 connections in 4.67s; 108.78 connections/user sec, bytes read 0
508 connections in 11 real seconds, 0 bytes read per connection
Execution 28
s_time: verify depth is 1
473 connections in 4.27s; 110.77 connections/user sec, bytes read 0
473 connections in 14 real seconds, 0 bytes read per connection
Execution 29
s_time: verify depth is 1
468 connections in 4.34s; 107.83 connections/user sec, bytes read 0
468 connections in 11 real seconds, 0 bytes read per connection
Execution 30
s_time: verify depth is 1
430 connections in 3.87s; 111.11 connections/user sec, bytes read 0
430 connections in 11 real seconds, 0 bytes read per connection
Execution 31
s_time: verify depth is 1
571 connections in 5.19s; 110.02 connections/user sec, bytes read 0
571 connections in 13 real seconds, 0 bytes read per connection
Execution 32
s_time: verify depth is 1
454 connections in 4.15s; 109.40 connections/user sec, bytes read 0
454 connections in 11 real seconds, 0 bytes read per connection
Execution 33
s_time: verify depth is 1
569 connections in 5.10s; 111.57 connections/user sec, bytes read 0
569 connections in 11 real seconds, 0 bytes read per connection
Execution 34
s_time: verify depth is 1
594 connections in 5.43s; 109.39 connections/user sec, bytes read 0
594 connections in 11 real seconds, 0 bytes read per connection
Execution 35
s_time: verify depth is 1
380 connections in 3.40s; 111.76 connections/user sec, bytes read 0
380 connections in 11 real seconds, 0 bytes read per connection
Execution 36
s_time: verify depth is 1
604 connections in 5.67s; 106.53 connections/user sec, bytes read 0
604 connections in 11 real seconds, 0 bytes read per connection
Execution 37
s_time: verify depth is 1
579 connections in 5.22s; 110.92 connections/user sec, bytes read 0
579 connections in 11 real seconds, 0 bytes read per connection
Execution 38
s_time: verify depth is 1
357 connections in 3.31s; 107.85 connections/user sec, bytes read 0
357 connections in 11 real seconds, 0 bytes read per connection
Execution 39
s_time: verify depth is 1
486 connections in 4.49s; 108.24 connections/user sec, bytes read 0
486 connections in 11 real seconds, 0 bytes read per connection
Execution 40
s_time: verify depth is 1
569 connections in 5.19s; 109.63 connections/user sec, bytes read 0
569 connections in 11 real seconds, 0 bytes read per connection
Execution 41
s_time: verify depth is 1
275 connections in 2.48s; 110.89 connections/user sec, bytes read 0
275 connections in 11 real seconds, 0 bytes read per connection
Execution 42
s_time: verify depth is 1
493 connections in 4.57s; 107.88 connections/user sec, bytes read 0
493 connections in 11 real seconds, 0 bytes read per connection
Execution 43
s_time: verify depth is 1
531 connections in 4.81s; 110.40 connections/user sec, bytes read 0
531 connections in 11 real seconds, 0 bytes read per connection
Execution 44
s_time: verify depth is 1
405 connections in 3.78s; 107.14 connections/user sec, bytes read 0
405 connections in 12 real seconds, 0 bytes read per connection
Execution 45
s_time: verify depth is 1
568 connections in 5.20s; 109.23 connections/user sec, bytes read 0
568 connections in 11 real seconds, 0 bytes read per connection
Execution 46
s_time: verify depth is 1
467 connections in 4.30s; 108.60 connections/user sec, bytes read 0
467 connections in 11 real seconds, 0 bytes read per connection
Execution 47
s_time: verify depth is 1
525 connections in 4.90s; 107.14 connections/user sec, bytes read 0
525 connections in 14 real seconds, 0 bytes read per connection
Execution 48
s_time: verify depth is 1
494 connections in 4.61s; 107.16 connections/user sec, bytes read 0
494 connections in 11 real seconds, 0 bytes read per connection
Execution 49
s_time: verify depth is 1
405 connections in 3.60s; 112.50 connections/user sec, bytes read 0
405 connections in 11 real seconds, 0 bytes read per connection
Execution 50
s_time: verify depth is 1
478 connections in 4.30s; 111.16 connections/user sec, bytes read 0
478 connections in 13 real seconds, 0 bytes read per connection
tc
Mostrando el estado de qdisc para la interfaz: lo
qdisc netem 808a: root refcnt 2 limit 1000 loss 0.2%
 Sent 0 bytes 0 pkt (dropped 0, overlimits 0 requeues 0) 
 backlog 0b 0p requeues 0
-----
-----
Certificate request self-signature ok
subject=CN=localhost
Running /opt/oqssa/bin/perftestServer.sh with SIG_ALG=falcon1024 and KEM_ALG=mlkem1024

Using default temp DH parameters
ACCEPT
Execution 1
s_time: verify depth is 1
1322 connections in 1.39s; 951.08 connections/user sec, bytes read 0
1322 connections in 11 real seconds, 0 bytes read per connection
Execution 2
s_time: verify depth is 1
1916 connections in 1.92s; 997.92 connections/user sec, bytes read 0
1916 connections in 11 real seconds, 0 bytes read per connection
Execution 3
s_time: verify depth is 1
1087 connections in 1.09s; 997.25 connections/user sec, bytes read 0
1087 connections in 12 real seconds, 0 bytes read per connection
Execution 4
s_time: verify depth is 1
1804 connections in 1.81s; 996.69 connections/user sec, bytes read 0
1804 connections in 11 real seconds, 0 bytes read per connection
Execution 5
s_time: verify depth is 1
1436 connections in 1.49s; 963.76 connections/user sec, bytes read 0
1436 connections in 11 real seconds, 0 bytes read per connection
Execution 6
s_time: verify depth is 1
1172 connections in 1.20s; 976.67 connections/user sec, bytes read 0
1172 connections in 15 real seconds, 0 bytes read per connection
Execution 7
s_time: verify depth is 1
1563 connections in 1.50s; 1042.00 connections/user sec, bytes read 0
1563 connections in 11 real seconds, 0 bytes read per connection
Execution 8
s_time: verify depth is 1
1966 connections in 2.00s; 983.00 connections/user sec, bytes read 0
1966 connections in 11 real seconds, 0 bytes read per connection
Execution 9
s_time: verify depth is 1
1458 connections in 1.57s; 928.66 connections/user sec, bytes read 0
1458 connections in 14 real seconds, 0 bytes read per connection
Execution 10
s_time: verify depth is 1
1333 connections in 1.30s; 1025.38 connections/user sec, bytes read 0
1333 connections in 11 real seconds, 0 bytes read per connection
Execution 11
s_time: verify depth is 1
1577 connections in 1.63s; 967.48 connections/user sec, bytes read 0
1577 connections in 11 real seconds, 0 bytes read per connection
Execution 12
s_time: verify depth is 1
1333 connections in 1.33s; 1002.26 connections/user sec, bytes read 0
1333 connections in 13 real seconds, 0 bytes read per connection
Execution 13
s_time: verify depth is 1
1261 connections in 1.23s; 1025.20 connections/user sec, bytes read 0
1261 connections in 11 real seconds, 0 bytes read per connection
Execution 14
s_time: verify depth is 1
1584 connections in 1.52s; 1042.11 connections/user sec, bytes read 0
1584 connections in 11 real seconds, 0 bytes read per connection
Execution 15
s_time: verify depth is 1
1434 connections in 1.45s; 988.97 connections/user sec, bytes read 0
1434 connections in 14 real seconds, 0 bytes read per connection
Execution 16
s_time: verify depth is 1
1150 connections in 1.17s; 982.91 connections/user sec, bytes read 0
1150 connections in 11 real seconds, 0 bytes read per connection
Execution 17
s_time: verify depth is 1
1029 connections in 1.01s; 1018.81 connections/user sec, bytes read 0
1029 connections in 11 real seconds, 0 bytes read per connection
Execution 18
s_time: verify depth is 1
1028 connections in 1.02s; 1007.84 connections/user sec, bytes read 0
1028 connections in 14 real seconds, 0 bytes read per connection
Execution 19
s_time: verify depth is 1
1565 connections in 1.52s; 1029.61 connections/user sec, bytes read 0
1565 connections in 11 real seconds, 0 bytes read per connection
Execution 20
s_time: verify depth is 1
857 connections in 0.82s; 1045.12 connections/user sec, bytes read 0
857 connections in 11 real seconds, 0 bytes read per connection
Execution 21
s_time: verify depth is 1
992 connections in 0.96s; 1033.33 connections/user sec, bytes read 0
992 connections in 14 real seconds, 0 bytes read per connection
Execution 22
s_time: verify depth is 1
1583 connections in 1.49s; 1062.42 connections/user sec, bytes read 0
1583 connections in 11 real seconds, 0 bytes read per connection
Execution 23
s_time: verify depth is 1
2329 connections in 2.26s; 1030.53 connections/user sec, bytes read 0
2329 connections in 11 real seconds, 0 bytes read per connection
Execution 24
s_time: verify depth is 1
918 connections in 0.93s; 987.10 connections/user sec, bytes read 0
918 connections in 13 real seconds, 0 bytes read per connection
Execution 25
s_time: verify depth is 1
1936 connections in 1.93s; 1003.11 connections/user sec, bytes read 0
1936 connections in 11 real seconds, 0 bytes read per connection
Execution 26
s_time: verify depth is 1
996 connections in 0.96s; 1037.50 connections/user sec, bytes read 0
996 connections in 11 real seconds, 0 bytes read per connection
Execution 27
s_time: verify depth is 1
1767 connections in 1.77s; 998.31 connections/user sec, bytes read 0
1767 connections in 14 real seconds, 0 bytes read per connection
Execution 28
s_time: verify depth is 1
1669 connections in 1.57s; 1063.06 connections/user sec, bytes read 0
1669 connections in 11 real seconds, 0 bytes read per connection
Execution 29
s_time: verify depth is 1
1169 connections in 1.20s; 974.17 connections/user sec, bytes read 0
1169 connections in 11 real seconds, 0 bytes read per connection
Execution 30
s_time: verify depth is 1
1338 connections in 1.35s; 991.11 connections/user sec, bytes read 0
1338 connections in 14 real seconds, 0 bytes read per connection
Execution 31
s_time: verify depth is 1
1551 connections in 1.51s; 1027.15 connections/user sec, bytes read 0
1551 connections in 11 real seconds, 0 bytes read per connection
Execution 32
s_time: verify depth is 1
1906 connections in 1.92s; 992.71 connections/user sec, bytes read 0
1906 connections in 11 real seconds, 0 bytes read per connection
Execution 33
s_time: verify depth is 1
1638 connections in 1.59s; 1030.19 connections/user sec, bytes read 0
1638 connections in 14 real seconds, 0 bytes read per connection
Execution 34
s_time: verify depth is 1
1481 connections in 1.44s; 1028.47 connections/user sec, bytes read 0
1481 connections in 11 real seconds, 0 bytes read per connection
Execution 35
s_time: verify depth is 1
1398 connections in 1.34s; 1043.28 connections/user sec, bytes read 0
1398 connections in 11 real seconds, 0 bytes read per connection
Execution 36
s_time: verify depth is 1
1206 connections in 1.12s; 1076.79 connections/user sec, bytes read 0
1206 connections in 14 real seconds, 0 bytes read per connection
Execution 37
s_time: verify depth is 1
1621 connections in 1.54s; 1052.60 connections/user sec, bytes read 0
1621 connections in 11 real seconds, 0 bytes read per connection
Execution 38
s_time: verify depth is 1
1547 connections in 1.52s; 1017.76 connections/user sec, bytes read 0
1547 connections in 11 real seconds, 0 bytes read per connection
Execution 39
s_time: verify depth is 1
1171 connections in 1.09s; 1074.31 connections/user sec, bytes read 0
1171 connections in 13 real seconds, 0 bytes read per connection
Execution 40
s_time: verify depth is 1
2050 connections in 1.91s; 1073.30 connections/user sec, bytes read 0
2050 connections in 11 real seconds, 0 bytes read per connection
Execution 41
s_time: verify depth is 1
995 connections in 1.00s; 995.00 connections/user sec, bytes read 0
995 connections in 11 real seconds, 0 bytes read per connection
Execution 42
s_time: verify depth is 1
1731 connections in 1.68s; 1030.36 connections/user sec, bytes read 0
1731 connections in 14 real seconds, 0 bytes read per connection
Execution 43
s_time: verify depth is 1
1983 connections in 1.88s; 1054.79 connections/user sec, bytes read 0
1983 connections in 11 real seconds, 0 bytes read per connection
Execution 44
s_time: verify depth is 1
1529 connections in 1.50s; 1019.33 connections/user sec, bytes read 0
1529 connections in 11 real seconds, 0 bytes read per connection
Execution 45
s_time: verify depth is 1
2009 connections in 1.97s; 1019.80 connections/user sec, bytes read 0
2009 connections in 15 real seconds, 0 bytes read per connection
Execution 46
s_time: verify depth is 1
1892 connections in 1.86s; 1017.20 connections/user sec, bytes read 0
1892 connections in 11 real seconds, 0 bytes read per connection
Execution 47
s_time: verify depth is 1
1377 connections in 1.35s; 1020.00 connections/user sec, bytes read 0
1377 connections in 11 real seconds, 0 bytes read per connection
Execution 48
s_time: verify depth is 1
1965 connections in 1.86s; 1056.45 connections/user sec, bytes read 0
1965 connections in 14 real seconds, 0 bytes read per connection
Execution 49
s_time: verify depth is 1
922 connections in 0.89s; 1035.96 connections/user sec, bytes read 0
922 connections in 11 real seconds, 0 bytes read per connection
Execution 50
s_time: verify depth is 1
1625 connections in 1.58s; 1028.48 connections/user sec, bytes read 0
1625 connections in 11 real seconds, 0 bytes read per connection
tc
Mostrando el estado de qdisc para la interfaz: lo
qdisc netem 808b: root refcnt 2 limit 1000 loss 0.2%
 Sent 0 bytes 0 pkt (dropped 0, overlimits 0 requeues 0) 
 backlog 0b 0p requeues 0
-----
-----
Certificate request self-signature ok
subject=CN=localhost
Running /opt/oqssa/bin/perftestServer.sh with SIG_ALG=sphincssha2256fsimple and KEM_ALG=P-521

Using default temp DH parameters
ACCEPT
Execution 1
s_time: verify depth is 1
113 connections in 1.55s; 72.90 connections/user sec, bytes read 0
113 connections in 11 real seconds, 0 bytes read per connection
Execution 2
s_time: verify depth is 1
180 connections in 2.34s; 76.92 connections/user sec, bytes read 0
180 connections in 11 real seconds, 0 bytes read per connection
Execution 3
s_time: verify depth is 1
195 connections in 2.67s; 73.03 connections/user sec, bytes read 0
195 connections in 11 real seconds, 0 bytes read per connection
Execution 4
s_time: verify depth is 1
171 connections in 2.21s; 77.38 connections/user sec, bytes read 0
171 connections in 13 real seconds, 0 bytes read per connection
Execution 5
s_time: verify depth is 1
168 connections in 2.18s; 77.06 connections/user sec, bytes read 0
168 connections in 11 real seconds, 0 bytes read per connection
Execution 6
s_time: verify depth is 1
179 connections in 2.35s; 76.17 connections/user sec, bytes read 0
179 connections in 11 real seconds, 0 bytes read per connection
Execution 7
s_time: verify depth is 1
204 connections in 2.55s; 80.00 connections/user sec, bytes read 0
204 connections in 11 real seconds, 0 bytes read per connection
Execution 8
s_time: verify depth is 1
130 connections in 1.65s; 78.79 connections/user sec, bytes read 0
130 connections in 11 real seconds, 0 bytes read per connection
Execution 9
s_time: verify depth is 1
156 connections in 2.04s; 76.47 connections/user sec, bytes read 0
156 connections in 11 real seconds, 0 bytes read per connection
Execution 10
s_time: verify depth is 1
201 connections in 2.65s; 75.85 connections/user sec, bytes read 0
201 connections in 11 real seconds, 0 bytes read per connection
Execution 11
s_time: verify depth is 1
132 connections in 1.70s; 77.65 connections/user sec, bytes read 0
132 connections in 11 real seconds, 0 bytes read per connection
Execution 12
s_time: verify depth is 1
182 connections in 2.35s; 77.45 connections/user sec, bytes read 0
182 connections in 11 real seconds, 0 bytes read per connection
Execution 13
s_time: verify depth is 1
198 connections in 2.49s; 79.52 connections/user sec, bytes read 0
198 connections in 11 real seconds, 0 bytes read per connection
Execution 14
s_time: verify depth is 1
138 connections in 1.78s; 77.53 connections/user sec, bytes read 0
138 connections in 11 real seconds, 0 bytes read per connection
Execution 15
s_time: verify depth is 1
200 connections in 2.67s; 74.91 connections/user sec, bytes read 0
200 connections in 11 real seconds, 0 bytes read per connection
Execution 16
s_time: verify depth is 1
185 connections in 2.39s; 77.41 connections/user sec, bytes read 0
185 connections in 11 real seconds, 0 bytes read per connection
Execution 17
s_time: verify depth is 1
116 connections in 1.53s; 75.82 connections/user sec, bytes read 0
116 connections in 11 real seconds, 0 bytes read per connection
Execution 18
s_time: verify depth is 1
194 connections in 2.47s; 78.54 connections/user sec, bytes read 0
194 connections in 11 real seconds, 0 bytes read per connection
Execution 19
s_time: verify depth is 1
197 connections in 2.52s; 78.17 connections/user sec, bytes read 0
197 connections in 11 real seconds, 0 bytes read per connection
Execution 20
s_time: verify depth is 1
193 connections in 2.49s; 77.51 connections/user sec, bytes read 0
193 connections in 14 real seconds, 0 bytes read per connection
Execution 21
s_time: verify depth is 1
193 connections in 2.52s; 76.59 connections/user sec, bytes read 0
193 connections in 11 real seconds, 0 bytes read per connection
Execution 22
s_time: verify depth is 1
198 connections in 2.55s; 77.65 connections/user sec, bytes read 0
198 connections in 11 real seconds, 0 bytes read per connection
Execution 23
s_time: verify depth is 1
174 connections in 2.17s; 80.18 connections/user sec, bytes read 0
174 connections in 13 real seconds, 0 bytes read per connection
Execution 24
s_time: verify depth is 1
184 connections in 2.42s; 76.03 connections/user sec, bytes read 0
184 connections in 11 real seconds, 0 bytes read per connection
Execution 25
s_time: verify depth is 1
207 connections in 2.69s; 76.95 connections/user sec, bytes read 0
207 connections in 11 real seconds, 0 bytes read per connection
Execution 26
s_time: verify depth is 1
204 connections in 2.66s; 76.69 connections/user sec, bytes read 0
204 connections in 11 real seconds, 0 bytes read per connection
Execution 27
s_time: verify depth is 1
139 connections in 1.78s; 78.09 connections/user sec, bytes read 0
139 connections in 11 real seconds, 0 bytes read per connection
Execution 28
s_time: verify depth is 1
200 connections in 2.60s; 76.92 connections/user sec, bytes read 0
200 connections in 12 real seconds, 0 bytes read per connection
Execution 29
s_time: verify depth is 1
186 connections in 2.48s; 75.00 connections/user sec, bytes read 0
186 connections in 11 real seconds, 0 bytes read per connection
Execution 30
s_time: verify depth is 1
139 connections in 1.82s; 76.37 connections/user sec, bytes read 0
139 connections in 11 real seconds, 0 bytes read per connection
Execution 31
s_time: verify depth is 1
164 connections in 2.13s; 77.00 connections/user sec, bytes read 0
164 connections in 11 real seconds, 0 bytes read per connection
Execution 32
s_time: verify depth is 1
202 connections in 2.76s; 73.19 connections/user sec, bytes read 0
202 connections in 11 real seconds, 0 bytes read per connection
Execution 33
s_time: verify depth is 1
126 connections in 1.67s; 75.45 connections/user sec, bytes read 0
126 connections in 11 real seconds, 0 bytes read per connection
Execution 34
s_time: verify depth is 1
182 connections in 2.37s; 76.79 connections/user sec, bytes read 0
182 connections in 11 real seconds, 0 bytes read per connection
Execution 35
s_time: verify depth is 1
196 connections in 2.59s; 75.68 connections/user sec, bytes read 0
196 connections in 11 real seconds, 0 bytes read per connection
Execution 36
s_time: verify depth is 1
130 connections in 1.66s; 78.31 connections/user sec, bytes read 0
130 connections in 11 real seconds, 0 bytes read per connection
Execution 37
s_time: verify depth is 1
200 connections in 2.57s; 77.82 connections/user sec, bytes read 0
200 connections in 11 real seconds, 0 bytes read per connection
Execution 38
s_time: verify depth is 1
173 connections in 2.29s; 75.55 connections/user sec, bytes read 0
173 connections in 11 real seconds, 0 bytes read per connection
Execution 39
s_time: verify depth is 1
165 connections in 2.15s; 76.74 connections/user sec, bytes read 0
165 connections in 14 real seconds, 0 bytes read per connection
Execution 40
s_time: verify depth is 1
176 connections in 2.44s; 72.13 connections/user sec, bytes read 0
176 connections in 11 real seconds, 0 bytes read per connection
Execution 41
s_time: verify depth is 1
206 connections in 2.65s; 77.74 connections/user sec, bytes read 0
206 connections in 11 real seconds, 0 bytes read per connection
Execution 42
s_time: verify depth is 1
169 connections in 2.25s; 75.11 connections/user sec, bytes read 0
169 connections in 13 real seconds, 0 bytes read per connection
Execution 43
s_time: verify depth is 1
184 connections in 2.38s; 77.31 connections/user sec, bytes read 0
184 connections in 11 real seconds, 0 bytes read per connection
Execution 44
s_time: verify depth is 1
172 connections in 2.23s; 77.13 connections/user sec, bytes read 0
172 connections in 11 real seconds, 0 bytes read per connection
Execution 45
s_time: verify depth is 1
177 connections in 2.34s; 75.64 connections/user sec, bytes read 0
177 connections in 11 real seconds, 0 bytes read per connection
Execution 46
s_time: verify depth is 1
118 connections in 1.56s; 75.64 connections/user sec, bytes read 0
118 connections in 11 real seconds, 0 bytes read per connection
Execution 47
s_time: verify depth is 1
171 connections in 2.27s; 75.33 connections/user sec, bytes read 0
171 connections in 11 real seconds, 0 bytes read per connection
Execution 48
s_time: verify depth is 1
205 connections in 2.64s; 77.65 connections/user sec, bytes read 0
205 connections in 11 real seconds, 0 bytes read per connection
Execution 49
s_time: verify depth is 1
98 connections in 1.32s; 74.24 connections/user sec, bytes read 0
98 connections in 11 real seconds, 0 bytes read per connection
Execution 50
s_time: verify depth is 1
186 connections in 2.40s; 77.50 connections/user sec, bytes read 0
186 connections in 11 real seconds, 0 bytes read per connection
tc
Mostrando el estado de qdisc para la interfaz: lo
qdisc netem 808c: root refcnt 2 limit 1000 loss 0.2%
 Sent 0 bytes 0 pkt (dropped 0, overlimits 0 requeues 0) 
 backlog 0b 0p requeues 0
-----
-----
Certificate request self-signature ok
subject=CN=localhost
Running /opt/oqssa/bin/perftestServer.sh with SIG_ALG=sphincssha2256fsimple and KEM_ALG=mlkem1024

Using default temp DH parameters
ACCEPT
Execution 1
s_time: verify depth is 1
226 connections in 1.20s; 188.33 connections/user sec, bytes read 0
226 connections in 11 real seconds, 0 bytes read per connection
Execution 2
s_time: verify depth is 1
147 connections in 0.77s; 190.91 connections/user sec, bytes read 0
147 connections in 11 real seconds, 0 bytes read per connection
Execution 3
s_time: verify depth is 1
194 connections in 1.00s; 194.00 connections/user sec, bytes read 0
194 connections in 11 real seconds, 0 bytes read per connection
Execution 4
s_time: verify depth is 1
203 connections in 1.03s; 197.09 connections/user sec, bytes read 0
203 connections in 11 real seconds, 0 bytes read per connection
Execution 5
s_time: verify depth is 1
170 connections in 0.85s; 200.00 connections/user sec, bytes read 0
170 connections in 11 real seconds, 0 bytes read per connection
Execution 6
s_time: verify depth is 1
226 connections in 1.16s; 194.83 connections/user sec, bytes read 0
226 connections in 11 real seconds, 0 bytes read per connection
Execution 7
s_time: verify depth is 1
255 connections in 1.28s; 199.22 connections/user sec, bytes read 0
255 connections in 11 real seconds, 0 bytes read per connection
Execution 8
s_time: verify depth is 1
191 connections in 1.00s; 191.00 connections/user sec, bytes read 0
191 connections in 13 real seconds, 0 bytes read per connection
Execution 9
s_time: verify depth is 1
203 connections in 1.07s; 189.72 connections/user sec, bytes read 0
203 connections in 11 real seconds, 0 bytes read per connection
Execution 10
s_time: verify depth is 1
220 connections in 1.11s; 198.20 connections/user sec, bytes read 0
220 connections in 11 real seconds, 0 bytes read per connection
Execution 11
s_time: verify depth is 1
236 connections in 1.19s; 198.32 connections/user sec, bytes read 0
236 connections in 13 real seconds, 0 bytes read per connection
Execution 12
s_time: verify depth is 1
230 connections in 1.16s; 198.28 connections/user sec, bytes read 0
230 connections in 11 real seconds, 0 bytes read per connection
Execution 13
s_time: verify depth is 1
213 connections in 1.05s; 202.86 connections/user sec, bytes read 0
213 connections in 11 real seconds, 0 bytes read per connection
Execution 14
s_time: verify depth is 1
244 connections in 1.22s; 200.00 connections/user sec, bytes read 0
244 connections in 11 real seconds, 0 bytes read per connection
Execution 15
s_time: verify depth is 1
149 connections in 0.75s; 198.67 connections/user sec, bytes read 0
149 connections in 11 real seconds, 0 bytes read per connection
Execution 16
s_time: verify depth is 1
208 connections in 1.00s; 208.00 connections/user sec, bytes read 0
208 connections in 11 real seconds, 0 bytes read per connection
Execution 17
s_time: verify depth is 1
227 connections in 1.15s; 197.39 connections/user sec, bytes read 0
227 connections in 11 real seconds, 0 bytes read per connection
Execution 18
s_time: verify depth is 1
116 connections in 0.62s; 187.10 connections/user sec, bytes read 0
116 connections in 11 real seconds, 0 bytes read per connection
Execution 19
s_time: verify depth is 1
235 connections in 1.16s; 202.59 connections/user sec, bytes read 0
235 connections in 11 real seconds, 0 bytes read per connection
Execution 20
s_time: verify depth is 1
230 connections in 1.15s; 200.00 connections/user sec, bytes read 0
230 connections in 11 real seconds, 0 bytes read per connection
Execution 21
s_time: verify depth is 1
142 connections in 0.70s; 202.86 connections/user sec, bytes read 0
142 connections in 11 real seconds, 0 bytes read per connection
Execution 22
s_time: verify depth is 1
213 connections in 1.06s; 200.94 connections/user sec, bytes read 0
213 connections in 11 real seconds, 0 bytes read per connection
Execution 23
s_time: verify depth is 1
199 connections in 0.98s; 203.06 connections/user sec, bytes read 0
199 connections in 11 real seconds, 0 bytes read per connection
Execution 24
s_time: verify depth is 1
171 connections in 0.88s; 194.32 connections/user sec, bytes read 0
171 connections in 12 real seconds, 0 bytes read per connection
Execution 25
s_time: verify depth is 1
240 connections in 1.19s; 201.68 connections/user sec, bytes read 0
240 connections in 11 real seconds, 0 bytes read per connection
Execution 26
s_time: verify depth is 1
233 connections in 1.18s; 197.46 connections/user sec, bytes read 0
233 connections in 11 real seconds, 0 bytes read per connection
Execution 27
s_time: verify depth is 1
200 connections in 1.04s; 192.31 connections/user sec, bytes read 0
200 connections in 14 real seconds, 0 bytes read per connection
Execution 28
s_time: verify depth is 1
239 connections in 1.19s; 200.84 connections/user sec, bytes read 0
239 connections in 11 real seconds, 0 bytes read per connection
Execution 29
s_time: verify depth is 1
207 connections in 1.08s; 191.67 connections/user sec, bytes read 0
207 connections in 11 real seconds, 0 bytes read per connection
Execution 30
s_time: verify depth is 1
236 connections in 1.21s; 195.04 connections/user sec, bytes read 0
236 connections in 13 real seconds, 0 bytes read per connection
Execution 31
s_time: verify depth is 1
233 connections in 1.19s; 195.80 connections/user sec, bytes read 0
233 connections in 11 real seconds, 0 bytes read per connection
Execution 32
s_time: verify depth is 1
200 connections in 1.00s; 200.00 connections/user sec, bytes read 0
200 connections in 11 real seconds, 0 bytes read per connection
Execution 33
s_time: verify depth is 1
212 connections in 1.08s; 196.30 connections/user sec, bytes read 0
212 connections in 11 real seconds, 0 bytes read per connection
Execution 34
s_time: verify depth is 1
155 connections in 0.79s; 196.20 connections/user sec, bytes read 0
155 connections in 11 real seconds, 0 bytes read per connection
Execution 35
s_time: verify depth is 1
219 connections in 1.14s; 192.11 connections/user sec, bytes read 0
219 connections in 11 real seconds, 0 bytes read per connection
Execution 36
s_time: verify depth is 1
227 connections in 1.19s; 190.76 connections/user sec, bytes read 0
227 connections in 11 real seconds, 0 bytes read per connection
Execution 37
s_time: verify depth is 1
141 connections in 0.73s; 193.15 connections/user sec, bytes read 0
141 connections in 11 real seconds, 0 bytes read per connection
Execution 38
s_time: verify depth is 1
198 connections in 1.02s; 194.12 connections/user sec, bytes read 0
198 connections in 11 real seconds, 0 bytes read per connection
Execution 39
s_time: verify depth is 1
224 connections in 1.16s; 193.10 connections/user sec, bytes read 0
224 connections in 11 real seconds, 0 bytes read per connection
Execution 40
s_time: verify depth is 1
142 connections in 0.69s; 205.80 connections/user sec, bytes read 0
142 connections in 11 real seconds, 0 bytes read per connection
Execution 41
s_time: verify depth is 1
221 connections in 1.12s; 197.32 connections/user sec, bytes read 0
221 connections in 11 real seconds, 0 bytes read per connection
Execution 42
s_time: verify depth is 1
215 connections in 1.08s; 199.07 connections/user sec, bytes read 0
215 connections in 11 real seconds, 0 bytes read per connection
Execution 43
s_time: verify depth is 1
168 connections in 0.84s; 200.00 connections/user sec, bytes read 0
168 connections in 12 real seconds, 0 bytes read per connection
Execution 44
s_time: verify depth is 1
191 connections in 0.98s; 194.90 connections/user sec, bytes read 0
191 connections in 11 real seconds, 0 bytes read per connection
Execution 45
s_time: verify depth is 1
237 connections in 1.17s; 202.56 connections/user sec, bytes read 0
237 connections in 11 real seconds, 0 bytes read per connection
Execution 46
s_time: verify depth is 1
244 connections in 1.29s; 189.15 connections/user sec, bytes read 0
244 connections in 14 real seconds, 0 bytes read per connection
Execution 47
s_time: verify depth is 1
205 connections in 1.08s; 189.81 connections/user sec, bytes read 0
205 connections in 11 real seconds, 0 bytes read per connection
Execution 48
s_time: verify depth is 1
204 connections in 1.06s; 192.45 connections/user sec, bytes read 0
204 connections in 11 real seconds, 0 bytes read per connection
Execution 49
s_time: verify depth is 1
203 connections in 1.02s; 199.02 connections/user sec, bytes read 0
203 connections in 13 real seconds, 0 bytes read per connection
Execution 50
s_time: verify depth is 1
163 connections in 0.79s; 206.33 connections/user sec, bytes read 0
163 connections in 11 real seconds, 0 bytes read per connection
tc
Mostrando el estado de qdisc para la interfaz: lo
qdisc netem 808d: root refcnt 2 limit 1000 loss 0.2%
 Sent 0 bytes 0 pkt (dropped 0, overlimits 0 requeues 0) 
 backlog 0b 0p requeues 0
-----
-----
Certificate request self-signature ok
subject=CN=localhost
Running /opt/oqssa/bin/perftestServer.sh with SIG_ALG=sphincssha2256ssimple and KEM_ALG=P-521

Using default temp DH parameters
ACCEPT
Execution 1
s_time: verify depth is 1
27 connections in 0.32s; 84.38 connections/user sec, bytes read 0
27 connections in 11 real seconds, 0 bytes read per connection
Execution 2
s_time: verify depth is 1
24 connections in 0.27s; 88.89 connections/user sec, bytes read 0
24 connections in 13 real seconds, 0 bytes read per connection
Execution 3
s_time: verify depth is 1
29 connections in 0.33s; 87.88 connections/user sec, bytes read 0
29 connections in 11 real seconds, 0 bytes read per connection
Execution 4
s_time: verify depth is 1
28 connections in 0.32s; 87.50 connections/user sec, bytes read 0
28 connections in 11 real seconds, 0 bytes read per connection
Execution 5
s_time: verify depth is 1
26 connections in 0.30s; 86.67 connections/user sec, bytes read 0
26 connections in 13 real seconds, 0 bytes read per connection
Execution 6
s_time: verify depth is 1
27 connections in 0.31s; 87.10 connections/user sec, bytes read 0
27 connections in 11 real seconds, 0 bytes read per connection
Execution 7
s_time: verify depth is 1
26 connections in 0.30s; 86.67 connections/user sec, bytes read 0
26 connections in 11 real seconds, 0 bytes read per connection
Execution 8
s_time: verify depth is 1
28 connections in 0.33s; 84.85 connections/user sec, bytes read 0
28 connections in 14 real seconds, 0 bytes read per connection
Execution 9
s_time: verify depth is 1
27 connections in 0.31s; 87.10 connections/user sec, bytes read 0
27 connections in 11 real seconds, 0 bytes read per connection
Execution 10
s_time: verify depth is 1
28 connections in 0.33s; 84.85 connections/user sec, bytes read 0
28 connections in 11 real seconds, 0 bytes read per connection
Execution 11
s_time: verify depth is 1
27 connections in 0.32s; 84.38 connections/user sec, bytes read 0
27 connections in 14 real seconds, 0 bytes read per connection
Execution 12
s_time: verify depth is 1
28 connections in 0.31s; 90.32 connections/user sec, bytes read 0
28 connections in 11 real seconds, 0 bytes read per connection
Execution 13
s_time: verify depth is 1
28 connections in 0.33s; 84.85 connections/user sec, bytes read 0
28 connections in 11 real seconds, 0 bytes read per connection
Execution 14
s_time: verify depth is 1
27 connections in 0.33s; 81.82 connections/user sec, bytes read 0
27 connections in 14 real seconds, 0 bytes read per connection
Execution 15
s_time: verify depth is 1
28 connections in 0.33s; 84.85 connections/user sec, bytes read 0
28 connections in 11 real seconds, 0 bytes read per connection
Execution 16
s_time: verify depth is 1
28 connections in 0.32s; 87.50 connections/user sec, bytes read 0
28 connections in 11 real seconds, 0 bytes read per connection
Execution 17
s_time: verify depth is 1
27 connections in 0.30s; 90.00 connections/user sec, bytes read 0
27 connections in 14 real seconds, 0 bytes read per connection
Execution 18
s_time: verify depth is 1
26 connections in 0.31s; 83.87 connections/user sec, bytes read 0
26 connections in 11 real seconds, 0 bytes read per connection
Execution 19
s_time: verify depth is 1
28 connections in 0.32s; 87.50 connections/user sec, bytes read 0
28 connections in 11 real seconds, 0 bytes read per connection
Execution 20
s_time: verify depth is 1
26 connections in 0.32s; 81.25 connections/user sec, bytes read 0
26 connections in 13 real seconds, 0 bytes read per connection
Execution 21
s_time: verify depth is 1
26 connections in 0.30s; 86.67 connections/user sec, bytes read 0
26 connections in 11 real seconds, 0 bytes read per connection
Execution 22
s_time: verify depth is 1
28 connections in 0.34s; 82.35 connections/user sec, bytes read 0
28 connections in 11 real seconds, 0 bytes read per connection
Execution 23
s_time: verify depth is 1
28 connections in 0.33s; 84.85 connections/user sec, bytes read 0
28 connections in 14 real seconds, 0 bytes read per connection
Execution 24
s_time: verify depth is 1
27 connections in 0.32s; 84.38 connections/user sec, bytes read 0
27 connections in 11 real seconds, 0 bytes read per connection
Execution 25
s_time: verify depth is 1
28 connections in 0.33s; 84.85 connections/user sec, bytes read 0
28 connections in 11 real seconds, 0 bytes read per connection
Execution 26
s_time: verify depth is 1
28 connections in 0.34s; 82.35 connections/user sec, bytes read 0
28 connections in 14 real seconds, 0 bytes read per connection
Execution 27
s_time: verify depth is 1
28 connections in 0.34s; 82.35 connections/user sec, bytes read 0
28 connections in 11 real seconds, 0 bytes read per connection
Execution 28
s_time: verify depth is 1
28 connections in 0.33s; 84.85 connections/user sec, bytes read 0
28 connections in 11 real seconds, 0 bytes read per connection
Execution 29
s_time: verify depth is 1
28 connections in 0.33s; 84.85 connections/user sec, bytes read 0
28 connections in 14 real seconds, 0 bytes read per connection
Execution 30
s_time: verify depth is 1
24 connections in 0.27s; 88.89 connections/user sec, bytes read 0
24 connections in 11 real seconds, 0 bytes read per connection
Execution 31
s_time: verify depth is 1
28 connections in 0.33s; 84.85 connections/user sec, bytes read 0
28 connections in 11 real seconds, 0 bytes read per connection
Execution 32
s_time: verify depth is 1
26 connections in 0.30s; 86.67 connections/user sec, bytes read 0
26 connections in 14 real seconds, 0 bytes read per connection
Execution 33
s_time: verify depth is 1
28 connections in 0.34s; 82.35 connections/user sec, bytes read 0
28 connections in 11 real seconds, 0 bytes read per connection
Execution 34
s_time: verify depth is 1
26 connections in 0.31s; 83.87 connections/user sec, bytes read 0
26 connections in 11 real seconds, 0 bytes read per connection
Execution 35
s_time: verify depth is 1
27 connections in 0.31s; 87.10 connections/user sec, bytes read 0
27 connections in 14 real seconds, 0 bytes read per connection
Execution 36
s_time: verify depth is 1
28 connections in 0.32s; 87.50 connections/user sec, bytes read 0
28 connections in 11 real seconds, 0 bytes read per connection
Execution 37
s_time: verify depth is 1
29 connections in 0.34s; 85.29 connections/user sec, bytes read 0
29 connections in 11 real seconds, 0 bytes read per connection
Execution 38
s_time: verify depth is 1
26 connections in 0.29s; 89.66 connections/user sec, bytes read 0
26 connections in 13 real seconds, 0 bytes read per connection
Execution 39
s_time: verify depth is 1
27 connections in 0.32s; 84.38 connections/user sec, bytes read 0
27 connections in 11 real seconds, 0 bytes read per connection
Execution 40
s_time: verify depth is 1
28 connections in 0.33s; 84.85 connections/user sec, bytes read 0
28 connections in 11 real seconds, 0 bytes read per connection
Execution 41
s_time: verify depth is 1
29 connections in 0.36s; 80.56 connections/user sec, bytes read 0
29 connections in 14 real seconds, 0 bytes read per connection
Execution 42
s_time: verify depth is 1
27 connections in 0.33s; 81.82 connections/user sec, bytes read 0
27 connections in 11 real seconds, 0 bytes read per connection
Execution 43
s_time: verify depth is 1
28 connections in 0.32s; 87.50 connections/user sec, bytes read 0
28 connections in 11 real seconds, 0 bytes read per connection
Execution 44
s_time: verify depth is 1
28 connections in 0.31s; 90.32 connections/user sec, bytes read 0
28 connections in 14 real seconds, 0 bytes read per connection
Execution 45
s_time: verify depth is 1
27 connections in 0.33s; 81.82 connections/user sec, bytes read 0
27 connections in 11 real seconds, 0 bytes read per connection
Execution 46
s_time: verify depth is 1
28 connections in 0.32s; 87.50 connections/user sec, bytes read 0
28 connections in 11 real seconds, 0 bytes read per connection
Execution 47
s_time: verify depth is 1
27 connections in 0.34s; 79.41 connections/user sec, bytes read 0
27 connections in 14 real seconds, 0 bytes read per connection
Execution 48
s_time: verify depth is 1
28 connections in 0.35s; 80.00 connections/user sec, bytes read 0
28 connections in 11 real seconds, 0 bytes read per connection
Execution 49
s_time: verify depth is 1
29 connections in 0.35s; 82.86 connections/user sec, bytes read 0
29 connections in 11 real seconds, 0 bytes read per connection
Execution 50
s_time: verify depth is 1
27 connections in 0.32s; 84.38 connections/user sec, bytes read 0
27 connections in 14 real seconds, 0 bytes read per connection
tc
Mostrando el estado de qdisc para la interfaz: lo
qdisc netem 808e: root refcnt 2 limit 1000 loss 0.2%
 Sent 0 bytes 0 pkt (dropped 0, overlimits 0 requeues 0) 
 backlog 0b 0p requeues 0
-----
-----
Certificate request self-signature ok
subject=CN=localhost
Running /opt/oqssa/bin/perftestServer.sh with SIG_ALG=sphincssha2256ssimple and KEM_ALG=mlkem1024

Using default temp DH parameters
ACCEPT
Execution 1
s_time: verify depth is 1
30 connections in 0.11s; 272.73 connections/user sec, bytes read 0
30 connections in 11 real seconds, 0 bytes read per connection
Execution 2
s_time: verify depth is 1
29 connections in 0.11s; 263.64 connections/user sec, bytes read 0
29 connections in 11 real seconds, 0 bytes read per connection
Execution 3
s_time: verify depth is 1
20 connections in 0.07s; 285.71 connections/user sec, bytes read 0
20 connections in 11 real seconds, 0 bytes read per connection
Execution 4
s_time: verify depth is 1
29 connections in 0.11s; 263.64 connections/user sec, bytes read 0
29 connections in 11 real seconds, 0 bytes read per connection
Execution 5
s_time: verify depth is 1
30 connections in 0.11s; 272.73 connections/user sec, bytes read 0
30 connections in 11 real seconds, 0 bytes read per connection
Execution 6
s_time: verify depth is 1
27 connections in 0.10s; 270.00 connections/user sec, bytes read 0
27 connections in 14 real seconds, 0 bytes read per connection
Execution 7
s_time: verify depth is 1
29 connections in 0.10s; 290.00 connections/user sec, bytes read 0
29 connections in 11 real seconds, 0 bytes read per connection
Execution 8
s_time: verify depth is 1
30 connections in 0.11s; 272.73 connections/user sec, bytes read 0
30 connections in 11 real seconds, 0 bytes read per connection
Execution 9
s_time: verify depth is 1
26 connections in 0.10s; 260.00 connections/user sec, bytes read 0
26 connections in 13 real seconds, 0 bytes read per connection
Execution 10
s_time: verify depth is 1
28 connections in 0.10s; 280.00 connections/user sec, bytes read 0
28 connections in 11 real seconds, 0 bytes read per connection
Execution 11
s_time: verify depth is 1
29 connections in 0.10s; 290.00 connections/user sec, bytes read 0
29 connections in 11 real seconds, 0 bytes read per connection
Execution 12
s_time: verify depth is 1
26 connections in 0.09s; 288.89 connections/user sec, bytes read 0
26 connections in 14 real seconds, 0 bytes read per connection
Execution 13
s_time: verify depth is 1
27 connections in 0.10s; 270.00 connections/user sec, bytes read 0
27 connections in 11 real seconds, 0 bytes read per connection
Execution 14
s_time: verify depth is 1
29 connections in 0.11s; 263.64 connections/user sec, bytes read 0
29 connections in 11 real seconds, 0 bytes read per connection
Execution 15
s_time: verify depth is 1
29 connections in 0.11s; 263.64 connections/user sec, bytes read 0
29 connections in 14 real seconds, 0 bytes read per connection
Execution 16
s_time: verify depth is 1
29 connections in 0.10s; 290.00 connections/user sec, bytes read 0
29 connections in 11 real seconds, 0 bytes read per connection
Execution 17
s_time: verify depth is 1
29 connections in 0.11s; 263.64 connections/user sec, bytes read 0
29 connections in 11 real seconds, 0 bytes read per connection
Execution 18
s_time: verify depth is 1
25 connections in 0.10s; 250.00 connections/user sec, bytes read 0
25 connections in 14 real seconds, 0 bytes read per connection
Execution 19
s_time: verify depth is 1
28 connections in 0.11s; 254.55 connections/user sec, bytes read 0
28 connections in 11 real seconds, 0 bytes read per connection
Execution 20
s_time: verify depth is 1
29 connections in 0.11s; 263.64 connections/user sec, bytes read 0
29 connections in 11 real seconds, 0 bytes read per connection
Execution 21
s_time: verify depth is 1
28 connections in 0.11s; 254.55 connections/user sec, bytes read 0
28 connections in 14 real seconds, 0 bytes read per connection
Execution 22
s_time: verify depth is 1
29 connections in 0.10s; 290.00 connections/user sec, bytes read 0
29 connections in 11 real seconds, 0 bytes read per connection
Execution 23
s_time: verify depth is 1
29 connections in 0.10s; 290.00 connections/user sec, bytes read 0
29 connections in 11 real seconds, 0 bytes read per connection
Execution 24
s_time: verify depth is 1
27 connections in 0.10s; 270.00 connections/user sec, bytes read 0
27 connections in 13 real seconds, 0 bytes read per connection
Execution 25
s_time: verify depth is 1
25 connections in 0.09s; 277.78 connections/user sec, bytes read 0
25 connections in 11 real seconds, 0 bytes read per connection
Execution 26
s_time: verify depth is 1
29 connections in 0.11s; 263.64 connections/user sec, bytes read 0
29 connections in 11 real seconds, 0 bytes read per connection
Execution 27
s_time: verify depth is 1
29 connections in 0.10s; 290.00 connections/user sec, bytes read 0
29 connections in 14 real seconds, 0 bytes read per connection
Execution 28
s_time: verify depth is 1
28 connections in 0.10s; 280.00 connections/user sec, bytes read 0
28 connections in 11 real seconds, 0 bytes read per connection
Execution 29
s_time: verify depth is 1
29 connections in 0.11s; 263.64 connections/user sec, bytes read 0
29 connections in 11 real seconds, 0 bytes read per connection
Execution 30
s_time: verify depth is 1
29 connections in 0.10s; 290.00 connections/user sec, bytes read 0
29 connections in 14 real seconds, 0 bytes read per connection
Execution 31
s_time: verify depth is 1
28 connections in 0.10s; 280.00 connections/user sec, bytes read 0
28 connections in 11 real seconds, 0 bytes read per connection
Execution 32
s_time: verify depth is 1
29 connections in 0.11s; 263.64 connections/user sec, bytes read 0
29 connections in 11 real seconds, 0 bytes read per connection
Execution 33
s_time: verify depth is 1
28 connections in 0.10s; 280.00 connections/user sec, bytes read 0
28 connections in 14 real seconds, 0 bytes read per connection
Execution 34
s_time: verify depth is 1
29 connections in 0.10s; 290.00 connections/user sec, bytes read 0
29 connections in 11 real seconds, 0 bytes read per connection
Execution 35
s_time: verify depth is 1
29 connections in 0.11s; 263.64 connections/user sec, bytes read 0
29 connections in 11 real seconds, 0 bytes read per connection
Execution 36
s_time: verify depth is 1
28 connections in 0.09s; 311.11 connections/user sec, bytes read 0
28 connections in 14 real seconds, 0 bytes read per connection
Execution 37
s_time: verify depth is 1
28 connections in 0.10s; 280.00 connections/user sec, bytes read 0
28 connections in 11 real seconds, 0 bytes read per connection
Execution 38
s_time: verify depth is 1
29 connections in 0.11s; 263.64 connections/user sec, bytes read 0
29 connections in 11 real seconds, 0 bytes read per connection
Execution 39
s_time: verify depth is 1
28 connections in 0.10s; 280.00 connections/user sec, bytes read 0
28 connections in 14 real seconds, 0 bytes read per connection
Execution 40
s_time: verify depth is 1
30 connections in 0.12s; 250.00 connections/user sec, bytes read 0
30 connections in 11 real seconds, 0 bytes read per connection
Execution 41
s_time: verify depth is 1
28 connections in 0.10s; 280.00 connections/user sec, bytes read 0
28 connections in 11 real seconds, 0 bytes read per connection
Execution 42
s_time: verify depth is 1
27 connections in 0.09s; 300.00 connections/user sec, bytes read 0
27 connections in 13 real seconds, 0 bytes read per connection
Execution 43
s_time: verify depth is 1
27 connections in 0.10s; 270.00 connections/user sec, bytes read 0
27 connections in 11 real seconds, 0 bytes read per connection
Execution 44
s_time: verify depth is 1
29 connections in 0.11s; 263.64 connections/user sec, bytes read 0
29 connections in 11 real seconds, 0 bytes read per connection
Execution 45
s_time: verify depth is 1
29 connections in 0.11s; 263.64 connections/user sec, bytes read 0
29 connections in 14 real seconds, 0 bytes read per connection
Execution 46
s_time: verify depth is 1
28 connections in 0.10s; 280.00 connections/user sec, bytes read 0
28 connections in 11 real seconds, 0 bytes read per connection
Execution 47
s_time: verify depth is 1
29 connections in 0.10s; 290.00 connections/user sec, bytes read 0
29 connections in 11 real seconds, 0 bytes read per connection
Execution 48
s_time: verify depth is 1
29 connections in 0.11s; 263.64 connections/user sec, bytes read 0
29 connections in 14 real seconds, 0 bytes read per connection
Execution 49
s_time: verify depth is 1
28 connections in 0.10s; 280.00 connections/user sec, bytes read 0
28 connections in 11 real seconds, 0 bytes read per connection
Execution 50
s_time: verify depth is 1
29 connections in 0.11s; 263.64 connections/user sec, bytes read 0
29 connections in 11 real seconds, 0 bytes read per connection
