tc
Mostrando el estado de qdisc para la interfaz: lo
qdisc netem 8124: root refcnt 2 limit 1000 loss 0.3%
 Sent 0 bytes 0 pkt (dropped 0, overlimits 0 requeues 0) 
 backlog 0b 0p requeues 0
Certificate request self-signature ok
subject=CN=localhost
Running /opt/oqssa/bin/perftestServerECDSA.sh with SIG_ALG=secp521r1 and KEM_ALG=P-521

Using default temp DH parameters
ACCEPT
Execution 1
s_time: verify depth is 1
342 connections in 4.86s; 70.37 connections/user sec, bytes read 0
342 connections in 11 real seconds, 0 bytes read per connection
Execution 2
s_time: verify depth is 1
238 connections in 3.21s; 74.14 connections/user sec, bytes read 0
238 connections in 13 real seconds, 0 bytes read per connection
Execution 3
s_time: verify depth is 1
279 connections in 4.17s; 66.91 connections/user sec, bytes read 0
279 connections in 11 real seconds, 0 bytes read per connection
Execution 4
s_time: verify depth is 1
352 connections in 5.27s; 66.79 connections/user sec, bytes read 0
352 connections in 11 real seconds, 0 bytes read per connection
Execution 5
s_time: verify depth is 1
301 connections in 4.27s; 70.49 connections/user sec, bytes read 0
301 connections in 14 real seconds, 0 bytes read per connection
Execution 6
s_time: verify depth is 1
379 connections in 5.40s; 70.19 connections/user sec, bytes read 0
379 connections in 11 real seconds, 0 bytes read per connection
Execution 7
s_time: verify depth is 1
388 connections in 5.47s; 70.93 connections/user sec, bytes read 0
388 connections in 11 real seconds, 0 bytes read per connection
Execution 8
s_time: verify depth is 1
404 connections in 5.56s; 72.66 connections/user sec, bytes read 0
404 connections in 14 real seconds, 0 bytes read per connection
Execution 9
s_time: verify depth is 1
332 connections in 4.83s; 68.74 connections/user sec, bytes read 0
332 connections in 11 real seconds, 0 bytes read per connection
Execution 10
s_time: verify depth is 1
360 connections in 5.07s; 71.01 connections/user sec, bytes read 0
360 connections in 11 real seconds, 0 bytes read per connection
Execution 11
s_time: verify depth is 1
312 connections in 4.40s; 70.91 connections/user sec, bytes read 0
312 connections in 14 real seconds, 0 bytes read per connection
Execution 12
s_time: verify depth is 1
327 connections in 4.68s; 69.87 connections/user sec, bytes read 0
327 connections in 11 real seconds, 0 bytes read per connection
Execution 13
s_time: verify depth is 1
344 connections in 4.75s; 72.42 connections/user sec, bytes read 0
344 connections in 11 real seconds, 0 bytes read per connection
Execution 14
s_time: verify depth is 1
363 connections in 5.00s; 72.60 connections/user sec, bytes read 0
363 connections in 13 real seconds, 0 bytes read per connection
Execution 15
s_time: verify depth is 1
336 connections in 4.74s; 70.89 connections/user sec, bytes read 0
336 connections in 11 real seconds, 0 bytes read per connection
Execution 16
s_time: verify depth is 1
397 connections in 5.53s; 71.79 connections/user sec, bytes read 0
397 connections in 11 real seconds, 0 bytes read per connection
Execution 17
s_time: verify depth is 1
328 connections in 4.60s; 71.30 connections/user sec, bytes read 0
328 connections in 11 real seconds, 0 bytes read per connection
Execution 18
s_time: verify depth is 1
177 connections in 2.47s; 71.66 connections/user sec, bytes read 0
177 connections in 11 real seconds, 0 bytes read per connection
Execution 19
s_time: verify depth is 1
377 connections in 5.40s; 69.81 connections/user sec, bytes read 0
377 connections in 11 real seconds, 0 bytes read per connection
Execution 20
s_time: verify depth is 1
316 connections in 4.32s; 73.15 connections/user sec, bytes read 0
316 connections in 11 real seconds, 0 bytes read per connection
Execution 21
s_time: verify depth is 1
252 connections in 3.40s; 74.12 connections/user sec, bytes read 0
252 connections in 11 real seconds, 0 bytes read per connection
Execution 22
s_time: verify depth is 1
377 connections in 5.14s; 73.35 connections/user sec, bytes read 0
377 connections in 11 real seconds, 0 bytes read per connection
Execution 23
s_time: verify depth is 1
350 connections in 5.10s; 68.63 connections/user sec, bytes read 0
350 connections in 11 real seconds, 0 bytes read per connection
Execution 24
s_time: verify depth is 1
212 connections in 3.18s; 66.67 connections/user sec, bytes read 0
212 connections in 11 real seconds, 0 bytes read per connection
Execution 25
s_time: verify depth is 1
282 connections in 4.19s; 67.30 connections/user sec, bytes read 0
282 connections in 12 real seconds, 0 bytes read per connection
Execution 26
s_time: verify depth is 1
335 connections in 5.03s; 66.60 connections/user sec, bytes read 0
335 connections in 11 real seconds, 0 bytes read per connection
Execution 27
s_time: verify depth is 1
190 connections in 2.66s; 71.43 connections/user sec, bytes read 0
190 connections in 11 real seconds, 0 bytes read per connection
Execution 28
s_time: verify depth is 1
300 connections in 4.10s; 73.17 connections/user sec, bytes read 0
300 connections in 11 real seconds, 0 bytes read per connection
Execution 29
s_time: verify depth is 1
309 connections in 4.35s; 71.03 connections/user sec, bytes read 0
309 connections in 11 real seconds, 0 bytes read per connection
Execution 30
s_time: verify depth is 1
317 connections in 4.52s; 70.13 connections/user sec, bytes read 0
317 connections in 14 real seconds, 0 bytes read per connection
Execution 31
s_time: verify depth is 1
355 connections in 4.91s; 72.30 connections/user sec, bytes read 0
355 connections in 11 real seconds, 0 bytes read per connection
Execution 32
s_time: verify depth is 1
289 connections in 4.37s; 66.13 connections/user sec, bytes read 0
289 connections in 11 real seconds, 0 bytes read per connection
Execution 33
s_time: verify depth is 1
324 connections in 4.55s; 71.21 connections/user sec, bytes read 0
324 connections in 13 real seconds, 0 bytes read per connection
Execution 34
s_time: verify depth is 1
369 connections in 5.34s; 69.10 connections/user sec, bytes read 0
369 connections in 11 real seconds, 0 bytes read per connection
Execution 35
s_time: verify depth is 1
374 connections in 5.28s; 70.83 connections/user sec, bytes read 0
374 connections in 11 real seconds, 0 bytes read per connection
Execution 36
s_time: verify depth is 1
383 connections in 5.55s; 69.01 connections/user sec, bytes read 0
383 connections in 11 real seconds, 0 bytes read per connection
Execution 37
s_time: verify depth is 1
206 connections in 3.07s; 67.10 connections/user sec, bytes read 0
206 connections in 11 real seconds, 0 bytes read per connection
Execution 38
s_time: verify depth is 1
374 connections in 5.28s; 70.83 connections/user sec, bytes read 0
374 connections in 11 real seconds, 0 bytes read per connection
Execution 39
s_time: verify depth is 1
340 connections in 4.53s; 75.06 connections/user sec, bytes read 0
340 connections in 11 real seconds, 0 bytes read per connection
Execution 40
s_time: verify depth is 1
246 connections in 3.54s; 69.49 connections/user sec, bytes read 0
246 connections in 11 real seconds, 0 bytes read per connection
Execution 41
s_time: verify depth is 1
403 connections in 5.77s; 69.84 connections/user sec, bytes read 0
403 connections in 11 real seconds, 0 bytes read per connection
Execution 42
s_time: verify depth is 1
370 connections in 5.49s; 67.40 connections/user sec, bytes read 0
370 connections in 11 real seconds, 0 bytes read per connection
Execution 43
s_time: verify depth is 1
267 connections in 3.68s; 72.55 connections/user sec, bytes read 0
267 connections in 11 real seconds, 0 bytes read per connection
Execution 44
s_time: verify depth is 1
344 connections in 4.84s; 71.07 connections/user sec, bytes read 0
344 connections in 11 real seconds, 0 bytes read per connection
Execution 45
s_time: verify depth is 1
374 connections in 5.24s; 71.37 connections/user sec, bytes read 0
374 connections in 11 real seconds, 0 bytes read per connection
Execution 46
s_time: verify depth is 1
333 connections in 4.46s; 74.66 connections/user sec, bytes read 0
333 connections in 12 real seconds, 0 bytes read per connection
Execution 47
s_time: verify depth is 1
405 connections in 5.63s; 71.94 connections/user sec, bytes read 0
405 connections in 11 real seconds, 0 bytes read per connection
Execution 48
s_time: verify depth is 1
437 connections in 6.13s; 71.29 connections/user sec, bytes read 0
437 connections in 11 real seconds, 0 bytes read per connection
Execution 49
s_time: verify depth is 1
229 connections in 3.41s; 67.16 connections/user sec, bytes read 0
229 connections in 14 real seconds, 0 bytes read per connection
Execution 50
s_time: verify depth is 1
335 connections in 4.99s; 67.13 connections/user sec, bytes read 0
335 connections in 11 real seconds, 0 bytes read per connection
tc
Mostrando el estado de qdisc para la interfaz: lo
qdisc netem 8125: root refcnt 2 limit 1000 loss 0.3%
 Sent 0 bytes 0 pkt (dropped 0, overlimits 0 requeues 0) 
 backlog 0b 0p requeues 0
Certificate request self-signature ok
subject=CN=localhost
Running /opt/oqssa/bin/perftestServerECDSA.sh with SIG_ALG=secp521r1 and KEM_ALG=mlkem1024

Using default temp DH parameters
ACCEPT
Execution 1
s_time: verify depth is 1
tc
Mostrando el estado de qdisc para la interfaz: lo
qdisc netem 8126: root refcnt 2 limit 1000 loss 0.3%
 Sent 0 bytes 0 pkt (dropped 0, overlimits 0 requeues 0) 
 backlog 0b 0p requeues 0
-----
-----
Certificate request self-signature ok
subject=CN=localhost
Running /opt/oqssa/bin/perftestServer.sh with SIG_ALG=mldsa87 and KEM_ALG=P-521

Using default temp DH parameters
ACCEPT
Execution 1
s_time: verify depth is 1
327 connections in 3.18s; 102.83 connections/user sec, bytes read 0
327 connections in 11 real seconds, 0 bytes read per connection
Execution 2
s_time: verify depth is 1
431 connections in 4.15s; 103.86 connections/user sec, bytes read 0
431 connections in 11 real seconds, 0 bytes read per connection
Execution 3
s_time: verify depth is 1
220 connections in 2.14s; 102.80 connections/user sec, bytes read 0
220 connections in 11 real seconds, 0 bytes read per connection
Execution 4
s_time: verify depth is 1
574 connections in 5.56s; 103.24 connections/user sec, bytes read 0
574 connections in 11 real seconds, 0 bytes read per connection
Execution 5
s_time: verify depth is 1
417 connections in 3.78s; 110.32 connections/user sec, bytes read 0
417 connections in 11 real seconds, 0 bytes read per connection
Execution 6
s_time: verify depth is 1
304 connections in 2.98s; 102.01 connections/user sec, bytes read 0
304 connections in 12 real seconds, 0 bytes read per connection
Execution 7
s_time: verify depth is 1
295 connections in 2.85s; 103.51 connections/user sec, bytes read 0
295 connections in 11 real seconds, 0 bytes read per connection
Execution 8
s_time: verify depth is 1
597 connections in 5.41s; 110.35 connections/user sec, bytes read 0
597 connections in 11 real seconds, 0 bytes read per connection
Execution 9
s_time: verify depth is 1
278 connections in 2.67s; 104.12 connections/user sec, bytes read 0
278 connections in 13 real seconds, 0 bytes read per connection
Execution 10
s_time: verify depth is 1
461 connections in 4.22s; 109.24 connections/user sec, bytes read 0
461 connections in 11 real seconds, 0 bytes read per connection
Execution 11
s_time: verify depth is 1
434 connections in 3.93s; 110.43 connections/user sec, bytes read 0
434 connections in 12 real seconds, 0 bytes read per connection
Execution 12
s_time: verify depth is 1
427 connections in 3.98s; 107.29 connections/user sec, bytes read 0
427 connections in 13 real seconds, 0 bytes read per connection
Execution 13
s_time: verify depth is 1
481 connections in 4.63s; 103.89 connections/user sec, bytes read 0
481 connections in 11 real seconds, 0 bytes read per connection
Execution 14
s_time: verify depth is 1
454 connections in 4.20s; 108.10 connections/user sec, bytes read 0
454 connections in 11 real seconds, 0 bytes read per connection
Execution 15
s_time: verify depth is 1
414 connections in 3.95s; 104.81 connections/user sec, bytes read 0
414 connections in 13 real seconds, 0 bytes read per connection
Execution 16
s_time: verify depth is 1
478 connections in 4.42s; 108.14 connections/user sec, bytes read 0
478 connections in 11 real seconds, 0 bytes read per connection
Execution 17
s_time: verify depth is 1
492 connections in 4.53s; 108.61 connections/user sec, bytes read 0
492 connections in 11 real seconds, 0 bytes read per connection
Execution 18
s_time: verify depth is 1
386 connections in 3.57s; 108.12 connections/user sec, bytes read 0
386 connections in 15 real seconds, 0 bytes read per connection
Execution 19
s_time: verify depth is 1
352 connections in 3.43s; 102.62 connections/user sec, bytes read 0
352 connections in 11 real seconds, 0 bytes read per connection
Execution 20
s_time: verify depth is 1
595 connections in 5.28s; 112.69 connections/user sec, bytes read 0
595 connections in 11 real seconds, 0 bytes read per connection
Execution 21
s_time: verify depth is 1
200 connections in 1.85s; 108.11 connections/user sec, bytes read 0
200 connections in 14 real seconds, 0 bytes read per connection
Execution 22
s_time: verify depth is 1
475 connections in 4.40s; 107.95 connections/user sec, bytes read 0
475 connections in 11 real seconds, 0 bytes read per connection
Execution 23
s_time: verify depth is 1
573 connections in 5.34s; 107.30 connections/user sec, bytes read 0
573 connections in 11 real seconds, 0 bytes read per connection
Execution 24
s_time: verify depth is 1
454 connections in 4.22s; 107.58 connections/user sec, bytes read 0
454 connections in 13 real seconds, 0 bytes read per connection
Execution 25
s_time: verify depth is 1
453 connections in 4.08s; 111.03 connections/user sec, bytes read 0
453 connections in 11 real seconds, 0 bytes read per connection
Execution 26
s_time: verify depth is 1
371 connections in 3.42s; 108.48 connections/user sec, bytes read 0
371 connections in 11 real seconds, 0 bytes read per connection
Execution 27
s_time: verify depth is 1
401 connections in 3.75s; 106.93 connections/user sec, bytes read 0
401 connections in 14 real seconds, 0 bytes read per connection
Execution 28
s_time: verify depth is 1
400 connections in 3.74s; 106.95 connections/user sec, bytes read 0
400 connections in 11 real seconds, 0 bytes read per connection
Execution 29
s_time: verify depth is 1
507 connections in 4.59s; 110.46 connections/user sec, bytes read 0
507 connections in 11 real seconds, 0 bytes read per connection
Execution 30
s_time: verify depth is 1
351 connections in 3.36s; 104.46 connections/user sec, bytes read 0
351 connections in 14 real seconds, 0 bytes read per connection
Execution 31
s_time: verify depth is 1
521 connections in 4.79s; 108.77 connections/user sec, bytes read 0
521 connections in 11 real seconds, 0 bytes read per connection
Execution 32
s_time: verify depth is 1
tc
Mostrando el estado de qdisc para la interfaz: lo
qdisc netem 8127: root refcnt 2 limit 1000 loss 0.3%
 Sent 0 bytes 0 pkt (dropped 0, overlimits 0 requeues 0) 
 backlog 0b 0p requeues 0
-----
-----
Certificate request self-signature ok
subject=CN=localhost
Running /opt/oqssa/bin/perftestServer.sh with SIG_ALG=mldsa87 and KEM_ALG=mlkem1024

Using default temp DH parameters
ACCEPT
Execution 1
s_time: verify depth is 1
750 connections in 0.70s; 1071.43 connections/user sec, bytes read 0
750 connections in 11 real seconds, 0 bytes read per connection
Execution 2
s_time: verify depth is 1
1202 connections in 1.24s; 969.35 connections/user sec, bytes read 0
1202 connections in 11 real seconds, 0 bytes read per connection
Execution 3
s_time: verify depth is 1
1145 connections in 1.14s; 1004.39 connections/user sec, bytes read 0
1145 connections in 11 real seconds, 0 bytes read per connection
Execution 4
s_time: verify depth is 1
695 connections in 0.72s; 965.28 connections/user sec, bytes read 0
695 connections in 12 real seconds, 0 bytes read per connection
Execution 5
s_time: verify depth is 1
1031 connections in 1.10s; 937.27 connections/user sec, bytes read 0
1031 connections in 11 real seconds, 0 bytes read per connection
Execution 6
s_time: verify depth is 1
947 connections in 0.92s; 1029.35 connections/user sec, bytes read 0
947 connections in 11 real seconds, 0 bytes read per connection
Execution 7
s_time: verify depth is 1
519 connections in 0.54s; 961.11 connections/user sec, bytes read 0
519 connections in 11 real seconds, 0 bytes read per connection
Execution 8
s_time: verify depth is 1
1259 connections in 1.21s; 1040.50 connections/user sec, bytes read 0
1259 connections in 11 real seconds, 0 bytes read per connection
Execution 9
s_time: verify depth is 1
1431 connections in 1.53s; 935.29 connections/user sec, bytes read 0
1431 connections in 11 real seconds, 0 bytes read per connection
Execution 10
s_time: verify depth is 1
1690 connections in 1.70s; 994.12 connections/user sec, bytes read 0
1690 connections in 14 real seconds, 0 bytes read per connection
Execution 11
s_time: verify depth is 1
899 connections in 0.92s; 977.17 connections/user sec, bytes read 0
899 connections in 11 real seconds, 0 bytes read per connection
Execution 12
s_time: verify depth is 1
1635 connections in 1.63s; 1003.07 connections/user sec, bytes read 0
1635 connections in 11 real seconds, 0 bytes read per connection
Execution 13
s_time: verify depth is 1
1376 connections in 1.32s; 1042.42 connections/user sec, bytes read 0
1376 connections in 14 real seconds, 0 bytes read per connection
Execution 14
s_time: verify depth is 1
1388 connections in 1.47s; 944.22 connections/user sec, bytes read 0
1388 connections in 11 real seconds, 0 bytes read per connection
Execution 15
s_time: verify depth is 1
1773 connections in 1.85s; 958.38 connections/user sec, bytes read 0
1773 connections in 11 real seconds, 0 bytes read per connection
Execution 16
s_time: verify depth is 1
2472 connections in 2.52s; 980.95 connections/user sec, bytes read 0
2472 connections in 13 real seconds, 0 bytes read per connection
Execution 17
s_time: verify depth is 1
1296 connections in 1.31s; 989.31 connections/user sec, bytes read 0
1296 connections in 11 real seconds, 0 bytes read per connection
Execution 18
s_time: verify depth is 1
1181 connections in 1.24s; 952.42 connections/user sec, bytes read 0
1181 connections in 11 real seconds, 0 bytes read per connection
Execution 19
s_time: verify depth is 1
2087 connections in 2.09s; 998.56 connections/user sec, bytes read 0
2087 connections in 14 real seconds, 0 bytes read per connection
Execution 20
s_time: verify depth is 1
1266 connections in 1.37s; 924.09 connections/user sec, bytes read 0
1266 connections in 11 real seconds, 0 bytes read per connection
Execution 21
s_time: verify depth is 1
598 connections in 0.58s; 1031.03 connections/user sec, bytes read 0
598 connections in 11 real seconds, 0 bytes read per connection
Execution 22
s_time: verify depth is 1
1536 connections in 1.46s; 1052.05 connections/user sec, bytes read 0
1536 connections in 14 real seconds, 0 bytes read per connection
Execution 23
s_time: verify depth is 1
2005 connections in 2.05s; 978.05 connections/user sec, bytes read 0
2005 connections in 11 real seconds, 0 bytes read per connection
Execution 24
s_time: verify depth is 1
tc
Mostrando el estado de qdisc para la interfaz: lo
qdisc netem 8128: root refcnt 2 limit 1000 loss 0.3%
 Sent 0 bytes 0 pkt (dropped 0, overlimits 0 requeues 0) 
 backlog 0b 0p requeues 0
-----
-----
Certificate request self-signature ok
subject=CN=localhost
Running /opt/oqssa/bin/perftestServer.sh with SIG_ALG=falcon1024 and KEM_ALG=P-521

Using default temp DH parameters
ACCEPT
Execution 1
s_time: verify depth is 1
376 connections in 3.71s; 101.35 connections/user sec, bytes read 0
376 connections in 11 real seconds, 0 bytes read per connection
Execution 2
s_time: verify depth is 1
271 connections in 2.66s; 101.88 connections/user sec, bytes read 0
271 connections in 11 real seconds, 0 bytes read per connection
Execution 3
s_time: verify depth is 1
358 connections in 3.53s; 101.42 connections/user sec, bytes read 0
358 connections in 11 real seconds, 0 bytes read per connection
Execution 4
s_time: verify depth is 1
477 connections in 4.75s; 100.42 connections/user sec, bytes read 0
477 connections in 11 real seconds, 0 bytes read per connection
Execution 5
s_time: verify depth is 1
322 connections in 2.84s; 113.38 connections/user sec, bytes read 0
322 connections in 11 real seconds, 0 bytes read per connection
Execution 6
s_time: verify depth is 1
448 connections in 4.51s; 99.33 connections/user sec, bytes read 0
448 connections in 11 real seconds, 0 bytes read per connection
Execution 7
s_time: verify depth is 1
601 connections in 5.67s; 106.00 connections/user sec, bytes read 0
601 connections in 11 real seconds, 0 bytes read per connection
Execution 8
s_time: verify depth is 1
365 connections in 3.58s; 101.96 connections/user sec, bytes read 0
365 connections in 13 real seconds, 0 bytes read per connection
Execution 9
s_time: verify depth is 1
492 connections in 4.69s; 104.90 connections/user sec, bytes read 0
492 connections in 11 real seconds, 0 bytes read per connection
Execution 10
s_time: verify depth is 1
515 connections in 4.60s; 111.96 connections/user sec, bytes read 0
515 connections in 11 real seconds, 0 bytes read per connection
Execution 11
s_time: verify depth is 1
355 connections in 3.42s; 103.80 connections/user sec, bytes read 0
355 connections in 13 real seconds, 0 bytes read per connection
Execution 12
s_time: verify depth is 1
469 connections in 4.40s; 106.59 connections/user sec, bytes read 0
469 connections in 11 real seconds, 0 bytes read per connection
Execution 13
s_time: verify depth is 1
571 connections in 5.14s; 111.09 connections/user sec, bytes read 0
571 connections in 11 real seconds, 0 bytes read per connection
Execution 14
s_time: verify depth is 1
498 connections in 4.55s; 109.45 connections/user sec, bytes read 0
498 connections in 14 real seconds, 0 bytes read per connection
Execution 15
s_time: verify depth is 1
444 connections in 3.91s; 113.55 connections/user sec, bytes read 0
444 connections in 11 real seconds, 0 bytes read per connection
Execution 16
s_time: verify depth is 1
439 connections in 4.20s; 104.52 connections/user sec, bytes read 0
439 connections in 11 real seconds, 0 bytes read per connection
Execution 17
s_time: verify depth is 1
383 connections in 3.57s; 107.28 connections/user sec, bytes read 0
383 connections in 14 real seconds, 0 bytes read per connection
Execution 18
s_time: verify depth is 1
557 connections in 4.97s; 112.07 connections/user sec, bytes read 0
557 connections in 11 real seconds, 0 bytes read per connection
Execution 19
s_time: verify depth is 1
600 connections in 5.57s; 107.72 connections/user sec, bytes read 0
600 connections in 11 real seconds, 0 bytes read per connection
Execution 20
s_time: verify depth is 1
368 connections in 3.59s; 102.51 connections/user sec, bytes read 0
368 connections in 14 real seconds, 0 bytes read per connection
Execution 21
s_time: verify depth is 1
500 connections in 4.50s; 111.11 connections/user sec, bytes read 0
500 connections in 11 real seconds, 0 bytes read per connection
Execution 22
s_time: verify depth is 1
435 connections in 4.07s; 106.88 connections/user sec, bytes read 0
435 connections in 11 real seconds, 0 bytes read per connection
Execution 23
s_time: verify depth is 1
334 connections in 3.06s; 109.15 connections/user sec, bytes read 0
334 connections in 13 real seconds, 0 bytes read per connection
Execution 24
s_time: verify depth is 1
411 connections in 4.01s; 102.49 connections/user sec, bytes read 0
411 connections in 11 real seconds, 0 bytes read per connection
Execution 25
s_time: verify depth is 1
516 connections in 4.97s; 103.82 connections/user sec, bytes read 0
516 connections in 11 real seconds, 0 bytes read per connection
Execution 26
s_time: verify depth is 1
299 connections in 2.75s; 108.73 connections/user sec, bytes read 0
299 connections in 11 real seconds, 0 bytes read per connection
Execution 27
s_time: verify depth is 1
281 connections in 2.47s; 113.77 connections/user sec, bytes read 0
281 connections in 11 real seconds, 0 bytes read per connection
Execution 28
s_time: verify depth is 1
345 connections in 3.21s; 107.48 connections/user sec, bytes read 0
345 connections in 11 real seconds, 0 bytes read per connection
Execution 29
s_time: verify depth is 1
326 connections in 3.14s; 103.82 connections/user sec, bytes read 0
326 connections in 11 real seconds, 0 bytes read per connection
Execution 30
s_time: verify depth is 1
266 connections in 2.43s; 109.47 connections/user sec, bytes read 0
266 connections in 11 real seconds, 0 bytes read per connection
Execution 31
s_time: verify depth is 1
456 connections in 4.24s; 107.55 connections/user sec, bytes read 0
456 connections in 11 real seconds, 0 bytes read per connection
Execution 32
s_time: verify depth is 1
376 connections in 3.58s; 105.03 connections/user sec, bytes read 0
376 connections in 11 real seconds, 0 bytes read per connection
Execution 33
s_time: verify depth is 1
277 connections in 2.56s; 108.20 connections/user sec, bytes read 0
277 connections in 11 real seconds, 0 bytes read per connection
Execution 34
s_time: verify depth is 1
tc
Mostrando el estado de qdisc para la interfaz: lo
qdisc netem 8129: root refcnt 2 limit 1000 loss 0.3%
 Sent 0 bytes 0 pkt (dropped 0, overlimits 0 requeues 0) 
 backlog 0b 0p requeues 0
-----
-----
Certificate request self-signature ok
subject=CN=localhost
Running /opt/oqssa/bin/perftestServer.sh with SIG_ALG=falcon1024 and KEM_ALG=mlkem1024

Using default temp DH parameters
ACCEPT
Execution 1
s_time: verify depth is 1
1358 connections in 1.39s; 976.98 connections/user sec, bytes read 0
1358 connections in 11 real seconds, 0 bytes read per connection
Execution 2
s_time: verify depth is 1
1094 connections in 1.11s; 985.59 connections/user sec, bytes read 0
1094 connections in 11 real seconds, 0 bytes read per connection
Execution 3
s_time: verify depth is 1
399 connections in 0.39s; 1023.08 connections/user sec, bytes read 0
399 connections in 11 real seconds, 0 bytes read per connection
Execution 4
s_time: verify depth is 1
1165 connections in 1.36s; 856.62 connections/user sec, bytes read 0
1165 connections in 11 real seconds, 0 bytes read per connection
Execution 5
s_time: verify depth is 1
1540 connections in 1.81s; 850.83 connections/user sec, bytes read 0
1540 connections in 11 real seconds, 0 bytes read per connection
Execution 6
s_time: verify depth is 1
638 connections in 0.64s; 996.88 connections/user sec, bytes read 0
638 connections in 11 real seconds, 0 bytes read per connection
Execution 7
s_time: verify depth is 1
1083 connections in 1.13s; 958.41 connections/user sec, bytes read 0
1083 connections in 11 real seconds, 0 bytes read per connection
Execution 8
s_time: verify depth is 1
924 connections in 0.92s; 1004.35 connections/user sec, bytes read 0
924 connections in 11 real seconds, 0 bytes read per connection
Execution 9
s_time: verify depth is 1
1350 connections in 1.41s; 957.45 connections/user sec, bytes read 0
1350 connections in 12 real seconds, 0 bytes read per connection
Execution 10
s_time: verify depth is 1
1072 connections in 1.18s; 908.47 connections/user sec, bytes read 0
1072 connections in 11 real seconds, 0 bytes read per connection
Execution 11
s_time: verify depth is 1
861 connections in 1.03s; 835.92 connections/user sec, bytes read 0
861 connections in 11 real seconds, 0 bytes read per connection
Execution 12
s_time: verify depth is 1
1345 connections in 1.39s; 967.63 connections/user sec, bytes read 0
1345 connections in 14 real seconds, 0 bytes read per connection
Execution 13
s_time: verify depth is 1
1253 connections in 1.43s; 876.22 connections/user sec, bytes read 0
1253 connections in 11 real seconds, 0 bytes read per connection
Execution 14
s_time: verify depth is 1
939 connections in 1.02s; 920.59 connections/user sec, bytes read 0
939 connections in 11 real seconds, 0 bytes read per connection
Execution 15
s_time: verify depth is 1
722 connections in 0.82s; 880.49 connections/user sec, bytes read 0
722 connections in 14 real seconds, 0 bytes read per connection
Execution 16
s_time: verify depth is 1
1863 connections in 2.02s; 922.28 connections/user sec, bytes read 0
1863 connections in 11 real seconds, 0 bytes read per connection
Execution 17
s_time: verify depth is 1
835 connections in 1.01s; 826.73 connections/user sec, bytes read 0
835 connections in 12 real seconds, 0 bytes read per connection
Execution 18
s_time: verify depth is 1
tc
Mostrando el estado de qdisc para la interfaz: lo
qdisc netem 812a: root refcnt 2 limit 1000 loss 0.3%
 Sent 0 bytes 0 pkt (dropped 0, overlimits 0 requeues 0) 
 backlog 0b 0p requeues 0
-----
-----
Certificate request self-signature ok
subject=CN=localhost
Running /opt/oqssa/bin/perftestServer.sh with SIG_ALG=sphincssha2256fsimple and KEM_ALG=P-521

Using default temp DH parameters
ACCEPT
Execution 1
s_time: verify depth is 1
172 connections in 2.28s; 75.44 connections/user sec, bytes read 0
172 connections in 11 real seconds, 0 bytes read per connection
Execution 2
s_time: verify depth is 1
113 connections in 1.53s; 73.86 connections/user sec, bytes read 0
113 connections in 11 real seconds, 0 bytes read per connection
Execution 3
s_time: verify depth is 1
160 connections in 2.26s; 70.80 connections/user sec, bytes read 0
160 connections in 11 real seconds, 0 bytes read per connection
Execution 4
s_time: verify depth is 1
164 connections in 2.37s; 69.20 connections/user sec, bytes read 0
164 connections in 11 real seconds, 0 bytes read per connection
Execution 5
s_time: verify depth is 1
146 connections in 1.97s; 74.11 connections/user sec, bytes read 0
146 connections in 13 real seconds, 0 bytes read per connection
Execution 6
s_time: verify depth is 1
152 connections in 2.04s; 74.51 connections/user sec, bytes read 0
152 connections in 11 real seconds, 0 bytes read per connection
Execution 7
s_time: verify depth is 1
148 connections in 2.18s; 67.89 connections/user sec, bytes read 0
148 connections in 11 real seconds, 0 bytes read per connection
Execution 8
s_time: verify depth is 1
157 connections in 2.18s; 72.02 connections/user sec, bytes read 0
157 connections in 14 real seconds, 0 bytes read per connection
Execution 9
s_time: verify depth is 1
180 connections in 2.59s; 69.50 connections/user sec, bytes read 0
180 connections in 11 real seconds, 0 bytes read per connection
Execution 10
s_time: verify depth is 1
144 connections in 2.20s; 65.45 connections/user sec, bytes read 0
144 connections in 11 real seconds, 0 bytes read per connection
Execution 11
s_time: verify depth is 1
155 connections in 2.38s; 65.13 connections/user sec, bytes read 0
155 connections in 14 real seconds, 0 bytes read per connection
Execution 12
s_time: verify depth is 1
178 connections in 2.49s; 71.49 connections/user sec, bytes read 0
178 connections in 11 real seconds, 0 bytes read per connection
Execution 13
s_time: verify depth is 1
151 connections in 2.13s; 70.89 connections/user sec, bytes read 0
151 connections in 11 real seconds, 0 bytes read per connection
Execution 14
s_time: verify depth is 1
160 connections in 2.19s; 73.06 connections/user sec, bytes read 0
160 connections in 13 real seconds, 0 bytes read per connection
Execution 15
s_time: verify depth is 1
170 connections in 2.37s; 71.73 connections/user sec, bytes read 0
170 connections in 11 real seconds, 0 bytes read per connection
Execution 16
s_time: verify depth is 1
131 connections in 1.80s; 72.78 connections/user sec, bytes read 0
131 connections in 11 real seconds, 0 bytes read per connection
Execution 17
s_time: verify depth is 1
188 connections in 2.59s; 72.59 connections/user sec, bytes read 0
188 connections in 11 real seconds, 0 bytes read per connection
Execution 18
s_time: verify depth is 1
126 connections in 1.80s; 70.00 connections/user sec, bytes read 0
126 connections in 11 real seconds, 0 bytes read per connection
Execution 19
s_time: verify depth is 1
192 connections in 2.62s; 73.28 connections/user sec, bytes read 0
192 connections in 11 real seconds, 0 bytes read per connection
Execution 20
s_time: verify depth is 1
150 connections in 2.11s; 71.09 connections/user sec, bytes read 0
150 connections in 11 real seconds, 0 bytes read per connection
Execution 21
s_time: verify depth is 1
111 connections in 1.48s; 75.00 connections/user sec, bytes read 0
111 connections in 11 real seconds, 0 bytes read per connection
Execution 22
s_time: verify depth is 1
151 connections in 2.12s; 71.23 connections/user sec, bytes read 0
151 connections in 11 real seconds, 0 bytes read per connection
Execution 23
s_time: verify depth is 1
175 connections in 2.37s; 73.84 connections/user sec, bytes read 0
175 connections in 11 real seconds, 0 bytes read per connection
Execution 24
s_time: verify depth is 1
125 connections in 1.72s; 72.67 connections/user sec, bytes read 0
125 connections in 11 real seconds, 0 bytes read per connection
Execution 25
s_time: verify depth is 1
155 connections in 2.15s; 72.09 connections/user sec, bytes read 0
155 connections in 11 real seconds, 0 bytes read per connection
Execution 26
s_time: verify depth is 1
153 connections in 2.12s; 72.17 connections/user sec, bytes read 0
153 connections in 11 real seconds, 0 bytes read per connection
Execution 27
s_time: verify depth is 1
149 connections in 2.17s; 68.66 connections/user sec, bytes read 0
149 connections in 12 real seconds, 0 bytes read per connection
Execution 28
s_time: verify depth is 1
158 connections in 2.14s; 73.83 connections/user sec, bytes read 0
158 connections in 11 real seconds, 0 bytes read per connection
Execution 29
s_time: verify depth is 1
184 connections in 2.53s; 72.73 connections/user sec, bytes read 0
184 connections in 11 real seconds, 0 bytes read per connection
Execution 30
s_time: verify depth is 1
169 connections in 2.34s; 72.22 connections/user sec, bytes read 0
169 connections in 14 real seconds, 0 bytes read per connection
Execution 31
s_time: verify depth is 1
161 connections in 2.30s; 70.00 connections/user sec, bytes read 0
161 connections in 11 real seconds, 0 bytes read per connection
Execution 32
s_time: verify depth is 1
151 connections in 2.09s; 72.25 connections/user sec, bytes read 0
151 connections in 11 real seconds, 0 bytes read per connection
Execution 33
s_time: verify depth is 1
169 connections in 2.30s; 73.48 connections/user sec, bytes read 0
169 connections in 13 real seconds, 0 bytes read per connection
Execution 34
s_time: verify depth is 1
161 connections in 2.19s; 73.52 connections/user sec, bytes read 0
161 connections in 11 real seconds, 0 bytes read per connection
Execution 35
s_time: verify depth is 1
190 connections in 2.53s; 75.10 connections/user sec, bytes read 0
190 connections in 11 real seconds, 0 bytes read per connection
Execution 36
s_time: verify depth is 1
176 connections in 2.41s; 73.03 connections/user sec, bytes read 0
176 connections in 11 real seconds, 0 bytes read per connection
Execution 37
s_time: verify depth is 1
105 connections in 1.39s; 75.54 connections/user sec, bytes read 0
105 connections in 11 real seconds, 0 bytes read per connection
Execution 38
s_time: verify depth is 1
168 connections in 2.35s; 71.49 connections/user sec, bytes read 0
168 connections in 11 real seconds, 0 bytes read per connection
Execution 39
s_time: verify depth is 1
174 connections in 2.41s; 72.20 connections/user sec, bytes read 0
174 connections in 11 real seconds, 0 bytes read per connection
Execution 40
s_time: verify depth is 1
133 connections in 1.88s; 70.74 connections/user sec, bytes read 0
133 connections in 11 real seconds, 0 bytes read per connection
Execution 41
s_time: verify depth is 1
195 connections in 2.53s; 77.08 connections/user sec, bytes read 0
195 connections in 11 real seconds, 0 bytes read per connection
Execution 42
s_time: verify depth is 1
172 connections in 2.42s; 71.07 connections/user sec, bytes read 0
172 connections in 11 real seconds, 0 bytes read per connection
Execution 43
s_time: verify depth is 1
134 connections in 1.76s; 76.14 connections/user sec, bytes read 0
134 connections in 11 real seconds, 0 bytes read per connection
Execution 44
s_time: verify depth is 1
193 connections in 2.66s; 72.56 connections/user sec, bytes read 0
193 connections in 11 real seconds, 0 bytes read per connection
Execution 45
s_time: verify depth is 1
161 connections in 2.39s; 67.36 connections/user sec, bytes read 0
161 connections in 11 real seconds, 0 bytes read per connection
Execution 46
s_time: verify depth is 1
139 connections in 1.88s; 73.94 connections/user sec, bytes read 0
139 connections in 12 real seconds, 0 bytes read per connection
Execution 47
s_time: verify depth is 1
141 connections in 1.96s; 71.94 connections/user sec, bytes read 0
141 connections in 11 real seconds, 0 bytes read per connection
Execution 48
s_time: verify depth is 1
175 connections in 2.53s; 69.17 connections/user sec, bytes read 0
175 connections in 11 real seconds, 0 bytes read per connection
Execution 49
s_time: verify depth is 1
155 connections in 2.20s; 70.45 connections/user sec, bytes read 0
155 connections in 14 real seconds, 0 bytes read per connection
Execution 50
s_time: verify depth is 1
158 connections in 2.15s; 73.49 connections/user sec, bytes read 0
158 connections in 11 real seconds, 0 bytes read per connection
tc
Mostrando el estado de qdisc para la interfaz: lo
qdisc netem 812b: root refcnt 2 limit 1000 loss 0.3%
 Sent 0 bytes 0 pkt (dropped 0, overlimits 0 requeues 0) 
 backlog 0b 0p requeues 0
-----
-----
Certificate request self-signature ok
subject=CN=localhost
Running /opt/oqssa/bin/perftestServer.sh with SIG_ALG=sphincssha2256fsimple and KEM_ALG=mlkem1024

Using default temp DH parameters
ACCEPT
Execution 1
s_time: verify depth is 1
216 connections in 1.19s; 181.51 connections/user sec, bytes read 0
216 connections in 11 real seconds, 0 bytes read per connection
Execution 2
s_time: verify depth is 1
144 connections in 0.79s; 182.28 connections/user sec, bytes read 0
144 connections in 12 real seconds, 0 bytes read per connection
Execution 3
s_time: verify depth is 1
221 connections in 1.16s; 190.52 connections/user sec, bytes read 0
221 connections in 11 real seconds, 0 bytes read per connection
Execution 4
s_time: verify depth is 1
169 connections in 0.92s; 183.70 connections/user sec, bytes read 0
169 connections in 11 real seconds, 0 bytes read per connection
Execution 5
s_time: verify depth is 1
203 connections in 1.16s; 175.00 connections/user sec, bytes read 0
203 connections in 13 real seconds, 0 bytes read per connection
Execution 6
s_time: verify depth is 1
tc
Mostrando el estado de qdisc para la interfaz: lo
qdisc netem 812c: root refcnt 2 limit 1000 loss 0.3%
 Sent 0 bytes 0 pkt (dropped 0, overlimits 0 requeues 0) 
 backlog 0b 0p requeues 0
-----
-----
Certificate request self-signature ok
subject=CN=localhost
Running /opt/oqssa/bin/perftestServer.sh with SIG_ALG=sphincssha2256ssimple and KEM_ALG=P-521

Using default temp DH parameters
ACCEPT
Execution 1
s_time: verify depth is 1
29 connections in 0.32s; 90.62 connections/user sec, bytes read 0
29 connections in 11 real seconds, 0 bytes read per connection
Execution 2
s_time: verify depth is 1
26 connections in 0.34s; 76.47 connections/user sec, bytes read 0
26 connections in 11 real seconds, 0 bytes read per connection
Execution 3
s_time: verify depth is 1
18 connections in 0.23s; 78.26 connections/user sec, bytes read 0
18 connections in 11 real seconds, 0 bytes read per connection
Execution 4
s_time: verify depth is 1
26 connections in 0.33s; 78.79 connections/user sec, bytes read 0
26 connections in 11 real seconds, 0 bytes read per connection
Execution 5
s_time: verify depth is 1
27 connections in 0.32s; 84.38 connections/user sec, bytes read 0
27 connections in 11 real seconds, 0 bytes read per connection
Execution 6
s_time: verify depth is 1
16 connections in 0.21s; 76.19 connections/user sec, bytes read 0
16 connections in 11 real seconds, 0 bytes read per connection
Execution 7
s_time: verify depth is 1
26 connections in 0.33s; 78.79 connections/user sec, bytes read 0
26 connections in 11 real seconds, 0 bytes read per connection
Execution 8
s_time: verify depth is 1
26 connections in 0.35s; 74.29 connections/user sec, bytes read 0
26 connections in 11 real seconds, 0 bytes read per connection
Execution 9
s_time: verify depth is 1
20 connections in 0.25s; 80.00 connections/user sec, bytes read 0
20 connections in 12 real seconds, 0 bytes read per connection
Execution 10
s_time: verify depth is 1
24 connections in 0.30s; 80.00 connections/user sec, bytes read 0
24 connections in 11 real seconds, 0 bytes read per connection
Execution 11
s_time: verify depth is 1
27 connections in 0.32s; 84.38 connections/user sec, bytes read 0
27 connections in 11 real seconds, 0 bytes read per connection
Execution 12
s_time: verify depth is 1
26 connections in 0.34s; 76.47 connections/user sec, bytes read 0
26 connections in 14 real seconds, 0 bytes read per connection
Execution 13
s_time: verify depth is 1
25 connections in 0.33s; 75.76 connections/user sec, bytes read 0
25 connections in 11 real seconds, 0 bytes read per connection
Execution 14
s_time: verify depth is 1
26 connections in 0.34s; 76.47 connections/user sec, bytes read 0
26 connections in 11 real seconds, 0 bytes read per connection
Execution 15
s_time: verify depth is 1
21 connections in 0.25s; 84.00 connections/user sec, bytes read 0
21 connections in 13 real seconds, 0 bytes read per connection
Execution 16
s_time: verify depth is 1
22 connections in 0.28s; 78.57 connections/user sec, bytes read 0
22 connections in 11 real seconds, 0 bytes read per connection
Execution 17
s_time: verify depth is 1
27 connections in 0.34s; 79.41 connections/user sec, bytes read 0
27 connections in 11 real seconds, 0 bytes read per connection
Execution 18
s_time: verify depth is 1
27 connections in 0.33s; 81.82 connections/user sec, bytes read 0
27 connections in 11 real seconds, 0 bytes read per connection
Execution 19
s_time: verify depth is 1
24 connections in 0.31s; 77.42 connections/user sec, bytes read 0
24 connections in 11 real seconds, 0 bytes read per connection
Execution 20
s_time: verify depth is 1
26 connections in 0.32s; 81.25 connections/user sec, bytes read 0
26 connections in 11 real seconds, 0 bytes read per connection
Execution 21
s_time: verify depth is 1
25 connections in 0.33s; 75.76 connections/user sec, bytes read 0
25 connections in 14 real seconds, 0 bytes read per connection
Execution 22
s_time: verify depth is 1
25 connections in 0.32s; 78.12 connections/user sec, bytes read 0
25 connections in 11 real seconds, 0 bytes read per connection
Execution 23
s_time: verify depth is 1
26 connections in 0.33s; 78.79 connections/user sec, bytes read 0
26 connections in 11 real seconds, 0 bytes read per connection
Execution 24
s_time: verify depth is 1
25 connections in 0.33s; 75.76 connections/user sec, bytes read 0
25 connections in 14 real seconds, 0 bytes read per connection
Execution 25
s_time: verify depth is 1
25 connections in 0.32s; 78.12 connections/user sec, bytes read 0
25 connections in 11 real seconds, 0 bytes read per connection
Execution 26
s_time: verify depth is 1
27 connections in 0.33s; 81.82 connections/user sec, bytes read 0
27 connections in 11 real seconds, 0 bytes read per connection
Execution 27
s_time: verify depth is 1
25 connections in 0.29s; 86.21 connections/user sec, bytes read 0
25 connections in 14 real seconds, 0 bytes read per connection
Execution 28
s_time: verify depth is 1
26 connections in 0.33s; 78.79 connections/user sec, bytes read 0
26 connections in 11 real seconds, 0 bytes read per connection
Execution 29
s_time: verify depth is 1
26 connections in 0.31s; 83.87 connections/user sec, bytes read 0
26 connections in 11 real seconds, 0 bytes read per connection
Execution 30
s_time: verify depth is 1
24 connections in 0.33s; 72.73 connections/user sec, bytes read 0
24 connections in 14 real seconds, 0 bytes read per connection
Execution 31
s_time: verify depth is 1
24 connections in 0.29s; 82.76 connections/user sec, bytes read 0
24 connections in 11 real seconds, 0 bytes read per connection
Execution 32
s_time: verify depth is 1
26 connections in 0.36s; 72.22 connections/user sec, bytes read 0
26 connections in 11 real seconds, 0 bytes read per connection
Execution 33
s_time: verify depth is 1
25 connections in 0.29s; 86.21 connections/user sec, bytes read 0
25 connections in 13 real seconds, 0 bytes read per connection
Execution 34
s_time: verify depth is 1
22 connections in 0.29s; 75.86 connections/user sec, bytes read 0
22 connections in 11 real seconds, 0 bytes read per connection
Execution 35
s_time: verify depth is 1
24 connections in 0.29s; 82.76 connections/user sec, bytes read 0
24 connections in 11 real seconds, 0 bytes read per connection
Execution 36
s_time: verify depth is 1
24 connections in 0.33s; 72.73 connections/user sec, bytes read 0
24 connections in 14 real seconds, 0 bytes read per connection
Execution 37
s_time: verify depth is 1
25 connections in 0.31s; 80.65 connections/user sec, bytes read 0
25 connections in 11 real seconds, 0 bytes read per connection
Execution 38
s_time: verify depth is 1
27 connections in 0.34s; 79.41 connections/user sec, bytes read 0
27 connections in 11 real seconds, 0 bytes read per connection
Execution 39
s_time: verify depth is 1
27 connections in 0.35s; 77.14 connections/user sec, bytes read 0
27 connections in 14 real seconds, 0 bytes read per connection
Execution 40
s_time: verify depth is 1
25 connections in 0.30s; 83.33 connections/user sec, bytes read 0
25 connections in 11 real seconds, 0 bytes read per connection
Execution 41
s_time: verify depth is 1
27 connections in 0.31s; 87.10 connections/user sec, bytes read 0
27 connections in 11 real seconds, 0 bytes read per connection
Execution 42
s_time: verify depth is 1
27 connections in 0.32s; 84.38 connections/user sec, bytes read 0
27 connections in 14 real seconds, 0 bytes read per connection
Execution 43
s_time: verify depth is 1
26 connections in 0.34s; 76.47 connections/user sec, bytes read 0
26 connections in 11 real seconds, 0 bytes read per connection
Execution 44
s_time: verify depth is 1
26 connections in 0.33s; 78.79 connections/user sec, bytes read 0
26 connections in 11 real seconds, 0 bytes read per connection
Execution 45
s_time: verify depth is 1
26 connections in 0.33s; 78.79 connections/user sec, bytes read 0
26 connections in 14 real seconds, 0 bytes read per connection
Execution 46
s_time: verify depth is 1
26 connections in 0.35s; 74.29 connections/user sec, bytes read 0
26 connections in 11 real seconds, 0 bytes read per connection
Execution 47
s_time: verify depth is 1
26 connections in 0.31s; 83.87 connections/user sec, bytes read 0
26 connections in 11 real seconds, 0 bytes read per connection
Execution 48
s_time: verify depth is 1
24 connections in 0.31s; 77.42 connections/user sec, bytes read 0
24 connections in 14 real seconds, 0 bytes read per connection
Execution 49
s_time: verify depth is 1
25 connections in 0.32s; 78.12 connections/user sec, bytes read 0
25 connections in 11 real seconds, 0 bytes read per connection
Execution 50
s_time: verify depth is 1
25 connections in 0.33s; 75.76 connections/user sec, bytes read 0
25 connections in 11 real seconds, 0 bytes read per connection
tc
Mostrando el estado de qdisc para la interfaz: lo
qdisc netem 812d: root refcnt 2 limit 1000 loss 0.3%
 Sent 0 bytes 0 pkt (dropped 0, overlimits 0 requeues 0) 
 backlog 0b 0p requeues 0
-----
-----
Certificate request self-signature ok
subject=CN=localhost
Running /opt/oqssa/bin/perftestServer.sh with SIG_ALG=sphincssha2256ssimple and KEM_ALG=mlkem1024

Using default temp DH parameters
ACCEPT
Execution 1
s_time: verify depth is 1
17 connections in 0.06s; 283.33 connections/user sec, bytes read 0
17 connections in 11 real seconds, 0 bytes read per connection
Execution 2
s_time: verify depth is 1
20 connections in 0.08s; 250.00 connections/user sec, bytes read 0
20 connections in 11 real seconds, 0 bytes read per connection
Execution 3
s_time: verify depth is 1
27 connections in 0.11s; 245.45 connections/user sec, bytes read 0
27 connections in 11 real seconds, 0 bytes read per connection
Execution 4
s_time: verify depth is 1
26 connections in 0.09s; 288.89 connections/user sec, bytes read 0
26 connections in 13 real seconds, 0 bytes read per connection
Execution 5
s_time: verify depth is 1
25 connections in 0.09s; 277.78 connections/user sec, bytes read 0
25 connections in 11 real seconds, 0 bytes read per connection
Execution 6
s_time: verify depth is 1
24 connections in 0.10s; 240.00 connections/user sec, bytes read 0
24 connections in 11 real seconds, 0 bytes read per connection
Execution 7
s_time: verify depth is 1
25 connections in 0.10s; 250.00 connections/user sec, bytes read 0
25 connections in 14 real seconds, 0 bytes read per connection
Execution 8
s_time: verify depth is 1
22 connections in 0.09s; 244.44 connections/user sec, bytes read 0
22 connections in 11 real seconds, 0 bytes read per connection
Execution 9
s_time: verify depth is 1
27 connections in 0.10s; 270.00 connections/user sec, bytes read 0
27 connections in 11 real seconds, 0 bytes read per connection
Execution 10
s_time: verify depth is 1
27 connections in 0.10s; 270.00 connections/user sec, bytes read 0
27 connections in 14 real seconds, 0 bytes read per connection
Execution 11
s_time: verify depth is 1
25 connections in 0.10s; 250.00 connections/user sec, bytes read 0
25 connections in 11 real seconds, 0 bytes read per connection
Execution 12
s_time: verify depth is 1
27 connections in 0.11s; 245.45 connections/user sec, bytes read 0
27 connections in 11 real seconds, 0 bytes read per connection
Execution 13
s_time: verify depth is 1
26 connections in 0.10s; 260.00 connections/user sec, bytes read 0
26 connections in 14 real seconds, 0 bytes read per connection
Execution 14
s_time: verify depth is 1
25 connections in 0.10s; 250.00 connections/user sec, bytes read 0
25 connections in 11 real seconds, 0 bytes read per connection
Execution 15
s_time: verify depth is 1
27 connections in 0.11s; 245.45 connections/user sec, bytes read 0
27 connections in 11 real seconds, 0 bytes read per connection
Execution 16
s_time: verify depth is 1
26 connections in 0.10s; 260.00 connections/user sec, bytes read 0
26 connections in 14 real seconds, 0 bytes read per connection
Execution 17
s_time: verify depth is 1
20 connections in 0.08s; 250.00 connections/user sec, bytes read 0
20 connections in 11 real seconds, 0 bytes read per connection
Execution 18
s_time: verify depth is 1
26 connections in 0.11s; 236.36 connections/user sec, bytes read 0
26 connections in 11 real seconds, 0 bytes read per connection
Execution 19
s_time: verify depth is 1
24 connections in 0.09s; 266.67 connections/user sec, bytes read 0
24 connections in 14 real seconds, 0 bytes read per connection
Execution 20
s_time: verify depth is 1
27 connections in 0.10s; 270.00 connections/user sec, bytes read 0
27 connections in 11 real seconds, 0 bytes read per connection
Execution 21
s_time: verify depth is 1
28 connections in 0.12s; 233.33 connections/user sec, bytes read 0
28 connections in 11 real seconds, 0 bytes read per connection
Execution 22
s_time: verify depth is 1
24 connections in 0.09s; 266.67 connections/user sec, bytes read 0
24 connections in 13 real seconds, 0 bytes read per connection
Execution 23
s_time: verify depth is 1
26 connections in 0.10s; 260.00 connections/user sec, bytes read 0
26 connections in 11 real seconds, 0 bytes read per connection
Execution 24
s_time: verify depth is 1
27 connections in 0.11s; 245.45 connections/user sec, bytes read 0
27 connections in 11 real seconds, 0 bytes read per connection
Execution 25
s_time: verify depth is 1
26 connections in 0.10s; 260.00 connections/user sec, bytes read 0
26 connections in 14 real seconds, 0 bytes read per connection
Execution 26
s_time: verify depth is 1
26 connections in 0.09s; 288.89 connections/user sec, bytes read 0
26 connections in 11 real seconds, 0 bytes read per connection
Execution 27
s_time: verify depth is 1
28 connections in 0.10s; 280.00 connections/user sec, bytes read 0
28 connections in 11 real seconds, 0 bytes read per connection
Execution 28
s_time: verify depth is 1
24 connections in 0.09s; 266.67 connections/user sec, bytes read 0
24 connections in 14 real seconds, 0 bytes read per connection
Execution 29
s_time: verify depth is 1
26 connections in 0.09s; 288.89 connections/user sec, bytes read 0
26 connections in 11 real seconds, 0 bytes read per connection
Execution 30
s_time: verify depth is 1
24 connections in 0.10s; 240.00 connections/user sec, bytes read 0
24 connections in 11 real seconds, 0 bytes read per connection
Execution 31
s_time: verify depth is 1
27 connections in 0.11s; 245.45 connections/user sec, bytes read 0
27 connections in 14 real seconds, 0 bytes read per connection
Execution 32
s_time: verify depth is 1
28 connections in 0.11s; 254.55 connections/user sec, bytes read 0
28 connections in 11 real seconds, 0 bytes read per connection
Execution 33
s_time: verify depth is 1
25 connections in 0.09s; 277.78 connections/user sec, bytes read 0
25 connections in 11 real seconds, 0 bytes read per connection
Execution 34
s_time: verify depth is 1
27 connections in 0.10s; 270.00 connections/user sec, bytes read 0
27 connections in 15 real seconds, 0 bytes read per connection
Execution 35
s_time: verify depth is 1
27 connections in 0.11s; 245.45 connections/user sec, bytes read 0
27 connections in 11 real seconds, 0 bytes read per connection
Execution 36
s_time: verify depth is 1
25 connections in 0.10s; 250.00 connections/user sec, bytes read 0
25 connections in 11 real seconds, 0 bytes read per connection
Execution 37
s_time: verify depth is 1
22 connections in 0.09s; 244.44 connections/user sec, bytes read 0
22 connections in 13 real seconds, 0 bytes read per connection
Execution 38
s_time: verify depth is 1
27 connections in 0.11s; 245.45 connections/user sec, bytes read 0
27 connections in 11 real seconds, 0 bytes read per connection
Execution 39
s_time: verify depth is 1
26 connections in 0.11s; 236.36 connections/user sec, bytes read 0
26 connections in 11 real seconds, 0 bytes read per connection
Execution 40
s_time: verify depth is 1
26 connections in 0.10s; 260.00 connections/user sec, bytes read 0
26 connections in 13 real seconds, 0 bytes read per connection
Execution 41
s_time: verify depth is 1
25 connections in 0.10s; 250.00 connections/user sec, bytes read 0
25 connections in 11 real seconds, 0 bytes read per connection
Execution 42
s_time: verify depth is 1
25 connections in 0.11s; 227.27 connections/user sec, bytes read 0
25 connections in 11 real seconds, 0 bytes read per connection
Execution 43
s_time: verify depth is 1
26 connections in 0.10s; 260.00 connections/user sec, bytes read 0
26 connections in 14 real seconds, 0 bytes read per connection
Execution 44
s_time: verify depth is 1
23 connections in 0.09s; 255.56 connections/user sec, bytes read 0
23 connections in 11 real seconds, 0 bytes read per connection
Execution 45
s_time: verify depth is 1
26 connections in 0.10s; 260.00 connections/user sec, bytes read 0
26 connections in 11 real seconds, 0 bytes read per connection
Execution 46
s_time: verify depth is 1
25 connections in 0.10s; 250.00 connections/user sec, bytes read 0
25 connections in 14 real seconds, 0 bytes read per connection
Execution 47
s_time: verify depth is 1
26 connections in 0.10s; 260.00 connections/user sec, bytes read 0
26 connections in 11 real seconds, 0 bytes read per connection
Execution 48
s_time: verify depth is 1
25 connections in 0.10s; 250.00 connections/user sec, bytes read 0
25 connections in 11 real seconds, 0 bytes read per connection
Execution 49
s_time: verify depth is 1
26 connections in 0.11s; 236.36 connections/user sec, bytes read 0
26 connections in 14 real seconds, 0 bytes read per connection
Execution 50
s_time: verify depth is 1
24 connections in 0.09s; 266.67 connections/user sec, bytes read 0
24 connections in 11 real seconds, 0 bytes read per connection
