tc
Mostrando el estado de qdisc para la interfaz: lo
qdisc netem 823f: root refcnt 2 limit 1000 delay 1.0ms
 Sent 0 bytes 0 pkt (dropped 0, overlimits 0 requeues 0) 
 backlog 0b 0p requeues 0
Certificate request self-signature ok
subject=CN=localhost
Running /opt/oqssa/bin/perftestServerECDSA.sh with SIG_ALG=secp384r1 and KEM_ALG=P-384

Using default temp DH parameters
ACCEPT
Execution 1
s_time: verify depth is 1
751 connections in 4.68s; 160.47 connections/user sec, bytes read 0
751 connections in 11 real seconds, 0 bytes read per connection
Execution 2
s_time: verify depth is 1
700 connections in 4.74s; 147.68 connections/user sec, bytes read 0
700 connections in 11 real seconds, 0 bytes read per connection
Execution 3
s_time: verify depth is 1
468 connections in 3.25s; 144.00 connections/user sec, bytes read 0
468 connections in 11 real seconds, 0 bytes read per connection
Execution 4
s_time: verify depth is 1
761 connections in 4.77s; 159.54 connections/user sec, bytes read 0
761 connections in 11 real seconds, 0 bytes read per connection
Execution 5
s_time: verify depth is 1
773 connections in 4.75s; 162.74 connections/user sec, bytes read 0
773 connections in 11 real seconds, 0 bytes read per connection
Execution 6
s_time: verify depth is 1
515 connections in 3.21s; 160.44 connections/user sec, bytes read 0
515 connections in 11 real seconds, 0 bytes read per connection
Execution 7
s_time: verify depth is 1
705 connections in 4.78s; 147.49 connections/user sec, bytes read 0
705 connections in 11 real seconds, 0 bytes read per connection
Execution 8
s_time: verify depth is 1
705 connections in 4.80s; 146.88 connections/user sec, bytes read 0
705 connections in 11 real seconds, 0 bytes read per connection
Execution 9
s_time: verify depth is 1
509 connections in 3.14s; 162.10 connections/user sec, bytes read 0
509 connections in 11 real seconds, 0 bytes read per connection
Execution 10
s_time: verify depth is 1
766 connections in 4.73s; 161.95 connections/user sec, bytes read 0
766 connections in 11 real seconds, 0 bytes read per connection
Execution 11
s_time: verify depth is 1
774 connections in 4.71s; 164.33 connections/user sec, bytes read 0
774 connections in 11 real seconds, 0 bytes read per connection
Execution 12
s_time: verify depth is 1
661 connections in 4.08s; 162.01 connections/user sec, bytes read 0
661 connections in 13 real seconds, 0 bytes read per connection
Execution 13
s_time: verify depth is 1
757 connections in 4.71s; 160.72 connections/user sec, bytes read 0
757 connections in 11 real seconds, 0 bytes read per connection
Execution 14
s_time: verify depth is 1
711 connections in 4.74s; 150.00 connections/user sec, bytes read 0
711 connections in 11 real seconds, 0 bytes read per connection
Execution 15
s_time: verify depth is 1
676 connections in 4.46s; 151.57 connections/user sec, bytes read 0
676 connections in 13 real seconds, 0 bytes read per connection
Execution 16
s_time: verify depth is 1
691 connections in 4.37s; 158.12 connections/user sec, bytes read 0
691 connections in 11 real seconds, 0 bytes read per connection
Execution 17
s_time: verify depth is 1
707 connections in 4.77s; 148.22 connections/user sec, bytes read 0
707 connections in 11 real seconds, 0 bytes read per connection
Execution 18
s_time: verify depth is 1
718 connections in 4.71s; 152.44 connections/user sec, bytes read 0
718 connections in 11 real seconds, 0 bytes read per connection
Execution 19
s_time: verify depth is 1
507 connections in 3.23s; 156.97 connections/user sec, bytes read 0
507 connections in 11 real seconds, 0 bytes read per connection
Execution 20
s_time: verify depth is 1
764 connections in 4.69s; 162.90 connections/user sec, bytes read 0
764 connections in 11 real seconds, 0 bytes read per connection
Execution 21
s_time: verify depth is 1
770 connections in 4.72s; 163.14 connections/user sec, bytes read 0
770 connections in 11 real seconds, 0 bytes read per connection
Execution 22
s_time: verify depth is 1
516 connections in 3.22s; 160.25 connections/user sec, bytes read 0
516 connections in 11 real seconds, 0 bytes read per connection
Execution 23
s_time: verify depth is 1
765 connections in 4.78s; 160.04 connections/user sec, bytes read 0
765 connections in 11 real seconds, 0 bytes read per connection
Execution 24
s_time: verify depth is 1
765 connections in 4.75s; 161.05 connections/user sec, bytes read 0
765 connections in 11 real seconds, 0 bytes read per connection
Execution 25
s_time: verify depth is 1
500 connections in 3.24s; 154.32 connections/user sec, bytes read 0
500 connections in 11 real seconds, 0 bytes read per connection
Execution 26
s_time: verify depth is 1
699 connections in 4.81s; 145.32 connections/user sec, bytes read 0
699 connections in 11 real seconds, 0 bytes read per connection
Execution 27
s_time: verify depth is 1
769 connections in 4.71s; 163.27 connections/user sec, bytes read 0
769 connections in 11 real seconds, 0 bytes read per connection
Execution 28
s_time: verify depth is 1
559 connections in 3.82s; 146.34 connections/user sec, bytes read 0
559 connections in 12 real seconds, 0 bytes read per connection
Execution 29
s_time: verify depth is 1
695 connections in 4.72s; 147.25 connections/user sec, bytes read 0
695 connections in 11 real seconds, 0 bytes read per connection
Execution 30
s_time: verify depth is 1
764 connections in 4.75s; 160.84 connections/user sec, bytes read 0
764 connections in 11 real seconds, 0 bytes read per connection
Execution 31
s_time: verify depth is 1
724 connections in 4.53s; 159.82 connections/user sec, bytes read 0
724 connections in 14 real seconds, 0 bytes read per connection
Execution 32
s_time: verify depth is 1
762 connections in 4.72s; 161.44 connections/user sec, bytes read 0
762 connections in 11 real seconds, 0 bytes read per connection
Execution 33
s_time: verify depth is 1
767 connections in 4.73s; 162.16 connections/user sec, bytes read 0
767 connections in 11 real seconds, 0 bytes read per connection
Execution 34
s_time: verify depth is 1
651 connections in 4.54s; 143.39 connections/user sec, bytes read 0
651 connections in 13 real seconds, 0 bytes read per connection
Execution 35
s_time: verify depth is 1
640 connections in 4.39s; 145.79 connections/user sec, bytes read 0
640 connections in 11 real seconds, 0 bytes read per connection
Execution 36
s_time: verify depth is 1
714 connections in 4.84s; 147.52 connections/user sec, bytes read 0
714 connections in 11 real seconds, 0 bytes read per connection
Execution 37
s_time: verify depth is 1
759 connections in 4.75s; 159.79 connections/user sec, bytes read 0
759 connections in 11 real seconds, 0 bytes read per connection
Execution 38
s_time: verify depth is 1
478 connections in 3.28s; 145.73 connections/user sec, bytes read 0
478 connections in 11 real seconds, 0 bytes read per connection
Execution 39
s_time: verify depth is 1
770 connections in 4.73s; 162.79 connections/user sec, bytes read 0
770 connections in 11 real seconds, 0 bytes read per connection
Execution 40
s_time: verify depth is 1
763 connections in 4.73s; 161.31 connections/user sec, bytes read 0
763 connections in 11 real seconds, 0 bytes read per connection
Execution 41
s_time: verify depth is 1
511 connections in 3.18s; 160.69 connections/user sec, bytes read 0
511 connections in 11 real seconds, 0 bytes read per connection
Execution 42
s_time: verify depth is 1
755 connections in 4.81s; 156.96 connections/user sec, bytes read 0
755 connections in 11 real seconds, 0 bytes read per connection
Execution 43
s_time: verify depth is 1
762 connections in 4.73s; 161.10 connections/user sec, bytes read 0
762 connections in 11 real seconds, 0 bytes read per connection
Execution 44
s_time: verify depth is 1
507 connections in 3.19s; 158.93 connections/user sec, bytes read 0
507 connections in 11 real seconds, 0 bytes read per connection
Execution 45
s_time: verify depth is 1
763 connections in 4.75s; 160.63 connections/user sec, bytes read 0
763 connections in 11 real seconds, 0 bytes read per connection
Execution 46
s_time: verify depth is 1
766 connections in 4.73s; 161.95 connections/user sec, bytes read 0
766 connections in 11 real seconds, 0 bytes read per connection
Execution 47
s_time: verify depth is 1
591 connections in 3.72s; 158.87 connections/user sec, bytes read 0
591 connections in 12 real seconds, 0 bytes read per connection
Execution 48
s_time: verify depth is 1
763 connections in 4.62s; 165.15 connections/user sec, bytes read 0
763 connections in 11 real seconds, 0 bytes read per connection
Execution 49
s_time: verify depth is 1
779 connections in 4.72s; 165.04 connections/user sec, bytes read 0
779 connections in 11 real seconds, 0 bytes read per connection
Execution 50
s_time: verify depth is 1
731 connections in 4.46s; 163.90 connections/user sec, bytes read 0
731 connections in 14 real seconds, 0 bytes read per connection
tc
Mostrando el estado de qdisc para la interfaz: lo
qdisc netem 8240: root refcnt 2 limit 1000 delay 1.0ms
 Sent 0 bytes 0 pkt (dropped 0, overlimits 0 requeues 0) 
 backlog 0b 0p requeues 0
Certificate request self-signature ok
subject=CN=localhost
Running /opt/oqssa/bin/perftestServerECDSA.sh with SIG_ALG=secp384r1 and KEM_ALG=x448

Using default temp DH parameters
ACCEPT
Execution 1
s_time: verify depth is 1
1107 connections in 3.69s; 300.00 connections/user sec, bytes read 0
1107 connections in 11 real seconds, 0 bytes read per connection
Execution 2
s_time: verify depth is 1
1201 connections in 3.97s; 302.52 connections/user sec, bytes read 0
1201 connections in 11 real seconds, 0 bytes read per connection
Execution 3
s_time: verify depth is 1
1007 connections in 3.36s; 299.70 connections/user sec, bytes read 0
1007 connections in 12 real seconds, 0 bytes read per connection
Execution 4
s_time: verify depth is 1
1098 connections in 3.62s; 303.31 connections/user sec, bytes read 0
1098 connections in 11 real seconds, 0 bytes read per connection
Execution 5
s_time: verify depth is 1
1199 connections in 3.96s; 302.78 connections/user sec, bytes read 0
1199 connections in 11 real seconds, 0 bytes read per connection
Execution 6
s_time: verify depth is 1
1181 connections in 3.97s; 297.48 connections/user sec, bytes read 0
1181 connections in 11 real seconds, 0 bytes read per connection
Execution 7
s_time: verify depth is 1
803 connections in 2.69s; 298.51 connections/user sec, bytes read 0
803 connections in 11 real seconds, 0 bytes read per connection
Execution 8
s_time: verify depth is 1
1193 connections in 3.99s; 299.00 connections/user sec, bytes read 0
1193 connections in 11 real seconds, 0 bytes read per connection
Execution 9
s_time: verify depth is 1
1174 connections in 4.04s; 290.59 connections/user sec, bytes read 0
1174 connections in 11 real seconds, 0 bytes read per connection
Execution 10
s_time: verify depth is 1
752 connections in 2.75s; 273.45 connections/user sec, bytes read 0
752 connections in 11 real seconds, 0 bytes read per connection
Execution 11
s_time: verify depth is 1
1100 connections in 4.14s; 265.70 connections/user sec, bytes read 0
1100 connections in 11 real seconds, 0 bytes read per connection
Execution 12
s_time: verify depth is 1
1090 connections in 4.15s; 262.65 connections/user sec, bytes read 0
1090 connections in 11 real seconds, 0 bytes read per connection
Execution 13
s_time: verify depth is 1
747 connections in 2.76s; 270.65 connections/user sec, bytes read 0
747 connections in 11 real seconds, 0 bytes read per connection
Execution 14
s_time: verify depth is 1
1108 connections in 4.06s; 272.91 connections/user sec, bytes read 0
1108 connections in 11 real seconds, 0 bytes read per connection
Execution 15
s_time: verify depth is 1
1177 connections in 3.97s; 296.47 connections/user sec, bytes read 0
1177 connections in 11 real seconds, 0 bytes read per connection
Execution 16
s_time: verify depth is 1
913 connections in 3.09s; 295.47 connections/user sec, bytes read 0
913 connections in 12 real seconds, 0 bytes read per connection
Execution 17
s_time: verify depth is 1
1153 connections in 3.88s; 297.16 connections/user sec, bytes read 0
1153 connections in 11 real seconds, 0 bytes read per connection
Execution 18
s_time: verify depth is 1
1103 connections in 4.17s; 264.51 connections/user sec, bytes read 0
1103 connections in 11 real seconds, 0 bytes read per connection
Execution 19
s_time: verify depth is 1
1042 connections in 3.92s; 265.82 connections/user sec, bytes read 0
1042 connections in 14 real seconds, 0 bytes read per connection
Execution 20
s_time: verify depth is 1
1175 connections in 3.88s; 302.84 connections/user sec, bytes read 0
1175 connections in 11 real seconds, 0 bytes read per connection
Execution 21
s_time: verify depth is 1
1164 connections in 3.96s; 293.94 connections/user sec, bytes read 0
1164 connections in 11 real seconds, 0 bytes read per connection
Execution 22
s_time: verify depth is 1
1020 connections in 3.92s; 260.20 connections/user sec, bytes read 0
1020 connections in 13 real seconds, 0 bytes read per connection
Execution 23
s_time: verify depth is 1
1012 connections in 3.79s; 267.02 connections/user sec, bytes read 0
1012 connections in 11 real seconds, 0 bytes read per connection
Execution 24
s_time: verify depth is 1
1094 connections in 4.15s; 263.61 connections/user sec, bytes read 0
1094 connections in 11 real seconds, 0 bytes read per connection
Execution 25
s_time: verify depth is 1
1113 connections in 4.07s; 273.46 connections/user sec, bytes read 0
1113 connections in 11 real seconds, 0 bytes read per connection
Execution 26
s_time: verify depth is 1
794 connections in 2.65s; 299.62 connections/user sec, bytes read 0
794 connections in 11 real seconds, 0 bytes read per connection
Execution 27
s_time: verify depth is 1
1140 connections in 3.90s; 292.31 connections/user sec, bytes read 0
1140 connections in 11 real seconds, 0 bytes read per connection
Execution 28
s_time: verify depth is 1
1160 connections in 3.95s; 293.67 connections/user sec, bytes read 0
1160 connections in 11 real seconds, 0 bytes read per connection
Execution 29
s_time: verify depth is 1
793 connections in 2.66s; 298.12 connections/user sec, bytes read 0
793 connections in 11 real seconds, 0 bytes read per connection
Execution 30
s_time: verify depth is 1
1163 connections in 3.97s; 292.95 connections/user sec, bytes read 0
1163 connections in 11 real seconds, 0 bytes read per connection
Execution 31
s_time: verify depth is 1
1169 connections in 3.88s; 301.29 connections/user sec, bytes read 0
1169 connections in 11 real seconds, 0 bytes read per connection
Execution 32
s_time: verify depth is 1
750 connections in 2.73s; 274.73 connections/user sec, bytes read 0
750 connections in 11 real seconds, 0 bytes read per connection
Execution 33
s_time: verify depth is 1
1152 connections in 3.82s; 301.57 connections/user sec, bytes read 0
1152 connections in 11 real seconds, 0 bytes read per connection
Execution 34
s_time: verify depth is 1
1177 connections in 3.95s; 297.97 connections/user sec, bytes read 0
1177 connections in 11 real seconds, 0 bytes read per connection
Execution 35
s_time: verify depth is 1
910 connections in 3.03s; 300.33 connections/user sec, bytes read 0
910 connections in 12 real seconds, 0 bytes read per connection
Execution 36
s_time: verify depth is 1
1144 connections in 3.86s; 296.37 connections/user sec, bytes read 0
1144 connections in 11 real seconds, 0 bytes read per connection
Execution 37
s_time: verify depth is 1
1122 connections in 4.14s; 271.01 connections/user sec, bytes read 0
1122 connections in 11 real seconds, 0 bytes read per connection
Execution 38
s_time: verify depth is 1
1093 connections in 3.74s; 292.25 connections/user sec, bytes read 0
1093 connections in 14 real seconds, 0 bytes read per connection
Execution 39
s_time: verify depth is 1
1171 connections in 3.96s; 295.71 connections/user sec, bytes read 0
1171 connections in 11 real seconds, 0 bytes read per connection
Execution 40
s_time: verify depth is 1
1172 connections in 3.90s; 300.51 connections/user sec, bytes read 0
1172 connections in 11 real seconds, 0 bytes read per connection
Execution 41
s_time: verify depth is 1
1085 connections in 3.60s; 301.39 connections/user sec, bytes read 0
1085 connections in 13 real seconds, 0 bytes read per connection
Execution 42
s_time: verify depth is 1
1002 connections in 3.81s; 262.99 connections/user sec, bytes read 0
1002 connections in 11 real seconds, 0 bytes read per connection
Execution 43
s_time: verify depth is 1
1104 connections in 4.13s; 267.31 connections/user sec, bytes read 0
1104 connections in 11 real seconds, 0 bytes read per connection
Execution 44
s_time: verify depth is 1
1171 connections in 3.88s; 301.80 connections/user sec, bytes read 0
1171 connections in 11 real seconds, 0 bytes read per connection
Execution 45
s_time: verify depth is 1
787 connections in 2.67s; 294.76 connections/user sec, bytes read 0
787 connections in 11 real seconds, 0 bytes read per connection
Execution 46
s_time: verify depth is 1
1141 connections in 3.97s; 287.41 connections/user sec, bytes read 0
1141 connections in 11 real seconds, 0 bytes read per connection
Execution 47
s_time: verify depth is 1
1100 connections in 4.13s; 266.34 connections/user sec, bytes read 0
1100 connections in 11 real seconds, 0 bytes read per connection
Execution 48
s_time: verify depth is 1
770 connections in 2.61s; 295.02 connections/user sec, bytes read 0
770 connections in 11 real seconds, 0 bytes read per connection
Execution 49
s_time: verify depth is 1
1169 connections in 3.99s; 292.98 connections/user sec, bytes read 0
1169 connections in 11 real seconds, 0 bytes read per connection
Execution 50
s_time: verify depth is 1
1166 connections in 3.96s; 294.44 connections/user sec, bytes read 0
1166 connections in 11 real seconds, 0 bytes read per connection
tc
Mostrando el estado de qdisc para la interfaz: lo
qdisc netem 8241: root refcnt 2 limit 1000 delay 1.0ms
 Sent 0 bytes 0 pkt (dropped 0, overlimits 0 requeues 0) 
 backlog 0b 0p requeues 0
Certificate request self-signature ok
subject=CN=localhost
Running /opt/oqssa/bin/perftestServerECDSA.sh with SIG_ALG=secp384r1 and KEM_ALG=p384_mlkem768

Using default temp DH parameters
ACCEPT
Execution 1
s_time: verify depth is 1
355 connections in 2.79s; 127.24 connections/user sec, bytes read 0
355 connections in 11 real seconds, 0 bytes read per connection
Execution 2
s_time: verify depth is 1
596 connections in 4.77s; 124.95 connections/user sec, bytes read 0
596 connections in 11 real seconds, 0 bytes read per connection
Execution 3
s_time: verify depth is 1
603 connections in 4.71s; 128.03 connections/user sec, bytes read 0
603 connections in 11 real seconds, 0 bytes read per connection
Execution 4
s_time: verify depth is 1
416 connections in 3.34s; 124.55 connections/user sec, bytes read 0
416 connections in 11 real seconds, 0 bytes read per connection
Execution 5
s_time: verify depth is 1
575 connections in 4.67s; 123.13 connections/user sec, bytes read 0
575 connections in 11 real seconds, 0 bytes read per connection
Execution 6
s_time: verify depth is 1
606 connections in 4.76s; 127.31 connections/user sec, bytes read 0
606 connections in 11 real seconds, 0 bytes read per connection
Execution 7
s_time: verify depth is 1
527 connections in 4.58s; 115.07 connections/user sec, bytes read 0
527 connections in 14 real seconds, 0 bytes read per connection
Execution 8
s_time: verify depth is 1
596 connections in 4.73s; 126.00 connections/user sec, bytes read 0
596 connections in 11 real seconds, 0 bytes read per connection
Execution 9
s_time: verify depth is 1
601 connections in 4.72s; 127.33 connections/user sec, bytes read 0
601 connections in 11 real seconds, 0 bytes read per connection
Execution 10
s_time: verify depth is 1
515 connections in 4.59s; 112.20 connections/user sec, bytes read 0
515 connections in 13 real seconds, 0 bytes read per connection
Execution 11
s_time: verify depth is 1
547 connections in 4.35s; 125.75 connections/user sec, bytes read 0
547 connections in 11 real seconds, 0 bytes read per connection
Execution 12
s_time: verify depth is 1
593 connections in 4.71s; 125.90 connections/user sec, bytes read 0
593 connections in 11 real seconds, 0 bytes read per connection
Execution 13
s_time: verify depth is 1
605 connections in 4.73s; 127.91 connections/user sec, bytes read 0
605 connections in 11 real seconds, 0 bytes read per connection
Execution 14
s_time: verify depth is 1
408 connections in 3.19s; 127.90 connections/user sec, bytes read 0
408 connections in 11 real seconds, 0 bytes read per connection
Execution 15
s_time: verify depth is 1
602 connections in 4.74s; 127.00 connections/user sec, bytes read 0
602 connections in 11 real seconds, 0 bytes read per connection
Execution 16
s_time: verify depth is 1
603 connections in 4.74s; 127.22 connections/user sec, bytes read 0
603 connections in 11 real seconds, 0 bytes read per connection
Execution 17
s_time: verify depth is 1
402 connections in 3.23s; 124.46 connections/user sec, bytes read 0
402 connections in 11 real seconds, 0 bytes read per connection
Execution 18
s_time: verify depth is 1
600 connections in 4.72s; 127.12 connections/user sec, bytes read 0
600 connections in 11 real seconds, 0 bytes read per connection
Execution 19
s_time: verify depth is 1
608 connections in 4.76s; 127.73 connections/user sec, bytes read 0
608 connections in 11 real seconds, 0 bytes read per connection
Execution 20
s_time: verify depth is 1
400 connections in 3.21s; 124.61 connections/user sec, bytes read 0
400 connections in 11 real seconds, 0 bytes read per connection
Execution 21
s_time: verify depth is 1
604 connections in 4.69s; 128.78 connections/user sec, bytes read 0
604 connections in 11 real seconds, 0 bytes read per connection
Execution 22
s_time: verify depth is 1
602 connections in 4.73s; 127.27 connections/user sec, bytes read 0
602 connections in 11 real seconds, 0 bytes read per connection
Execution 23
s_time: verify depth is 1
466 connections in 3.76s; 123.94 connections/user sec, bytes read 0
466 connections in 12 real seconds, 0 bytes read per connection
Execution 24
s_time: verify depth is 1
588 connections in 4.65s; 126.45 connections/user sec, bytes read 0
588 connections in 11 real seconds, 0 bytes read per connection
Execution 25
s_time: verify depth is 1
605 connections in 4.76s; 127.10 connections/user sec, bytes read 0
605 connections in 11 real seconds, 0 bytes read per connection
Execution 26
s_time: verify depth is 1
566 connections in 4.53s; 124.94 connections/user sec, bytes read 0
566 connections in 14 real seconds, 0 bytes read per connection
Execution 27
s_time: verify depth is 1
602 connections in 4.70s; 128.09 connections/user sec, bytes read 0
602 connections in 11 real seconds, 0 bytes read per connection
Execution 28
s_time: verify depth is 1
606 connections in 4.75s; 127.58 connections/user sec, bytes read 0
606 connections in 11 real seconds, 0 bytes read per connection
Execution 29
s_time: verify depth is 1
561 connections in 4.46s; 125.78 connections/user sec, bytes read 0
561 connections in 13 real seconds, 0 bytes read per connection
Execution 30
s_time: verify depth is 1
550 connections in 4.34s; 126.73 connections/user sec, bytes read 0
550 connections in 11 real seconds, 0 bytes read per connection
Execution 31
s_time: verify depth is 1
599 connections in 4.75s; 126.11 connections/user sec, bytes read 0
599 connections in 11 real seconds, 0 bytes read per connection
Execution 32
s_time: verify depth is 1
587 connections in 4.89s; 120.04 connections/user sec, bytes read 0
587 connections in 11 real seconds, 0 bytes read per connection
Execution 33
s_time: verify depth is 1
407 connections in 3.20s; 127.19 connections/user sec, bytes read 0
407 connections in 11 real seconds, 0 bytes read per connection
Execution 34
s_time: verify depth is 1
603 connections in 4.72s; 127.75 connections/user sec, bytes read 0
603 connections in 11 real seconds, 0 bytes read per connection
Execution 35
s_time: verify depth is 1
601 connections in 4.76s; 126.26 connections/user sec, bytes read 0
601 connections in 11 real seconds, 0 bytes read per connection
Execution 36
s_time: verify depth is 1
371 connections in 3.25s; 114.15 connections/user sec, bytes read 0
371 connections in 11 real seconds, 0 bytes read per connection
Execution 37
s_time: verify depth is 1
605 connections in 4.74s; 127.64 connections/user sec, bytes read 0
605 connections in 11 real seconds, 0 bytes read per connection
Execution 38
s_time: verify depth is 1
541 connections in 4.87s; 111.09 connections/user sec, bytes read 0
541 connections in 11 real seconds, 0 bytes read per connection
Execution 39
s_time: verify depth is 1
369 connections in 3.28s; 112.50 connections/user sec, bytes read 0
369 connections in 11 real seconds, 0 bytes read per connection
Execution 40
s_time: verify depth is 1
600 connections in 4.74s; 126.58 connections/user sec, bytes read 0
600 connections in 11 real seconds, 0 bytes read per connection
Execution 41
s_time: verify depth is 1
557 connections in 4.85s; 114.85 connections/user sec, bytes read 0
557 connections in 11 real seconds, 0 bytes read per connection
Execution 42
s_time: verify depth is 1
469 connections in 3.71s; 126.42 connections/user sec, bytes read 0
469 connections in 12 real seconds, 0 bytes read per connection
Execution 43
s_time: verify depth is 1
546 connections in 4.66s; 117.17 connections/user sec, bytes read 0
546 connections in 11 real seconds, 0 bytes read per connection
Execution 44
s_time: verify depth is 1
599 connections in 4.78s; 125.31 connections/user sec, bytes read 0
599 connections in 11 real seconds, 0 bytes read per connection
Execution 45
s_time: verify depth is 1
570 connections in 4.53s; 125.83 connections/user sec, bytes read 0
570 connections in 14 real seconds, 0 bytes read per connection
Execution 46
s_time: verify depth is 1
600 connections in 4.71s; 127.39 connections/user sec, bytes read 0
600 connections in 11 real seconds, 0 bytes read per connection
Execution 47
s_time: verify depth is 1
547 connections in 4.83s; 113.25 connections/user sec, bytes read 0
547 connections in 11 real seconds, 0 bytes read per connection
Execution 48
s_time: verify depth is 1
563 connections in 4.44s; 126.80 connections/user sec, bytes read 0
563 connections in 13 real seconds, 0 bytes read per connection
Execution 49
s_time: verify depth is 1
501 connections in 4.46s; 112.33 connections/user sec, bytes read 0
501 connections in 11 real seconds, 0 bytes read per connection
Execution 50
s_time: verify depth is 1
535 connections in 4.87s; 109.86 connections/user sec, bytes read 0
535 connections in 11 real seconds, 0 bytes read per connection
tc
Mostrando el estado de qdisc para la interfaz: lo
qdisc netem 8242: root refcnt 2 limit 1000 delay 1.0ms
 Sent 0 bytes 0 pkt (dropped 0, overlimits 0 requeues 0) 
 backlog 0b 0p requeues 0
Certificate request self-signature ok
subject=CN=localhost
Running /opt/oqssa/bin/perftestServerECDSA.sh with SIG_ALG=secp384r1 and KEM_ALG=x448_mlkem768

Using default temp DH parameters
ACCEPT
Execution 1
s_time: verify depth is 1
846 connections in 3.75s; 225.60 connections/user sec, bytes read 0
846 connections in 13 real seconds, 0 bytes read per connection
Execution 2
s_time: verify depth is 1
919 connections in 3.99s; 230.33 connections/user sec, bytes read 0
919 connections in 11 real seconds, 0 bytes read per connection
Execution 3
s_time: verify depth is 1
979 connections in 4.30s; 227.67 connections/user sec, bytes read 0
979 connections in 11 real seconds, 0 bytes read per connection
Execution 4
s_time: verify depth is 1
979 connections in 4.27s; 229.27 connections/user sec, bytes read 0
979 connections in 14 real seconds, 0 bytes read per connection
Execution 5
s_time: verify depth is 1
936 connections in 4.03s; 232.26 connections/user sec, bytes read 0
936 connections in 11 real seconds, 0 bytes read per connection
Execution 6
s_time: verify depth is 1
1047 connections in 4.13s; 253.51 connections/user sec, bytes read 0
1047 connections in 11 real seconds, 0 bytes read per connection
Execution 7
s_time: verify depth is 1
972 connections in 4.23s; 229.79 connections/user sec, bytes read 0
972 connections in 14 real seconds, 0 bytes read per connection
Execution 8
s_time: verify depth is 1
938 connections in 4.19s; 223.87 connections/user sec, bytes read 0
938 connections in 11 real seconds, 0 bytes read per connection
Execution 9
s_time: verify depth is 1
958 connections in 4.31s; 222.27 connections/user sec, bytes read 0
958 connections in 11 real seconds, 0 bytes read per connection
Execution 10
s_time: verify depth is 1
937 connections in 4.21s; 222.57 connections/user sec, bytes read 0
937 connections in 14 real seconds, 0 bytes read per connection
Execution 11
s_time: verify depth is 1
971 connections in 4.19s; 231.74 connections/user sec, bytes read 0
971 connections in 11 real seconds, 0 bytes read per connection
Execution 12
s_time: verify depth is 1
1059 connections in 4.17s; 253.96 connections/user sec, bytes read 0
1059 connections in 11 real seconds, 0 bytes read per connection
Execution 13
s_time: verify depth is 1
1006 connections in 3.85s; 261.30 connections/user sec, bytes read 0
1006 connections in 14 real seconds, 0 bytes read per connection
Execution 14
s_time: verify depth is 1
1046 connections in 4.08s; 256.37 connections/user sec, bytes read 0
1046 connections in 11 real seconds, 0 bytes read per connection
Execution 15
s_time: verify depth is 1
1051 connections in 4.07s; 258.23 connections/user sec, bytes read 0
1051 connections in 11 real seconds, 0 bytes read per connection
Execution 16
s_time: verify depth is 1
989 connections in 3.80s; 260.26 connections/user sec, bytes read 0
989 connections in 13 real seconds, 0 bytes read per connection
Execution 17
s_time: verify depth is 1
966 connections in 3.91s; 247.06 connections/user sec, bytes read 0
966 connections in 11 real seconds, 0 bytes read per connection
Execution 18
s_time: verify depth is 1
1047 connections in 4.11s; 254.74 connections/user sec, bytes read 0
1047 connections in 11 real seconds, 0 bytes read per connection
Execution 19
s_time: verify depth is 1
967 connections in 4.28s; 225.93 connections/user sec, bytes read 0
967 connections in 11 real seconds, 0 bytes read per connection
Execution 20
s_time: verify depth is 1
695 connections in 2.71s; 256.46 connections/user sec, bytes read 0
695 connections in 11 real seconds, 0 bytes read per connection
Execution 21
s_time: verify depth is 1
970 connections in 4.29s; 226.11 connections/user sec, bytes read 0
970 connections in 11 real seconds, 0 bytes read per connection
Execution 22
s_time: verify depth is 1
998 connections in 4.26s; 234.27 connections/user sec, bytes read 0
998 connections in 11 real seconds, 0 bytes read per connection
Execution 23
s_time: verify depth is 1
701 connections in 2.76s; 253.99 connections/user sec, bytes read 0
701 connections in 11 real seconds, 0 bytes read per connection
Execution 24
s_time: verify depth is 1
1040 connections in 4.07s; 255.53 connections/user sec, bytes read 0
1040 connections in 11 real seconds, 0 bytes read per connection
Execution 25
s_time: verify depth is 1
973 connections in 4.34s; 224.19 connections/user sec, bytes read 0
973 connections in 11 real seconds, 0 bytes read per connection
Execution 26
s_time: verify depth is 1
704 connections in 2.73s; 257.88 connections/user sec, bytes read 0
704 connections in 11 real seconds, 0 bytes read per connection
Execution 27
s_time: verify depth is 1
979 connections in 4.33s; 226.10 connections/user sec, bytes read 0
979 connections in 11 real seconds, 0 bytes read per connection
Execution 28
s_time: verify depth is 1
975 connections in 4.34s; 224.65 connections/user sec, bytes read 0
975 connections in 11 real seconds, 0 bytes read per connection
Execution 29
s_time: verify depth is 1
826 connections in 3.18s; 259.75 connections/user sec, bytes read 0
826 connections in 12 real seconds, 0 bytes read per connection
Execution 30
s_time: verify depth is 1
995 connections in 4.07s; 244.47 connections/user sec, bytes read 0
995 connections in 11 real seconds, 0 bytes read per connection
Execution 31
s_time: verify depth is 1
969 connections in 4.28s; 226.40 connections/user sec, bytes read 0
969 connections in 11 real seconds, 0 bytes read per connection
Execution 32
s_time: verify depth is 1
987 connections in 3.85s; 256.36 connections/user sec, bytes read 0
987 connections in 14 real seconds, 0 bytes read per connection
Execution 33
s_time: verify depth is 1
971 connections in 4.26s; 227.93 connections/user sec, bytes read 0
971 connections in 11 real seconds, 0 bytes read per connection
Execution 34
s_time: verify depth is 1
992 connections in 4.27s; 232.32 connections/user sec, bytes read 0
992 connections in 11 real seconds, 0 bytes read per connection
Execution 35
s_time: verify depth is 1
986 connections in 3.79s; 260.16 connections/user sec, bytes read 0
986 connections in 13 real seconds, 0 bytes read per connection
Execution 36
s_time: verify depth is 1
885 connections in 4.00s; 221.25 connections/user sec, bytes read 0
885 connections in 11 real seconds, 0 bytes read per connection
Execution 37
s_time: verify depth is 1
1021 connections in 4.22s; 241.94 connections/user sec, bytes read 0
1021 connections in 11 real seconds, 0 bytes read per connection
Execution 38
s_time: verify depth is 1
1046 connections in 4.08s; 256.37 connections/user sec, bytes read 0
1046 connections in 11 real seconds, 0 bytes read per connection
Execution 39
s_time: verify depth is 1
666 connections in 2.87s; 232.06 connections/user sec, bytes read 0
666 connections in 11 real seconds, 0 bytes read per connection
Execution 40
s_time: verify depth is 1
988 connections in 4.28s; 230.84 connections/user sec, bytes read 0
988 connections in 11 real seconds, 0 bytes read per connection
Execution 41
s_time: verify depth is 1
976 connections in 4.33s; 225.40 connections/user sec, bytes read 0
976 connections in 11 real seconds, 0 bytes read per connection
Execution 42
s_time: verify depth is 1
651 connections in 2.96s; 219.93 connections/user sec, bytes read 0
651 connections in 11 real seconds, 0 bytes read per connection
Execution 43
s_time: verify depth is 1
1051 connections in 4.13s; 254.48 connections/user sec, bytes read 0
1051 connections in 11 real seconds, 0 bytes read per connection
Execution 44
s_time: verify depth is 1
1053 connections in 4.18s; 251.91 connections/user sec, bytes read 0
1053 connections in 11 real seconds, 0 bytes read per connection
Execution 45
s_time: verify depth is 1
671 connections in 2.86s; 234.62 connections/user sec, bytes read 0
671 connections in 11 real seconds, 0 bytes read per connection
Execution 46
s_time: verify depth is 1
1050 connections in 4.08s; 257.35 connections/user sec, bytes read 0
1050 connections in 11 real seconds, 0 bytes read per connection
Execution 47
s_time: verify depth is 1
973 connections in 4.32s; 225.23 connections/user sec, bytes read 0
973 connections in 11 real seconds, 0 bytes read per connection
Execution 48
s_time: verify depth is 1
774 connections in 3.42s; 226.32 connections/user sec, bytes read 0
774 connections in 12 real seconds, 0 bytes read per connection
Execution 49
s_time: verify depth is 1
968 connections in 4.18s; 231.58 connections/user sec, bytes read 0
968 connections in 11 real seconds, 0 bytes read per connection
Execution 50
s_time: verify depth is 1
990 connections in 4.27s; 231.85 connections/user sec, bytes read 0
990 connections in 11 real seconds, 0 bytes read per connection
tc
Mostrando el estado de qdisc para la interfaz: lo
qdisc netem 8243: root refcnt 2 limit 1000 delay 1.0ms
 Sent 0 bytes 0 pkt (dropped 0, overlimits 0 requeues 0) 
 backlog 0b 0p requeues 0
Certificate request self-signature ok
subject=CN=localhost
Running /opt/oqssa/bin/perftestServerECDSA.sh with SIG_ALG=secp384r1 and KEM_ALG=mlkem768

Using default temp DH parameters
ACCEPT
Execution 1
s_time: verify depth is 1
950 connections in 2.80s; 339.29 connections/user sec, bytes read 0
950 connections in 12 real seconds, 0 bytes read per connection
Execution 2
s_time: verify depth is 1
1287 connections in 3.76s; 342.29 connections/user sec, bytes read 0
1287 connections in 11 real seconds, 0 bytes read per connection
Execution 3
s_time: verify depth is 1
1290 connections in 3.80s; 339.47 connections/user sec, bytes read 0
1290 connections in 11 real seconds, 0 bytes read per connection
Execution 4
s_time: verify depth is 1
1123 connections in 3.80s; 295.53 connections/user sec, bytes read 0
1123 connections in 13 real seconds, 0 bytes read per connection
Execution 5
s_time: verify depth is 1
1155 connections in 3.36s; 343.75 connections/user sec, bytes read 0
1155 connections in 11 real seconds, 0 bytes read per connection
Execution 6
s_time: verify depth is 1
1297 connections in 3.78s; 343.12 connections/user sec, bytes read 0
1297 connections in 11 real seconds, 0 bytes read per connection
Execution 7
s_time: verify depth is 1
1271 connections in 3.80s; 334.47 connections/user sec, bytes read 0
1271 connections in 11 real seconds, 0 bytes read per connection
Execution 8
s_time: verify depth is 1
868 connections in 2.59s; 335.14 connections/user sec, bytes read 0
868 connections in 11 real seconds, 0 bytes read per connection
Execution 9
s_time: verify depth is 1
1206 connections in 3.98s; 303.02 connections/user sec, bytes read 0
1206 connections in 11 real seconds, 0 bytes read per connection
Execution 10
s_time: verify depth is 1
1182 connections in 4.01s; 294.76 connections/user sec, bytes read 0
1182 connections in 11 real seconds, 0 bytes read per connection
Execution 11
s_time: verify depth is 1
818 connections in 2.64s; 309.85 connections/user sec, bytes read 0
818 connections in 11 real seconds, 0 bytes read per connection
Execution 12
s_time: verify depth is 1
1193 connections in 3.95s; 302.03 connections/user sec, bytes read 0
1193 connections in 11 real seconds, 0 bytes read per connection
Execution 13
s_time: verify depth is 1
1275 connections in 3.78s; 337.30 connections/user sec, bytes read 0
1275 connections in 11 real seconds, 0 bytes read per connection
Execution 14
s_time: verify depth is 1
861 connections in 2.50s; 344.40 connections/user sec, bytes read 0
861 connections in 11 real seconds, 0 bytes read per connection
Execution 15
s_time: verify depth is 1
1265 connections in 3.81s; 332.02 connections/user sec, bytes read 0
1265 connections in 11 real seconds, 0 bytes read per connection
Execution 16
s_time: verify depth is 1
1259 connections in 3.75s; 335.73 connections/user sec, bytes read 0
1259 connections in 11 real seconds, 0 bytes read per connection
Execution 17
s_time: verify depth is 1
960 connections in 3.07s; 312.70 connections/user sec, bytes read 0
960 connections in 12 real seconds, 0 bytes read per connection
Execution 18
s_time: verify depth is 1
1160 connections in 3.88s; 298.97 connections/user sec, bytes read 0
1160 connections in 11 real seconds, 0 bytes read per connection
Execution 19
s_time: verify depth is 1
1174 connections in 4.03s; 291.32 connections/user sec, bytes read 0
1174 connections in 11 real seconds, 0 bytes read per connection
Execution 20
s_time: verify depth is 1
1130 connections in 3.78s; 298.94 connections/user sec, bytes read 0
1130 connections in 14 real seconds, 0 bytes read per connection
Execution 21
s_time: verify depth is 1
1265 connections in 3.62s; 349.45 connections/user sec, bytes read 0
1265 connections in 11 real seconds, 0 bytes read per connection
Execution 22
s_time: verify depth is 1
1203 connections in 3.89s; 309.25 connections/user sec, bytes read 0
1203 connections in 11 real seconds, 0 bytes read per connection
Execution 23
s_time: verify depth is 1
1117 connections in 3.78s; 295.50 connections/user sec, bytes read 0
1117 connections in 13 real seconds, 0 bytes read per connection
Execution 24
s_time: verify depth is 1
1098 connections in 3.65s; 300.82 connections/user sec, bytes read 0
1098 connections in 11 real seconds, 0 bytes read per connection
Execution 25
s_time: verify depth is 1
1189 connections in 4.01s; 296.51 connections/user sec, bytes read 0
1189 connections in 11 real seconds, 0 bytes read per connection
Execution 26
s_time: verify depth is 1
1202 connections in 3.96s; 303.54 connections/user sec, bytes read 0
1202 connections in 11 real seconds, 0 bytes read per connection
Execution 27
s_time: verify depth is 1
815 connections in 2.66s; 306.39 connections/user sec, bytes read 0
815 connections in 11 real seconds, 0 bytes read per connection
Execution 28
s_time: verify depth is 1
1200 connections in 3.93s; 305.34 connections/user sec, bytes read 0
1200 connections in 11 real seconds, 0 bytes read per connection
Execution 29
s_time: verify depth is 1
1206 connections in 3.94s; 306.09 connections/user sec, bytes read 0
1206 connections in 11 real seconds, 0 bytes read per connection
Execution 30
s_time: verify depth is 1
859 connections in 2.52s; 340.87 connections/user sec, bytes read 0
859 connections in 11 real seconds, 0 bytes read per connection
Execution 31
s_time: verify depth is 1
1197 connections in 3.91s; 306.14 connections/user sec, bytes read 0
1197 connections in 11 real seconds, 0 bytes read per connection
Execution 32
s_time: verify depth is 1
1188 connections in 3.98s; 298.49 connections/user sec, bytes read 0
1188 connections in 11 real seconds, 0 bytes read per connection
Execution 33
s_time: verify depth is 1
805 connections in 2.68s; 300.37 connections/user sec, bytes read 0
805 connections in 11 real seconds, 0 bytes read per connection
Execution 34
s_time: verify depth is 1
1196 connections in 3.98s; 300.50 connections/user sec, bytes read 0
1196 connections in 11 real seconds, 0 bytes read per connection
Execution 35
s_time: verify depth is 1
1267 connections in 3.73s; 339.68 connections/user sec, bytes read 0
1267 connections in 11 real seconds, 0 bytes read per connection
Execution 36
s_time: verify depth is 1
1009 connections in 2.92s; 345.55 connections/user sec, bytes read 0
1009 connections in 12 real seconds, 0 bytes read per connection
Execution 37
s_time: verify depth is 1
1244 connections in 3.72s; 334.41 connections/user sec, bytes read 0
1244 connections in 11 real seconds, 0 bytes read per connection
Execution 38
s_time: verify depth is 1
1285 connections in 3.83s; 335.51 connections/user sec, bytes read 0
1285 connections in 11 real seconds, 0 bytes read per connection
Execution 39
s_time: verify depth is 1
1131 connections in 3.89s; 290.75 connections/user sec, bytes read 0
1131 connections in 14 real seconds, 0 bytes read per connection
Execution 40
s_time: verify depth is 1
1186 connections in 3.94s; 301.02 connections/user sec, bytes read 0
1186 connections in 11 real seconds, 0 bytes read per connection
Execution 41
s_time: verify depth is 1
1185 connections in 3.94s; 300.76 connections/user sec, bytes read 0
1185 connections in 11 real seconds, 0 bytes read per connection
Execution 42
s_time: verify depth is 1
1122 connections in 3.70s; 303.24 connections/user sec, bytes read 0
1122 connections in 13 real seconds, 0 bytes read per connection
Execution 43
s_time: verify depth is 1
1174 connections in 3.41s; 344.28 connections/user sec, bytes read 0
1174 connections in 11 real seconds, 0 bytes read per connection
Execution 44
s_time: verify depth is 1
1192 connections in 3.99s; 298.75 connections/user sec, bytes read 0
1192 connections in 11 real seconds, 0 bytes read per connection
Execution 45
s_time: verify depth is 1
1213 connections in 3.96s; 306.31 connections/user sec, bytes read 0
1213 connections in 11 real seconds, 0 bytes read per connection
Execution 46
s_time: verify depth is 1
812 connections in 2.66s; 305.26 connections/user sec, bytes read 0
812 connections in 11 real seconds, 0 bytes read per connection
Execution 47
s_time: verify depth is 1
1196 connections in 3.97s; 301.26 connections/user sec, bytes read 0
1196 connections in 11 real seconds, 0 bytes read per connection
Execution 48
s_time: verify depth is 1
1221 connections in 3.89s; 313.88 connections/user sec, bytes read 0
1221 connections in 11 real seconds, 0 bytes read per connection
Execution 49
s_time: verify depth is 1
816 connections in 2.65s; 307.92 connections/user sec, bytes read 0
816 connections in 11 real seconds, 0 bytes read per connection
Execution 50
s_time: verify depth is 1
1191 connections in 4.00s; 297.75 connections/user sec, bytes read 0
1191 connections in 11 real seconds, 0 bytes read per connection
