secp521r1
tc
Mostrando el estado de qdisc para la interfaz: lo
qdisc netem 815f: root refcnt 2 limit 1000 delay 7.0ms
 Sent 0 bytes 0 pkt (dropped 0, overlimits 0 requeues 0) 
 backlog 0b 0p requeues 0
Certificate request self-signature ok
subject=CN=localhost
Running /opt/oqssa/bin/perftestServerECDSA.sh with SIG_ALG=secp521r1 and KEM_ALG=P-521

Using default temp DH parameters
ACCEPT
Execution 1
s_time: verify depth is 1
190 connections in 2.81s; 67.62 connections/user sec, bytes read 0
190 connections in 11 real seconds, 0 bytes read per connection
Execution 2
s_time: verify depth is 1
168 connections in 2.44s; 68.85 connections/user sec, bytes read 0
168 connections in 12 real seconds, 0 bytes read per connection
Execution 3
s_time: verify depth is 1
200 connections in 2.81s; 71.17 connections/user sec, bytes read 0
200 connections in 11 real seconds, 0 bytes read per connection
Execution 4
s_time: verify depth is 1
212 connections in 2.92s; 72.60 connections/user sec, bytes read 0
212 connections in 11 real seconds, 0 bytes read per connection
Execution 5
s_time: verify depth is 1
204 connections in 2.89s; 70.59 connections/user sec, bytes read 0
204 connections in 14 real seconds, 0 bytes read per connection
Execution 6
s_time: verify depth is 1
207 connections in 2.84s; 72.89 connections/user sec, bytes read 0
207 connections in 11 real seconds, 0 bytes read per connection
Execution 7
s_time: verify depth is 1
206 connections in 3.03s; 67.99 connections/user sec, bytes read 0
206 connections in 11 real seconds, 0 bytes read per connection
Execution 8
s_time: verify depth is 1
199 connections in 2.83s; 70.32 connections/user sec, bytes read 0
199 connections in 14 real seconds, 0 bytes read per connection
Execution 9
s_time: verify depth is 1
211 connections in 2.94s; 71.77 connections/user sec, bytes read 0
211 connections in 11 real seconds, 0 bytes read per connection
Execution 10
s_time: verify depth is 1
212 connections in 2.92s; 72.60 connections/user sec, bytes read 0
212 connections in 11 real seconds, 0 bytes read per connection
Execution 11
s_time: verify depth is 1
195 connections in 2.83s; 68.90 connections/user sec, bytes read 0
195 connections in 13 real seconds, 0 bytes read per connection
Execution 12
s_time: verify depth is 1
192 connections in 2.72s; 70.59 connections/user sec, bytes read 0
192 connections in 11 real seconds, 0 bytes read per connection
Execution 13
s_time: verify depth is 1
211 connections in 3.00s; 70.33 connections/user sec, bytes read 0
211 connections in 11 real seconds, 0 bytes read per connection
Execution 14
s_time: verify depth is 1
209 connections in 2.96s; 70.61 connections/user sec, bytes read 0
209 connections in 11 real seconds, 0 bytes read per connection
Execution 15
s_time: verify depth is 1
141 connections in 2.06s; 68.45 connections/user sec, bytes read 0
141 connections in 11 real seconds, 0 bytes read per connection
Execution 16
s_time: verify depth is 1
208 connections in 3.01s; 69.10 connections/user sec, bytes read 0
208 connections in 11 real seconds, 0 bytes read per connection
Execution 17
s_time: verify depth is 1
212 connections in 2.95s; 71.86 connections/user sec, bytes read 0
212 connections in 11 real seconds, 0 bytes read per connection
Execution 18
s_time: verify depth is 1
140 connections in 2.06s; 67.96 connections/user sec, bytes read 0
140 connections in 11 real seconds, 0 bytes read per connection
Execution 19
s_time: verify depth is 1
211 connections in 2.94s; 71.77 connections/user sec, bytes read 0
211 connections in 11 real seconds, 0 bytes read per connection
Execution 20
s_time: verify depth is 1
208 connections in 2.99s; 69.57 connections/user sec, bytes read 0
208 connections in 11 real seconds, 0 bytes read per connection
Execution 21
s_time: verify depth is 1
139 connections in 2.09s; 66.51 connections/user sec, bytes read 0
139 connections in 11 real seconds, 0 bytes read per connection
Execution 22
s_time: verify depth is 1
212 connections in 2.90s; 73.10 connections/user sec, bytes read 0
212 connections in 11 real seconds, 0 bytes read per connection
Execution 23
s_time: verify depth is 1
207 connections in 3.06s; 67.65 connections/user sec, bytes read 0
207 connections in 11 real seconds, 0 bytes read per connection
Execution 24
s_time: verify depth is 1
160 connections in 2.40s; 66.67 connections/user sec, bytes read 0
160 connections in 12 real seconds, 0 bytes read per connection
Execution 25
s_time: verify depth is 1
204 connections in 2.90s; 70.34 connections/user sec, bytes read 0
204 connections in 11 real seconds, 0 bytes read per connection
Execution 26
s_time: verify depth is 1
207 connections in 3.06s; 67.65 connections/user sec, bytes read 0
207 connections in 11 real seconds, 0 bytes read per connection
Execution 27
s_time: verify depth is 1
191 connections in 3.03s; 63.04 connections/user sec, bytes read 0
191 connections in 14 real seconds, 0 bytes read per connection
Execution 28
s_time: verify depth is 1
213 connections in 2.91s; 73.20 connections/user sec, bytes read 0
213 connections in 11 real seconds, 0 bytes read per connection
Execution 29
s_time: verify depth is 1
206 connections in 3.05s; 67.54 connections/user sec, bytes read 0
206 connections in 11 real seconds, 0 bytes read per connection
Execution 30
s_time: verify depth is 1
199 connections in 2.73s; 72.89 connections/user sec, bytes read 0
199 connections in 13 real seconds, 0 bytes read per connection
Execution 31
s_time: verify depth is 1
189 connections in 2.74s; 68.98 connections/user sec, bytes read 0
189 connections in 11 real seconds, 0 bytes read per connection
Execution 32
s_time: verify depth is 1
204 connections in 3.08s; 66.23 connections/user sec, bytes read 0
204 connections in 11 real seconds, 0 bytes read per connection
Execution 33
s_time: verify depth is 1
209 connections in 2.96s; 70.61 connections/user sec, bytes read 0
209 connections in 11 real seconds, 0 bytes read per connection
Execution 34
s_time: verify depth is 1
141 connections in 2.04s; 69.12 connections/user sec, bytes read 0
141 connections in 11 real seconds, 0 bytes read per connection
Execution 35
s_time: verify depth is 1
209 connections in 2.96s; 70.61 connections/user sec, bytes read 0
209 connections in 11 real seconds, 0 bytes read per connection
Execution 36
s_time: verify depth is 1
206 connections in 3.03s; 67.99 connections/user sec, bytes read 0
206 connections in 11 real seconds, 0 bytes read per connection
Execution 37
s_time: verify depth is 1
141 connections in 2.05s; 68.78 connections/user sec, bytes read 0
141 connections in 11 real seconds, 0 bytes read per connection
Execution 38
s_time: verify depth is 1
206 connections in 3.05s; 67.54 connections/user sec, bytes read 0
206 connections in 11 real seconds, 0 bytes read per connection
Execution 39
s_time: verify depth is 1
211 connections in 3.03s; 69.64 connections/user sec, bytes read 0
211 connections in 11 real seconds, 0 bytes read per connection
Execution 40
s_time: verify depth is 1
141 connections in 2.00s; 70.50 connections/user sec, bytes read 0
141 connections in 11 real seconds, 0 bytes read per connection
Execution 41
s_time: verify depth is 1
206 connections in 3.12s; 66.03 connections/user sec, bytes read 0
206 connections in 11 real seconds, 0 bytes read per connection
Execution 42
s_time: verify depth is 1
209 connections in 2.94s; 71.09 connections/user sec, bytes read 0
209 connections in 11 real seconds, 0 bytes read per connection
Execution 43
s_time: verify depth is 1
164 connections in 2.36s; 69.49 connections/user sec, bytes read 0
164 connections in 12 real seconds, 0 bytes read per connection
Execution 44
s_time: verify depth is 1
205 connections in 2.96s; 69.26 connections/user sec, bytes read 0
205 connections in 11 real seconds, 0 bytes read per connection
Execution 45
s_time: verify depth is 1
208 connections in 3.05s; 68.20 connections/user sec, bytes read 0
208 connections in 11 real seconds, 0 bytes read per connection
Execution 46
s_time: verify depth is 1
201 connections in 2.84s; 70.77 connections/user sec, bytes read 0
201 connections in 14 real seconds, 0 bytes read per connection
Execution 47
s_time: verify depth is 1
208 connections in 2.98s; 69.80 connections/user sec, bytes read 0
208 connections in 11 real seconds, 0 bytes read per connection
Execution 48
s_time: verify depth is 1
209 connections in 2.97s; 70.37 connections/user sec, bytes read 0
209 connections in 11 real seconds, 0 bytes read per connection
Execution 49
s_time: verify depth is 1
200 connections in 2.76s; 72.46 connections/user sec, bytes read 0
200 connections in 13 real seconds, 0 bytes read per connection
Execution 50
s_time: verify depth is 1
196 connections in 2.66s; 73.68 connections/user sec, bytes read 0
196 connections in 11 real seconds, 0 bytes read per connection
tc
Mostrando el estado de qdisc para la interfaz: lo
qdisc netem 8160: root refcnt 2 limit 1000 delay 7.0ms
 Sent 0 bytes 0 pkt (dropped 0, overlimits 0 requeues 0) 
 backlog 0b 0p requeues 0
Certificate request self-signature ok
subject=CN=localhost
Running /opt/oqssa/bin/perftestServerECDSA.sh with SIG_ALG=secp521r1 and KEM_ALG=mlkem1024

Using default temp DH parameters
ACCEPT
Execution 1
s_time: verify depth is 1
271 connections in 1.77s; 153.11 connections/user sec, bytes read 0
271 connections in 11 real seconds, 0 bytes read per connection
Execution 2
s_time: verify depth is 1
268 connections in 1.70s; 157.65 connections/user sec, bytes read 0
268 connections in 13 real seconds, 0 bytes read per connection
Execution 3
s_time: verify depth is 1
265 connections in 1.82s; 145.60 connections/user sec, bytes read 0
265 connections in 11 real seconds, 0 bytes read per connection
Execution 4
s_time: verify depth is 1
286 connections in 1.96s; 145.92 connections/user sec, bytes read 0
286 connections in 11 real seconds, 0 bytes read per connection
Execution 5
s_time: verify depth is 1
287 connections in 1.86s; 154.30 connections/user sec, bytes read 0
287 connections in 14 real seconds, 0 bytes read per connection
Execution 6
s_time: verify depth is 1
273 connections in 1.81s; 150.83 connections/user sec, bytes read 0
273 connections in 11 real seconds, 0 bytes read per connection
Execution 7
s_time: verify depth is 1
292 connections in 1.81s; 161.33 connections/user sec, bytes read 0
292 connections in 11 real seconds, 0 bytes read per connection
Execution 8
s_time: verify depth is 1
283 connections in 1.86s; 152.15 connections/user sec, bytes read 0
283 connections in 14 real seconds, 0 bytes read per connection
Execution 9
s_time: verify depth is 1
278 connections in 1.76s; 157.95 connections/user sec, bytes read 0
278 connections in 11 real seconds, 0 bytes read per connection
Execution 10
s_time: verify depth is 1
287 connections in 1.87s; 153.48 connections/user sec, bytes read 0
287 connections in 11 real seconds, 0 bytes read per connection
Execution 11
s_time: verify depth is 1
278 connections in 1.86s; 149.46 connections/user sec, bytes read 0
278 connections in 14 real seconds, 0 bytes read per connection
Execution 12
s_time: verify depth is 1
282 connections in 1.82s; 154.95 connections/user sec, bytes read 0
282 connections in 11 real seconds, 0 bytes read per connection
Execution 13
s_time: verify depth is 1
288 connections in 1.90s; 151.58 connections/user sec, bytes read 0
288 connections in 11 real seconds, 0 bytes read per connection
Execution 14
s_time: verify depth is 1
277 connections in 1.75s; 158.29 connections/user sec, bytes read 0
277 connections in 14 real seconds, 0 bytes read per connection
Execution 15
s_time: verify depth is 1
284 connections in 1.90s; 149.47 connections/user sec, bytes read 0
284 connections in 11 real seconds, 0 bytes read per connection
Execution 16
s_time: verify depth is 1
288 connections in 1.89s; 152.38 connections/user sec, bytes read 0
288 connections in 11 real seconds, 0 bytes read per connection
Execution 17
s_time: verify depth is 1
271 connections in 1.76s; 153.98 connections/user sec, bytes read 0
271 connections in 13 real seconds, 0 bytes read per connection
Execution 18
s_time: verify depth is 1
260 connections in 1.78s; 146.07 connections/user sec, bytes read 0
260 connections in 11 real seconds, 0 bytes read per connection
Execution 19
s_time: verify depth is 1
289 connections in 1.85s; 156.22 connections/user sec, bytes read 0
289 connections in 11 real seconds, 0 bytes read per connection
Execution 20
s_time: verify depth is 1
288 connections in 1.90s; 151.58 connections/user sec, bytes read 0
288 connections in 11 real seconds, 0 bytes read per connection
Execution 21
s_time: verify depth is 1
194 connections in 1.23s; 157.72 connections/user sec, bytes read 0
194 connections in 11 real seconds, 0 bytes read per connection
Execution 22
s_time: verify depth is 1
283 connections in 1.99s; 142.21 connections/user sec, bytes read 0
283 connections in 11 real seconds, 0 bytes read per connection
Execution 23
s_time: verify depth is 1
287 connections in 1.84s; 155.98 connections/user sec, bytes read 0
287 connections in 11 real seconds, 0 bytes read per connection
Execution 24
s_time: verify depth is 1
193 connections in 1.27s; 151.97 connections/user sec, bytes read 0
193 connections in 11 real seconds, 0 bytes read per connection
Execution 25
s_time: verify depth is 1
290 connections in 1.80s; 161.11 connections/user sec, bytes read 0
290 connections in 11 real seconds, 0 bytes read per connection
Execution 26
s_time: verify depth is 1
287 connections in 1.87s; 153.48 connections/user sec, bytes read 0
287 connections in 11 real seconds, 0 bytes read per connection
Execution 27
s_time: verify depth is 1
192 connections in 1.22s; 157.38 connections/user sec, bytes read 0
192 connections in 11 real seconds, 0 bytes read per connection
Execution 28
s_time: verify depth is 1
288 connections in 1.89s; 152.38 connections/user sec, bytes read 0
288 connections in 11 real seconds, 0 bytes read per connection
Execution 29
s_time: verify depth is 1
293 connections in 1.79s; 163.69 connections/user sec, bytes read 0
293 connections in 11 real seconds, 0 bytes read per connection
Execution 30
s_time: verify depth is 1
230 connections in 1.41s; 163.12 connections/user sec, bytes read 0
230 connections in 12 real seconds, 0 bytes read per connection
Execution 31
s_time: verify depth is 1
275 connections in 1.93s; 142.49 connections/user sec, bytes read 0
275 connections in 11 real seconds, 0 bytes read per connection
Execution 32
s_time: verify depth is 1
286 connections in 1.82s; 157.14 connections/user sec, bytes read 0
286 connections in 11 real seconds, 0 bytes read per connection
Execution 33
s_time: verify depth is 1
274 connections in 1.80s; 152.22 connections/user sec, bytes read 0
274 connections in 14 real seconds, 0 bytes read per connection
Execution 34
s_time: verify depth is 1
282 connections in 1.94s; 145.36 connections/user sec, bytes read 0
282 connections in 11 real seconds, 0 bytes read per connection
Execution 35
s_time: verify depth is 1
287 connections in 1.87s; 153.48 connections/user sec, bytes read 0
287 connections in 11 real seconds, 0 bytes read per connection
Execution 36
s_time: verify depth is 1
269 connections in 1.73s; 155.49 connections/user sec, bytes read 0
269 connections in 13 real seconds, 0 bytes read per connection
Execution 37
s_time: verify depth is 1
263 connections in 1.75s; 150.29 connections/user sec, bytes read 0
263 connections in 11 real seconds, 0 bytes read per connection
Execution 38
s_time: verify depth is 1
289 connections in 1.86s; 155.38 connections/user sec, bytes read 0
289 connections in 11 real seconds, 0 bytes read per connection
Execution 39
s_time: verify depth is 1
292 connections in 1.84s; 158.70 connections/user sec, bytes read 0
292 connections in 11 real seconds, 0 bytes read per connection
Execution 40
s_time: verify depth is 1
192 connections in 1.28s; 150.00 connections/user sec, bytes read 0
192 connections in 11 real seconds, 0 bytes read per connection
Execution 41
s_time: verify depth is 1
285 connections in 1.88s; 151.60 connections/user sec, bytes read 0
285 connections in 11 real seconds, 0 bytes read per connection
Execution 42
s_time: verify depth is 1
290 connections in 1.85s; 156.76 connections/user sec, bytes read 0
290 connections in 11 real seconds, 0 bytes read per connection
Execution 43
s_time: verify depth is 1
195 connections in 1.23s; 158.54 connections/user sec, bytes read 0
195 connections in 11 real seconds, 0 bytes read per connection
Execution 44
s_time: verify depth is 1
290 connections in 1.82s; 159.34 connections/user sec, bytes read 0
290 connections in 11 real seconds, 0 bytes read per connection
Execution 45
s_time: verify depth is 1
290 connections in 1.81s; 160.22 connections/user sec, bytes read 0
290 connections in 11 real seconds, 0 bytes read per connection
Execution 46
s_time: verify depth is 1
194 connections in 1.25s; 155.20 connections/user sec, bytes read 0
194 connections in 11 real seconds, 0 bytes read per connection
Execution 47
s_time: verify depth is 1
289 connections in 1.85s; 156.22 connections/user sec, bytes read 0
289 connections in 11 real seconds, 0 bytes read per connection
Execution 48
s_time: verify depth is 1
287 connections in 1.88s; 152.66 connections/user sec, bytes read 0
287 connections in 11 real seconds, 0 bytes read per connection
Execution 49
s_time: verify depth is 1
224 connections in 1.55s; 144.52 connections/user sec, bytes read 0
224 connections in 12 real seconds, 0 bytes read per connection
Execution 50
s_time: verify depth is 1
281 connections in 1.80s; 156.11 connections/user sec, bytes read 0
281 connections in 11 real seconds, 0 bytes read per connection
mldsa87
tc
Mostrando el estado de qdisc para la interfaz: lo
qdisc netem 8161: root refcnt 2 limit 1000 delay 7.0ms
 Sent 0 bytes 0 pkt (dropped 0, overlimits 0 requeues 0) 
 backlog 0b 0p requeues 0
-----
-----
Certificate request self-signature ok
subject=CN=localhost
Running /opt/oqssa/bin/perftestServer.sh with SIG_ALG=mldsa87 and KEM_ALG=P-521

Using default temp DH parameters
ACCEPT
Execution 1
s_time: verify depth is 1
226 connections in 2.30s; 98.26 connections/user sec, bytes read 0
226 connections in 11 real seconds, 0 bytes read per connection
Execution 2
s_time: verify depth is 1
213 connections in 1.98s; 107.58 connections/user sec, bytes read 0
213 connections in 13 real seconds, 0 bytes read per connection
Execution 3
s_time: verify depth is 1
241 connections in 2.31s; 104.33 connections/user sec, bytes read 0
241 connections in 11 real seconds, 0 bytes read per connection
Execution 4
s_time: verify depth is 1
245 connections in 2.28s; 107.46 connections/user sec, bytes read 0
245 connections in 11 real seconds, 0 bytes read per connection
Execution 5
s_time: verify depth is 1
225 connections in 2.21s; 101.81 connections/user sec, bytes read 0
225 connections in 13 real seconds, 0 bytes read per connection
Execution 6
s_time: verify depth is 1
224 connections in 2.08s; 107.69 connections/user sec, bytes read 0
224 connections in 11 real seconds, 0 bytes read per connection
Execution 7
s_time: verify depth is 1
244 connections in 2.29s; 106.55 connections/user sec, bytes read 0
244 connections in 11 real seconds, 0 bytes read per connection
Execution 8
s_time: verify depth is 1
238 connections in 2.38s; 100.00 connections/user sec, bytes read 0
238 connections in 11 real seconds, 0 bytes read per connection
Execution 9
s_time: verify depth is 1
163 connections in 1.51s; 107.95 connections/user sec, bytes read 0
163 connections in 11 real seconds, 0 bytes read per connection
Execution 10
s_time: verify depth is 1
246 connections in 2.22s; 110.81 connections/user sec, bytes read 0
246 connections in 11 real seconds, 0 bytes read per connection
Execution 11
s_time: verify depth is 1
241 connections in 2.30s; 104.78 connections/user sec, bytes read 0
241 connections in 11 real seconds, 0 bytes read per connection
Execution 12
s_time: verify depth is 1
162 connections in 1.59s; 101.89 connections/user sec, bytes read 0
162 connections in 11 real seconds, 0 bytes read per connection
Execution 13
s_time: verify depth is 1
244 connections in 2.19s; 111.42 connections/user sec, bytes read 0
244 connections in 11 real seconds, 0 bytes read per connection
Execution 14
s_time: verify depth is 1
242 connections in 2.21s; 109.50 connections/user sec, bytes read 0
242 connections in 11 real seconds, 0 bytes read per connection
Execution 15
s_time: verify depth is 1
163 connections in 1.51s; 107.95 connections/user sec, bytes read 0
163 connections in 11 real seconds, 0 bytes read per connection
Execution 16
s_time: verify depth is 1
238 connections in 2.35s; 101.28 connections/user sec, bytes read 0
238 connections in 11 real seconds, 0 bytes read per connection
Execution 17
s_time: verify depth is 1
247 connections in 2.29s; 107.86 connections/user sec, bytes read 0
247 connections in 11 real seconds, 0 bytes read per connection
Execution 18
s_time: verify depth is 1
191 connections in 1.81s; 105.52 connections/user sec, bytes read 0
191 connections in 12 real seconds, 0 bytes read per connection
Execution 19
s_time: verify depth is 1
239 connections in 2.18s; 109.63 connections/user sec, bytes read 0
239 connections in 11 real seconds, 0 bytes read per connection
Execution 20
s_time: verify depth is 1
242 connections in 2.31s; 104.76 connections/user sec, bytes read 0
242 connections in 11 real seconds, 0 bytes read per connection
Execution 21
s_time: verify depth is 1
232 connections in 2.20s; 105.45 connections/user sec, bytes read 0
232 connections in 14 real seconds, 0 bytes read per connection
Execution 22
s_time: verify depth is 1
245 connections in 2.23s; 109.87 connections/user sec, bytes read 0
245 connections in 11 real seconds, 0 bytes read per connection
Execution 23
s_time: verify depth is 1
239 connections in 2.37s; 100.84 connections/user sec, bytes read 0
239 connections in 11 real seconds, 0 bytes read per connection
Execution 24
s_time: verify depth is 1
228 connections in 2.21s; 103.17 connections/user sec, bytes read 0
228 connections in 13 real seconds, 0 bytes read per connection
Execution 25
s_time: verify depth is 1
220 connections in 2.12s; 103.77 connections/user sec, bytes read 0
220 connections in 11 real seconds, 0 bytes read per connection
Execution 26
s_time: verify depth is 1
242 connections in 2.33s; 103.86 connections/user sec, bytes read 0
242 connections in 11 real seconds, 0 bytes read per connection
Execution 27
s_time: verify depth is 1
238 connections in 2.35s; 101.28 connections/user sec, bytes read 0
238 connections in 11 real seconds, 0 bytes read per connection
Execution 28
s_time: verify depth is 1
165 connections in 1.54s; 107.14 connections/user sec, bytes read 0
165 connections in 11 real seconds, 0 bytes read per connection
Execution 29
s_time: verify depth is 1
246 connections in 2.29s; 107.42 connections/user sec, bytes read 0
246 connections in 11 real seconds, 0 bytes read per connection
Execution 30
s_time: verify depth is 1
243 connections in 2.27s; 107.05 connections/user sec, bytes read 0
243 connections in 11 real seconds, 0 bytes read per connection
Execution 31
s_time: verify depth is 1
164 connections in 1.52s; 107.89 connections/user sec, bytes read 0
164 connections in 11 real seconds, 0 bytes read per connection
Execution 32
s_time: verify depth is 1
246 connections in 2.19s; 112.33 connections/user sec, bytes read 0
246 connections in 11 real seconds, 0 bytes read per connection
Execution 33
s_time: verify depth is 1
241 connections in 2.34s; 102.99 connections/user sec, bytes read 0
241 connections in 11 real seconds, 0 bytes read per connection
Execution 34
s_time: verify depth is 1
163 connections in 1.61s; 101.24 connections/user sec, bytes read 0
163 connections in 11 real seconds, 0 bytes read per connection
Execution 35
s_time: verify depth is 1
244 connections in 2.29s; 106.55 connections/user sec, bytes read 0
244 connections in 11 real seconds, 0 bytes read per connection
Execution 36
s_time: verify depth is 1
245 connections in 2.27s; 107.93 connections/user sec, bytes read 0
245 connections in 11 real seconds, 0 bytes read per connection
Execution 37
s_time: verify depth is 1
194 connections in 1.73s; 112.14 connections/user sec, bytes read 0
194 connections in 12 real seconds, 0 bytes read per connection
Execution 38
s_time: verify depth is 1
237 connections in 2.26s; 104.87 connections/user sec, bytes read 0
237 connections in 11 real seconds, 0 bytes read per connection
Execution 39
s_time: verify depth is 1
244 connections in 2.32s; 105.17 connections/user sec, bytes read 0
244 connections in 11 real seconds, 0 bytes read per connection
Execution 40
s_time: verify depth is 1
233 connections in 2.15s; 108.37 connections/user sec, bytes read 0
233 connections in 14 real seconds, 0 bytes read per connection
Execution 41
s_time: verify depth is 1
241 connections in 2.28s; 105.70 connections/user sec, bytes read 0
241 connections in 11 real seconds, 0 bytes read per connection
Execution 42
s_time: verify depth is 1
240 connections in 2.31s; 103.90 connections/user sec, bytes read 0
240 connections in 11 real seconds, 0 bytes read per connection
Execution 43
s_time: verify depth is 1
227 connections in 2.21s; 102.71 connections/user sec, bytes read 0
227 connections in 13 real seconds, 0 bytes read per connection
Execution 44
s_time: verify depth is 1
222 connections in 2.16s; 102.78 connections/user sec, bytes read 0
222 connections in 11 real seconds, 0 bytes read per connection
Execution 45
s_time: verify depth is 1
239 connections in 2.34s; 102.14 connections/user sec, bytes read 0
239 connections in 11 real seconds, 0 bytes read per connection
Execution 46
s_time: verify depth is 1
246 connections in 2.30s; 106.96 connections/user sec, bytes read 0
246 connections in 11 real seconds, 0 bytes read per connection
Execution 47
s_time: verify depth is 1
160 connections in 1.57s; 101.91 connections/user sec, bytes read 0
160 connections in 11 real seconds, 0 bytes read per connection
Execution 48
s_time: verify depth is 1
243 connections in 2.38s; 102.10 connections/user sec, bytes read 0
243 connections in 11 real seconds, 0 bytes read per connection
Execution 49
s_time: verify depth is 1
246 connections in 2.25s; 109.33 connections/user sec, bytes read 0
246 connections in 11 real seconds, 0 bytes read per connection
Execution 50
s_time: verify depth is 1
166 connections in 1.51s; 109.93 connections/user sec, bytes read 0
166 connections in 11 real seconds, 0 bytes read per connection
tc
Mostrando el estado de qdisc para la interfaz: lo
qdisc netem 8162: root refcnt 2 limit 1000 delay 7.0ms
 Sent 0 bytes 0 pkt (dropped 0, overlimits 0 requeues 0) 
 backlog 0b 0p requeues 0
-----
-----
Certificate request self-signature ok
subject=CN=localhost
Running /opt/oqssa/bin/perftestServer.sh with SIG_ALG=mldsa87 and KEM_ALG=mlkem1024

Using default temp DH parameters
ACCEPT
Execution 1
s_time: verify depth is 1
342 connections in 0.47s; 727.66 connections/user sec, bytes read 0
342 connections in 11 real seconds, 0 bytes read per connection
Execution 2
s_time: verify depth is 1
362 connections in 0.45s; 804.44 connections/user sec, bytes read 0
362 connections in 11 real seconds, 0 bytes read per connection
Execution 3
s_time: verify depth is 1
244 connections in 0.30s; 813.33 connections/user sec, bytes read 0
244 connections in 11 real seconds, 0 bytes read per connection
Execution 4
s_time: verify depth is 1
360 connections in 0.54s; 666.67 connections/user sec, bytes read 0
360 connections in 11 real seconds, 0 bytes read per connection
Execution 5
s_time: verify depth is 1
361 connections in 0.48s; 752.08 connections/user sec, bytes read 0
361 connections in 11 real seconds, 0 bytes read per connection
Execution 6
s_time: verify depth is 1
253 connections in 0.34s; 744.12 connections/user sec, bytes read 0
253 connections in 11 real seconds, 0 bytes read per connection
Execution 7
s_time: verify depth is 1
355 connections in 0.46s; 771.74 connections/user sec, bytes read 0
355 connections in 11 real seconds, 0 bytes read per connection
Execution 8
s_time: verify depth is 1
362 connections in 0.52s; 696.15 connections/user sec, bytes read 0
362 connections in 11 real seconds, 0 bytes read per connection
Execution 9
s_time: verify depth is 1
347 connections in 0.48s; 722.92 connections/user sec, bytes read 0
347 connections in 14 real seconds, 0 bytes read per connection
Execution 10
s_time: verify depth is 1
360 connections in 0.49s; 734.69 connections/user sec, bytes read 0
360 connections in 11 real seconds, 0 bytes read per connection
Execution 11
s_time: verify depth is 1
361 connections in 0.49s; 736.73 connections/user sec, bytes read 0
361 connections in 11 real seconds, 0 bytes read per connection
Execution 12
s_time: verify depth is 1
342 connections in 0.45s; 760.00 connections/user sec, bytes read 0
342 connections in 13 real seconds, 0 bytes read per connection
Execution 13
s_time: verify depth is 1
332 connections in 0.45s; 737.78 connections/user sec, bytes read 0
332 connections in 11 real seconds, 0 bytes read per connection
Execution 14
s_time: verify depth is 1
364 connections in 0.45s; 808.89 connections/user sec, bytes read 0
364 connections in 11 real seconds, 0 bytes read per connection
Execution 15
s_time: verify depth is 1
362 connections in 0.49s; 738.78 connections/user sec, bytes read 0
362 connections in 11 real seconds, 0 bytes read per connection
Execution 16
s_time: verify depth is 1
244 connections in 0.33s; 739.39 connections/user sec, bytes read 0
244 connections in 11 real seconds, 0 bytes read per connection
Execution 17
s_time: verify depth is 1
361 connections in 0.50s; 722.00 connections/user sec, bytes read 0
361 connections in 11 real seconds, 0 bytes read per connection
Execution 18
s_time: verify depth is 1
363 connections in 0.51s; 711.76 connections/user sec, bytes read 0
363 connections in 11 real seconds, 0 bytes read per connection
Execution 19
s_time: verify depth is 1
245 connections in 0.30s; 816.67 connections/user sec, bytes read 0
245 connections in 11 real seconds, 0 bytes read per connection
Execution 20
s_time: verify depth is 1
361 connections in 0.52s; 694.23 connections/user sec, bytes read 0
361 connections in 11 real seconds, 0 bytes read per connection
Execution 21
s_time: verify depth is 1
364 connections in 0.44s; 827.27 connections/user sec, bytes read 0
364 connections in 11 real seconds, 0 bytes read per connection
Execution 22
s_time: verify depth is 1
245 connections in 0.28s; 875.00 connections/user sec, bytes read 0
245 connections in 11 real seconds, 0 bytes read per connection
Execution 23
s_time: verify depth is 1
364 connections in 0.47s; 774.47 connections/user sec, bytes read 0
364 connections in 11 real seconds, 0 bytes read per connection
Execution 24
s_time: verify depth is 1
364 connections in 0.44s; 827.27 connections/user sec, bytes read 0
364 connections in 11 real seconds, 0 bytes read per connection
Execution 25
s_time: verify depth is 1
287 connections in 0.40s; 717.50 connections/user sec, bytes read 0
287 connections in 12 real seconds, 0 bytes read per connection
Execution 26
s_time: verify depth is 1
351 connections in 0.53s; 662.26 connections/user sec, bytes read 0
351 connections in 11 real seconds, 0 bytes read per connection
Execution 27
s_time: verify depth is 1
363 connections in 0.48s; 756.25 connections/user sec, bytes read 0
363 connections in 11 real seconds, 0 bytes read per connection
Execution 28
s_time: verify depth is 1
346 connections in 0.49s; 706.12 connections/user sec, bytes read 0
346 connections in 14 real seconds, 0 bytes read per connection
Execution 29
s_time: verify depth is 1
357 connections in 0.51s; 700.00 connections/user sec, bytes read 0
357 connections in 11 real seconds, 0 bytes read per connection
Execution 30
s_time: verify depth is 1
364 connections in 0.47s; 774.47 connections/user sec, bytes read 0
364 connections in 11 real seconds, 0 bytes read per connection
Execution 31
s_time: verify depth is 1
341 connections in 0.47s; 725.53 connections/user sec, bytes read 0
341 connections in 13 real seconds, 0 bytes read per connection
Execution 32
s_time: verify depth is 1
332 connections in 0.43s; 772.09 connections/user sec, bytes read 0
332 connections in 11 real seconds, 0 bytes read per connection
Execution 33
s_time: verify depth is 1
363 connections in 0.46s; 789.13 connections/user sec, bytes read 0
363 connections in 11 real seconds, 0 bytes read per connection
Execution 34
s_time: verify depth is 1
364 connections in 0.48s; 758.33 connections/user sec, bytes read 0
364 connections in 11 real seconds, 0 bytes read per connection
Execution 35
s_time: verify depth is 1
244 connections in 0.33s; 739.39 connections/user sec, bytes read 0
244 connections in 11 real seconds, 0 bytes read per connection
Execution 36
s_time: verify depth is 1
361 connections in 0.53s; 681.13 connections/user sec, bytes read 0
361 connections in 11 real seconds, 0 bytes read per connection
Execution 37
s_time: verify depth is 1
364 connections in 0.49s; 742.86 connections/user sec, bytes read 0
364 connections in 11 real seconds, 0 bytes read per connection
Execution 38
s_time: verify depth is 1
243 connections in 0.37s; 656.76 connections/user sec, bytes read 0
243 connections in 11 real seconds, 0 bytes read per connection
Execution 39
s_time: verify depth is 1
363 connections in 0.51s; 711.76 connections/user sec, bytes read 0
363 connections in 11 real seconds, 0 bytes read per connection
Execution 40
s_time: verify depth is 1
363 connections in 0.48s; 756.25 connections/user sec, bytes read 0
363 connections in 11 real seconds, 0 bytes read per connection
Execution 41
s_time: verify depth is 1
243 connections in 0.35s; 694.29 connections/user sec, bytes read 0
243 connections in 11 real seconds, 0 bytes read per connection
Execution 42
s_time: verify depth is 1
361 connections in 0.48s; 752.08 connections/user sec, bytes read 0
361 connections in 11 real seconds, 0 bytes read per connection
Execution 43
s_time: verify depth is 1
361 connections in 0.52s; 694.23 connections/user sec, bytes read 0
361 connections in 11 real seconds, 0 bytes read per connection
Execution 44
s_time: verify depth is 1
285 connections in 0.42s; 678.57 connections/user sec, bytes read 0
285 connections in 12 real seconds, 0 bytes read per connection
Execution 45
s_time: verify depth is 1
352 connections in 0.48s; 733.33 connections/user sec, bytes read 0
352 connections in 11 real seconds, 0 bytes read per connection
Execution 46
s_time: verify depth is 1
362 connections in 0.49s; 738.78 connections/user sec, bytes read 0
362 connections in 11 real seconds, 0 bytes read per connection
Execution 47
s_time: verify depth is 1
346 connections in 0.45s; 768.89 connections/user sec, bytes read 0
346 connections in 14 real seconds, 0 bytes read per connection
Execution 48
s_time: verify depth is 1
357 connections in 0.50s; 714.00 connections/user sec, bytes read 0
357 connections in 11 real seconds, 0 bytes read per connection
Execution 49
s_time: verify depth is 1
362 connections in 0.48s; 754.17 connections/user sec, bytes read 0
362 connections in 11 real seconds, 0 bytes read per connection
Execution 50
s_time: verify depth is 1
342 connections in 0.47s; 727.66 connections/user sec, bytes read 0
342 connections in 13 real seconds, 0 bytes read per connection
falcon1024
tc
Mostrando el estado de qdisc para la interfaz: lo
qdisc netem 8163: root refcnt 2 limit 1000 delay 7.0ms
 Sent 0 bytes 0 pkt (dropped 0, overlimits 0 requeues 0) 
 backlog 0b 0p requeues 0
-----
-----
Certificate request self-signature ok
subject=CN=localhost
Running /opt/oqssa/bin/perftestServer.sh with SIG_ALG=falcon1024 and KEM_ALG=P-521

Using default temp DH parameters
ACCEPT
Execution 1
s_time: verify depth is 1
227 connections in 2.07s; 109.66 connections/user sec, bytes read 0
227 connections in 11 real seconds, 0 bytes read per connection
Execution 2
s_time: verify depth is 1
243 connections in 2.24s; 108.48 connections/user sec, bytes read 0
243 connections in 11 real seconds, 0 bytes read per connection
Execution 3
s_time: verify depth is 1
201 connections in 1.86s; 108.06 connections/user sec, bytes read 0
201 connections in 12 real seconds, 0 bytes read per connection
Execution 4
s_time: verify depth is 1
222 connections in 2.11s; 105.21 connections/user sec, bytes read 0
222 connections in 11 real seconds, 0 bytes read per connection
Execution 5
s_time: verify depth is 1
239 connections in 2.24s; 106.70 connections/user sec, bytes read 0
239 connections in 11 real seconds, 0 bytes read per connection
Execution 6
s_time: verify depth is 1
241 connections in 2.19s; 110.05 connections/user sec, bytes read 0
241 connections in 14 real seconds, 0 bytes read per connection
Execution 7
s_time: verify depth is 1
228 connections in 2.09s; 109.09 connections/user sec, bytes read 0
228 connections in 11 real seconds, 0 bytes read per connection
Execution 8
s_time: verify depth is 1
236 connections in 2.23s; 105.83 connections/user sec, bytes read 0
236 connections in 11 real seconds, 0 bytes read per connection
Execution 9
s_time: verify depth is 1
236 connections in 2.16s; 109.26 connections/user sec, bytes read 0
236 connections in 14 real seconds, 0 bytes read per connection
Execution 10
s_time: verify depth is 1
230 connections in 2.16s; 106.48 connections/user sec, bytes read 0
230 connections in 11 real seconds, 0 bytes read per connection
Execution 11
s_time: verify depth is 1
237 connections in 2.23s; 106.28 connections/user sec, bytes read 0
237 connections in 11 real seconds, 0 bytes read per connection
Execution 12
s_time: verify depth is 1
227 connections in 2.30s; 98.70 connections/user sec, bytes read 0
227 connections in 14 real seconds, 0 bytes read per connection
Execution 13
s_time: verify depth is 1
234 connections in 2.14s; 109.35 connections/user sec, bytes read 0
234 connections in 11 real seconds, 0 bytes read per connection
Execution 14
s_time: verify depth is 1
237 connections in 2.25s; 105.33 connections/user sec, bytes read 0
237 connections in 11 real seconds, 0 bytes read per connection
Execution 15
s_time: verify depth is 1
228 connections in 2.15s; 106.05 connections/user sec, bytes read 0
228 connections in 14 real seconds, 0 bytes read per connection
Execution 16
s_time: verify depth is 1
235 connections in 2.23s; 105.38 connections/user sec, bytes read 0
235 connections in 11 real seconds, 0 bytes read per connection
Execution 17
s_time: verify depth is 1
240 connections in 2.17s; 110.60 connections/user sec, bytes read 0
240 connections in 11 real seconds, 0 bytes read per connection
Execution 18
s_time: verify depth is 1
225 connections in 2.13s; 105.63 connections/user sec, bytes read 0
225 connections in 13 real seconds, 0 bytes read per connection
Execution 19
s_time: verify depth is 1
238 connections in 2.25s; 105.78 connections/user sec, bytes read 0
238 connections in 11 real seconds, 0 bytes read per connection
Execution 20
s_time: verify depth is 1
233 connections in 2.26s; 103.10 connections/user sec, bytes read 0
233 connections in 11 real seconds, 0 bytes read per connection
Execution 21
s_time: verify depth is 1
221 connections in 2.11s; 104.74 connections/user sec, bytes read 0
221 connections in 13 real seconds, 0 bytes read per connection
Execution 22
s_time: verify depth is 1
223 connections in 2.06s; 108.25 connections/user sec, bytes read 0
223 connections in 11 real seconds, 0 bytes read per connection
Execution 23
s_time: verify depth is 1
239 connections in 2.19s; 109.13 connections/user sec, bytes read 0
239 connections in 11 real seconds, 0 bytes read per connection
Execution 24
s_time: verify depth is 1
237 connections in 2.27s; 104.41 connections/user sec, bytes read 0
237 connections in 11 real seconds, 0 bytes read per connection
Execution 25
s_time: verify depth is 1
163 connections in 1.52s; 107.24 connections/user sec, bytes read 0
163 connections in 11 real seconds, 0 bytes read per connection
Execution 26
s_time: verify depth is 1
237 connections in 2.24s; 105.80 connections/user sec, bytes read 0
237 connections in 11 real seconds, 0 bytes read per connection
Execution 27
s_time: verify depth is 1
238 connections in 2.20s; 108.18 connections/user sec, bytes read 0
238 connections in 11 real seconds, 0 bytes read per connection
Execution 28
s_time: verify depth is 1
162 connections in 1.49s; 108.72 connections/user sec, bytes read 0
162 connections in 11 real seconds, 0 bytes read per connection
Execution 29
s_time: verify depth is 1
241 connections in 2.20s; 109.55 connections/user sec, bytes read 0
241 connections in 11 real seconds, 0 bytes read per connection
Execution 30
s_time: verify depth is 1
240 connections in 2.20s; 109.09 connections/user sec, bytes read 0
240 connections in 11 real seconds, 0 bytes read per connection
Execution 31
s_time: verify depth is 1
161 connections in 1.51s; 106.62 connections/user sec, bytes read 0
161 connections in 11 real seconds, 0 bytes read per connection
Execution 32
s_time: verify depth is 1
237 connections in 2.23s; 106.28 connections/user sec, bytes read 0
237 connections in 11 real seconds, 0 bytes read per connection
Execution 33
s_time: verify depth is 1
236 connections in 2.25s; 104.89 connections/user sec, bytes read 0
236 connections in 11 real seconds, 0 bytes read per connection
Execution 34
s_time: verify depth is 1
187 connections in 1.70s; 110.00 connections/user sec, bytes read 0
187 connections in 12 real seconds, 0 bytes read per connection
Execution 35
s_time: verify depth is 1
240 connections in 2.20s; 109.09 connections/user sec, bytes read 0
240 connections in 11 real seconds, 0 bytes read per connection
Execution 36
s_time: verify depth is 1
239 connections in 2.23s; 107.17 connections/user sec, bytes read 0
239 connections in 11 real seconds, 0 bytes read per connection
Execution 37
s_time: verify depth is 1
225 connections in 2.09s; 107.66 connections/user sec, bytes read 0
225 connections in 13 real seconds, 0 bytes read per connection
Execution 38
s_time: verify depth is 1
218 connections in 2.03s; 107.39 connections/user sec, bytes read 0
218 connections in 11 real seconds, 0 bytes read per connection
Execution 39
s_time: verify depth is 1
241 connections in 2.21s; 109.05 connections/user sec, bytes read 0
241 connections in 11 real seconds, 0 bytes read per connection
Execution 40
s_time: verify depth is 1
238 connections in 2.26s; 105.31 connections/user sec, bytes read 0
238 connections in 11 real seconds, 0 bytes read per connection
Execution 41
s_time: verify depth is 1
159 connections in 1.52s; 104.61 connections/user sec, bytes read 0
159 connections in 11 real seconds, 0 bytes read per connection
Execution 42
s_time: verify depth is 1
239 connections in 2.24s; 106.70 connections/user sec, bytes read 0
239 connections in 11 real seconds, 0 bytes read per connection
Execution 43
s_time: verify depth is 1
239 connections in 2.18s; 109.63 connections/user sec, bytes read 0
239 connections in 11 real seconds, 0 bytes read per connection
Execution 44
s_time: verify depth is 1
163 connections in 1.46s; 111.64 connections/user sec, bytes read 0
163 connections in 11 real seconds, 0 bytes read per connection
Execution 45
s_time: verify depth is 1
241 connections in 2.21s; 109.05 connections/user sec, bytes read 0
241 connections in 11 real seconds, 0 bytes read per connection
Execution 46
s_time: verify depth is 1
240 connections in 2.20s; 109.09 connections/user sec, bytes read 0
240 connections in 11 real seconds, 0 bytes read per connection
Execution 47
s_time: verify depth is 1
158 connections in 1.54s; 102.60 connections/user sec, bytes read 0
158 connections in 11 real seconds, 0 bytes read per connection
Execution 48
s_time: verify depth is 1
239 connections in 2.25s; 106.22 connections/user sec, bytes read 0
239 connections in 11 real seconds, 0 bytes read per connection
Execution 49
s_time: verify depth is 1
235 connections in 2.32s; 101.29 connections/user sec, bytes read 0
235 connections in 11 real seconds, 0 bytes read per connection
Execution 50
s_time: verify depth is 1
189 connections in 1.75s; 108.00 connections/user sec, bytes read 0
189 connections in 12 real seconds, 0 bytes read per connection
tc
Mostrando el estado de qdisc para la interfaz: lo
qdisc netem 8164: root refcnt 2 limit 1000 delay 7.0ms
 Sent 0 bytes 0 pkt (dropped 0, overlimits 0 requeues 0) 
 backlog 0b 0p requeues 0
-----
-----
Certificate request self-signature ok
subject=CN=localhost
Running /opt/oqssa/bin/perftestServer.sh with SIG_ALG=falcon1024 and KEM_ALG=mlkem1024

Using default temp DH parameters
ACCEPT
Execution 1
s_time: verify depth is 1
353 connections in 0.54s; 653.70 connections/user sec, bytes read 0
353 connections in 11 real seconds, 0 bytes read per connection
Execution 2
s_time: verify depth is 1
354 connections in 0.50s; 708.00 connections/user sec, bytes read 0
354 connections in 11 real seconds, 0 bytes read per connection
Execution 3
s_time: verify depth is 1
273 connections in 0.42s; 650.00 connections/user sec, bytes read 0
273 connections in 12 real seconds, 0 bytes read per connection
Execution 4
s_time: verify depth is 1
349 connections in 0.54s; 646.30 connections/user sec, bytes read 0
349 connections in 11 real seconds, 0 bytes read per connection
Execution 5
s_time: verify depth is 1
353 connections in 0.50s; 706.00 connections/user sec, bytes read 0
353 connections in 11 real seconds, 0 bytes read per connection
Execution 6
s_time: verify depth is 1
334 connections in 0.47s; 710.64 connections/user sec, bytes read 0
334 connections in 13 real seconds, 0 bytes read per connection
Execution 7
s_time: verify depth is 1
323 connections in 0.45s; 717.78 connections/user sec, bytes read 0
323 connections in 11 real seconds, 0 bytes read per connection
Execution 8
s_time: verify depth is 1
354 connections in 0.48s; 737.50 connections/user sec, bytes read 0
354 connections in 11 real seconds, 0 bytes read per connection
Execution 9
s_time: verify depth is 1
354 connections in 0.50s; 708.00 connections/user sec, bytes read 0
354 connections in 11 real seconds, 0 bytes read per connection
Execution 10
s_time: verify depth is 1
238 connections in 0.37s; 643.24 connections/user sec, bytes read 0
238 connections in 11 real seconds, 0 bytes read per connection
Execution 11
s_time: verify depth is 1
354 connections in 0.52s; 680.77 connections/user sec, bytes read 0
354 connections in 11 real seconds, 0 bytes read per connection
Execution 12
s_time: verify depth is 1
353 connections in 0.49s; 720.41 connections/user sec, bytes read 0
353 connections in 11 real seconds, 0 bytes read per connection
Execution 13
s_time: verify depth is 1
238 connections in 0.36s; 661.11 connections/user sec, bytes read 0
238 connections in 11 real seconds, 0 bytes read per connection
Execution 14
s_time: verify depth is 1
354 connections in 0.51s; 694.12 connections/user sec, bytes read 0
354 connections in 11 real seconds, 0 bytes read per connection
Execution 15
s_time: verify depth is 1
352 connections in 0.50s; 704.00 connections/user sec, bytes read 0
352 connections in 11 real seconds, 0 bytes read per connection
Execution 16
s_time: verify depth is 1
240 connections in 0.31s; 774.19 connections/user sec, bytes read 0
240 connections in 11 real seconds, 0 bytes read per connection
Execution 17
s_time: verify depth is 1
355 connections in 0.47s; 755.32 connections/user sec, bytes read 0
355 connections in 11 real seconds, 0 bytes read per connection
Execution 18
s_time: verify depth is 1
352 connections in 0.48s; 733.33 connections/user sec, bytes read 0
352 connections in 11 real seconds, 0 bytes read per connection
Execution 19
s_time: verify depth is 1
279 connections in 0.39s; 715.38 connections/user sec, bytes read 0
279 connections in 12 real seconds, 0 bytes read per connection
Execution 20
s_time: verify depth is 1
343 connections in 0.51s; 672.55 connections/user sec, bytes read 0
343 connections in 11 real seconds, 0 bytes read per connection
Execution 21
s_time: verify depth is 1
352 connections in 0.56s; 628.57 connections/user sec, bytes read 0
352 connections in 11 real seconds, 0 bytes read per connection
Execution 22
s_time: verify depth is 1
339 connections in 0.48s; 706.25 connections/user sec, bytes read 0
339 connections in 14 real seconds, 0 bytes read per connection
Execution 23
s_time: verify depth is 1
350 connections in 0.50s; 700.00 connections/user sec, bytes read 0
350 connections in 11 real seconds, 0 bytes read per connection
Execution 24
s_time: verify depth is 1
352 connections in 0.49s; 718.37 connections/user sec, bytes read 0
352 connections in 11 real seconds, 0 bytes read per connection
Execution 25
s_time: verify depth is 1
333 connections in 0.48s; 693.75 connections/user sec, bytes read 0
333 connections in 13 real seconds, 0 bytes read per connection
Execution 26
s_time: verify depth is 1
323 connections in 0.51s; 633.33 connections/user sec, bytes read 0
323 connections in 11 real seconds, 0 bytes read per connection
Execution 27
s_time: verify depth is 1
352 connections in 0.52s; 676.92 connections/user sec, bytes read 0
352 connections in 11 real seconds, 0 bytes read per connection
Execution 28
s_time: verify depth is 1
353 connections in 0.52s; 678.85 connections/user sec, bytes read 0
353 connections in 11 real seconds, 0 bytes read per connection
Execution 29
s_time: verify depth is 1
238 connections in 0.37s; 643.24 connections/user sec, bytes read 0
238 connections in 11 real seconds, 0 bytes read per connection
Execution 30
s_time: verify depth is 1
353 connections in 0.54s; 653.70 connections/user sec, bytes read 0
353 connections in 11 real seconds, 0 bytes read per connection
Execution 31
s_time: verify depth is 1
352 connections in 0.52s; 676.92 connections/user sec, bytes read 0
352 connections in 11 real seconds, 0 bytes read per connection
Execution 32
s_time: verify depth is 1
239 connections in 0.34s; 702.94 connections/user sec, bytes read 0
239 connections in 11 real seconds, 0 bytes read per connection
Execution 33
s_time: verify depth is 1
350 connections in 0.51s; 686.27 connections/user sec, bytes read 0
350 connections in 11 real seconds, 0 bytes read per connection
Execution 34
s_time: verify depth is 1
354 connections in 0.49s; 722.45 connections/user sec, bytes read 0
354 connections in 11 real seconds, 0 bytes read per connection
Execution 35
s_time: verify depth is 1
238 connections in 0.31s; 767.74 connections/user sec, bytes read 0
238 connections in 11 real seconds, 0 bytes read per connection
Execution 36
s_time: verify depth is 1
354 connections in 0.46s; 769.57 connections/user sec, bytes read 0
354 connections in 11 real seconds, 0 bytes read per connection
Execution 37
s_time: verify depth is 1
353 connections in 0.51s; 692.16 connections/user sec, bytes read 0
353 connections in 11 real seconds, 0 bytes read per connection
Execution 38
s_time: verify depth is 1
279 connections in 0.42s; 664.29 connections/user sec, bytes read 0
279 connections in 12 real seconds, 0 bytes read per connection
Execution 39
s_time: verify depth is 1
344 connections in 0.52s; 661.54 connections/user sec, bytes read 0
344 connections in 11 real seconds, 0 bytes read per connection
Execution 40
s_time: verify depth is 1
354 connections in 0.48s; 737.50 connections/user sec, bytes read 0
354 connections in 11 real seconds, 0 bytes read per connection
Execution 41
s_time: verify depth is 1
339 connections in 0.50s; 678.00 connections/user sec, bytes read 0
339 connections in 14 real seconds, 0 bytes read per connection
Execution 42
s_time: verify depth is 1
349 connections in 0.48s; 727.08 connections/user sec, bytes read 0
349 connections in 11 real seconds, 0 bytes read per connection
Execution 43
s_time: verify depth is 1
354 connections in 0.49s; 722.45 connections/user sec, bytes read 0
354 connections in 11 real seconds, 0 bytes read per connection
Execution 44
s_time: verify depth is 1
336 connections in 0.44s; 763.64 connections/user sec, bytes read 0
336 connections in 13 real seconds, 0 bytes read per connection
Execution 45
s_time: verify depth is 1
322 connections in 0.45s; 715.56 connections/user sec, bytes read 0
322 connections in 11 real seconds, 0 bytes read per connection
Execution 46
s_time: verify depth is 1
352 connections in 0.55s; 640.00 connections/user sec, bytes read 0
352 connections in 11 real seconds, 0 bytes read per connection
Execution 47
s_time: verify depth is 1
354 connections in 0.54s; 655.56 connections/user sec, bytes read 0
354 connections in 11 real seconds, 0 bytes read per connection
Execution 48
s_time: verify depth is 1
238 connections in 0.35s; 680.00 connections/user sec, bytes read 0
238 connections in 11 real seconds, 0 bytes read per connection
Execution 49
s_time: verify depth is 1
353 connections in 0.50s; 706.00 connections/user sec, bytes read 0
353 connections in 11 real seconds, 0 bytes read per connection
Execution 50
s_time: verify depth is 1
354 connections in 0.49s; 722.45 connections/user sec, bytes read 0
354 connections in 11 real seconds, 0 bytes read per connection
sphincssha2256fsimple
tc
Mostrando el estado de qdisc para la interfaz: lo
qdisc netem 8165: root refcnt 2 limit 1000 delay 7.0ms
 Sent 0 bytes 0 pkt (dropped 0, overlimits 0 requeues 0) 
 backlog 0b 0p requeues 0
-----
-----
Certificate request self-signature ok
subject=CN=localhost
Running /opt/oqssa/bin/perftestServer.sh with SIG_ALG=sphincssha2256fsimple and KEM_ALG=P-521

Using default temp DH parameters
ACCEPT
Execution 1
s_time: verify depth is 1
69 connections in 0.99s; 69.70 connections/user sec, bytes read 0
69 connections in 11 real seconds, 0 bytes read per connection
Execution 2
s_time: verify depth is 1
112 connections in 1.66s; 67.47 connections/user sec, bytes read 0
112 connections in 11 real seconds, 0 bytes read per connection
Execution 3
s_time: verify depth is 1
115 connections in 1.54s; 74.68 connections/user sec, bytes read 0
115 connections in 11 real seconds, 0 bytes read per connection
Execution 4
s_time: verify depth is 1
78 connections in 1.07s; 72.90 connections/user sec, bytes read 0
78 connections in 11 real seconds, 0 bytes read per connection
Execution 5
s_time: verify depth is 1
116 connections in 1.53s; 75.82 connections/user sec, bytes read 0
116 connections in 11 real seconds, 0 bytes read per connection
Execution 6
s_time: verify depth is 1
117 connections in 1.52s; 76.97 connections/user sec, bytes read 0
117 connections in 11 real seconds, 0 bytes read per connection
Execution 7
s_time: verify depth is 1
80 connections in 1.06s; 75.47 connections/user sec, bytes read 0
80 connections in 11 real seconds, 0 bytes read per connection
Execution 8
s_time: verify depth is 1
113 connections in 1.55s; 72.90 connections/user sec, bytes read 0
113 connections in 11 real seconds, 0 bytes read per connection
Execution 9
s_time: verify depth is 1
118 connections in 1.52s; 77.63 connections/user sec, bytes read 0
118 connections in 11 real seconds, 0 bytes read per connection
Execution 10
s_time: verify depth is 1
114 connections in 1.50s; 76.00 connections/user sec, bytes read 0
114 connections in 14 real seconds, 0 bytes read per connection
Execution 11
s_time: verify depth is 1
116 connections in 1.53s; 75.82 connections/user sec, bytes read 0
116 connections in 11 real seconds, 0 bytes read per connection
Execution 12
s_time: verify depth is 1
118 connections in 1.53s; 77.12 connections/user sec, bytes read 0
118 connections in 11 real seconds, 0 bytes read per connection
Execution 13
s_time: verify depth is 1
109 connections in 1.51s; 72.19 connections/user sec, bytes read 0
109 connections in 14 real seconds, 0 bytes read per connection
Execution 14
s_time: verify depth is 1
118 connections in 1.57s; 75.16 connections/user sec, bytes read 0
118 connections in 11 real seconds, 0 bytes read per connection
Execution 15
s_time: verify depth is 1
117 connections in 1.53s; 76.47 connections/user sec, bytes read 0
117 connections in 11 real seconds, 0 bytes read per connection
Execution 16
s_time: verify depth is 1
108 connections in 1.46s; 73.97 connections/user sec, bytes read 0
108 connections in 13 real seconds, 0 bytes read per connection
Execution 17
s_time: verify depth is 1
108 connections in 1.46s; 73.97 connections/user sec, bytes read 0
108 connections in 11 real seconds, 0 bytes read per connection
Execution 18
s_time: verify depth is 1
117 connections in 1.59s; 73.58 connections/user sec, bytes read 0
117 connections in 11 real seconds, 0 bytes read per connection
Execution 19
s_time: verify depth is 1
117 connections in 1.60s; 73.12 connections/user sec, bytes read 0
117 connections in 14 real seconds, 0 bytes read per connection
Execution 20
s_time: verify depth is 1
112 connections in 1.48s; 75.68 connections/user sec, bytes read 0
112 connections in 11 real seconds, 0 bytes read per connection
Execution 21
s_time: verify depth is 1
117 connections in 1.60s; 73.12 connections/user sec, bytes read 0
117 connections in 11 real seconds, 0 bytes read per connection
Execution 22
s_time: verify depth is 1
116 connections in 1.57s; 73.89 connections/user sec, bytes read 0
116 connections in 14 real seconds, 0 bytes read per connection
Execution 23
s_time: verify depth is 1
109 connections in 1.54s; 70.78 connections/user sec, bytes read 0
109 connections in 11 real seconds, 0 bytes read per connection
Execution 24
s_time: verify depth is 1
116 connections in 1.55s; 74.84 connections/user sec, bytes read 0
116 connections in 11 real seconds, 0 bytes read per connection
Execution 25
s_time: verify depth is 1
113 connections in 1.53s; 73.86 connections/user sec, bytes read 0
113 connections in 14 real seconds, 0 bytes read per connection
Execution 26
s_time: verify depth is 1
113 connections in 1.49s; 75.84 connections/user sec, bytes read 0
113 connections in 11 real seconds, 0 bytes read per connection
Execution 27
s_time: verify depth is 1
119 connections in 1.50s; 79.33 connections/user sec, bytes read 0
119 connections in 11 real seconds, 0 bytes read per connection
Execution 28
s_time: verify depth is 1
112 connections in 1.49s; 75.17 connections/user sec, bytes read 0
112 connections in 14 real seconds, 0 bytes read per connection
Execution 29
s_time: verify depth is 1
112 connections in 1.57s; 71.34 connections/user sec, bytes read 0
112 connections in 11 real seconds, 0 bytes read per connection
Execution 30
s_time: verify depth is 1
118 connections in 1.57s; 75.16 connections/user sec, bytes read 0
118 connections in 11 real seconds, 0 bytes read per connection
Execution 31
s_time: verify depth is 1
110 connections in 1.47s; 74.83 connections/user sec, bytes read 0
110 connections in 14 real seconds, 0 bytes read per connection
Execution 32
s_time: verify depth is 1
114 connections in 1.56s; 73.08 connections/user sec, bytes read 0
114 connections in 11 real seconds, 0 bytes read per connection
Execution 33
s_time: verify depth is 1
117 connections in 1.55s; 75.48 connections/user sec, bytes read 0
117 connections in 11 real seconds, 0 bytes read per connection
Execution 34
s_time: verify depth is 1
108 connections in 1.48s; 72.97 connections/user sec, bytes read 0
108 connections in 13 real seconds, 0 bytes read per connection
Execution 35
s_time: verify depth is 1
108 connections in 1.48s; 72.97 connections/user sec, bytes read 0
108 connections in 11 real seconds, 0 bytes read per connection
Execution 36
s_time: verify depth is 1
115 connections in 1.62s; 70.99 connections/user sec, bytes read 0
115 connections in 11 real seconds, 0 bytes read per connection
Execution 37
s_time: verify depth is 1
118 connections in 1.62s; 72.84 connections/user sec, bytes read 0
118 connections in 14 real seconds, 0 bytes read per connection
Execution 38
s_time: verify depth is 1
107 connections in 1.49s; 71.81 connections/user sec, bytes read 0
107 connections in 11 real seconds, 0 bytes read per connection
Execution 39
s_time: verify depth is 1
116 connections in 1.56s; 74.36 connections/user sec, bytes read 0
116 connections in 11 real seconds, 0 bytes read per connection
Execution 40
s_time: verify depth is 1
114 connections in 1.54s; 74.03 connections/user sec, bytes read 0
114 connections in 14 real seconds, 0 bytes read per connection
Execution 41
s_time: verify depth is 1
109 connections in 1.49s; 73.15 connections/user sec, bytes read 0
109 connections in 11 real seconds, 0 bytes read per connection
Execution 42
s_time: verify depth is 1
115 connections in 1.57s; 73.25 connections/user sec, bytes read 0
115 connections in 11 real seconds, 0 bytes read per connection
Execution 43
s_time: verify depth is 1
111 connections in 1.64s; 67.68 connections/user sec, bytes read 0
111 connections in 14 real seconds, 0 bytes read per connection
Execution 44
s_time: verify depth is 1
112 connections in 1.53s; 73.20 connections/user sec, bytes read 0
112 connections in 11 real seconds, 0 bytes read per connection
Execution 45
s_time: verify depth is 1
115 connections in 1.57s; 73.25 connections/user sec, bytes read 0
115 connections in 11 real seconds, 0 bytes read per connection
Execution 46
s_time: verify depth is 1
113 connections in 1.50s; 75.33 connections/user sec, bytes read 0
113 connections in 14 real seconds, 0 bytes read per connection
Execution 47
s_time: verify depth is 1
116 connections in 1.52s; 76.32 connections/user sec, bytes read 0
116 connections in 11 real seconds, 0 bytes read per connection
Execution 48
s_time: verify depth is 1
114 connections in 1.57s; 72.61 connections/user sec, bytes read 0
114 connections in 11 real seconds, 0 bytes read per connection
Execution 49
s_time: verify depth is 1
111 connections in 1.46s; 76.03 connections/user sec, bytes read 0
111 connections in 14 real seconds, 0 bytes read per connection
Execution 50
s_time: verify depth is 1
118 connections in 1.56s; 75.64 connections/user sec, bytes read 0
118 connections in 11 real seconds, 0 bytes read per connection
tc
Mostrando el estado de qdisc para la interfaz: lo
qdisc netem 8166: root refcnt 2 limit 1000 delay 7.0ms
 Sent 0 bytes 0 pkt (dropped 0, overlimits 0 requeues 0) 
 backlog 0b 0p requeues 0
-----
-----
Certificate request self-signature ok
subject=CN=localhost
Running /opt/oqssa/bin/perftestServer.sh with SIG_ALG=sphincssha2256fsimple and KEM_ALG=mlkem1024

Using default temp DH parameters
ACCEPT
Execution 1
s_time: verify depth is 1
116 connections in 0.65s; 178.46 connections/user sec, bytes read 0
116 connections in 11 real seconds, 0 bytes read per connection
Execution 2
s_time: verify depth is 1
106 connections in 0.60s; 176.67 connections/user sec, bytes read 0
106 connections in 12 real seconds, 0 bytes read per connection
Execution 3
s_time: verify depth is 1
122 connections in 0.63s; 193.65 connections/user sec, bytes read 0
122 connections in 11 real seconds, 0 bytes read per connection
Execution 4
s_time: verify depth is 1
129 connections in 0.71s; 181.69 connections/user sec, bytes read 0
129 connections in 11 real seconds, 0 bytes read per connection
Execution 5
s_time: verify depth is 1
130 connections in 0.70s; 185.71 connections/user sec, bytes read 0
130 connections in 11 real seconds, 0 bytes read per connection
Execution 6
s_time: verify depth is 1
87 connections in 0.46s; 189.13 connections/user sec, bytes read 0
87 connections in 11 real seconds, 0 bytes read per connection
Execution 7
s_time: verify depth is 1
130 connections in 0.71s; 183.10 connections/user sec, bytes read 0
130 connections in 11 real seconds, 0 bytes read per connection
Execution 8
s_time: verify depth is 1
131 connections in 0.68s; 192.65 connections/user sec, bytes read 0
131 connections in 11 real seconds, 0 bytes read per connection
Execution 9
s_time: verify depth is 1
89 connections in 0.48s; 185.42 connections/user sec, bytes read 0
89 connections in 11 real seconds, 0 bytes read per connection
Execution 10
s_time: verify depth is 1
128 connections in 0.71s; 180.28 connections/user sec, bytes read 0
128 connections in 11 real seconds, 0 bytes read per connection
Execution 11
s_time: verify depth is 1
133 connections in 0.69s; 192.75 connections/user sec, bytes read 0
133 connections in 11 real seconds, 0 bytes read per connection
Execution 12
s_time: verify depth is 1
87 connections in 0.45s; 193.33 connections/user sec, bytes read 0
87 connections in 11 real seconds, 0 bytes read per connection
Execution 13
s_time: verify depth is 1
131 connections in 0.71s; 184.51 connections/user sec, bytes read 0
131 connections in 11 real seconds, 0 bytes read per connection
Execution 14
s_time: verify depth is 1
131 connections in 0.69s; 189.86 connections/user sec, bytes read 0
131 connections in 11 real seconds, 0 bytes read per connection
Execution 15
s_time: verify depth is 1
99 connections in 0.55s; 180.00 connections/user sec, bytes read 0
99 connections in 12 real seconds, 0 bytes read per connection
Execution 16
s_time: verify depth is 1
127 connections in 0.67s; 189.55 connections/user sec, bytes read 0
127 connections in 11 real seconds, 0 bytes read per connection
Execution 17
s_time: verify depth is 1
129 connections in 0.72s; 179.17 connections/user sec, bytes read 0
129 connections in 11 real seconds, 0 bytes read per connection
Execution 18
s_time: verify depth is 1
119 connections in 0.65s; 183.08 connections/user sec, bytes read 0
119 connections in 14 real seconds, 0 bytes read per connection
Execution 19
s_time: verify depth is 1
130 connections in 0.68s; 191.18 connections/user sec, bytes read 0
130 connections in 11 real seconds, 0 bytes read per connection
Execution 20
s_time: verify depth is 1
130 connections in 0.65s; 200.00 connections/user sec, bytes read 0
130 connections in 11 real seconds, 0 bytes read per connection
Execution 21
s_time: verify depth is 1
121 connections in 0.64s; 189.06 connections/user sec, bytes read 0
121 connections in 13 real seconds, 0 bytes read per connection
Execution 22
s_time: verify depth is 1
121 connections in 0.65s; 186.15 connections/user sec, bytes read 0
121 connections in 11 real seconds, 0 bytes read per connection
Execution 23
s_time: verify depth is 1
130 connections in 0.73s; 178.08 connections/user sec, bytes read 0
130 connections in 11 real seconds, 0 bytes read per connection
Execution 24
s_time: verify depth is 1
130 connections in 0.66s; 196.97 connections/user sec, bytes read 0
130 connections in 11 real seconds, 0 bytes read per connection
Execution 25
s_time: verify depth is 1
89 connections in 0.47s; 189.36 connections/user sec, bytes read 0
89 connections in 11 real seconds, 0 bytes read per connection
Execution 26
s_time: verify depth is 1
130 connections in 0.71s; 183.10 connections/user sec, bytes read 0
130 connections in 11 real seconds, 0 bytes read per connection
Execution 27
s_time: verify depth is 1
131 connections in 0.69s; 189.86 connections/user sec, bytes read 0
131 connections in 11 real seconds, 0 bytes read per connection
Execution 28
s_time: verify depth is 1
86 connections in 0.47s; 182.98 connections/user sec, bytes read 0
86 connections in 11 real seconds, 0 bytes read per connection
Execution 29
s_time: verify depth is 1
130 connections in 0.68s; 191.18 connections/user sec, bytes read 0
130 connections in 11 real seconds, 0 bytes read per connection
Execution 30
s_time: verify depth is 1
128 connections in 0.75s; 170.67 connections/user sec, bytes read 0
128 connections in 11 real seconds, 0 bytes read per connection
Execution 31
s_time: verify depth is 1
88 connections in 0.51s; 172.55 connections/user sec, bytes read 0
88 connections in 11 real seconds, 0 bytes read per connection
Execution 32
s_time: verify depth is 1
130 connections in 0.71s; 183.10 connections/user sec, bytes read 0
130 connections in 11 real seconds, 0 bytes read per connection
Execution 33
s_time: verify depth is 1
129 connections in 0.67s; 192.54 connections/user sec, bytes read 0
129 connections in 11 real seconds, 0 bytes read per connection
Execution 34
s_time: verify depth is 1
102 connections in 0.54s; 188.89 connections/user sec, bytes read 0
102 connections in 12 real seconds, 0 bytes read per connection
Execution 35
s_time: verify depth is 1
130 connections in 0.70s; 185.71 connections/user sec, bytes read 0
130 connections in 11 real seconds, 0 bytes read per connection
Execution 36
s_time: verify depth is 1
132 connections in 0.72s; 183.33 connections/user sec, bytes read 0
132 connections in 11 real seconds, 0 bytes read per connection
Execution 37
s_time: verify depth is 1
121 connections in 0.65s; 186.15 connections/user sec, bytes read 0
121 connections in 14 real seconds, 0 bytes read per connection
Execution 38
s_time: verify depth is 1
132 connections in 0.70s; 188.57 connections/user sec, bytes read 0
132 connections in 11 real seconds, 0 bytes read per connection
Execution 39
s_time: verify depth is 1
128 connections in 0.69s; 185.51 connections/user sec, bytes read 0
128 connections in 11 real seconds, 0 bytes read per connection
Execution 40
s_time: verify depth is 1
120 connections in 0.65s; 184.62 connections/user sec, bytes read 0
120 connections in 13 real seconds, 0 bytes read per connection
Execution 41
s_time: verify depth is 1
121 connections in 0.61s; 198.36 connections/user sec, bytes read 0
121 connections in 11 real seconds, 0 bytes read per connection
Execution 42
s_time: verify depth is 1
131 connections in 0.71s; 184.51 connections/user sec, bytes read 0
131 connections in 11 real seconds, 0 bytes read per connection
Execution 43
s_time: verify depth is 1
134 connections in 0.68s; 197.06 connections/user sec, bytes read 0
134 connections in 11 real seconds, 0 bytes read per connection
Execution 44
s_time: verify depth is 1
90 connections in 0.47s; 191.49 connections/user sec, bytes read 0
90 connections in 11 real seconds, 0 bytes read per connection
Execution 45
s_time: verify depth is 1
130 connections in 0.68s; 191.18 connections/user sec, bytes read 0
130 connections in 11 real seconds, 0 bytes read per connection
Execution 46
s_time: verify depth is 1
130 connections in 0.66s; 196.97 connections/user sec, bytes read 0
130 connections in 11 real seconds, 0 bytes read per connection
Execution 47
s_time: verify depth is 1
87 connections in 0.48s; 181.25 connections/user sec, bytes read 0
87 connections in 11 real seconds, 0 bytes read per connection
Execution 48
s_time: verify depth is 1
127 connections in 0.69s; 184.06 connections/user sec, bytes read 0
127 connections in 11 real seconds, 0 bytes read per connection
Execution 49
s_time: verify depth is 1
131 connections in 0.71s; 184.51 connections/user sec, bytes read 0
131 connections in 11 real seconds, 0 bytes read per connection
Execution 50
s_time: verify depth is 1
88 connections in 0.46s; 191.30 connections/user sec, bytes read 0
88 connections in 11 real seconds, 0 bytes read per connection
sphincssha2256ssimple
tc
Mostrando el estado de qdisc para la interfaz: lo
qdisc netem 8167: root refcnt 2 limit 1000 delay 7.0ms
 Sent 0 bytes 0 pkt (dropped 0, overlimits 0 requeues 0) 
 backlog 0b 0p requeues 0
-----
-----
Certificate request self-signature ok
subject=CN=localhost
Running /opt/oqssa/bin/perftestServer.sh with SIG_ALG=sphincssha2256ssimple and KEM_ALG=P-521

Using default temp DH parameters
ACCEPT
Execution 1
s_time: verify depth is 1
24 connections in 0.27s; 88.89 connections/user sec, bytes read 0
24 connections in 11 real seconds, 0 bytes read per connection
Execution 2
s_time: verify depth is 1
27 connections in 0.30s; 90.00 connections/user sec, bytes read 0
27 connections in 11 real seconds, 0 bytes read per connection
Execution 3
s_time: verify depth is 1
18 connections in 0.20s; 90.00 connections/user sec, bytes read 0
18 connections in 11 real seconds, 0 bytes read per connection
Execution 4
s_time: verify depth is 1
26 connections in 0.30s; 86.67 connections/user sec, bytes read 0
26 connections in 11 real seconds, 0 bytes read per connection
Execution 5
s_time: verify depth is 1
25 connections in 0.29s; 86.21 connections/user sec, bytes read 0
25 connections in 11 real seconds, 0 bytes read per connection
Execution 6
s_time: verify depth is 1
23 connections in 0.28s; 82.14 connections/user sec, bytes read 0
23 connections in 13 real seconds, 0 bytes read per connection
Execution 7
s_time: verify depth is 1
25 connections in 0.30s; 83.33 connections/user sec, bytes read 0
25 connections in 11 real seconds, 0 bytes read per connection
Execution 8
s_time: verify depth is 1
25 connections in 0.31s; 80.65 connections/user sec, bytes read 0
25 connections in 11 real seconds, 0 bytes read per connection
Execution 9
s_time: verify depth is 1
24 connections in 0.29s; 82.76 connections/user sec, bytes read 0
24 connections in 14 real seconds, 0 bytes read per connection
Execution 10
s_time: verify depth is 1
27 connections in 0.32s; 84.38 connections/user sec, bytes read 0
27 connections in 11 real seconds, 0 bytes read per connection
Execution 11
s_time: verify depth is 1
26 connections in 0.29s; 89.66 connections/user sec, bytes read 0
26 connections in 11 real seconds, 0 bytes read per connection
Execution 12
s_time: verify depth is 1
23 connections in 0.29s; 79.31 connections/user sec, bytes read 0
23 connections in 13 real seconds, 0 bytes read per connection
Execution 13
s_time: verify depth is 1
24 connections in 0.28s; 85.71 connections/user sec, bytes read 0
24 connections in 11 real seconds, 0 bytes read per connection
Execution 14
s_time: verify depth is 1
26 connections in 0.30s; 86.67 connections/user sec, bytes read 0
26 connections in 11 real seconds, 0 bytes read per connection
Execution 15
s_time: verify depth is 1
26 connections in 0.31s; 83.87 connections/user sec, bytes read 0
26 connections in 14 real seconds, 0 bytes read per connection
Execution 16
s_time: verify depth is 1
24 connections in 0.28s; 85.71 connections/user sec, bytes read 0
24 connections in 11 real seconds, 0 bytes read per connection
Execution 17
s_time: verify depth is 1
26 connections in 0.33s; 78.79 connections/user sec, bytes read 0
26 connections in 11 real seconds, 0 bytes read per connection
Execution 18
s_time: verify depth is 1
25 connections in 0.29s; 86.21 connections/user sec, bytes read 0
25 connections in 14 real seconds, 0 bytes read per connection
Execution 19
s_time: verify depth is 1
26 connections in 0.31s; 83.87 connections/user sec, bytes read 0
26 connections in 11 real seconds, 0 bytes read per connection
Execution 20
s_time: verify depth is 1
26 connections in 0.33s; 78.79 connections/user sec, bytes read 0
26 connections in 11 real seconds, 0 bytes read per connection
Execution 21
s_time: verify depth is 1
24 connections in 0.29s; 82.76 connections/user sec, bytes read 0
24 connections in 14 real seconds, 0 bytes read per connection
Execution 22
s_time: verify depth is 1
23 connections in 0.29s; 79.31 connections/user sec, bytes read 0
23 connections in 11 real seconds, 0 bytes read per connection
Execution 23
s_time: verify depth is 1
27 connections in 0.32s; 84.38 connections/user sec, bytes read 0
27 connections in 11 real seconds, 0 bytes read per connection
Execution 24
s_time: verify depth is 1
24 connections in 0.27s; 88.89 connections/user sec, bytes read 0
24 connections in 14 real seconds, 0 bytes read per connection
Execution 25
s_time: verify depth is 1
26 connections in 0.31s; 83.87 connections/user sec, bytes read 0
26 connections in 11 real seconds, 0 bytes read per connection
Execution 26
s_time: verify depth is 1
25 connections in 0.31s; 80.65 connections/user sec, bytes read 0
25 connections in 11 real seconds, 0 bytes read per connection
Execution 27
s_time: verify depth is 1
24 connections in 0.27s; 88.89 connections/user sec, bytes read 0
24 connections in 14 real seconds, 0 bytes read per connection
Execution 28
s_time: verify depth is 1
25 connections in 0.33s; 75.76 connections/user sec, bytes read 0
25 connections in 11 real seconds, 0 bytes read per connection
Execution 29
s_time: verify depth is 1
26 connections in 0.32s; 81.25 connections/user sec, bytes read 0
26 connections in 11 real seconds, 0 bytes read per connection
Execution 30
s_time: verify depth is 1
23 connections in 0.27s; 85.19 connections/user sec, bytes read 0
23 connections in 13 real seconds, 0 bytes read per connection
Execution 31
s_time: verify depth is 1
24 connections in 0.28s; 85.71 connections/user sec, bytes read 0
24 connections in 11 real seconds, 0 bytes read per connection
Execution 32
s_time: verify depth is 1
26 connections in 0.33s; 78.79 connections/user sec, bytes read 0
26 connections in 11 real seconds, 0 bytes read per connection
Execution 33
s_time: verify depth is 1
26 connections in 0.31s; 83.87 connections/user sec, bytes read 0
26 connections in 14 real seconds, 0 bytes read per connection
Execution 34
s_time: verify depth is 1
25 connections in 0.31s; 80.65 connections/user sec, bytes read 0
25 connections in 11 real seconds, 0 bytes read per connection
Execution 35
s_time: verify depth is 1
25 connections in 0.29s; 86.21 connections/user sec, bytes read 0
25 connections in 11 real seconds, 0 bytes read per connection
Execution 36
s_time: verify depth is 1
25 connections in 0.31s; 80.65 connections/user sec, bytes read 0
25 connections in 14 real seconds, 0 bytes read per connection
Execution 37
s_time: verify depth is 1
25 connections in 0.31s; 80.65 connections/user sec, bytes read 0
25 connections in 11 real seconds, 0 bytes read per connection
Execution 38
s_time: verify depth is 1
25 connections in 0.31s; 80.65 connections/user sec, bytes read 0
25 connections in 11 real seconds, 0 bytes read per connection
Execution 39
s_time: verify depth is 1
25 connections in 0.30s; 83.33 connections/user sec, bytes read 0
25 connections in 14 real seconds, 0 bytes read per connection
Execution 40
s_time: verify depth is 1
26 connections in 0.32s; 81.25 connections/user sec, bytes read 0
26 connections in 11 real seconds, 0 bytes read per connection
Execution 41
s_time: verify depth is 1
26 connections in 0.30s; 86.67 connections/user sec, bytes read 0
26 connections in 11 real seconds, 0 bytes read per connection
Execution 42
s_time: verify depth is 1
24 connections in 0.29s; 82.76 connections/user sec, bytes read 0
24 connections in 14 real seconds, 0 bytes read per connection
Execution 43
s_time: verify depth is 1
26 connections in 0.32s; 81.25 connections/user sec, bytes read 0
26 connections in 11 real seconds, 0 bytes read per connection
Execution 44
s_time: verify depth is 1
26 connections in 0.31s; 83.87 connections/user sec, bytes read 0
26 connections in 11 real seconds, 0 bytes read per connection
Execution 45
s_time: verify depth is 1
24 connections in 0.28s; 85.71 connections/user sec, bytes read 0
24 connections in 14 real seconds, 0 bytes read per connection
Execution 46
s_time: verify depth is 1
26 connections in 0.32s; 81.25 connections/user sec, bytes read 0
26 connections in 11 real seconds, 0 bytes read per connection
Execution 47
s_time: verify depth is 1
26 connections in 0.32s; 81.25 connections/user sec, bytes read 0
26 connections in 11 real seconds, 0 bytes read per connection
Execution 48
s_time: verify depth is 1
24 connections in 0.28s; 85.71 connections/user sec, bytes read 0
24 connections in 13 real seconds, 0 bytes read per connection
Execution 49
s_time: verify depth is 1
24 connections in 0.30s; 80.00 connections/user sec, bytes read 0
24 connections in 11 real seconds, 0 bytes read per connection
Execution 50
s_time: verify depth is 1
25 connections in 0.31s; 80.65 connections/user sec, bytes read 0
25 connections in 11 real seconds, 0 bytes read per connection
tc
Mostrando el estado de qdisc para la interfaz: lo
qdisc netem 8168: root refcnt 2 limit 1000 delay 7.0ms
 Sent 0 bytes 0 pkt (dropped 0, overlimits 0 requeues 0) 
 backlog 0b 0p requeues 0
-----
-----
Certificate request self-signature ok
subject=CN=localhost
Running /opt/oqssa/bin/perftestServer.sh with SIG_ALG=sphincssha2256ssimple and KEM_ALG=mlkem1024

Using default temp DH parameters
ACCEPT
Execution 1
s_time: verify depth is 1
20 connections in 0.07s; 285.71 connections/user sec, bytes read 0
20 connections in 11 real seconds, 0 bytes read per connection
Execution 2
s_time: verify depth is 1
25 connections in 0.10s; 250.00 connections/user sec, bytes read 0
25 connections in 11 real seconds, 0 bytes read per connection
Execution 3
s_time: verify depth is 1
26 connections in 0.10s; 260.00 connections/user sec, bytes read 0
26 connections in 11 real seconds, 0 bytes read per connection
Execution 4
s_time: verify depth is 1
25 connections in 0.10s; 250.00 connections/user sec, bytes read 0
25 connections in 14 real seconds, 0 bytes read per connection
Execution 5
s_time: verify depth is 1
26 connections in 0.10s; 260.00 connections/user sec, bytes read 0
26 connections in 11 real seconds, 0 bytes read per connection
Execution 6
s_time: verify depth is 1
27 connections in 0.11s; 245.45 connections/user sec, bytes read 0
27 connections in 11 real seconds, 0 bytes read per connection
Execution 7
s_time: verify depth is 1
26 connections in 0.10s; 260.00 connections/user sec, bytes read 0
26 connections in 14 real seconds, 0 bytes read per connection
Execution 8
s_time: verify depth is 1
26 connections in 0.11s; 236.36 connections/user sec, bytes read 0
26 connections in 11 real seconds, 0 bytes read per connection
Execution 9
s_time: verify depth is 1
27 connections in 0.10s; 270.00 connections/user sec, bytes read 0
27 connections in 11 real seconds, 0 bytes read per connection
Execution 10
s_time: verify depth is 1
25 connections in 0.11s; 227.27 connections/user sec, bytes read 0
25 connections in 14 real seconds, 0 bytes read per connection
Execution 11
s_time: verify depth is 1
26 connections in 0.11s; 236.36 connections/user sec, bytes read 0
26 connections in 11 real seconds, 0 bytes read per connection
Execution 12
s_time: verify depth is 1
27 connections in 0.10s; 270.00 connections/user sec, bytes read 0
27 connections in 11 real seconds, 0 bytes read per connection
Execution 13
s_time: verify depth is 1
24 connections in 0.09s; 266.67 connections/user sec, bytes read 0
24 connections in 13 real seconds, 0 bytes read per connection
Execution 14
s_time: verify depth is 1
25 connections in 0.08s; 312.50 connections/user sec, bytes read 0
25 connections in 11 real seconds, 0 bytes read per connection
Execution 15
s_time: verify depth is 1
26 connections in 0.11s; 236.36 connections/user sec, bytes read 0
26 connections in 11 real seconds, 0 bytes read per connection
Execution 16
s_time: verify depth is 1
27 connections in 0.11s; 245.45 connections/user sec, bytes read 0
27 connections in 14 real seconds, 0 bytes read per connection
Execution 17
s_time: verify depth is 1
25 connections in 0.09s; 277.78 connections/user sec, bytes read 0
25 connections in 11 real seconds, 0 bytes read per connection
Execution 18
s_time: verify depth is 1
28 connections in 0.10s; 280.00 connections/user sec, bytes read 0
28 connections in 11 real seconds, 0 bytes read per connection
Execution 19
s_time: verify depth is 1
25 connections in 0.10s; 250.00 connections/user sec, bytes read 0
25 connections in 14 real seconds, 0 bytes read per connection
Execution 20
s_time: verify depth is 1
25 connections in 0.10s; 250.00 connections/user sec, bytes read 0
25 connections in 11 real seconds, 0 bytes read per connection
Execution 21
s_time: verify depth is 1
26 connections in 0.09s; 288.89 connections/user sec, bytes read 0
26 connections in 11 real seconds, 0 bytes read per connection
Execution 22
s_time: verify depth is 1
26 connections in 0.10s; 260.00 connections/user sec, bytes read 0
26 connections in 14 real seconds, 0 bytes read per connection
Execution 23
s_time: verify depth is 1
26 connections in 0.09s; 288.89 connections/user sec, bytes read 0
26 connections in 11 real seconds, 0 bytes read per connection
Execution 24
s_time: verify depth is 1
27 connections in 0.10s; 270.00 connections/user sec, bytes read 0
27 connections in 11 real seconds, 0 bytes read per connection
Execution 25
s_time: verify depth is 1
25 connections in 0.10s; 250.00 connections/user sec, bytes read 0
25 connections in 14 real seconds, 0 bytes read per connection
Execution 26
s_time: verify depth is 1
26 connections in 0.10s; 260.00 connections/user sec, bytes read 0
26 connections in 11 real seconds, 0 bytes read per connection
Execution 27
s_time: verify depth is 1
26 connections in 0.10s; 260.00 connections/user sec, bytes read 0
26 connections in 11 real seconds, 0 bytes read per connection
Execution 28
s_time: verify depth is 1
25 connections in 0.08s; 312.50 connections/user sec, bytes read 0
25 connections in 14 real seconds, 0 bytes read per connection
Execution 29
s_time: verify depth is 1
25 connections in 0.10s; 250.00 connections/user sec, bytes read 0
25 connections in 11 real seconds, 0 bytes read per connection
Execution 30
s_time: verify depth is 1
28 connections in 0.11s; 254.55 connections/user sec, bytes read 0
28 connections in 11 real seconds, 0 bytes read per connection
Execution 31
s_time: verify depth is 1
24 connections in 0.07s; 342.86 connections/user sec, bytes read 0
24 connections in 14 real seconds, 0 bytes read per connection
Execution 32
s_time: verify depth is 1
26 connections in 0.10s; 260.00 connections/user sec, bytes read 0
26 connections in 11 real seconds, 0 bytes read per connection
Execution 33
s_time: verify depth is 1
27 connections in 0.10s; 270.00 connections/user sec, bytes read 0
27 connections in 11 real seconds, 0 bytes read per connection
Execution 34
s_time: verify depth is 1
24 connections in 0.10s; 240.00 connections/user sec, bytes read 0
24 connections in 13 real seconds, 0 bytes read per connection
Execution 35
s_time: verify depth is 1
25 connections in 0.11s; 227.27 connections/user sec, bytes read 0
25 connections in 11 real seconds, 0 bytes read per connection
Execution 36
s_time: verify depth is 1
26 connections in 0.11s; 236.36 connections/user sec, bytes read 0
26 connections in 11 real seconds, 0 bytes read per connection
Execution 37
s_time: verify depth is 1
25 connections in 0.11s; 227.27 connections/user sec, bytes read 0
25 connections in 14 real seconds, 0 bytes read per connection
Execution 38
s_time: verify depth is 1
25 connections in 0.10s; 250.00 connections/user sec, bytes read 0
25 connections in 11 real seconds, 0 bytes read per connection
Execution 39
s_time: verify depth is 1
27 connections in 0.11s; 245.45 connections/user sec, bytes read 0
27 connections in 11 real seconds, 0 bytes read per connection
Execution 40
s_time: verify depth is 1
25 connections in 0.10s; 250.00 connections/user sec, bytes read 0
25 connections in 14 real seconds, 0 bytes read per connection
Execution 41
s_time: verify depth is 1
26 connections in 0.10s; 260.00 connections/user sec, bytes read 0
26 connections in 11 real seconds, 0 bytes read per connection
Execution 42
s_time: verify depth is 1
26 connections in 0.10s; 260.00 connections/user sec, bytes read 0
26 connections in 11 real seconds, 0 bytes read per connection
Execution 43
s_time: verify depth is 1
25 connections in 0.10s; 250.00 connections/user sec, bytes read 0
25 connections in 14 real seconds, 0 bytes read per connection
Execution 44
s_time: verify depth is 1
25 connections in 0.10s; 250.00 connections/user sec, bytes read 0
25 connections in 11 real seconds, 0 bytes read per connection
Execution 45
s_time: verify depth is 1
26 connections in 0.10s; 260.00 connections/user sec, bytes read 0
26 connections in 11 real seconds, 0 bytes read per connection
Execution 46
s_time: verify depth is 1
25 connections in 0.09s; 277.78 connections/user sec, bytes read 0
25 connections in 14 real seconds, 0 bytes read per connection
Execution 47
s_time: verify depth is 1
26 connections in 0.10s; 260.00 connections/user sec, bytes read 0
26 connections in 11 real seconds, 0 bytes read per connection
Execution 48
s_time: verify depth is 1
26 connections in 0.10s; 260.00 connections/user sec, bytes read 0
26 connections in 11 real seconds, 0 bytes read per connection
Execution 49
s_time: verify depth is 1
25 connections in 0.09s; 277.78 connections/user sec, bytes read 0
25 connections in 14 real seconds, 0 bytes read per connection
Execution 50
s_time: verify depth is 1
26 connections in 0.10s; 260.00 connections/user sec, bytes read 0
26 connections in 11 real seconds, 0 bytes read per connection
