tc
Mostrando el estado de qdisc para la interfaz: lo
qdisc netem 8292: root refcnt 2 limit 1000 delay 50.0ms
 Sent 0 bytes 0 pkt (dropped 0, overlimits 0 requeues 0) 
 backlog 0b 0p requeues 0
Certificate request self-signature ok
subject=CN=localhost
Running /opt/oqssa/bin/perftestServerECDSA.sh with SIG_ALG=secp521r1 and KEM_ALG=P-521

Using default temp DH parameters
ACCEPT
Execution 1
s_time: verify depth is 1
47 connections in 0.64s; 73.44 connections/user sec, bytes read 0
47 connections in 11 real seconds, 0 bytes read per connection
Execution 2
s_time: verify depth is 1
44 connections in 0.60s; 73.33 connections/user sec, bytes read 0
44 connections in 13 real seconds, 0 bytes read per connection
Execution 3
s_time: verify depth is 1
47 connections in 0.63s; 74.60 connections/user sec, bytes read 0
47 connections in 11 real seconds, 0 bytes read per connection
Execution 4
s_time: verify depth is 1
50 connections in 0.69s; 72.46 connections/user sec, bytes read 0
50 connections in 11 real seconds, 0 bytes read per connection
Execution 5
s_time: verify depth is 1
48 connections in 0.68s; 70.59 connections/user sec, bytes read 0
48 connections in 14 real seconds, 0 bytes read per connection
Execution 6
s_time: verify depth is 1
47 connections in 0.65s; 72.31 connections/user sec, bytes read 0
47 connections in 11 real seconds, 0 bytes read per connection
Execution 7
s_time: verify depth is 1
50 connections in 0.69s; 72.46 connections/user sec, bytes read 0
50 connections in 11 real seconds, 0 bytes read per connection
Execution 8
s_time: verify depth is 1
47 connections in 0.61s; 77.05 connections/user sec, bytes read 0
47 connections in 14 real seconds, 0 bytes read per connection
Execution 9
s_time: verify depth is 1
49 connections in 0.66s; 74.24 connections/user sec, bytes read 0
49 connections in 11 real seconds, 0 bytes read per connection
Execution 10
s_time: verify depth is 1
49 connections in 0.64s; 76.56 connections/user sec, bytes read 0
49 connections in 11 real seconds, 0 bytes read per connection
Execution 11
s_time: verify depth is 1
47 connections in 0.62s; 75.81 connections/user sec, bytes read 0
47 connections in 14 real seconds, 0 bytes read per connection
Execution 12
s_time: verify depth is 1
49 connections in 0.67s; 73.13 connections/user sec, bytes read 0
49 connections in 11 real seconds, 0 bytes read per connection
Execution 13
s_time: verify depth is 1
49 connections in 0.72s; 68.06 connections/user sec, bytes read 0
49 connections in 11 real seconds, 0 bytes read per connection
Execution 14
s_time: verify depth is 1
46 connections in 0.66s; 69.70 connections/user sec, bytes read 0
46 connections in 13 real seconds, 0 bytes read per connection
Execution 15
s_time: verify depth is 1
46 connections in 0.63s; 73.02 connections/user sec, bytes read 0
46 connections in 11 real seconds, 0 bytes read per connection
Execution 16
s_time: verify depth is 1
49 connections in 0.64s; 76.56 connections/user sec, bytes read 0
49 connections in 11 real seconds, 0 bytes read per connection
Execution 17
s_time: verify depth is 1
49 connections in 0.67s; 73.13 connections/user sec, bytes read 0
49 connections in 11 real seconds, 0 bytes read per connection
Execution 18
s_time: verify depth is 1
34 connections in 0.45s; 75.56 connections/user sec, bytes read 0
34 connections in 11 real seconds, 0 bytes read per connection
Execution 19
s_time: verify depth is 1
49 connections in 0.68s; 72.06 connections/user sec, bytes read 0
49 connections in 11 real seconds, 0 bytes read per connection
Execution 20
s_time: verify depth is 1
49 connections in 0.67s; 73.13 connections/user sec, bytes read 0
49 connections in 11 real seconds, 0 bytes read per connection
Execution 21
s_time: verify depth is 1
33 connections in 0.43s; 76.74 connections/user sec, bytes read 0
33 connections in 11 real seconds, 0 bytes read per connection
Execution 22
s_time: verify depth is 1
49 connections in 0.69s; 71.01 connections/user sec, bytes read 0
49 connections in 11 real seconds, 0 bytes read per connection
Execution 23
s_time: verify depth is 1
50 connections in 0.67s; 74.63 connections/user sec, bytes read 0
50 connections in 11 real seconds, 0 bytes read per connection
Execution 24
s_time: verify depth is 1
33 connections in 0.45s; 73.33 connections/user sec, bytes read 0
33 connections in 11 real seconds, 0 bytes read per connection
Execution 25
s_time: verify depth is 1
49 connections in 0.68s; 72.06 connections/user sec, bytes read 0
49 connections in 11 real seconds, 0 bytes read per connection
Execution 26
s_time: verify depth is 1
50 connections in 0.68s; 73.53 connections/user sec, bytes read 0
50 connections in 11 real seconds, 0 bytes read per connection
Execution 27
s_time: verify depth is 1
38 connections in 0.50s; 76.00 connections/user sec, bytes read 0
38 connections in 12 real seconds, 0 bytes read per connection
Execution 28
s_time: verify depth is 1
49 connections in 0.67s; 73.13 connections/user sec, bytes read 0
49 connections in 11 real seconds, 0 bytes read per connection
Execution 29
s_time: verify depth is 1
49 connections in 0.64s; 76.56 connections/user sec, bytes read 0
49 connections in 11 real seconds, 0 bytes read per connection
Execution 30
s_time: verify depth is 1
47 connections in 0.62s; 75.81 connections/user sec, bytes read 0
47 connections in 14 real seconds, 0 bytes read per connection
Execution 31
s_time: verify depth is 1
49 connections in 0.69s; 71.01 connections/user sec, bytes read 0
49 connections in 11 real seconds, 0 bytes read per connection
Execution 32
s_time: verify depth is 1
49 connections in 0.64s; 76.56 connections/user sec, bytes read 0
49 connections in 11 real seconds, 0 bytes read per connection
Execution 33
s_time: verify depth is 1
46 connections in 0.64s; 71.88 connections/user sec, bytes read 0
46 connections in 13 real seconds, 0 bytes read per connection
Execution 34
s_time: verify depth is 1
46 connections in 0.60s; 76.67 connections/user sec, bytes read 0
46 connections in 11 real seconds, 0 bytes read per connection
Execution 35
s_time: verify depth is 1
49 connections in 0.64s; 76.56 connections/user sec, bytes read 0
49 connections in 11 real seconds, 0 bytes read per connection
Execution 36
s_time: verify depth is 1
50 connections in 0.67s; 74.63 connections/user sec, bytes read 0
50 connections in 14 real seconds, 0 bytes read per connection
Execution 37
s_time: verify depth is 1
46 connections in 0.66s; 69.70 connections/user sec, bytes read 0
46 connections in 11 real seconds, 0 bytes read per connection
Execution 38
s_time: verify depth is 1
49 connections in 0.66s; 74.24 connections/user sec, bytes read 0
49 connections in 11 real seconds, 0 bytes read per connection
Execution 39
s_time: verify depth is 1
49 connections in 0.67s; 73.13 connections/user sec, bytes read 0
49 connections in 14 real seconds, 0 bytes read per connection
Execution 40
s_time: verify depth is 1
47 connections in 0.63s; 74.60 connections/user sec, bytes read 0
47 connections in 11 real seconds, 0 bytes read per connection
Execution 41
s_time: verify depth is 1
50 connections in 0.66s; 75.76 connections/user sec, bytes read 0
50 connections in 11 real seconds, 0 bytes read per connection
Execution 42
s_time: verify depth is 1
48 connections in 0.65s; 73.85 connections/user sec, bytes read 0
48 connections in 14 real seconds, 0 bytes read per connection
Execution 43
s_time: verify depth is 1
48 connections in 0.62s; 77.42 connections/user sec, bytes read 0
48 connections in 11 real seconds, 0 bytes read per connection
Execution 44
s_time: verify depth is 1
49 connections in 0.65s; 75.38 connections/user sec, bytes read 0
49 connections in 11 real seconds, 0 bytes read per connection
Execution 45
s_time: verify depth is 1
48 connections in 0.62s; 77.42 connections/user sec, bytes read 0
48 connections in 14 real seconds, 0 bytes read per connection
Execution 46
s_time: verify depth is 1
48 connections in 0.64s; 75.00 connections/user sec, bytes read 0
48 connections in 11 real seconds, 0 bytes read per connection
Execution 47
s_time: verify depth is 1
50 connections in 0.66s; 75.76 connections/user sec, bytes read 0
50 connections in 11 real seconds, 0 bytes read per connection
Execution 48
s_time: verify depth is 1
46 connections in 0.62s; 74.19 connections/user sec, bytes read 0
46 connections in 14 real seconds, 0 bytes read per connection
Execution 49
s_time: verify depth is 1
50 connections in 0.70s; 71.43 connections/user sec, bytes read 0
50 connections in 11 real seconds, 0 bytes read per connection
Execution 50
s_time: verify depth is 1
49 connections in 0.70s; 70.00 connections/user sec, bytes read 0
49 connections in 11 real seconds, 0 bytes read per connection
tc
Mostrando el estado de qdisc para la interfaz: lo
qdisc netem 8293: root refcnt 2 limit 1000 delay 50.0ms
 Sent 0 bytes 0 pkt (dropped 0, overlimits 0 requeues 0) 
 backlog 0b 0p requeues 0
Certificate request self-signature ok
subject=CN=localhost
Running /opt/oqssa/bin/perftestServerECDSA.sh with SIG_ALG=secp521r1 and KEM_ALG=p521_mlkem1024

Using default temp DH parameters
ACCEPT
Execution 1
s_time: verify depth is 1
34 connections in 0.58s; 58.62 connections/user sec, bytes read 0
34 connections in 11 real seconds, 0 bytes read per connection
Execution 2
s_time: verify depth is 1
45 connections in 0.70s; 64.29 connections/user sec, bytes read 0
45 connections in 11 real seconds, 0 bytes read per connection
Execution 3
s_time: verify depth is 1
48 connections in 0.72s; 66.67 connections/user sec, bytes read 0
48 connections in 11 real seconds, 0 bytes read per connection
Execution 4
s_time: verify depth is 1
48 connections in 0.77s; 62.34 connections/user sec, bytes read 0
48 connections in 14 real seconds, 0 bytes read per connection
Execution 5
s_time: verify depth is 1
46 connections in 0.70s; 65.71 connections/user sec, bytes read 0
46 connections in 11 real seconds, 0 bytes read per connection
Execution 6
s_time: verify depth is 1
48 connections in 0.73s; 65.75 connections/user sec, bytes read 0
48 connections in 11 real seconds, 0 bytes read per connection
Execution 7
s_time: verify depth is 1
47 connections in 0.76s; 61.84 connections/user sec, bytes read 0
47 connections in 14 real seconds, 0 bytes read per connection
Execution 8
s_time: verify depth is 1
46 connections in 0.72s; 63.89 connections/user sec, bytes read 0
46 connections in 11 real seconds, 0 bytes read per connection
Execution 9
s_time: verify depth is 1
48 connections in 0.71s; 67.61 connections/user sec, bytes read 0
48 connections in 11 real seconds, 0 bytes read per connection
Execution 10
s_time: verify depth is 1
47 connections in 0.75s; 62.67 connections/user sec, bytes read 0
47 connections in 14 real seconds, 0 bytes read per connection
Execution 11
s_time: verify depth is 1
47 connections in 0.70s; 67.14 connections/user sec, bytes read 0
47 connections in 11 real seconds, 0 bytes read per connection
Execution 12
s_time: verify depth is 1
48 connections in 0.72s; 66.67 connections/user sec, bytes read 0
48 connections in 11 real seconds, 0 bytes read per connection
Execution 13
s_time: verify depth is 1
46 connections in 0.69s; 66.67 connections/user sec, bytes read 0
46 connections in 14 real seconds, 0 bytes read per connection
Execution 14
s_time: verify depth is 1
48 connections in 0.71s; 67.61 connections/user sec, bytes read 0
48 connections in 11 real seconds, 0 bytes read per connection
Execution 15
s_time: verify depth is 1
48 connections in 0.72s; 66.67 connections/user sec, bytes read 0
48 connections in 11 real seconds, 0 bytes read per connection
Execution 16
s_time: verify depth is 1
45 connections in 0.68s; 66.18 connections/user sec, bytes read 0
45 connections in 14 real seconds, 0 bytes read per connection
Execution 17
s_time: verify depth is 1
48 connections in 0.71s; 67.61 connections/user sec, bytes read 0
48 connections in 11 real seconds, 0 bytes read per connection
Execution 18
s_time: verify depth is 1
48 connections in 0.72s; 66.67 connections/user sec, bytes read 0
48 connections in 11 real seconds, 0 bytes read per connection
Execution 19
s_time: verify depth is 1
45 connections in 0.68s; 66.18 connections/user sec, bytes read 0
45 connections in 13 real seconds, 0 bytes read per connection
Execution 20
s_time: verify depth is 1
45 connections in 0.68s; 66.18 connections/user sec, bytes read 0
45 connections in 11 real seconds, 0 bytes read per connection
Execution 21
s_time: verify depth is 1
48 connections in 0.72s; 66.67 connections/user sec, bytes read 0
48 connections in 11 real seconds, 0 bytes read per connection
Execution 22
s_time: verify depth is 1
48 connections in 0.74s; 64.86 connections/user sec, bytes read 0
48 connections in 14 real seconds, 0 bytes read per connection
Execution 23
s_time: verify depth is 1
45 connections in 0.68s; 66.18 connections/user sec, bytes read 0
45 connections in 11 real seconds, 0 bytes read per connection
Execution 24
s_time: verify depth is 1
49 connections in 0.73s; 67.12 connections/user sec, bytes read 0
49 connections in 11 real seconds, 0 bytes read per connection
Execution 25
s_time: verify depth is 1
47 connections in 0.70s; 67.14 connections/user sec, bytes read 0
47 connections in 14 real seconds, 0 bytes read per connection
Execution 26
s_time: verify depth is 1
46 connections in 0.68s; 67.65 connections/user sec, bytes read 0
46 connections in 11 real seconds, 0 bytes read per connection
Execution 27
s_time: verify depth is 1
48 connections in 0.70s; 68.57 connections/user sec, bytes read 0
48 connections in 11 real seconds, 0 bytes read per connection
Execution 28
s_time: verify depth is 1
47 connections in 0.72s; 65.28 connections/user sec, bytes read 0
47 connections in 14 real seconds, 0 bytes read per connection
Execution 29
s_time: verify depth is 1
47 connections in 0.74s; 63.51 connections/user sec, bytes read 0
47 connections in 11 real seconds, 0 bytes read per connection
Execution 30
s_time: verify depth is 1
48 connections in 0.71s; 67.61 connections/user sec, bytes read 0
48 connections in 11 real seconds, 0 bytes read per connection
Execution 31
s_time: verify depth is 1
46 connections in 0.74s; 62.16 connections/user sec, bytes read 0
46 connections in 14 real seconds, 0 bytes read per connection
Execution 32
s_time: verify depth is 1
47 connections in 0.73s; 64.38 connections/user sec, bytes read 0
47 connections in 11 real seconds, 0 bytes read per connection
Execution 33
s_time: verify depth is 1
48 connections in 0.72s; 66.67 connections/user sec, bytes read 0
48 connections in 11 real seconds, 0 bytes read per connection
Execution 34
s_time: verify depth is 1
45 connections in 0.66s; 68.18 connections/user sec, bytes read 0
45 connections in 14 real seconds, 0 bytes read per connection
Execution 35
s_time: verify depth is 1
48 connections in 0.75s; 64.00 connections/user sec, bytes read 0
48 connections in 11 real seconds, 0 bytes read per connection
Execution 36
s_time: verify depth is 1
48 connections in 0.72s; 66.67 connections/user sec, bytes read 0
48 connections in 11 real seconds, 0 bytes read per connection
Execution 37
s_time: verify depth is 1
45 connections in 0.67s; 67.16 connections/user sec, bytes read 0
45 connections in 13 real seconds, 0 bytes read per connection
Execution 38
s_time: verify depth is 1
44 connections in 0.67s; 65.67 connections/user sec, bytes read 0
44 connections in 11 real seconds, 0 bytes read per connection
Execution 39
s_time: verify depth is 1
48 connections in 0.72s; 66.67 connections/user sec, bytes read 0
48 connections in 11 real seconds, 0 bytes read per connection
Execution 40
s_time: verify depth is 1
48 connections in 0.73s; 65.75 connections/user sec, bytes read 0
48 connections in 11 real seconds, 0 bytes read per connection
Execution 41
s_time: verify depth is 1
33 connections in 0.49s; 67.35 connections/user sec, bytes read 0
33 connections in 11 real seconds, 0 bytes read per connection
Execution 42
s_time: verify depth is 1
47 connections in 0.75s; 62.67 connections/user sec, bytes read 0
47 connections in 11 real seconds, 0 bytes read per connection
Execution 43
s_time: verify depth is 1
48 connections in 0.76s; 63.16 connections/user sec, bytes read 0
48 connections in 11 real seconds, 0 bytes read per connection
Execution 44
s_time: verify depth is 1
33 connections in 0.50s; 66.00 connections/user sec, bytes read 0
33 connections in 11 real seconds, 0 bytes read per connection
Execution 45
s_time: verify depth is 1
48 connections in 0.76s; 63.16 connections/user sec, bytes read 0
48 connections in 11 real seconds, 0 bytes read per connection
Execution 46
s_time: verify depth is 1
47 connections in 0.73s; 64.38 connections/user sec, bytes read 0
47 connections in 11 real seconds, 0 bytes read per connection
Execution 47
s_time: verify depth is 1
33 connections in 0.48s; 68.75 connections/user sec, bytes read 0
33 connections in 11 real seconds, 0 bytes read per connection
Execution 48
s_time: verify depth is 1
48 connections in 0.72s; 66.67 connections/user sec, bytes read 0
48 connections in 11 real seconds, 0 bytes read per connection
Execution 49
s_time: verify depth is 1
48 connections in 0.71s; 67.61 connections/user sec, bytes read 0
48 connections in 11 real seconds, 0 bytes read per connection
Execution 50
s_time: verify depth is 1
37 connections in 0.61s; 60.66 connections/user sec, bytes read 0
37 connections in 12 real seconds, 0 bytes read per connection
tc
Mostrando el estado de qdisc para la interfaz: lo
qdisc netem 8294: root refcnt 2 limit 1000 delay 50.0ms
 Sent 0 bytes 0 pkt (dropped 0, overlimits 0 requeues 0) 
 backlog 0b 0p requeues 0
Certificate request self-signature ok
subject=CN=localhost
Running /opt/oqssa/bin/perftestServerECDSA.sh with SIG_ALG=secp521r1 and KEM_ALG=mlkem1024

Using default temp DH parameters
ACCEPT
Execution 1
s_time: verify depth is 1
49 connections in 0.34s; 144.12 connections/user sec, bytes read 0
49 connections in 11 real seconds, 0 bytes read per connection
Execution 2
s_time: verify depth is 1
53 connections in 0.31s; 170.97 connections/user sec, bytes read 0
53 connections in 11 real seconds, 0 bytes read per connection
Execution 3
s_time: verify depth is 1
40 connections in 0.24s; 166.67 connections/user sec, bytes read 0
40 connections in 12 real seconds, 0 bytes read per connection
Execution 4
s_time: verify depth is 1
52 connections in 0.34s; 152.94 connections/user sec, bytes read 0
52 connections in 11 real seconds, 0 bytes read per connection
Execution 5
s_time: verify depth is 1
53 connections in 0.31s; 170.97 connections/user sec, bytes read 0
53 connections in 11 real seconds, 0 bytes read per connection
Execution 6
s_time: verify depth is 1
49 connections in 0.29s; 168.97 connections/user sec, bytes read 0
49 connections in 13 real seconds, 0 bytes read per connection
Execution 7
s_time: verify depth is 1
53 connections in 0.32s; 165.62 connections/user sec, bytes read 0
53 connections in 11 real seconds, 0 bytes read per connection
Execution 8
s_time: verify depth is 1
53 connections in 0.31s; 170.97 connections/user sec, bytes read 0
53 connections in 11 real seconds, 0 bytes read per connection
Execution 9
s_time: verify depth is 1
48 connections in 0.28s; 171.43 connections/user sec, bytes read 0
48 connections in 13 real seconds, 0 bytes read per connection
Execution 10
s_time: verify depth is 1
49 connections in 0.29s; 168.97 connections/user sec, bytes read 0
49 connections in 11 real seconds, 0 bytes read per connection
Execution 11
s_time: verify depth is 1
53 connections in 0.31s; 170.97 connections/user sec, bytes read 0
53 connections in 11 real seconds, 0 bytes read per connection
Execution 12
s_time: verify depth is 1
52 connections in 0.31s; 167.74 connections/user sec, bytes read 0
52 connections in 14 real seconds, 0 bytes read per connection
Execution 13
s_time: verify depth is 1
50 connections in 0.32s; 156.25 connections/user sec, bytes read 0
50 connections in 11 real seconds, 0 bytes read per connection
Execution 14
s_time: verify depth is 1
52 connections in 0.31s; 167.74 connections/user sec, bytes read 0
52 connections in 11 real seconds, 0 bytes read per connection
Execution 15
s_time: verify depth is 1
52 connections in 0.31s; 167.74 connections/user sec, bytes read 0
52 connections in 14 real seconds, 0 bytes read per connection
Execution 16
s_time: verify depth is 1
50 connections in 0.29s; 172.41 connections/user sec, bytes read 0
50 connections in 11 real seconds, 0 bytes read per connection
Execution 17
s_time: verify depth is 1
53 connections in 0.31s; 170.97 connections/user sec, bytes read 0
53 connections in 11 real seconds, 0 bytes read per connection
Execution 18
s_time: verify depth is 1
51 connections in 0.31s; 164.52 connections/user sec, bytes read 0
51 connections in 14 real seconds, 0 bytes read per connection
Execution 19
s_time: verify depth is 1
51 connections in 0.33s; 154.55 connections/user sec, bytes read 0
51 connections in 11 real seconds, 0 bytes read per connection
Execution 20
s_time: verify depth is 1
53 connections in 0.32s; 165.62 connections/user sec, bytes read 0
53 connections in 11 real seconds, 0 bytes read per connection
Execution 21
s_time: verify depth is 1
49 connections in 0.29s; 168.97 connections/user sec, bytes read 0
49 connections in 14 real seconds, 0 bytes read per connection
Execution 22
s_time: verify depth is 1
53 connections in 0.31s; 170.97 connections/user sec, bytes read 0
53 connections in 11 real seconds, 0 bytes read per connection
Execution 23
s_time: verify depth is 1
52 connections in 0.34s; 152.94 connections/user sec, bytes read 0
52 connections in 11 real seconds, 0 bytes read per connection
Execution 24
s_time: verify depth is 1
49 connections in 0.32s; 153.12 connections/user sec, bytes read 0
49 connections in 13 real seconds, 0 bytes read per connection
Execution 25
s_time: verify depth is 1
48 connections in 0.28s; 171.43 connections/user sec, bytes read 0
48 connections in 11 real seconds, 0 bytes read per connection
Execution 26
s_time: verify depth is 1
53 connections in 0.33s; 160.61 connections/user sec, bytes read 0
53 connections in 11 real seconds, 0 bytes read per connection
Execution 27
s_time: verify depth is 1
52 connections in 0.30s; 173.33 connections/user sec, bytes read 0
52 connections in 11 real seconds, 0 bytes read per connection
Execution 28
s_time: verify depth is 1
36 connections in 0.22s; 163.64 connections/user sec, bytes read 0
36 connections in 11 real seconds, 0 bytes read per connection
Execution 29
s_time: verify depth is 1
52 connections in 0.31s; 167.74 connections/user sec, bytes read 0
52 connections in 11 real seconds, 0 bytes read per connection
Execution 30
s_time: verify depth is 1
53 connections in 0.31s; 170.97 connections/user sec, bytes read 0
53 connections in 11 real seconds, 0 bytes read per connection
Execution 31
s_time: verify depth is 1
35 connections in 0.23s; 152.17 connections/user sec, bytes read 0
35 connections in 11 real seconds, 0 bytes read per connection
Execution 32
s_time: verify depth is 1
53 connections in 0.31s; 170.97 connections/user sec, bytes read 0
53 connections in 11 real seconds, 0 bytes read per connection
Execution 33
s_time: verify depth is 1
52 connections in 0.32s; 162.50 connections/user sec, bytes read 0
52 connections in 11 real seconds, 0 bytes read per connection
Execution 34
s_time: verify depth is 1
35 connections in 0.20s; 175.00 connections/user sec, bytes read 0
35 connections in 11 real seconds, 0 bytes read per connection
Execution 35
s_time: verify depth is 1
53 connections in 0.32s; 165.62 connections/user sec, bytes read 0
53 connections in 11 real seconds, 0 bytes read per connection
Execution 36
s_time: verify depth is 1
52 connections in 0.33s; 157.58 connections/user sec, bytes read 0
52 connections in 11 real seconds, 0 bytes read per connection
Execution 37
s_time: verify depth is 1
41 connections in 0.25s; 164.00 connections/user sec, bytes read 0
41 connections in 12 real seconds, 0 bytes read per connection
Execution 38
s_time: verify depth is 1
52 connections in 0.34s; 152.94 connections/user sec, bytes read 0
52 connections in 11 real seconds, 0 bytes read per connection
Execution 39
s_time: verify depth is 1
52 connections in 0.32s; 162.50 connections/user sec, bytes read 0
52 connections in 11 real seconds, 0 bytes read per connection
Execution 40
s_time: verify depth is 1
50 connections in 0.31s; 161.29 connections/user sec, bytes read 0
50 connections in 14 real seconds, 0 bytes read per connection
Execution 41
s_time: verify depth is 1
52 connections in 0.31s; 167.74 connections/user sec, bytes read 0
52 connections in 11 real seconds, 0 bytes read per connection
Execution 42
s_time: verify depth is 1
53 connections in 0.32s; 165.62 connections/user sec, bytes read 0
53 connections in 11 real seconds, 0 bytes read per connection
Execution 43
s_time: verify depth is 1
49 connections in 0.32s; 153.12 connections/user sec, bytes read 0
49 connections in 14 real seconds, 0 bytes read per connection
Execution 44
s_time: verify depth is 1
53 connections in 0.31s; 170.97 connections/user sec, bytes read 0
53 connections in 11 real seconds, 0 bytes read per connection
Execution 45
s_time: verify depth is 1
52 connections in 0.34s; 152.94 connections/user sec, bytes read 0
52 connections in 11 real seconds, 0 bytes read per connection
Execution 46
s_time: verify depth is 1
48 connections in 0.31s; 154.84 connections/user sec, bytes read 0
48 connections in 13 real seconds, 0 bytes read per connection
Execution 47
s_time: verify depth is 1
49 connections in 0.32s; 153.12 connections/user sec, bytes read 0
49 connections in 11 real seconds, 0 bytes read per connection
Execution 48
s_time: verify depth is 1
53 connections in 0.34s; 155.88 connections/user sec, bytes read 0
53 connections in 11 real seconds, 0 bytes read per connection
Execution 49
s_time: verify depth is 1
52 connections in 0.34s; 152.94 connections/user sec, bytes read 0
52 connections in 14 real seconds, 0 bytes read per connection
Execution 50
s_time: verify depth is 1
50 connections in 0.30s; 166.67 connections/user sec, bytes read 0
50 connections in 11 real seconds, 0 bytes read per connection
