secp521r1
tc
Mostrando el estado de qdisc para la interfaz: lo
qdisc netem 8018: root refcnt 2 limit 1000 loss 0.1%
 Sent 0 bytes 0 pkt (dropped 0, overlimits 0 requeues 0) 
 backlog 0b 0p requeues 0
Certificate request self-signature ok
subject=CN=localhost
Running /opt/oqssa/bin/perftestServerECDSA.sh with SIG_ALG=secp521r1 and KEM_ALG=P-521

Using default temp DH parameters
ACCEPT
Execution 1
s_time: verify depth is 1
389 connections in 5.55s; 70.09 connections/user sec, bytes read 0
389 connections in 11 real seconds, 0 bytes read per connection
Execution 2
s_time: verify depth is 1
386 connections in 5.59s; 69.05 connections/user sec, bytes read 0
386 connections in 13 real seconds, 0 bytes read per connection
Execution 3
s_time: verify depth is 1
452 connections in 6.43s; 70.30 connections/user sec, bytes read 0
452 connections in 11 real seconds, 0 bytes read per connection
Execution 4
s_time: verify depth is 1
395 connections in 5.74s; 68.82 connections/user sec, bytes read 0
395 connections in 11 real seconds, 0 bytes read per connection
Execution 5
s_time: verify depth is 1
366 connections in 5.41s; 67.65 connections/user sec, bytes read 0
366 connections in 13 real seconds, 0 bytes read per connection
Execution 6
s_time: verify depth is 1
429 connections in 5.83s; 73.58 connections/user sec, bytes read 0
429 connections in 11 real seconds, 0 bytes read per connection
Execution 7
s_time: verify depth is 1
361 connections in 5.23s; 69.02 connections/user sec, bytes read 0
361 connections in 11 real seconds, 0 bytes read per connection
Execution 8
s_time: verify depth is 1
358 connections in 5.16s; 69.38 connections/user sec, bytes read 0
358 connections in 13 real seconds, 0 bytes read per connection
Execution 9
s_time: verify depth is 1
321 connections in 4.64s; 69.18 connections/user sec, bytes read 0
321 connections in 11 real seconds, 0 bytes read per connection
Execution 10
s_time: verify depth is 1
470 connections in 6.36s; 73.90 connections/user sec, bytes read 0
470 connections in 11 real seconds, 0 bytes read per connection
Execution 11
s_time: verify depth is 1
374 connections in 5.15s; 72.62 connections/user sec, bytes read 0
374 connections in 11 real seconds, 0 bytes read per connection
Execution 12
s_time: verify depth is 1
311 connections in 4.35s; 71.49 connections/user sec, bytes read 0
311 connections in 11 real seconds, 0 bytes read per connection
Execution 13
s_time: verify depth is 1
434 connections in 6.30s; 68.89 connections/user sec, bytes read 0
434 connections in 11 real seconds, 0 bytes read per connection
Execution 14
s_time: verify depth is 1
451 connections in 6.36s; 70.91 connections/user sec, bytes read 0
451 connections in 11 real seconds, 0 bytes read per connection
Execution 15
s_time: verify depth is 1
265 connections in 3.66s; 72.40 connections/user sec, bytes read 0
265 connections in 11 real seconds, 0 bytes read per connection
Execution 16
s_time: verify depth is 1
439 connections in 6.14s; 71.50 connections/user sec, bytes read 0
439 connections in 11 real seconds, 0 bytes read per connection
Execution 17
s_time: verify depth is 1
422 connections in 6.11s; 69.07 connections/user sec, bytes read 0
422 connections in 11 real seconds, 0 bytes read per connection
Execution 18
s_time: verify depth is 1
310 connections in 4.40s; 70.45 connections/user sec, bytes read 0
310 connections in 11 real seconds, 0 bytes read per connection
Execution 19
s_time: verify depth is 1
462 connections in 6.55s; 70.53 connections/user sec, bytes read 0
462 connections in 11 real seconds, 0 bytes read per connection
Execution 20
s_time: verify depth is 1
411 connections in 5.72s; 71.85 connections/user sec, bytes read 0
411 connections in 11 real seconds, 0 bytes read per connection
Execution 21
s_time: verify depth is 1
313 connections in 4.38s; 71.46 connections/user sec, bytes read 0
313 connections in 12 real seconds, 0 bytes read per connection
Execution 22
s_time: verify depth is 1
439 connections in 6.02s; 72.92 connections/user sec, bytes read 0
439 connections in 11 real seconds, 0 bytes read per connection
Execution 23
s_time: verify depth is 1
426 connections in 6.11s; 69.72 connections/user sec, bytes read 0
426 connections in 11 real seconds, 0 bytes read per connection
Execution 24
s_time: verify depth is 1
398 connections in 5.89s; 67.57 connections/user sec, bytes read 0
398 connections in 13 real seconds, 0 bytes read per connection
Execution 25
s_time: verify depth is 1
317 connections in 4.59s; 69.06 connections/user sec, bytes read 0
317 connections in 11 real seconds, 0 bytes read per connection
Execution 26
s_time: verify depth is 1
386 connections in 5.71s; 67.60 connections/user sec, bytes read 0
386 connections in 11 real seconds, 0 bytes read per connection
Execution 27
s_time: verify depth is 1
381 connections in 5.41s; 70.43 connections/user sec, bytes read 0
381 connections in 13 real seconds, 0 bytes read per connection
Execution 28
s_time: verify depth is 1
337 connections in 4.55s; 74.07 connections/user sec, bytes read 0
337 connections in 11 real seconds, 0 bytes read per connection
Execution 29
s_time: verify depth is 1
474 connections in 6.53s; 72.59 connections/user sec, bytes read 0
474 connections in 11 real seconds, 0 bytes read per connection
Execution 30
s_time: verify depth is 1
398 connections in 5.77s; 68.98 connections/user sec, bytes read 0
398 connections in 11 real seconds, 0 bytes read per connection
Execution 31
s_time: verify depth is 1
281 connections in 3.74s; 75.13 connections/user sec, bytes read 0
281 connections in 11 real seconds, 0 bytes read per connection
Execution 32
s_time: verify depth is 1
449 connections in 6.24s; 71.96 connections/user sec, bytes read 0
449 connections in 11 real seconds, 0 bytes read per connection
Execution 33
s_time: verify depth is 1
429 connections in 6.51s; 65.90 connections/user sec, bytes read 0
429 connections in 11 real seconds, 0 bytes read per connection
Execution 34
s_time: verify depth is 1
304 connections in 4.41s; 68.93 connections/user sec, bytes read 0
304 connections in 11 real seconds, 0 bytes read per connection
Execution 35
s_time: verify depth is 1
420 connections in 5.91s; 71.07 connections/user sec, bytes read 0
420 connections in 11 real seconds, 0 bytes read per connection
Execution 36
s_time: verify depth is 1
439 connections in 6.38s; 68.81 connections/user sec, bytes read 0
439 connections in 11 real seconds, 0 bytes read per connection
Execution 37
s_time: verify depth is 1
301 connections in 4.42s; 68.10 connections/user sec, bytes read 0
301 connections in 11 real seconds, 0 bytes read per connection
Execution 38
s_time: verify depth is 1
444 connections in 6.18s; 71.84 connections/user sec, bytes read 0
444 connections in 11 real seconds, 0 bytes read per connection
Execution 39
s_time: verify depth is 1
373 connections in 5.41s; 68.95 connections/user sec, bytes read 0
373 connections in 11 real seconds, 0 bytes read per connection
Execution 40
s_time: verify depth is 1
245 connections in 3.43s; 71.43 connections/user sec, bytes read 0
245 connections in 12 real seconds, 0 bytes read per connection
Execution 41
s_time: verify depth is 1
410 connections in 5.70s; 71.93 connections/user sec, bytes read 0
410 connections in 11 real seconds, 0 bytes read per connection
Execution 42
s_time: verify depth is 1
426 connections in 6.24s; 68.27 connections/user sec, bytes read 0
426 connections in 11 real seconds, 0 bytes read per connection
Execution 43
s_time: verify depth is 1
426 connections in 5.96s; 71.48 connections/user sec, bytes read 0
426 connections in 13 real seconds, 0 bytes read per connection
Execution 44
s_time: verify depth is 1
360 connections in 5.11s; 70.45 connections/user sec, bytes read 0
360 connections in 11 real seconds, 0 bytes read per connection
Execution 45
s_time: verify depth is 1
436 connections in 6.45s; 67.60 connections/user sec, bytes read 0
436 connections in 11 real seconds, 0 bytes read per connection
Execution 46
s_time: verify depth is 1
426 connections in 5.94s; 71.72 connections/user sec, bytes read 0
426 connections in 13 real seconds, 0 bytes read per connection
Execution 47
s_time: verify depth is 1
422 connections in 5.96s; 70.81 connections/user sec, bytes read 0
422 connections in 11 real seconds, 0 bytes read per connection
Execution 48
s_time: verify depth is 1
441 connections in 6.43s; 68.58 connections/user sec, bytes read 0
441 connections in 11 real seconds, 0 bytes read per connection
Execution 49
s_time: verify depth is 1
438 connections in 6.53s; 67.08 connections/user sec, bytes read 0
438 connections in 11 real seconds, 0 bytes read per connection
Execution 50
s_time: verify depth is 1
269 connections in 3.80s; 70.79 connections/user sec, bytes read 0
269 connections in 11 real seconds, 0 bytes read per connection
tc
Mostrando el estado de qdisc para la interfaz: lo
qdisc netem 8044: root refcnt 2 limit 1000 loss 0.1%
 Sent 0 bytes 0 pkt (dropped 0, overlimits 0 requeues 0) 
 backlog 0b 0p requeues 0
Certificate request self-signature ok
subject=CN=localhost
Running /opt/oqssa/bin/perftestServerECDSA.sh with SIG_ALG=secp521r1 and KEM_ALG=mlkem1024

Using default temp DH parameters
ACCEPT
Execution 1
s_time: verify depth is 1
771 connections in 4.53s; 170.20 connections/user sec, bytes read 0
771 connections in 11 real seconds, 0 bytes read per connection
Execution 2
s_time: verify depth is 1
471 connections in 2.79s; 168.82 connections/user sec, bytes read 0
471 connections in 12 real seconds, 0 bytes read per connection
Execution 3
s_time: verify depth is 1
834 connections in 4.94s; 168.83 connections/user sec, bytes read 0
834 connections in 11 real seconds, 0 bytes read per connection
Execution 4
s_time: verify depth is 1
874 connections in 5.18s; 168.73 connections/user sec, bytes read 0
874 connections in 11 real seconds, 0 bytes read per connection
Execution 5
s_time: verify depth is 1
805 connections in 4.93s; 163.29 connections/user sec, bytes read 0
805 connections in 11 real seconds, 0 bytes read per connection
Execution 6
s_time: verify depth is 1
731 connections in 4.52s; 161.73 connections/user sec, bytes read 0
731 connections in 11 real seconds, 0 bytes read per connection
Execution 7
s_time: verify depth is 1
884 connections in 5.69s; 155.36 connections/user sec, bytes read 0
884 connections in 11 real seconds, 0 bytes read per connection
Execution 8
s_time: verify depth is 1
1054 connections in 6.14s; 171.66 connections/user sec, bytes read 0
1054 connections in 11 real seconds, 0 bytes read per connection
Execution 9
s_time: verify depth is 1
758 connections in 4.54s; 166.96 connections/user sec, bytes read 0
758 connections in 11 real seconds, 0 bytes read per connection
Execution 10
s_time: verify depth is 1
1005 connections in 6.15s; 163.41 connections/user sec, bytes read 0
1005 connections in 11 real seconds, 0 bytes read per connection
Execution 11
s_time: verify depth is 1
905 connections in 5.69s; 159.05 connections/user sec, bytes read 0
905 connections in 11 real seconds, 0 bytes read per connection
Execution 12
s_time: verify depth is 1
813 connections in 4.80s; 169.38 connections/user sec, bytes read 0
813 connections in 11 real seconds, 0 bytes read per connection
Execution 13
s_time: verify depth is 1
949 connections in 6.21s; 152.82 connections/user sec, bytes read 0
949 connections in 11 real seconds, 0 bytes read per connection
Execution 14
s_time: verify depth is 1
905 connections in 5.48s; 165.15 connections/user sec, bytes read 0
905 connections in 11 real seconds, 0 bytes read per connection
Execution 15
s_time: verify depth is 1
522 connections in 3.26s; 160.12 connections/user sec, bytes read 0
522 connections in 12 real seconds, 0 bytes read per connection
Execution 16
s_time: verify depth is 1
743 connections in 4.80s; 154.79 connections/user sec, bytes read 0
743 connections in 11 real seconds, 0 bytes read per connection
Execution 17
s_time: verify depth is 1
986 connections in 6.15s; 160.33 connections/user sec, bytes read 0
986 connections in 11 real seconds, 0 bytes read per connection
Execution 18
s_time: verify depth is 1
918 connections in 5.88s; 156.12 connections/user sec, bytes read 0
918 connections in 14 real seconds, 0 bytes read per connection
Execution 19
s_time: verify depth is 1
930 connections in 5.57s; 166.97 connections/user sec, bytes read 0
930 connections in 11 real seconds, 0 bytes read per connection
Execution 20
s_time: verify depth is 1
729 connections in 4.66s; 156.44 connections/user sec, bytes read 0
729 connections in 11 real seconds, 0 bytes read per connection
Execution 21
s_time: verify depth is 1
630 connections in 3.69s; 170.73 connections/user sec, bytes read 0
630 connections in 14 real seconds, 0 bytes read per connection
Execution 22
s_time: verify depth is 1
865 connections in 5.36s; 161.38 connections/user sec, bytes read 0
865 connections in 11 real seconds, 0 bytes read per connection
Execution 23
s_time: verify depth is 1
915 connections in 5.73s; 159.69 connections/user sec, bytes read 0
915 connections in 11 real seconds, 0 bytes read per connection
Execution 24
s_time: verify depth is 1
859 connections in 5.10s; 168.43 connections/user sec, bytes read 0
859 connections in 13 real seconds, 0 bytes read per connection
Execution 25
s_time: verify depth is 1
865 connections in 5.50s; 157.27 connections/user sec, bytes read 0
865 connections in 11 real seconds, 0 bytes read per connection
Execution 26
s_time: verify depth is 1
927 connections in 5.75s; 161.22 connections/user sec, bytes read 0
927 connections in 11 real seconds, 0 bytes read per connection
Execution 27
s_time: verify depth is 1
1006 connections in 6.51s; 154.53 connections/user sec, bytes read 0
1006 connections in 11 real seconds, 0 bytes read per connection
Execution 28
s_time: verify depth is 1
519 connections in 3.28s; 158.23 connections/user sec, bytes read 0
519 connections in 11 real seconds, 0 bytes read per connection
Execution 29
s_time: verify depth is 1
883 connections in 5.68s; 155.46 connections/user sec, bytes read 0
883 connections in 11 real seconds, 0 bytes read per connection
Execution 30
s_time: verify depth is 1
628 connections in 4.02s; 156.22 connections/user sec, bytes read 0
628 connections in 11 real seconds, 0 bytes read per connection
Execution 31
s_time: verify depth is 1
801 connections in 4.79s; 167.22 connections/user sec, bytes read 0
801 connections in 11 real seconds, 0 bytes read per connection
Execution 32
s_time: verify depth is 1
1024 connections in 6.49s; 157.78 connections/user sec, bytes read 0
1024 connections in 11 real seconds, 0 bytes read per connection
Execution 33
s_time: verify depth is 1
854 connections in 5.32s; 160.53 connections/user sec, bytes read 0
854 connections in 11 real seconds, 0 bytes read per connection
Execution 34
s_time: verify depth is 1
602 connections in 3.78s; 159.26 connections/user sec, bytes read 0
602 connections in 11 real seconds, 0 bytes read per connection
Execution 35
s_time: verify depth is 1
835 connections in 5.45s; 153.21 connections/user sec, bytes read 0
835 connections in 11 real seconds, 0 bytes read per connection
Execution 36
s_time: verify depth is 1
1059 connections in 6.49s; 163.17 connections/user sec, bytes read 0
1059 connections in 11 real seconds, 0 bytes read per connection
Execution 37
s_time: verify depth is 1
660 connections in 4.03s; 163.77 connections/user sec, bytes read 0
660 connections in 12 real seconds, 0 bytes read per connection
Execution 38
s_time: verify depth is 1
861 connections in 5.52s; 155.98 connections/user sec, bytes read 0
861 connections in 11 real seconds, 0 bytes read per connection
Execution 39
s_time: verify depth is 1
1047 connections in 6.65s; 157.44 connections/user sec, bytes read 0
1047 connections in 11 real seconds, 0 bytes read per connection
Execution 40
s_time: verify depth is 1
914 connections in 5.60s; 163.21 connections/user sec, bytes read 0
914 connections in 13 real seconds, 0 bytes read per connection
Execution 41
s_time: verify depth is 1
980 connections in 6.09s; 160.92 connections/user sec, bytes read 0
980 connections in 11 real seconds, 0 bytes read per connection
Execution 42
s_time: verify depth is 1
882 connections in 5.66s; 155.83 connections/user sec, bytes read 0
882 connections in 11 real seconds, 0 bytes read per connection
Execution 43
s_time: verify depth is 1
1020 connections in 6.40s; 159.38 connections/user sec, bytes read 0
1020 connections in 11 real seconds, 0 bytes read per connection
Execution 44
s_time: verify depth is 1
560 connections in 3.57s; 156.86 connections/user sec, bytes read 0
560 connections in 11 real seconds, 0 bytes read per connection
Execution 45
s_time: verify depth is 1
800 connections in 5.23s; 152.96 connections/user sec, bytes read 0
800 connections in 11 real seconds, 0 bytes read per connection
Execution 46
s_time: verify depth is 1
871 connections in 5.34s; 163.11 connections/user sec, bytes read 0
871 connections in 11 real seconds, 0 bytes read per connection
Execution 47
s_time: verify depth is 1
521 connections in 3.39s; 153.69 connections/user sec, bytes read 0
521 connections in 11 real seconds, 0 bytes read per connection
Execution 48
s_time: verify depth is 1
984 connections in 5.97s; 164.82 connections/user sec, bytes read 0
984 connections in 11 real seconds, 0 bytes read per connection
Execution 49
s_time: verify depth is 1
669 connections in 4.18s; 160.05 connections/user sec, bytes read 0
669 connections in 11 real seconds, 0 bytes read per connection
Execution 50
s_time: verify depth is 1
420 connections in 2.63s; 159.70 connections/user sec, bytes read 0
420 connections in 11 real seconds, 0 bytes read per connection
tc
Mostrando el estado de qdisc para la interfaz: lo
qdisc netem 801a: root refcnt 2 limit 1000 loss 0.1%
 Sent 0 bytes 0 pkt (dropped 0, overlimits 0 requeues 0) 
 backlog 0b 0p requeues 0
-----
-----
Certificate request self-signature ok
subject=CN=localhost
Running /opt/oqssa/bin/perftestServer.sh with SIG_ALG=mldsa87 and KEM_ALG=P-521

Using default temp DH parameters
ACCEPT
Execution 1
s_time: verify depth is 1
376 connections in 3.65s; 103.01 connections/user sec, bytes read 0
376 connections in 11 real seconds, 0 bytes read per connection
Execution 2
s_time: verify depth is 1
581 connections in 5.35s; 108.60 connections/user sec, bytes read 0
581 connections in 11 real seconds, 0 bytes read per connection
Execution 3
s_time: verify depth is 1
537 connections in 4.99s; 107.62 connections/user sec, bytes read 0
537 connections in 11 real seconds, 0 bytes read per connection
Execution 4
s_time: verify depth is 1
298 connections in 2.70s; 110.37 connections/user sec, bytes read 0
298 connections in 11 real seconds, 0 bytes read per connection
Execution 5
s_time: verify depth is 1
473 connections in 4.53s; 104.42 connections/user sec, bytes read 0
473 connections in 11 real seconds, 0 bytes read per connection
Execution 6
s_time: verify depth is 1
534 connections in 5.29s; 100.95 connections/user sec, bytes read 0
534 connections in 11 real seconds, 0 bytes read per connection
Execution 7
s_time: verify depth is 1
576 connections in 5.62s; 102.49 connections/user sec, bytes read 0
576 connections in 14 real seconds, 0 bytes read per connection
Execution 8
s_time: verify depth is 1
579 connections in 5.73s; 101.05 connections/user sec, bytes read 0
579 connections in 11 real seconds, 0 bytes read per connection
Execution 9
s_time: verify depth is 1
596 connections in 6.23s; 95.67 connections/user sec, bytes read 0
596 connections in 11 real seconds, 0 bytes read per connection
Execution 10
s_time: verify depth is 1
523 connections in 5.35s; 97.76 connections/user sec, bytes read 0
523 connections in 14 real seconds, 0 bytes read per connection
Execution 11
s_time: verify depth is 1
586 connections in 5.75s; 101.91 connections/user sec, bytes read 0
586 connections in 11 real seconds, 0 bytes read per connection
Execution 12
s_time: verify depth is 1
663 connections in 6.16s; 107.63 connections/user sec, bytes read 0
663 connections in 11 real seconds, 0 bytes read per connection
Execution 13
s_time: verify depth is 1
443 connections in 4.10s; 108.05 connections/user sec, bytes read 0
443 connections in 14 real seconds, 0 bytes read per connection
Execution 14
s_time: verify depth is 1
511 connections in 4.94s; 103.44 connections/user sec, bytes read 0
511 connections in 11 real seconds, 0 bytes read per connection
Execution 15
s_time: verify depth is 1
616 connections in 5.63s; 109.41 connections/user sec, bytes read 0
616 connections in 11 real seconds, 0 bytes read per connection
Execution 16
s_time: verify depth is 1
541 connections in 5.22s; 103.64 connections/user sec, bytes read 0
541 connections in 13 real seconds, 0 bytes read per connection
Execution 17
s_time: verify depth is 1
554 connections in 5.04s; 109.92 connections/user sec, bytes read 0
554 connections in 11 real seconds, 0 bytes read per connection
Execution 18
s_time: verify depth is 1
671 connections in 6.22s; 107.88 connections/user sec, bytes read 0
671 connections in 11 real seconds, 0 bytes read per connection
Execution 19
s_time: verify depth is 1
454 connections in 4.39s; 103.42 connections/user sec, bytes read 0
454 connections in 11 real seconds, 0 bytes read per connection
Execution 20
s_time: verify depth is 1
270 connections in 2.42s; 111.57 connections/user sec, bytes read 0
270 connections in 11 real seconds, 0 bytes read per connection
Execution 21
s_time: verify depth is 1
654 connections in 6.11s; 107.04 connections/user sec, bytes read 0
654 connections in 11 real seconds, 0 bytes read per connection
Execution 22
s_time: verify depth is 1
648 connections in 6.05s; 107.11 connections/user sec, bytes read 0
648 connections in 11 real seconds, 0 bytes read per connection
Execution 23
s_time: verify depth is 1
453 connections in 4.22s; 107.35 connections/user sec, bytes read 0
453 connections in 11 real seconds, 0 bytes read per connection
Execution 24
s_time: verify depth is 1
533 connections in 4.89s; 109.00 connections/user sec, bytes read 0
533 connections in 11 real seconds, 0 bytes read per connection
Execution 25
s_time: verify depth is 1
658 connections in 6.12s; 107.52 connections/user sec, bytes read 0
658 connections in 11 real seconds, 0 bytes read per connection
Execution 26
s_time: verify depth is 1
428 connections in 3.93s; 108.91 connections/user sec, bytes read 0
428 connections in 11 real seconds, 0 bytes read per connection
Execution 27
s_time: verify depth is 1
614 connections in 5.65s; 108.67 connections/user sec, bytes read 0
614 connections in 11 real seconds, 0 bytes read per connection
Execution 28
s_time: verify depth is 1
643 connections in 6.18s; 104.05 connections/user sec, bytes read 0
643 connections in 11 real seconds, 0 bytes read per connection
Execution 29
s_time: verify depth is 1
515 connections in 4.74s; 108.65 connections/user sec, bytes read 0
515 connections in 12 real seconds, 0 bytes read per connection
Execution 30
s_time: verify depth is 1
554 connections in 5.43s; 102.03 connections/user sec, bytes read 0
554 connections in 11 real seconds, 0 bytes read per connection
Execution 31
s_time: verify depth is 1
688 connections in 6.19s; 111.15 connections/user sec, bytes read 0
688 connections in 11 real seconds, 0 bytes read per connection
Execution 32
s_time: verify depth is 1
601 connections in 5.66s; 106.18 connections/user sec, bytes read 0
601 connections in 14 real seconds, 0 bytes read per connection
Execution 33
s_time: verify depth is 1
473 connections in 4.30s; 110.00 connections/user sec, bytes read 0
473 connections in 11 real seconds, 0 bytes read per connection
Execution 34
s_time: verify depth is 1
609 connections in 5.70s; 106.84 connections/user sec, bytes read 0
609 connections in 11 real seconds, 0 bytes read per connection
Execution 35
s_time: verify depth is 1
593 connections in 5.54s; 107.04 connections/user sec, bytes read 0
593 connections in 13 real seconds, 0 bytes read per connection
Execution 36
s_time: verify depth is 1
556 connections in 5.05s; 110.10 connections/user sec, bytes read 0
556 connections in 11 real seconds, 0 bytes read per connection
Execution 37
s_time: verify depth is 1
578 connections in 5.37s; 107.64 connections/user sec, bytes read 0
578 connections in 11 real seconds, 0 bytes read per connection
Execution 38
s_time: verify depth is 1
601 connections in 5.63s; 106.75 connections/user sec, bytes read 0
601 connections in 14 real seconds, 0 bytes read per connection
Execution 39
s_time: verify depth is 1
544 connections in 5.15s; 105.63 connections/user sec, bytes read 0
544 connections in 11 real seconds, 0 bytes read per connection
Execution 40
s_time: verify depth is 1
554 connections in 5.16s; 107.36 connections/user sec, bytes read 0
554 connections in 11 real seconds, 0 bytes read per connection
Execution 41
s_time: verify depth is 1
663 connections in 5.97s; 111.06 connections/user sec, bytes read 0
663 connections in 14 real seconds, 0 bytes read per connection
Execution 42
s_time: verify depth is 1
584 connections in 5.31s; 109.98 connections/user sec, bytes read 0
584 connections in 11 real seconds, 0 bytes read per connection
Execution 43
s_time: verify depth is 1
532 connections in 5.35s; 99.44 connections/user sec, bytes read 0
532 connections in 11 real seconds, 0 bytes read per connection
Execution 44
s_time: verify depth is 1
542 connections in 5.24s; 103.44 connections/user sec, bytes read 0
542 connections in 14 real seconds, 0 bytes read per connection
Execution 45
s_time: verify depth is 1
601 connections in 5.45s; 110.28 connections/user sec, bytes read 0
601 connections in 11 real seconds, 0 bytes read per connection
Execution 46
s_time: verify depth is 1
600 connections in 5.54s; 108.30 connections/user sec, bytes read 0
600 connections in 11 real seconds, 0 bytes read per connection
Execution 47
s_time: verify depth is 1
561 connections in 5.13s; 109.36 connections/user sec, bytes read 0
561 connections in 14 real seconds, 0 bytes read per connection
Execution 48
s_time: verify depth is 1
480 connections in 4.37s; 109.84 connections/user sec, bytes read 0
480 connections in 11 real seconds, 0 bytes read per connection
Execution 49
s_time: verify depth is 1
611 connections in 5.97s; 102.35 connections/user sec, bytes read 0
611 connections in 11 real seconds, 0 bytes read per connection
Execution 50
s_time: verify depth is 1
648 connections in 5.92s; 109.46 connections/user sec, bytes read 0
648 connections in 14 real seconds, 0 bytes read per connection
tc
Mostrando el estado de qdisc para la interfaz: lo
qdisc netem 801b: root refcnt 2 limit 1000 loss 0.1%
 Sent 0 bytes 0 pkt (dropped 0, overlimits 0 requeues 0) 
 backlog 0b 0p requeues 0
-----
-----
Certificate request self-signature ok
subject=CN=localhost
Running /opt/oqssa/bin/perftestServer.sh with SIG_ALG=mldsa87 and KEM_ALG=mlkem1024

Using default temp DH parameters
ACCEPT
Execution 1
s_time: verify depth is 1
2532 connections in 2.46s; 1029.27 connections/user sec, bytes read 0
2532 connections in 11 real seconds, 0 bytes read per connection
Execution 2
s_time: verify depth is 1
1376 connections in 1.34s; 1026.87 connections/user sec, bytes read 0
1376 connections in 11 real seconds, 0 bytes read per connection
Execution 3
s_time: verify depth is 1
2943 connections in 2.87s; 1025.44 connections/user sec, bytes read 0
2943 connections in 12 real seconds, 0 bytes read per connection
Execution 4
s_time: verify depth is 1
3139 connections in 3.16s; 993.35 connections/user sec, bytes read 0
3139 connections in 11 real seconds, 0 bytes read per connection
Execution 5
s_time: verify depth is 1
2530 connections in 2.39s; 1058.58 connections/user sec, bytes read 0
2530 connections in 11 real seconds, 0 bytes read per connection
Execution 6
s_time: verify depth is 1
3213 connections in 3.07s; 1046.58 connections/user sec, bytes read 0
3213 connections in 15 real seconds, 0 bytes read per connection
Execution 7
s_time: verify depth is 1
3456 connections in 3.27s; 1056.88 connections/user sec, bytes read 0
3456 connections in 11 real seconds, 0 bytes read per connection
Execution 8
s_time: verify depth is 1
2071 connections in 2.02s; 1025.25 connections/user sec, bytes read 0
2071 connections in 12 real seconds, 0 bytes read per connection
Execution 9
s_time: verify depth is 1
2761 connections in 2.62s; 1053.82 connections/user sec, bytes read 0
2761 connections in 12 real seconds, 0 bytes read per connection
Execution 10
s_time: verify depth is 1
3140 connections in 3.05s; 1029.51 connections/user sec, bytes read 0
3140 connections in 11 real seconds, 0 bytes read per connection
Execution 11
s_time: verify depth is 1
2807 connections in 2.76s; 1017.03 connections/user sec, bytes read 0
2807 connections in 11 real seconds, 0 bytes read per connection
Execution 12
s_time: verify depth is 1
1867 connections in 1.87s; 998.40 connections/user sec, bytes read 0
1867 connections in 14 real seconds, 0 bytes read per connection
Execution 13
s_time: verify depth is 1
3110 connections in 2.99s; 1040.13 connections/user sec, bytes read 0
3110 connections in 11 real seconds, 0 bytes read per connection
Execution 14
s_time: verify depth is 1
2122 connections in 2.03s; 1045.32 connections/user sec, bytes read 0
2122 connections in 11 real seconds, 0 bytes read per connection
Execution 15
s_time: verify depth is 1
3692 connections in 3.55s; 1040.00 connections/user sec, bytes read 0
3692 connections in 14 real seconds, 0 bytes read per connection
Execution 16
s_time: verify depth is 1
3135 connections in 3.04s; 1031.25 connections/user sec, bytes read 0
3135 connections in 11 real seconds, 0 bytes read per connection
Execution 17
s_time: verify depth is 1
2646 connections in 2.53s; 1045.85 connections/user sec, bytes read 0
2646 connections in 11 real seconds, 0 bytes read per connection
Execution 18
s_time: verify depth is 1
2615 connections in 2.45s; 1067.35 connections/user sec, bytes read 0
2615 connections in 14 real seconds, 0 bytes read per connection
Execution 19
s_time: verify depth is 1
3225 connections in 3.06s; 1053.92 connections/user sec, bytes read 0
3225 connections in 11 real seconds, 0 bytes read per connection
Execution 20
s_time: verify depth is 1
3532 connections in 3.50s; 1009.14 connections/user sec, bytes read 0
3532 connections in 11 real seconds, 0 bytes read per connection
Execution 21
s_time: verify depth is 1
3171 connections in 3.10s; 1022.90 connections/user sec, bytes read 0
3171 connections in 14 real seconds, 0 bytes read per connection
Execution 22
s_time: verify depth is 1
2190 connections in 2.12s; 1033.02 connections/user sec, bytes read 0
2190 connections in 11 real seconds, 0 bytes read per connection
Execution 23
s_time: verify depth is 1
2833 connections in 2.92s; 970.21 connections/user sec, bytes read 0
2833 connections in 11 real seconds, 0 bytes read per connection
Execution 24
s_time: verify depth is 1
2039 connections in 2.01s; 1014.43 connections/user sec, bytes read 0
2039 connections in 13 real seconds, 0 bytes read per connection
Execution 25
s_time: verify depth is 1
2272 connections in 2.19s; 1037.44 connections/user sec, bytes read 0
2272 connections in 11 real seconds, 0 bytes read per connection
Execution 26
s_time: verify depth is 1
5159 connections in 4.96s; 1040.12 connections/user sec, bytes read 0
5159 connections in 11 real seconds, 0 bytes read per connection
Execution 27
s_time: verify depth is 1
3744 connections in 3.47s; 1078.96 connections/user sec, bytes read 0
3744 connections in 14 real seconds, 0 bytes read per connection
Execution 28
s_time: verify depth is 1
2751 connections in 2.77s; 993.14 connections/user sec, bytes read 0
2751 connections in 11 real seconds, 0 bytes read per connection
Execution 29
s_time: verify depth is 1
3068 connections in 3.01s; 1019.27 connections/user sec, bytes read 0
3068 connections in 11 real seconds, 0 bytes read per connection
Execution 30
s_time: verify depth is 1
3041 connections in 2.79s; 1089.96 connections/user sec, bytes read 0
3041 connections in 14 real seconds, 0 bytes read per connection
Execution 31
s_time: verify depth is 1
2534 connections in 2.46s; 1030.08 connections/user sec, bytes read 0
2534 connections in 11 real seconds, 0 bytes read per connection
Execution 32
s_time: verify depth is 1
3229 connections in 3.03s; 1065.68 connections/user sec, bytes read 0
3229 connections in 11 real seconds, 0 bytes read per connection
Execution 33
s_time: verify depth is 1
2059 connections in 2.01s; 1024.38 connections/user sec, bytes read 0
2059 connections in 14 real seconds, 0 bytes read per connection
Execution 34
s_time: verify depth is 1
3500 connections in 3.26s; 1073.62 connections/user sec, bytes read 0
3500 connections in 11 real seconds, 0 bytes read per connection
Execution 35
s_time: verify depth is 1
2957 connections in 2.78s; 1063.67 connections/user sec, bytes read 0
2957 connections in 11 real seconds, 0 bytes read per connection
Execution 36
s_time: verify depth is 1
2786 connections in 2.78s; 1002.16 connections/user sec, bytes read 0
2786 connections in 14 real seconds, 0 bytes read per connection
Execution 37
s_time: verify depth is 1
3024 connections in 2.98s; 1014.77 connections/user sec, bytes read 0
3024 connections in 11 real seconds, 0 bytes read per connection
Execution 38
s_time: verify depth is 1
1950 connections in 1.77s; 1101.69 connections/user sec, bytes read 0
1950 connections in 11 real seconds, 0 bytes read per connection
Execution 39
s_time: verify depth is 1
2281 connections in 2.18s; 1046.33 connections/user sec, bytes read 0
2281 connections in 14 real seconds, 0 bytes read per connection
Execution 40
s_time: verify depth is 1
2634 connections in 2.82s; 934.04 connections/user sec, bytes read 0
2634 connections in 11 real seconds, 0 bytes read per connection
Execution 41
s_time: verify depth is 1
3028 connections in 2.78s; 1089.21 connections/user sec, bytes read 0
3028 connections in 11 real seconds, 0 bytes read per connection
Execution 42
s_time: verify depth is 1
2453 connections in 2.30s; 1066.52 connections/user sec, bytes read 0
2453 connections in 14 real seconds, 0 bytes read per connection
Execution 43
s_time: verify depth is 1
2925 connections in 2.83s; 1033.57 connections/user sec, bytes read 0
2925 connections in 11 real seconds, 0 bytes read per connection
Execution 44
s_time: verify depth is 1
1516 connections in 1.48s; 1024.32 connections/user sec, bytes read 0
1516 connections in 11 real seconds, 0 bytes read per connection
Execution 45
s_time: verify depth is 1
2760 connections in 2.53s; 1090.91 connections/user sec, bytes read 0
2760 connections in 14 real seconds, 0 bytes read per connection
Execution 46
s_time: verify depth is 1
3050 connections in 2.99s; 1020.07 connections/user sec, bytes read 0
3050 connections in 11 real seconds, 0 bytes read per connection
Execution 47
s_time: verify depth is 1
2337 connections in 2.30s; 1016.09 connections/user sec, bytes read 0
2337 connections in 11 real seconds, 0 bytes read per connection
Execution 48
s_time: verify depth is 1
3620 connections in 3.32s; 1090.36 connections/user sec, bytes read 0
3620 connections in 13 real seconds, 0 bytes read per connection
Execution 49
s_time: verify depth is 1
3230 connections in 3.10s; 1041.94 connections/user sec, bytes read 0
3230 connections in 11 real seconds, 0 bytes read per connection
Execution 50
s_time: verify depth is 1
3931 connections in 3.68s; 1068.21 connections/user sec, bytes read 0
3931 connections in 11 real seconds, 0 bytes read per connection
falcon1024
tc
Mostrando el estado de qdisc para la interfaz: lo
qdisc netem 801c: root refcnt 2 limit 1000 loss 0.1%
 Sent 0 bytes 0 pkt (dropped 0, overlimits 0 requeues 0) 
 backlog 0b 0p requeues 0
-----
-----
Certificate request self-signature ok
subject=CN=localhost
Running /opt/oqssa/bin/perftestServer.sh with SIG_ALG=falcon1024 and KEM_ALG=P-521

Using default temp DH parameters
ACCEPT
Execution 1
s_time: verify depth is 1
481 connections in 4.27s; 112.65 connections/user sec, bytes read 0
481 connections in 13 real seconds, 0 bytes read per connection
Execution 2
s_time: verify depth is 1
626 connections in 5.67s; 110.41 connections/user sec, bytes read 0
626 connections in 11 real seconds, 0 bytes read per connection
Execution 3
s_time: verify depth is 1
547 connections in 5.26s; 103.99 connections/user sec, bytes read 0
547 connections in 11 real seconds, 0 bytes read per connection
Execution 4
s_time: verify depth is 1
456 connections in 4.38s; 104.11 connections/user sec, bytes read 0
456 connections in 14 real seconds, 0 bytes read per connection
Execution 5
s_time: verify depth is 1
499 connections in 4.73s; 105.50 connections/user sec, bytes read 0
499 connections in 11 real seconds, 0 bytes read per connection
Execution 6
s_time: verify depth is 1
635 connections in 5.66s; 112.19 connections/user sec, bytes read 0
635 connections in 11 real seconds, 0 bytes read per connection
Execution 7
s_time: verify depth is 1
554 connections in 5.30s; 104.53 connections/user sec, bytes read 0
554 connections in 13 real seconds, 0 bytes read per connection
Execution 8
s_time: verify depth is 1
466 connections in 4.45s; 104.72 connections/user sec, bytes read 0
466 connections in 11 real seconds, 0 bytes read per connection
Execution 9
s_time: verify depth is 1
529 connections in 5.05s; 104.75 connections/user sec, bytes read 0
529 connections in 11 real seconds, 0 bytes read per connection
Execution 10
s_time: verify depth is 1
587 connections in 5.69s; 103.16 connections/user sec, bytes read 0
587 connections in 11 real seconds, 0 bytes read per connection
Execution 11
s_time: verify depth is 1
416 connections in 3.82s; 108.90 connections/user sec, bytes read 0
416 connections in 11 real seconds, 0 bytes read per connection
Execution 12
s_time: verify depth is 1
465 connections in 4.15s; 112.05 connections/user sec, bytes read 0
465 connections in 11 real seconds, 0 bytes read per connection
Execution 13
s_time: verify depth is 1
428 connections in 3.89s; 110.03 connections/user sec, bytes read 0
428 connections in 11 real seconds, 0 bytes read per connection
Execution 14
s_time: verify depth is 1
374 connections in 3.74s; 100.00 connections/user sec, bytes read 0
374 connections in 11 real seconds, 0 bytes read per connection
Execution 15
s_time: verify depth is 1
581 connections in 5.36s; 108.40 connections/user sec, bytes read 0
581 connections in 11 real seconds, 0 bytes read per connection
Execution 16
s_time: verify depth is 1
629 connections in 5.75s; 109.39 connections/user sec, bytes read 0
629 connections in 11 real seconds, 0 bytes read per connection
Execution 17
s_time: verify depth is 1
371 connections in 3.42s; 108.48 connections/user sec, bytes read 0
371 connections in 11 real seconds, 0 bytes read per connection
Execution 18
s_time: verify depth is 1
494 connections in 4.52s; 109.29 connections/user sec, bytes read 0
494 connections in 11 real seconds, 0 bytes read per connection
Execution 19
s_time: verify depth is 1
633 connections in 5.73s; 110.47 connections/user sec, bytes read 0
633 connections in 11 real seconds, 0 bytes read per connection
Execution 20
s_time: verify depth is 1
422 connections in 3.97s; 106.30 connections/user sec, bytes read 0
422 connections in 12 real seconds, 0 bytes read per connection
Execution 21
s_time: verify depth is 1
483 connections in 4.29s; 112.59 connections/user sec, bytes read 0
483 connections in 11 real seconds, 0 bytes read per connection
Execution 22
s_time: verify depth is 1
571 connections in 5.26s; 108.56 connections/user sec, bytes read 0
571 connections in 11 real seconds, 0 bytes read per connection
Execution 23
s_time: verify depth is 1
521 connections in 4.93s; 105.68 connections/user sec, bytes read 0
521 connections in 14 real seconds, 0 bytes read per connection
Execution 24
s_time: verify depth is 1
554 connections in 5.27s; 105.12 connections/user sec, bytes read 0
554 connections in 11 real seconds, 0 bytes read per connection
Execution 25
s_time: verify depth is 1
624 connections in 5.61s; 111.23 connections/user sec, bytes read 0
624 connections in 11 real seconds, 0 bytes read per connection
Execution 26
s_time: verify depth is 1
578 connections in 5.34s; 108.24 connections/user sec, bytes read 0
578 connections in 13 real seconds, 0 bytes read per connection
Execution 27
s_time: verify depth is 1
524 connections in 4.71s; 111.25 connections/user sec, bytes read 0
524 connections in 11 real seconds, 0 bytes read per connection
Execution 28
s_time: verify depth is 1
606 connections in 5.65s; 107.26 connections/user sec, bytes read 0
606 connections in 11 real seconds, 0 bytes read per connection
Execution 29
s_time: verify depth is 1
586 connections in 5.36s; 109.33 connections/user sec, bytes read 0
586 connections in 11 real seconds, 0 bytes read per connection
Execution 30
s_time: verify depth is 1
343 connections in 3.31s; 103.63 connections/user sec, bytes read 0
343 connections in 11 real seconds, 0 bytes read per connection
Execution 31
s_time: verify depth is 1
504 connections in 4.52s; 111.50 connections/user sec, bytes read 0
504 connections in 11 real seconds, 0 bytes read per connection
Execution 32
s_time: verify depth is 1
596 connections in 5.76s; 103.47 connections/user sec, bytes read 0
596 connections in 11 real seconds, 0 bytes read per connection
Execution 33
s_time: verify depth is 1
389 connections in 4.00s; 97.25 connections/user sec, bytes read 0
389 connections in 11 real seconds, 0 bytes read per connection
Execution 34
s_time: verify depth is 1
621 connections in 5.68s; 109.33 connections/user sec, bytes read 0
621 connections in 11 real seconds, 0 bytes read per connection
Execution 35
s_time: verify depth is 1
574 connections in 5.29s; 108.51 connections/user sec, bytes read 0
574 connections in 11 real seconds, 0 bytes read per connection
Execution 36
s_time: verify depth is 1
436 connections in 3.99s; 109.27 connections/user sec, bytes read 0
436 connections in 11 real seconds, 0 bytes read per connection
Execution 37
s_time: verify depth is 1
420 connections in 3.83s; 109.66 connections/user sec, bytes read 0
420 connections in 11 real seconds, 0 bytes read per connection
Execution 38
s_time: verify depth is 1
483 connections in 4.52s; 106.86 connections/user sec, bytes read 0
483 connections in 11 real seconds, 0 bytes read per connection
Execution 39
s_time: verify depth is 1
423 connections in 4.01s; 105.49 connections/user sec, bytes read 0
423 connections in 12 real seconds, 0 bytes read per connection
Execution 40
s_time: verify depth is 1
388 connections in 3.48s; 111.49 connections/user sec, bytes read 0
388 connections in 11 real seconds, 0 bytes read per connection
Execution 41
s_time: verify depth is 1
587 connections in 5.33s; 110.13 connections/user sec, bytes read 0
587 connections in 11 real seconds, 0 bytes read per connection
Execution 42
s_time: verify depth is 1
528 connections in 4.98s; 106.02 connections/user sec, bytes read 0
528 connections in 14 real seconds, 0 bytes read per connection
Execution 43
s_time: verify depth is 1
526 connections in 5.15s; 102.14 connections/user sec, bytes read 0
526 connections in 11 real seconds, 0 bytes read per connection
Execution 44
s_time: verify depth is 1
574 connections in 5.31s; 108.10 connections/user sec, bytes read 0
574 connections in 11 real seconds, 0 bytes read per connection
Execution 45
s_time: verify depth is 1
458 connections in 4.26s; 107.51 connections/user sec, bytes read 0
458 connections in 13 real seconds, 0 bytes read per connection
Execution 46
s_time: verify depth is 1
450 connections in 4.09s; 110.02 connections/user sec, bytes read 0
450 connections in 11 real seconds, 0 bytes read per connection
Execution 47
s_time: verify depth is 1
563 connections in 5.34s; 105.43 connections/user sec, bytes read 0
563 connections in 11 real seconds, 0 bytes read per connection
Execution 48
s_time: verify depth is 1
532 connections in 5.19s; 102.50 connections/user sec, bytes read 0
532 connections in 11 real seconds, 0 bytes read per connection
Execution 49
s_time: verify depth is 1
393 connections in 3.73s; 105.36 connections/user sec, bytes read 0
393 connections in 11 real seconds, 0 bytes read per connection
Execution 50
s_time: verify depth is 1
508 connections in 4.74s; 107.17 connections/user sec, bytes read 0
508 connections in 11 real seconds, 0 bytes read per connection
tc
Mostrando el estado de qdisc para la interfaz: lo
qdisc netem 801d: root refcnt 2 limit 1000 loss 0.1%
 Sent 0 bytes 0 pkt (dropped 0, overlimits 0 requeues 0) 
 backlog 0b 0p requeues 0
-----
-----
Certificate request self-signature ok
subject=CN=localhost
Running /opt/oqssa/bin/perftestServer.sh with SIG_ALG=falcon1024 and KEM_ALG=mlkem1024

Using default temp DH parameters
ACCEPT
Execution 1
s_time: verify depth is 1
2072 connections in 2.11s; 981.99 connections/user sec, bytes read 0
2072 connections in 11 real seconds, 0 bytes read per connection
Execution 2
s_time: verify depth is 1
1900 connections in 1.84s; 1032.61 connections/user sec, bytes read 0
1900 connections in 11 real seconds, 0 bytes read per connection
Execution 3
s_time: verify depth is 1
2494 connections in 2.62s; 951.91 connections/user sec, bytes read 0
2494 connections in 11 real seconds, 0 bytes read per connection
Execution 4
s_time: verify depth is 1
1982 connections in 2.00s; 991.00 connections/user sec, bytes read 0
1982 connections in 11 real seconds, 0 bytes read per connection
Execution 5
s_time: verify depth is 1
2482 connections in 2.52s; 984.92 connections/user sec, bytes read 0
2482 connections in 11 real seconds, 0 bytes read per connection
Execution 6
s_time: verify depth is 1
2552 connections in 2.64s; 966.67 connections/user sec, bytes read 0
2552 connections in 11 real seconds, 0 bytes read per connection
Execution 7
s_time: verify depth is 1
2396 connections in 2.52s; 950.79 connections/user sec, bytes read 0
2396 connections in 11 real seconds, 0 bytes read per connection
Execution 8
s_time: verify depth is 1
1694 connections in 1.65s; 1026.67 connections/user sec, bytes read 0
1694 connections in 11 real seconds, 0 bytes read per connection
Execution 9
s_time: verify depth is 1
2608 connections in 2.63s; 991.63 connections/user sec, bytes read 0
2608 connections in 11 real seconds, 0 bytes read per connection
Execution 10
s_time: verify depth is 1
2612 connections in 2.68s; 974.63 connections/user sec, bytes read 0
2612 connections in 11 real seconds, 0 bytes read per connection
Execution 11
s_time: verify depth is 1
1781 connections in 1.80s; 989.44 connections/user sec, bytes read 0
1781 connections in 13 real seconds, 0 bytes read per connection
Execution 12
s_time: verify depth is 1
2235 connections in 2.32s; 963.36 connections/user sec, bytes read 0
2235 connections in 11 real seconds, 0 bytes read per connection
Execution 13
s_time: verify depth is 1
3320 connections in 3.31s; 1003.02 connections/user sec, bytes read 0
3320 connections in 11 real seconds, 0 bytes read per connection
Execution 14
s_time: verify depth is 1
2057 connections in 2.04s; 1008.33 connections/user sec, bytes read 0
2057 connections in 13 real seconds, 0 bytes read per connection
Execution 15
s_time: verify depth is 1
2534 connections in 2.59s; 978.38 connections/user sec, bytes read 0
2534 connections in 11 real seconds, 0 bytes read per connection
Execution 16
s_time: verify depth is 1
2576 connections in 2.65s; 972.08 connections/user sec, bytes read 0
2576 connections in 11 real seconds, 0 bytes read per connection
Execution 17
s_time: verify depth is 1
1800 connections in 1.80s; 1000.00 connections/user sec, bytes read 0
1800 connections in 15 real seconds, 0 bytes read per connection
Execution 18
s_time: verify depth is 1
2127 connections in 2.09s; 1017.70 connections/user sec, bytes read 0
2127 connections in 11 real seconds, 0 bytes read per connection
Execution 19
s_time: verify depth is 1
2198 connections in 2.28s; 964.04 connections/user sec, bytes read 0
2198 connections in 11 real seconds, 0 bytes read per connection
Execution 20
s_time: verify depth is 1
1755 connections in 1.84s; 953.80 connections/user sec, bytes read 0
1755 connections in 12 real seconds, 0 bytes read per connection
Execution 21
s_time: verify depth is 1
1620 connections in 1.64s; 987.80 connections/user sec, bytes read 0
1620 connections in 11 real seconds, 0 bytes read per connection
Execution 22
s_time: verify depth is 1
1879 connections in 1.87s; 1004.81 connections/user sec, bytes read 0
1879 connections in 11 real seconds, 0 bytes read per connection
Execution 23
s_time: verify depth is 1
1366 connections in 1.29s; 1058.91 connections/user sec, bytes read 0
1366 connections in 15 real seconds, 0 bytes read per connection
Execution 24
s_time: verify depth is 1
2804 connections in 2.87s; 977.00 connections/user sec, bytes read 0
2804 connections in 11 real seconds, 0 bytes read per connection
Execution 25
s_time: verify depth is 1
3228 connections in 3.33s; 969.37 connections/user sec, bytes read 0
3228 connections in 11 real seconds, 0 bytes read per connection
Execution 26
s_time: verify depth is 1
2034 connections in 2.07s; 982.61 connections/user sec, bytes read 0
2034 connections in 14 real seconds, 0 bytes read per connection
Execution 27
s_time: verify depth is 1
2504 connections in 2.59s; 966.80 connections/user sec, bytes read 0
2504 connections in 11 real seconds, 0 bytes read per connection
Execution 28
s_time: verify depth is 1
2287 connections in 2.38s; 960.92 connections/user sec, bytes read 0
2287 connections in 11 real seconds, 0 bytes read per connection
Execution 29
s_time: verify depth is 1
2120 connections in 2.11s; 1004.74 connections/user sec, bytes read 0
2120 connections in 13 real seconds, 0 bytes read per connection
Execution 30
s_time: verify depth is 1
3194 connections in 3.20s; 998.12 connections/user sec, bytes read 0
3194 connections in 11 real seconds, 0 bytes read per connection
Execution 31
s_time: verify depth is 1
2654 connections in 2.70s; 982.96 connections/user sec, bytes read 0
2654 connections in 11 real seconds, 0 bytes read per connection
Execution 32
s_time: verify depth is 1
1902 connections in 2.08s; 914.42 connections/user sec, bytes read 0
1902 connections in 14 real seconds, 0 bytes read per connection
Execution 33
s_time: verify depth is 1
2129 connections in 2.23s; 954.71 connections/user sec, bytes read 0
2129 connections in 11 real seconds, 0 bytes read per connection
Execution 34
s_time: verify depth is 1
2161 connections in 2.27s; 951.98 connections/user sec, bytes read 0
2161 connections in 11 real seconds, 0 bytes read per connection
Execution 35
s_time: verify depth is 1
1147 connections in 1.19s; 963.87 connections/user sec, bytes read 0
1147 connections in 14 real seconds, 0 bytes read per connection
Execution 36
s_time: verify depth is 1
2755 connections in 2.67s; 1031.84 connections/user sec, bytes read 0
2755 connections in 11 real seconds, 0 bytes read per connection
Execution 37
s_time: verify depth is 1
2677 connections in 2.66s; 1006.39 connections/user sec, bytes read 0
2677 connections in 11 real seconds, 0 bytes read per connection
Execution 38
s_time: verify depth is 1
2235 connections in 2.42s; 923.55 connections/user sec, bytes read 0
2235 connections in 13 real seconds, 0 bytes read per connection
Execution 39
s_time: verify depth is 1
2781 connections in 2.74s; 1014.96 connections/user sec, bytes read 0
2781 connections in 11 real seconds, 0 bytes read per connection
Execution 40
s_time: verify depth is 1
1831 connections in 1.92s; 953.65 connections/user sec, bytes read 0
1831 connections in 11 real seconds, 0 bytes read per connection
Execution 41
s_time: verify depth is 1
2425 connections in 2.43s; 997.94 connections/user sec, bytes read 0
2425 connections in 14 real seconds, 0 bytes read per connection
Execution 42
s_time: verify depth is 1
2013 connections in 2.11s; 954.03 connections/user sec, bytes read 0
2013 connections in 11 real seconds, 0 bytes read per connection
Execution 43
s_time: verify depth is 1
2641 connections in 2.65s; 996.60 connections/user sec, bytes read 0
2641 connections in 11 real seconds, 0 bytes read per connection
Execution 44
s_time: verify depth is 1
2084 connections in 2.14s; 973.83 connections/user sec, bytes read 0
2084 connections in 14 real seconds, 0 bytes read per connection
Execution 45
s_time: verify depth is 1
3012 connections in 3.10s; 971.61 connections/user sec, bytes read 0
3012 connections in 11 real seconds, 0 bytes read per connection
Execution 46
s_time: verify depth is 1
2623 connections in 2.83s; 926.86 connections/user sec, bytes read 0
2623 connections in 11 real seconds, 0 bytes read per connection
Execution 47
s_time: verify depth is 1
1831 connections in 1.95s; 938.97 connections/user sec, bytes read 0
1831 connections in 14 real seconds, 0 bytes read per connection
Execution 48
s_time: verify depth is 1
2220 connections in 2.19s; 1013.70 connections/user sec, bytes read 0
2220 connections in 11 real seconds, 0 bytes read per connection
Execution 49
s_time: verify depth is 1
2174 connections in 2.20s; 988.18 connections/user sec, bytes read 0
2174 connections in 11 real seconds, 0 bytes read per connection
Execution 50
s_time: verify depth is 1
2317 connections in 2.36s; 981.78 connections/user sec, bytes read 0
2317 connections in 14 real seconds, 0 bytes read per connection
sphincssha2256fsimple
tc
Mostrando el estado de qdisc para la interfaz: lo
qdisc netem 801e: root refcnt 2 limit 1000 loss 0.1%
 Sent 0 bytes 0 pkt (dropped 0, overlimits 0 requeues 0) 
 backlog 0b 0p requeues 0
-----
-----
Certificate request self-signature ok
subject=CN=localhost
Running /opt/oqssa/bin/perftestServer.sh with SIG_ALG=sphincssha2256fsimple and KEM_ALG=P-521

Using default temp DH parameters
ACCEPT
Execution 1
s_time: verify depth is 1
175 connections in 2.34s; 74.79 connections/user sec, bytes read 0
175 connections in 11 real seconds, 0 bytes read per connection
Execution 2
s_time: verify depth is 1
190 connections in 2.61s; 72.80 connections/user sec, bytes read 0
190 connections in 11 real seconds, 0 bytes read per connection
Execution 3
s_time: verify depth is 1
153 connections in 2.01s; 76.12 connections/user sec, bytes read 0
153 connections in 12 real seconds, 0 bytes read per connection
Execution 4
s_time: verify depth is 1
178 connections in 2.46s; 72.36 connections/user sec, bytes read 0
178 connections in 11 real seconds, 0 bytes read per connection
Execution 5
s_time: verify depth is 1
182 connections in 2.38s; 76.47 connections/user sec, bytes read 0
182 connections in 11 real seconds, 0 bytes read per connection
Execution 6
s_time: verify depth is 1
202 connections in 2.58s; 78.29 connections/user sec, bytes read 0
202 connections in 14 real seconds, 0 bytes read per connection
Execution 7
s_time: verify depth is 1
143 connections in 1.87s; 76.47 connections/user sec, bytes read 0
143 connections in 11 real seconds, 0 bytes read per connection
Execution 8
s_time: verify depth is 1
194 connections in 2.63s; 73.76 connections/user sec, bytes read 0
194 connections in 11 real seconds, 0 bytes read per connection
Execution 9
s_time: verify depth is 1
201 connections in 2.55s; 78.82 connections/user sec, bytes read 0
201 connections in 14 real seconds, 0 bytes read per connection
Execution 10
s_time: verify depth is 1
183 connections in 2.55s; 71.76 connections/user sec, bytes read 0
183 connections in 11 real seconds, 0 bytes read per connection
Execution 11
s_time: verify depth is 1
183 connections in 2.44s; 75.00 connections/user sec, bytes read 0
183 connections in 11 real seconds, 0 bytes read per connection
Execution 12
s_time: verify depth is 1
199 connections in 2.55s; 78.04 connections/user sec, bytes read 0
199 connections in 14 real seconds, 0 bytes read per connection
Execution 13
s_time: verify depth is 1
176 connections in 2.43s; 72.43 connections/user sec, bytes read 0
176 connections in 11 real seconds, 0 bytes read per connection
Execution 14
s_time: verify depth is 1
183 connections in 2.50s; 73.20 connections/user sec, bytes read 0
183 connections in 11 real seconds, 0 bytes read per connection
Execution 15
s_time: verify depth is 1
185 connections in 2.51s; 73.71 connections/user sec, bytes read 0
185 connections in 14 real seconds, 0 bytes read per connection
Execution 16
s_time: verify depth is 1
197 connections in 2.58s; 76.36 connections/user sec, bytes read 0
197 connections in 11 real seconds, 0 bytes read per connection
Execution 17
s_time: verify depth is 1
203 connections in 2.59s; 78.38 connections/user sec, bytes read 0
203 connections in 11 real seconds, 0 bytes read per connection
Execution 18
s_time: verify depth is 1
184 connections in 2.50s; 73.60 connections/user sec, bytes read 0
184 connections in 13 real seconds, 0 bytes read per connection
Execution 19
s_time: verify depth is 1
180 connections in 2.43s; 74.07 connections/user sec, bytes read 0
180 connections in 11 real seconds, 0 bytes read per connection
Execution 20
s_time: verify depth is 1
194 connections in 2.60s; 74.62 connections/user sec, bytes read 0
194 connections in 11 real seconds, 0 bytes read per connection
Execution 21
s_time: verify depth is 1
199 connections in 2.62s; 75.95 connections/user sec, bytes read 0
199 connections in 11 real seconds, 0 bytes read per connection
Execution 22
s_time: verify depth is 1
132 connections in 1.82s; 72.53 connections/user sec, bytes read 0
132 connections in 11 real seconds, 0 bytes read per connection
Execution 23
s_time: verify depth is 1
196 connections in 2.50s; 78.40 connections/user sec, bytes read 0
196 connections in 11 real seconds, 0 bytes read per connection
Execution 24
s_time: verify depth is 1
203 connections in 2.65s; 76.60 connections/user sec, bytes read 0
203 connections in 11 real seconds, 0 bytes read per connection
Execution 25
s_time: verify depth is 1
128 connections in 1.79s; 71.51 connections/user sec, bytes read 0
128 connections in 11 real seconds, 0 bytes read per connection
Execution 26
s_time: verify depth is 1
198 connections in 2.53s; 78.26 connections/user sec, bytes read 0
198 connections in 11 real seconds, 0 bytes read per connection
Execution 27
s_time: verify depth is 1
200 connections in 2.71s; 73.80 connections/user sec, bytes read 0
200 connections in 11 real seconds, 0 bytes read per connection
Execution 28
s_time: verify depth is 1
112 connections in 1.47s; 76.19 connections/user sec, bytes read 0
112 connections in 11 real seconds, 0 bytes read per connection
Execution 29
s_time: verify depth is 1
177 connections in 2.44s; 72.54 connections/user sec, bytes read 0
177 connections in 11 real seconds, 0 bytes read per connection
Execution 30
s_time: verify depth is 1
200 connections in 2.64s; 75.76 connections/user sec, bytes read 0
200 connections in 11 real seconds, 0 bytes read per connection
Execution 31
s_time: verify depth is 1
154 connections in 2.10s; 73.33 connections/user sec, bytes read 0
154 connections in 12 real seconds, 0 bytes read per connection
Execution 32
s_time: verify depth is 1
193 connections in 2.53s; 76.28 connections/user sec, bytes read 0
193 connections in 11 real seconds, 0 bytes read per connection
Execution 33
s_time: verify depth is 1
192 connections in 2.59s; 74.13 connections/user sec, bytes read 0
192 connections in 11 real seconds, 0 bytes read per connection
Execution 34
s_time: verify depth is 1
171 connections in 2.39s; 71.55 connections/user sec, bytes read 0
171 connections in 14 real seconds, 0 bytes read per connection
Execution 35
s_time: verify depth is 1
177 connections in 2.30s; 76.96 connections/user sec, bytes read 0
177 connections in 11 real seconds, 0 bytes read per connection
Execution 36
s_time: verify depth is 1
205 connections in 2.71s; 75.65 connections/user sec, bytes read 0
205 connections in 11 real seconds, 0 bytes read per connection
Execution 37
s_time: verify depth is 1
183 connections in 2.41s; 75.93 connections/user sec, bytes read 0
183 connections in 13 real seconds, 0 bytes read per connection
Execution 38
s_time: verify depth is 1
186 connections in 2.49s; 74.70 connections/user sec, bytes read 0
186 connections in 11 real seconds, 0 bytes read per connection
Execution 39
s_time: verify depth is 1
194 connections in 2.64s; 73.48 connections/user sec, bytes read 0
194 connections in 11 real seconds, 0 bytes read per connection
Execution 40
s_time: verify depth is 1
176 connections in 2.34s; 75.21 connections/user sec, bytes read 0
176 connections in 11 real seconds, 0 bytes read per connection
Execution 41
s_time: verify depth is 1
129 connections in 1.77s; 72.88 connections/user sec, bytes read 0
129 connections in 11 real seconds, 0 bytes read per connection
Execution 42
s_time: verify depth is 1
180 connections in 2.46s; 73.17 connections/user sec, bytes read 0
180 connections in 11 real seconds, 0 bytes read per connection
Execution 43
s_time: verify depth is 1
196 connections in 2.69s; 72.86 connections/user sec, bytes read 0
196 connections in 11 real seconds, 0 bytes read per connection
Execution 44
s_time: verify depth is 1
130 connections in 1.70s; 76.47 connections/user sec, bytes read 0
130 connections in 11 real seconds, 0 bytes read per connection
Execution 45
s_time: verify depth is 1
197 connections in 2.61s; 75.48 connections/user sec, bytes read 0
197 connections in 11 real seconds, 0 bytes read per connection
Execution 46
s_time: verify depth is 1
176 connections in 2.39s; 73.64 connections/user sec, bytes read 0
176 connections in 11 real seconds, 0 bytes read per connection
Execution 47
s_time: verify depth is 1
124 connections in 1.69s; 73.37 connections/user sec, bytes read 0
124 connections in 11 real seconds, 0 bytes read per connection
Execution 48
s_time: verify depth is 1
202 connections in 2.76s; 73.19 connections/user sec, bytes read 0
202 connections in 11 real seconds, 0 bytes read per connection
Execution 49
s_time: verify depth is 1
177 connections in 2.39s; 74.06 connections/user sec, bytes read 0
177 connections in 11 real seconds, 0 bytes read per connection
Execution 50
s_time: verify depth is 1
129 connections in 1.83s; 70.49 connections/user sec, bytes read 0
129 connections in 12 real seconds, 0 bytes read per connection
tc
Mostrando el estado de qdisc para la interfaz: lo
qdisc netem 801f: root refcnt 2 limit 1000 loss 0.1%
 Sent 0 bytes 0 pkt (dropped 0, overlimits 0 requeues 0) 
 backlog 0b 0p requeues 0
-----
-----
Certificate request self-signature ok
subject=CN=localhost
Running /opt/oqssa/bin/perftestServer.sh with SIG_ALG=sphincssha2256fsimple and KEM_ALG=mlkem1024

Using default temp DH parameters
ACCEPT
Execution 1
s_time: verify depth is 1
205 connections in 1.04s; 197.12 connections/user sec, bytes read 0
205 connections in 11 real seconds, 0 bytes read per connection
Execution 2
s_time: verify depth is 1
251 connections in 1.24s; 202.42 connections/user sec, bytes read 0
251 connections in 11 real seconds, 0 bytes read per connection
Execution 3
s_time: verify depth is 1
210 connections in 1.06s; 198.11 connections/user sec, bytes read 0
210 connections in 13 real seconds, 0 bytes read per connection
Execution 4
s_time: verify depth is 1
212 connections in 1.10s; 192.73 connections/user sec, bytes read 0
212 connections in 11 real seconds, 0 bytes read per connection
Execution 5
s_time: verify depth is 1
252 connections in 1.28s; 196.88 connections/user sec, bytes read 0
252 connections in 11 real seconds, 0 bytes read per connection
Execution 6
s_time: verify depth is 1
213 connections in 1.22s; 174.59 connections/user sec, bytes read 0
213 connections in 13 real seconds, 0 bytes read per connection
Execution 7
s_time: verify depth is 1
225 connections in 1.15s; 195.65 connections/user sec, bytes read 0
225 connections in 11 real seconds, 0 bytes read per connection
Execution 8
s_time: verify depth is 1
245 connections in 1.26s; 194.44 connections/user sec, bytes read 0
245 connections in 11 real seconds, 0 bytes read per connection
Execution 9
s_time: verify depth is 1
243 connections in 1.28s; 189.84 connections/user sec, bytes read 0
243 connections in 11 real seconds, 0 bytes read per connection
Execution 10
s_time: verify depth is 1
161 connections in 0.85s; 189.41 connections/user sec, bytes read 0
161 connections in 11 real seconds, 0 bytes read per connection
Execution 11
s_time: verify depth is 1
249 connections in 1.28s; 194.53 connections/user sec, bytes read 0
249 connections in 11 real seconds, 0 bytes read per connection
Execution 12
s_time: verify depth is 1
224 connections in 1.19s; 188.24 connections/user sec, bytes read 0
224 connections in 11 real seconds, 0 bytes read per connection
Execution 13
s_time: verify depth is 1
161 connections in 0.88s; 182.95 connections/user sec, bytes read 0
161 connections in 11 real seconds, 0 bytes read per connection
Execution 14
s_time: verify depth is 1
204 connections in 1.05s; 194.29 connections/user sec, bytes read 0
204 connections in 11 real seconds, 0 bytes read per connection
Execution 15
s_time: verify depth is 1
240 connections in 1.26s; 190.48 connections/user sec, bytes read 0
240 connections in 11 real seconds, 0 bytes read per connection
Execution 16
s_time: verify depth is 1
141 connections in 0.74s; 190.54 connections/user sec, bytes read 0
141 connections in 11 real seconds, 0 bytes read per connection
Execution 17
s_time: verify depth is 1
193 connections in 1.08s; 178.70 connections/user sec, bytes read 0
193 connections in 11 real seconds, 0 bytes read per connection
Execution 18
s_time: verify depth is 1
230 connections in 1.29s; 178.29 connections/user sec, bytes read 0
230 connections in 11 real seconds, 0 bytes read per connection
Execution 19
s_time: verify depth is 1
176 connections in 0.96s; 183.33 connections/user sec, bytes read 0
176 connections in 12 real seconds, 0 bytes read per connection
Execution 20
s_time: verify depth is 1
240 connections in 1.23s; 195.12 connections/user sec, bytes read 0
240 connections in 11 real seconds, 0 bytes read per connection
Execution 21
s_time: verify depth is 1
231 connections in 1.25s; 184.80 connections/user sec, bytes read 0
231 connections in 11 real seconds, 0 bytes read per connection
Execution 22
s_time: verify depth is 1
228 connections in 1.19s; 191.60 connections/user sec, bytes read 0
228 connections in 14 real seconds, 0 bytes read per connection
Execution 23
s_time: verify depth is 1
229 connections in 1.23s; 186.18 connections/user sec, bytes read 0
229 connections in 11 real seconds, 0 bytes read per connection
Execution 24
s_time: verify depth is 1
168 connections in 0.86s; 195.35 connections/user sec, bytes read 0
168 connections in 11 real seconds, 0 bytes read per connection
Execution 25
s_time: verify depth is 1
221 connections in 1.17s; 188.89 connections/user sec, bytes read 0
221 connections in 13 real seconds, 0 bytes read per connection
Execution 26
s_time: verify depth is 1
212 connections in 1.15s; 184.35 connections/user sec, bytes read 0
212 connections in 11 real seconds, 0 bytes read per connection
Execution 27
s_time: verify depth is 1
239 connections in 1.31s; 182.44 connections/user sec, bytes read 0
239 connections in 11 real seconds, 0 bytes read per connection
Execution 28
s_time: verify depth is 1
207 connections in 1.13s; 183.19 connections/user sec, bytes read 0
207 connections in 11 real seconds, 0 bytes read per connection
Execution 29
s_time: verify depth is 1
153 connections in 0.82s; 186.59 connections/user sec, bytes read 0
153 connections in 11 real seconds, 0 bytes read per connection
Execution 30
s_time: verify depth is 1
236 connections in 1.29s; 182.95 connections/user sec, bytes read 0
236 connections in 11 real seconds, 0 bytes read per connection
Execution 31
s_time: verify depth is 1
228 connections in 1.22s; 186.89 connections/user sec, bytes read 0
228 connections in 11 real seconds, 0 bytes read per connection
Execution 32
s_time: verify depth is 1
160 connections in 0.85s; 188.24 connections/user sec, bytes read 0
160 connections in 11 real seconds, 0 bytes read per connection
Execution 33
s_time: verify depth is 1
222 connections in 1.17s; 189.74 connections/user sec, bytes read 0
222 connections in 11 real seconds, 0 bytes read per connection
Execution 34
s_time: verify depth is 1
237 connections in 1.29s; 183.72 connections/user sec, bytes read 0
237 connections in 11 real seconds, 0 bytes read per connection
Execution 35
s_time: verify depth is 1
163 connections in 0.85s; 191.76 connections/user sec, bytes read 0
163 connections in 11 real seconds, 0 bytes read per connection
Execution 36
s_time: verify depth is 1
218 connections in 1.14s; 191.23 connections/user sec, bytes read 0
218 connections in 11 real seconds, 0 bytes read per connection
Execution 37
s_time: verify depth is 1
223 connections in 1.12s; 199.11 connections/user sec, bytes read 0
223 connections in 11 real seconds, 0 bytes read per connection
Execution 38
s_time: verify depth is 1
190 connections in 0.98s; 193.88 connections/user sec, bytes read 0
190 connections in 12 real seconds, 0 bytes read per connection
Execution 39
s_time: verify depth is 1
214 connections in 1.13s; 189.38 connections/user sec, bytes read 0
214 connections in 11 real seconds, 0 bytes read per connection
Execution 40
s_time: verify depth is 1
234 connections in 1.26s; 185.71 connections/user sec, bytes read 0
234 connections in 11 real seconds, 0 bytes read per connection
Execution 41
s_time: verify depth is 1
232 connections in 1.29s; 179.84 connections/user sec, bytes read 0
232 connections in 14 real seconds, 0 bytes read per connection
Execution 42
s_time: verify depth is 1
198 connections in 1.02s; 194.12 connections/user sec, bytes read 0
198 connections in 11 real seconds, 0 bytes read per connection
Execution 43
s_time: verify depth is 1
240 connections in 1.23s; 195.12 connections/user sec, bytes read 0
240 connections in 11 real seconds, 0 bytes read per connection
Execution 44
s_time: verify depth is 1
199 connections in 0.99s; 201.01 connections/user sec, bytes read 0
199 connections in 13 real seconds, 0 bytes read per connection
Execution 45
s_time: verify depth is 1
213 connections in 1.14s; 186.84 connections/user sec, bytes read 0
213 connections in 11 real seconds, 0 bytes read per connection
Execution 46
s_time: verify depth is 1
198 connections in 1.03s; 192.23 connections/user sec, bytes read 0
198 connections in 11 real seconds, 0 bytes read per connection
Execution 47
s_time: verify depth is 1
224 connections in 1.14s; 196.49 connections/user sec, bytes read 0
224 connections in 11 real seconds, 0 bytes read per connection
Execution 48
s_time: verify depth is 1
167 connections in 0.84s; 198.81 connections/user sec, bytes read 0
167 connections in 11 real seconds, 0 bytes read per connection
Execution 49
s_time: verify depth is 1
241 connections in 1.26s; 191.27 connections/user sec, bytes read 0
241 connections in 11 real seconds, 0 bytes read per connection
Execution 50
s_time: verify depth is 1
225 connections in 1.29s; 174.42 connections/user sec, bytes read 0
225 connections in 11 real seconds, 0 bytes read per connection
sphincssha2256ssimple
tc
Mostrando el estado de qdisc para la interfaz: lo
qdisc netem 8020: root refcnt 2 limit 1000 loss 0.1%
 Sent 0 bytes 0 pkt (dropped 0, overlimits 0 requeues 0) 
 backlog 0b 0p requeues 0
-----
-----
Certificate request self-signature ok
subject=CN=localhost
Running /opt/oqssa/bin/perftestServer.sh with SIG_ALG=sphincssha2256ssimple and KEM_ALG=P-521

Using default temp DH parameters
ACCEPT
Execution 1
s_time: verify depth is 1
15 connections in 0.19s; 78.95 connections/user sec, bytes read 0
15 connections in 11 real seconds, 0 bytes read per connection
Execution 2
s_time: verify depth is 1
28 connections in 0.33s; 84.85 connections/user sec, bytes read 0
28 connections in 11 real seconds, 0 bytes read per connection
Execution 3
s_time: verify depth is 1
27 connections in 0.33s; 81.82 connections/user sec, bytes read 0
27 connections in 11 real seconds, 0 bytes read per connection
Execution 4
s_time: verify depth is 1
19 connections in 0.22s; 86.36 connections/user sec, bytes read 0
19 connections in 11 real seconds, 0 bytes read per connection
Execution 5
s_time: verify depth is 1
27 connections in 0.32s; 84.38 connections/user sec, bytes read 0
27 connections in 11 real seconds, 0 bytes read per connection
Execution 6
s_time: verify depth is 1
26 connections in 0.32s; 81.25 connections/user sec, bytes read 0
26 connections in 11 real seconds, 0 bytes read per connection
Execution 7
s_time: verify depth is 1
18 connections in 0.22s; 81.82 connections/user sec, bytes read 0
18 connections in 11 real seconds, 0 bytes read per connection
Execution 8
s_time: verify depth is 1
27 connections in 0.31s; 87.10 connections/user sec, bytes read 0
27 connections in 11 real seconds, 0 bytes read per connection
Execution 9
s_time: verify depth is 1
27 connections in 0.32s; 84.38 connections/user sec, bytes read 0
27 connections in 11 real seconds, 0 bytes read per connection
Execution 10
s_time: verify depth is 1
24 connections in 0.29s; 82.76 connections/user sec, bytes read 0
24 connections in 13 real seconds, 0 bytes read per connection
Execution 11
s_time: verify depth is 1
27 connections in 0.33s; 81.82 connections/user sec, bytes read 0
27 connections in 11 real seconds, 0 bytes read per connection
Execution 12
s_time: verify depth is 1
26 connections in 0.31s; 83.87 connections/user sec, bytes read 0
26 connections in 11 real seconds, 0 bytes read per connection
Execution 13
s_time: verify depth is 1
26 connections in 0.29s; 89.66 connections/user sec, bytes read 0
26 connections in 14 real seconds, 0 bytes read per connection
Execution 14
s_time: verify depth is 1
26 connections in 0.32s; 81.25 connections/user sec, bytes read 0
26 connections in 11 real seconds, 0 bytes read per connection
Execution 15
s_time: verify depth is 1
27 connections in 0.32s; 84.38 connections/user sec, bytes read 0
27 connections in 11 real seconds, 0 bytes read per connection
Execution 16
s_time: verify depth is 1
26 connections in 0.30s; 86.67 connections/user sec, bytes read 0
26 connections in 14 real seconds, 0 bytes read per connection
Execution 17
s_time: verify depth is 1
28 connections in 0.33s; 84.85 connections/user sec, bytes read 0
28 connections in 11 real seconds, 0 bytes read per connection
Execution 18
s_time: verify depth is 1
27 connections in 0.34s; 79.41 connections/user sec, bytes read 0
27 connections in 11 real seconds, 0 bytes read per connection
Execution 19
s_time: verify depth is 1
25 connections in 0.29s; 86.21 connections/user sec, bytes read 0
25 connections in 13 real seconds, 0 bytes read per connection
Execution 20
s_time: verify depth is 1
25 connections in 0.31s; 80.65 connections/user sec, bytes read 0
25 connections in 11 real seconds, 0 bytes read per connection
Execution 21
s_time: verify depth is 1
28 connections in 0.32s; 87.50 connections/user sec, bytes read 0
28 connections in 11 real seconds, 0 bytes read per connection
Execution 22
s_time: verify depth is 1
27 connections in 0.32s; 84.38 connections/user sec, bytes read 0
27 connections in 14 real seconds, 0 bytes read per connection
Execution 23
s_time: verify depth is 1
27 connections in 0.32s; 84.38 connections/user sec, bytes read 0
27 connections in 11 real seconds, 0 bytes read per connection
Execution 24
s_time: verify depth is 1
27 connections in 0.32s; 84.38 connections/user sec, bytes read 0
27 connections in 11 real seconds, 0 bytes read per connection
Execution 25
s_time: verify depth is 1
27 connections in 0.35s; 77.14 connections/user sec, bytes read 0
27 connections in 14 real seconds, 0 bytes read per connection
Execution 26
s_time: verify depth is 1
26 connections in 0.32s; 81.25 connections/user sec, bytes read 0
26 connections in 11 real seconds, 0 bytes read per connection
Execution 27
s_time: verify depth is 1
28 connections in 0.34s; 82.35 connections/user sec, bytes read 0
28 connections in 11 real seconds, 0 bytes read per connection
Execution 28
s_time: verify depth is 1
24 connections in 0.28s; 85.71 connections/user sec, bytes read 0
24 connections in 14 real seconds, 0 bytes read per connection
Execution 29
s_time: verify depth is 1
28 connections in 0.35s; 80.00 connections/user sec, bytes read 0
28 connections in 11 real seconds, 0 bytes read per connection
Execution 30
s_time: verify depth is 1
27 connections in 0.31s; 87.10 connections/user sec, bytes read 0
27 connections in 11 real seconds, 0 bytes read per connection
Execution 31
s_time: verify depth is 1
27 connections in 0.31s; 87.10 connections/user sec, bytes read 0
27 connections in 14 real seconds, 0 bytes read per connection
Execution 32
s_time: verify depth is 1
27 connections in 0.32s; 84.38 connections/user sec, bytes read 0
27 connections in 11 real seconds, 0 bytes read per connection
Execution 33
s_time: verify depth is 1
28 connections in 0.34s; 82.35 connections/user sec, bytes read 0
28 connections in 11 real seconds, 0 bytes read per connection
Execution 34
s_time: verify depth is 1
26 connections in 0.31s; 83.87 connections/user sec, bytes read 0
26 connections in 14 real seconds, 0 bytes read per connection
Execution 35
s_time: verify depth is 1
28 connections in 0.35s; 80.00 connections/user sec, bytes read 0
28 connections in 11 real seconds, 0 bytes read per connection
Execution 36
s_time: verify depth is 1
28 connections in 0.34s; 82.35 connections/user sec, bytes read 0
28 connections in 11 real seconds, 0 bytes read per connection
Execution 37
s_time: verify depth is 1
26 connections in 0.30s; 86.67 connections/user sec, bytes read 0
26 connections in 13 real seconds, 0 bytes read per connection
Execution 38
s_time: verify depth is 1
26 connections in 0.31s; 83.87 connections/user sec, bytes read 0
26 connections in 11 real seconds, 0 bytes read per connection
Execution 39
s_time: verify depth is 1
27 connections in 0.32s; 84.38 connections/user sec, bytes read 0
27 connections in 11 real seconds, 0 bytes read per connection
Execution 40
s_time: verify depth is 1
24 connections in 0.29s; 82.76 connections/user sec, bytes read 0
24 connections in 14 real seconds, 0 bytes read per connection
Execution 41
s_time: verify depth is 1
26 connections in 0.31s; 83.87 connections/user sec, bytes read 0
26 connections in 11 real seconds, 0 bytes read per connection
Execution 42
s_time: verify depth is 1
27 connections in 0.32s; 84.38 connections/user sec, bytes read 0
27 connections in 11 real seconds, 0 bytes read per connection
Execution 43
s_time: verify depth is 1
27 connections in 0.31s; 87.10 connections/user sec, bytes read 0
27 connections in 14 real seconds, 0 bytes read per connection
Execution 44
s_time: verify depth is 1
26 connections in 0.35s; 74.29 connections/user sec, bytes read 0
26 connections in 11 real seconds, 0 bytes read per connection
Execution 45
s_time: verify depth is 1
28 connections in 0.35s; 80.00 connections/user sec, bytes read 0
28 connections in 11 real seconds, 0 bytes read per connection
Execution 46
s_time: verify depth is 1
26 connections in 0.31s; 83.87 connections/user sec, bytes read 0
26 connections in 14 real seconds, 0 bytes read per connection
Execution 47
s_time: verify depth is 1
27 connections in 0.33s; 81.82 connections/user sec, bytes read 0
27 connections in 11 real seconds, 0 bytes read per connection
Execution 48
s_time: verify depth is 1
27 connections in 0.33s; 81.82 connections/user sec, bytes read 0
27 connections in 11 real seconds, 0 bytes read per connection
Execution 49
s_time: verify depth is 1
23 connections in 0.26s; 88.46 connections/user sec, bytes read 0
23 connections in 14 real seconds, 0 bytes read per connection
Execution 50
s_time: verify depth is 1
28 connections in 0.34s; 82.35 connections/user sec, bytes read 0
28 connections in 11 real seconds, 0 bytes read per connection
tc
Mostrando el estado de qdisc para la interfaz: lo
qdisc netem 8021: root refcnt 2 limit 1000 loss 0.1%
 Sent 0 bytes 0 pkt (dropped 0, overlimits 0 requeues 0) 
 backlog 0b 0p requeues 0
-----
-----
Certificate request self-signature ok
subject=CN=localhost
Running /opt/oqssa/bin/perftestServer.sh with SIG_ALG=sphincssha2256ssimple and KEM_ALG=mlkem1024

Using default temp DH parameters
ACCEPT
Execution 1
s_time: verify depth is 1
25 connections in 0.09s; 277.78 connections/user sec, bytes read 0
25 connections in 11 real seconds, 0 bytes read per connection
Execution 2
s_time: verify depth is 1
22 connections in 0.08s; 275.00 connections/user sec, bytes read 0
22 connections in 12 real seconds, 0 bytes read per connection
Execution 3
s_time: verify depth is 1
29 connections in 0.11s; 263.64 connections/user sec, bytes read 0
29 connections in 11 real seconds, 0 bytes read per connection
Execution 4
s_time: verify depth is 1
25 connections in 0.08s; 312.50 connections/user sec, bytes read 0
25 connections in 11 real seconds, 0 bytes read per connection
Execution 5
s_time: verify depth is 1
25 connections in 0.11s; 227.27 connections/user sec, bytes read 0
25 connections in 13 real seconds, 0 bytes read per connection
Execution 6
s_time: verify depth is 1
26 connections in 0.10s; 260.00 connections/user sec, bytes read 0
26 connections in 11 real seconds, 0 bytes read per connection
Execution 7
s_time: verify depth is 1
28 connections in 0.10s; 280.00 connections/user sec, bytes read 0
28 connections in 11 real seconds, 0 bytes read per connection
Execution 8
s_time: verify depth is 1
28 connections in 0.11s; 254.55 connections/user sec, bytes read 0
28 connections in 14 real seconds, 0 bytes read per connection
Execution 9
s_time: verify depth is 1
25 connections in 0.11s; 227.27 connections/user sec, bytes read 0
25 connections in 11 real seconds, 0 bytes read per connection
Execution 10
s_time: verify depth is 1
29 connections in 0.11s; 263.64 connections/user sec, bytes read 0
29 connections in 11 real seconds, 0 bytes read per connection
Execution 11
s_time: verify depth is 1
27 connections in 0.10s; 270.00 connections/user sec, bytes read 0
27 connections in 14 real seconds, 0 bytes read per connection
Execution 12
s_time: verify depth is 1
28 connections in 0.10s; 280.00 connections/user sec, bytes read 0
28 connections in 11 real seconds, 0 bytes read per connection
Execution 13
s_time: verify depth is 1
28 connections in 0.11s; 254.55 connections/user sec, bytes read 0
28 connections in 11 real seconds, 0 bytes read per connection
Execution 14
s_time: verify depth is 1
27 connections in 0.10s; 270.00 connections/user sec, bytes read 0
27 connections in 14 real seconds, 0 bytes read per connection
Execution 15
s_time: verify depth is 1
28 connections in 0.11s; 254.55 connections/user sec, bytes read 0
28 connections in 11 real seconds, 0 bytes read per connection
Execution 16
s_time: verify depth is 1
29 connections in 0.11s; 263.64 connections/user sec, bytes read 0
29 connections in 11 real seconds, 0 bytes read per connection
Execution 17
s_time: verify depth is 1
27 connections in 0.11s; 245.45 connections/user sec, bytes read 0
27 connections in 14 real seconds, 0 bytes read per connection
Execution 18
s_time: verify depth is 1
28 connections in 0.11s; 254.55 connections/user sec, bytes read 0
28 connections in 11 real seconds, 0 bytes read per connection
Execution 19
s_time: verify depth is 1
28 connections in 0.10s; 280.00 connections/user sec, bytes read 0
28 connections in 11 real seconds, 0 bytes read per connection
Execution 20
s_time: verify depth is 1
25 connections in 0.09s; 277.78 connections/user sec, bytes read 0
25 connections in 13 real seconds, 0 bytes read per connection
Execution 21
s_time: verify depth is 1
26 connections in 0.10s; 260.00 connections/user sec, bytes read 0
26 connections in 11 real seconds, 0 bytes read per connection
Execution 22
s_time: verify depth is 1
28 connections in 0.10s; 280.00 connections/user sec, bytes read 0
28 connections in 11 real seconds, 0 bytes read per connection
Execution 23
s_time: verify depth is 1
29 connections in 0.12s; 241.67 connections/user sec, bytes read 0
29 connections in 14 real seconds, 0 bytes read per connection
Execution 24
s_time: verify depth is 1
26 connections in 0.09s; 288.89 connections/user sec, bytes read 0
26 connections in 11 real seconds, 0 bytes read per connection
Execution 25
s_time: verify depth is 1
26 connections in 0.10s; 260.00 connections/user sec, bytes read 0
26 connections in 11 real seconds, 0 bytes read per connection
Execution 26
s_time: verify depth is 1
27 connections in 0.11s; 245.45 connections/user sec, bytes read 0
27 connections in 14 real seconds, 0 bytes read per connection
Execution 27
s_time: verify depth is 1
26 connections in 0.09s; 288.89 connections/user sec, bytes read 0
26 connections in 11 real seconds, 0 bytes read per connection
Execution 28
s_time: verify depth is 1
28 connections in 0.11s; 254.55 connections/user sec, bytes read 0
28 connections in 11 real seconds, 0 bytes read per connection
Execution 29
s_time: verify depth is 1
28 connections in 0.11s; 254.55 connections/user sec, bytes read 0
28 connections in 14 real seconds, 0 bytes read per connection
Execution 30
s_time: verify depth is 1
28 connections in 0.10s; 280.00 connections/user sec, bytes read 0
28 connections in 11 real seconds, 0 bytes read per connection
Execution 31
s_time: verify depth is 1
28 connections in 0.10s; 280.00 connections/user sec, bytes read 0
28 connections in 11 real seconds, 0 bytes read per connection
Execution 32
s_time: verify depth is 1
27 connections in 0.11s; 245.45 connections/user sec, bytes read 0
27 connections in 14 real seconds, 0 bytes read per connection
Execution 33
s_time: verify depth is 1
28 connections in 0.11s; 254.55 connections/user sec, bytes read 0
28 connections in 11 real seconds, 0 bytes read per connection
Execution 34
s_time: verify depth is 1
24 connections in 0.09s; 266.67 connections/user sec, bytes read 0
24 connections in 11 real seconds, 0 bytes read per connection
Execution 35
s_time: verify depth is 1
25 connections in 0.09s; 277.78 connections/user sec, bytes read 0
25 connections in 14 real seconds, 0 bytes read per connection
Execution 36
s_time: verify depth is 1
25 connections in 0.09s; 277.78 connections/user sec, bytes read 0
25 connections in 11 real seconds, 0 bytes read per connection
Execution 37
s_time: verify depth is 1
28 connections in 0.10s; 280.00 connections/user sec, bytes read 0
28 connections in 11 real seconds, 0 bytes read per connection
Execution 38
s_time: verify depth is 1
26 connections in 0.10s; 260.00 connections/user sec, bytes read 0
26 connections in 13 real seconds, 0 bytes read per connection
Execution 39
s_time: verify depth is 1
26 connections in 0.10s; 260.00 connections/user sec, bytes read 0
26 connections in 11 real seconds, 0 bytes read per connection
Execution 40
s_time: verify depth is 1
28 connections in 0.11s; 254.55 connections/user sec, bytes read 0
28 connections in 11 real seconds, 0 bytes read per connection
Execution 41
s_time: verify depth is 1
27 connections in 0.11s; 245.45 connections/user sec, bytes read 0
27 connections in 14 real seconds, 0 bytes read per connection
Execution 42
s_time: verify depth is 1
27 connections in 0.10s; 270.00 connections/user sec, bytes read 0
27 connections in 11 real seconds, 0 bytes read per connection
Execution 43
s_time: verify depth is 1
28 connections in 0.11s; 254.55 connections/user sec, bytes read 0
28 connections in 11 real seconds, 0 bytes read per connection
Execution 44
s_time: verify depth is 1
28 connections in 0.11s; 254.55 connections/user sec, bytes read 0
28 connections in 14 real seconds, 0 bytes read per connection
Execution 45
s_time: verify depth is 1
27 connections in 0.10s; 270.00 connections/user sec, bytes read 0
27 connections in 11 real seconds, 0 bytes read per connection
Execution 46
s_time: verify depth is 1
29 connections in 0.11s; 263.64 connections/user sec, bytes read 0
29 connections in 11 real seconds, 0 bytes read per connection
Execution 47
s_time: verify depth is 1
27 connections in 0.10s; 270.00 connections/user sec, bytes read 0
27 connections in 14 real seconds, 0 bytes read per connection
Execution 48
s_time: verify depth is 1
26 connections in 0.10s; 260.00 connections/user sec, bytes read 0
26 connections in 11 real seconds, 0 bytes read per connection
Execution 49
s_time: verify depth is 1
26 connections in 0.10s; 260.00 connections/user sec, bytes read 0
26 connections in 11 real seconds, 0 bytes read per connection
Execution 50
s_time: verify depth is 1
26 connections in 0.11s; 236.36 connections/user sec, bytes read 0
26 connections in 14 real seconds, 0 bytes read per connection
