tc
Mostrando el estado de qdisc para la interfaz: lo
qdisc netem 8266: root refcnt 2 limit 1000 delay 7.0ms
 Sent 0 bytes 0 pkt (dropped 0, overlimits 0 requeues 0) 
 backlog 0b 0p requeues 0
Certificate request self-signature ok
subject=CN=localhost
Running /opt/oqssa/bin/perftestServerECDSA.sh with SIG_ALG=secp384r1 and KEM_ALG=P-384

Using default temp DH parameters
ACCEPT
Execution 1
s_time: verify depth is 1
214 connections in 1.50s; 142.67 connections/user sec, bytes read 0
214 connections in 12 real seconds, 0 bytes read per connection
Execution 2
s_time: verify depth is 1
254 connections in 1.71s; 148.54 connections/user sec, bytes read 0
254 connections in 11 real seconds, 0 bytes read per connection
Execution 3
s_time: verify depth is 1
276 connections in 1.89s; 146.03 connections/user sec, bytes read 0
276 connections in 11 real seconds, 0 bytes read per connection
Execution 4
s_time: verify depth is 1
276 connections in 1.91s; 144.50 connections/user sec, bytes read 0
276 connections in 11 real seconds, 0 bytes read per connection
Execution 5
s_time: verify depth is 1
187 connections in 1.29s; 144.96 connections/user sec, bytes read 0
187 connections in 11 real seconds, 0 bytes read per connection
Execution 6
s_time: verify depth is 1
279 connections in 1.80s; 155.00 connections/user sec, bytes read 0
279 connections in 11 real seconds, 0 bytes read per connection
Execution 7
s_time: verify depth is 1
274 connections in 1.89s; 144.97 connections/user sec, bytes read 0
274 connections in 11 real seconds, 0 bytes read per connection
Execution 8
s_time: verify depth is 1
184 connections in 1.30s; 141.54 connections/user sec, bytes read 0
184 connections in 11 real seconds, 0 bytes read per connection
Execution 9
s_time: verify depth is 1
278 connections in 1.83s; 151.91 connections/user sec, bytes read 0
278 connections in 11 real seconds, 0 bytes read per connection
Execution 10
s_time: verify depth is 1
276 connections in 1.90s; 145.26 connections/user sec, bytes read 0
276 connections in 11 real seconds, 0 bytes read per connection
Execution 11
s_time: verify depth is 1
185 connections in 1.28s; 144.53 connections/user sec, bytes read 0
185 connections in 11 real seconds, 0 bytes read per connection
Execution 12
s_time: verify depth is 1
277 connections in 1.89s; 146.56 connections/user sec, bytes read 0
277 connections in 11 real seconds, 0 bytes read per connection
Execution 13
s_time: verify depth is 1
277 connections in 1.89s; 146.56 connections/user sec, bytes read 0
277 connections in 11 real seconds, 0 bytes read per connection
Execution 14
s_time: verify depth is 1
217 connections in 1.48s; 146.62 connections/user sec, bytes read 0
217 connections in 12 real seconds, 0 bytes read per connection
Execution 15
s_time: verify depth is 1
272 connections in 1.86s; 146.24 connections/user sec, bytes read 0
272 connections in 11 real seconds, 0 bytes read per connection
Execution 16
s_time: verify depth is 1
275 connections in 1.85s; 148.65 connections/user sec, bytes read 0
275 connections in 11 real seconds, 0 bytes read per connection
Execution 17
s_time: verify depth is 1
260 connections in 1.83s; 142.08 connections/user sec, bytes read 0
260 connections in 14 real seconds, 0 bytes read per connection
Execution 18
s_time: verify depth is 1
268 connections in 1.95s; 137.44 connections/user sec, bytes read 0
268 connections in 11 real seconds, 0 bytes read per connection
Execution 19
s_time: verify depth is 1
273 connections in 1.93s; 141.45 connections/user sec, bytes read 0
273 connections in 11 real seconds, 0 bytes read per connection
Execution 20
s_time: verify depth is 1
256 connections in 1.80s; 142.22 connections/user sec, bytes read 0
256 connections in 13 real seconds, 0 bytes read per connection
Execution 21
s_time: verify depth is 1
252 connections in 1.76s; 143.18 connections/user sec, bytes read 0
252 connections in 11 real seconds, 0 bytes read per connection
Execution 22
s_time: verify depth is 1
274 connections in 1.96s; 139.80 connections/user sec, bytes read 0
274 connections in 11 real seconds, 0 bytes read per connection
Execution 23
s_time: verify depth is 1
274 connections in 1.90s; 144.21 connections/user sec, bytes read 0
274 connections in 11 real seconds, 0 bytes read per connection
Execution 24
s_time: verify depth is 1
185 connections in 1.29s; 143.41 connections/user sec, bytes read 0
185 connections in 11 real seconds, 0 bytes read per connection
Execution 25
s_time: verify depth is 1
276 connections in 1.88s; 146.81 connections/user sec, bytes read 0
276 connections in 11 real seconds, 0 bytes read per connection
Execution 26
s_time: verify depth is 1
274 connections in 1.94s; 141.24 connections/user sec, bytes read 0
274 connections in 11 real seconds, 0 bytes read per connection
Execution 27
s_time: verify depth is 1
185 connections in 1.31s; 141.22 connections/user sec, bytes read 0
185 connections in 11 real seconds, 0 bytes read per connection
Execution 28
s_time: verify depth is 1
275 connections in 1.93s; 142.49 connections/user sec, bytes read 0
275 connections in 11 real seconds, 0 bytes read per connection
Execution 29
s_time: verify depth is 1
272 connections in 1.95s; 139.49 connections/user sec, bytes read 0
272 connections in 11 real seconds, 0 bytes read per connection
Execution 30
s_time: verify depth is 1
185 connections in 1.31s; 141.22 connections/user sec, bytes read 0
185 connections in 11 real seconds, 0 bytes read per connection
Execution 31
s_time: verify depth is 1
280 connections in 1.81s; 154.70 connections/user sec, bytes read 0
280 connections in 11 real seconds, 0 bytes read per connection
Execution 32
s_time: verify depth is 1
281 connections in 1.82s; 154.40 connections/user sec, bytes read 0
281 connections in 11 real seconds, 0 bytes read per connection
Execution 33
s_time: verify depth is 1
220 connections in 1.40s; 157.14 connections/user sec, bytes read 0
220 connections in 12 real seconds, 0 bytes read per connection
Execution 34
s_time: verify depth is 1
269 connections in 1.84s; 146.20 connections/user sec, bytes read 0
269 connections in 11 real seconds, 0 bytes read per connection
Execution 35
s_time: verify depth is 1
273 connections in 1.90s; 143.68 connections/user sec, bytes read 0
273 connections in 11 real seconds, 0 bytes read per connection
Execution 36
s_time: verify depth is 1
264 connections in 1.78s; 148.31 connections/user sec, bytes read 0
264 connections in 14 real seconds, 0 bytes read per connection
Execution 37
s_time: verify depth is 1
272 connections in 1.90s; 143.16 connections/user sec, bytes read 0
272 connections in 11 real seconds, 0 bytes read per connection
Execution 38
s_time: verify depth is 1
271 connections in 1.95s; 138.97 connections/user sec, bytes read 0
271 connections in 11 real seconds, 0 bytes read per connection
Execution 39
s_time: verify depth is 1
259 connections in 1.81s; 143.09 connections/user sec, bytes read 0
259 connections in 13 real seconds, 0 bytes read per connection
Execution 40
s_time: verify depth is 1
252 connections in 1.75s; 144.00 connections/user sec, bytes read 0
252 connections in 11 real seconds, 0 bytes read per connection
Execution 41
s_time: verify depth is 1
271 connections in 1.98s; 136.87 connections/user sec, bytes read 0
271 connections in 11 real seconds, 0 bytes read per connection
Execution 42
s_time: verify depth is 1
278 connections in 1.76s; 157.95 connections/user sec, bytes read 0
278 connections in 11 real seconds, 0 bytes read per connection
Execution 43
s_time: verify depth is 1
185 connections in 1.29s; 143.41 connections/user sec, bytes read 0
185 connections in 11 real seconds, 0 bytes read per connection
Execution 44
s_time: verify depth is 1
274 connections in 1.93s; 141.97 connections/user sec, bytes read 0
274 connections in 11 real seconds, 0 bytes read per connection
Execution 45
s_time: verify depth is 1
279 connections in 1.80s; 155.00 connections/user sec, bytes read 0
279 connections in 11 real seconds, 0 bytes read per connection
Execution 46
s_time: verify depth is 1
185 connections in 1.30s; 142.31 connections/user sec, bytes read 0
185 connections in 11 real seconds, 0 bytes read per connection
Execution 47
s_time: verify depth is 1
275 connections in 1.89s; 145.50 connections/user sec, bytes read 0
275 connections in 11 real seconds, 0 bytes read per connection
Execution 48
s_time: verify depth is 1
275 connections in 1.92s; 143.23 connections/user sec, bytes read 0
275 connections in 11 real seconds, 0 bytes read per connection
Execution 49
s_time: verify depth is 1
186 connections in 1.28s; 145.31 connections/user sec, bytes read 0
186 connections in 11 real seconds, 0 bytes read per connection
Execution 50
s_time: verify depth is 1
274 connections in 1.90s; 144.21 connections/user sec, bytes read 0
274 connections in 11 real seconds, 0 bytes read per connection
tc
Mostrando el estado de qdisc para la interfaz: lo
qdisc netem 8267: root refcnt 2 limit 1000 delay 7.0ms
 Sent 0 bytes 0 pkt (dropped 0, overlimits 0 requeues 0) 
 backlog 0b 0p requeues 0
Certificate request self-signature ok
subject=CN=localhost
Running /opt/oqssa/bin/perftestServerECDSA.sh with SIG_ALG=secp384r1 and KEM_ALG=x448

Using default temp DH parameters
ACCEPT
Execution 1
s_time: verify depth is 1
306 connections in 1.20s; 255.00 connections/user sec, bytes read 0
306 connections in 11 real seconds, 0 bytes read per connection
Execution 2
s_time: verify depth is 1
228 connections in 0.80s; 285.00 connections/user sec, bytes read 0
228 connections in 11 real seconds, 0 bytes read per connection
Execution 3
s_time: verify depth is 1
313 connections in 1.25s; 250.40 connections/user sec, bytes read 0
313 connections in 11 real seconds, 0 bytes read per connection
Execution 4
s_time: verify depth is 1
321 connections in 1.29s; 248.84 connections/user sec, bytes read 0
321 connections in 11 real seconds, 0 bytes read per connection
Execution 5
s_time: verify depth is 1
305 connections in 1.23s; 247.97 connections/user sec, bytes read 0
305 connections in 14 real seconds, 0 bytes read per connection
Execution 6
s_time: verify depth is 1
318 connections in 1.17s; 271.79 connections/user sec, bytes read 0
318 connections in 11 real seconds, 0 bytes read per connection
Execution 7
s_time: verify depth is 1
319 connections in 1.31s; 243.51 connections/user sec, bytes read 0
319 connections in 11 real seconds, 0 bytes read per connection
Execution 8
s_time: verify depth is 1
297 connections in 1.24s; 239.52 connections/user sec, bytes read 0
297 connections in 13 real seconds, 0 bytes read per connection
Execution 9
s_time: verify depth is 1
294 connections in 1.08s; 272.22 connections/user sec, bytes read 0
294 connections in 11 real seconds, 0 bytes read per connection
Execution 10
s_time: verify depth is 1
321 connections in 1.26s; 254.76 connections/user sec, bytes read 0
321 connections in 11 real seconds, 0 bytes read per connection
Execution 11
s_time: verify depth is 1
321 connections in 1.26s; 254.76 connections/user sec, bytes read 0
321 connections in 11 real seconds, 0 bytes read per connection
Execution 12
s_time: verify depth is 1
214 connections in 0.87s; 245.98 connections/user sec, bytes read 0
214 connections in 11 real seconds, 0 bytes read per connection
Execution 13
s_time: verify depth is 1
319 connections in 1.24s; 257.26 connections/user sec, bytes read 0
319 connections in 11 real seconds, 0 bytes read per connection
Execution 14
s_time: verify depth is 1
318 connections in 1.29s; 246.51 connections/user sec, bytes read 0
318 connections in 11 real seconds, 0 bytes read per connection
Execution 15
s_time: verify depth is 1
214 connections in 0.87s; 245.98 connections/user sec, bytes read 0
214 connections in 11 real seconds, 0 bytes read per connection
Execution 16
s_time: verify depth is 1
321 connections in 1.19s; 269.75 connections/user sec, bytes read 0
321 connections in 11 real seconds, 0 bytes read per connection
Execution 17
s_time: verify depth is 1
317 connections in 1.30s; 243.85 connections/user sec, bytes read 0
317 connections in 11 real seconds, 0 bytes read per connection
Execution 18
s_time: verify depth is 1
215 connections in 0.84s; 255.95 connections/user sec, bytes read 0
215 connections in 11 real seconds, 0 bytes read per connection
Execution 19
s_time: verify depth is 1
315 connections in 1.31s; 240.46 connections/user sec, bytes read 0
315 connections in 11 real seconds, 0 bytes read per connection
Execution 20
s_time: verify depth is 1
317 connections in 1.28s; 247.66 connections/user sec, bytes read 0
317 connections in 11 real seconds, 0 bytes read per connection
Execution 21
s_time: verify depth is 1
249 connections in 1.04s; 239.42 connections/user sec, bytes read 0
249 connections in 12 real seconds, 0 bytes read per connection
Execution 22
s_time: verify depth is 1
309 connections in 1.27s; 243.31 connections/user sec, bytes read 0
309 connections in 11 real seconds, 0 bytes read per connection
Execution 23
s_time: verify depth is 1
317 connections in 1.30s; 243.85 connections/user sec, bytes read 0
317 connections in 11 real seconds, 0 bytes read per connection
Execution 24
s_time: verify depth is 1
303 connections in 1.21s; 250.41 connections/user sec, bytes read 0
303 connections in 14 real seconds, 0 bytes read per connection
Execution 25
s_time: verify depth is 1
316 connections in 1.27s; 248.82 connections/user sec, bytes read 0
316 connections in 11 real seconds, 0 bytes read per connection
Execution 26
s_time: verify depth is 1
318 connections in 1.27s; 250.39 connections/user sec, bytes read 0
318 connections in 11 real seconds, 0 bytes read per connection
Execution 27
s_time: verify depth is 1
297 connections in 1.25s; 237.60 connections/user sec, bytes read 0
297 connections in 13 real seconds, 0 bytes read per connection
Execution 28
s_time: verify depth is 1
294 connections in 1.06s; 277.36 connections/user sec, bytes read 0
294 connections in 11 real seconds, 0 bytes read per connection
Execution 29
s_time: verify depth is 1
318 connections in 1.28s; 248.44 connections/user sec, bytes read 0
318 connections in 11 real seconds, 0 bytes read per connection
Execution 30
s_time: verify depth is 1
317 connections in 1.30s; 243.85 connections/user sec, bytes read 0
317 connections in 11 real seconds, 0 bytes read per connection
Execution 31
s_time: verify depth is 1
218 connections in 0.79s; 275.95 connections/user sec, bytes read 0
218 connections in 11 real seconds, 0 bytes read per connection
Execution 32
s_time: verify depth is 1
323 connections in 1.20s; 269.17 connections/user sec, bytes read 0
323 connections in 11 real seconds, 0 bytes read per connection
Execution 33
s_time: verify depth is 1
318 connections in 1.28s; 248.44 connections/user sec, bytes read 0
318 connections in 11 real seconds, 0 bytes read per connection
Execution 34
s_time: verify depth is 1
219 connections in 0.79s; 277.22 connections/user sec, bytes read 0
219 connections in 11 real seconds, 0 bytes read per connection
Execution 35
s_time: verify depth is 1
320 connections in 1.27s; 251.97 connections/user sec, bytes read 0
320 connections in 11 real seconds, 0 bytes read per connection
Execution 36
s_time: verify depth is 1
321 connections in 1.19s; 269.75 connections/user sec, bytes read 0
321 connections in 11 real seconds, 0 bytes read per connection
Execution 37
s_time: verify depth is 1
214 connections in 0.86s; 248.84 connections/user sec, bytes read 0
214 connections in 11 real seconds, 0 bytes read per connection
Execution 38
s_time: verify depth is 1
318 connections in 1.27s; 250.39 connections/user sec, bytes read 0
318 connections in 11 real seconds, 0 bytes read per connection
Execution 39
s_time: verify depth is 1
323 connections in 1.18s; 273.73 connections/user sec, bytes read 0
323 connections in 11 real seconds, 0 bytes read per connection
Execution 40
s_time: verify depth is 1
249 connections in 1.03s; 241.75 connections/user sec, bytes read 0
249 connections in 12 real seconds, 0 bytes read per connection
Execution 41
s_time: verify depth is 1
316 connections in 1.19s; 265.55 connections/user sec, bytes read 0
316 connections in 11 real seconds, 0 bytes read per connection
Execution 42
s_time: verify depth is 1
319 connections in 1.25s; 255.20 connections/user sec, bytes read 0
319 connections in 11 real seconds, 0 bytes read per connection
Execution 43
s_time: verify depth is 1
302 connections in 1.23s; 245.53 connections/user sec, bytes read 0
302 connections in 14 real seconds, 0 bytes read per connection
Execution 44
s_time: verify depth is 1
315 connections in 1.25s; 252.00 connections/user sec, bytes read 0
315 connections in 11 real seconds, 0 bytes read per connection
Execution 45
s_time: verify depth is 1
318 connections in 1.27s; 250.39 connections/user sec, bytes read 0
318 connections in 11 real seconds, 0 bytes read per connection
Execution 46
s_time: verify depth is 1
298 connections in 1.21s; 246.28 connections/user sec, bytes read 0
298 connections in 13 real seconds, 0 bytes read per connection
Execution 47
s_time: verify depth is 1
296 connections in 1.07s; 276.64 connections/user sec, bytes read 0
296 connections in 11 real seconds, 0 bytes read per connection
Execution 48
s_time: verify depth is 1
318 connections in 1.30s; 244.62 connections/user sec, bytes read 0
318 connections in 11 real seconds, 0 bytes read per connection
Execution 49
s_time: verify depth is 1
317 connections in 1.29s; 245.74 connections/user sec, bytes read 0
317 connections in 11 real seconds, 0 bytes read per connection
Execution 50
s_time: verify depth is 1
213 connections in 0.87s; 244.83 connections/user sec, bytes read 0
213 connections in 11 real seconds, 0 bytes read per connection
tc
Mostrando el estado de qdisc para la interfaz: lo
qdisc netem 8268: root refcnt 2 limit 1000 delay 7.0ms
 Sent 0 bytes 0 pkt (dropped 0, overlimits 0 requeues 0) 
 backlog 0b 0p requeues 0
Certificate request self-signature ok
subject=CN=localhost
Running /opt/oqssa/bin/perftestServerECDSA.sh with SIG_ALG=secp384r1 and KEM_ALG=p384_mlkem768

Using default temp DH parameters
ACCEPT
Execution 1
s_time: verify depth is 1
248 connections in 2.02s; 122.77 connections/user sec, bytes read 0
248 connections in 11 real seconds, 0 bytes read per connection
Execution 2
s_time: verify depth is 1
257 connections in 2.09s; 122.97 connections/user sec, bytes read 0
257 connections in 11 real seconds, 0 bytes read per connection
Execution 3
s_time: verify depth is 1
171 connections in 1.48s; 115.54 connections/user sec, bytes read 0
171 connections in 11 real seconds, 0 bytes read per connection
Execution 4
s_time: verify depth is 1
254 connections in 2.17s; 117.05 connections/user sec, bytes read 0
254 connections in 11 real seconds, 0 bytes read per connection
Execution 5
s_time: verify depth is 1
255 connections in 2.14s; 119.16 connections/user sec, bytes read 0
255 connections in 11 real seconds, 0 bytes read per connection
Execution 6
s_time: verify depth is 1
171 connections in 1.43s; 119.58 connections/user sec, bytes read 0
171 connections in 11 real seconds, 0 bytes read per connection
Execution 7
s_time: verify depth is 1
256 connections in 2.11s; 121.33 connections/user sec, bytes read 0
256 connections in 11 real seconds, 0 bytes read per connection
Execution 8
s_time: verify depth is 1
255 connections in 2.08s; 122.60 connections/user sec, bytes read 0
255 connections in 11 real seconds, 0 bytes read per connection
Execution 9
s_time: verify depth is 1
173 connections in 1.42s; 121.83 connections/user sec, bytes read 0
173 connections in 11 real seconds, 0 bytes read per connection
Execution 10
s_time: verify depth is 1
258 connections in 2.06s; 125.24 connections/user sec, bytes read 0
258 connections in 11 real seconds, 0 bytes read per connection
Execution 11
s_time: verify depth is 1
257 connections in 2.09s; 122.97 connections/user sec, bytes read 0
257 connections in 11 real seconds, 0 bytes read per connection
Execution 12
s_time: verify depth is 1
224 connections in 1.77s; 126.55 connections/user sec, bytes read 0
224 connections in 13 real seconds, 0 bytes read per connection
Execution 13
s_time: verify depth is 1
249 connections in 2.12s; 117.45 connections/user sec, bytes read 0
249 connections in 11 real seconds, 0 bytes read per connection
Execution 14
s_time: verify depth is 1
254 connections in 2.16s; 117.59 connections/user sec, bytes read 0
254 connections in 11 real seconds, 0 bytes read per connection
Execution 15
s_time: verify depth is 1
237 connections in 2.07s; 114.49 connections/user sec, bytes read 0
237 connections in 13 real seconds, 0 bytes read per connection
Execution 16
s_time: verify depth is 1
232 connections in 1.97s; 117.77 connections/user sec, bytes read 0
232 connections in 11 real seconds, 0 bytes read per connection
Execution 17
s_time: verify depth is 1
254 connections in 2.16s; 117.59 connections/user sec, bytes read 0
254 connections in 11 real seconds, 0 bytes read per connection
Execution 18
s_time: verify depth is 1
257 connections in 2.08s; 123.56 connections/user sec, bytes read 0
257 connections in 11 real seconds, 0 bytes read per connection
Execution 19
s_time: verify depth is 1
173 connections in 1.42s; 121.83 connections/user sec, bytes read 0
173 connections in 11 real seconds, 0 bytes read per connection
Execution 20
s_time: verify depth is 1
256 connections in 2.13s; 120.19 connections/user sec, bytes read 0
256 connections in 11 real seconds, 0 bytes read per connection
Execution 21
s_time: verify depth is 1
256 connections in 2.07s; 123.67 connections/user sec, bytes read 0
256 connections in 11 real seconds, 0 bytes read per connection
Execution 22
s_time: verify depth is 1
174 connections in 1.39s; 125.18 connections/user sec, bytes read 0
174 connections in 11 real seconds, 0 bytes read per connection
Execution 23
s_time: verify depth is 1
257 connections in 2.09s; 122.97 connections/user sec, bytes read 0
257 connections in 11 real seconds, 0 bytes read per connection
Execution 24
s_time: verify depth is 1
258 connections in 2.06s; 125.24 connections/user sec, bytes read 0
258 connections in 11 real seconds, 0 bytes read per connection
Execution 25
s_time: verify depth is 1
174 connections in 1.38s; 126.09 connections/user sec, bytes read 0
174 connections in 11 real seconds, 0 bytes read per connection
Execution 26
s_time: verify depth is 1
257 connections in 2.10s; 122.38 connections/user sec, bytes read 0
257 connections in 11 real seconds, 0 bytes read per connection
Execution 27
s_time: verify depth is 1
256 connections in 2.11s; 121.33 connections/user sec, bytes read 0
256 connections in 11 real seconds, 0 bytes read per connection
Execution 28
s_time: verify depth is 1
202 connections in 1.64s; 123.17 connections/user sec, bytes read 0
202 connections in 12 real seconds, 0 bytes read per connection
Execution 29
s_time: verify depth is 1
250 connections in 2.03s; 123.15 connections/user sec, bytes read 0
250 connections in 11 real seconds, 0 bytes read per connection
Execution 30
s_time: verify depth is 1
255 connections in 2.08s; 122.60 connections/user sec, bytes read 0
255 connections in 11 real seconds, 0 bytes read per connection
Execution 31
s_time: verify depth is 1
244 connections in 2.02s; 120.79 connections/user sec, bytes read 0
244 connections in 14 real seconds, 0 bytes read per connection
Execution 32
s_time: verify depth is 1
252 connections in 2.07s; 121.74 connections/user sec, bytes read 0
252 connections in 11 real seconds, 0 bytes read per connection
Execution 33
s_time: verify depth is 1
256 connections in 2.09s; 122.49 connections/user sec, bytes read 0
256 connections in 11 real seconds, 0 bytes read per connection
Execution 34
s_time: verify depth is 1
240 connections in 2.00s; 120.00 connections/user sec, bytes read 0
240 connections in 13 real seconds, 0 bytes read per connection
Execution 35
s_time: verify depth is 1
234 connections in 1.91s; 122.51 connections/user sec, bytes read 0
234 connections in 11 real seconds, 0 bytes read per connection
Execution 36
s_time: verify depth is 1
258 connections in 2.05s; 125.85 connections/user sec, bytes read 0
258 connections in 11 real seconds, 0 bytes read per connection
Execution 37
s_time: verify depth is 1
257 connections in 2.10s; 122.38 connections/user sec, bytes read 0
257 connections in 11 real seconds, 0 bytes read per connection
Execution 38
s_time: verify depth is 1
171 connections in 1.43s; 119.58 connections/user sec, bytes read 0
171 connections in 11 real seconds, 0 bytes read per connection
Execution 39
s_time: verify depth is 1
256 connections in 2.13s; 120.19 connections/user sec, bytes read 0
256 connections in 11 real seconds, 0 bytes read per connection
Execution 40
s_time: verify depth is 1
257 connections in 2.10s; 122.38 connections/user sec, bytes read 0
257 connections in 11 real seconds, 0 bytes read per connection
Execution 41
s_time: verify depth is 1
171 connections in 1.42s; 120.42 connections/user sec, bytes read 0
171 connections in 11 real seconds, 0 bytes read per connection
Execution 42
s_time: verify depth is 1
252 connections in 2.18s; 115.60 connections/user sec, bytes read 0
252 connections in 11 real seconds, 0 bytes read per connection
Execution 43
s_time: verify depth is 1
255 connections in 2.11s; 120.85 connections/user sec, bytes read 0
255 connections in 11 real seconds, 0 bytes read per connection
Execution 44
s_time: verify depth is 1
172 connections in 1.40s; 122.86 connections/user sec, bytes read 0
172 connections in 11 real seconds, 0 bytes read per connection
Execution 45
s_time: verify depth is 1
254 connections in 2.13s; 119.25 connections/user sec, bytes read 0
254 connections in 11 real seconds, 0 bytes read per connection
Execution 46
s_time: verify depth is 1
254 connections in 2.13s; 119.25 connections/user sec, bytes read 0
254 connections in 11 real seconds, 0 bytes read per connection
Execution 47
s_time: verify depth is 1
201 connections in 1.71s; 117.54 connections/user sec, bytes read 0
201 connections in 12 real seconds, 0 bytes read per connection
Execution 48
s_time: verify depth is 1
249 connections in 2.03s; 122.66 connections/user sec, bytes read 0
249 connections in 11 real seconds, 0 bytes read per connection
Execution 49
s_time: verify depth is 1
257 connections in 2.07s; 124.15 connections/user sec, bytes read 0
257 connections in 11 real seconds, 0 bytes read per connection
Execution 50
s_time: verify depth is 1
243 connections in 2.05s; 118.54 connections/user sec, bytes read 0
243 connections in 14 real seconds, 0 bytes read per connection
tc
Mostrando el estado de qdisc para la interfaz: lo
qdisc netem 8269: root refcnt 2 limit 1000 delay 7.0ms
 Sent 0 bytes 0 pkt (dropped 0, overlimits 0 requeues 0) 
 backlog 0b 0p requeues 0
Certificate request self-signature ok
subject=CN=localhost
Running /opt/oqssa/bin/perftestServerECDSA.sh with SIG_ALG=secp384r1 and KEM_ALG=x448_mlkem768

Using default temp DH parameters
ACCEPT
Execution 1
s_time: verify depth is 1
314 connections in 1.36s; 230.88 connections/user sec, bytes read 0
314 connections in 11 real seconds, 0 bytes read per connection
Execution 2
s_time: verify depth is 1
315 connections in 1.30s; 242.31 connections/user sec, bytes read 0
315 connections in 11 real seconds, 0 bytes read per connection
Execution 3
s_time: verify depth is 1
239 connections in 1.00s; 239.00 connections/user sec, bytes read 0
239 connections in 11 real seconds, 0 bytes read per connection
Execution 4
s_time: verify depth is 1
284 connections in 1.29s; 220.16 connections/user sec, bytes read 0
284 connections in 11 real seconds, 0 bytes read per connection
Execution 5
s_time: verify depth is 1
308 connections in 1.38s; 223.19 connections/user sec, bytes read 0
308 connections in 11 real seconds, 0 bytes read per connection
Execution 6
s_time: verify depth is 1
311 connections in 1.32s; 235.61 connections/user sec, bytes read 0
311 connections in 11 real seconds, 0 bytes read per connection
Execution 7
s_time: verify depth is 1
207 connections in 0.95s; 217.89 connections/user sec, bytes read 0
207 connections in 11 real seconds, 0 bytes read per connection
Execution 8
s_time: verify depth is 1
312 connections in 1.32s; 236.36 connections/user sec, bytes read 0
312 connections in 11 real seconds, 0 bytes read per connection
Execution 9
s_time: verify depth is 1
308 connections in 1.41s; 218.44 connections/user sec, bytes read 0
308 connections in 11 real seconds, 0 bytes read per connection
Execution 10
s_time: verify depth is 1
206 connections in 0.98s; 210.20 connections/user sec, bytes read 0
206 connections in 11 real seconds, 0 bytes read per connection
Execution 11
s_time: verify depth is 1
307 connections in 1.45s; 211.72 connections/user sec, bytes read 0
307 connections in 11 real seconds, 0 bytes read per connection
Execution 12
s_time: verify depth is 1
308 connections in 1.42s; 216.90 connections/user sec, bytes read 0
308 connections in 11 real seconds, 0 bytes read per connection
Execution 13
s_time: verify depth is 1
211 connections in 0.91s; 231.87 connections/user sec, bytes read 0
211 connections in 11 real seconds, 0 bytes read per connection
Execution 14
s_time: verify depth is 1
309 connections in 1.42s; 217.61 connections/user sec, bytes read 0
309 connections in 11 real seconds, 0 bytes read per connection
Execution 15
s_time: verify depth is 1
308 connections in 1.44s; 213.89 connections/user sec, bytes read 0
308 connections in 11 real seconds, 0 bytes read per connection
Execution 16
s_time: verify depth is 1
242 connections in 1.12s; 216.07 connections/user sec, bytes read 0
242 connections in 12 real seconds, 0 bytes read per connection
Execution 17
s_time: verify depth is 1
299 connections in 1.38s; 216.67 connections/user sec, bytes read 0
299 connections in 11 real seconds, 0 bytes read per connection
Execution 18
s_time: verify depth is 1
308 connections in 1.41s; 218.44 connections/user sec, bytes read 0
308 connections in 11 real seconds, 0 bytes read per connection
Execution 19
s_time: verify depth is 1
295 connections in 1.37s; 215.33 connections/user sec, bytes read 0
295 connections in 14 real seconds, 0 bytes read per connection
Execution 20
s_time: verify depth is 1
304 connections in 1.38s; 220.29 connections/user sec, bytes read 0
304 connections in 11 real seconds, 0 bytes read per connection
Execution 21
s_time: verify depth is 1
307 connections in 1.43s; 214.69 connections/user sec, bytes read 0
307 connections in 11 real seconds, 0 bytes read per connection
Execution 22
s_time: verify depth is 1
290 connections in 1.33s; 218.05 connections/user sec, bytes read 0
290 connections in 13 real seconds, 0 bytes read per connection
Execution 23
s_time: verify depth is 1
281 connections in 1.31s; 214.50 connections/user sec, bytes read 0
281 connections in 11 real seconds, 0 bytes read per connection
Execution 24
s_time: verify depth is 1
307 connections in 1.40s; 219.29 connections/user sec, bytes read 0
307 connections in 11 real seconds, 0 bytes read per connection
Execution 25
s_time: verify depth is 1
307 connections in 1.47s; 208.84 connections/user sec, bytes read 0
307 connections in 11 real seconds, 0 bytes read per connection
Execution 26
s_time: verify depth is 1
207 connections in 0.95s; 217.89 connections/user sec, bytes read 0
207 connections in 11 real seconds, 0 bytes read per connection
Execution 27
s_time: verify depth is 1
307 connections in 1.44s; 213.19 connections/user sec, bytes read 0
307 connections in 11 real seconds, 0 bytes read per connection
Execution 28
s_time: verify depth is 1
306 connections in 1.45s; 211.03 connections/user sec, bytes read 0
306 connections in 11 real seconds, 0 bytes read per connection
Execution 29
s_time: verify depth is 1
208 connections in 0.96s; 216.67 connections/user sec, bytes read 0
208 connections in 11 real seconds, 0 bytes read per connection
Execution 30
s_time: verify depth is 1
308 connections in 1.41s; 218.44 connections/user sec, bytes read 0
308 connections in 11 real seconds, 0 bytes read per connection
Execution 31
s_time: verify depth is 1
305 connections in 1.48s; 206.08 connections/user sec, bytes read 0
305 connections in 11 real seconds, 0 bytes read per connection
Execution 32
s_time: verify depth is 1
206 connections in 0.97s; 212.37 connections/user sec, bytes read 0
206 connections in 11 real seconds, 0 bytes read per connection
Execution 33
s_time: verify depth is 1
307 connections in 1.42s; 216.20 connections/user sec, bytes read 0
307 connections in 11 real seconds, 0 bytes read per connection
Execution 34
s_time: verify depth is 1
305 connections in 1.44s; 211.81 connections/user sec, bytes read 0
305 connections in 11 real seconds, 0 bytes read per connection
Execution 35
s_time: verify depth is 1
244 connections in 1.13s; 215.93 connections/user sec, bytes read 0
244 connections in 12 real seconds, 0 bytes read per connection
Execution 36
s_time: verify depth is 1
306 connections in 1.26s; 242.86 connections/user sec, bytes read 0
306 connections in 11 real seconds, 0 bytes read per connection
Execution 37
s_time: verify depth is 1
308 connections in 1.39s; 221.58 connections/user sec, bytes read 0
308 connections in 11 real seconds, 0 bytes read per connection
Execution 38
s_time: verify depth is 1
296 connections in 1.33s; 222.56 connections/user sec, bytes read 0
296 connections in 14 real seconds, 0 bytes read per connection
Execution 39
s_time: verify depth is 1
305 connections in 1.41s; 216.31 connections/user sec, bytes read 0
305 connections in 11 real seconds, 0 bytes read per connection
Execution 40
s_time: verify depth is 1
307 connections in 1.44s; 213.19 connections/user sec, bytes read 0
307 connections in 11 real seconds, 0 bytes read per connection
Execution 41
s_time: verify depth is 1
292 connections in 1.31s; 222.90 connections/user sec, bytes read 0
292 connections in 13 real seconds, 0 bytes read per connection
Execution 42
s_time: verify depth is 1
281 connections in 1.28s; 219.53 connections/user sec, bytes read 0
281 connections in 11 real seconds, 0 bytes read per connection
Execution 43
s_time: verify depth is 1
306 connections in 1.46s; 209.59 connections/user sec, bytes read 0
306 connections in 11 real seconds, 0 bytes read per connection
Execution 44
s_time: verify depth is 1
309 connections in 1.39s; 222.30 connections/user sec, bytes read 0
309 connections in 11 real seconds, 0 bytes read per connection
Execution 45
s_time: verify depth is 1
207 connections in 0.96s; 215.62 connections/user sec, bytes read 0
207 connections in 11 real seconds, 0 bytes read per connection
Execution 46
s_time: verify depth is 1
308 connections in 1.40s; 220.00 connections/user sec, bytes read 0
308 connections in 11 real seconds, 0 bytes read per connection
Execution 47
s_time: verify depth is 1
308 connections in 1.39s; 221.58 connections/user sec, bytes read 0
308 connections in 11 real seconds, 0 bytes read per connection
Execution 48
s_time: verify depth is 1
207 connections in 0.96s; 215.62 connections/user sec, bytes read 0
207 connections in 11 real seconds, 0 bytes read per connection
Execution 49
s_time: verify depth is 1
311 connections in 1.34s; 232.09 connections/user sec, bytes read 0
311 connections in 11 real seconds, 0 bytes read per connection
Execution 50
s_time: verify depth is 1
306 connections in 1.43s; 213.99 connections/user sec, bytes read 0
306 connections in 11 real seconds, 0 bytes read per connection
tc
Mostrando el estado de qdisc para la interfaz: lo
qdisc netem 826a: root refcnt 2 limit 1000 delay 7.0ms
 Sent 0 bytes 0 pkt (dropped 0, overlimits 0 requeues 0) 
 backlog 0b 0p requeues 0
Certificate request self-signature ok
subject=CN=localhost
Running /opt/oqssa/bin/perftestServerECDSA.sh with SIG_ALG=secp384r1 and KEM_ALG=mlkem768

Using default temp DH parameters
ACCEPT
Execution 1
s_time: verify depth is 1
216 connections in 0.78s; 276.92 connections/user sec, bytes read 0
216 connections in 11 real seconds, 0 bytes read per connection
Execution 2
s_time: verify depth is 1
331 connections in 1.06s; 312.26 connections/user sec, bytes read 0
331 connections in 11 real seconds, 0 bytes read per connection
Execution 3
s_time: verify depth is 1
333 connections in 1.07s; 311.21 connections/user sec, bytes read 0
333 connections in 11 real seconds, 0 bytes read per connection
Execution 4
s_time: verify depth is 1
225 connections in 0.70s; 321.43 connections/user sec, bytes read 0
225 connections in 11 real seconds, 0 bytes read per connection
Execution 5
s_time: verify depth is 1
325 connections in 1.19s; 273.11 connections/user sec, bytes read 0
325 connections in 11 real seconds, 0 bytes read per connection
Execution 6
s_time: verify depth is 1
323 connections in 1.22s; 264.75 connections/user sec, bytes read 0
323 connections in 11 real seconds, 0 bytes read per connection
Execution 7
s_time: verify depth is 1
282 connections in 0.98s; 287.76 connections/user sec, bytes read 0
282 connections in 13 real seconds, 0 bytes read per connection
Execution 8
s_time: verify depth is 1
320 connections in 1.18s; 271.19 connections/user sec, bytes read 0
320 connections in 11 real seconds, 0 bytes read per connection
Execution 9
s_time: verify depth is 1
326 connections in 1.18s; 276.27 connections/user sec, bytes read 0
326 connections in 11 real seconds, 0 bytes read per connection
Execution 10
s_time: verify depth is 1
307 connections in 1.09s; 281.65 connections/user sec, bytes read 0
307 connections in 13 real seconds, 0 bytes read per connection
Execution 11
s_time: verify depth is 1
297 connections in 1.05s; 282.86 connections/user sec, bytes read 0
297 connections in 11 real seconds, 0 bytes read per connection
Execution 12
s_time: verify depth is 1
326 connections in 1.14s; 285.96 connections/user sec, bytes read 0
326 connections in 11 real seconds, 0 bytes read per connection
Execution 13
s_time: verify depth is 1
323 connections in 1.21s; 266.94 connections/user sec, bytes read 0
323 connections in 11 real seconds, 0 bytes read per connection
Execution 14
s_time: verify depth is 1
220 connections in 0.77s; 285.71 connections/user sec, bytes read 0
220 connections in 11 real seconds, 0 bytes read per connection
Execution 15
s_time: verify depth is 1
325 connections in 1.15s; 282.61 connections/user sec, bytes read 0
325 connections in 11 real seconds, 0 bytes read per connection
Execution 16
s_time: verify depth is 1
324 connections in 1.21s; 267.77 connections/user sec, bytes read 0
324 connections in 11 real seconds, 0 bytes read per connection
Execution 17
s_time: verify depth is 1
219 connections in 0.77s; 284.42 connections/user sec, bytes read 0
219 connections in 11 real seconds, 0 bytes read per connection
Execution 18
s_time: verify depth is 1
326 connections in 1.13s; 288.50 connections/user sec, bytes read 0
326 connections in 11 real seconds, 0 bytes read per connection
Execution 19
s_time: verify depth is 1
331 connections in 1.09s; 303.67 connections/user sec, bytes read 0
331 connections in 11 real seconds, 0 bytes read per connection
Execution 20
s_time: verify depth is 1
220 connections in 0.80s; 275.00 connections/user sec, bytes read 0
220 connections in 11 real seconds, 0 bytes read per connection
Execution 21
s_time: verify depth is 1
324 connections in 1.16s; 279.31 connections/user sec, bytes read 0
324 connections in 11 real seconds, 0 bytes read per connection
Execution 22
s_time: verify depth is 1
326 connections in 1.16s; 281.03 connections/user sec, bytes read 0
326 connections in 11 real seconds, 0 bytes read per connection
Execution 23
s_time: verify depth is 1
258 connections in 0.90s; 286.67 connections/user sec, bytes read 0
258 connections in 12 real seconds, 0 bytes read per connection
Execution 24
s_time: verify depth is 1
316 connections in 1.16s; 272.41 connections/user sec, bytes read 0
316 connections in 11 real seconds, 0 bytes read per connection
Execution 25
s_time: verify depth is 1
324 connections in 1.17s; 276.92 connections/user sec, bytes read 0
324 connections in 11 real seconds, 0 bytes read per connection
Execution 26
s_time: verify depth is 1
312 connections in 1.11s; 281.08 connections/user sec, bytes read 0
312 connections in 14 real seconds, 0 bytes read per connection
Execution 27
s_time: verify depth is 1
321 connections in 1.17s; 274.36 connections/user sec, bytes read 0
321 connections in 11 real seconds, 0 bytes read per connection
Execution 28
s_time: verify depth is 1
325 connections in 1.17s; 277.78 connections/user sec, bytes read 0
325 connections in 11 real seconds, 0 bytes read per connection
Execution 29
s_time: verify depth is 1
307 connections in 1.10s; 279.09 connections/user sec, bytes read 0
307 connections in 13 real seconds, 0 bytes read per connection
Execution 30
s_time: verify depth is 1
296 connections in 1.08s; 274.07 connections/user sec, bytes read 0
296 connections in 11 real seconds, 0 bytes read per connection
Execution 31
s_time: verify depth is 1
326 connections in 1.18s; 276.27 connections/user sec, bytes read 0
326 connections in 11 real seconds, 0 bytes read per connection
Execution 32
s_time: verify depth is 1
326 connections in 1.14s; 285.96 connections/user sec, bytes read 0
326 connections in 11 real seconds, 0 bytes read per connection
Execution 33
s_time: verify depth is 1
219 connections in 0.80s; 273.75 connections/user sec, bytes read 0
219 connections in 11 real seconds, 0 bytes read per connection
Execution 34
s_time: verify depth is 1
330 connections in 1.09s; 302.75 connections/user sec, bytes read 0
330 connections in 11 real seconds, 0 bytes read per connection
Execution 35
s_time: verify depth is 1
326 connections in 1.14s; 285.96 connections/user sec, bytes read 0
326 connections in 11 real seconds, 0 bytes read per connection
Execution 36
s_time: verify depth is 1
221 connections in 0.73s; 302.74 connections/user sec, bytes read 0
221 connections in 11 real seconds, 0 bytes read per connection
Execution 37
s_time: verify depth is 1
326 connections in 1.15s; 283.48 connections/user sec, bytes read 0
326 connections in 11 real seconds, 0 bytes read per connection
Execution 38
s_time: verify depth is 1
326 connections in 1.15s; 283.48 connections/user sec, bytes read 0
326 connections in 11 real seconds, 0 bytes read per connection
Execution 39
s_time: verify depth is 1
218 connections in 0.80s; 272.50 connections/user sec, bytes read 0
218 connections in 11 real seconds, 0 bytes read per connection
Execution 40
s_time: verify depth is 1
325 connections in 1.17s; 277.78 connections/user sec, bytes read 0
325 connections in 11 real seconds, 0 bytes read per connection
Execution 41
s_time: verify depth is 1
323 connections in 1.19s; 271.43 connections/user sec, bytes read 0
323 connections in 11 real seconds, 0 bytes read per connection
Execution 42
s_time: verify depth is 1
257 connections in 0.92s; 279.35 connections/user sec, bytes read 0
257 connections in 12 real seconds, 0 bytes read per connection
Execution 43
s_time: verify depth is 1
317 connections in 1.11s; 285.59 connections/user sec, bytes read 0
317 connections in 11 real seconds, 0 bytes read per connection
Execution 44
s_time: verify depth is 1
326 connections in 1.17s; 278.63 connections/user sec, bytes read 0
326 connections in 11 real seconds, 0 bytes read per connection
Execution 45
s_time: verify depth is 1
311 connections in 1.13s; 275.22 connections/user sec, bytes read 0
311 connections in 14 real seconds, 0 bytes read per connection
Execution 46
s_time: verify depth is 1
322 connections in 1.13s; 284.96 connections/user sec, bytes read 0
322 connections in 11 real seconds, 0 bytes read per connection
Execution 47
s_time: verify depth is 1
326 connections in 1.17s; 278.63 connections/user sec, bytes read 0
326 connections in 11 real seconds, 0 bytes read per connection
Execution 48
s_time: verify depth is 1
306 connections in 1.10s; 278.18 connections/user sec, bytes read 0
306 connections in 13 real seconds, 0 bytes read per connection
Execution 49
s_time: verify depth is 1
297 connections in 1.06s; 280.19 connections/user sec, bytes read 0
297 connections in 11 real seconds, 0 bytes read per connection
Execution 50
s_time: verify depth is 1
325 connections in 1.15s; 282.61 connections/user sec, bytes read 0
325 connections in 11 real seconds, 0 bytes read per connection
