tc
Mostrando el estado de qdisc para la interfaz: lo
qdisc netem 834d: root refcnt 2 limit 1000 loss 0.2%
 Sent 0 bytes 0 pkt (dropped 0, overlimits 0 requeues 0) 
 backlog 0b 0p requeues 0
Certificate request self-signature ok
subject=CN=localhost
Running /opt/oqssa/bin/perftestServerECDSA.sh with SIG_ALG=secp521r1 and KEM_ALG=P-521

Using default temp DH parameters
ACCEPT
Execution 1
s_time: verify depth is 1
504 connections in 6.56s; 76.83 connections/user sec, bytes read 0
504 connections in 11 real seconds, 0 bytes read per connection
Execution 2
s_time: verify depth is 1
404 connections in 5.23s; 77.25 connections/user sec, bytes read 0
404 connections in 11 real seconds, 0 bytes read per connection
Execution 3
s_time: verify depth is 1
338 connections in 4.45s; 75.96 connections/user sec, bytes read 0
338 connections in 12 real seconds, 0 bytes read per connection
Execution 4
s_time: verify depth is 1
373 connections in 4.76s; 78.36 connections/user sec, bytes read 0
373 connections in 11 real seconds, 0 bytes read per connection
Execution 5
s_time: verify depth is 1
362 connections in 4.70s; 77.02 connections/user sec, bytes read 0
362 connections in 11 real seconds, 0 bytes read per connection
Execution 6
s_time: verify depth is 1
399 connections in 5.05s; 79.01 connections/user sec, bytes read 0
399 connections in 13 real seconds, 0 bytes read per connection
Execution 7
s_time: verify depth is 1
479 connections in 6.12s; 78.27 connections/user sec, bytes read 0
479 connections in 11 real seconds, 0 bytes read per connection
Execution 8
s_time: verify depth is 1
406 connections in 5.33s; 76.17 connections/user sec, bytes read 0
406 connections in 11 real seconds, 0 bytes read per connection
Execution 9
s_time: verify depth is 1
411 connections in 5.23s; 78.59 connections/user sec, bytes read 0
411 connections in 14 real seconds, 0 bytes read per connection
Execution 10
s_time: verify depth is 1
445 connections in 5.95s; 74.79 connections/user sec, bytes read 0
445 connections in 11 real seconds, 0 bytes read per connection
Execution 11
s_time: verify depth is 1
418 connections in 5.35s; 78.13 connections/user sec, bytes read 0
418 connections in 11 real seconds, 0 bytes read per connection
Execution 12
s_time: verify depth is 1
333 connections in 4.46s; 74.66 connections/user sec, bytes read 0
333 connections in 13 real seconds, 0 bytes read per connection
Execution 13
s_time: verify depth is 1
387 connections in 4.91s; 78.82 connections/user sec, bytes read 0
387 connections in 11 real seconds, 0 bytes read per connection
Execution 14
s_time: verify depth is 1
464 connections in 6.41s; 72.39 connections/user sec, bytes read 0
464 connections in 11 real seconds, 0 bytes read per connection
Execution 15
s_time: verify depth is 1
325 connections in 4.43s; 73.36 connections/user sec, bytes read 0
325 connections in 14 real seconds, 0 bytes read per connection
Execution 16
s_time: verify depth is 1
388 connections in 5.17s; 75.05 connections/user sec, bytes read 0
388 connections in 11 real seconds, 0 bytes read per connection
Execution 17
s_time: verify depth is 1
288 connections in 3.92s; 73.47 connections/user sec, bytes read 0
288 connections in 11 real seconds, 0 bytes read per connection
Execution 18
s_time: verify depth is 1
408 connections in 5.41s; 75.42 connections/user sec, bytes read 0
408 connections in 14 real seconds, 0 bytes read per connection
Execution 19
s_time: verify depth is 1
356 connections in 4.74s; 75.11 connections/user sec, bytes read 0
356 connections in 11 real seconds, 0 bytes read per connection
Execution 20
s_time: verify depth is 1
356 connections in 4.91s; 72.51 connections/user sec, bytes read 0
356 connections in 11 real seconds, 0 bytes read per connection
Execution 21
s_time: verify depth is 1
409 connections in 5.36s; 76.31 connections/user sec, bytes read 0
409 connections in 14 real seconds, 0 bytes read per connection
Execution 22
s_time: verify depth is 1
459 connections in 6.13s; 74.88 connections/user sec, bytes read 0
459 connections in 11 real seconds, 0 bytes read per connection
Execution 23
s_time: verify depth is 1
422 connections in 5.88s; 71.77 connections/user sec, bytes read 0
422 connections in 11 real seconds, 0 bytes read per connection
Execution 24
s_time: verify depth is 1
387 connections in 5.22s; 74.14 connections/user sec, bytes read 0
387 connections in 13 real seconds, 0 bytes read per connection
Execution 25
s_time: verify depth is 1
375 connections in 4.99s; 75.15 connections/user sec, bytes read 0
375 connections in 11 real seconds, 0 bytes read per connection
Execution 26
s_time: verify depth is 1
343 connections in 4.50s; 76.22 connections/user sec, bytes read 0
343 connections in 11 real seconds, 0 bytes read per connection
Execution 27
s_time: verify depth is 1
399 connections in 5.23s; 76.29 connections/user sec, bytes read 0
399 connections in 13 real seconds, 0 bytes read per connection
Execution 28
s_time: verify depth is 1
364 connections in 4.77s; 76.31 connections/user sec, bytes read 0
364 connections in 11 real seconds, 0 bytes read per connection
Execution 29
s_time: verify depth is 1
415 connections in 5.57s; 74.51 connections/user sec, bytes read 0
415 connections in 11 real seconds, 0 bytes read per connection
Execution 30
s_time: verify depth is 1
332 connections in 4.57s; 72.65 connections/user sec, bytes read 0
332 connections in 11 real seconds, 0 bytes read per connection
Execution 31
s_time: verify depth is 1
213 connections in 2.80s; 76.07 connections/user sec, bytes read 0
213 connections in 11 real seconds, 0 bytes read per connection
Execution 32
s_time: verify depth is 1
415 connections in 5.65s; 73.45 connections/user sec, bytes read 0
415 connections in 11 real seconds, 0 bytes read per connection
Execution 33
s_time: verify depth is 1
426 connections in 5.60s; 76.07 connections/user sec, bytes read 0
426 connections in 11 real seconds, 0 bytes read per connection
Execution 34
s_time: verify depth is 1
176 connections in 2.28s; 77.19 connections/user sec, bytes read 0
176 connections in 11 real seconds, 0 bytes read per connection
Execution 35
s_time: verify depth is 1
351 connections in 4.58s; 76.64 connections/user sec, bytes read 0
351 connections in 11 real seconds, 0 bytes read per connection
Execution 36
s_time: verify depth is 1
482 connections in 6.49s; 74.27 connections/user sec, bytes read 0
482 connections in 11 real seconds, 0 bytes read per connection
Execution 37
s_time: verify depth is 1
284 connections in 3.64s; 78.02 connections/user sec, bytes read 0
284 connections in 11 real seconds, 0 bytes read per connection
Execution 38
s_time: verify depth is 1
321 connections in 4.32s; 74.31 connections/user sec, bytes read 0
321 connections in 11 real seconds, 0 bytes read per connection
Execution 39
s_time: verify depth is 1
389 connections in 5.16s; 75.39 connections/user sec, bytes read 0
389 connections in 11 real seconds, 0 bytes read per connection
Execution 40
s_time: verify depth is 1
271 connections in 3.54s; 76.55 connections/user sec, bytes read 0
271 connections in 12 real seconds, 0 bytes read per connection
Execution 41
s_time: verify depth is 1
474 connections in 6.14s; 77.20 connections/user sec, bytes read 0
474 connections in 11 real seconds, 0 bytes read per connection
Execution 42
s_time: verify depth is 1
350 connections in 4.53s; 77.26 connections/user sec, bytes read 0
350 connections in 11 real seconds, 0 bytes read per connection
Execution 43
s_time: verify depth is 1
408 connections in 5.37s; 75.98 connections/user sec, bytes read 0
408 connections in 14 real seconds, 0 bytes read per connection
Execution 44
s_time: verify depth is 1
441 connections in 5.67s; 77.78 connections/user sec, bytes read 0
441 connections in 11 real seconds, 0 bytes read per connection
Execution 45
s_time: verify depth is 1
402 connections in 5.16s; 77.91 connections/user sec, bytes read 0
402 connections in 11 real seconds, 0 bytes read per connection
Execution 46
s_time: verify depth is 1
395 connections in 5.12s; 77.15 connections/user sec, bytes read 0
395 connections in 13 real seconds, 0 bytes read per connection
Execution 47
s_time: verify depth is 1
361 connections in 4.66s; 77.47 connections/user sec, bytes read 0
361 connections in 11 real seconds, 0 bytes read per connection
Execution 48
s_time: verify depth is 1
448 connections in 5.78s; 77.51 connections/user sec, bytes read 0
448 connections in 11 real seconds, 0 bytes read per connection
Execution 49
s_time: verify depth is 1
453 connections in 5.83s; 77.70 connections/user sec, bytes read 0
453 connections in 11 real seconds, 0 bytes read per connection
Execution 50
s_time: verify depth is 1
233 connections in 3.11s; 74.92 connections/user sec, bytes read 0
233 connections in 11 real seconds, 0 bytes read per connection
tc
Mostrando el estado de qdisc para la interfaz: lo
qdisc netem 834e: root refcnt 2 limit 1000 loss 0.2%
 Sent 0 bytes 0 pkt (dropped 0, overlimits 0 requeues 0) 
 backlog 0b 0p requeues 0
Certificate request self-signature ok
subject=CN=localhost
Running /opt/oqssa/bin/perftestServerECDSA.sh with SIG_ALG=secp521r1 and KEM_ALG=p521_mlkem1024

Using default temp DH parameters
ACCEPT
Execution 1
s_time: verify depth is 1
281 connections in 4.22s; 66.59 connections/user sec, bytes read 0
281 connections in 11 real seconds, 0 bytes read per connection
Execution 2
s_time: verify depth is 1
327 connections in 4.76s; 68.70 connections/user sec, bytes read 0
327 connections in 11 real seconds, 0 bytes read per connection
Execution 3
s_time: verify depth is 1
171 connections in 2.65s; 64.53 connections/user sec, bytes read 0
171 connections in 11 real seconds, 0 bytes read per connection
Execution 4
s_time: verify depth is 1
369 connections in 5.38s; 68.59 connections/user sec, bytes read 0
369 connections in 11 real seconds, 0 bytes read per connection
Execution 5
s_time: verify depth is 1
371 connections in 5.57s; 66.61 connections/user sec, bytes read 0
371 connections in 11 real seconds, 0 bytes read per connection
Execution 6
s_time: verify depth is 1
213 connections in 3.42s; 62.28 connections/user sec, bytes read 0
213 connections in 11 real seconds, 0 bytes read per connection
Execution 7
s_time: verify depth is 1
331 connections in 5.08s; 65.16 connections/user sec, bytes read 0
331 connections in 11 real seconds, 0 bytes read per connection
Execution 8
s_time: verify depth is 1
339 connections in 5.01s; 67.66 connections/user sec, bytes read 0
339 connections in 11 real seconds, 0 bytes read per connection
Execution 9
s_time: verify depth is 1
200 connections in 3.15s; 63.49 connections/user sec, bytes read 0
200 connections in 11 real seconds, 0 bytes read per connection
Execution 10
s_time: verify depth is 1
349 connections in 5.31s; 65.73 connections/user sec, bytes read 0
349 connections in 11 real seconds, 0 bytes read per connection
Execution 11
s_time: verify depth is 1
260 connections in 4.01s; 64.84 connections/user sec, bytes read 0
260 connections in 11 real seconds, 0 bytes read per connection
Execution 12
s_time: verify depth is 1
327 connections in 5.14s; 63.62 connections/user sec, bytes read 0
327 connections in 14 real seconds, 0 bytes read per connection
Execution 13
s_time: verify depth is 1
276 connections in 4.12s; 66.99 connections/user sec, bytes read 0
276 connections in 11 real seconds, 0 bytes read per connection
Execution 14
s_time: verify depth is 1
296 connections in 4.35s; 68.05 connections/user sec, bytes read 0
296 connections in 11 real seconds, 0 bytes read per connection
Execution 15
s_time: verify depth is 1
254 connections in 3.69s; 68.83 connections/user sec, bytes read 0
254 connections in 13 real seconds, 0 bytes read per connection
Execution 16
s_time: verify depth is 1
309 connections in 4.49s; 68.82 connections/user sec, bytes read 0
309 connections in 11 real seconds, 0 bytes read per connection
Execution 17
s_time: verify depth is 1
333 connections in 4.80s; 69.38 connections/user sec, bytes read 0
333 connections in 11 real seconds, 0 bytes read per connection
Execution 18
s_time: verify depth is 1
348 connections in 5.13s; 67.84 connections/user sec, bytes read 0
348 connections in 11 real seconds, 0 bytes read per connection
Execution 19
s_time: verify depth is 1
260 connections in 3.77s; 68.97 connections/user sec, bytes read 0
260 connections in 11 real seconds, 0 bytes read per connection
Execution 20
s_time: verify depth is 1
347 connections in 5.06s; 68.58 connections/user sec, bytes read 0
347 connections in 11 real seconds, 0 bytes read per connection
Execution 21
s_time: verify depth is 1
356 connections in 5.20s; 68.46 connections/user sec, bytes read 0
356 connections in 11 real seconds, 0 bytes read per connection
Execution 22
s_time: verify depth is 1
216 connections in 3.16s; 68.35 connections/user sec, bytes read 0
216 connections in 11 real seconds, 0 bytes read per connection
Execution 23
s_time: verify depth is 1
321 connections in 4.63s; 69.33 connections/user sec, bytes read 0
321 connections in 11 real seconds, 0 bytes read per connection
Execution 24
s_time: verify depth is 1
390 connections in 5.69s; 68.54 connections/user sec, bytes read 0
390 connections in 11 real seconds, 0 bytes read per connection
Execution 25
s_time: verify depth is 1
230 connections in 3.35s; 68.66 connections/user sec, bytes read 0
230 connections in 11 real seconds, 0 bytes read per connection
Execution 26
s_time: verify depth is 1
331 connections in 4.84s; 68.39 connections/user sec, bytes read 0
331 connections in 11 real seconds, 0 bytes read per connection
Execution 27
s_time: verify depth is 1
320 connections in 4.68s; 68.38 connections/user sec, bytes read 0
320 connections in 11 real seconds, 0 bytes read per connection
Execution 28
s_time: verify depth is 1
266 connections in 3.94s; 67.51 connections/user sec, bytes read 0
266 connections in 12 real seconds, 0 bytes read per connection
Execution 29
s_time: verify depth is 1
335 connections in 4.89s; 68.51 connections/user sec, bytes read 0
335 connections in 11 real seconds, 0 bytes read per connection
Execution 30
s_time: verify depth is 1
367 connections in 5.41s; 67.84 connections/user sec, bytes read 0
367 connections in 11 real seconds, 0 bytes read per connection
Execution 31
s_time: verify depth is 1
291 connections in 4.32s; 67.36 connections/user sec, bytes read 0
291 connections in 14 real seconds, 0 bytes read per connection
Execution 32
s_time: verify depth is 1
245 connections in 3.57s; 68.63 connections/user sec, bytes read 0
245 connections in 11 real seconds, 0 bytes read per connection
Execution 33
s_time: verify depth is 1
323 connections in 4.84s; 66.74 connections/user sec, bytes read 0
323 connections in 11 real seconds, 0 bytes read per connection
Execution 34
s_time: verify depth is 1
279 connections in 4.07s; 68.55 connections/user sec, bytes read 0
279 connections in 13 real seconds, 0 bytes read per connection
Execution 35
s_time: verify depth is 1
358 connections in 5.29s; 67.67 connections/user sec, bytes read 0
358 connections in 11 real seconds, 0 bytes read per connection
Execution 36
s_time: verify depth is 1
343 connections in 5.15s; 66.60 connections/user sec, bytes read 0
343 connections in 11 real seconds, 0 bytes read per connection
Execution 37
s_time: verify depth is 1
409 connections in 5.93s; 68.97 connections/user sec, bytes read 0
409 connections in 11 real seconds, 0 bytes read per connection
Execution 38
s_time: verify depth is 1
213 connections in 3.11s; 68.49 connections/user sec, bytes read 0
213 connections in 11 real seconds, 0 bytes read per connection
Execution 39
s_time: verify depth is 1
352 connections in 5.20s; 67.69 connections/user sec, bytes read 0
352 connections in 11 real seconds, 0 bytes read per connection
Execution 40
s_time: verify depth is 1
303 connections in 4.43s; 68.40 connections/user sec, bytes read 0
303 connections in 11 real seconds, 0 bytes read per connection
Execution 41
s_time: verify depth is 1
175 connections in 2.58s; 67.83 connections/user sec, bytes read 0
175 connections in 11 real seconds, 0 bytes read per connection
Execution 42
s_time: verify depth is 1
294 connections in 4.29s; 68.53 connections/user sec, bytes read 0
294 connections in 11 real seconds, 0 bytes read per connection
Execution 43
s_time: verify depth is 1
380 connections in 5.59s; 67.98 connections/user sec, bytes read 0
380 connections in 11 real seconds, 0 bytes read per connection
Execution 44
s_time: verify depth is 1
220 connections in 3.40s; 64.71 connections/user sec, bytes read 0
220 connections in 11 real seconds, 0 bytes read per connection
Execution 45
s_time: verify depth is 1
387 connections in 5.63s; 68.74 connections/user sec, bytes read 0
387 connections in 11 real seconds, 0 bytes read per connection
Execution 46
s_time: verify depth is 1
353 connections in 5.18s; 68.15 connections/user sec, bytes read 0
353 connections in 11 real seconds, 0 bytes read per connection
Execution 47
s_time: verify depth is 1
235 connections in 3.46s; 67.92 connections/user sec, bytes read 0
235 connections in 12 real seconds, 0 bytes read per connection
Execution 48
s_time: verify depth is 1
315 connections in 4.62s; 68.18 connections/user sec, bytes read 0
315 connections in 11 real seconds, 0 bytes read per connection
Execution 49
s_time: verify depth is 1
395 connections in 5.81s; 67.99 connections/user sec, bytes read 0
395 connections in 11 real seconds, 0 bytes read per connection
Execution 50
s_time: verify depth is 1
344 connections in 5.07s; 67.85 connections/user sec, bytes read 0
344 connections in 14 real seconds, 0 bytes read per connection
tc
Mostrando el estado de qdisc para la interfaz: lo
qdisc netem 834f: root refcnt 2 limit 1000 loss 0.2%
 Sent 0 bytes 0 pkt (dropped 0, overlimits 0 requeues 0) 
 backlog 0b 0p requeues 0
Certificate request self-signature ok
subject=CN=localhost
Running /opt/oqssa/bin/perftestServerECDSA.sh with SIG_ALG=secp521r1 and KEM_ALG=mlkem1024

Using default temp DH parameters
ACCEPT
Execution 1
s_time: verify depth is 1
709 connections in 3.97s; 178.59 connections/user sec, bytes read 0
709 connections in 11 real seconds, 0 bytes read per connection
Execution 2
s_time: verify depth is 1
644 connections in 3.59s; 179.39 connections/user sec, bytes read 0
644 connections in 11 real seconds, 0 bytes read per connection
Execution 3
s_time: verify depth is 1
494 connections in 2.71s; 182.29 connections/user sec, bytes read 0
494 connections in 11 real seconds, 0 bytes read per connection
Execution 4
s_time: verify depth is 1
667 connections in 3.74s; 178.34 connections/user sec, bytes read 0
667 connections in 11 real seconds, 0 bytes read per connection
Execution 5
s_time: verify depth is 1
1116 connections in 6.26s; 178.27 connections/user sec, bytes read 0
1116 connections in 11 real seconds, 0 bytes read per connection
Execution 6
s_time: verify depth is 1
989 connections in 5.63s; 175.67 connections/user sec, bytes read 0
989 connections in 11 real seconds, 0 bytes read per connection
Execution 7
s_time: verify depth is 1
733 connections in 4.06s; 180.54 connections/user sec, bytes read 0
733 connections in 11 real seconds, 0 bytes read per connection
Execution 8
s_time: verify depth is 1
687 connections in 3.94s; 174.37 connections/user sec, bytes read 0
687 connections in 11 real seconds, 0 bytes read per connection
Execution 9
s_time: verify depth is 1
695 connections in 3.85s; 180.52 connections/user sec, bytes read 0
695 connections in 11 real seconds, 0 bytes read per connection
Execution 10
s_time: verify depth is 1
577 connections in 3.26s; 176.99 connections/user sec, bytes read 0
577 connections in 11 real seconds, 0 bytes read per connection
Execution 11
s_time: verify depth is 1
912 connections in 5.27s; 173.06 connections/user sec, bytes read 0
912 connections in 11 real seconds, 0 bytes read per connection
Execution 12
s_time: verify depth is 1
748 connections in 4.39s; 170.39 connections/user sec, bytes read 0
748 connections in 11 real seconds, 0 bytes read per connection
Execution 13
s_time: verify depth is 1
595 connections in 3.33s; 178.68 connections/user sec, bytes read 0
595 connections in 11 real seconds, 0 bytes read per connection
Execution 14
s_time: verify depth is 1
746 connections in 4.18s; 178.47 connections/user sec, bytes read 0
746 connections in 11 real seconds, 0 bytes read per connection
Execution 15
s_time: verify depth is 1
935 connections in 5.42s; 172.51 connections/user sec, bytes read 0
935 connections in 11 real seconds, 0 bytes read per connection
Execution 16
s_time: verify depth is 1
727 connections in 4.05s; 179.51 connections/user sec, bytes read 0
727 connections in 12 real seconds, 0 bytes read per connection
Execution 17
s_time: verify depth is 1
873 connections in 4.85s; 180.00 connections/user sec, bytes read 0
873 connections in 11 real seconds, 0 bytes read per connection
Execution 18
s_time: verify depth is 1
876 connections in 4.97s; 176.26 connections/user sec, bytes read 0
876 connections in 11 real seconds, 0 bytes read per connection
Execution 19
s_time: verify depth is 1
707 connections in 4.11s; 172.02 connections/user sec, bytes read 0
707 connections in 14 real seconds, 0 bytes read per connection
Execution 20
s_time: verify depth is 1
755 connections in 4.35s; 173.56 connections/user sec, bytes read 0
755 connections in 11 real seconds, 0 bytes read per connection
Execution 21
s_time: verify depth is 1
1205 connections in 6.68s; 180.39 connections/user sec, bytes read 0
1205 connections in 11 real seconds, 0 bytes read per connection
Execution 22
s_time: verify depth is 1
969 connections in 5.47s; 177.15 connections/user sec, bytes read 0
969 connections in 13 real seconds, 0 bytes read per connection
Execution 23
s_time: verify depth is 1
916 connections in 5.32s; 172.18 connections/user sec, bytes read 0
916 connections in 11 real seconds, 0 bytes read per connection
Execution 24
s_time: verify depth is 1
691 connections in 3.91s; 176.73 connections/user sec, bytes read 0
691 connections in 11 real seconds, 0 bytes read per connection
Execution 25
s_time: verify depth is 1
800 connections in 4.53s; 176.60 connections/user sec, bytes read 0
800 connections in 15 real seconds, 0 bytes read per connection
Execution 26
s_time: verify depth is 1
532 connections in 2.98s; 178.52 connections/user sec, bytes read 0
532 connections in 11 real seconds, 0 bytes read per connection
Execution 27
s_time: verify depth is 1
658 connections in 3.87s; 170.03 connections/user sec, bytes read 0
658 connections in 11 real seconds, 0 bytes read per connection
Execution 28
s_time: verify depth is 1
821 connections in 4.81s; 170.69 connections/user sec, bytes read 0
821 connections in 13 real seconds, 0 bytes read per connection
Execution 29
s_time: verify depth is 1
946 connections in 5.46s; 173.26 connections/user sec, bytes read 0
946 connections in 11 real seconds, 0 bytes read per connection
Execution 30
s_time: verify depth is 1
628 connections in 3.56s; 176.40 connections/user sec, bytes read 0
628 connections in 11 real seconds, 0 bytes read per connection
Execution 31
s_time: verify depth is 1
812 connections in 4.65s; 174.62 connections/user sec, bytes read 0
812 connections in 14 real seconds, 0 bytes read per connection
Execution 32
s_time: verify depth is 1
660 connections in 3.81s; 173.23 connections/user sec, bytes read 0
660 connections in 11 real seconds, 0 bytes read per connection
Execution 33
s_time: verify depth is 1
855 connections in 5.07s; 168.64 connections/user sec, bytes read 0
855 connections in 11 real seconds, 0 bytes read per connection
Execution 34
s_time: verify depth is 1
458 connections in 2.69s; 170.26 connections/user sec, bytes read 0
458 connections in 14 real seconds, 0 bytes read per connection
Execution 35
s_time: verify depth is 1
775 connections in 4.49s; 172.61 connections/user sec, bytes read 0
775 connections in 11 real seconds, 0 bytes read per connection
Execution 36
s_time: verify depth is 1
824 connections in 4.73s; 174.21 connections/user sec, bytes read 0
824 connections in 11 real seconds, 0 bytes read per connection
Execution 37
s_time: verify depth is 1
781 connections in 4.50s; 173.56 connections/user sec, bytes read 0
781 connections in 14 real seconds, 0 bytes read per connection
Execution 38
s_time: verify depth is 1
819 connections in 4.69s; 174.63 connections/user sec, bytes read 0
819 connections in 11 real seconds, 0 bytes read per connection
Execution 39
s_time: verify depth is 1
962 connections in 5.55s; 173.33 connections/user sec, bytes read 0
962 connections in 11 real seconds, 0 bytes read per connection
Execution 40
s_time: verify depth is 1
519 connections in 3.03s; 171.29 connections/user sec, bytes read 0
519 connections in 13 real seconds, 0 bytes read per connection
Execution 41
s_time: verify depth is 1
907 connections in 5.06s; 179.25 connections/user sec, bytes read 0
907 connections in 11 real seconds, 0 bytes read per connection
Execution 42
s_time: verify depth is 1
888 connections in 5.10s; 174.12 connections/user sec, bytes read 0
888 connections in 11 real seconds, 0 bytes read per connection
Execution 43
s_time: verify depth is 1
815 connections in 4.62s; 176.41 connections/user sec, bytes read 0
815 connections in 11 real seconds, 0 bytes read per connection
Execution 44
s_time: verify depth is 1
485 connections in 2.69s; 180.30 connections/user sec, bytes read 0
485 connections in 11 real seconds, 0 bytes read per connection
Execution 45
s_time: verify depth is 1
1043 connections in 5.90s; 176.78 connections/user sec, bytes read 0
1043 connections in 11 real seconds, 0 bytes read per connection
Execution 46
s_time: verify depth is 1
828 connections in 4.79s; 172.86 connections/user sec, bytes read 0
828 connections in 11 real seconds, 0 bytes read per connection
Execution 47
s_time: verify depth is 1
597 connections in 3.45s; 173.04 connections/user sec, bytes read 0
597 connections in 11 real seconds, 0 bytes read per connection
Execution 48
s_time: verify depth is 1
781 connections in 4.57s; 170.90 connections/user sec, bytes read 0
781 connections in 11 real seconds, 0 bytes read per connection
Execution 49
s_time: verify depth is 1
854 connections in 5.00s; 170.80 connections/user sec, bytes read 0
854 connections in 11 real seconds, 0 bytes read per connection
Execution 50
s_time: verify depth is 1
746 connections in 4.21s; 177.20 connections/user sec, bytes read 0
746 connections in 11 real seconds, 0 bytes read per connection
