tc
Mostrando el estado de qdisc para la interfaz: lo
qdisc netem 82ce: root refcnt 2 limit 1000 loss 0.3%
 Sent 0 bytes 0 pkt (dropped 0, overlimits 0 requeues 0) 
 backlog 0b 0p requeues 0
Certificate request self-signature ok
subject=CN=localhost
Running /opt/oqssa/bin/perftestServerECDSA.sh with SIG_ALG=secp384r1 and KEM_ALG=P-384

Using default temp DH parameters
ACCEPT
Execution 1
s_time: verify depth is 1
458 connections in 2.89s; 158.48 connections/user sec, bytes read 0
458 connections in 11 real seconds, 0 bytes read per connection
Execution 2
s_time: verify depth is 1
578 connections in 3.73s; 154.96 connections/user sec, bytes read 0
578 connections in 11 real seconds, 0 bytes read per connection
Execution 3
s_time: verify depth is 1
728 connections in 4.58s; 158.95 connections/user sec, bytes read 0
728 connections in 11 real seconds, 0 bytes read per connection
Execution 4
s_time: verify depth is 1
443 connections in 2.83s; 156.54 connections/user sec, bytes read 0
443 connections in 11 real seconds, 0 bytes read per connection
Execution 5
s_time: verify depth is 1
674 connections in 4.27s; 157.85 connections/user sec, bytes read 0
674 connections in 11 real seconds, 0 bytes read per connection
Execution 6
s_time: verify depth is 1
517 connections in 3.33s; 155.26 connections/user sec, bytes read 0
517 connections in 11 real seconds, 0 bytes read per connection
Execution 7
s_time: verify depth is 1
629 connections in 3.77s; 166.84 connections/user sec, bytes read 0
629 connections in 11 real seconds, 0 bytes read per connection
Execution 8
s_time: verify depth is 1
531 connections in 3.30s; 160.91 connections/user sec, bytes read 0
531 connections in 11 real seconds, 0 bytes read per connection
Execution 9
s_time: verify depth is 1
471 connections in 2.96s; 159.12 connections/user sec, bytes read 0
471 connections in 11 real seconds, 0 bytes read per connection
Execution 10
s_time: verify depth is 1
594 connections in 3.79s; 156.73 connections/user sec, bytes read 0
594 connections in 14 real seconds, 0 bytes read per connection
Execution 11
s_time: verify depth is 1
572 connections in 3.59s; 159.33 connections/user sec, bytes read 0
572 connections in 11 real seconds, 0 bytes read per connection
Execution 12
s_time: verify depth is 1
751 connections in 4.54s; 165.42 connections/user sec, bytes read 0
751 connections in 11 real seconds, 0 bytes read per connection
Execution 13
s_time: verify depth is 1
488 connections in 3.25s; 150.15 connections/user sec, bytes read 0
488 connections in 13 real seconds, 0 bytes read per connection
Execution 14
s_time: verify depth is 1
595 connections in 3.73s; 159.52 connections/user sec, bytes read 0
595 connections in 11 real seconds, 0 bytes read per connection
Execution 15
s_time: verify depth is 1
455 connections in 2.76s; 164.86 connections/user sec, bytes read 0
455 connections in 11 real seconds, 0 bytes read per connection
Execution 16
s_time: verify depth is 1
706 connections in 4.42s; 159.73 connections/user sec, bytes read 0
706 connections in 11 real seconds, 0 bytes read per connection
Execution 17
s_time: verify depth is 1
569 connections in 3.64s; 156.32 connections/user sec, bytes read 0
569 connections in 11 real seconds, 0 bytes read per connection
Execution 18
s_time: verify depth is 1
464 connections in 2.88s; 161.11 connections/user sec, bytes read 0
464 connections in 11 real seconds, 0 bytes read per connection
Execution 19
s_time: verify depth is 1
659 connections in 4.30s; 153.26 connections/user sec, bytes read 0
659 connections in 14 real seconds, 0 bytes read per connection
Execution 20
s_time: verify depth is 1
529 connections in 3.37s; 156.97 connections/user sec, bytes read 0
529 connections in 11 real seconds, 0 bytes read per connection
Execution 21
s_time: verify depth is 1
594 connections in 3.54s; 167.80 connections/user sec, bytes read 0
594 connections in 11 real seconds, 0 bytes read per connection
Execution 22
s_time: verify depth is 1
501 connections in 3.30s; 151.82 connections/user sec, bytes read 0
501 connections in 14 real seconds, 0 bytes read per connection
Execution 23
s_time: verify depth is 1
603 connections in 3.88s; 155.41 connections/user sec, bytes read 0
603 connections in 11 real seconds, 0 bytes read per connection
Execution 24
s_time: verify depth is 1
621 connections in 4.04s; 153.71 connections/user sec, bytes read 0
621 connections in 11 real seconds, 0 bytes read per connection
Execution 25
s_time: verify depth is 1
747 connections in 4.73s; 157.93 connections/user sec, bytes read 0
747 connections in 14 real seconds, 0 bytes read per connection
Execution 26
s_time: verify depth is 1
573 connections in 3.58s; 160.06 connections/user sec, bytes read 0
573 connections in 11 real seconds, 0 bytes read per connection
Execution 27
s_time: verify depth is 1
667 connections in 4.38s; 152.28 connections/user sec, bytes read 0
667 connections in 11 real seconds, 0 bytes read per connection
Execution 28
s_time: verify depth is 1
619 connections in 3.86s; 160.36 connections/user sec, bytes read 0
619 connections in 14 real seconds, 0 bytes read per connection
Execution 29
s_time: verify depth is 1
624 connections in 3.77s; 165.52 connections/user sec, bytes read 0
624 connections in 11 real seconds, 0 bytes read per connection
Execution 30
s_time: verify depth is 1
453 connections in 2.87s; 157.84 connections/user sec, bytes read 0
453 connections in 11 real seconds, 0 bytes read per connection
Execution 31
s_time: verify depth is 1
652 connections in 4.09s; 159.41 connections/user sec, bytes read 0
652 connections in 13 real seconds, 0 bytes read per connection
Execution 32
s_time: verify depth is 1
581 connections in 3.69s; 157.45 connections/user sec, bytes read 0
581 connections in 11 real seconds, 0 bytes read per connection
Execution 33
s_time: verify depth is 1
720 connections in 4.62s; 155.84 connections/user sec, bytes read 0
720 connections in 12 real seconds, 0 bytes read per connection
Execution 34
s_time: verify depth is 1
536 connections in 3.45s; 155.36 connections/user sec, bytes read 0
536 connections in 13 real seconds, 0 bytes read per connection
Execution 35
s_time: verify depth is 1
516 connections in 3.39s; 152.21 connections/user sec, bytes read 0
516 connections in 11 real seconds, 0 bytes read per connection
Execution 36
s_time: verify depth is 1
604 connections in 3.83s; 157.70 connections/user sec, bytes read 0
604 connections in 11 real seconds, 0 bytes read per connection
Execution 37
s_time: verify depth is 1
774 connections in 5.00s; 154.80 connections/user sec, bytes read 0
774 connections in 14 real seconds, 0 bytes read per connection
Execution 38
s_time: verify depth is 1
331 connections in 2.32s; 142.67 connections/user sec, bytes read 0
331 connections in 11 real seconds, 0 bytes read per connection
Execution 39
s_time: verify depth is 1
610 connections in 4.09s; 149.14 connections/user sec, bytes read 0
610 connections in 11 real seconds, 0 bytes read per connection
Execution 40
s_time: verify depth is 1
635 connections in 4.20s; 151.19 connections/user sec, bytes read 0
635 connections in 11 real seconds, 0 bytes read per connection
Execution 41
s_time: verify depth is 1
612 connections in 3.87s; 158.14 connections/user sec, bytes read 0
612 connections in 13 real seconds, 0 bytes read per connection
Execution 42
s_time: verify depth is 1
521 connections in 3.40s; 153.24 connections/user sec, bytes read 0
521 connections in 11 real seconds, 0 bytes read per connection
Execution 43
s_time: verify depth is 1
560 connections in 3.73s; 150.13 connections/user sec, bytes read 0
560 connections in 11 real seconds, 0 bytes read per connection
Execution 44
s_time: verify depth is 1
562 connections in 3.70s; 151.89 connections/user sec, bytes read 0
562 connections in 13 real seconds, 0 bytes read per connection
Execution 45
s_time: verify depth is 1
500 connections in 3.22s; 155.28 connections/user sec, bytes read 0
500 connections in 11 real seconds, 0 bytes read per connection
Execution 46
s_time: verify depth is 1
481 connections in 3.37s; 142.73 connections/user sec, bytes read 0
481 connections in 11 real seconds, 0 bytes read per connection
Execution 47
s_time: verify depth is 1
375 connections in 2.39s; 156.90 connections/user sec, bytes read 0
375 connections in 13 real seconds, 0 bytes read per connection
Execution 48
s_time: verify depth is 1
449 connections in 3.01s; 149.17 connections/user sec, bytes read 0
449 connections in 11 real seconds, 0 bytes read per connection
Execution 49
s_time: verify depth is 1
486 connections in 3.28s; 148.17 connections/user sec, bytes read 0
486 connections in 11 real seconds, 0 bytes read per connection
Execution 50
s_time: verify depth is 1
445 connections in 2.84s; 156.69 connections/user sec, bytes read 0
445 connections in 15 real seconds, 0 bytes read per connection
tc
Mostrando el estado de qdisc para la interfaz: lo
qdisc netem 82cf: root refcnt 2 limit 1000 loss 0.3%
 Sent 0 bytes 0 pkt (dropped 0, overlimits 0 requeues 0) 
 backlog 0b 0p requeues 0
Certificate request self-signature ok
subject=CN=localhost
Running /opt/oqssa/bin/perftestServerECDSA.sh with SIG_ALG=secp384r1 and KEM_ALG=x448

Using default temp DH parameters
ACCEPT
Execution 1
s_time: verify depth is 1
713 connections in 2.31s; 308.66 connections/user sec, bytes read 0
713 connections in 11 real seconds, 0 bytes read per connection
Execution 2
s_time: verify depth is 1
581 connections in 1.99s; 291.96 connections/user sec, bytes read 0
581 connections in 11 real seconds, 0 bytes read per connection
Execution 3
s_time: verify depth is 1
1225 connections in 4.23s; 289.60 connections/user sec, bytes read 0
1225 connections in 11 real seconds, 0 bytes read per connection
Execution 4
s_time: verify depth is 1
957 connections in 3.37s; 283.98 connections/user sec, bytes read 0
957 connections in 11 real seconds, 0 bytes read per connection
Execution 5
s_time: verify depth is 1
371 connections in 1.34s; 276.87 connections/user sec, bytes read 0
371 connections in 11 real seconds, 0 bytes read per connection
Execution 6
s_time: verify depth is 1
1266 connections in 4.34s; 291.71 connections/user sec, bytes read 0
1266 connections in 11 real seconds, 0 bytes read per connection
Execution 7
s_time: verify depth is 1
794 connections in 2.73s; 290.84 connections/user sec, bytes read 0
794 connections in 11 real seconds, 0 bytes read per connection
Execution 8
s_time: verify depth is 1
629 connections in 2.25s; 279.56 connections/user sec, bytes read 0
629 connections in 11 real seconds, 0 bytes read per connection
Execution 9
s_time: verify depth is 1
427 connections in 1.45s; 294.48 connections/user sec, bytes read 0
427 connections in 11 real seconds, 0 bytes read per connection
Execution 10
s_time: verify depth is 1
905 connections in 3.08s; 293.83 connections/user sec, bytes read 0
905 connections in 11 real seconds, 0 bytes read per connection
Execution 11
s_time: verify depth is 1
823 connections in 2.75s; 299.27 connections/user sec, bytes read 0
823 connections in 11 real seconds, 0 bytes read per connection
Execution 12
s_time: verify depth is 1
490 connections in 1.80s; 272.22 connections/user sec, bytes read 0
490 connections in 12 real seconds, 0 bytes read per connection
Execution 13
s_time: verify depth is 1
720 connections in 2.54s; 283.46 connections/user sec, bytes read 0
720 connections in 11 real seconds, 0 bytes read per connection
Execution 14
s_time: verify depth is 1
786 connections in 2.63s; 298.86 connections/user sec, bytes read 0
786 connections in 11 real seconds, 0 bytes read per connection
Execution 15
s_time: verify depth is 1
856 connections in 2.99s; 286.29 connections/user sec, bytes read 0
856 connections in 14 real seconds, 0 bytes read per connection
Execution 16
s_time: verify depth is 1
1518 connections in 5.18s; 293.05 connections/user sec, bytes read 0
1518 connections in 11 real seconds, 0 bytes read per connection
Execution 17
s_time: verify depth is 1
654 connections in 2.21s; 295.93 connections/user sec, bytes read 0
654 connections in 11 real seconds, 0 bytes read per connection
Execution 18
s_time: verify depth is 1
801 connections in 2.70s; 296.67 connections/user sec, bytes read 0
801 connections in 14 real seconds, 0 bytes read per connection
Execution 19
s_time: verify depth is 1
718 connections in 2.61s; 275.10 connections/user sec, bytes read 0
718 connections in 11 real seconds, 0 bytes read per connection
Execution 20
s_time: verify depth is 1
892 connections in 3.24s; 275.31 connections/user sec, bytes read 0
892 connections in 11 real seconds, 0 bytes read per connection
Execution 21
s_time: verify depth is 1
667 connections in 2.37s; 281.43 connections/user sec, bytes read 0
667 connections in 14 real seconds, 0 bytes read per connection
Execution 22
s_time: verify depth is 1
795 connections in 2.99s; 265.89 connections/user sec, bytes read 0
795 connections in 11 real seconds, 0 bytes read per connection
Execution 23
s_time: verify depth is 1
929 connections in 3.38s; 274.85 connections/user sec, bytes read 0
929 connections in 11 real seconds, 0 bytes read per connection
Execution 24
s_time: verify depth is 1
562 connections in 1.98s; 283.84 connections/user sec, bytes read 0
562 connections in 13 real seconds, 0 bytes read per connection
Execution 25
s_time: verify depth is 1
973 connections in 3.53s; 275.64 connections/user sec, bytes read 0
973 connections in 11 real seconds, 0 bytes read per connection
Execution 26
s_time: verify depth is 1
938 connections in 3.39s; 276.70 connections/user sec, bytes read 0
938 connections in 11 real seconds, 0 bytes read per connection
Execution 27
s_time: verify depth is 1
904 connections in 3.26s; 277.30 connections/user sec, bytes read 0
904 connections in 14 real seconds, 0 bytes read per connection
Execution 28
s_time: verify depth is 1
929 connections in 3.16s; 293.99 connections/user sec, bytes read 0
929 connections in 11 real seconds, 0 bytes read per connection
Execution 29
s_time: verify depth is 1
713 connections in 2.31s; 308.66 connections/user sec, bytes read 0
713 connections in 11 real seconds, 0 bytes read per connection
Execution 30
s_time: verify depth is 1
581 connections in 1.99s; 291.96 connections/user sec, bytes read 0
581 connections in 11 real seconds, 0 bytes read per connection
Execution 31
s_time: verify depth is 1
1225 connections in 4.23s; 289.60 connections/user sec, bytes read 0
1225 connections in 11 real seconds, 0 bytes read per connection
Execution 32
s_time: verify depth is 1
957 connections in 3.37s; 283.98 connections/user sec, bytes read 0
957 connections in 11 real seconds, 0 bytes read per connection
Execution 33
s_time: verify depth is 1
371 connections in 1.34s; 276.87 connections/user sec, bytes read 0
371 connections in 11 real seconds, 0 bytes read per connection
Execution 34
s_time: verify depth is 1
1266 connections in 4.34s; 291.71 connections/user sec, bytes read 0
1266 connections in 11 real seconds, 0 bytes read per connection
Execution 35
s_time: verify depth is 1
794 connections in 2.73s; 290.84 connections/user sec, bytes read 0
794 connections in 11 real seconds, 0 bytes read per connection
Execution 36
s_time: verify depth is 1
629 connections in 2.25s; 279.56 connections/user sec, bytes read 0
629 connections in 11 real seconds, 0 bytes read per connection
Execution 37
s_time: verify depth is 1
856 connections in 2.99s; 286.29 connections/user sec, bytes read 0
856 connections in 14 real seconds, 0 bytes read per connection
Execution 38
s_time: verify depth is 1
1518 connections in 5.18s; 293.05 connections/user sec, bytes read 0
1518 connections in 11 real seconds, 0 bytes read per connection
Execution 39
s_time: verify depth is 1
654 connections in 2.21s; 295.93 connections/user sec, bytes read 0
654 connections in 11 real seconds, 0 bytes read per connection
Execution 40
s_time: verify depth is 1
801 connections in 2.70s; 296.67 connections/user sec, bytes read 0
801 connections in 14 real seconds, 0 bytes read per connection
Execution 41
s_time: verify depth is 1
766 connections in 2.73s; 280.59 connections/user sec, bytes read 0
766 connections in 11 real seconds, 0 bytes read per connection
Execution 42
s_time: verify depth is 1
702 connections in 2.33s; 301.29 connections/user sec, bytes read 0
702 connections in 11 real seconds, 0 bytes read per connection
Execution 43
s_time: verify depth is 1
811 connections in 2.80s; 289.64 connections/user sec, bytes read 0
811 connections in 14 real seconds, 0 bytes read per connection
Execution 44
s_time: verify depth is 1
1084 connections in 3.64s; 297.80 connections/user sec, bytes read 0
1084 connections in 11 real seconds, 0 bytes read per connection
Execution 45
s_time: verify depth is 1
786 connections in 2.83s; 277.74 connections/user sec, bytes read 0
786 connections in 11 real seconds, 0 bytes read per connection
Execution 46
s_time: verify depth is 1
744 connections in 2.56s; 290.62 connections/user sec, bytes read 0
744 connections in 13 real seconds, 0 bytes read per connection
Execution 47
s_time: verify depth is 1
1085 connections in 3.72s; 291.67 connections/user sec, bytes read 0
1085 connections in 11 real seconds, 0 bytes read per connection
Execution 48
s_time: verify depth is 1
917 connections in 3.16s; 290.19 connections/user sec, bytes read 0
917 connections in 11 real seconds, 0 bytes read per connection
Execution 49
s_time: verify depth is 1
594 connections in 2.05s; 289.76 connections/user sec, bytes read 0
594 connections in 13 real seconds, 0 bytes read per connection
Execution 50
s_time: verify depth is 1
608 connections in 2.00s; 304.00 connections/user sec, bytes read 0
608 connections in 11 real seconds, 0 bytes read per connection
tc
Mostrando el estado de qdisc para la interfaz: lo
qdisc netem 82d0: root refcnt 2 limit 1000 loss 0.3%
 Sent 0 bytes 0 pkt (dropped 0, overlimits 0 requeues 0) 
 backlog 0b 0p requeues 0
Certificate request self-signature ok
subject=CN=localhost
Running /opt/oqssa/bin/perftestServerECDSA.sh with SIG_ALG=secp384r1 and KEM_ALG=p384_mlkem768

Using default temp DH parameters
ACCEPT
Execution 1
s_time: verify depth is 1
415 connections in 3.46s; 119.94 connections/user sec, bytes read 0
415 connections in 11 real seconds, 0 bytes read per connection
Execution 2
s_time: verify depth is 1
396 connections in 3.35s; 118.21 connections/user sec, bytes read 0
396 connections in 11 real seconds, 0 bytes read per connection
Execution 3
s_time: verify depth is 1
396 connections in 3.42s; 115.79 connections/user sec, bytes read 0
396 connections in 11 real seconds, 0 bytes read per connection
Execution 4
s_time: verify depth is 1
440 connections in 3.39s; 129.79 connections/user sec, bytes read 0
440 connections in 11 real seconds, 0 bytes read per connection
Execution 5
s_time: verify depth is 1
567 connections in 4.65s; 121.94 connections/user sec, bytes read 0
567 connections in 11 real seconds, 0 bytes read per connection
Execution 6
s_time: verify depth is 1
342 connections in 2.86s; 119.58 connections/user sec, bytes read 0
342 connections in 11 real seconds, 0 bytes read per connection
Execution 7
s_time: verify depth is 1
567 connections in 4.63s; 122.46 connections/user sec, bytes read 0
567 connections in 11 real seconds, 0 bytes read per connection
Execution 8
s_time: verify depth is 1
449 connections in 3.67s; 122.34 connections/user sec, bytes read 0
449 connections in 11 real seconds, 0 bytes read per connection
Execution 9
s_time: verify depth is 1
394 connections in 3.30s; 119.39 connections/user sec, bytes read 0
394 connections in 12 real seconds, 0 bytes read per connection
Execution 10
s_time: verify depth is 1
560 connections in 4.63s; 120.95 connections/user sec, bytes read 0
560 connections in 11 real seconds, 0 bytes read per connection
Execution 11
s_time: verify depth is 1
564 connections in 4.30s; 131.16 connections/user sec, bytes read 0
564 connections in 11 real seconds, 0 bytes read per connection
Execution 12
s_time: verify depth is 1
556 connections in 4.67s; 119.06 connections/user sec, bytes read 0
556 connections in 14 real seconds, 0 bytes read per connection
Execution 13
s_time: verify depth is 1
549 connections in 4.50s; 122.00 connections/user sec, bytes read 0
549 connections in 11 real seconds, 0 bytes read per connection
Execution 14
s_time: verify depth is 1
579 connections in 4.79s; 120.88 connections/user sec, bytes read 0
579 connections in 11 real seconds, 0 bytes read per connection
Execution 15
s_time: verify depth is 1
576 connections in 4.73s; 121.78 connections/user sec, bytes read 0
576 connections in 14 real seconds, 0 bytes read per connection
Execution 16
s_time: verify depth is 1
460 connections in 3.68s; 125.00 connections/user sec, bytes read 0
460 connections in 11 real seconds, 0 bytes read per connection
Execution 17
s_time: verify depth is 1
639 connections in 5.27s; 121.25 connections/user sec, bytes read 0
639 connections in 11 real seconds, 0 bytes read per connection
Execution 18
s_time: verify depth is 1
368 connections in 3.10s; 118.71 connections/user sec, bytes read 0
368 connections in 14 real seconds, 0 bytes read per connection
Execution 19
s_time: verify depth is 1
531 connections in 4.29s; 123.78 connections/user sec, bytes read 0
531 connections in 11 real seconds, 0 bytes read per connection
Execution 20
s_time: verify depth is 1
366 connections in 3.04s; 120.39 connections/user sec, bytes read 0
366 connections in 11 real seconds, 0 bytes read per connection
Execution 21
s_time: verify depth is 1
511 connections in 4.18s; 122.25 connections/user sec, bytes read 0
511 connections in 13 real seconds, 0 bytes read per connection
Execution 22
s_time: verify depth is 1
519 connections in 4.09s; 126.89 connections/user sec, bytes read 0
519 connections in 11 real seconds, 0 bytes read per connection
Execution 23
s_time: verify depth is 1
585 connections in 4.79s; 122.13 connections/user sec, bytes read 0
585 connections in 11 real seconds, 0 bytes read per connection
Execution 24
s_time: verify depth is 1
432 connections in 3.60s; 120.00 connections/user sec, bytes read 0
432 connections in 11 real seconds, 0 bytes read per connection
Execution 25
s_time: verify depth is 1
412 connections in 3.38s; 121.89 connections/user sec, bytes read 0
412 connections in 11 real seconds, 0 bytes read per connection
Execution 26
s_time: verify depth is 1
546 connections in 4.57s; 119.47 connections/user sec, bytes read 0
546 connections in 11 real seconds, 0 bytes read per connection
Execution 27
s_time: verify depth is 1
424 connections in 3.49s; 121.49 connections/user sec, bytes read 0
424 connections in 11 real seconds, 0 bytes read per connection
Execution 28
s_time: verify depth is 1
361 connections in 2.90s; 124.48 connections/user sec, bytes read 0
361 connections in 11 real seconds, 0 bytes read per connection
Execution 29
s_time: verify depth is 1
621 connections in 4.89s; 126.99 connections/user sec, bytes read 0
621 connections in 11 real seconds, 0 bytes read per connection
Execution 30
s_time: verify depth is 1
450 connections in 3.73s; 120.64 connections/user sec, bytes read 0
450 connections in 11 real seconds, 0 bytes read per connection
Execution 31
s_time: verify depth is 1
250 connections in 2.02s; 123.76 connections/user sec, bytes read 0
250 connections in 11 real seconds, 0 bytes read per connection
Execution 32
s_time: verify depth is 1
519 connections in 4.24s; 122.41 connections/user sec, bytes read 0
519 connections in 11 real seconds, 0 bytes read per connection
Execution 33
s_time: verify depth is 1
433 connections in 3.64s; 118.96 connections/user sec, bytes read 0
433 connections in 11 real seconds, 0 bytes read per connection
Execution 34
s_time: verify depth is 1
453 connections in 3.75s; 120.80 connections/user sec, bytes read 0
453 connections in 12 real seconds, 0 bytes read per connection
Execution 35
s_time: verify depth is 1
551 connections in 4.54s; 121.37 connections/user sec, bytes read 0
551 connections in 11 real seconds, 0 bytes read per connection
Execution 36
s_time: verify depth is 1
530 connections in 4.38s; 121.00 connections/user sec, bytes read 0
530 connections in 11 real seconds, 0 bytes read per connection
Execution 37
s_time: verify depth is 1
455 connections in 3.75s; 121.33 connections/user sec, bytes read 0
455 connections in 14 real seconds, 0 bytes read per connection
Execution 38
s_time: verify depth is 1
596 connections in 4.70s; 126.81 connections/user sec, bytes read 0
596 connections in 11 real seconds, 0 bytes read per connection
Execution 39
s_time: verify depth is 1
618 connections in 5.20s; 118.85 connections/user sec, bytes read 0
618 connections in 11 real seconds, 0 bytes read per connection
Execution 40
s_time: verify depth is 1
378 connections in 3.08s; 122.73 connections/user sec, bytes read 0
378 connections in 14 real seconds, 0 bytes read per connection
Execution 41
s_time: verify depth is 1
559 connections in 4.64s; 120.47 connections/user sec, bytes read 0
559 connections in 11 real seconds, 0 bytes read per connection
Execution 42
s_time: verify depth is 1
721 connections in 5.84s; 123.46 connections/user sec, bytes read 0
721 connections in 11 real seconds, 0 bytes read per connection
Execution 43
s_time: verify depth is 1
518 connections in 4.14s; 125.12 connections/user sec, bytes read 0
518 connections in 13 real seconds, 0 bytes read per connection
Execution 44
s_time: verify depth is 1
560 connections in 4.58s; 122.27 connections/user sec, bytes read 0
560 connections in 11 real seconds, 0 bytes read per connection
Execution 45
s_time: verify depth is 1
553 connections in 4.50s; 122.89 connections/user sec, bytes read 0
553 connections in 11 real seconds, 0 bytes read per connection
Execution 46
s_time: verify depth is 1
317 connections in 2.61s; 121.46 connections/user sec, bytes read 0
317 connections in 14 real seconds, 0 bytes read per connection
Execution 47
s_time: verify depth is 1
412 connections in 3.45s; 119.42 connections/user sec, bytes read 0
412 connections in 11 real seconds, 0 bytes read per connection
Execution 48
s_time: verify depth is 1
454 connections in 3.69s; 123.04 connections/user sec, bytes read 0
454 connections in 11 real seconds, 0 bytes read per connection
Execution 49
s_time: verify depth is 1
384 connections in 3.04s; 126.32 connections/user sec, bytes read 0
384 connections in 14 real seconds, 0 bytes read per connection
Execution 50
s_time: verify depth is 1
323 connections in 2.72s; 118.75 connections/user sec, bytes read 0
323 connections in 11 real seconds, 0 bytes read per connection
tc
Mostrando el estado de qdisc para la interfaz: lo
qdisc netem 82d1: root refcnt 2 limit 1000 loss 0.3%
 Sent 0 bytes 0 pkt (dropped 0, overlimits 0 requeues 0) 
 backlog 0b 0p requeues 0
Certificate request self-signature ok
subject=CN=localhost
Running /opt/oqssa/bin/perftestServerECDSA.sh with SIG_ALG=secp384r1 and KEM_ALG=x448_mlkem768

Using default temp DH parameters
ACCEPT
Execution 1
s_time: verify depth is 1
979 connections in 3.77s; 259.68 connections/user sec, bytes read 0
979 connections in 11 real seconds, 0 bytes read per connection
Execution 2
s_time: verify depth is 1
593 connections in 2.34s; 253.42 connections/user sec, bytes read 0
593 connections in 13 real seconds, 0 bytes read per connection
Execution 3
s_time: verify depth is 1
791 connections in 3.09s; 255.99 connections/user sec, bytes read 0
791 connections in 11 real seconds, 0 bytes read per connection
Execution 4
s_time: verify depth is 1
1046 connections in 4.16s; 251.44 connections/user sec, bytes read 0
1046 connections in 11 real seconds, 0 bytes read per connection
Execution 5
s_time: verify depth is 1
747 connections in 3.16s; 236.39 connections/user sec, bytes read 0
747 connections in 14 real seconds, 0 bytes read per connection
Execution 6
s_time: verify depth is 1
1097 connections in 4.58s; 239.52 connections/user sec, bytes read 0
1097 connections in 11 real seconds, 0 bytes read per connection
Execution 7
s_time: verify depth is 1
793 connections in 3.16s; 250.95 connections/user sec, bytes read 0
793 connections in 12 real seconds, 0 bytes read per connection
Execution 8
s_time: verify depth is 1
901 connections in 3.52s; 255.97 connections/user sec, bytes read 0
901 connections in 12 real seconds, 0 bytes read per connection
Execution 9
s_time: verify depth is 1
961 connections in 4.08s; 235.54 connections/user sec, bytes read 0
961 connections in 11 real seconds, 0 bytes read per connection
Execution 10
s_time: verify depth is 1
795 connections in 3.20s; 248.44 connections/user sec, bytes read 0
795 connections in 11 real seconds, 0 bytes read per connection
Execution 11
s_time: verify depth is 1
759 connections in 2.97s; 255.56 connections/user sec, bytes read 0
759 connections in 15 real seconds, 0 bytes read per connection
Execution 12
s_time: verify depth is 1
452 connections in 1.81s; 249.72 connections/user sec, bytes read 0
452 connections in 11 real seconds, 0 bytes read per connection
Execution 13
s_time: verify depth is 1
1064 connections in 4.32s; 246.30 connections/user sec, bytes read 0
1064 connections in 11 real seconds, 0 bytes read per connection
Execution 14
s_time: verify depth is 1
879 connections in 3.58s; 245.53 connections/user sec, bytes read 0
879 connections in 13 real seconds, 0 bytes read per connection
Execution 15
s_time: verify depth is 1
1184 connections in 4.76s; 248.74 connections/user sec, bytes read 0
1184 connections in 11 real seconds, 0 bytes read per connection
Execution 16
s_time: verify depth is 1
932 connections in 3.53s; 264.02 connections/user sec, bytes read 0
932 connections in 11 real seconds, 0 bytes read per connection
Execution 17
s_time: verify depth is 1
487 connections in 1.83s; 266.12 connections/user sec, bytes read 0
487 connections in 14 real seconds, 0 bytes read per connection
Execution 18
s_time: verify depth is 1
724 connections in 2.99s; 242.14 connections/user sec, bytes read 0
724 connections in 11 real seconds, 0 bytes read per connection
Execution 19
s_time: verify depth is 1
871 connections in 3.42s; 254.68 connections/user sec, bytes read 0
871 connections in 11 real seconds, 0 bytes read per connection
Execution 20
s_time: verify depth is 1
788 connections in 3.15s; 250.16 connections/user sec, bytes read 0
788 connections in 14 real seconds, 0 bytes read per connection
Execution 21
s_time: verify depth is 1
1084 connections in 4.19s; 258.71 connections/user sec, bytes read 0
1084 connections in 11 real seconds, 0 bytes read per connection
Execution 22
s_time: verify depth is 1
1082 connections in 4.22s; 256.40 connections/user sec, bytes read 0
1082 connections in 11 real seconds, 0 bytes read per connection
Execution 23
s_time: verify depth is 1
959 connections in 3.79s; 253.03 connections/user sec, bytes read 0
959 connections in 14 real seconds, 0 bytes read per connection
Execution 24
s_time: verify depth is 1
706 connections in 2.80s; 252.14 connections/user sec, bytes read 0
706 connections in 11 real seconds, 0 bytes read per connection
Execution 25
s_time: verify depth is 1
962 connections in 3.75s; 256.53 connections/user sec, bytes read 0
962 connections in 11 real seconds, 0 bytes read per connection
Execution 26
s_time: verify depth is 1
408 connections in 1.63s; 250.31 connections/user sec, bytes read 0
408 connections in 13 real seconds, 0 bytes read per connection
Execution 27
s_time: verify depth is 1
601 connections in 2.39s; 251.46 connections/user sec, bytes read 0
601 connections in 11 real seconds, 0 bytes read per connection
Execution 28
s_time: verify depth is 1
799 connections in 3.07s; 260.26 connections/user sec, bytes read 0
799 connections in 11 real seconds, 0 bytes read per connection
Execution 29
s_time: verify depth is 1
903 connections in 3.53s; 255.81 connections/user sec, bytes read 0
903 connections in 11 real seconds, 0 bytes read per connection
Execution 30
s_time: verify depth is 1
484 connections in 1.89s; 256.08 connections/user sec, bytes read 0
484 connections in 11 real seconds, 0 bytes read per connection
Execution 31
s_time: verify depth is 1
702 connections in 2.72s; 258.09 connections/user sec, bytes read 0
702 connections in 11 real seconds, 0 bytes read per connection
Execution 32
s_time: verify depth is 1
947 connections in 3.83s; 247.26 connections/user sec, bytes read 0
947 connections in 11 real seconds, 0 bytes read per connection
Execution 33
s_time: verify depth is 1
721 connections in 2.88s; 250.35 connections/user sec, bytes read 0
721 connections in 11 real seconds, 0 bytes read per connection
Execution 34
s_time: verify depth is 1
838 connections in 3.30s; 253.94 connections/user sec, bytes read 0
838 connections in 11 real seconds, 0 bytes read per connection
Execution 35
s_time: verify depth is 1
525 connections in 2.10s; 250.00 connections/user sec, bytes read 0
525 connections in 11 real seconds, 0 bytes read per connection
Execution 36
s_time: verify depth is 1
440 connections in 1.75s; 251.43 connections/user sec, bytes read 0
440 connections in 11 real seconds, 0 bytes read per connection
Execution 37
s_time: verify depth is 1
1004 connections in 3.96s; 253.54 connections/user sec, bytes read 0
1004 connections in 11 real seconds, 0 bytes read per connection
Execution 38
s_time: verify depth is 1
609 connections in 2.42s; 251.65 connections/user sec, bytes read 0
609 connections in 11 real seconds, 0 bytes read per connection
Execution 39
s_time: verify depth is 1
645 connections in 2.61s; 247.13 connections/user sec, bytes read 0
645 connections in 12 real seconds, 0 bytes read per connection
Execution 40
s_time: verify depth is 1
1011 connections in 3.87s; 261.24 connections/user sec, bytes read 0
1011 connections in 11 real seconds, 0 bytes read per connection
Execution 41
s_time: verify depth is 1
734 connections in 2.78s; 264.03 connections/user sec, bytes read 0
734 connections in 11 real seconds, 0 bytes read per connection
Execution 42
s_time: verify depth is 1
655 connections in 2.54s; 257.87 connections/user sec, bytes read 0
655 connections in 11 real seconds, 0 bytes read per connection
Execution 43
s_time: verify depth is 1
619 connections in 2.65s; 233.58 connections/user sec, bytes read 0
619 connections in 11 real seconds, 0 bytes read per connection
Execution 44
s_time: verify depth is 1
726 connections in 2.98s; 243.62 connections/user sec, bytes read 0
726 connections in 11 real seconds, 0 bytes read per connection
Execution 45
s_time: verify depth is 1
846 connections in 3.39s; 249.56 connections/user sec, bytes read 0
846 connections in 11 real seconds, 0 bytes read per connection
Execution 46
s_time: verify depth is 1
761 connections in 3.08s; 247.08 connections/user sec, bytes read 0
761 connections in 14 real seconds, 0 bytes read per connection
Execution 47
s_time: verify depth is 1
618 connections in 2.33s; 265.24 connections/user sec, bytes read 0
618 connections in 11 real seconds, 0 bytes read per connection
Execution 48
s_time: verify depth is 1
913 connections in 3.72s; 245.43 connections/user sec, bytes read 0
913 connections in 11 real seconds, 0 bytes read per connection
Execution 49
s_time: verify depth is 1
805 connections in 3.09s; 260.52 connections/user sec, bytes read 0
805 connections in 14 real seconds, 0 bytes read per connection
Execution 50
s_time: verify depth is 1
757 connections in 3.07s; 246.58 connections/user sec, bytes read 0
757 connections in 11 real seconds, 0 bytes read per connection
tc
Mostrando el estado de qdisc para la interfaz: lo
qdisc netem 82d2: root refcnt 2 limit 1000 loss 0.3%
 Sent 0 bytes 0 pkt (dropped 0, overlimits 0 requeues 0) 
 backlog 0b 0p requeues 0
Certificate request self-signature ok
subject=CN=localhost
Running /opt/oqssa/bin/perftestServerECDSA.sh with SIG_ALG=secp384r1 and KEM_ALG=mlkem768

Using default temp DH parameters
ACCEPT
Execution 1
s_time: verify depth is 1
821 connections in 2.36s; 347.88 connections/user sec, bytes read 0
821 connections in 11 real seconds, 0 bytes read per connection
Execution 2
s_time: verify depth is 1
903 connections in 2.63s; 343.35 connections/user sec, bytes read 0
903 connections in 12 real seconds, 0 bytes read per connection
Execution 3
s_time: verify depth is 1
611 connections in 2.04s; 299.51 connections/user sec, bytes read 0
611 connections in 11 real seconds, 0 bytes read per connection
Execution 4
s_time: verify depth is 1
807 connections in 2.30s; 350.87 connections/user sec, bytes read 0
807 connections in 11 real seconds, 0 bytes read per connection
Execution 5
s_time: verify depth is 1
736 connections in 2.28s; 322.81 connections/user sec, bytes read 0
736 connections in 15 real seconds, 0 bytes read per connection
Execution 6
s_time: verify depth is 1
943 connections in 2.77s; 340.43 connections/user sec, bytes read 0
943 connections in 11 real seconds, 0 bytes read per connection
Execution 7
s_time: verify depth is 1
629 connections in 1.76s; 357.39 connections/user sec, bytes read 0
629 connections in 11 real seconds, 0 bytes read per connection
Execution 8
s_time: verify depth is 1
701 connections in 2.07s; 338.65 connections/user sec, bytes read 0
701 connections in 13 real seconds, 0 bytes read per connection
Execution 9
s_time: verify depth is 1
1055 connections in 3.27s; 322.63 connections/user sec, bytes read 0
1055 connections in 11 real seconds, 0 bytes read per connection
Execution 10
s_time: verify depth is 1
810 connections in 2.44s; 331.97 connections/user sec, bytes read 0
810 connections in 11 real seconds, 0 bytes read per connection
Execution 11
s_time: verify depth is 1
646 connections in 1.91s; 338.22 connections/user sec, bytes read 0
646 connections in 14 real seconds, 0 bytes read per connection
Execution 12
s_time: verify depth is 1
832 connections in 2.43s; 342.39 connections/user sec, bytes read 0
832 connections in 11 real seconds, 0 bytes read per connection
Execution 13
s_time: verify depth is 1
1335 connections in 3.93s; 339.69 connections/user sec, bytes read 0
1335 connections in 11 real seconds, 0 bytes read per connection
Execution 14
s_time: verify depth is 1
794 connections in 2.26s; 351.33 connections/user sec, bytes read 0
794 connections in 11 real seconds, 0 bytes read per connection
Execution 15
s_time: verify depth is 1
563 connections in 1.58s; 356.33 connections/user sec, bytes read 0
563 connections in 11 real seconds, 0 bytes read per connection
Execution 16
s_time: verify depth is 1
653 connections in 2.07s; 315.46 connections/user sec, bytes read 0
653 connections in 12 real seconds, 0 bytes read per connection
Execution 17
s_time: verify depth is 1
856 connections in 2.56s; 334.38 connections/user sec, bytes read 0
856 connections in 11 real seconds, 0 bytes read per connection
Execution 18
s_time: verify depth is 1
788 connections in 2.21s; 356.56 connections/user sec, bytes read 0
788 connections in 11 real seconds, 0 bytes read per connection
Execution 19
s_time: verify depth is 1
954 connections in 2.85s; 334.74 connections/user sec, bytes read 0
954 connections in 13 real seconds, 0 bytes read per connection
Execution 20
s_time: verify depth is 1
1171 connections in 3.58s; 327.09 connections/user sec, bytes read 0
1171 connections in 11 real seconds, 0 bytes read per connection
Execution 21
s_time: verify depth is 1
1433 connections in 4.38s; 327.17 connections/user sec, bytes read 0
1433 connections in 11 real seconds, 0 bytes read per connection
Execution 22
s_time: verify depth is 1
711 connections in 2.09s; 340.19 connections/user sec, bytes read 0
711 connections in 14 real seconds, 0 bytes read per connection
Execution 23
s_time: verify depth is 1
963 connections in 2.86s; 336.71 connections/user sec, bytes read 0
963 connections in 11 real seconds, 0 bytes read per connection
Execution 24
s_time: verify depth is 1
620 connections in 1.81s; 342.54 connections/user sec, bytes read 0
620 connections in 11 real seconds, 0 bytes read per connection
Execution 25
s_time: verify depth is 1
574 connections in 1.72s; 333.72 connections/user sec, bytes read 0
574 connections in 14 real seconds, 0 bytes read per connection
Execution 26
s_time: verify depth is 1
1256 connections in 3.84s; 327.08 connections/user sec, bytes read 0
1256 connections in 11 real seconds, 0 bytes read per connection
Execution 27
s_time: verify depth is 1
848 connections in 2.50s; 339.20 connections/user sec, bytes read 0
848 connections in 11 real seconds, 0 bytes read per connection
Execution 28
s_time: verify depth is 1
1073 connections in 3.03s; 354.13 connections/user sec, bytes read 0
1073 connections in 14 real seconds, 0 bytes read per connection
Execution 29
s_time: verify depth is 1
733 connections in 2.22s; 330.18 connections/user sec, bytes read 0
733 connections in 11 real seconds, 0 bytes read per connection
Execution 30
s_time: verify depth is 1
1370 connections in 4.15s; 330.12 connections/user sec, bytes read 0
1370 connections in 11 real seconds, 0 bytes read per connection
Execution 31
s_time: verify depth is 1
933 connections in 2.62s; 356.11 connections/user sec, bytes read 0
933 connections in 13 real seconds, 0 bytes read per connection
Execution 32
s_time: verify depth is 1
878 connections in 2.50s; 351.20 connections/user sec, bytes read 0
878 connections in 11 real seconds, 0 bytes read per connection
Execution 33
s_time: verify depth is 1
1032 connections in 3.06s; 337.25 connections/user sec, bytes read 0
1032 connections in 11 real seconds, 0 bytes read per connection
Execution 34
s_time: verify depth is 1
787 connections in 2.32s; 339.22 connections/user sec, bytes read 0
787 connections in 14 real seconds, 0 bytes read per connection
Execution 35
s_time: verify depth is 1
878 connections in 2.66s; 330.08 connections/user sec, bytes read 0
878 connections in 11 real seconds, 0 bytes read per connection
Execution 36
s_time: verify depth is 1
1008 connections in 2.87s; 351.22 connections/user sec, bytes read 0
1008 connections in 11 real seconds, 0 bytes read per connection
Execution 37
s_time: verify depth is 1
996 connections in 2.79s; 356.99 connections/user sec, bytes read 0
996 connections in 14 real seconds, 0 bytes read per connection
Execution 38
s_time: verify depth is 1
1026 connections in 3.02s; 339.74 connections/user sec, bytes read 0
1026 connections in 11 real seconds, 0 bytes read per connection
Execution 39
s_time: verify depth is 1
910 connections in 2.74s; 332.12 connections/user sec, bytes read 0
910 connections in 11 real seconds, 0 bytes read per connection
Execution 40
s_time: verify depth is 1
902 connections in 2.55s; 353.73 connections/user sec, bytes read 0
902 connections in 14 real seconds, 0 bytes read per connection
Execution 41
s_time: verify depth is 1
1287 connections in 3.72s; 345.97 connections/user sec, bytes read 0
1287 connections in 11 real seconds, 0 bytes read per connection
Execution 42
s_time: verify depth is 1
595 connections in 1.73s; 343.93 connections/user sec, bytes read 0
595 connections in 13 real seconds, 0 bytes read per connection
Execution 43
s_time: verify depth is 1
975 connections in 2.82s; 345.74 connections/user sec, bytes read 0
975 connections in 11 real seconds, 0 bytes read per connection
Execution 44
s_time: verify depth is 1
788 connections in 2.27s; 347.14 connections/user sec, bytes read 0
788 connections in 11 real seconds, 0 bytes read per connection
Execution 45
s_time: verify depth is 1
768 connections in 2.21s; 347.51 connections/user sec, bytes read 0
768 connections in 15 real seconds, 0 bytes read per connection
Execution 46
s_time: verify depth is 1
947 connections in 2.72s; 348.16 connections/user sec, bytes read 0
947 connections in 11 real seconds, 0 bytes read per connection
Execution 47
s_time: verify depth is 1
1119 connections in 3.17s; 353.00 connections/user sec, bytes read 0
1119 connections in 11 real seconds, 0 bytes read per connection
Execution 48
s_time: verify depth is 1
1024 connections in 2.96s; 345.95 connections/user sec, bytes read 0
1024 connections in 13 real seconds, 0 bytes read per connection
Execution 49
s_time: verify depth is 1
498 connections in 1.43s; 348.25 connections/user sec, bytes read 0
498 connections in 11 real seconds, 0 bytes read per connection
Execution 50
s_time: verify depth is 1
1009 connections in 3.07s; 328.66 connections/user sec, bytes read 0
1009 connections in 11 real seconds, 0 bytes read per connection