secp384r1
tc
Mostrando el estado de qdisc para la interfaz: lo
qdisc netem 8010: root refcnt 2 limit 1000 loss 0.1%
 Sent 0 bytes 0 pkt (dropped 0, overlimits 0 requeues 0) 
 backlog 0b 0p requeues 0
Certificate request self-signature ok
subject=CN=localhost
Running /opt/oqssa/bin/perftestServerECDSA.sh with SIG_ALG=secp384r1 and KEM_ALG=P-384

Using default temp DH parameters
ACCEPT
Execution 1
s_time: verify depth is 1
573 connections in 3.92s; 146.17 connections/user sec, bytes read 0
573 connections in 11 real seconds, 0 bytes read per connection
Execution 2
s_time: verify depth is 1
760 connections in 5.64s; 134.75 connections/user sec, bytes read 0
760 connections in 11 real seconds, 0 bytes read per connection
Execution 3
s_time: verify depth is 1
674 connections in 4.75s; 141.89 connections/user sec, bytes read 0
674 connections in 12 real seconds, 0 bytes read per connection
Execution 4
s_time: verify depth is 1
528 connections in 3.51s; 150.43 connections/user sec, bytes read 0
528 connections in 11 real seconds, 0 bytes read per connection
Execution 5
s_time: verify depth is 1
741 connections in 5.24s; 141.41 connections/user sec, bytes read 0
741 connections in 11 real seconds, 0 bytes read per connection
Execution 6
s_time: verify depth is 1
743 connections in 5.07s; 146.55 connections/user sec, bytes read 0
743 connections in 14 real seconds, 0 bytes read per connection
Execution 7
s_time: verify depth is 1
779 connections in 5.34s; 145.88 connections/user sec, bytes read 0
779 connections in 11 real seconds, 0 bytes read per connection
Execution 8
s_time: verify depth is 1
740 connections in 5.24s; 141.22 connections/user sec, bytes read 0
740 connections in 11 real seconds, 0 bytes read per connection
Execution 9
s_time: verify depth is 1
744 connections in 5.01s; 148.50 connections/user sec, bytes read 0
744 connections in 14 real seconds, 0 bytes read per connection
Execution 10
s_time: verify depth is 1
837 connections in 5.83s; 143.57 connections/user sec, bytes read 0
837 connections in 11 real seconds, 0 bytes read per connection
Execution 11
s_time: verify depth is 1
851 connections in 5.77s; 147.49 connections/user sec, bytes read 0
851 connections in 11 real seconds, 0 bytes read per connection
Execution 12
s_time: verify depth is 1
826 connections in 5.36s; 154.10 connections/user sec, bytes read 0
826 connections in 14 real seconds, 0 bytes read per connection
Execution 13
s_time: verify depth is 1
834 connections in 5.76s; 144.79 connections/user sec, bytes read 0
834 connections in 11 real seconds, 0 bytes read per connection
Execution 14
s_time: verify depth is 1
685 connections in 4.75s; 144.21 connections/user sec, bytes read 0
685 connections in 11 real seconds, 0 bytes read per connection
Execution 15
s_time: verify depth is 1
696 connections in 4.67s; 149.04 connections/user sec, bytes read 0
696 connections in 14 real seconds, 0 bytes read per connection
Execution 16
s_time: verify depth is 1
825 connections in 5.70s; 144.74 connections/user sec, bytes read 0
825 connections in 11 real seconds, 0 bytes read per connection
Execution 17
s_time: verify depth is 1
839 connections in 5.49s; 152.82 connections/user sec, bytes read 0
839 connections in 11 real seconds, 0 bytes read per connection
Execution 18
s_time: verify depth is 1
836 connections in 5.64s; 148.23 connections/user sec, bytes read 0
836 connections in 13 real seconds, 0 bytes read per connection
Execution 19
s_time: verify depth is 1
567 connections in 4.11s; 137.96 connections/user sec, bytes read 0
567 connections in 11 real seconds, 0 bytes read per connection
Execution 20
s_time: verify depth is 1
915 connections in 6.53s; 140.12 connections/user sec, bytes read 0
915 connections in 11 real seconds, 0 bytes read per connection
Execution 21
s_time: verify depth is 1
550 connections in 4.11s; 133.82 connections/user sec, bytes read 0
550 connections in 14 real seconds, 0 bytes read per connection
Execution 22
s_time: verify depth is 1
657 connections in 5.02s; 130.88 connections/user sec, bytes read 0
657 connections in 11 real seconds, 0 bytes read per connection
Execution 23
s_time: verify depth is 1
719 connections in 5.05s; 142.38 connections/user sec, bytes read 0
719 connections in 11 real seconds, 0 bytes read per connection
Execution 24
s_time: verify depth is 1
707 connections in 5.00s; 141.40 connections/user sec, bytes read 0
707 connections in 14 real seconds, 0 bytes read per connection
Execution 25
s_time: verify depth is 1
825 connections in 5.46s; 151.10 connections/user sec, bytes read 0
825 connections in 11 real seconds, 0 bytes read per connection
Execution 26
s_time: verify depth is 1
730 connections in 5.00s; 146.00 connections/user sec, bytes read 0
730 connections in 11 real seconds, 0 bytes read per connection
Execution 27
s_time: verify depth is 1
815 connections in 5.53s; 147.38 connections/user sec, bytes read 0
815 connections in 14 real seconds, 0 bytes read per connection
Execution 28
s_time: verify depth is 1
782 connections in 5.38s; 145.35 connections/user sec, bytes read 0
782 connections in 11 real seconds, 0 bytes read per connection
Execution 29
s_time: verify depth is 1
863 connections in 5.81s; 148.54 connections/user sec, bytes read 0
863 connections in 11 real seconds, 0 bytes read per connection
Execution 30
s_time: verify depth is 1
696 connections in 4.98s; 139.76 connections/user sec, bytes read 0
696 connections in 14 real seconds, 0 bytes read per connection
Execution 31
s_time: verify depth is 1
868 connections in 5.85s; 148.38 connections/user sec, bytes read 0
868 connections in 11 real seconds, 0 bytes read per connection
Execution 32
s_time: verify depth is 1
836 connections in 5.75s; 145.39 connections/user sec, bytes read 0
836 connections in 11 real seconds, 0 bytes read per connection
Execution 33
s_time: verify depth is 1
860 connections in 5.83s; 147.51 connections/user sec, bytes read 0
860 connections in 13 real seconds, 0 bytes read per connection
Execution 34
s_time: verify depth is 1
811 connections in 5.68s; 142.78 connections/user sec, bytes read 0
811 connections in 11 real seconds, 0 bytes read per connection
Execution 35
s_time: verify depth is 1
829 connections in 6.21s; 133.49 connections/user sec, bytes read 0
829 connections in 11 real seconds, 0 bytes read per connection
Execution 36
s_time: verify depth is 1
817 connections in 5.90s; 138.47 connections/user sec, bytes read 0
817 connections in 11 real seconds, 0 bytes read per connection
Execution 37
s_time: verify depth is 1
549 connections in 4.03s; 136.23 connections/user sec, bytes read 0
549 connections in 11 real seconds, 0 bytes read per connection
Execution 38
s_time: verify depth is 1
791 connections in 5.47s; 144.61 connections/user sec, bytes read 0
791 connections in 11 real seconds, 0 bytes read per connection
Execution 39
s_time: verify depth is 1
803 connections in 5.75s; 139.65 connections/user sec, bytes read 0
803 connections in 11 real seconds, 0 bytes read per connection
Execution 40
s_time: verify depth is 1
555 connections in 4.07s; 136.36 connections/user sec, bytes read 0
555 connections in 11 real seconds, 0 bytes read per connection
Execution 41
s_time: verify depth is 1
651 connections in 4.67s; 139.40 connections/user sec, bytes read 0
651 connections in 11 real seconds, 0 bytes read per connection
Execution 42
s_time: verify depth is 1
823 connections in 5.88s; 139.97 connections/user sec, bytes read 0
823 connections in 11 real seconds, 0 bytes read per connection
Execution 43
s_time: verify depth is 1
357 connections in 2.44s; 146.31 connections/user sec, bytes read 0
357 connections in 11 real seconds, 0 bytes read per connection
Execution 44
s_time: verify depth is 1
660 connections in 4.74s; 139.24 connections/user sec, bytes read 0
660 connections in 11 real seconds, 0 bytes read per connection
Execution 45
s_time: verify depth is 1
752 connections in 5.32s; 141.35 connections/user sec, bytes read 0
752 connections in 11 real seconds, 0 bytes read per connection
Execution 46
s_time: verify depth is 1
624 connections in 4.36s; 143.12 connections/user sec, bytes read 0
624 connections in 12 real seconds, 0 bytes read per connection
Execution 47
s_time: verify depth is 1
723 connections in 5.01s; 144.31 connections/user sec, bytes read 0
723 connections in 11 real seconds, 0 bytes read per connection
Execution 48
s_time: verify depth is 1
738 connections in 5.02s; 147.01 connections/user sec, bytes read 0
738 connections in 11 real seconds, 0 bytes read per connection
Execution 49
s_time: verify depth is 1
823 connections in 5.35s; 153.83 connections/user sec, bytes read 0
823 connections in 14 real seconds, 0 bytes read per connection
Execution 50
s_time: verify depth is 1
744 connections in 5.04s; 147.62 connections/user sec, bytes read 0
744 connections in 11 real seconds, 0 bytes read per connection
tc
Mostrando el estado de qdisc para la interfaz: lo
qdisc netem 8011: root refcnt 2 limit 1000 loss 0.1%
 Sent 0 bytes 0 pkt (dropped 0, overlimits 0 requeues 0) 
 backlog 0b 0p requeues 0
Certificate request self-signature ok
subject=CN=localhost
Running /opt/oqssa/bin/perftestServerECDSA.sh with SIG_ALG=secp384r1 and KEM_ALG=mlkem768

Using default temp DH parameters
ACCEPT
Execution 1
s_time: verify depth is 1
1396 connections in 4.31s; 323.90 connections/user sec, bytes read 0
1396 connections in 11 real seconds, 0 bytes read per connection
Execution 2
s_time: verify depth is 1
951 connections in 3.28s; 289.94 connections/user sec, bytes read 0
951 connections in 13 real seconds, 0 bytes read per connection
Execution 3
s_time: verify depth is 1
1771 connections in 5.88s; 301.19 connections/user sec, bytes read 0
1771 connections in 11 real seconds, 0 bytes read per connection
Execution 4
s_time: verify depth is 1
1342 connections in 4.52s; 296.90 connections/user sec, bytes read 0
1342 connections in 11 real seconds, 0 bytes read per connection
Execution 5
s_time: verify depth is 1
1608 connections in 5.06s; 317.79 connections/user sec, bytes read 0
1608 connections in 13 real seconds, 0 bytes read per connection
Execution 6
s_time: verify depth is 1
1354 connections in 4.61s; 293.71 connections/user sec, bytes read 0
1354 connections in 11 real seconds, 0 bytes read per connection
Execution 7
s_time: verify depth is 1
1861 connections in 6.06s; 307.10 connections/user sec, bytes read 0
1861 connections in 11 real seconds, 0 bytes read per connection
Execution 8
s_time: verify depth is 1
1346 connections in 4.21s; 319.71 connections/user sec, bytes read 0
1346 connections in 11 real seconds, 0 bytes read per connection
Execution 9
s_time: verify depth is 1
1191 connections in 3.86s; 308.55 connections/user sec, bytes read 0
1191 connections in 11 real seconds, 0 bytes read per connection
Execution 10
s_time: verify depth is 1
1021 connections in 3.25s; 314.15 connections/user sec, bytes read 0
1021 connections in 11 real seconds, 0 bytes read per connection
Execution 11
s_time: verify depth is 1
1419 connections in 4.61s; 307.81 connections/user sec, bytes read 0
1419 connections in 14 real seconds, 0 bytes read per connection
Execution 12
s_time: verify depth is 1
1543 connections in 5.16s; 299.03 connections/user sec, bytes read 0
1543 connections in 11 real seconds, 0 bytes read per connection
Execution 13
s_time: verify depth is 1
1466 connections in 4.66s; 314.59 connections/user sec, bytes read 0
1466 connections in 11 real seconds, 0 bytes read per connection
Execution 14
s_time: verify depth is 1
1254 connections in 4.06s; 308.87 connections/user sec, bytes read 0
1254 connections in 14 real seconds, 0 bytes read per connection
Execution 15
s_time: verify depth is 1
1279 connections in 4.31s; 296.75 connections/user sec, bytes read 0
1279 connections in 11 real seconds, 0 bytes read per connection
Execution 16
s_time: verify depth is 1
1318 connections in 4.18s; 315.31 connections/user sec, bytes read 0
1318 connections in 11 real seconds, 0 bytes read per connection
Execution 17
s_time: verify depth is 1
1452 connections in 4.56s; 318.42 connections/user sec, bytes read 0
1452 connections in 14 real seconds, 0 bytes read per connection
Execution 18
s_time: verify depth is 1
1575 connections in 4.87s; 323.41 connections/user sec, bytes read 0
1575 connections in 11 real seconds, 0 bytes read per connection
Execution 19
s_time: verify depth is 1
1758 connections in 5.71s; 307.88 connections/user sec, bytes read 0
1758 connections in 11 real seconds, 0 bytes read per connection
Execution 20
s_time: verify depth is 1
1324 connections in 4.41s; 300.23 connections/user sec, bytes read 0
1324 connections in 13 real seconds, 0 bytes read per connection
Execution 21
s_time: verify depth is 1
1419 connections in 5.04s; 281.55 connections/user sec, bytes read 0
1419 connections in 11 real seconds, 0 bytes read per connection
Execution 22
s_time: verify depth is 1
1121 connections in 3.80s; 295.00 connections/user sec, bytes read 0
1121 connections in 11 real seconds, 0 bytes read per connection
Execution 23
s_time: verify depth is 1
1654 connections in 5.46s; 302.93 connections/user sec, bytes read 0
1654 connections in 11 real seconds, 0 bytes read per connection
Execution 24
s_time: verify depth is 1
1079 connections in 3.45s; 312.75 connections/user sec, bytes read 0
1079 connections in 11 real seconds, 0 bytes read per connection
Execution 25
s_time: verify depth is 1
1701 connections in 5.77s; 294.80 connections/user sec, bytes read 0
1701 connections in 11 real seconds, 0 bytes read per connection
Execution 26
s_time: verify depth is 1
1578 connections in 5.13s; 307.60 connections/user sec, bytes read 0
1578 connections in 11 real seconds, 0 bytes read per connection
Execution 27
s_time: verify depth is 1
916 connections in 2.92s; 313.70 connections/user sec, bytes read 0
916 connections in 11 real seconds, 0 bytes read per connection
Execution 28
s_time: verify depth is 1
1504 connections in 4.77s; 315.30 connections/user sec, bytes read 0
1504 connections in 11 real seconds, 0 bytes read per connection
Execution 29
s_time: verify depth is 1
1785 connections in 5.61s; 318.18 connections/user sec, bytes read 0
1785 connections in 11 real seconds, 0 bytes read per connection
Execution 30
s_time: verify depth is 1
1119 connections in 3.73s; 300.00 connections/user sec, bytes read 0
1119 connections in 11 real seconds, 0 bytes read per connection
Execution 31
s_time: verify depth is 1
1227 connections in 3.92s; 313.01 connections/user sec, bytes read 0
1227 connections in 11 real seconds, 0 bytes read per connection
Execution 32
s_time: verify depth is 1
1604 connections in 4.92s; 326.02 connections/user sec, bytes read 0
1604 connections in 11 real seconds, 0 bytes read per connection
Execution 33
s_time: verify depth is 1
960 connections in 3.15s; 304.76 connections/user sec, bytes read 0
960 connections in 12 real seconds, 0 bytes read per connection
Execution 34
s_time: verify depth is 1
1692 connections in 5.58s; 303.23 connections/user sec, bytes read 0
1692 connections in 11 real seconds, 0 bytes read per connection
Execution 35
s_time: verify depth is 1
1174 connections in 3.75s; 313.07 connections/user sec, bytes read 0
1174 connections in 11 real seconds, 0 bytes read per connection
Execution 36
s_time: verify depth is 1
1509 connections in 4.71s; 320.38 connections/user sec, bytes read 0
1509 connections in 14 real seconds, 0 bytes read per connection
Execution 37
s_time: verify depth is 1
1075 connections in 3.53s; 304.53 connections/user sec, bytes read 0
1075 connections in 11 real seconds, 0 bytes read per connection
Execution 38
s_time: verify depth is 1
1755 connections in 5.51s; 318.51 connections/user sec, bytes read 0
1755 connections in 11 real seconds, 0 bytes read per connection
Execution 39
s_time: verify depth is 1
1851 connections in 6.05s; 305.95 connections/user sec, bytes read 0
1851 connections in 13 real seconds, 0 bytes read per connection
Execution 40
s_time: verify depth is 1
1470 connections in 4.72s; 311.44 connections/user sec, bytes read 0
1470 connections in 11 real seconds, 0 bytes read per connection
Execution 41
s_time: verify depth is 1
1762 connections in 5.92s; 297.64 connections/user sec, bytes read 0
1762 connections in 11 real seconds, 0 bytes read per connection
Execution 42
s_time: verify depth is 1
1547 connections in 5.52s; 280.25 connections/user sec, bytes read 0
1547 connections in 11 real seconds, 0 bytes read per connection
Execution 43
s_time: verify depth is 1
902 connections in 3.20s; 281.88 connections/user sec, bytes read 0
902 connections in 11 real seconds, 0 bytes read per connection
Execution 44
s_time: verify depth is 1
1670 connections in 5.62s; 297.15 connections/user sec, bytes read 0
1670 connections in 11 real seconds, 0 bytes read per connection
Execution 45
s_time: verify depth is 1
1676 connections in 5.40s; 310.37 connections/user sec, bytes read 0
1676 connections in 11 real seconds, 0 bytes read per connection
Execution 46
s_time: verify depth is 1
1183 connections in 3.83s; 308.88 connections/user sec, bytes read 0
1183 connections in 11 real seconds, 0 bytes read per connection
Execution 47
s_time: verify depth is 1
1698 connections in 5.39s; 315.03 connections/user sec, bytes read 0
1698 connections in 11 real seconds, 0 bytes read per connection
Execution 48
s_time: verify depth is 1
1407 connections in 4.78s; 294.35 connections/user sec, bytes read 0
1407 connections in 11 real seconds, 0 bytes read per connection
Execution 49
s_time: verify depth is 1
802 connections in 2.91s; 275.60 connections/user sec, bytes read 0
802 connections in 11 real seconds, 0 bytes read per connection
Execution 50
s_time: verify depth is 1
1226 connections in 4.04s; 303.47 connections/user sec, bytes read 0
1226 connections in 11 real seconds, 0 bytes read per connection
mldsa65
tc
Mostrando el estado de qdisc para la interfaz: lo
qdisc netem 8012: root refcnt 2 limit 1000 loss 0.1%
 Sent 0 bytes 0 pkt (dropped 0, overlimits 0 requeues 0) 
 backlog 0b 0p requeues 0
-----
-----
Certificate request self-signature ok
subject=CN=localhost
Running /opt/oqssa/bin/perftestServer.sh with SIG_ALG=mldsa65 and KEM_ALG=P-384

Using default temp DH parameters
ACCEPT
Execution 1
s_time: verify depth is 1
1204 connections in 5.50s; 218.91 connections/user sec, bytes read 0
1204 connections in 11 real seconds, 0 bytes read per connection
Execution 2
s_time: verify depth is 1
647 connections in 3.08s; 210.06 connections/user sec, bytes read 0
647 connections in 11 real seconds, 0 bytes read per connection
Execution 3
s_time: verify depth is 1
773 connections in 3.70s; 208.92 connections/user sec, bytes read 0
773 connections in 11 real seconds, 0 bytes read per connection
Execution 4
s_time: verify depth is 1
1091 connections in 4.96s; 219.96 connections/user sec, bytes read 0
1091 connections in 11 real seconds, 0 bytes read per connection
Execution 5
s_time: verify depth is 1
783 connections in 3.58s; 218.72 connections/user sec, bytes read 0
783 connections in 13 real seconds, 0 bytes read per connection
Execution 6
s_time: verify depth is 1
1083 connections in 5.01s; 216.17 connections/user sec, bytes read 0
1083 connections in 11 real seconds, 0 bytes read per connection
Execution 7
s_time: verify depth is 1
939 connections in 4.41s; 212.93 connections/user sec, bytes read 0
939 connections in 11 real seconds, 0 bytes read per connection
Execution 8
s_time: verify depth is 1
729 connections in 3.52s; 207.10 connections/user sec, bytes read 0
729 connections in 13 real seconds, 0 bytes read per connection
Execution 9
s_time: verify depth is 1
812 connections in 3.78s; 214.81 connections/user sec, bytes read 0
812 connections in 11 real seconds, 0 bytes read per connection
Execution 10
s_time: verify depth is 1
840 connections in 3.92s; 214.29 connections/user sec, bytes read 0
840 connections in 11 real seconds, 0 bytes read per connection
Execution 11
s_time: verify depth is 1
1066 connections in 4.92s; 216.67 connections/user sec, bytes read 0
1066 connections in 11 real seconds, 0 bytes read per connection
Execution 12
s_time: verify depth is 1
625 connections in 2.92s; 214.04 connections/user sec, bytes read 0
625 connections in 11 real seconds, 0 bytes read per connection
Execution 13
s_time: verify depth is 1
881 connections in 4.29s; 205.36 connections/user sec, bytes read 0
881 connections in 11 real seconds, 0 bytes read per connection
Execution 14
s_time: verify depth is 1
1154 connections in 5.60s; 206.07 connections/user sec, bytes read 0
1154 connections in 11 real seconds, 0 bytes read per connection
Execution 15
s_time: verify depth is 1
769 connections in 3.67s; 209.54 connections/user sec, bytes read 0
769 connections in 11 real seconds, 0 bytes read per connection
Execution 16
s_time: verify depth is 1
1067 connections in 5.06s; 210.87 connections/user sec, bytes read 0
1067 connections in 11 real seconds, 0 bytes read per connection
Execution 17
s_time: verify depth is 1
1251 connections in 5.75s; 217.57 connections/user sec, bytes read 0
1251 connections in 11 real seconds, 0 bytes read per connection
Execution 18
s_time: verify depth is 1
784 connections in 3.93s; 199.49 connections/user sec, bytes read 0
784 connections in 11 real seconds, 0 bytes read per connection
Execution 19
s_time: verify depth is 1
1247 connections in 5.94s; 209.93 connections/user sec, bytes read 0
1247 connections in 11 real seconds, 0 bytes read per connection
Execution 20
s_time: verify depth is 1
1007 connections in 5.08s; 198.23 connections/user sec, bytes read 0
1007 connections in 11 real seconds, 0 bytes read per connection
Execution 21
s_time: verify depth is 1
986 connections in 4.67s; 211.13 connections/user sec, bytes read 0
986 connections in 12 real seconds, 0 bytes read per connection
Execution 22
s_time: verify depth is 1
1154 connections in 5.34s; 216.10 connections/user sec, bytes read 0
1154 connections in 11 real seconds, 0 bytes read per connection
Execution 23
s_time: verify depth is 1
1127 connections in 5.24s; 215.08 connections/user sec, bytes read 0
1127 connections in 11 real seconds, 0 bytes read per connection
Execution 24
s_time: verify depth is 1
1014 connections in 4.78s; 212.13 connections/user sec, bytes read 0
1014 connections in 14 real seconds, 0 bytes read per connection
Execution 25
s_time: verify depth is 1
813 connections in 3.69s; 220.33 connections/user sec, bytes read 0
813 connections in 11 real seconds, 0 bytes read per connection
Execution 26
s_time: verify depth is 1
1318 connections in 6.18s; 213.27 connections/user sec, bytes read 0
1318 connections in 11 real seconds, 0 bytes read per connection
Execution 27
s_time: verify depth is 1
1073 connections in 5.19s; 206.74 connections/user sec, bytes read 0
1073 connections in 13 real seconds, 0 bytes read per connection
Execution 28
s_time: verify depth is 1
1069 connections in 4.95s; 215.96 connections/user sec, bytes read 0
1069 connections in 11 real seconds, 0 bytes read per connection
Execution 29
s_time: verify depth is 1
1131 connections in 5.28s; 214.20 connections/user sec, bytes read 0
1131 connections in 11 real seconds, 0 bytes read per connection
Execution 30
s_time: verify depth is 1
1254 connections in 6.05s; 207.27 connections/user sec, bytes read 0
1254 connections in 11 real seconds, 0 bytes read per connection
Execution 31
s_time: verify depth is 1
634 connections in 3.07s; 206.51 connections/user sec, bytes read 0
634 connections in 11 real seconds, 0 bytes read per connection
Execution 32
s_time: verify depth is 1
953 connections in 4.37s; 218.08 connections/user sec, bytes read 0
953 connections in 11 real seconds, 0 bytes read per connection
Execution 33
s_time: verify depth is 1
920 connections in 4.39s; 209.57 connections/user sec, bytes read 0
920 connections in 11 real seconds, 0 bytes read per connection
Execution 34
s_time: verify depth is 1
614 connections in 2.99s; 205.35 connections/user sec, bytes read 0
614 connections in 11 real seconds, 0 bytes read per connection
Execution 35
s_time: verify depth is 1
1038 connections in 4.58s; 226.64 connections/user sec, bytes read 0
1038 connections in 11 real seconds, 0 bytes read per connection
Execution 36
s_time: verify depth is 1
1158 connections in 5.43s; 213.26 connections/user sec, bytes read 0
1158 connections in 11 real seconds, 0 bytes read per connection
Execution 37
s_time: verify depth is 1
841 connections in 3.87s; 217.31 connections/user sec, bytes read 0
841 connections in 11 real seconds, 0 bytes read per connection
Execution 38
s_time: verify depth is 1
1087 connections in 4.87s; 223.20 connections/user sec, bytes read 0
1087 connections in 11 real seconds, 0 bytes read per connection
Execution 39
s_time: verify depth is 1
1173 connections in 5.56s; 210.97 connections/user sec, bytes read 0
1173 connections in 11 real seconds, 0 bytes read per connection
Execution 40
s_time: verify depth is 1
811 connections in 3.70s; 219.19 connections/user sec, bytes read 0
811 connections in 12 real seconds, 0 bytes read per connection
Execution 41
s_time: verify depth is 1
813 connections in 3.72s; 218.55 connections/user sec, bytes read 0
813 connections in 11 real seconds, 0 bytes read per connection
Execution 42
s_time: verify depth is 1
1019 connections in 5.04s; 202.18 connections/user sec, bytes read 0
1019 connections in 11 real seconds, 0 bytes read per connection
Execution 43
s_time: verify depth is 1
1051 connections in 4.77s; 220.34 connections/user sec, bytes read 0
1051 connections in 14 real seconds, 0 bytes read per connection
Execution 44
s_time: verify depth is 1
1215 connections in 5.57s; 218.13 connections/user sec, bytes read 0
1215 connections in 11 real seconds, 0 bytes read per connection
Execution 45
s_time: verify depth is 1
1125 connections in 5.33s; 211.07 connections/user sec, bytes read 0
1125 connections in 11 real seconds, 0 bytes read per connection
Execution 46
s_time: verify depth is 1
1218 connections in 5.62s; 216.73 connections/user sec, bytes read 0
1218 connections in 13 real seconds, 0 bytes read per connection
Execution 47
s_time: verify depth is 1
847 connections in 3.87s; 218.86 connections/user sec, bytes read 0
847 connections in 11 real seconds, 0 bytes read per connection
Execution 48
s_time: verify depth is 1
1069 connections in 4.99s; 214.23 connections/user sec, bytes read 0
1069 connections in 11 real seconds, 0 bytes read per connection
Execution 49
s_time: verify depth is 1
1154 connections in 5.55s; 207.93 connections/user sec, bytes read 0
1154 connections in 11 real seconds, 0 bytes read per connection
Execution 50
s_time: verify depth is 1
635 connections in 2.83s; 224.38 connections/user sec, bytes read 0
635 connections in 11 real seconds, 0 bytes read per connection
tc
Mostrando el estado de qdisc para la interfaz: lo
qdisc netem 8013: root refcnt 2 limit 1000 loss 0.1%
 Sent 0 bytes 0 pkt (dropped 0, overlimits 0 requeues 0) 
 backlog 0b 0p requeues 0
-----
-----
Certificate request self-signature ok
subject=CN=localhost
Running /opt/oqssa/bin/perftestServer.sh with SIG_ALG=mldsa65 and KEM_ALG=mlkem768

Using default temp DH parameters
ACCEPT
Execution 1
s_time: verify depth is 1
3002 connections in 2.49s; 1205.62 connections/user sec, bytes read 0
3002 connections in 11 real seconds, 0 bytes read per connection
Execution 2
s_time: verify depth is 1
3352 connections in 2.73s; 1227.84 connections/user sec, bytes read 0
3352 connections in 11 real seconds, 0 bytes read per connection
Execution 3
s_time: verify depth is 1
1276 connections in 1.07s; 1192.52 connections/user sec, bytes read 0
1276 connections in 11 real seconds, 0 bytes read per connection
Execution 4
s_time: verify depth is 1
2405 connections in 1.97s; 1220.81 connections/user sec, bytes read 0
2405 connections in 11 real seconds, 0 bytes read per connection
Execution 5
s_time: verify depth is 1
2465 connections in 2.07s; 1190.82 connections/user sec, bytes read 0
2465 connections in 11 real seconds, 0 bytes read per connection
Execution 6
s_time: verify depth is 1
2331 connections in 2.08s; 1120.67 connections/user sec, bytes read 0
2331 connections in 13 real seconds, 0 bytes read per connection
Execution 7
s_time: verify depth is 1
2647 connections in 2.10s; 1260.48 connections/user sec, bytes read 0
2647 connections in 11 real seconds, 0 bytes read per connection
Execution 8
s_time: verify depth is 1
2338 connections in 2.00s; 1169.00 connections/user sec, bytes read 0
2338 connections in 11 real seconds, 0 bytes read per connection
Execution 9
s_time: verify depth is 1
2275 connections in 1.90s; 1197.37 connections/user sec, bytes read 0
2275 connections in 13 real seconds, 0 bytes read per connection
Execution 10
s_time: verify depth is 1
2919 connections in 2.35s; 1242.13 connections/user sec, bytes read 0
2919 connections in 11 real seconds, 0 bytes read per connection
Execution 11
s_time: verify depth is 1
2505 connections in 2.07s; 1210.14 connections/user sec, bytes read 0
2505 connections in 11 real seconds, 0 bytes read per connection
Execution 12
s_time: verify depth is 1
2519 connections in 2.07s; 1216.91 connections/user sec, bytes read 0
2519 connections in 15 real seconds, 0 bytes read per connection
Execution 13
s_time: verify depth is 1
3540 connections in 2.83s; 1250.88 connections/user sec, bytes read 0
3540 connections in 11 real seconds, 0 bytes read per connection
Execution 14
s_time: verify depth is 1
2611 connections in 2.19s; 1192.24 connections/user sec, bytes read 0
2611 connections in 11 real seconds, 0 bytes read per connection
Execution 15
s_time: verify depth is 1
3171 connections in 2.40s; 1321.25 connections/user sec, bytes read 0
3171 connections in 13 real seconds, 0 bytes read per connection
Execution 16
s_time: verify depth is 1
2863 connections in 2.32s; 1234.05 connections/user sec, bytes read 0
2863 connections in 11 real seconds, 0 bytes read per connection
Execution 17
s_time: verify depth is 1
3496 connections in 2.97s; 1177.10 connections/user sec, bytes read 0
3496 connections in 11 real seconds, 0 bytes read per connection
Execution 18
s_time: verify depth is 1
3487 connections in 2.96s; 1178.04 connections/user sec, bytes read 0
3487 connections in 15 real seconds, 0 bytes read per connection
Execution 19
s_time: verify depth is 1
4854 connections in 4.07s; 1192.63 connections/user sec, bytes read 0
4854 connections in 11 real seconds, 0 bytes read per connection
Execution 20
s_time: verify depth is 1
1590 connections in 1.30s; 1223.08 connections/user sec, bytes read 0
1590 connections in 11 real seconds, 0 bytes read per connection
Execution 21
s_time: verify depth is 1
2254 connections in 1.89s; 1192.59 connections/user sec, bytes read 0
2254 connections in 13 real seconds, 0 bytes read per connection
Execution 22
s_time: verify depth is 1
2031 connections in 1.59s; 1277.36 connections/user sec, bytes read 0
2031 connections in 11 real seconds, 0 bytes read per connection
Execution 23
s_time: verify depth is 1
2372 connections in 1.90s; 1248.42 connections/user sec, bytes read 0
2372 connections in 11 real seconds, 0 bytes read per connection
Execution 24
s_time: verify depth is 1
3576 connections in 2.92s; 1224.66 connections/user sec, bytes read 0
3576 connections in 14 real seconds, 0 bytes read per connection
Execution 25
s_time: verify depth is 1
4418 connections in 3.45s; 1280.58 connections/user sec, bytes read 0
4418 connections in 12 real seconds, 0 bytes read per connection
Execution 26
s_time: verify depth is 1
2461 connections in 2.07s; 1188.89 connections/user sec, bytes read 0
2461 connections in 11 real seconds, 0 bytes read per connection
Execution 27
s_time: verify depth is 1
2859 connections in 2.32s; 1232.33 connections/user sec, bytes read 0
2859 connections in 13 real seconds, 0 bytes read per connection
Execution 28
s_time: verify depth is 1
2555 connections in 2.06s; 1240.29 connections/user sec, bytes read 0
2555 connections in 11 real seconds, 0 bytes read per connection
Execution 29
s_time: verify depth is 1
2987 connections in 2.57s; 1162.26 connections/user sec, bytes read 0
2987 connections in 11 real seconds, 0 bytes read per connection
Execution 30
s_time: verify depth is 1
2862 connections in 2.26s; 1266.37 connections/user sec, bytes read 0
2862 connections in 13 real seconds, 0 bytes read per connection
Execution 31
s_time: verify depth is 1
2358 connections in 2.00s; 1179.00 connections/user sec, bytes read 0
2358 connections in 11 real seconds, 0 bytes read per connection
Execution 32
s_time: verify depth is 1
2927 connections in 2.54s; 1152.36 connections/user sec, bytes read 0
2927 connections in 11 real seconds, 0 bytes read per connection
Execution 33
s_time: verify depth is 1
2533 connections in 1.98s; 1279.29 connections/user sec, bytes read 0
2533 connections in 14 real seconds, 0 bytes read per connection
Execution 34
s_time: verify depth is 1
2648 connections in 2.23s; 1187.44 connections/user sec, bytes read 0
2648 connections in 11 real seconds, 0 bytes read per connection
Execution 35
s_time: verify depth is 1
2979 connections in 2.48s; 1201.21 connections/user sec, bytes read 0
2979 connections in 11 real seconds, 0 bytes read per connection
Execution 36
s_time: verify depth is 1
1757 connections in 1.49s; 1179.19 connections/user sec, bytes read 0
1757 connections in 13 real seconds, 0 bytes read per connection
Execution 37
s_time: verify depth is 1
2784 connections in 2.29s; 1215.72 connections/user sec, bytes read 0
2784 connections in 11 real seconds, 0 bytes read per connection
Execution 38
s_time: verify depth is 1
2309 connections in 1.89s; 1221.69 connections/user sec, bytes read 0
2309 connections in 11 real seconds, 0 bytes read per connection
Execution 39
s_time: verify depth is 1
2887 connections in 2.30s; 1255.22 connections/user sec, bytes read 0
2887 connections in 14 real seconds, 0 bytes read per connection
Execution 40
s_time: verify depth is 1
1388 connections in 1.19s; 1166.39 connections/user sec, bytes read 0
1388 connections in 11 real seconds, 0 bytes read per connection
Execution 41
s_time: verify depth is 1
3267 connections in 2.67s; 1223.60 connections/user sec, bytes read 0
3267 connections in 11 real seconds, 0 bytes read per connection
Execution 42
s_time: verify depth is 1
2826 connections in 2.32s; 1218.10 connections/user sec, bytes read 0
2826 connections in 14 real seconds, 0 bytes read per connection
Execution 43
s_time: verify depth is 1
3212 connections in 2.62s; 1225.95 connections/user sec, bytes read 0
3212 connections in 11 real seconds, 0 bytes read per connection
Execution 44
s_time: verify depth is 1
4047 connections in 3.26s; 1241.41 connections/user sec, bytes read 0
4047 connections in 11 real seconds, 0 bytes read per connection
Execution 45
s_time: verify depth is 1
3351 connections in 2.81s; 1192.53 connections/user sec, bytes read 0
3351 connections in 13 real seconds, 0 bytes read per connection
Execution 46
s_time: verify depth is 1
2378 connections in 2.04s; 1165.69 connections/user sec, bytes read 0
2378 connections in 11 real seconds, 0 bytes read per connection
Execution 47
s_time: verify depth is 1
1841 connections in 1.57s; 1172.61 connections/user sec, bytes read 0
1841 connections in 11 real seconds, 0 bytes read per connection
Execution 48
s_time: verify depth is 1
2681 connections in 2.13s; 1258.69 connections/user sec, bytes read 0
2681 connections in 15 real seconds, 0 bytes read per connection
Execution 49
s_time: verify depth is 1
2182 connections in 1.82s; 1198.90 connections/user sec, bytes read 0
2182 connections in 11 real seconds, 0 bytes read per connection
Execution 50
s_time: verify depth is 1
1673 connections in 1.33s; 1257.89 connections/user sec, bytes read 0
1673 connections in 11 real seconds, 0 bytes read per connection
tc
Mostrando el estado de qdisc para la interfaz: lo
qdisc netem 8014: root refcnt 2 limit 1000 loss 0.1%
 Sent 0 bytes 0 pkt (dropped 0, overlimits 0 requeues 0) 
 backlog 0b 0p requeues 0
-----
-----
Certificate request self-signature ok
subject=CN=localhost
Running /opt/oqssa/bin/perftestServer.sh with SIG_ALG=sphincssha2192fsimple and KEM_ALG=P-384

Using default temp DH parameters
ACCEPT
Execution 1
s_time: verify depth is 1
330 connections in 2.83s; 116.61 connections/user sec, bytes read 0
330 connections in 11 real seconds, 0 bytes read per connection
Execution 2
s_time: verify depth is 1
249 connections in 2.24s; 111.16 connections/user sec, bytes read 0
249 connections in 11 real seconds, 0 bytes read per connection
Execution 3
s_time: verify depth is 1
310 connections in 2.59s; 119.69 connections/user sec, bytes read 0
310 connections in 11 real seconds, 0 bytes read per connection
Execution 4
s_time: verify depth is 1
364 connections in 3.05s; 119.34 connections/user sec, bytes read 0
364 connections in 11 real seconds, 0 bytes read per connection
Execution 5
s_time: verify depth is 1
260 connections in 2.24s; 116.07 connections/user sec, bytes read 0
260 connections in 11 real seconds, 0 bytes read per connection
Execution 6
s_time: verify depth is 1
300 connections in 2.61s; 114.94 connections/user sec, bytes read 0
300 connections in 11 real seconds, 0 bytes read per connection
Execution 7
s_time: verify depth is 1
269 connections in 2.33s; 115.45 connections/user sec, bytes read 0
269 connections in 11 real seconds, 0 bytes read per connection
Execution 8
s_time: verify depth is 1
257 connections in 2.19s; 117.35 connections/user sec, bytes read 0
257 connections in 11 real seconds, 0 bytes read per connection
Execution 9
s_time: verify depth is 1
370 connections in 3.25s; 113.85 connections/user sec, bytes read 0
370 connections in 11 real seconds, 0 bytes read per connection
Execution 10
s_time: verify depth is 1
360 connections in 3.18s; 113.21 connections/user sec, bytes read 0
360 connections in 11 real seconds, 0 bytes read per connection
Execution 11
s_time: verify depth is 1
318 connections in 2.80s; 113.57 connections/user sec, bytes read 0
318 connections in 13 real seconds, 0 bytes read per connection
Execution 12
s_time: verify depth is 1
352 connections in 3.04s; 115.79 connections/user sec, bytes read 0
352 connections in 11 real seconds, 0 bytes read per connection
Execution 13
s_time: verify depth is 1
361 connections in 3.07s; 117.59 connections/user sec, bytes read 0
361 connections in 11 real seconds, 0 bytes read per connection
Execution 14
s_time: verify depth is 1
322 connections in 2.82s; 114.18 connections/user sec, bytes read 0
322 connections in 14 real seconds, 0 bytes read per connection
Execution 15
s_time: verify depth is 1
363 connections in 3.11s; 116.72 connections/user sec, bytes read 0
363 connections in 11 real seconds, 0 bytes read per connection
Execution 16
s_time: verify depth is 1
332 connections in 2.77s; 119.86 connections/user sec, bytes read 0
332 connections in 11 real seconds, 0 bytes read per connection
Execution 17
s_time: verify depth is 1
353 connections in 3.15s; 112.06 connections/user sec, bytes read 0
353 connections in 14 real seconds, 0 bytes read per connection
Execution 18
s_time: verify depth is 1
331 connections in 2.83s; 116.96 connections/user sec, bytes read 0
331 connections in 11 real seconds, 0 bytes read per connection
Execution 19
s_time: verify depth is 1
367 connections in 3.25s; 112.92 connections/user sec, bytes read 0
367 connections in 11 real seconds, 0 bytes read per connection
Execution 20
s_time: verify depth is 1
341 connections in 2.94s; 115.99 connections/user sec, bytes read 0
341 connections in 14 real seconds, 0 bytes read per connection
Execution 21
s_time: verify depth is 1
334 connections in 2.86s; 116.78 connections/user sec, bytes read 0
334 connections in 11 real seconds, 0 bytes read per connection
Execution 22
s_time: verify depth is 1
375 connections in 3.20s; 117.19 connections/user sec, bytes read 0
375 connections in 11 real seconds, 0 bytes read per connection
Execution 23
s_time: verify depth is 1
359 connections in 2.99s; 120.07 connections/user sec, bytes read 0
359 connections in 13 real seconds, 0 bytes read per connection
Execution 24
s_time: verify depth is 1
313 connections in 2.70s; 115.93 connections/user sec, bytes read 0
313 connections in 11 real seconds, 0 bytes read per connection
Execution 25
s_time: verify depth is 1
361 connections in 3.17s; 113.88 connections/user sec, bytes read 0
361 connections in 11 real seconds, 0 bytes read per connection
Execution 26
s_time: verify depth is 1
378 connections in 3.11s; 121.54 connections/user sec, bytes read 0
378 connections in 11 real seconds, 0 bytes read per connection
Execution 27
s_time: verify depth is 1
227 connections in 1.97s; 115.23 connections/user sec, bytes read 0
227 connections in 11 real seconds, 0 bytes read per connection
Execution 28
s_time: verify depth is 1
356 connections in 3.11s; 114.47 connections/user sec, bytes read 0
356 connections in 11 real seconds, 0 bytes read per connection
Execution 29
s_time: verify depth is 1
360 connections in 3.11s; 115.76 connections/user sec, bytes read 0
360 connections in 11 real seconds, 0 bytes read per connection
Execution 30
s_time: verify depth is 1
213 connections in 1.83s; 116.39 connections/user sec, bytes read 0
213 connections in 11 real seconds, 0 bytes read per connection
Execution 31
s_time: verify depth is 1
305 connections in 2.60s; 117.31 connections/user sec, bytes read 0
305 connections in 11 real seconds, 0 bytes read per connection
Execution 32
s_time: verify depth is 1
360 connections in 3.27s; 110.09 connections/user sec, bytes read 0
360 connections in 11 real seconds, 0 bytes read per connection
Execution 33
s_time: verify depth is 1
255 connections in 2.23s; 114.35 connections/user sec, bytes read 0
255 connections in 11 real seconds, 0 bytes read per connection
Execution 34
s_time: verify depth is 1
334 connections in 2.91s; 114.78 connections/user sec, bytes read 0
334 connections in 11 real seconds, 0 bytes read per connection
Execution 35
s_time: verify depth is 1
354 connections in 3.05s; 116.07 connections/user sec, bytes read 0
354 connections in 11 real seconds, 0 bytes read per connection
Execution 36
s_time: verify depth is 1
289 connections in 2.50s; 115.60 connections/user sec, bytes read 0
289 connections in 12 real seconds, 0 bytes read per connection
Execution 37
s_time: verify depth is 1
351 connections in 3.21s; 109.35 connections/user sec, bytes read 0
351 connections in 11 real seconds, 0 bytes read per connection
Execution 38
s_time: verify depth is 1
369 connections in 3.28s; 112.50 connections/user sec, bytes read 0
369 connections in 11 real seconds, 0 bytes read per connection
Execution 39
s_time: verify depth is 1
365 connections in 3.02s; 120.86 connections/user sec, bytes read 0
365 connections in 14 real seconds, 0 bytes read per connection
Execution 40
s_time: verify depth is 1
335 connections in 2.96s; 113.18 connections/user sec, bytes read 0
335 connections in 11 real seconds, 0 bytes read per connection
Execution 41
s_time: verify depth is 1
376 connections in 3.20s; 117.50 connections/user sec, bytes read 0
376 connections in 11 real seconds, 0 bytes read per connection
Execution 42
s_time: verify depth is 1
308 connections in 2.64s; 116.67 connections/user sec, bytes read 0
308 connections in 13 real seconds, 0 bytes read per connection
Execution 43
s_time: verify depth is 1
335 connections in 2.84s; 117.96 connections/user sec, bytes read 0
335 connections in 11 real seconds, 0 bytes read per connection
Execution 44
s_time: verify depth is 1
367 connections in 3.09s; 118.77 connections/user sec, bytes read 0
367 connections in 11 real seconds, 0 bytes read per connection
Execution 45
s_time: verify depth is 1
347 connections in 2.84s; 122.18 connections/user sec, bytes read 0
347 connections in 15 real seconds, 0 bytes read per connection
Execution 46
s_time: verify depth is 1
365 connections in 3.06s; 119.28 connections/user sec, bytes read 0
365 connections in 11 real seconds, 0 bytes read per connection
Execution 47
s_time: verify depth is 1
337 connections in 2.87s; 117.42 connections/user sec, bytes read 0
337 connections in 11 real seconds, 0 bytes read per connection
Execution 48
s_time: verify depth is 1
291 connections in 2.47s; 117.81 connections/user sec, bytes read 0
291 connections in 13 real seconds, 0 bytes read per connection
Execution 49
s_time: verify depth is 1
364 connections in 3.12s; 116.67 connections/user sec, bytes read 0
364 connections in 11 real seconds, 0 bytes read per connection
Execution 50
s_time: verify depth is 1
291 connections in 2.61s; 111.49 connections/user sec, bytes read 0
291 connections in 11 real seconds, 0 bytes read per connection
tc
Mostrando el estado de qdisc para la interfaz: lo
qdisc netem 8015: root refcnt 2 limit 1000 loss 0.1%
 Sent 0 bytes 0 pkt (dropped 0, overlimits 0 requeues 0) 
 backlog 0b 0p requeues 0
-----
-----
Certificate request self-signature ok
subject=CN=localhost
Running /opt/oqssa/bin/perftestServer.sh with SIG_ALG=sphincssha2192fsimple and KEM_ALG=mlkem768

Using default temp DH parameters
ACCEPT
Execution 1
s_time: verify depth is 1
293 connections in 1.54s; 190.26 connections/user sec, bytes read 0
293 connections in 14 real seconds, 0 bytes read per connection
Execution 2
s_time: verify depth is 1
382 connections in 1.86s; 205.38 connections/user sec, bytes read 0
382 connections in 11 real seconds, 0 bytes read per connection
Execution 3
s_time: verify depth is 1
371 connections in 1.94s; 191.24 connections/user sec, bytes read 0
371 connections in 11 real seconds, 0 bytes read per connection
Execution 4
s_time: verify depth is 1
374 connections in 1.79s; 208.94 connections/user sec, bytes read 0
374 connections in 13 real seconds, 0 bytes read per connection
Execution 5
s_time: verify depth is 1
318 connections in 1.50s; 212.00 connections/user sec, bytes read 0
318 connections in 11 real seconds, 0 bytes read per connection
Execution 6
s_time: verify depth is 1
349 connections in 1.76s; 198.30 connections/user sec, bytes read 0
349 connections in 11 real seconds, 0 bytes read per connection
Execution 7
s_time: verify depth is 1
398 connections in 2.01s; 198.01 connections/user sec, bytes read 0
398 connections in 14 real seconds, 0 bytes read per connection
Execution 8
s_time: verify depth is 1
368 connections in 1.91s; 192.67 connections/user sec, bytes read 0
368 connections in 11 real seconds, 0 bytes read per connection
Execution 9
s_time: verify depth is 1
393 connections in 1.94s; 202.58 connections/user sec, bytes read 0
393 connections in 11 real seconds, 0 bytes read per connection
Execution 10
s_time: verify depth is 1
393 connections in 2.01s; 195.52 connections/user sec, bytes read 0
393 connections in 13 real seconds, 0 bytes read per connection
Execution 11
s_time: verify depth is 1
407 connections in 2.07s; 196.62 connections/user sec, bytes read 0
407 connections in 11 real seconds, 0 bytes read per connection
Execution 12
s_time: verify depth is 1
350 connections in 1.76s; 198.86 connections/user sec, bytes read 0
350 connections in 11 real seconds, 0 bytes read per connection
Execution 13
s_time: verify depth is 1
405 connections in 1.95s; 207.69 connections/user sec, bytes read 0
405 connections in 11 real seconds, 0 bytes read per connection
Execution 14
s_time: verify depth is 1
250 connections in 1.28s; 195.31 connections/user sec, bytes read 0
250 connections in 11 real seconds, 0 bytes read per connection
Execution 15
s_time: verify depth is 1
440 connections in 2.16s; 203.70 connections/user sec, bytes read 0
440 connections in 11 real seconds, 0 bytes read per connection
Execution 16
s_time: verify depth is 1
401 connections in 1.98s; 202.53 connections/user sec, bytes read 0
401 connections in 11 real seconds, 0 bytes read per connection
Execution 17
s_time: verify depth is 1
268 connections in 1.41s; 190.07 connections/user sec, bytes read 0
268 connections in 11 real seconds, 0 bytes read per connection
Execution 18
s_time: verify depth is 1
334 connections in 1.75s; 190.86 connections/user sec, bytes read 0
334 connections in 11 real seconds, 0 bytes read per connection
Execution 19
s_time: verify depth is 1
410 connections in 1.94s; 211.34 connections/user sec, bytes read 0
410 connections in 11 real seconds, 0 bytes read per connection
Execution 20
s_time: verify depth is 1
300 connections in 1.44s; 208.33 connections/user sec, bytes read 0
300 connections in 11 real seconds, 0 bytes read per connection
Execution 21
s_time: verify depth is 1
361 connections in 1.93s; 187.05 connections/user sec, bytes read 0
361 connections in 11 real seconds, 0 bytes read per connection
Execution 22
s_time: verify depth is 1
396 connections in 1.99s; 198.99 connections/user sec, bytes read 0
396 connections in 11 real seconds, 0 bytes read per connection
Execution 23
s_time: verify depth is 1
335 connections in 1.69s; 198.22 connections/user sec, bytes read 0
335 connections in 12 real seconds, 0 bytes read per connection
Execution 24
s_time: verify depth is 1
437 connections in 2.14s; 204.21 connections/user sec, bytes read 0
437 connections in 11 real seconds, 0 bytes read per connection
Execution 25
s_time: verify depth is 1
352 connections in 1.79s; 196.65 connections/user sec, bytes read 0
352 connections in 11 real seconds, 0 bytes read per connection
Execution 26
s_time: verify depth is 1
378 connections in 1.76s; 214.77 connections/user sec, bytes read 0
378 connections in 14 real seconds, 0 bytes read per connection
Execution 27
s_time: verify depth is 1
403 connections in 2.18s; 184.86 connections/user sec, bytes read 0
403 connections in 11 real seconds, 0 bytes read per connection
Execution 28
s_time: verify depth is 1
413 connections in 2.09s; 197.61 connections/user sec, bytes read 0
413 connections in 11 real seconds, 0 bytes read per connection
Execution 29
s_time: verify depth is 1
372 connections in 1.89s; 196.83 connections/user sec, bytes read 0
372 connections in 13 real seconds, 0 bytes read per connection
Execution 30
s_time: verify depth is 1
407 connections in 2.02s; 201.49 connections/user sec, bytes read 0
407 connections in 11 real seconds, 0 bytes read per connection
Execution 31
s_time: verify depth is 1
396 connections in 1.96s; 202.04 connections/user sec, bytes read 0
396 connections in 11 real seconds, 0 bytes read per connection
Execution 32
s_time: verify depth is 1
420 connections in 2.18s; 192.66 connections/user sec, bytes read 0
420 connections in 11 real seconds, 0 bytes read per connection
Execution 33
s_time: verify depth is 1
290 connections in 1.43s; 202.80 connections/user sec, bytes read 0
290 connections in 11 real seconds, 0 bytes read per connection
Execution 34
s_time: verify depth is 1
448 connections in 2.22s; 201.80 connections/user sec, bytes read 0
448 connections in 11 real seconds, 0 bytes read per connection
Execution 35
s_time: verify depth is 1
331 connections in 1.69s; 195.86 connections/user sec, bytes read 0
331 connections in 11 real seconds, 0 bytes read per connection
Execution 36
s_time: verify depth is 1
304 connections in 1.48s; 205.41 connections/user sec, bytes read 0
304 connections in 11 real seconds, 0 bytes read per connection
Execution 37
s_time: verify depth is 1
388 connections in 1.98s; 195.96 connections/user sec, bytes read 0
388 connections in 11 real seconds, 0 bytes read per connection
Execution 38
s_time: verify depth is 1
419 connections in 2.15s; 194.88 connections/user sec, bytes read 0
419 connections in 11 real seconds, 0 bytes read per connection
Execution 39
s_time: verify depth is 1
226 connections in 1.10s; 205.45 connections/user sec, bytes read 0
226 connections in 11 real seconds, 0 bytes read per connection
Execution 40
s_time: verify depth is 1
295 connections in 1.48s; 199.32 connections/user sec, bytes read 0
295 connections in 11 real seconds, 0 bytes read per connection
Execution 41
s_time: verify depth is 1
440 connections in 2.17s; 202.76 connections/user sec, bytes read 0
440 connections in 11 real seconds, 0 bytes read per connection
Execution 42
s_time: verify depth is 1
314 connections in 1.64s; 191.46 connections/user sec, bytes read 0
314 connections in 12 real seconds, 0 bytes read per connection
Execution 43
s_time: verify depth is 1
363 connections in 1.91s; 190.05 connections/user sec, bytes read 0
363 connections in 11 real seconds, 0 bytes read per connection
Execution 44
s_time: verify depth is 1
387 connections in 2.06s; 187.86 connections/user sec, bytes read 0
387 connections in 11 real seconds, 0 bytes read per connection
Execution 45
s_time: verify depth is 1
430 connections in 2.08s; 206.73 connections/user sec, bytes read 0
430 connections in 14 real seconds, 0 bytes read per connection
Execution 46
s_time: verify depth is 1
437 connections in 2.17s; 201.38 connections/user sec, bytes read 0
437 connections in 11 real seconds, 0 bytes read per connection
Execution 47
s_time: verify depth is 1
365 connections in 1.73s; 210.98 connections/user sec, bytes read 0
365 connections in 11 real seconds, 0 bytes read per connection
Execution 48
s_time: verify depth is 1
392 connections in 1.94s; 202.06 connections/user sec, bytes read 0
392 connections in 13 real seconds, 0 bytes read per connection
Execution 49
s_time: verify depth is 1
330 connections in 1.75s; 188.57 connections/user sec, bytes read 0
330 connections in 11 real seconds, 0 bytes read per connection
Execution 50
s_time: verify depth is 1
430 connections in 2.25s; 191.11 connections/user sec, bytes read 0
430 connections in 11 real seconds, 0 bytes read per connection
sphincssha2192ssimple
tc
Mostrando el estado de qdisc para la interfaz: lo
qdisc netem 8016: root refcnt 2 limit 1000 loss 0.1%
 Sent 0 bytes 0 pkt (dropped 0, overlimits 0 requeues 0) 
 backlog 0b 0p requeues 0
-----
-----
Certificate request self-signature ok
subject=CN=localhost
Running /opt/oqssa/bin/perftestServer.sh with SIG_ALG=sphincssha2192ssimple and KEM_ALG=P-384

Using default temp DH parameters
ACCEPT
Execution 1
s_time: verify depth is 1
20 connections in 0.14s; 142.86 connections/user sec, bytes read 0
20 connections in 13 real seconds, 0 bytes read per connection
Execution 2
s_time: verify depth is 1
25 connections in 0.17s; 147.06 connections/user sec, bytes read 0
25 connections in 11 real seconds, 0 bytes read per connection
Execution 3
s_time: verify depth is 1
24 connections in 0.17s; 141.18 connections/user sec, bytes read 0
24 connections in 11 real seconds, 0 bytes read per connection
Execution 4
s_time: verify depth is 1
23 connections in 0.17s; 135.29 connections/user sec, bytes read 0
23 connections in 13 real seconds, 0 bytes read per connection
Execution 5
s_time: verify depth is 1
25 connections in 0.16s; 156.25 connections/user sec, bytes read 0
25 connections in 11 real seconds, 0 bytes read per connection
Execution 6
s_time: verify depth is 1
25 connections in 0.16s; 156.25 connections/user sec, bytes read 0
25 connections in 11 real seconds, 0 bytes read per connection
Execution 7
s_time: verify depth is 1
25 connections in 0.18s; 138.89 connections/user sec, bytes read 0
25 connections in 14 real seconds, 0 bytes read per connection
Execution 8
s_time: verify depth is 1
23 connections in 0.15s; 153.33 connections/user sec, bytes read 0
23 connections in 11 real seconds, 0 bytes read per connection
Execution 9
s_time: verify depth is 1
26 connections in 0.16s; 162.50 connections/user sec, bytes read 0
26 connections in 11 real seconds, 0 bytes read per connection
Execution 10
s_time: verify depth is 1
25 connections in 0.15s; 166.67 connections/user sec, bytes read 0
25 connections in 14 real seconds, 0 bytes read per connection
Execution 11
s_time: verify depth is 1
24 connections in 0.16s; 150.00 connections/user sec, bytes read 0
24 connections in 11 real seconds, 0 bytes read per connection
Execution 12
s_time: verify depth is 1
26 connections in 0.16s; 162.50 connections/user sec, bytes read 0
26 connections in 11 real seconds, 0 bytes read per connection
Execution 13
s_time: verify depth is 1
22 connections in 0.14s; 157.14 connections/user sec, bytes read 0
22 connections in 14 real seconds, 0 bytes read per connection
Execution 14
s_time: verify depth is 1
25 connections in 0.18s; 138.89 connections/user sec, bytes read 0
25 connections in 11 real seconds, 0 bytes read per connection
Execution 15
s_time: verify depth is 1
22 connections in 0.15s; 146.67 connections/user sec, bytes read 0
22 connections in 11 real seconds, 0 bytes read per connection
Execution 16
s_time: verify depth is 1
24 connections in 0.15s; 160.00 connections/user sec, bytes read 0
24 connections in 14 real seconds, 0 bytes read per connection
Execution 17
s_time: verify depth is 1
24 connections in 0.15s; 160.00 connections/user sec, bytes read 0
24 connections in 11 real seconds, 0 bytes read per connection
Execution 18
s_time: verify depth is 1
25 connections in 0.18s; 138.89 connections/user sec, bytes read 0
25 connections in 11 real seconds, 0 bytes read per connection
Execution 19
s_time: verify depth is 1
21 connections in 0.15s; 140.00 connections/user sec, bytes read 0
21 connections in 13 real seconds, 0 bytes read per connection
Execution 20
s_time: verify depth is 1
23 connections in 0.16s; 143.75 connections/user sec, bytes read 0
23 connections in 11 real seconds, 0 bytes read per connection
Execution 21
s_time: verify depth is 1
23 connections in 0.16s; 143.75 connections/user sec, bytes read 0
23 connections in 11 real seconds, 0 bytes read per connection
Execution 22
s_time: verify depth is 1
24 connections in 0.19s; 126.32 connections/user sec, bytes read 0
24 connections in 14 real seconds, 0 bytes read per connection
Execution 23
s_time: verify depth is 1
23 connections in 0.17s; 135.29 connections/user sec, bytes read 0
23 connections in 11 real seconds, 0 bytes read per connection
Execution 24
s_time: verify depth is 1
26 connections in 0.16s; 162.50 connections/user sec, bytes read 0
26 connections in 11 real seconds, 0 bytes read per connection
Execution 25
s_time: verify depth is 1
24 connections in 0.19s; 126.32 connections/user sec, bytes read 0
24 connections in 14 real seconds, 0 bytes read per connection
Execution 26
s_time: verify depth is 1
24 connections in 0.17s; 141.18 connections/user sec, bytes read 0
24 connections in 11 real seconds, 0 bytes read per connection
Execution 27
s_time: verify depth is 1
25 connections in 0.17s; 147.06 connections/user sec, bytes read 0
25 connections in 11 real seconds, 0 bytes read per connection
Execution 28
s_time: verify depth is 1
22 connections in 0.16s; 137.50 connections/user sec, bytes read 0
22 connections in 14 real seconds, 0 bytes read per connection
Execution 29
s_time: verify depth is 1
23 connections in 0.16s; 143.75 connections/user sec, bytes read 0
23 connections in 11 real seconds, 0 bytes read per connection
Execution 30
s_time: verify depth is 1
25 connections in 0.15s; 166.67 connections/user sec, bytes read 0
25 connections in 11 real seconds, 0 bytes read per connection
Execution 31
s_time: verify depth is 1
25 connections in 0.17s; 147.06 connections/user sec, bytes read 0
25 connections in 14 real seconds, 0 bytes read per connection
Execution 32
s_time: verify depth is 1
25 connections in 0.15s; 166.67 connections/user sec, bytes read 0
25 connections in 11 real seconds, 0 bytes read per connection
Execution 33
s_time: verify depth is 1
26 connections in 0.16s; 162.50 connections/user sec, bytes read 0
26 connections in 11 real seconds, 0 bytes read per connection
Execution 34
s_time: verify depth is 1
24 connections in 0.17s; 141.18 connections/user sec, bytes read 0
24 connections in 14 real seconds, 0 bytes read per connection
Execution 35
s_time: verify depth is 1
22 connections in 0.14s; 157.14 connections/user sec, bytes read 0
22 connections in 11 real seconds, 0 bytes read per connection
Execution 36
s_time: verify depth is 1
26 connections in 0.17s; 152.94 connections/user sec, bytes read 0
26 connections in 11 real seconds, 0 bytes read per connection
Execution 37
s_time: verify depth is 1
21 connections in 0.15s; 140.00 connections/user sec, bytes read 0
21 connections in 13 real seconds, 0 bytes read per connection
Execution 38
s_time: verify depth is 1
23 connections in 0.17s; 135.29 connections/user sec, bytes read 0
23 connections in 11 real seconds, 0 bytes read per connection
Execution 39
s_time: verify depth is 1
26 connections in 0.17s; 152.94 connections/user sec, bytes read 0
26 connections in 11 real seconds, 0 bytes read per connection
Execution 40
s_time: verify depth is 1
25 connections in 0.16s; 156.25 connections/user sec, bytes read 0
25 connections in 14 real seconds, 0 bytes read per connection
Execution 41
s_time: verify depth is 1
24 connections in 0.15s; 160.00 connections/user sec, bytes read 0
24 connections in 11 real seconds, 0 bytes read per connection
Execution 42
s_time: verify depth is 1
23 connections in 0.15s; 153.33 connections/user sec, bytes read 0
23 connections in 11 real seconds, 0 bytes read per connection
Execution 43
s_time: verify depth is 1
24 connections in 0.17s; 141.18 connections/user sec, bytes read 0
24 connections in 14 real seconds, 0 bytes read per connection
Execution 44
s_time: verify depth is 1
24 connections in 0.16s; 150.00 connections/user sec, bytes read 0
24 connections in 11 real seconds, 0 bytes read per connection
Execution 45
s_time: verify depth is 1
25 connections in 0.17s; 147.06 connections/user sec, bytes read 0
25 connections in 11 real seconds, 0 bytes read per connection
Execution 46
s_time: verify depth is 1
24 connections in 0.16s; 150.00 connections/user sec, bytes read 0
24 connections in 14 real seconds, 0 bytes read per connection
Execution 47
s_time: verify depth is 1
25 connections in 0.17s; 147.06 connections/user sec, bytes read 0
25 connections in 11 real seconds, 0 bytes read per connection
Execution 48
s_time: verify depth is 1
25 connections in 0.17s; 147.06 connections/user sec, bytes read 0
25 connections in 11 real seconds, 0 bytes read per connection
Execution 49
s_time: verify depth is 1
23 connections in 0.16s; 143.75 connections/user sec, bytes read 0
23 connections in 14 real seconds, 0 bytes read per connection
Execution 50
s_time: verify depth is 1
25 connections in 0.16s; 156.25 connections/user sec, bytes read 0
25 connections in 11 real seconds, 0 bytes read per connection
tc
Mostrando el estado de qdisc para la interfaz: lo
qdisc netem 8017: root refcnt 2 limit 1000 loss 0.1%
 Sent 0 bytes 0 pkt (dropped 0, overlimits 0 requeues 0) 
 backlog 0b 0p requeues 0
-----
-----
Certificate request self-signature ok
subject=CN=localhost
Running /opt/oqssa/bin/perftestServer.sh with SIG_ALG=sphincssha2192ssimple and KEM_ALG=mlkem768

Using default temp DH parameters
ACCEPT
Execution 1
s_time: verify depth is 1
24 connections in 0.07s; 342.86 connections/user sec, bytes read 0
24 connections in 11 real seconds, 0 bytes read per connection
Execution 2
s_time: verify depth is 1
16 connections in 0.04s; 400.00 connections/user sec, bytes read 0
16 connections in 11 real seconds, 0 bytes read per connection
Execution 3
s_time: verify depth is 1
27 connections in 0.08s; 337.50 connections/user sec, bytes read 0
27 connections in 11 real seconds, 0 bytes read per connection
Execution 4
s_time: verify depth is 1
26 connections in 0.08s; 325.00 connections/user sec, bytes read 0
26 connections in 11 real seconds, 0 bytes read per connection
Execution 5
s_time: verify depth is 1
23 connections in 0.06s; 383.33 connections/user sec, bytes read 0
23 connections in 14 real seconds, 0 bytes read per connection
Execution 6
s_time: verify depth is 1
27 connections in 0.08s; 337.50 connections/user sec, bytes read 0
27 connections in 11 real seconds, 0 bytes read per connection
Execution 7
s_time: verify depth is 1
24 connections in 0.07s; 342.86 connections/user sec, bytes read 0
24 connections in 11 real seconds, 0 bytes read per connection
Execution 8
s_time: verify depth is 1
23 connections in 0.06s; 383.33 connections/user sec, bytes read 0
23 connections in 13 real seconds, 0 bytes read per connection
Execution 9
s_time: verify depth is 1
25 connections in 0.07s; 357.14 connections/user sec, bytes read 0
25 connections in 11 real seconds, 0 bytes read per connection
Execution 10
s_time: verify depth is 1
26 connections in 0.08s; 325.00 connections/user sec, bytes read 0
26 connections in 11 real seconds, 0 bytes read per connection
Execution 11
s_time: verify depth is 1
24 connections in 0.07s; 342.86 connections/user sec, bytes read 0
24 connections in 14 real seconds, 0 bytes read per connection
Execution 12
s_time: verify depth is 1
26 connections in 0.07s; 371.43 connections/user sec, bytes read 0
26 connections in 11 real seconds, 0 bytes read per connection
Execution 13
s_time: verify depth is 1
25 connections in 0.08s; 312.50 connections/user sec, bytes read 0
25 connections in 11 real seconds, 0 bytes read per connection
Execution 14
s_time: verify depth is 1
26 connections in 0.07s; 371.43 connections/user sec, bytes read 0
26 connections in 11 real seconds, 0 bytes read per connection
Execution 15
s_time: verify depth is 1
26 connections in 0.08s; 325.00 connections/user sec, bytes read 0
26 connections in 11 real seconds, 0 bytes read per connection
Execution 16
s_time: verify depth is 1
13 connections in 0.04s; 325.00 connections/user sec, bytes read 0
13 connections in 11 real seconds, 0 bytes read per connection
Execution 17
s_time: verify depth is 1
23 connections in 0.06s; 383.33 connections/user sec, bytes read 0
23 connections in 11 real seconds, 0 bytes read per connection
Execution 18
s_time: verify depth is 1
26 connections in 0.07s; 371.43 connections/user sec, bytes read 0
26 connections in 11 real seconds, 0 bytes read per connection
Execution 19
s_time: verify depth is 1
17 connections in 0.05s; 340.00 connections/user sec, bytes read 0
17 connections in 12 real seconds, 0 bytes read per connection
Execution 20
s_time: verify depth is 1
27 connections in 0.08s; 337.50 connections/user sec, bytes read 0
27 connections in 11 real seconds, 0 bytes read per connection
Execution 21
s_time: verify depth is 1
25 connections in 0.07s; 357.14 connections/user sec, bytes read 0
25 connections in 11 real seconds, 0 bytes read per connection
Execution 22
s_time: verify depth is 1
24 connections in 0.07s; 342.86 connections/user sec, bytes read 0
24 connections in 14 real seconds, 0 bytes read per connection
Execution 23
s_time: verify depth is 1
25 connections in 0.08s; 312.50 connections/user sec, bytes read 0
25 connections in 11 real seconds, 0 bytes read per connection
Execution 24
s_time: verify depth is 1
24 connections in 0.07s; 342.86 connections/user sec, bytes read 0
24 connections in 11 real seconds, 0 bytes read per connection
Execution 25
s_time: verify depth is 1
22 connections in 0.07s; 314.29 connections/user sec, bytes read 0
22 connections in 13 real seconds, 0 bytes read per connection
Execution 26
s_time: verify depth is 1
25 connections in 0.08s; 312.50 connections/user sec, bytes read 0
25 connections in 11 real seconds, 0 bytes read per connection
Execution 27
s_time: verify depth is 1
26 connections in 0.08s; 325.00 connections/user sec, bytes read 0
26 connections in 11 real seconds, 0 bytes read per connection
Execution 28
s_time: verify depth is 1
26 connections in 0.07s; 371.43 connections/user sec, bytes read 0
26 connections in 14 real seconds, 0 bytes read per connection
Execution 29
s_time: verify depth is 1
25 connections in 0.08s; 312.50 connections/user sec, bytes read 0
25 connections in 11 real seconds, 0 bytes read per connection
Execution 30
s_time: verify depth is 1
26 connections in 0.08s; 325.00 connections/user sec, bytes read 0
26 connections in 11 real seconds, 0 bytes read per connection
Execution 31
s_time: verify depth is 1
25 connections in 0.08s; 312.50 connections/user sec, bytes read 0
25 connections in 14 real seconds, 0 bytes read per connection
Execution 32
s_time: verify depth is 1
25 connections in 0.06s; 416.67 connections/user sec, bytes read 0
25 connections in 11 real seconds, 0 bytes read per connection
Execution 33
s_time: verify depth is 1
26 connections in 0.07s; 371.43 connections/user sec, bytes read 0
26 connections in 11 real seconds, 0 bytes read per connection
Execution 34
s_time: verify depth is 1
26 connections in 0.06s; 433.33 connections/user sec, bytes read 0
26 connections in 14 real seconds, 0 bytes read per connection
Execution 35
s_time: verify depth is 1
25 connections in 0.07s; 357.14 connections/user sec, bytes read 0
25 connections in 11 real seconds, 0 bytes read per connection
Execution 36
s_time: verify depth is 1
27 connections in 0.08s; 337.50 connections/user sec, bytes read 0
27 connections in 11 real seconds, 0 bytes read per connection
Execution 37
s_time: verify depth is 1
23 connections in 0.08s; 287.50 connections/user sec, bytes read 0
23 connections in 14 real seconds, 0 bytes read per connection
Execution 38
s_time: verify depth is 1
26 connections in 0.09s; 288.89 connections/user sec, bytes read 0
26 connections in 11 real seconds, 0 bytes read per connection
Execution 39
s_time: verify depth is 1
27 connections in 0.08s; 337.50 connections/user sec, bytes read 0
27 connections in 11 real seconds, 0 bytes read per connection
Execution 40
s_time: verify depth is 1
22 connections in 0.07s; 314.29 connections/user sec, bytes read 0
22 connections in 14 real seconds, 0 bytes read per connection
Execution 41
s_time: verify depth is 1
25 connections in 0.08s; 312.50 connections/user sec, bytes read 0
25 connections in 11 real seconds, 0 bytes read per connection
Execution 42
s_time: verify depth is 1
27 connections in 0.07s; 385.71 connections/user sec, bytes read 0
27 connections in 11 real seconds, 0 bytes read per connection
Execution 43
s_time: verify depth is 1
24 connections in 0.07s; 342.86 connections/user sec, bytes read 0
24 connections in 13 real seconds, 0 bytes read per connection
Execution 44
s_time: verify depth is 1
24 connections in 0.06s; 400.00 connections/user sec, bytes read 0
24 connections in 11 real seconds, 0 bytes read per connection
Execution 45
s_time: verify depth is 1
27 connections in 0.08s; 337.50 connections/user sec, bytes read 0
27 connections in 11 real seconds, 0 bytes read per connection
Execution 46
s_time: verify depth is 1
26 connections in 0.08s; 325.00 connections/user sec, bytes read 0
26 connections in 14 real seconds, 0 bytes read per connection
Execution 47
s_time: verify depth is 1
25 connections in 0.07s; 357.14 connections/user sec, bytes read 0
25 connections in 11 real seconds, 0 bytes read per connection
Execution 48
s_time: verify depth is 1
26 connections in 0.06s; 433.33 connections/user sec, bytes read 0
26 connections in 11 real seconds, 0 bytes read per connection
Execution 49
s_time: verify depth is 1
25 connections in 0.07s; 357.14 connections/user sec, bytes read 0
25 connections in 14 real seconds, 0 bytes read per connection
Execution 50
s_time: verify depth is 1
25 connections in 0.08s; 312.50 connections/user sec, bytes read 0
25 connections in 11 real seconds, 0 bytes read per connection
