tc
Mostrando el estado de qdisc para la interfaz: lo
qdisc netem 8124: root refcnt 2 limit 1000 loss 0.3%
 Sent 0 bytes 0 pkt (dropped 0, overlimits 0 requeues 0) 
 backlog 0b 0p requeues 0
Certificate request self-signature ok
subject=CN=localhost
Running /opt/oqssa/bin/perftestServerECDSA.sh with SIG_ALG=secp521r1 and KEM_ALG=P-521

Using default temp DH parameters
ACCEPT
Execution 1
s_time: verify depth is 1
342 connections in 4.86s; 70.37 connections/user sec, bytes read 0
342 connections in 11 real seconds, 0 bytes read per connection
Execution 2
s_time: verify depth is 1
238 connections in 3.21s; 74.14 connections/user sec, bytes read 0
238 connections in 13 real seconds, 0 bytes read per connection
Execution 3
s_time: verify depth is 1
279 connections in 4.17s; 66.91 connections/user sec, bytes read 0
279 connections in 11 real seconds, 0 bytes read per connection
Execution 4
s_time: verify depth is 1
352 connections in 5.27s; 66.79 connections/user sec, bytes read 0
352 connections in 11 real seconds, 0 bytes read per connection
Execution 5
s_time: verify depth is 1
301 connections in 4.27s; 70.49 connections/user sec, bytes read 0
301 connections in 14 real seconds, 0 bytes read per connection
Execution 6
s_time: verify depth is 1
379 connections in 5.40s; 70.19 connections/user sec, bytes read 0
379 connections in 11 real seconds, 0 bytes read per connection
Execution 7
s_time: verify depth is 1
388 connections in 5.47s; 70.93 connections/user sec, bytes read 0
388 connections in 11 real seconds, 0 bytes read per connection
Execution 8
s_time: verify depth is 1
404 connections in 5.56s; 72.66 connections/user sec, bytes read 0
404 connections in 14 real seconds, 0 bytes read per connection
Execution 9
s_time: verify depth is 1
332 connections in 4.83s; 68.74 connections/user sec, bytes read 0
332 connections in 11 real seconds, 0 bytes read per connection
Execution 10
s_time: verify depth is 1
360 connections in 5.07s; 71.01 connections/user sec, bytes read 0
360 connections in 11 real seconds, 0 bytes read per connection
Execution 11
s_time: verify depth is 1
312 connections in 4.40s; 70.91 connections/user sec, bytes read 0
312 connections in 14 real seconds, 0 bytes read per connection
Execution 12
s_time: verify depth is 1
327 connections in 4.68s; 69.87 connections/user sec, bytes read 0
327 connections in 11 real seconds, 0 bytes read per connection
Execution 13
s_time: verify depth is 1
344 connections in 4.75s; 72.42 connections/user sec, bytes read 0
344 connections in 11 real seconds, 0 bytes read per connection
Execution 14
s_time: verify depth is 1
363 connections in 5.00s; 72.60 connections/user sec, bytes read 0
363 connections in 13 real seconds, 0 bytes read per connection
Execution 15
s_time: verify depth is 1
336 connections in 4.74s; 70.89 connections/user sec, bytes read 0
336 connections in 11 real seconds, 0 bytes read per connection
Execution 16
s_time: verify depth is 1
397 connections in 5.53s; 71.79 connections/user sec, bytes read 0
397 connections in 11 real seconds, 0 bytes read per connection
Execution 17
s_time: verify depth is 1
328 connections in 4.60s; 71.30 connections/user sec, bytes read 0
328 connections in 11 real seconds, 0 bytes read per connection
Execution 18
s_time: verify depth is 1
177 connections in 2.47s; 71.66 connections/user sec, bytes read 0
177 connections in 11 real seconds, 0 bytes read per connection
Execution 19
s_time: verify depth is 1
377 connections in 5.40s; 69.81 connections/user sec, bytes read 0
377 connections in 11 real seconds, 0 bytes read per connection
Execution 20
s_time: verify depth is 1
316 connections in 4.32s; 73.15 connections/user sec, bytes read 0
316 connections in 11 real seconds, 0 bytes read per connection
Execution 21
s_time: verify depth is 1
252 connections in 3.40s; 74.12 connections/user sec, bytes read 0
252 connections in 11 real seconds, 0 bytes read per connection
Execution 22
s_time: verify depth is 1
377 connections in 5.14s; 73.35 connections/user sec, bytes read 0
377 connections in 11 real seconds, 0 bytes read per connection
Execution 23
s_time: verify depth is 1
350 connections in 5.10s; 68.63 connections/user sec, bytes read 0
350 connections in 11 real seconds, 0 bytes read per connection
Execution 24
s_time: verify depth is 1
212 connections in 3.18s; 66.67 connections/user sec, bytes read 0
212 connections in 11 real seconds, 0 bytes read per connection
Execution 25
s_time: verify depth is 1
282 connections in 4.19s; 67.30 connections/user sec, bytes read 0
282 connections in 12 real seconds, 0 bytes read per connection
Execution 26
s_time: verify depth is 1
335 connections in 5.03s; 66.60 connections/user sec, bytes read 0
335 connections in 11 real seconds, 0 bytes read per connection
Execution 27
s_time: verify depth is 1
190 connections in 2.66s; 71.43 connections/user sec, bytes read 0
190 connections in 11 real seconds, 0 bytes read per connection
Execution 28
s_time: verify depth is 1
300 connections in 4.10s; 73.17 connections/user sec, bytes read 0
300 connections in 11 real seconds, 0 bytes read per connection
Execution 29
s_time: verify depth is 1
309 connections in 4.35s; 71.03 connections/user sec, bytes read 0
309 connections in 11 real seconds, 0 bytes read per connection
Execution 30
s_time: verify depth is 1
317 connections in 4.52s; 70.13 connections/user sec, bytes read 0
317 connections in 14 real seconds, 0 bytes read per connection
Execution 31
s_time: verify depth is 1
355 connections in 4.91s; 72.30 connections/user sec, bytes read 0
355 connections in 11 real seconds, 0 bytes read per connection
Execution 32
s_time: verify depth is 1
289 connections in 4.37s; 66.13 connections/user sec, bytes read 0
289 connections in 11 real seconds, 0 bytes read per connection
Execution 33
s_time: verify depth is 1
324 connections in 4.55s; 71.21 connections/user sec, bytes read 0
324 connections in 13 real seconds, 0 bytes read per connection
Execution 34
s_time: verify depth is 1
369 connections in 5.34s; 69.10 connections/user sec, bytes read 0
369 connections in 11 real seconds, 0 bytes read per connection
Execution 35
s_time: verify depth is 1
374 connections in 5.28s; 70.83 connections/user sec, bytes read 0
374 connections in 11 real seconds, 0 bytes read per connection
Execution 36
s_time: verify depth is 1
383 connections in 5.55s; 69.01 connections/user sec, bytes read 0
383 connections in 11 real seconds, 0 bytes read per connection
Execution 37
s_time: verify depth is 1
206 connections in 3.07s; 67.10 connections/user sec, bytes read 0
206 connections in 11 real seconds, 0 bytes read per connection
Execution 38
s_time: verify depth is 1
374 connections in 5.28s; 70.83 connections/user sec, bytes read 0
374 connections in 11 real seconds, 0 bytes read per connection
Execution 39
s_time: verify depth is 1
340 connections in 4.53s; 75.06 connections/user sec, bytes read 0
340 connections in 11 real seconds, 0 bytes read per connection
Execution 40
s_time: verify depth is 1
246 connections in 3.54s; 69.49 connections/user sec, bytes read 0
246 connections in 11 real seconds, 0 bytes read per connection
Execution 41
s_time: verify depth is 1
403 connections in 5.77s; 69.84 connections/user sec, bytes read 0
403 connections in 11 real seconds, 0 bytes read per connection
Execution 42
s_time: verify depth is 1
370 connections in 5.49s; 67.40 connections/user sec, bytes read 0
370 connections in 11 real seconds, 0 bytes read per connection
Execution 43
s_time: verify depth is 1
267 connections in 3.68s; 72.55 connections/user sec, bytes read 0
267 connections in 11 real seconds, 0 bytes read per connection
Execution 44
s_time: verify depth is 1
344 connections in 4.84s; 71.07 connections/user sec, bytes read 0
344 connections in 11 real seconds, 0 bytes read per connection
Execution 45
s_time: verify depth is 1
374 connections in 5.24s; 71.37 connections/user sec, bytes read 0
374 connections in 11 real seconds, 0 bytes read per connection
Execution 46
s_time: verify depth is 1
333 connections in 4.46s; 74.66 connections/user sec, bytes read 0
333 connections in 12 real seconds, 0 bytes read per connection
Execution 47
s_time: verify depth is 1
405 connections in 5.63s; 71.94 connections/user sec, bytes read 0
405 connections in 11 real seconds, 0 bytes read per connection
Execution 48
s_time: verify depth is 1
437 connections in 6.13s; 71.29 connections/user sec, bytes read 0
437 connections in 11 real seconds, 0 bytes read per connection
Execution 49
s_time: verify depth is 1
229 connections in 3.41s; 67.16 connections/user sec, bytes read 0
229 connections in 14 real seconds, 0 bytes read per connection
Execution 50
s_time: verify depth is 1
335 connections in 4.99s; 67.13 connections/user sec, bytes read 0
335 connections in 11 real seconds, 0 bytes read per connection
tc
Mostrando el estado de qdisc para la interfaz: lo
qdisc netem 8125: root refcnt 2 limit 1000 loss 0.3%
 Sent 0 bytes 0 pkt (dropped 0, overlimits 0 requeues 0) 
 backlog 0b 0p requeues 0
Certificate request self-signature ok
subject=CN=localhost
Running /opt/oqssa/bin/perftestServerECDSA.sh with SIG_ALG=secp521r1 and KEM_ALG=mlkem1024

Using default temp DH parameters
ACCEPT
Execution 1
s_time: verify depth is 1
491 connections in 2.78s; 176.62 connections/user sec, bytes read 0
491 connections in 11 real seconds, 0 bytes read per connection
Execution 2
s_time: verify depth is 1
799 connections in 4.58s; 174.45 connections/user sec, bytes read 0
799 connections in 11 real seconds, 0 bytes read per connection
Execution 3
s_time: verify depth is 1
805 connections in 4.51s; 178.49 connections/user sec, bytes read 0
805 connections in 11 real seconds, 0 bytes read per connection
Execution 4
s_time: verify depth is 1
463 connections in 2.63s; 176.05 connections/user sec, bytes read 0
463 connections in 11 real seconds, 0 bytes read per connection
Execution 5
s_time: verify depth is 1
713 connections in 4.12s; 173.06 connections/user sec, bytes read 0
713 connections in 11 real seconds, 0 bytes read per connection
Execution 6
s_time: verify depth is 1
783 connections in 4.39s; 178.36 connections/user sec, bytes read 0
783 connections in 11 real seconds, 0 bytes read per connection
Execution 7
s_time: verify depth is 1
709 connections in 4.00s; 177.25 connections/user sec, bytes read 0
709 connections in 11 real seconds, 0 bytes read per connection
Execution 8
s_time: verify depth is 1
644 connections in 3.76s; 171.28 connections/user sec, bytes read 0
644 connections in 11 real seconds, 0 bytes read per connection
Execution 9
s_time: verify depth is 1
590 connections in 3.30s; 178.79 connections/user sec, bytes read 0
590 connections in 11 real seconds, 0 bytes read per connection
Execution 10
s_time: verify depth is 1
791 connections in 4.65s; 170.11 connections/user sec, bytes read 0
791 connections in 11 real seconds, 0 bytes read per connection
Execution 11
s_time: verify depth is 1
398 connections in 2.25s; 176.89 connections/user sec, bytes read 0
398 connections in 11 real seconds, 0 bytes read per connection
Execution 12
s_time: verify depth is 1
582 connections in 3.31s; 175.83 connections/user sec, bytes read 0
582 connections in 11 real seconds, 0 bytes read per connection
Execution 13
s_time: verify depth is 1
865 connections in 4.89s; 176.89 connections/user sec, bytes read 0
865 connections in 11 real seconds, 0 bytes read per connection
Execution 14
s_time: verify depth is 1
458 connections in 2.82s; 162.41 connections/user sec, bytes read 0
458 connections in 11 real seconds, 0 bytes read per connection
Execution 15
s_time: verify depth is 1
788 connections in 4.40s; 179.09 connections/user sec, bytes read 0
788 connections in 11 real seconds, 0 bytes read per connection
Execution 16
s_time: verify depth is 1
699 connections in 4.03s; 173.45 connections/user sec, bytes read 0
699 connections in 11 real seconds, 0 bytes read per connection
Execution 17
s_time: verify depth is 1
518 connections in 2.95s; 175.59 connections/user sec, bytes read 0
518 connections in 11 real seconds, 0 bytes read per connection
Execution 18
s_time: verify depth is 1
421 connections in 2.35s; 179.15 connections/user sec, bytes read 0
421 connections in 11 real seconds, 0 bytes read per connection
Execution 19
s_time: verify depth is 1
565 connections in 3.38s; 167.16 connections/user sec, bytes read 0
565 connections in 11 real seconds, 0 bytes read per connection
Execution 20
s_time: verify depth is 1
458 connections in 2.66s; 172.18 connections/user sec, bytes read 0
458 connections in 12 real seconds, 0 bytes read per connection
Execution 21
s_time: verify depth is 1
553 connections in 3.11s; 177.81 connections/user sec, bytes read 0
553 connections in 11 real seconds, 0 bytes read per connection
Execution 22
s_time: verify depth is 1
910 connections in 5.07s; 179.49 connections/user sec, bytes read 0
910 connections in 11 real seconds, 0 bytes read per connection
Execution 23
s_time: verify depth is 1
645 connections in 3.67s; 175.75 connections/user sec, bytes read 0
645 connections in 14 real seconds, 0 bytes read per connection
Execution 24
s_time: verify depth is 1
631 connections in 3.81s; 165.62 connections/user sec, bytes read 0
631 connections in 11 real seconds, 0 bytes read per connection
Execution 25
s_time: verify depth is 1
511 connections in 2.83s; 180.57 connections/user sec, bytes read 0
511 connections in 11 real seconds, 0 bytes read per connection
Execution 26
s_time: verify depth is 1
655 connections in 3.70s; 177.03 connections/user sec, bytes read 0
655 connections in 13 real seconds, 0 bytes read per connection
Execution 27
s_time: verify depth is 1
560 connections in 3.12s; 179.49 connections/user sec, bytes read 0
560 connections in 11 real seconds, 0 bytes read per connection
Execution 28
s_time: verify depth is 1
610 connections in 3.40s; 179.41 connections/user sec, bytes read 0
610 connections in 11 real seconds, 0 bytes read per connection
Execution 29
s_time: verify depth is 1
553 connections in 3.17s; 174.45 connections/user sec, bytes read 0
553 connections in 11 real seconds, 0 bytes read per connection
Execution 30
s_time: verify depth is 1
337 connections in 1.89s; 178.31 connections/user sec, bytes read 0
337 connections in 11 real seconds, 0 bytes read per connection
Execution 31
s_time: verify depth is 1
681 connections in 3.82s; 178.27 connections/user sec, bytes read 0
681 connections in 11 real seconds, 0 bytes read per connection
Execution 32
s_time: verify depth is 1
590 connections in 3.29s; 179.33 connections/user sec, bytes read 0
590 connections in 11 real seconds, 0 bytes read per connection
Execution 33
s_time: verify depth is 1
610 connections in 3.43s; 177.84 connections/user sec, bytes read 0
610 connections in 11 real seconds, 0 bytes read per connection
Execution 34
s_time: verify depth is 1
573 connections in 3.18s; 180.19 connections/user sec, bytes read 0
573 connections in 11 real seconds, 0 bytes read per connection
Execution 35
s_time: verify depth is 1
400 connections in 2.37s; 168.78 connections/user sec, bytes read 0
400 connections in 11 real seconds, 0 bytes read per connection
Execution 36
s_time: verify depth is 1
638 connections in 3.66s; 174.32 connections/user sec, bytes read 0
638 connections in 11 real seconds, 0 bytes read per connection
Execution 37
s_time: verify depth is 1
775 connections in 4.41s; 175.74 connections/user sec, bytes read 0
775 connections in 11 real seconds, 0 bytes read per connection
Execution 38
s_time: verify depth is 1
507 connections in 2.94s; 172.45 connections/user sec, bytes read 0
507 connections in 11 real seconds, 0 bytes read per connection
Execution 39
s_time: verify depth is 1
404 connections in 2.30s; 175.65 connections/user sec, bytes read 0
404 connections in 12 real seconds, 0 bytes read per connection
Execution 40
s_time: verify depth is 1
736 connections in 4.14s; 177.78 connections/user sec, bytes read 0
736 connections in 11 real seconds, 0 bytes read per connection
Execution 41
s_time: verify depth is 1
670 connections in 3.90s; 171.79 connections/user sec, bytes read 0
670 connections in 11 real seconds, 0 bytes read per connection
Execution 42
s_time: verify depth is 1
726 connections in 4.09s; 177.51 connections/user sec, bytes read 0
726 connections in 15 real seconds, 0 bytes read per connection
Execution 43
s_time: verify depth is 1
649 connections in 3.68s; 176.36 connections/user sec, bytes read 0
649 connections in 11 real seconds, 0 bytes read per connection
Execution 44
s_time: verify depth is 1
620 connections in 3.57s; 173.67 connections/user sec, bytes read 0
620 connections in 11 real seconds, 0 bytes read per connection
Execution 45
s_time: verify depth is 1
664 connections in 3.75s; 177.07 connections/user sec, bytes read 0
664 connections in 13 real seconds, 0 bytes read per connection
Execution 46
s_time: verify depth is 1
804 connections in 4.55s; 176.70 connections/user sec, bytes read 0
804 connections in 11 real seconds, 0 bytes read per connection
Execution 47
s_time: verify depth is 1
571 connections in 3.35s; 170.45 connections/user sec, bytes read 0
571 connections in 11 real seconds, 0 bytes read per connection
Execution 48
s_time: verify depth is 1
295 connections in 1.67s; 176.65 connections/user sec, bytes read 0
295 connections in 14 real seconds, 0 bytes read per connection
Execution 49
s_time: verify depth is 1
796 connections in 4.58s; 173.80 connections/user sec, bytes read 0
796 connections in 11 real seconds, 0 bytes read per connection
Execution 50
s_time: verify depth is 1
489 connections in 2.84s; 172.18 connections/user sec, bytes read 0
489 connections in 11 real seconds, 0 bytes read per connection
tc
Mostrando el estado de qdisc para la interfaz: lo
qdisc netem 8126: root refcnt 2 limit 1000 loss 0.3%
 Sent 0 bytes 0 pkt (dropped 0, overlimits 0 requeues 0) 
 backlog 0b 0p requeues 0
-----
-----
Certificate request self-signature ok
subject=CN=localhost
Running /opt/oqssa/bin/perftestServer.sh with SIG_ALG=mldsa87 and KEM_ALG=P-521

Using default temp DH parameters
ACCEPT
Execution 1
s_time: verify depth is 1
285 connections in 2.58s; 110.47 connections/user sec, bytes read 0
285 connections in 11 real seconds, 0 bytes read per connection
Execution 2
s_time: verify depth is 1
271 connections in 2.43s; 111.52 connections/user sec, bytes read 0
271 connections in 13 real seconds, 0 bytes read per connection
Execution 3
s_time: verify depth is 1
352 connections in 3.06s; 115.03 connections/user sec, bytes read 0
352 connections in 11 real seconds, 0 bytes read per connection
Execution 4
s_time: verify depth is 1
435 connections in 3.98s; 109.30 connections/user sec, bytes read 0
435 connections in 11 real seconds, 0 bytes read per connection
Execution 5
s_time: verify depth is 1
511 connections in 4.55s; 112.31 connections/user sec, bytes read 0
511 connections in 14 real seconds, 0 bytes read per connection
Execution 6
s_time: verify depth is 1
441 connections in 4.10s; 107.56 connections/user sec, bytes read 0
441 connections in 11 real seconds, 0 bytes read per connection
Execution 7
s_time: verify depth is 1
550 connections in 5.11s; 107.63 connections/user sec, bytes read 0
550 connections in 11 real seconds, 0 bytes read per connection
Execution 8
s_time: verify depth is 1
469 connections in 4.53s; 103.53 connections/user sec, bytes read 0
469 connections in 14 real seconds, 0 bytes read per connection
Execution 9
s_time: verify depth is 1
446 connections in 4.32s; 103.24 connections/user sec, bytes read 0
446 connections in 11 real seconds, 0 bytes read per connection
Execution 10
s_time: verify depth is 1
468 connections in 4.26s; 109.86 connections/user sec, bytes read 0
468 connections in 11 real seconds, 0 bytes read per connection
Execution 11
s_time: verify depth is 1
582 connections in 5.30s; 109.81 connections/user sec, bytes read 0
582 connections in 14 real seconds, 0 bytes read per connection
Execution 12
s_time: verify depth is 1
416 connections in 3.78s; 110.05 connections/user sec, bytes read 0
416 connections in 11 real seconds, 0 bytes read per connection
Execution 13
s_time: verify depth is 1
348 connections in 3.10s; 112.26 connections/user sec, bytes read 0
348 connections in 11 real seconds, 0 bytes read per connection
Execution 14
s_time: verify depth is 1
496 connections in 4.63s; 107.13 connections/user sec, bytes read 0
496 connections in 13 real seconds, 0 bytes read per connection
Execution 15
s_time: verify depth is 1
512 connections in 4.67s; 109.64 connections/user sec, bytes read 0
512 connections in 11 real seconds, 0 bytes read per connection
Execution 16
s_time: verify depth is 1
362 connections in 3.33s; 108.71 connections/user sec, bytes read 0
362 connections in 11 real seconds, 0 bytes read per connection
Execution 17
s_time: verify depth is 1
322 connections in 2.94s; 109.52 connections/user sec, bytes read 0
322 connections in 15 real seconds, 0 bytes read per connection
Execution 18
s_time: verify depth is 1
427 connections in 3.95s; 108.10 connections/user sec, bytes read 0
427 connections in 11 real seconds, 0 bytes read per connection
Execution 19
s_time: verify depth is 1
414 connections in 3.68s; 112.50 connections/user sec, bytes read 0
414 connections in 11 real seconds, 0 bytes read per connection
Execution 20
s_time: verify depth is 1
269 connections in 2.40s; 112.08 connections/user sec, bytes read 0
269 connections in 14 real seconds, 0 bytes read per connection
Execution 21
s_time: verify depth is 1
406 connections in 3.63s; 111.85 connections/user sec, bytes read 0
406 connections in 11 real seconds, 0 bytes read per connection
Execution 22
s_time: verify depth is 1
581 connections in 5.11s; 113.70 connections/user sec, bytes read 0
581 connections in 11 real seconds, 0 bytes read per connection
Execution 23
s_time: verify depth is 1
390 connections in 3.59s; 108.64 connections/user sec, bytes read 0
390 connections in 13 real seconds, 0 bytes read per connection
Execution 24
s_time: verify depth is 1
354 connections in 3.18s; 111.32 connections/user sec, bytes read 0
354 connections in 11 real seconds, 0 bytes read per connection
Execution 25
s_time: verify depth is 1
403 connections in 3.62s; 111.33 connections/user sec, bytes read 0
403 connections in 12 real seconds, 0 bytes read per connection
Execution 26
s_time: verify depth is 1
439 connections in 3.88s; 113.14 connections/user sec, bytes read 0
439 connections in 13 real seconds, 0 bytes read per connection
Execution 27
s_time: verify depth is 1
434 connections in 3.98s; 109.05 connections/user sec, bytes read 0
434 connections in 11 real seconds, 0 bytes read per connection
Execution 28
s_time: verify depth is 1
498 connections in 4.51s; 110.42 connections/user sec, bytes read 0
498 connections in 11 real seconds, 0 bytes read per connection
Execution 29
s_time: verify depth is 1
419 connections in 3.86s; 108.55 connections/user sec, bytes read 0
419 connections in 14 real seconds, 0 bytes read per connection
Execution 30
s_time: verify depth is 1
375 connections in 3.30s; 113.64 connections/user sec, bytes read 0
375 connections in 11 real seconds, 0 bytes read per connection
Execution 31
s_time: verify depth is 1
422 connections in 3.89s; 108.48 connections/user sec, bytes read 0
422 connections in 11 real seconds, 0 bytes read per connection
Execution 32
s_time: verify depth is 1
374 connections in 3.45s; 108.41 connections/user sec, bytes read 0
374 connections in 13 real seconds, 0 bytes read per connection
Execution 33
s_time: verify depth is 1
484 connections in 4.33s; 111.78 connections/user sec, bytes read 0
484 connections in 11 real seconds, 0 bytes read per connection
Execution 34
s_time: verify depth is 1
569 connections in 5.17s; 110.06 connections/user sec, bytes read 0
569 connections in 11 real seconds, 0 bytes read per connection
Execution 35
s_time: verify depth is 1
513 connections in 4.78s; 107.32 connections/user sec, bytes read 0
513 connections in 15 real seconds, 0 bytes read per connection
Execution 36
s_time: verify depth is 1
535 connections in 4.78s; 111.92 connections/user sec, bytes read 0
535 connections in 11 real seconds, 0 bytes read per connection
Execution 37
s_time: verify depth is 1
533 connections in 4.90s; 108.78 connections/user sec, bytes read 0
533 connections in 11 real seconds, 0 bytes read per connection
Execution 38
s_time: verify depth is 1
608 connections in 5.39s; 112.80 connections/user sec, bytes read 0
608 connections in 13 real seconds, 0 bytes read per connection
Execution 39
s_time: verify depth is 1
320 connections in 2.88s; 111.11 connections/user sec, bytes read 0
320 connections in 11 real seconds, 0 bytes read per connection
Execution 40
s_time: verify depth is 1
445 connections in 4.05s; 109.88 connections/user sec, bytes read 0
445 connections in 11 real seconds, 0 bytes read per connection
Execution 41
s_time: verify depth is 1
456 connections in 4.02s; 113.43 connections/user sec, bytes read 0
456 connections in 14 real seconds, 0 bytes read per connection
Execution 42
s_time: verify depth is 1
450 connections in 4.07s; 110.57 connections/user sec, bytes read 0
450 connections in 11 real seconds, 0 bytes read per connection
Execution 43
s_time: verify depth is 1
438 connections in 3.94s; 111.17 connections/user sec, bytes read 0
438 connections in 11 real seconds, 0 bytes read per connection
Execution 44
s_time: verify depth is 1
509 connections in 4.56s; 111.62 connections/user sec, bytes read 0
509 connections in 15 real seconds, 0 bytes read per connection
Execution 45
s_time: verify depth is 1
452 connections in 4.12s; 109.71 connections/user sec, bytes read 0
452 connections in 11 real seconds, 0 bytes read per connection
Execution 46
s_time: verify depth is 1
372 connections in 3.36s; 110.71 connections/user sec, bytes read 0
372 connections in 11 real seconds, 0 bytes read per connection
Execution 47
s_time: verify depth is 1
480 connections in 4.25s; 112.94 connections/user sec, bytes read 0
480 connections in 13 real seconds, 0 bytes read per connection
Execution 48
s_time: verify depth is 1
332 connections in 2.97s; 111.78 connections/user sec, bytes read 0
332 connections in 11 real seconds, 0 bytes read per connection
Execution 49
s_time: verify depth is 1
378 connections in 3.46s; 109.25 connections/user sec, bytes read 0
378 connections in 11 real seconds, 0 bytes read per connection
Execution 50
s_time: verify depth is 1
449 connections in 3.92s; 114.54 connections/user sec, bytes read 0
449 connections in 13 real seconds, 0 bytes read per connection
tc
Mostrando el estado de qdisc para la interfaz: lo
qdisc netem 8127: root refcnt 2 limit 1000 loss 0.3%
 Sent 0 bytes 0 pkt (dropped 0, overlimits 0 requeues 0) 
 backlog 0b 0p requeues 0
-----
-----
Certificate request self-signature ok
subject=CN=localhost
Running /opt/oqssa/bin/perftestServer.sh with SIG_ALG=mldsa87 and KEM_ALG=mlkem1024

Using default temp DH parameters
ACCEPT
Execution 1
s_time: verify depth is 1
750 connections in 0.70s; 1071.43 connections/user sec, bytes read 0
750 connections in 11 real seconds, 0 bytes read per connection
Execution 2
s_time: verify depth is 1
1202 connections in 1.24s; 969.35 connections/user sec, bytes read 0
1202 connections in 11 real seconds, 0 bytes read per connection
Execution 3
s_time: verify depth is 1
1145 connections in 1.14s; 1004.39 connections/user sec, bytes read 0
1145 connections in 11 real seconds, 0 bytes read per connection
Execution 4
s_time: verify depth is 1
695 connections in 0.72s; 965.28 connections/user sec, bytes read 0
695 connections in 12 real seconds, 0 bytes read per connection
Execution 5
s_time: verify depth is 1
1031 connections in 1.10s; 937.27 connections/user sec, bytes read 0
1031 connections in 11 real seconds, 0 bytes read per connection
Execution 6
s_time: verify depth is 1
947 connections in 0.92s; 1029.35 connections/user sec, bytes read 0
947 connections in 11 real seconds, 0 bytes read per connection
Execution 7
s_time: verify depth is 1
519 connections in 0.54s; 961.11 connections/user sec, bytes read 0
519 connections in 11 real seconds, 0 bytes read per connection
Execution 8
s_time: verify depth is 1
1259 connections in 1.21s; 1040.50 connections/user sec, bytes read 0
1259 connections in 11 real seconds, 0 bytes read per connection
Execution 9
s_time: verify depth is 1
1431 connections in 1.53s; 935.29 connections/user sec, bytes read 0
1431 connections in 11 real seconds, 0 bytes read per connection
Execution 10
s_time: verify depth is 1
1690 connections in 1.70s; 994.12 connections/user sec, bytes read 0
1690 connections in 14 real seconds, 0 bytes read per connection
Execution 11
s_time: verify depth is 1
899 connections in 0.92s; 977.17 connections/user sec, bytes read 0
899 connections in 11 real seconds, 0 bytes read per connection
Execution 12
s_time: verify depth is 1
1635 connections in 1.63s; 1003.07 connections/user sec, bytes read 0
1635 connections in 11 real seconds, 0 bytes read per connection
Execution 13
s_time: verify depth is 1
1376 connections in 1.32s; 1042.42 connections/user sec, bytes read 0
1376 connections in 14 real seconds, 0 bytes read per connection
Execution 14
s_time: verify depth is 1
1388 connections in 1.47s; 944.22 connections/user sec, bytes read 0
1388 connections in 11 real seconds, 0 bytes read per connection
Execution 15
s_time: verify depth is 1
1773 connections in 1.85s; 958.38 connections/user sec, bytes read 0
1773 connections in 11 real seconds, 0 bytes read per connection
Execution 16
s_time: verify depth is 1
2472 connections in 2.52s; 980.95 connections/user sec, bytes read 0
2472 connections in 13 real seconds, 0 bytes read per connection
Execution 17
s_time: verify depth is 1
1296 connections in 1.31s; 989.31 connections/user sec, bytes read 0
1296 connections in 11 real seconds, 0 bytes read per connection
Execution 18
s_time: verify depth is 1
1181 connections in 1.24s; 952.42 connections/user sec, bytes read 0
1181 connections in 11 real seconds, 0 bytes read per connection
Execution 19
s_time: verify depth is 1
2087 connections in 2.09s; 998.56 connections/user sec, bytes read 0
2087 connections in 14 real seconds, 0 bytes read per connection
Execution 20
s_time: verify depth is 1
1266 connections in 1.37s; 924.09 connections/user sec, bytes read 0
1266 connections in 11 real seconds, 0 bytes read per connection
Execution 21
s_time: verify depth is 1
598 connections in 0.58s; 1031.03 connections/user sec, bytes read 0
598 connections in 11 real seconds, 0 bytes read per connection
Execution 22
s_time: verify depth is 1
1536 connections in 1.46s; 1052.05 connections/user sec, bytes read 0
1536 connections in 14 real seconds, 0 bytes read per connection
Execution 23
s_time: verify depth is 1
2005 connections in 2.05s; 978.05 connections/user sec, bytes read 0
2005 connections in 11 real seconds, 0 bytes read per connection
Execution 24
s_time: verify depth is 1
1393 connections in 1.26s; 1105.56 connections/user sec, bytes read 0
1393 connections in 11 real seconds, 0 bytes read per connection
Execution 25
s_time: verify depth is 1
1486 connections in 1.33s; 1117.29 connections/user sec, bytes read 0
1486 connections in 11 real seconds, 0 bytes read per connection
Execution 26
s_time: verify depth is 1
988 connections in 0.92s; 1073.91 connections/user sec, bytes read 0
988 connections in 11 real seconds, 0 bytes read per connection
Execution 27
s_time: verify depth is 1
1067 connections in 1.00s; 1067.00 connections/user sec, bytes read 0
1067 connections in 11 real seconds, 0 bytes read per connection
Execution 28
s_time: verify depth is 1
1299 connections in 1.15s; 1129.57 connections/user sec, bytes read 0
1299 connections in 11 real seconds, 0 bytes read per connection
Execution 29
s_time: verify depth is 1
1454 connections in 1.31s; 1109.92 connections/user sec, bytes read 0
1454 connections in 15 real seconds, 0 bytes read per connection
Execution 30
s_time: verify depth is 1
901 connections in 0.81s; 1112.35 connections/user sec, bytes read 0
901 connections in 11 real seconds, 0 bytes read per connection
Execution 31
s_time: verify depth is 1
789 connections in 0.74s; 1066.22 connections/user sec, bytes read 0
789 connections in 11 real seconds, 0 bytes read per connection
Execution 32
s_time: verify depth is 1
1059 connections in 1.02s; 1038.24 connections/user sec, bytes read 0
1059 connections in 13 real seconds, 0 bytes read per connection
Execution 33
s_time: verify depth is 1
1646 connections in 1.55s; 1061.94 connections/user sec, bytes read 0
1646 connections in 11 real seconds, 0 bytes read per connection
Execution 34
s_time: verify depth is 1
631 connections in 0.60s; 1051.67 connections/user sec, bytes read 0
631 connections in 11 real seconds, 0 bytes read per connection
Execution 35
s_time: verify depth is 1
2119 connections in 2.07s; 1023.67 connections/user sec, bytes read 0
2119 connections in 11 real seconds, 0 bytes read per connection
Execution 36
s_time: verify depth is 1
1666 connections in 1.48s; 1125.68 connections/user sec, bytes read 0
1666 connections in 11 real seconds, 0 bytes read per connection
Execution 37
s_time: verify depth is 1
474 connections in 0.46s; 1030.43 connections/user sec, bytes read 0
474 connections in 12 real seconds, 0 bytes read per connection
Execution 38
s_time: verify depth is 1
1530 connections in 1.55s; 987.10 connections/user sec, bytes read 0
1530 connections in 11 real seconds, 0 bytes read per connection
Execution 39
s_time: verify depth is 1
786 connections in 0.77s; 1020.78 connections/user sec, bytes read 0
786 connections in 11 real seconds, 0 bytes read per connection
Execution 40
s_time: verify depth is 1
971 connections in 0.89s; 1091.01 connections/user sec, bytes read 0
971 connections in 13 real seconds, 0 bytes read per connection
Execution 41
s_time: verify depth is 1
888 connections in 0.85s; 1044.71 connections/user sec, bytes read 0
888 connections in 11 real seconds, 0 bytes read per connection
Execution 42
s_time: verify depth is 1
905 connections in 0.83s; 1090.36 connections/user sec, bytes read 0
905 connections in 11 real seconds, 0 bytes read per connection
Execution 43
s_time: verify depth is 1
1196 connections in 1.13s; 1058.41 connections/user sec, bytes read 0
1196 connections in 11 real seconds, 0 bytes read per connection
Execution 44
s_time: verify depth is 1
1679 connections in 1.51s; 1111.92 connections/user sec, bytes read 0
1679 connections in 11 real seconds, 0 bytes read per connection
Execution 45
s_time: verify depth is 1
1006 connections in 0.91s; 1105.49 connections/user sec, bytes read 0
1006 connections in 13 real seconds, 0 bytes read per connection
Execution 46
s_time: verify depth is 1
1321 connections in 1.23s; 1073.98 connections/user sec, bytes read 0
1321 connections in 11 real seconds, 0 bytes read per connection
Execution 47
s_time: verify depth is 1
605 connections in 0.56s; 1080.36 connections/user sec, bytes read 0
605 connections in 12 real seconds, 0 bytes read per connection
Execution 48
s_time: verify depth is 1
1093 connections in 0.96s; 1138.54 connections/user sec, bytes read 0
1093 connections in 11 real seconds, 0 bytes read per connection
Execution 49
s_time: verify depth is 1
578 connections in 0.52s; 1111.54 connections/user sec, bytes read 0
578 connections in 11 real seconds, 0 bytes read per connection
Execution 50
s_time: verify depth is 1
1161 connections in 1.10s; 1055.45 connections/user sec, bytes read 0
1161 connections in 11 real seconds, 0 bytes read per connection
tc
Mostrando el estado de qdisc para la interfaz: lo
qdisc netem 8128: root refcnt 2 limit 1000 loss 0.3%
 Sent 0 bytes 0 pkt (dropped 0, overlimits 0 requeues 0) 
 backlog 0b 0p requeues 0
-----
-----
Certificate request self-signature ok
subject=CN=localhost
Running /opt/oqssa/bin/perftestServer.sh with SIG_ALG=falcon1024 and KEM_ALG=P-521

Using default temp DH parameters
ACCEPT
Execution 1
s_time: verify depth is 1
435 connections in 3.70s; 117.57 connections/user sec, bytes read 0
435 connections in 11 real seconds, 0 bytes read per connection
Execution 2
s_time: verify depth is 1
283 connections in 2.64s; 107.20 connections/user sec, bytes read 0
283 connections in 11 real seconds, 0 bytes read per connection
Execution 3
s_time: verify depth is 1
515 connections in 4.77s; 107.97 connections/user sec, bytes read 0
515 connections in 11 real seconds, 0 bytes read per connection
Execution 4
s_time: verify depth is 1
500 connections in 4.43s; 112.87 connections/user sec, bytes read 0
500 connections in 11 real seconds, 0 bytes read per connection
Execution 5
s_time: verify depth is 1
357 connections in 3.15s; 113.33 connections/user sec, bytes read 0
357 connections in 13 real seconds, 0 bytes read per connection
Execution 6
s_time: verify depth is 1
452 connections in 3.95s; 114.43 connections/user sec, bytes read 0
452 connections in 11 real seconds, 0 bytes read per connection
Execution 7
s_time: verify depth is 1
395 connections in 3.62s; 109.12 connections/user sec, bytes read 0
395 connections in 11 real seconds, 0 bytes read per connection
Execution 8
s_time: verify depth is 1
498 connections in 4.15s; 120.00 connections/user sec, bytes read 0
498 connections in 14 real seconds, 0 bytes read per connection
Execution 9
s_time: verify depth is 1
609 connections in 5.56s; 109.53 connections/user sec, bytes read 0
609 connections in 11 real seconds, 0 bytes read per connection
Execution 10
s_time: verify depth is 1
307 connections in 2.76s; 111.23 connections/user sec, bytes read 0
307 connections in 11 real seconds, 0 bytes read per connection
Execution 11
s_time: verify depth is 1
503 connections in 4.52s; 111.28 connections/user sec, bytes read 0
503 connections in 13 real seconds, 0 bytes read per connection
Execution 12
s_time: verify depth is 1
406 connections in 3.76s; 107.98 connections/user sec, bytes read 0
406 connections in 11 real seconds, 0 bytes read per connection
Execution 13
s_time: verify depth is 1
401 connections in 3.53s; 113.60 connections/user sec, bytes read 0
401 connections in 11 real seconds, 0 bytes read per connection
Execution 14
s_time: verify depth is 1
452 connections in 4.03s; 112.16 connections/user sec, bytes read 0
452 connections in 11 real seconds, 0 bytes read per connection
Execution 15
s_time: verify depth is 1
362 connections in 3.30s; 109.70 connections/user sec, bytes read 0
362 connections in 11 real seconds, 0 bytes read per connection
Execution 16
s_time: verify depth is 1
491 connections in 4.48s; 109.60 connections/user sec, bytes read 0
491 connections in 11 real seconds, 0 bytes read per connection
Execution 17
s_time: verify depth is 1
397 connections in 3.49s; 113.75 connections/user sec, bytes read 0
397 connections in 11 real seconds, 0 bytes read per connection
Execution 18
s_time: verify depth is 1
241 connections in 2.18s; 110.55 connections/user sec, bytes read 0
241 connections in 11 real seconds, 0 bytes read per connection
Execution 19
s_time: verify depth is 1
570 connections in 5.14s; 110.89 connections/user sec, bytes read 0
570 connections in 11 real seconds, 0 bytes read per connection
Execution 20
s_time: verify depth is 1
536 connections in 4.79s; 111.90 connections/user sec, bytes read 0
536 connections in 11 real seconds, 0 bytes read per connection
Execution 21
s_time: verify depth is 1
337 connections in 2.85s; 118.25 connections/user sec, bytes read 0
337 connections in 11 real seconds, 0 bytes read per connection
Execution 22
s_time: verify depth is 1
441 connections in 3.90s; 113.08 connections/user sec, bytes read 0
441 connections in 11 real seconds, 0 bytes read per connection
Execution 23
s_time: verify depth is 1
598 connections in 5.37s; 111.36 connections/user sec, bytes read 0
598 connections in 11 real seconds, 0 bytes read per connection
Execution 24
s_time: verify depth is 1
275 connections in 2.37s; 116.03 connections/user sec, bytes read 0
275 connections in 12 real seconds, 0 bytes read per connection
Execution 25
s_time: verify depth is 1
492 connections in 4.52s; 108.85 connections/user sec, bytes read 0
492 connections in 11 real seconds, 0 bytes read per connection
Execution 26
s_time: verify depth is 1
407 connections in 3.53s; 115.30 connections/user sec, bytes read 0
407 connections in 11 real seconds, 0 bytes read per connection
Execution 27
s_time: verify depth is 1
516 connections in 4.87s; 105.95 connections/user sec, bytes read 0
516 connections in 15 real seconds, 0 bytes read per connection
Execution 28
s_time: verify depth is 1
334 connections in 3.06s; 109.15 connections/user sec, bytes read 0
334 connections in 11 real seconds, 0 bytes read per connection
Execution 29
s_time: verify depth is 1
494 connections in 4.40s; 112.27 connections/user sec, bytes read 0
494 connections in 11 real seconds, 0 bytes read per connection
Execution 30
s_time: verify depth is 1
485 connections in 4.30s; 112.79 connections/user sec, bytes read 0
485 connections in 13 real seconds, 0 bytes read per connection
Execution 31
s_time: verify depth is 1
517 connections in 4.79s; 107.93 connections/user sec, bytes read 0
517 connections in 11 real seconds, 0 bytes read per connection
Execution 32
s_time: verify depth is 1
505 connections in 4.52s; 111.73 connections/user sec, bytes read 0
505 connections in 11 real seconds, 0 bytes read per connection
Execution 33
s_time: verify depth is 1
413 connections in 3.84s; 107.55 connections/user sec, bytes read 0
413 connections in 14 real seconds, 0 bytes read per connection
Execution 34
s_time: verify depth is 1
446 connections in 3.94s; 113.20 connections/user sec, bytes read 0
446 connections in 11 real seconds, 0 bytes read per connection
Execution 35
s_time: verify depth is 1
502 connections in 4.68s; 107.26 connections/user sec, bytes read 0
502 connections in 11 real seconds, 0 bytes read per connection
Execution 36
s_time: verify depth is 1
363 connections in 3.30s; 110.00 connections/user sec, bytes read 0
363 connections in 14 real seconds, 0 bytes read per connection
Execution 37
s_time: verify depth is 1
521 connections in 4.78s; 109.00 connections/user sec, bytes read 0
521 connections in 11 real seconds, 0 bytes read per connection
Execution 38
s_time: verify depth is 1
320 connections in 2.88s; 111.11 connections/user sec, bytes read 0
320 connections in 11 real seconds, 0 bytes read per connection
Execution 39
s_time: verify depth is 1
418 connections in 3.67s; 113.90 connections/user sec, bytes read 0
418 connections in 13 real seconds, 0 bytes read per connection
Execution 40
s_time: verify depth is 1
432 connections in 3.85s; 112.21 connections/user sec, bytes read 0
432 connections in 11 real seconds, 0 bytes read per connection
Execution 41
s_time: verify depth is 1
494 connections in 4.48s; 110.27 connections/user sec, bytes read 0
494 connections in 11 real seconds, 0 bytes read per connection
Execution 42
s_time: verify depth is 1
431 connections in 3.94s; 109.39 connections/user sec, bytes read 0
431 connections in 14 real seconds, 0 bytes read per connection
Execution 43
s_time: verify depth is 1
372 connections in 3.43s; 108.45 connections/user sec, bytes read 0
372 connections in 11 real seconds, 0 bytes read per connection
Execution 44
s_time: verify depth is 1
592 connections in 5.34s; 110.86 connections/user sec, bytes read 0
592 connections in 11 real seconds, 0 bytes read per connection
Execution 45
s_time: verify depth is 1
370 connections in 3.39s; 109.14 connections/user sec, bytes read 0
370 connections in 14 real seconds, 0 bytes read per connection
Execution 46
s_time: verify depth is 1
476 connections in 4.36s; 109.17 connections/user sec, bytes read 0
476 connections in 11 real seconds, 0 bytes read per connection
Execution 47
s_time: verify depth is 1
409 connections in 3.78s; 108.20 connections/user sec, bytes read 0
409 connections in 11 real seconds, 0 bytes read per connection
Execution 48
s_time: verify depth is 1
442 connections in 3.94s; 112.18 connections/user sec, bytes read 0
442 connections in 13 real seconds, 0 bytes read per connection
Execution 49
s_time: verify depth is 1
395 connections in 3.68s; 107.34 connections/user sec, bytes read 0
395 connections in 11 real seconds, 0 bytes read per connection
Execution 50
s_time: verify depth is 1
464 connections in 4.16s; 111.54 connections/user sec, bytes read 0
464 connections in 11 real seconds, 0 bytes read per connection
tc
Mostrando el estado de qdisc para la interfaz: lo
qdisc netem 8129: root refcnt 2 limit 1000 loss 0.3%
 Sent 0 bytes 0 pkt (dropped 0, overlimits 0 requeues 0) 
 backlog 0b 0p requeues 0
-----
-----
Certificate request self-signature ok
subject=CN=localhost
Running /opt/oqssa/bin/perftestServer.sh with SIG_ALG=falcon1024 and KEM_ALG=mlkem1024

Using default temp DH parameters
ACCEPT
Execution 1
s_time: verify depth is 1
759 connections in 0.75s; 1012.00 connections/user sec, bytes read 0
759 connections in 11 real seconds, 0 bytes read per connection
Execution 2
s_time: verify depth is 1
1486 connections in 1.53s; 971.24 connections/user sec, bytes read 0
1486 connections in 14 real seconds, 0 bytes read per connection
Execution 3
s_time: verify depth is 1
898 connections in 0.93s; 965.59 connections/user sec, bytes read 0
898 connections in 11 real seconds, 0 bytes read per connection
Execution 4
s_time: verify depth is 1
1725 connections in 1.76s; 980.11 connections/user sec, bytes read 0
1725 connections in 11 real seconds, 0 bytes read per connection
Execution 5
s_time: verify depth is 1
1029 connections in 1.06s; 970.75 connections/user sec, bytes read 0
1029 connections in 13 real seconds, 0 bytes read per connection
Execution 6
s_time: verify depth is 1
849 connections in 0.82s; 1035.37 connections/user sec, bytes read 0
849 connections in 11 real seconds, 0 bytes read per connection
Execution 7
s_time: verify depth is 1
1462 connections in 1.46s; 1001.37 connections/user sec, bytes read 0
1462 connections in 11 real seconds, 0 bytes read per connection
Execution 8
s_time: verify depth is 1
891 connections in 0.91s; 979.12 connections/user sec, bytes read 0
891 connections in 14 real seconds, 0 bytes read per connection
Execution 9
s_time: verify depth is 1
1185 connections in 1.18s; 1004.24 connections/user sec, bytes read 0
1185 connections in 11 real seconds, 0 bytes read per connection
Execution 10
s_time: verify depth is 1
1155 connections in 1.16s; 995.69 connections/user sec, bytes read 0
1155 connections in 11 real seconds, 0 bytes read per connection
Execution 11
s_time: verify depth is 1
1235 connections in 1.22s; 1012.30 connections/user sec, bytes read 0
1235 connections in 13 real seconds, 0 bytes read per connection
Execution 12
s_time: verify depth is 1
1574 connections in 1.50s; 1049.33 connections/user sec, bytes read 0
1574 connections in 11 real seconds, 0 bytes read per connection
Execution 13
s_time: verify depth is 1
1680 connections in 1.79s; 938.55 connections/user sec, bytes read 0
1680 connections in 11 real seconds, 0 bytes read per connection
Execution 14
s_time: verify depth is 1
1279 connections in 1.30s; 983.85 connections/user sec, bytes read 0
1279 connections in 14 real seconds, 0 bytes read per connection
Execution 15
s_time: verify depth is 1
1281 connections in 1.36s; 941.91 connections/user sec, bytes read 0
1281 connections in 11 real seconds, 0 bytes read per connection
Execution 16
s_time: verify depth is 1
722 connections in 0.70s; 1031.43 connections/user sec, bytes read 0
722 connections in 11 real seconds, 0 bytes read per connection
Execution 17
s_time: verify depth is 1
1171 connections in 1.24s; 944.35 connections/user sec, bytes read 0
1171 connections in 14 real seconds, 0 bytes read per connection
Execution 18
s_time: verify depth is 1
1430 connections in 1.45s; 986.21 connections/user sec, bytes read 0
1430 connections in 11 real seconds, 0 bytes read per connection
Execution 19
s_time: verify depth is 1
663 connections in 0.66s; 1004.55 connections/user sec, bytes read 0
663 connections in 11 real seconds, 0 bytes read per connection
Execution 20
s_time: verify depth is 1
953 connections in 0.96s; 992.71 connections/user sec, bytes read 0
953 connections in 14 real seconds, 0 bytes read per connection
Execution 21
s_time: verify depth is 1
983 connections in 1.00s; 983.00 connections/user sec, bytes read 0
983 connections in 11 real seconds, 0 bytes read per connection
Execution 22
s_time: verify depth is 1
1472 connections in 1.53s; 962.09 connections/user sec, bytes read 0
1472 connections in 11 real seconds, 0 bytes read per connection
Execution 23
s_time: verify depth is 1
795 connections in 0.83s; 957.83 connections/user sec, bytes read 0
795 connections in 14 real seconds, 0 bytes read per connection
Execution 24
s_time: verify depth is 1
1521 connections in 1.48s; 1027.70 connections/user sec, bytes read 0
1521 connections in 11 real seconds, 0 bytes read per connection
Execution 25
s_time: verify depth is 1
1155 connections in 1.16s; 995.69 connections/user sec, bytes read 0
1155 connections in 11 real seconds, 0 bytes read per connection
Execution 26
s_time: verify depth is 1
1058 connections in 1.06s; 998.11 connections/user sec, bytes read 0
1058 connections in 14 real seconds, 0 bytes read per connection
Execution 27
s_time: verify depth is 1
1008 connections in 0.98s; 1028.57 connections/user sec, bytes read 0
1008 connections in 11 real seconds, 0 bytes read per connection
Execution 28
s_time: verify depth is 1
1301 connections in 1.31s; 993.13 connections/user sec, bytes read 0
1301 connections in 11 real seconds, 0 bytes read per connection
Execution 29
s_time: verify depth is 1
1304 connections in 1.28s; 1018.75 connections/user sec, bytes read 0
1304 connections in 14 real seconds, 0 bytes read per connection
Execution 30
s_time: verify depth is 1
876 connections in 0.85s; 1030.59 connections/user sec, bytes read 0
876 connections in 11 real seconds, 0 bytes read per connection
Execution 31
s_time: verify depth is 1
1289 connections in 1.32s; 976.52 connections/user sec, bytes read 0
1289 connections in 11 real seconds, 0 bytes read per connection
Execution 32
s_time: verify depth is 1
784 connections in 0.75s; 1045.33 connections/user sec, bytes read 0
784 connections in 14 real seconds, 0 bytes read per connection
Execution 33
s_time: verify depth is 1
659 connections in 0.66s; 998.48 connections/user sec, bytes read 0
659 connections in 11 real seconds, 0 bytes read per connection
Execution 34
s_time: verify depth is 1
903 connections in 0.96s; 940.62 connections/user sec, bytes read 0
903 connections in 11 real seconds, 0 bytes read per connection
Execution 35
s_time: verify depth is 1
544 connections in 0.55s; 989.09 connections/user sec, bytes read 0
544 connections in 13 real seconds, 0 bytes read per connection
Execution 36
s_time: verify depth is 1
948 connections in 0.96s; 987.50 connections/user sec, bytes read 0
948 connections in 11 real seconds, 0 bytes read per connection
Execution 37
s_time: verify depth is 1
2163 connections in 2.27s; 952.86 connections/user sec, bytes read 0
2163 connections in 11 real seconds, 0 bytes read per connection
Execution 38
s_time: verify depth is 1
816 connections in 0.81s; 1007.41 connections/user sec, bytes read 0
816 connections in 14 real seconds, 0 bytes read per connection
Execution 39
s_time: verify depth is 1
852 connections in 0.86s; 990.70 connections/user sec, bytes read 0
852 connections in 11 real seconds, 0 bytes read per connection
Execution 40
s_time: verify depth is 1
954 connections in 0.97s; 983.51 connections/user sec, bytes read 0
954 connections in 11 real seconds, 0 bytes read per connection
Execution 41
s_time: verify depth is 1
1415 connections in 1.46s; 969.18 connections/user sec, bytes read 0
1415 connections in 15 real seconds, 0 bytes read per connection
Execution 42
s_time: verify depth is 1
659 connections in 0.70s; 941.43 connections/user sec, bytes read 0
659 connections in 11 real seconds, 0 bytes read per connection
Execution 43
s_time: verify depth is 1
1377 connections in 1.37s; 1005.11 connections/user sec, bytes read 0
1377 connections in 11 real seconds, 0 bytes read per connection
Execution 44
s_time: verify depth is 1
524 connections in 0.51s; 1027.45 connections/user sec, bytes read 0
524 connections in 13 real seconds, 0 bytes read per connection
Execution 45
s_time: verify depth is 1
1574 connections in 1.60s; 983.75 connections/user sec, bytes read 0
1574 connections in 11 real seconds, 0 bytes read per connection
Execution 46
s_time: verify depth is 1
1274 connections in 1.24s; 1027.42 connections/user sec, bytes read 0
1274 connections in 11 real seconds, 0 bytes read per connection
Execution 47
s_time: verify depth is 1
1014 connections in 1.02s; 994.12 connections/user sec, bytes read 0
1014 connections in 13 real seconds, 0 bytes read per connection
Execution 48
s_time: verify depth is 1
1243 connections in 1.32s; 941.67 connections/user sec, bytes read 0
1243 connections in 11 real seconds, 0 bytes read per connection
Execution 49
s_time: verify depth is 1
1305 connections in 1.32s; 988.64 connections/user sec, bytes read 0
1305 connections in 11 real seconds, 0 bytes read per connection
Execution 50
s_time: verify depth is 1
1243 connections in 1.24s; 1002.42 connections/user sec, bytes read 0
1243 connections in 11 real seconds, 0 bytes read per connection
tc
Mostrando el estado de qdisc para la interfaz: lo
qdisc netem 812a: root refcnt 2 limit 1000 loss 0.3%
 Sent 0 bytes 0 pkt (dropped 0, overlimits 0 requeues 0) 
 backlog 0b 0p requeues 0
-----
-----
Certificate request self-signature ok
subject=CN=localhost
Running /opt/oqssa/bin/perftestServer.sh with SIG_ALG=sphincssha2256fsimple and KEM_ALG=P-521

Using default temp DH parameters
ACCEPT
Execution 1
s_time: verify depth is 1
172 connections in 2.28s; 75.44 connections/user sec, bytes read 0
172 connections in 11 real seconds, 0 bytes read per connection
Execution 2
s_time: verify depth is 1
113 connections in 1.53s; 73.86 connections/user sec, bytes read 0
113 connections in 11 real seconds, 0 bytes read per connection
Execution 3
s_time: verify depth is 1
160 connections in 2.26s; 70.80 connections/user sec, bytes read 0
160 connections in 11 real seconds, 0 bytes read per connection
Execution 4
s_time: verify depth is 1
164 connections in 2.37s; 69.20 connections/user sec, bytes read 0
164 connections in 11 real seconds, 0 bytes read per connection
Execution 5
s_time: verify depth is 1
146 connections in 1.97s; 74.11 connections/user sec, bytes read 0
146 connections in 13 real seconds, 0 bytes read per connection
Execution 6
s_time: verify depth is 1
152 connections in 2.04s; 74.51 connections/user sec, bytes read 0
152 connections in 11 real seconds, 0 bytes read per connection
Execution 7
s_time: verify depth is 1
148 connections in 2.18s; 67.89 connections/user sec, bytes read 0
148 connections in 11 real seconds, 0 bytes read per connection
Execution 8
s_time: verify depth is 1
157 connections in 2.18s; 72.02 connections/user sec, bytes read 0
157 connections in 14 real seconds, 0 bytes read per connection
Execution 9
s_time: verify depth is 1
180 connections in 2.59s; 69.50 connections/user sec, bytes read 0
180 connections in 11 real seconds, 0 bytes read per connection
Execution 10
s_time: verify depth is 1
144 connections in 2.20s; 65.45 connections/user sec, bytes read 0
144 connections in 11 real seconds, 0 bytes read per connection
Execution 11
s_time: verify depth is 1
155 connections in 2.38s; 65.13 connections/user sec, bytes read 0
155 connections in 14 real seconds, 0 bytes read per connection
Execution 12
s_time: verify depth is 1
178 connections in 2.49s; 71.49 connections/user sec, bytes read 0
178 connections in 11 real seconds, 0 bytes read per connection
Execution 13
s_time: verify depth is 1
151 connections in 2.13s; 70.89 connections/user sec, bytes read 0
151 connections in 11 real seconds, 0 bytes read per connection
Execution 14
s_time: verify depth is 1
160 connections in 2.19s; 73.06 connections/user sec, bytes read 0
160 connections in 13 real seconds, 0 bytes read per connection
Execution 15
s_time: verify depth is 1
170 connections in 2.37s; 71.73 connections/user sec, bytes read 0
170 connections in 11 real seconds, 0 bytes read per connection
Execution 16
s_time: verify depth is 1
131 connections in 1.80s; 72.78 connections/user sec, bytes read 0
131 connections in 11 real seconds, 0 bytes read per connection
Execution 17
s_time: verify depth is 1
188 connections in 2.59s; 72.59 connections/user sec, bytes read 0
188 connections in 11 real seconds, 0 bytes read per connection
Execution 18
s_time: verify depth is 1
126 connections in 1.80s; 70.00 connections/user sec, bytes read 0
126 connections in 11 real seconds, 0 bytes read per connection
Execution 19
s_time: verify depth is 1
192 connections in 2.62s; 73.28 connections/user sec, bytes read 0
192 connections in 11 real seconds, 0 bytes read per connection
Execution 20
s_time: verify depth is 1
150 connections in 2.11s; 71.09 connections/user sec, bytes read 0
150 connections in 11 real seconds, 0 bytes read per connection
Execution 21
s_time: verify depth is 1
111 connections in 1.48s; 75.00 connections/user sec, bytes read 0
111 connections in 11 real seconds, 0 bytes read per connection
Execution 22
s_time: verify depth is 1
151 connections in 2.12s; 71.23 connections/user sec, bytes read 0
151 connections in 11 real seconds, 0 bytes read per connection
Execution 23
s_time: verify depth is 1
175 connections in 2.37s; 73.84 connections/user sec, bytes read 0
175 connections in 11 real seconds, 0 bytes read per connection
Execution 24
s_time: verify depth is 1
125 connections in 1.72s; 72.67 connections/user sec, bytes read 0
125 connections in 11 real seconds, 0 bytes read per connection
Execution 25
s_time: verify depth is 1
155 connections in 2.15s; 72.09 connections/user sec, bytes read 0
155 connections in 11 real seconds, 0 bytes read per connection
Execution 26
s_time: verify depth is 1
153 connections in 2.12s; 72.17 connections/user sec, bytes read 0
153 connections in 11 real seconds, 0 bytes read per connection
Execution 27
s_time: verify depth is 1
149 connections in 2.17s; 68.66 connections/user sec, bytes read 0
149 connections in 12 real seconds, 0 bytes read per connection
Execution 28
s_time: verify depth is 1
158 connections in 2.14s; 73.83 connections/user sec, bytes read 0
158 connections in 11 real seconds, 0 bytes read per connection
Execution 29
s_time: verify depth is 1
184 connections in 2.53s; 72.73 connections/user sec, bytes read 0
184 connections in 11 real seconds, 0 bytes read per connection
Execution 30
s_time: verify depth is 1
169 connections in 2.34s; 72.22 connections/user sec, bytes read 0
169 connections in 14 real seconds, 0 bytes read per connection
Execution 31
s_time: verify depth is 1
161 connections in 2.30s; 70.00 connections/user sec, bytes read 0
161 connections in 11 real seconds, 0 bytes read per connection
Execution 32
s_time: verify depth is 1
151 connections in 2.09s; 72.25 connections/user sec, bytes read 0
151 connections in 11 real seconds, 0 bytes read per connection
Execution 33
s_time: verify depth is 1
169 connections in 2.30s; 73.48 connections/user sec, bytes read 0
169 connections in 13 real seconds, 0 bytes read per connection
Execution 34
s_time: verify depth is 1
161 connections in 2.19s; 73.52 connections/user sec, bytes read 0
161 connections in 11 real seconds, 0 bytes read per connection
Execution 35
s_time: verify depth is 1
190 connections in 2.53s; 75.10 connections/user sec, bytes read 0
190 connections in 11 real seconds, 0 bytes read per connection
Execution 36
s_time: verify depth is 1
176 connections in 2.41s; 73.03 connections/user sec, bytes read 0
176 connections in 11 real seconds, 0 bytes read per connection
Execution 37
s_time: verify depth is 1
105 connections in 1.39s; 75.54 connections/user sec, bytes read 0
105 connections in 11 real seconds, 0 bytes read per connection
Execution 38
s_time: verify depth is 1
168 connections in 2.35s; 71.49 connections/user sec, bytes read 0
168 connections in 11 real seconds, 0 bytes read per connection
Execution 39
s_time: verify depth is 1
174 connections in 2.41s; 72.20 connections/user sec, bytes read 0
174 connections in 11 real seconds, 0 bytes read per connection
Execution 40
s_time: verify depth is 1
133 connections in 1.88s; 70.74 connections/user sec, bytes read 0
133 connections in 11 real seconds, 0 bytes read per connection
Execution 41
s_time: verify depth is 1
195 connections in 2.53s; 77.08 connections/user sec, bytes read 0
195 connections in 11 real seconds, 0 bytes read per connection
Execution 42
s_time: verify depth is 1
172 connections in 2.42s; 71.07 connections/user sec, bytes read 0
172 connections in 11 real seconds, 0 bytes read per connection
Execution 43
s_time: verify depth is 1
134 connections in 1.76s; 76.14 connections/user sec, bytes read 0
134 connections in 11 real seconds, 0 bytes read per connection
Execution 44
s_time: verify depth is 1
193 connections in 2.66s; 72.56 connections/user sec, bytes read 0
193 connections in 11 real seconds, 0 bytes read per connection
Execution 45
s_time: verify depth is 1
161 connections in 2.39s; 67.36 connections/user sec, bytes read 0
161 connections in 11 real seconds, 0 bytes read per connection
Execution 46
s_time: verify depth is 1
139 connections in 1.88s; 73.94 connections/user sec, bytes read 0
139 connections in 12 real seconds, 0 bytes read per connection
Execution 47
s_time: verify depth is 1
141 connections in 1.96s; 71.94 connections/user sec, bytes read 0
141 connections in 11 real seconds, 0 bytes read per connection
Execution 48
s_time: verify depth is 1
175 connections in 2.53s; 69.17 connections/user sec, bytes read 0
175 connections in 11 real seconds, 0 bytes read per connection
Execution 49
s_time: verify depth is 1
155 connections in 2.20s; 70.45 connections/user sec, bytes read 0
155 connections in 14 real seconds, 0 bytes read per connection
Execution 50
s_time: verify depth is 1
158 connections in 2.15s; 73.49 connections/user sec, bytes read 0
158 connections in 11 real seconds, 0 bytes read per connection
tc
Mostrando el estado de qdisc para la interfaz: lo
qdisc netem 812b: root refcnt 2 limit 1000 loss 0.3%
 Sent 0 bytes 0 pkt (dropped 0, overlimits 0 requeues 0) 
 backlog 0b 0p requeues 0
-----
-----
Certificate request self-signature ok
subject=CN=localhost
Running /opt/oqssa/bin/perftestServer.sh with SIG_ALG=sphincssha2256fsimple and KEM_ALG=mlkem1024

Using default temp DH parameters
ACCEPT
Execution 1
s_time: verify depth is 1
163 connections in 0.85s; 191.76 connections/user sec, bytes read 0
163 connections in 11 real seconds, 0 bytes read per connection
Execution 2
s_time: verify depth is 1
217 connections in 1.12s; 193.75 connections/user sec, bytes read 0
217 connections in 11 real seconds, 0 bytes read per connection
Execution 3
s_time: verify depth is 1
199 connections in 1.03s; 193.20 connections/user sec, bytes read 0
199 connections in 11 real seconds, 0 bytes read per connection
Execution 4
s_time: verify depth is 1
209 connections in 0.95s; 220.00 connections/user sec, bytes read 0
209 connections in 12 real seconds, 0 bytes read per connection
Execution 5
s_time: verify depth is 1
226 connections in 1.05s; 215.24 connections/user sec, bytes read 0
226 connections in 12 real seconds, 0 bytes read per connection
Execution 6
s_time: verify depth is 1
256 connections in 1.17s; 218.80 connections/user sec, bytes read 0
256 connections in 11 real seconds, 0 bytes read per connection
Execution 7
s_time: verify depth is 1
183 connections in 0.87s; 210.34 connections/user sec, bytes read 0
183 connections in 13 real seconds, 0 bytes read per connection
Execution 8
s_time: verify depth is 1
227 connections in 1.10s; 206.36 connections/user sec, bytes read 0
227 connections in 11 real seconds, 0 bytes read per connection
Execution 9
s_time: verify depth is 1
231 connections in 1.05s; 220.00 connections/user sec, bytes read 0
231 connections in 11 real seconds, 0 bytes read per connection
Execution 10
s_time: verify depth is 1
211 connections in 1.01s; 208.91 connections/user sec, bytes read 0
211 connections in 13 real seconds, 0 bytes read per connection
Execution 11
s_time: verify depth is 1
239 connections in 1.16s; 206.03 connections/user sec, bytes read 0
239 connections in 11 real seconds, 0 bytes read per connection
Execution 12
s_time: verify depth is 1
254 connections in 1.15s; 220.87 connections/user sec, bytes read 0
254 connections in 11 real seconds, 0 bytes read per connection
Execution 13
s_time: verify depth is 1
238 connections in 1.12s; 212.50 connections/user sec, bytes read 0
238 connections in 11 real seconds, 0 bytes read per connection
Execution 14
s_time: verify depth is 1
157 connections in 0.80s; 196.25 connections/user sec, bytes read 0
157 connections in 11 real seconds, 0 bytes read per connection
Execution 15
s_time: verify depth is 1
248 connections in 1.16s; 213.79 connections/user sec, bytes read 0
248 connections in 11 real seconds, 0 bytes read per connection
Execution 16
s_time: verify depth is 1
211 connections in 0.97s; 217.53 connections/user sec, bytes read 0
211 connections in 11 real seconds, 0 bytes read per connection
Execution 17
s_time: verify depth is 1
143 connections in 0.74s; 193.24 connections/user sec, bytes read 0
143 connections in 11 real seconds, 0 bytes read per connection
Execution 18
s_time: verify depth is 1
255 connections in 1.20s; 212.50 connections/user sec, bytes read 0
255 connections in 11 real seconds, 0 bytes read per connection
Execution 19
s_time: verify depth is 1
230 connections in 1.10s; 209.09 connections/user sec, bytes read 0
230 connections in 11 real seconds, 0 bytes read per connection
Execution 20
s_time: verify depth is 1
169 connections in 0.78s; 216.67 connections/user sec, bytes read 0
169 connections in 11 real seconds, 0 bytes read per connection
Execution 21
s_time: verify depth is 1
220 connections in 1.06s; 207.55 connections/user sec, bytes read 0
220 connections in 11 real seconds, 0 bytes read per connection
Execution 22
s_time: verify depth is 1
213 connections in 0.95s; 224.21 connections/user sec, bytes read 0
213 connections in 11 real seconds, 0 bytes read per connection
Execution 23
s_time: verify depth is 1
126 connections in 0.61s; 206.56 connections/user sec, bytes read 0
126 connections in 12 real seconds, 0 bytes read per connection
Execution 24
s_time: verify depth is 1
158 connections in 0.76s; 207.89 connections/user sec, bytes read 0
158 connections in 11 real seconds, 0 bytes read per connection
Execution 25
s_time: verify depth is 1
231 connections in 1.08s; 213.89 connections/user sec, bytes read 0
231 connections in 11 real seconds, 0 bytes read per connection
Execution 26
s_time: verify depth is 1
216 connections in 1.06s; 203.77 connections/user sec, bytes read 0
216 connections in 14 real seconds, 0 bytes read per connection
Execution 27
s_time: verify depth is 1
186 connections in 0.91s; 204.40 connections/user sec, bytes read 0
186 connections in 11 real seconds, 0 bytes read per connection
Execution 28
s_time: verify depth is 1
240 connections in 1.11s; 216.22 connections/user sec, bytes read 0
240 connections in 11 real seconds, 0 bytes read per connection
Execution 29
s_time: verify depth is 1
207 connections in 0.96s; 215.62 connections/user sec, bytes read 0
207 connections in 13 real seconds, 0 bytes read per connection
Execution 30
s_time: verify depth is 1
210 connections in 0.96s; 218.75 connections/user sec, bytes read 0
210 connections in 11 real seconds, 0 bytes read per connection
Execution 31
s_time: verify depth is 1
261 connections in 1.27s; 205.51 connections/user sec, bytes read 0
261 connections in 11 real seconds, 0 bytes read per connection
Execution 32
s_time: verify depth is 1
213 connections in 1.00s; 213.00 connections/user sec, bytes read 0
213 connections in 11 real seconds, 0 bytes read per connection
Execution 33
s_time: verify depth is 1
125 connections in 0.62s; 201.61 connections/user sec, bytes read 0
125 connections in 11 real seconds, 0 bytes read per connection
Execution 34
s_time: verify depth is 1
230 connections in 1.06s; 216.98 connections/user sec, bytes read 0
230 connections in 11 real seconds, 0 bytes read per connection
Execution 35
s_time: verify depth is 1
261 connections in 1.23s; 212.20 connections/user sec, bytes read 0
261 connections in 11 real seconds, 0 bytes read per connection
Execution 36
s_time: verify depth is 1
173 connections in 0.81s; 213.58 connections/user sec, bytes read 0
173 connections in 11 real seconds, 0 bytes read per connection
Execution 37
s_time: verify depth is 1
184 connections in 0.87s; 211.49 connections/user sec, bytes read 0
184 connections in 11 real seconds, 0 bytes read per connection
Execution 38
s_time: verify depth is 1
256 connections in 1.20s; 213.33 connections/user sec, bytes read 0
256 connections in 11 real seconds, 0 bytes read per connection
Execution 39
s_time: verify depth is 1
149 connections in 0.73s; 204.11 connections/user sec, bytes read 0
149 connections in 11 real seconds, 0 bytes read per connection
Execution 40
s_time: verify depth is 1
251 connections in 1.21s; 207.44 connections/user sec, bytes read 0
251 connections in 11 real seconds, 0 bytes read per connection
Execution 41
s_time: verify depth is 1
252 connections in 1.21s; 208.26 connections/user sec, bytes read 0
252 connections in 11 real seconds, 0 bytes read per connection
Execution 42
s_time: verify depth is 1
178 connections in 0.85s; 209.41 connections/user sec, bytes read 0
178 connections in 12 real seconds, 0 bytes read per connection
Execution 43
s_time: verify depth is 1
187 connections in 0.92s; 203.26 connections/user sec, bytes read 0
187 connections in 11 real seconds, 0 bytes read per connection
Execution 44
s_time: verify depth is 1
194 connections in 0.88s; 220.45 connections/user sec, bytes read 0
194 connections in 11 real seconds, 0 bytes read per connection
Execution 45
s_time: verify depth is 1
188 connections in 0.89s; 211.24 connections/user sec, bytes read 0
188 connections in 14 real seconds, 0 bytes read per connection
Execution 46
s_time: verify depth is 1
261 connections in 1.21s; 215.70 connections/user sec, bytes read 0
261 connections in 11 real seconds, 0 bytes read per connection
Execution 47
s_time: verify depth is 1
213 connections in 1.01s; 210.89 connections/user sec, bytes read 0
213 connections in 11 real seconds, 0 bytes read per connection
Execution 48
s_time: verify depth is 1
216 connections in 1.12s; 192.86 connections/user sec, bytes read 0
216 connections in 13 real seconds, 0 bytes read per connection
Execution 49
s_time: verify depth is 1
212 connections in 0.99s; 214.14 connections/user sec, bytes read 0
212 connections in 11 real seconds, 0 bytes read per connection
Execution 50
s_time: verify depth is 1
185 connections in 0.88s; 210.23 connections/user sec, bytes read 0
185 connections in 11 real seconds, 0 bytes read per connection
tc
Mostrando el estado de qdisc para la interfaz: lo
qdisc netem 812c: root refcnt 2 limit 1000 loss 0.3%
 Sent 0 bytes 0 pkt (dropped 0, overlimits 0 requeues 0) 
 backlog 0b 0p requeues 0
-----
-----
Certificate request self-signature ok
subject=CN=localhost
Running /opt/oqssa/bin/perftestServer.sh with SIG_ALG=sphincssha2256ssimple and KEM_ALG=P-521

Using default temp DH parameters
ACCEPT
Execution 1
s_time: verify depth is 1
29 connections in 0.32s; 90.62 connections/user sec, bytes read 0
29 connections in 11 real seconds, 0 bytes read per connection
Execution 2
s_time: verify depth is 1
26 connections in 0.34s; 76.47 connections/user sec, bytes read 0
26 connections in 11 real seconds, 0 bytes read per connection
Execution 3
s_time: verify depth is 1
18 connections in 0.23s; 78.26 connections/user sec, bytes read 0
18 connections in 11 real seconds, 0 bytes read per connection
Execution 4
s_time: verify depth is 1
26 connections in 0.33s; 78.79 connections/user sec, bytes read 0
26 connections in 11 real seconds, 0 bytes read per connection
Execution 5
s_time: verify depth is 1
27 connections in 0.32s; 84.38 connections/user sec, bytes read 0
27 connections in 11 real seconds, 0 bytes read per connection
Execution 6
s_time: verify depth is 1
16 connections in 0.21s; 76.19 connections/user sec, bytes read 0
16 connections in 11 real seconds, 0 bytes read per connection
Execution 7
s_time: verify depth is 1
26 connections in 0.33s; 78.79 connections/user sec, bytes read 0
26 connections in 11 real seconds, 0 bytes read per connection
Execution 8
s_time: verify depth is 1
26 connections in 0.35s; 74.29 connections/user sec, bytes read 0
26 connections in 11 real seconds, 0 bytes read per connection
Execution 9
s_time: verify depth is 1
20 connections in 0.25s; 80.00 connections/user sec, bytes read 0
20 connections in 12 real seconds, 0 bytes read per connection
Execution 10
s_time: verify depth is 1
24 connections in 0.30s; 80.00 connections/user sec, bytes read 0
24 connections in 11 real seconds, 0 bytes read per connection
Execution 11
s_time: verify depth is 1
27 connections in 0.32s; 84.38 connections/user sec, bytes read 0
27 connections in 11 real seconds, 0 bytes read per connection
Execution 12
s_time: verify depth is 1
26 connections in 0.34s; 76.47 connections/user sec, bytes read 0
26 connections in 14 real seconds, 0 bytes read per connection
Execution 13
s_time: verify depth is 1
25 connections in 0.33s; 75.76 connections/user sec, bytes read 0
25 connections in 11 real seconds, 0 bytes read per connection
Execution 14
s_time: verify depth is 1
26 connections in 0.34s; 76.47 connections/user sec, bytes read 0
26 connections in 11 real seconds, 0 bytes read per connection
Execution 15
s_time: verify depth is 1
21 connections in 0.25s; 84.00 connections/user sec, bytes read 0
21 connections in 13 real seconds, 0 bytes read per connection
Execution 16
s_time: verify depth is 1
22 connections in 0.28s; 78.57 connections/user sec, bytes read 0
22 connections in 11 real seconds, 0 bytes read per connection
Execution 17
s_time: verify depth is 1
27 connections in 0.34s; 79.41 connections/user sec, bytes read 0
27 connections in 11 real seconds, 0 bytes read per connection
Execution 18
s_time: verify depth is 1
27 connections in 0.33s; 81.82 connections/user sec, bytes read 0
27 connections in 11 real seconds, 0 bytes read per connection
Execution 19
s_time: verify depth is 1
24 connections in 0.31s; 77.42 connections/user sec, bytes read 0
24 connections in 11 real seconds, 0 bytes read per connection
Execution 20
s_time: verify depth is 1
26 connections in 0.32s; 81.25 connections/user sec, bytes read 0
26 connections in 11 real seconds, 0 bytes read per connection
Execution 21
s_time: verify depth is 1
25 connections in 0.33s; 75.76 connections/user sec, bytes read 0
25 connections in 14 real seconds, 0 bytes read per connection
Execution 22
s_time: verify depth is 1
25 connections in 0.32s; 78.12 connections/user sec, bytes read 0
25 connections in 11 real seconds, 0 bytes read per connection
Execution 23
s_time: verify depth is 1
26 connections in 0.33s; 78.79 connections/user sec, bytes read 0
26 connections in 11 real seconds, 0 bytes read per connection
Execution 24
s_time: verify depth is 1
25 connections in 0.33s; 75.76 connections/user sec, bytes read 0
25 connections in 14 real seconds, 0 bytes read per connection
Execution 25
s_time: verify depth is 1
25 connections in 0.32s; 78.12 connections/user sec, bytes read 0
25 connections in 11 real seconds, 0 bytes read per connection
Execution 26
s_time: verify depth is 1
27 connections in 0.33s; 81.82 connections/user sec, bytes read 0
27 connections in 11 real seconds, 0 bytes read per connection
Execution 27
s_time: verify depth is 1
25 connections in 0.29s; 86.21 connections/user sec, bytes read 0
25 connections in 14 real seconds, 0 bytes read per connection
Execution 28
s_time: verify depth is 1
26 connections in 0.33s; 78.79 connections/user sec, bytes read 0
26 connections in 11 real seconds, 0 bytes read per connection
Execution 29
s_time: verify depth is 1
26 connections in 0.31s; 83.87 connections/user sec, bytes read 0
26 connections in 11 real seconds, 0 bytes read per connection
Execution 30
s_time: verify depth is 1
24 connections in 0.33s; 72.73 connections/user sec, bytes read 0
24 connections in 14 real seconds, 0 bytes read per connection
Execution 31
s_time: verify depth is 1
24 connections in 0.29s; 82.76 connections/user sec, bytes read 0
24 connections in 11 real seconds, 0 bytes read per connection
Execution 32
s_time: verify depth is 1
26 connections in 0.36s; 72.22 connections/user sec, bytes read 0
26 connections in 11 real seconds, 0 bytes read per connection
Execution 33
s_time: verify depth is 1
25 connections in 0.29s; 86.21 connections/user sec, bytes read 0
25 connections in 13 real seconds, 0 bytes read per connection
Execution 34
s_time: verify depth is 1
22 connections in 0.29s; 75.86 connections/user sec, bytes read 0
22 connections in 11 real seconds, 0 bytes read per connection
Execution 35
s_time: verify depth is 1
24 connections in 0.29s; 82.76 connections/user sec, bytes read 0
24 connections in 11 real seconds, 0 bytes read per connection
Execution 36
s_time: verify depth is 1
24 connections in 0.33s; 72.73 connections/user sec, bytes read 0
24 connections in 14 real seconds, 0 bytes read per connection
Execution 37
s_time: verify depth is 1
25 connections in 0.31s; 80.65 connections/user sec, bytes read 0
25 connections in 11 real seconds, 0 bytes read per connection
Execution 38
s_time: verify depth is 1
27 connections in 0.34s; 79.41 connections/user sec, bytes read 0
27 connections in 11 real seconds, 0 bytes read per connection
Execution 39
s_time: verify depth is 1
27 connections in 0.35s; 77.14 connections/user sec, bytes read 0
27 connections in 14 real seconds, 0 bytes read per connection
Execution 40
s_time: verify depth is 1
25 connections in 0.30s; 83.33 connections/user sec, bytes read 0
25 connections in 11 real seconds, 0 bytes read per connection
Execution 41
s_time: verify depth is 1
27 connections in 0.31s; 87.10 connections/user sec, bytes read 0
27 connections in 11 real seconds, 0 bytes read per connection
Execution 42
s_time: verify depth is 1
27 connections in 0.32s; 84.38 connections/user sec, bytes read 0
27 connections in 14 real seconds, 0 bytes read per connection
Execution 43
s_time: verify depth is 1
26 connections in 0.34s; 76.47 connections/user sec, bytes read 0
26 connections in 11 real seconds, 0 bytes read per connection
Execution 44
s_time: verify depth is 1
26 connections in 0.33s; 78.79 connections/user sec, bytes read 0
26 connections in 11 real seconds, 0 bytes read per connection
Execution 45
s_time: verify depth is 1
26 connections in 0.33s; 78.79 connections/user sec, bytes read 0
26 connections in 14 real seconds, 0 bytes read per connection
Execution 46
s_time: verify depth is 1
26 connections in 0.35s; 74.29 connections/user sec, bytes read 0
26 connections in 11 real seconds, 0 bytes read per connection
Execution 47
s_time: verify depth is 1
26 connections in 0.31s; 83.87 connections/user sec, bytes read 0
26 connections in 11 real seconds, 0 bytes read per connection
Execution 48
s_time: verify depth is 1
24 connections in 0.31s; 77.42 connections/user sec, bytes read 0
24 connections in 14 real seconds, 0 bytes read per connection
Execution 49
s_time: verify depth is 1
25 connections in 0.32s; 78.12 connections/user sec, bytes read 0
25 connections in 11 real seconds, 0 bytes read per connection
Execution 50
s_time: verify depth is 1
25 connections in 0.33s; 75.76 connections/user sec, bytes read 0
25 connections in 11 real seconds, 0 bytes read per connection
tc
Mostrando el estado de qdisc para la interfaz: lo
qdisc netem 812d: root refcnt 2 limit 1000 loss 0.3%
 Sent 0 bytes 0 pkt (dropped 0, overlimits 0 requeues 0) 
 backlog 0b 0p requeues 0
-----
-----
Certificate request self-signature ok
subject=CN=localhost
Running /opt/oqssa/bin/perftestServer.sh with SIG_ALG=sphincssha2256ssimple and KEM_ALG=mlkem1024

Using default temp DH parameters
ACCEPT
Execution 1
s_time: verify depth is 1
17 connections in 0.06s; 283.33 connections/user sec, bytes read 0
17 connections in 11 real seconds, 0 bytes read per connection
Execution 2
s_time: verify depth is 1
20 connections in 0.08s; 250.00 connections/user sec, bytes read 0
20 connections in 11 real seconds, 0 bytes read per connection
Execution 3
s_time: verify depth is 1
27 connections in 0.11s; 245.45 connections/user sec, bytes read 0
27 connections in 11 real seconds, 0 bytes read per connection
Execution 4
s_time: verify depth is 1
26 connections in 0.09s; 288.89 connections/user sec, bytes read 0
26 connections in 13 real seconds, 0 bytes read per connection
Execution 5
s_time: verify depth is 1
25 connections in 0.09s; 277.78 connections/user sec, bytes read 0
25 connections in 11 real seconds, 0 bytes read per connection
Execution 6
s_time: verify depth is 1
24 connections in 0.10s; 240.00 connections/user sec, bytes read 0
24 connections in 11 real seconds, 0 bytes read per connection
Execution 7
s_time: verify depth is 1
25 connections in 0.10s; 250.00 connections/user sec, bytes read 0
25 connections in 14 real seconds, 0 bytes read per connection
Execution 8
s_time: verify depth is 1
22 connections in 0.09s; 244.44 connections/user sec, bytes read 0
22 connections in 11 real seconds, 0 bytes read per connection
Execution 9
s_time: verify depth is 1
27 connections in 0.10s; 270.00 connections/user sec, bytes read 0
27 connections in 11 real seconds, 0 bytes read per connection
Execution 10
s_time: verify depth is 1
27 connections in 0.10s; 270.00 connections/user sec, bytes read 0
27 connections in 14 real seconds, 0 bytes read per connection
Execution 11
s_time: verify depth is 1
25 connections in 0.10s; 250.00 connections/user sec, bytes read 0
25 connections in 11 real seconds, 0 bytes read per connection
Execution 12
s_time: verify depth is 1
27 connections in 0.11s; 245.45 connections/user sec, bytes read 0
27 connections in 11 real seconds, 0 bytes read per connection
Execution 13
s_time: verify depth is 1
26 connections in 0.10s; 260.00 connections/user sec, bytes read 0
26 connections in 14 real seconds, 0 bytes read per connection
Execution 14
s_time: verify depth is 1
25 connections in 0.10s; 250.00 connections/user sec, bytes read 0
25 connections in 11 real seconds, 0 bytes read per connection
Execution 15
s_time: verify depth is 1
27 connections in 0.11s; 245.45 connections/user sec, bytes read 0
27 connections in 11 real seconds, 0 bytes read per connection
Execution 16
s_time: verify depth is 1
26 connections in 0.10s; 260.00 connections/user sec, bytes read 0
26 connections in 14 real seconds, 0 bytes read per connection
Execution 17
s_time: verify depth is 1
20 connections in 0.08s; 250.00 connections/user sec, bytes read 0
20 connections in 11 real seconds, 0 bytes read per connection
Execution 18
s_time: verify depth is 1
26 connections in 0.11s; 236.36 connections/user sec, bytes read 0
26 connections in 11 real seconds, 0 bytes read per connection
Execution 19
s_time: verify depth is 1
24 connections in 0.09s; 266.67 connections/user sec, bytes read 0
24 connections in 14 real seconds, 0 bytes read per connection
Execution 20
s_time: verify depth is 1
27 connections in 0.10s; 270.00 connections/user sec, bytes read 0
27 connections in 11 real seconds, 0 bytes read per connection
Execution 21
s_time: verify depth is 1
28 connections in 0.12s; 233.33 connections/user sec, bytes read 0
28 connections in 11 real seconds, 0 bytes read per connection
Execution 22
s_time: verify depth is 1
24 connections in 0.09s; 266.67 connections/user sec, bytes read 0
24 connections in 13 real seconds, 0 bytes read per connection
Execution 23
s_time: verify depth is 1
26 connections in 0.10s; 260.00 connections/user sec, bytes read 0
26 connections in 11 real seconds, 0 bytes read per connection
Execution 24
s_time: verify depth is 1
27 connections in 0.11s; 245.45 connections/user sec, bytes read 0
27 connections in 11 real seconds, 0 bytes read per connection
Execution 25
s_time: verify depth is 1
26 connections in 0.10s; 260.00 connections/user sec, bytes read 0
26 connections in 14 real seconds, 0 bytes read per connection
Execution 26
s_time: verify depth is 1
26 connections in 0.09s; 288.89 connections/user sec, bytes read 0
26 connections in 11 real seconds, 0 bytes read per connection
Execution 27
s_time: verify depth is 1
28 connections in 0.10s; 280.00 connections/user sec, bytes read 0
28 connections in 11 real seconds, 0 bytes read per connection
Execution 28
s_time: verify depth is 1
24 connections in 0.09s; 266.67 connections/user sec, bytes read 0
24 connections in 14 real seconds, 0 bytes read per connection
Execution 29
s_time: verify depth is 1
26 connections in 0.09s; 288.89 connections/user sec, bytes read 0
26 connections in 11 real seconds, 0 bytes read per connection
Execution 30
s_time: verify depth is 1
24 connections in 0.10s; 240.00 connections/user sec, bytes read 0
24 connections in 11 real seconds, 0 bytes read per connection
Execution 31
s_time: verify depth is 1
27 connections in 0.11s; 245.45 connections/user sec, bytes read 0
27 connections in 14 real seconds, 0 bytes read per connection
Execution 32
s_time: verify depth is 1
28 connections in 0.11s; 254.55 connections/user sec, bytes read 0
28 connections in 11 real seconds, 0 bytes read per connection
Execution 33
s_time: verify depth is 1
25 connections in 0.09s; 277.78 connections/user sec, bytes read 0
25 connections in 11 real seconds, 0 bytes read per connection
Execution 34
s_time: verify depth is 1
27 connections in 0.10s; 270.00 connections/user sec, bytes read 0
27 connections in 15 real seconds, 0 bytes read per connection
Execution 35
s_time: verify depth is 1
27 connections in 0.11s; 245.45 connections/user sec, bytes read 0
27 connections in 11 real seconds, 0 bytes read per connection
Execution 36
s_time: verify depth is 1
25 connections in 0.10s; 250.00 connections/user sec, bytes read 0
25 connections in 11 real seconds, 0 bytes read per connection
Execution 37
s_time: verify depth is 1
22 connections in 0.09s; 244.44 connections/user sec, bytes read 0
22 connections in 13 real seconds, 0 bytes read per connection
Execution 38
s_time: verify depth is 1
27 connections in 0.11s; 245.45 connections/user sec, bytes read 0
27 connections in 11 real seconds, 0 bytes read per connection
Execution 39
s_time: verify depth is 1
26 connections in 0.11s; 236.36 connections/user sec, bytes read 0
26 connections in 11 real seconds, 0 bytes read per connection
Execution 40
s_time: verify depth is 1
26 connections in 0.10s; 260.00 connections/user sec, bytes read 0
26 connections in 13 real seconds, 0 bytes read per connection
Execution 41
s_time: verify depth is 1
25 connections in 0.10s; 250.00 connections/user sec, bytes read 0
25 connections in 11 real seconds, 0 bytes read per connection
Execution 42
s_time: verify depth is 1
25 connections in 0.11s; 227.27 connections/user sec, bytes read 0
25 connections in 11 real seconds, 0 bytes read per connection
Execution 43
s_time: verify depth is 1
26 connections in 0.10s; 260.00 connections/user sec, bytes read 0
26 connections in 14 real seconds, 0 bytes read per connection
Execution 44
s_time: verify depth is 1
23 connections in 0.09s; 255.56 connections/user sec, bytes read 0
23 connections in 11 real seconds, 0 bytes read per connection
Execution 45
s_time: verify depth is 1
26 connections in 0.10s; 260.00 connections/user sec, bytes read 0
26 connections in 11 real seconds, 0 bytes read per connection
Execution 46
s_time: verify depth is 1
25 connections in 0.10s; 250.00 connections/user sec, bytes read 0
25 connections in 14 real seconds, 0 bytes read per connection
Execution 47
s_time: verify depth is 1
26 connections in 0.10s; 260.00 connections/user sec, bytes read 0
26 connections in 11 real seconds, 0 bytes read per connection
Execution 48
s_time: verify depth is 1
25 connections in 0.10s; 250.00 connections/user sec, bytes read 0
25 connections in 11 real seconds, 0 bytes read per connection
Execution 49
s_time: verify depth is 1
26 connections in 0.11s; 236.36 connections/user sec, bytes read 0
26 connections in 14 real seconds, 0 bytes read per connection
Execution 50
s_time: verify depth is 1
24 connections in 0.09s; 266.67 connections/user sec, bytes read 0
24 connections in 11 real seconds, 0 bytes read per connection
